{"target": 0.0432728891723355, "params": {"lambda_i": 0.7824993346497192, "lambda_j": 2.3107214891523284, "learning_rate": 0.12487042800525483, "sgd_mode": 2.100320262041963}, "datetime": {"datetime": "2018-12-11 16:04:36", "elapsed": 0.0, "delta": 0.0}}
{"target": 0.03633080228017129, "params": {"lambda_i": 2.469308173767595, "lambda_j": 1.860280047071853, "learning_rate": 0.012012322108256868, "sgd_mode": 2.9644051570485184}, "datetime": {"datetime": "2018-12-11 16:32:37", "elapsed": 1681.476819, "delta": 1681.476819}}
{"target": 0.040269376165280917, "params": {"lambda_i": 0.8070438287190821, "lambda_j": 1.9471733900723733, "learning_rate": 0.6242098199174366, "sgd_mode": 2.7120821468379868}, "datetime": {"datetime": "2018-12-11 19:03:18", "elapsed": 10722.326816, "delta": 9040.849997}}
{"target": 0.04756096982867208, "params": {"lambda_i": 6.89585306400816e-09, "lambda_j": 1.5096559637804203e-08, "learning_rate": 1.8693717070411142, "sgd_mode": 0.0}, "datetime": {"datetime": "2018-12-11 19:19:58", "elapsed": 11722.262557, "delta": 999.935741}}
{"target": 0.04806699448853607, "params": {"lambda_i": 0.0, "lambda_j": 3.0, "learning_rate": 2.0, "sgd_mode": 0.0}, "datetime": {"datetime": "2018-12-11 19:33:33", "elapsed": 12537.382982, "delta": 815.120425}}
{"target": 0.03202120757747537, "params": {"lambda_i": 0.023779059337578623, "lambda_j": 2.8957292847083975, "learning_rate": 0.05268416205338666, "sgd_mode": 0.05970185798995331}, "datetime": {"datetime": "2018-12-11 19:43:46", "elapsed": 13149.804829, "delta": 612.421847}}
{"target": 0.04758044394053906, "params": {"lambda_i": 3.0, "lambda_j": 3.0, "learning_rate": 2.0, "sgd_mode": 1.6975655010051096e-09}, "datetime": {"datetime": "2018-12-11 19:57:29", "elapsed": 13972.516062, "delta": 822.711233}}
{"target": 0.0472364003212395, "params": {"lambda_i": 2.81344636091404, "lambda_j": 0.0, "learning_rate": 1.9999999995305195, "sgd_mode": 4.233179415231878e-09}, "datetime": {"datetime": "2018-12-11 20:09:54", "elapsed": 14718.381556, "delta": 745.865494}}
{"target": 0.04415725636180392, "params": {"lambda_i": 3.0, "lambda_j": 2.999999999993639, "learning_rate": 2.0, "sgd_mode": 3.0}, "datetime": {"datetime": "2018-12-11 20:20:13", "elapsed": 15336.854599, "delta": 618.473043}}
{"target": 0.04387288753464335, "params": {"lambda_i": 0.03678254449891838, "lambda_j": 2.9792651735154254, "learning_rate": 1.9819846844338278, "sgd_mode": 2.6268322144340273}, "datetime": {"datetime": "2018-12-11 20:32:28", "elapsed": 16072.191629, "delta": 735.33703}}
