{"target": 0.08684692763527686, "params": {"alphas0": 14.887634950354913, "alphas1": 3.046210992163265, "alphas10": 16.75086345589894, "alphas11": 47.877785514993, "alphas12": 6.866126635890025, "alphas13": 53.07827409081726, "alphas2": 56.46339342785433, "alphas3": 59.10974353121127, "alphas4": 39.327853058471774, "alphas5": 40.851020278206285, "alphas6": 17.688415984655858, "alphas7": 56.44718019217851, "alphas8": 0.8451889007711988, "alphas9": 25.820477672119246}, "datetime": {"datetime": "2018-12-18 14:55:25", "elapsed": 941.817608, "delta": 33.938635}}
{"target": 0.0882361056933273, "params": {"alphas0": 4.601821274372362, "alphas1": 49.52876027647004, "alphas10": 3.0465541739739077, "alphas11": 55.796642476990314, "alphas12": 0.9164341454006353, "alphas13": 53.54088291399162, "alphas2": 44.727811831245354, "alphas3": 50.06512961812882, "alphas4": 8.148509212500535, "alphas5": 21.760090577973763, "alphas6": 49.70540713753799, "alphas7": 46.23509532121015, "alphas8": 7.375907414967666, "alphas9": 58.8878746729098}, "datetime": {"datetime": "2018-12-18 14:56:01", "elapsed": 977.098505, "delta": 35.280897}}
{"target": 0.08828747332549247, "params": {"alphas0": 2.5064320751376723, "alphas1": 53.34972332892687, "alphas10": 6.897763594581219, "alphas11": 28.313930563123296, "alphas12": 0.6015914137204437, "alphas13": 58.075549476649684, "alphas2": 57.58103995650184, "alphas3": 19.383702481136666, "alphas4": 22.243539931121642, "alphas5": 53.520884661585924, "alphas6": 0.6039703219191406, "alphas7": 57.26997441324213, "alphas8": 11.78506372223385, "alphas9": 52.75633191669096}, "datetime": {"datetime": "2018-12-18 14:56:50", "elapsed": 1026.181564, "delta": 49.083059}}
{"target": 0.08617096452029102, "params": {"alphas0": 4.682351340008917, "alphas1": 11.882456297669266, "alphas10": 4.5065645915322765, "alphas11": 1.1642344798969373, "alphas12": 7.343488237813163, "alphas13": 53.797058558487215, "alphas2": 38.54608644466183, "alphas3": 58.49489098542327, "alphas4": 39.13132115099056, "alphas5": 17.765215797546514, "alphas6": 57.25225997508922, "alphas7": 57.362349291330744, "alphas8": 6.7122509113489714, "alphas9": 57.397760861150076}, "datetime": {"datetime": "2018-12-18 14:57:25", "elapsed": 1060.980084, "delta": 34.79852}}
{"target": 0.08833324984087441, "params": {"alphas0": 2.982482773950401, "alphas1": 35.54472507920163, "alphas10": 5.412555953641107, "alphas11": 53.68440397213308, "alphas12": 2.4696244555027747, "alphas13": 56.95812411433012, "alphas2": 41.58134079908872, "alphas3": 33.59889063869524, "alphas4": 7.849241447513771, "alphas5": 55.990227489685765, "alphas6": 34.91248589081547, "alphas7": 59.335420195846204, "alphas8": 3.67758521365946, "alphas9": 41.54148029850098}, "datetime": {"datetime": "2018-12-18 14:58:14", "elapsed": 1110.03358, "delta": 49.053496}}
{"target": 0.08748436175630073, "params": {"alphas0": 13.312489384345287, "alphas1": 12.30682523929978, "alphas10": 1.0574004602762965, "alphas11": 18.172242801973837, "alphas12": 8.669342683330036, "alphas13": 55.46920453740437, "alphas2": 13.097232747042689, "alphas3": 57.94370142045481, "alphas4": 0.3620469991629949, "alphas5": 58.77988658639896, "alphas6": 13.334780602444168, "alphas7": 57.29809290839184, "alphas8": 0.10960684834067314, "alphas9": 30.082895024348126}, "datetime": {"datetime": "2018-12-18 14:58:48", "elapsed": 1144.099209, "delta": 34.065629}}
{"target": 0.08805176358002957, "params": {"alphas0": 7.15554459950539, "alphas1": 52.803556695908156, "alphas10": 6.905059207305298, "alphas11": 56.40196477418787, "alphas12": 9.949746980608206, "alphas13": 54.994363261147114, "alphas2": 55.521348053888836, "alphas3": 50.6676607726613, "alphas4": 9.178189838788391, "alphas5": 37.1254410345112, "alphas6": 26.26838244284761, "alphas7": 43.69629158097434, "alphas8": 1.392184224020725, "alphas9": 43.76815320720055}, "datetime": {"datetime": "2018-12-18 14:59:22", "elapsed": 1178.45173, "delta": 34.352521}}
{"target": 0.08602961035784822, "params": {"alphas0": 13.927811137459345, "alphas1": 3.828270424885949, "alphas10": 5.552573213376486, "alphas11": 53.62501531434197, "alphas12": 5.356336620126596, "alphas13": 59.521710728544875, "alphas2": 51.00750881130237, "alphas3": 20.072644096399785, "alphas4": 16.05495559737827, "alphas5": 56.24843670444454, "alphas6": 12.40503333527538, "alphas7": 56.10944820245452, "alphas8": 15.15379997604014, "alphas9": 59.44598472017471}, "datetime": {"datetime": "2018-12-18 14:59:56", "elapsed": 1212.273496, "delta": 33.821766}}
{"target": 0.08807731221368058, "params": {"alphas0": 11.46669292536032, "alphas1": 40.735844319785436, "alphas10": 1.7259961950643365, "alphas11": 13.126777582221571, "alphas12": 0.06498115095865176, "alphas13": 59.71423211204882, "alphas2": 56.55086715178002, "alphas3": 57.452802317518035, "alphas4": 17.333978624094165, "alphas5": 18.555117063575523, "alphas6": 58.072279932571504, "alphas7": 56.65112488854105, "alphas8": 0.1985652976395902, "alphas9": 54.71020576716914}, "datetime": {"datetime": "2018-12-18 15:00:29", "elapsed": 1245.777316, "delta": 33.50382}}
{"target": 0.0880846314062007, "params": {"alphas0": 3.996743599919419, "alphas1": 51.88380657678213, "alphas10": 9.647313116536742, "alphas11": 58.669301725371795, "alphas12": 10.970865050799084, "alphas13": 31.465039399538284, "alphas2": 55.61759866771467, "alphas3": 55.55755058516567, "alphas4": 0.09802005723438922, "alphas5": 53.54705046583214, "alphas6": 27.353055994553287, "alphas7": 54.91571661323728, "alphas8": 7.0408296259404235, "alphas9": 41.38129962617198}, "datetime": {"datetime": "2018-12-18 15:01:04", "elapsed": 1280.473701, "delta": 34.696385}}
{"target": 0.08835885308628019, "params": {"alphas0": 21.351320867336113, "alphas1": 44.73081477053777, "alphas10": 2.299564032413841, "alphas11": 55.743199532385674, "alphas12": 13.014776686304963, "alphas13": 47.74372618136566, "alphas2": 59.86503067529749, "alphas3": 48.335527107336574, "alphas4": 4.539526031550771, "alphas5": 1.9051380657893513, "alphas6": 0.47347101780049083, "alphas7": 59.82256333547345, "alphas8": 7.513319418931963, "alphas9": 22.958243478341313}, "datetime": {"datetime": "2018-12-18 15:01:53", "elapsed": 1328.975454, "delta": 48.501753}}
{"target": 0.08806527377893204, "params": {"alphas0": 7.46925546288022, "alphas1": 46.651550520581736, "alphas10": 3.790872178723399, "alphas11": 46.19370052855305, "alphas12": 7.396036391726497, "alphas13": 54.54175714366303, "alphas2": 25.79758239456669, "alphas3": 56.117723158618304, "alphas4": 23.47523817360996, "alphas5": 6.759688545801083, "alphas6": 57.44483252025857, "alphas7": 59.6754955942767, "alphas8": 3.8613248017997837, "alphas9": 4.254492648253729}, "datetime": {"datetime": "2018-12-18 15:02:29", "elapsed": 1364.954721, "delta": 35.979267}}
{"target": 0.0878946018290616, "params": {"alphas0": 1.0287787755392497, "alphas1": 59.96773567281186, "alphas10": 2.792119519496119, "alphas11": 58.35839953551565, "alphas12": 10.174591770526174, "alphas13": 55.84557183355684, "alphas2": 5.6446409716630574, "alphas3": 53.87667476225525, "alphas4": 0.12208311905072211, "alphas5": 3.5769743004274956, "alphas6": 23.400075422133167, "alphas7": 45.92977214969155, "alphas8": 16.32519682761697, "alphas9": 49.53323180245865}, "datetime": {"datetime": "2018-12-18 15:03:04", "elapsed": 1400.750455, "delta": 35.795734}}
{"target": 0.08742901880357211, "params": {"alphas0": 3.4686822643539172, "alphas1": 58.54873491586328, "alphas10": 3.001930377810522, "alphas11": 56.23999349676193, "alphas12": 3.6303354046726555, "alphas13": 59.959647687718395, "alphas2": 44.11186485366761, "alphas3": 22.139879929019553, "alphas4": 10.262497638712027, "alphas5": 52.22862619484069, "alphas6": 54.488203913872795, "alphas7": 28.047223826469654, "alphas8": 1.464790901430546, "alphas9": 13.089075315395045}, "datetime": {"datetime": "2018-12-18 15:03:39", "elapsed": 1434.836099, "delta": 34.085644}}
{"target": 0.08675694740119208, "params": {"alphas0": 12.402650038503731, "alphas1": 11.180537895561965, "alphas10": 24.707429897899615, "alphas11": 53.51979959778911, "alphas12": 6.320180153023283, "alphas13": 59.99120632385425, "alphas2": 57.01583629977328, "alphas3": 51.78227782750411, "alphas4": 1.6499532856383992, "alphas5": 0.11749936560296215, "alphas6": 4.789462212270703, "alphas7": 23.296934798231014, "alphas8": 5.358134557812242, "alphas9": 7.308121386860864}, "datetime": {"datetime": "2018-12-18 15:04:14", "elapsed": 1470.483338, "delta": 35.647239}}
{"target": 0.08856634305742038, "params": {"alphas0": 0.3738890672941375, "alphas1": 58.29229927852569, "alphas10": 3.4323459164881354, "alphas11": 45.93088390250672, "alphas12": 7.624204402316059, "alphas13": 59.09728449366149, "alphas2": 22.438805734252853, "alphas3": 25.06955774857851, "alphas4": 1.268308647984171, "alphas5": 2.4616680452352258, "alphas6": 44.831631107361105, "alphas7": 52.1234895304436, "alphas8": 5.037585220581473, "alphas9": 25.85863674712901}, "datetime": {"datetime": "2018-12-18 15:05:04", "elapsed": 1520.819738, "delta": 50.3364}}
{"target": 0.08840553792359306, "params": {"alphas0": 4.745567868591413, "alphas1": 48.89938618087346, "alphas10": 7.300061460542484, "alphas11": 42.475824198088716, "alphas12": 0.6156854902559372, "alphas13": 54.17440620035486, "alphas2": 50.74553177027314, "alphas3": 41.47128760791786, "alphas4": 18.963397229559735, "alphas5": 11.267058718785186, "alphas6": 54.68956090746184, "alphas7": 52.28280431539121, "alphas8": 7.290911257487678, "alphas9": 49.11866153231034}, "datetime": {"datetime": "2018-12-18 15:05:38", "elapsed": 1554.735624, "delta": 33.915886}}
{"target": 0.08716410372188767, "params": {"alphas0": 3.8450411782468685, "alphas1": 54.316626351581604, "alphas10": 11.067885436695457, "alphas11": 53.973367242439096, "alphas12": 0.9162884310776209, "alphas13": 58.41383232984646, "alphas2": 45.125600497322246, "alphas3": 56.25693797631888, "alphas4": 6.760176049321909, "alphas5": 7.017794011074743, "alphas6": 37.89619835268529, "alphas7": 2.08837220920143, "alphas8": 0.32432837444070994, "alphas9": 37.84944105744466}, "datetime": {"datetime": "2018-12-18 15:06:13", "elapsed": 1589.153507, "delta": 34.417883}}
{"target": 0.08830770986331948, "params": {"alphas0": 12.396765266102587, "alphas1": 46.16290780720666, "alphas10": 2.89791293904335, "alphas11": 57.0534765643836, "alphas12": 3.6801589136573143, "alphas13": 54.744327832435594, "alphas2": 12.348654849732439, "alphas3": 41.93124144988215, "alphas4": 2.5169092030794604, "alphas5": 28.441170777716206, "alphas6": 53.522762632820275, "alphas7": 56.417538968669206, "alphas8": 2.2472175255262306, "alphas9": 31.626210400713067}, "datetime": {"datetime": "2018-12-18 15:06:47", "elapsed": 1623.738298, "delta": 34.584791}}
{"target": 0.08778248516118761, "params": {"alphas0": 6.354300432549705, "alphas1": 57.53977777585318, "alphas10": 5.023554572950482, "alphas11": 45.886070801558056, "alphas12": 4.597306592161092, "alphas13": 52.979124298020025, "alphas2": 59.30811229681229, "alphas3": 53.423145179359196, "alphas4": 27.179296525178337, "alphas5": 50.51349166275092, "alphas6": 14.125884065494741, "alphas7": 59.415530479246584, "alphas8": 1.4000966050340313, "alphas9": 26.37974820707776}, "datetime": {"datetime": "2018-12-18 15:07:22", "elapsed": 1658.674678, "delta": 34.93638}}
{"target": 0.08780838456493614, "params": {"alphas0": 21.59461227993757, "alphas1": 52.44456582403436, "alphas10": 6.087763026807114, "alphas11": 58.77366707627763, "alphas12": 3.7013636741838396, "alphas13": 59.932513032989306, "alphas2": 44.26070687622686, "alphas3": 35.20150377224864, "alphas4": 8.834647869009853, "alphas5": 46.82361868015939, "alphas6": 33.24015529239661, "alphas7": 52.088887128140506, "alphas8": 0.9416361312621824, "alphas9": 48.715721632058305}, "datetime": {"datetime": "2018-12-18 15:07:57", "elapsed": 1693.19789, "delta": 34.523212}}
{"target": 0.08710177372973123, "params": {"alphas0": 1.828894515889119, "alphas1": 58.67738042575605, "alphas10": 4.34227788282286, "alphas11": 40.05118256781206, "alphas12": 1.7448814324871331, "alphas13": 44.73019158989489, "alphas2": 42.54172040940698, "alphas3": 7.94139048807458, "alphas4": 7.949285827980268, "alphas5": 2.835408318616719, "alphas6": 50.22439105955377, "alphas7": 55.69893242431824, "alphas8": 0.6632595082073833, "alphas9": 26.257023871288993}, "datetime": {"datetime": "2018-12-18 15:08:32", "elapsed": 1728.70508, "delta": 35.50719}}
{"target": 0.08700424103804578, "params": {"alphas0": 5.578414344608529, "alphas1": 56.429813365190086, "alphas10": 1.6008990843141957, "alphas11": 57.00393546162549, "alphas12": 5.575900375587473, "alphas13": 46.851290886315056, "alphas2": 44.667245238259746, "alphas3": 57.27586396080276, "alphas4": 2.220844999593765, "alphas5": 31.219616724959153, "alphas6": 44.162707033316885, "alphas7": 58.137258365259434, "alphas8": 22.746602862385274, "alphas9": 28.363493210347517}, "datetime": {"datetime": "2018-12-18 15:09:06", "elapsed": 1762.459829, "delta": 33.754749}}
{"target": 0.08786492972856162, "params": {"alphas0": 6.623728455426003, "alphas1": 57.15099688382975, "alphas10": 9.369861060018854, "alphas11": 55.93298223790521, "alphas12": 24.86320531655312, "alphas13": 40.62528276775142, "alphas2": 40.51827375755583, "alphas3": 58.45190943026101, "alphas4": 1.0373026631864857, "alphas5": 56.80596459483437, "alphas6": 9.89094632541917, "alphas7": 57.09482995246268, "alphas8": 1.7591244577087117, "alphas9": 53.60959647873946}, "datetime": {"datetime": "2018-12-18 15:09:42", "elapsed": 1798.690757, "delta": 36.230928}}
{"target": 0.0864472736461134, "params": {"alphas0": 7.497710207463346, "alphas1": 41.98262437757126, "alphas10": 4.32863371330339, "alphas11": 59.40194478427135, "alphas12": 3.5798411815632836, "alphas13": 55.20836925104861, "alphas2": 55.2288881101747, "alphas3": 59.446818729084654, "alphas4": 10.182389384208708, "alphas5": 46.27212281997861, "alphas6": 24.205448639045578, "alphas7": 48.47308536248842, "alphas8": 23.63923714563039, "alphas9": 1.0509269003730126}, "datetime": {"datetime": "2018-12-18 15:10:18", "elapsed": 1834.708329, "delta": 36.017572}}
{"target": 0.08813625689512393, "params": {"alphas0": 12.808567385883258, "alphas1": 28.610804146226894, "alphas10": 1.6487948568894994, "alphas11": 58.70322878651415, "alphas12": 6.535018178924831, "alphas13": 55.372561489617546, "alphas2": 18.051901724164306, "alphas3": 50.97234587106823, "alphas4": 5.441994504586296, "alphas5": 40.759152541169, "alphas6": 23.221075928768805, "alphas7": 58.21931424513069, "alphas8": 4.0385379478450645, "alphas9": 52.17809496059315}, "datetime": {"datetime": "2018-12-18 15:10:54", "elapsed": 1870.086246, "delta": 35.377917}}
{"target": 0.08847233072153103, "params": {"alphas0": 2.4583576074207647, "alphas1": 57.270374694093775, "alphas10": 1.707662885528094, "alphas11": 27.27101440653199, "alphas12": 0.26507442495586897, "alphas13": 59.94231878837668, "alphas2": 31.878649630846564, "alphas3": 54.31196307179933, "alphas4": 5.5899665028461065, "alphas5": 28.72651851030867, "alphas6": 15.690417416508042, "alphas7": 48.01768607482883, "alphas8": 8.582847249895483, "alphas9": 13.952450832257368}, "datetime": {"datetime": "2018-12-18 15:11:30", "elapsed": 1906.121179, "delta": 36.034933}}
{"target": 0.08801400317432774, "params": {"alphas0": 0.821654277460393, "alphas1": 56.61564790121735, "alphas10": 10.065583562968692, "alphas11": 11.347222107899535, "alphas12": 5.618762023896338, "alphas13": 57.45822605518904, "alphas2": 42.43745790005173, "alphas3": 51.14377298288937, "alphas4": 18.085571040476673, "alphas5": 12.283431412610849, "alphas6": 25.858385358609173, "alphas7": 58.02259271796714, "alphas8": 2.279058944735828, "alphas9": 50.027806117841145}, "datetime": {"datetime": "2018-12-18 15:12:05", "elapsed": 1941.235843, "delta": 35.114664}}
{"target": 0.08445075089561357, "params": {"alphas0": 3.909412664381542, "alphas1": 13.46447466592059, "alphas10": 7.084226320059333, "alphas11": 48.381362009504926, "alphas12": 0.2729928986116992, "alphas13": 58.41354781368548, "alphas2": 59.344572104420855, "alphas3": 55.65268621991067, "alphas4": 2.536404409614277, "alphas5": 28.41432357522557, "alphas6": 57.069155527390265, "alphas7": 54.639334120204225, "alphas8": 28.404356758531005, "alphas9": 47.77718832035894}, "datetime": {"datetime": "2018-12-18 15:12:41", "elapsed": 1977.48782, "delta": 36.251977}}
{"target": 0.08791688490142097, "params": {"alphas0": 1.363326704613772, "alphas1": 59.375727488847275, "alphas10": 12.509356845218417, "alphas11": 56.06118297426368, "alphas12": 20.46891009766528, "alphas13": 59.87932476271674, "alphas2": 11.660503591034082, "alphas3": 26.247790003616785, "alphas4": 19.076646006183516, "alphas5": 7.217132210144063, "alphas6": 4.336171753446041, "alphas7": 53.78564540248385, "alphas8": 7.5525292348686435, "alphas9": 20.07355002997898}, "datetime": {"datetime": "2018-12-18 15:13:17", "elapsed": 2013.325307, "delta": 35.837487}}
{"target": 0.08736691817141944, "params": {"alphas0": 21.011537941648296, "alphas1": 53.869961056112736, "alphas10": 9.017448228955205, "alphas11": 50.86895120662496, "alphas12": 16.616545123616355, "alphas13": 53.89652492987315, "alphas2": 38.53128102187099, "alphas3": 17.238519405243142, "alphas4": 4.959014261277826, "alphas5": 8.939090050169842, "alphas6": 2.000631220003013, "alphas7": 58.20809641240043, "alphas8": 2.6732939465454164, "alphas9": 58.10604344039034}, "datetime": {"datetime": "2018-12-18 15:13:53", "elapsed": 2049.076087, "delta": 35.75078}}
{"target": 0.08758972179671805, "params": {"alphas0": 0.6660528994206971, "alphas1": 49.25168735238111, "alphas10": 8.500832414430961, "alphas11": 57.5704417773098, "alphas12": 19.782224539408645, "alphas13": 56.70423930537079, "alphas2": 9.53948285847629, "alphas3": 0.7906532656949716, "alphas4": 18.533522245880572, "alphas5": 49.10090209064304, "alphas6": 57.73456675052698, "alphas7": 51.24435789031213, "alphas8": 1.7036843160338977, "alphas9": 0.7680249174987397}, "datetime": {"datetime": "2018-12-18 15:14:29", "elapsed": 2085.802383, "delta": 36.726296}}
{"target": 0.08772432425440983, "params": {"alphas0": 6.558381361176815, "alphas1": 49.73219174613575, "alphas10": 9.629904020649152, "alphas11": 36.877016136197945, "alphas12": 3.167874968442983, "alphas13": 53.32730437825072, "alphas2": 30.503357059307426, "alphas3": 58.941402696589606, "alphas4": 16.241165866115146, "alphas5": 20.808771207573024, "alphas6": 3.6470404932648326, "alphas7": 55.45056154919491, "alphas8": 0.0281963480555647, "alphas9": 58.16410495924666}, "datetime": {"datetime": "2018-12-18 15:15:05", "elapsed": 2121.169684, "delta": 35.367301}}
{"target": 0.08802900713504251, "params": {"alphas0": 3.8710846145057287, "alphas1": 45.40822217323291, "alphas10": 10.271642726103753, "alphas11": 36.92004113824319, "alphas12": 1.936024993334562, "alphas13": 56.21651867795087, "alphas2": 21.630671269830284, "alphas3": 44.0355862265978, "alphas4": 12.297676381369524, "alphas5": 50.37280970417893, "alphas6": 1.9059814872625203, "alphas7": 55.81297940548611, "alphas8": 6.437329805276826, "alphas9": 0.13601350599258266}, "datetime": {"datetime": "2018-12-18 15:15:40", "elapsed": 2156.611743, "delta": 35.442059}}
{"target": 0.08615346916165643, "params": {"alphas0": 4.798306701511499, "alphas1": 57.76587853250038, "alphas10": 0.9040957209988076, "alphas11": 59.702258679499124, "alphas12": 44.129447893644254, "alphas13": 52.61234921289407, "alphas2": 37.311992683589075, "alphas3": 6.057271864264672, "alphas4": 7.209126723754682, "alphas5": 0.20648753764787697, "alphas6": 5.507916521653997, "alphas7": 50.417449497019234, "alphas8": 1.0543907425246735, "alphas9": 24.116808614705896}, "datetime": {"datetime": "2018-12-18 15:16:15", "elapsed": 2191.698863, "delta": 35.08712}}
{"target": 0.08788601038400054, "params": {"alphas0": 4.306367656725363, "alphas1": 53.486739271756846, "alphas10": 0.9546513334708862, "alphas11": 28.780892457304294, "alphas12": 35.33437598999625, "alphas13": 57.82675546584073, "alphas2": 14.36259093164624, "alphas3": 48.73020208047023, "alphas4": 3.806458805531927, "alphas5": 58.57642204390059, "alphas6": 37.06429369874144, "alphas7": 45.5665954914182, "alphas8": 2.5503714231764607, "alphas9": 6.687865427030422}, "datetime": {"datetime": "2018-12-18 15:16:52", "elapsed": 2228.379624, "delta": 36.680761}}
{"target": 0.08650734693510669, "params": {"alphas0": 3.3951243881577065, "alphas1": 49.27571453025769, "alphas10": 2.4429290062141407, "alphas11": 58.66703190855651, "alphas12": 7.403360993519867, "alphas13": 50.701516147077214, "alphas2": 2.977502866047088, "alphas3": 57.408948060540965, "alphas4": 0.659250355299339, "alphas5": 58.86471501619028, "alphas6": 43.82007492710038, "alphas7": 42.86821383779557, "alphas8": 19.549681737712568, "alphas9": 14.334387578051153}, "datetime": {"datetime": "2018-12-18 15:17:27", "elapsed": 2263.308568, "delta": 34.928944}}
{"target": 0.08470823218905738, "params": {"alphas0": 10.627767510986555, "alphas1": 59.88856032375962, "alphas10": 0.4721424698153598, "alphas11": 58.662008491603096, "alphas12": 6.558545336378612, "alphas13": 49.12992773259339, "alphas2": 14.064163170484294, "alphas3": 10.68334560417291, "alphas4": 40.6650384713525, "alphas5": 15.668933131589938, "alphas6": 9.536416894548644, "alphas7": 56.960868303670054, "alphas8": 1.3239042748736218, "alphas9": 6.88570868166424}, "datetime": {"datetime": "2018-12-18 15:18:04", "elapsed": 2300.03187, "delta": 36.723302}}
