{"target": 0.08834997771940498, "params": {"alphas0": 1.140716844466514, "alphas1": 57.10352896601078, "alphas10": 1.2616668778188411, "alphas11": 1.3788864380037213, "alphas12": 53.74397197416144, "alphas13": 53.972123052952895, "alphas2": 36.42451790616941, "alphas3": 45.239417938073515, "alphas4": 29.065827666017704, "alphas5": 52.80677804403726, "alphas6": 34.50487552810725, "alphas7": 9.130706651277134, "alphas8": 7.857698252108333, "alphas9": 53.37569256493325}, "datetime": {"datetime": "2018-12-18 19:58:27", "elapsed": 19123.748569, "delta": 135.831135}}
{"target": 0.08850546940889356, "params": {"alphas0": 0.24874552119134696, "alphas1": 58.830765074564, "alphas10": 3.276884723320863, "alphas11": 55.610319292443606, "alphas12": 49.413540674493156, "alphas13": 55.58760319229929, "alphas2": 36.644752752799924, "alphas3": 55.30095727128549, "alphas4": 5.411944458894709, "alphas5": 47.893515812185264, "alphas6": 42.62592310481924, "alphas7": 38.785467697939396, "alphas8": 2.57617420527678, "alphas9": 37.39057262711877}, "datetime": {"datetime": "2018-12-18 20:00:45", "elapsed": 19261.322211, "delta": 137.573642}}
{"target": 0.08827530980344878, "params": {"alphas0": 13.707724029952509, "alphas1": 58.053687928252465, "alphas10": 1.0456079964080645, "alphas11": 55.83533058140772, "alphas12": 7.221141677971959, "alphas13": 59.88604895107932, "alphas2": 24.370283203162668, "alphas3": 30.821809965302556, "alphas4": 26.105537594852716, "alphas5": 48.02872643963285, "alphas6": 48.22453661205854, "alphas7": 0.9632167884844378, "alphas8": 3.53603363281904, "alphas9": 49.71017099491796}, "datetime": {"datetime": "2018-12-18 20:03:10", "elapsed": 19406.197695, "delta": 144.875484}}
{"target": 0.08746079487537271, "params": {"alphas0": 4.378764493435774, "alphas1": 54.12058900684619, "alphas10": 2.122531122761171, "alphas11": 57.558809685283876, "alphas12": 59.66838834899252, "alphas13": 56.85747210591872, "alphas2": 12.744653345792528, "alphas3": 48.63685208827675, "alphas4": 58.45717300926195, "alphas5": 45.04535647422729, "alphas6": 53.44539095457941, "alphas7": 33.55176649798458, "alphas8": 13.955012672716691, "alphas9": 56.34280868084407}, "datetime": {"datetime": "2018-12-18 20:05:36", "elapsed": 19552.719622, "delta": 146.521927}}
{"target": 0.08773507412332734, "params": {"alphas0": 1.6158379233913145, "alphas1": 52.74023812707276, "alphas10": 0.21406675385071017, "alphas11": 46.20250401548877, "alphas12": 13.750989139248187, "alphas13": 58.78637234435005, "alphas2": 8.73461040945937, "alphas3": 35.92922761731693, "alphas4": 4.574020112161339, "alphas5": 26.14411506170431, "alphas6": 44.28801179440745, "alphas7": 5.390918133292559, "alphas8": 0.2838231641439104, "alphas9": 36.746229774077925}, "datetime": {"datetime": "2018-12-18 20:07:59", "elapsed": 19695.653899, "delta": 142.934277}}
{"target": 0.08790821646923777, "params": {"alphas0": 4.308115894502153, "alphas1": 55.42073356275542, "alphas10": 2.2529758147829626, "alphas11": 28.58953323629012, "alphas12": 51.97179812444314, "alphas13": 53.377304379617975, "alphas2": 17.952316762754947, "alphas3": 41.40721340533365, "alphas4": 52.581474080024364, "alphas5": 30.72670253561453, "alphas6": 56.547339414392845, "alphas7": 3.521887084494466, "alphas8": 0.031086588832014428, "alphas9": 54.83015616046869}, "datetime": {"datetime": "2018-12-18 20:10:23", "elapsed": 19839.681807, "delta": 144.027908}}
{"target": 0.08615301299196451, "params": {"alphas0": 3.58338551733534, "alphas1": 50.28798914735328, "alphas10": 1.2547348323112484, "alphas11": 37.938143100536195, "alphas12": 43.99907289069011, "alphas13": 56.10208597498861, "alphas2": 54.74849978686298, "alphas3": 43.47604359910959, "alphas4": 0.7292110459906098, "alphas5": 44.28897858183246, "alphas6": 57.627189821330674, "alphas7": 23.246248994475515, "alphas8": 28.609203275091907, "alphas9": 59.3026939540999}, "datetime": {"datetime": "2018-12-18 20:12:46", "elapsed": 19982.490318, "delta": 142.808511}}
{"target": 0.08728980593384389, "params": {"alphas0": 1.3035535269130882, "alphas1": 59.40105699864477, "alphas10": 1.3934489259384297, "alphas11": 59.16280450972127, "alphas12": 19.721895366439984, "alphas13": 54.54592447183919, "alphas2": 52.8153791617058, "alphas3": 57.63073705559356, "alphas4": 57.591313586616835, "alphas5": 23.38614589353606, "alphas6": 42.15731582523322, "alphas7": 50.94095076645904, "alphas8": 19.04128502706693, "alphas9": 53.629635259413824}, "datetime": {"datetime": "2018-12-18 20:15:05", "elapsed": 20121.342299, "delta": 138.851981}}
{"target": 0.08794843451002782, "params": {"alphas0": 13.726695805634696, "alphas1": 58.30306618480246, "alphas10": 7.63607422858926, "alphas11": 43.17472987381529, "alphas12": 58.394230356022945, "alphas13": 55.78161089215429, "alphas2": 14.828634366054166, "alphas3": 46.771287446037924, "alphas4": 2.915488698460631, "alphas5": 15.090831293305403, "alphas6": 53.71235254932233, "alphas7": 25.656282372036227, "alphas8": 2.638304706433714, "alphas9": 55.007098945340445}, "datetime": {"datetime": "2018-12-18 20:17:24", "elapsed": 20260.778002, "delta": 139.435703}}
{"target": 0.08835149073814313, "params": {"alphas0": 1.751459874332002, "alphas1": 59.96410979740892, "alphas10": 0.9986331791956449, "alphas11": 48.5091009353919, "alphas12": 48.17341845407048, "alphas13": 54.8631895760238, "alphas2": 26.516643635774635, "alphas3": 59.182841081106126, "alphas4": 8.415480905304884, "alphas5": 10.405208671344543, "alphas6": 53.40251878187358, "alphas7": 27.12886702720187, "alphas8": 10.503602465419828, "alphas9": 33.09681478165156}, "datetime": {"datetime": "2018-12-18 20:19:44", "elapsed": 20399.892278, "delta": 139.114276}}
{"target": 0.08710666972113178, "params": {"alphas0": 7.1351306805784915, "alphas1": 58.24292121020902, "alphas10": 3.1002227532470594, "alphas11": 13.089482749322354, "alphas12": 58.94005405195398, "alphas13": 51.74054041461262, "alphas2": 58.266050113038595, "alphas3": 7.884314639918058, "alphas4": 2.318223379592408, "alphas5": 5.384340254288038, "alphas6": 23.22649005555327, "alphas7": 2.674695561374596, "alphas8": 2.296954589629956, "alphas9": 57.15518657215835}, "datetime": {"datetime": "2018-12-18 20:22:09", "elapsed": 20545.538037, "delta": 145.645759}}
{"target": 0.08735030985189567, "params": {"alphas0": 5.234275232519652, "alphas1": 52.8126889248486, "alphas10": 0.6011591633399216, "alphas11": 56.06961854370928, "alphas12": 39.358184842027434, "alphas13": 57.6345530175719, "alphas2": 55.826910601088336, "alphas3": 48.66898974649497, "alphas4": 4.827640566241797, "alphas5": 44.04189644038851, "alphas6": 57.163724857886926, "alphas7": 54.53066724432763, "alphas8": 18.526606487407978, "alphas9": 51.07759082737531}, "datetime": {"datetime": "2018-12-18 20:24:52", "elapsed": 20708.341891, "delta": 162.803854}}
{"target": 0.08876921330177943, "params": {"alphas0": 0.9456664570011419, "alphas1": 55.752737032684124, "alphas10": 2.8740207833549936, "alphas11": 53.24780172895603, "alphas12": 45.01445288504327, "alphas13": 59.10308398818889, "alphas2": 51.810124897887825, "alphas3": 29.29763780414162, "alphas4": 0.6722319839818502, "alphas5": 3.0304788860633636, "alphas6": 59.64263351298128, "alphas7": 28.769841866089262, "alphas8": 4.9337570348848026, "alphas9": 56.589492777053344}, "datetime": {"datetime": "2018-12-18 20:27:20", "elapsed": 20856.077208, "delta": 147.735317}}
{"target": 0.08808027285440007, "params": {"alphas0": 0.7660645155858892, "alphas1": 59.00922266050186, "alphas10": 2.8103018081780795, "alphas11": 12.43895771349418, "alphas12": 24.291638500799422, "alphas13": 54.75378873846401, "alphas2": 55.77749398898545, "alphas3": 16.06802718150964, "alphas4": 29.332663629145603, "alphas5": 17.28218894492254, "alphas6": 37.18331854763921, "alphas7": 34.21880660769182, "alphas8": 0.7962819720907355, "alphas9": 57.30224283850761}, "datetime": {"datetime": "2018-12-18 20:29:31", "elapsed": 20987.556875, "delta": 131.479667}}
{"target": 0.08791586681595072, "params": {"alphas0": 2.2162056781588335, "alphas1": 56.11817498700434, "alphas10": 4.7895470143045245, "alphas11": 34.61365642060575, "alphas12": 48.874340858850346, "alphas13": 57.03747712594015, "alphas2": 8.950307094499824, "alphas3": 16.37528531899288, "alphas4": 40.21487090881031, "alphas5": 12.007327620604336, "alphas6": 57.57770313018858, "alphas7": 45.44861813138028, "alphas8": 0.40763728030484225, "alphas9": 55.1071199796637}, "datetime": {"datetime": "2018-12-18 20:31:33", "elapsed": 21108.960786, "delta": 121.403911}}
{"target": 0.08847569024188588, "params": {"alphas0": 2.4741384099426744, "alphas1": 56.77284993484532, "alphas10": 11.125327447750735, "alphas11": 58.87467989360393, "alphas12": 59.77486489288809, "alphas13": 57.923887043955105, "alphas2": 55.90912481543608, "alphas3": 3.0775994087216385, "alphas4": 2.3730960977776405, "alphas5": 50.82269025175934, "alphas6": 56.43451662574478, "alphas7": 17.669158377138675, "alphas8": 8.806401216428796, "alphas9": 18.23140552880209}, "datetime": {"datetime": "2018-12-18 20:33:50", "elapsed": 21245.84731, "delta": 136.886524}}
{"target": 0.08853757536128906, "params": {"alphas0": 3.7687637057230594, "alphas1": 56.855207633211656, "alphas10": 0.4470483318316809, "alphas11": 46.32920531902943, "alphas12": 56.80176743799956, "alphas13": 55.35648080105144, "alphas2": 49.61897655657873, "alphas3": 59.712754471805205, "alphas4": 4.065425055766124, "alphas5": 15.387837175781742, "alphas6": 7.508166840230057, "alphas7": 57.115681615317534, "alphas8": 3.632313620164511, "alphas9": 23.397738237395735}, "datetime": {"datetime": "2018-12-18 20:36:04", "elapsed": 21380.290672, "delta": 134.443362}}
{"target": 0.08836883782562946, "params": {"alphas0": 2.131688658601223, "alphas1": 58.58309490645477, "alphas10": 2.8979621621345997, "alphas11": 7.491274360787276, "alphas12": 12.253904943049925, "alphas13": 58.33186890978511, "alphas2": 57.18126789059699, "alphas3": 54.25260950021554, "alphas4": 43.712210373545076, "alphas5": 18.612786180664024, "alphas6": 44.30671793242436, "alphas7": 30.614402187852512, "alphas8": 3.662420925934564, "alphas9": 57.2574500876537}, "datetime": {"datetime": "2018-12-18 20:38:23", "elapsed": 21519.150968, "delta": 138.860296}}
{"target": 0.08834692915984745, "params": {"alphas0": 0.3128834190015839, "alphas1": 57.21000530484373, "alphas10": 6.064172349092722, "alphas11": 33.003797449087905, "alphas12": 49.96763288397198, "alphas13": 56.23409895923632, "alphas2": 54.7244371228676, "alphas3": 12.772441116675067, "alphas4": 54.76535829590345, "alphas5": 36.50339988355891, "alphas6": 59.92196278258084, "alphas7": 40.13376496820926, "alphas8": 5.386088375528281, "alphas9": 51.50924566207945}, "datetime": {"datetime": "2018-12-18 20:40:43", "elapsed": 21659.473456, "delta": 140.322488}}
{"target": 0.0884822034623013, "params": {"alphas0": 2.1586635440130375, "alphas1": 54.832133087329055, "alphas10": 2.511421368224822, "alphas11": 55.20603236558402, "alphas12": 19.776678464983956, "alphas13": 59.23378981902805, "alphas2": 12.175921375361977, "alphas3": 55.65628597286402, "alphas4": 8.309587860243827, "alphas5": 3.170971448456228, "alphas6": 8.566092122568197, "alphas7": 38.66270307427087, "alphas8": 7.242438400971687, "alphas9": 53.6113752656677}, "datetime": {"datetime": "2018-12-18 20:42:52", "elapsed": 21788.049077, "delta": 128.575621}}
{"target": 0.08852584562732584, "params": {"alphas0": 1.1046650149347714, "alphas1": 56.251363835668, "alphas10": 6.273925024109685, "alphas11": 43.40713019088273, "alphas12": 34.22330675074508, "alphas13": 53.5234266318761, "alphas2": 50.59054327354736, "alphas3": 55.29593253249967, "alphas4": 12.035007222111695, "alphas5": 10.420097015374319, "alphas6": 24.596504274391847, "alphas7": 52.003660769892136, "alphas8": 4.616678975531183, "alphas9": 57.262442089701125}, "datetime": {"datetime": "2018-12-18 20:45:02", "elapsed": 21918.092366, "delta": 130.043289}}
{"target": 0.08743157521117409, "params": {"alphas0": 6.417469921225325, "alphas1": 46.785507308309974, "alphas10": 20.898086476848924, "alphas11": 58.724584177585, "alphas12": 31.0413308079953, "alphas13": 58.70795009082701, "alphas2": 13.616871720206259, "alphas3": 56.307113482441515, "alphas4": 21.26112855605226, "alphas5": 43.861433073752835, "alphas6": 55.46695031017937, "alphas7": 9.34949158015134, "alphas8": 1.5595105668094655, "alphas9": 58.056711978645566}, "datetime": {"datetime": "2018-12-18 20:47:15", "elapsed": 22050.901949, "delta": 132.809583}}
{"target": 0.0882637955510184, "params": {"alphas0": 8.30739511373702, "alphas1": 57.50289301757185, "alphas10": 9.38539905085873, "alphas11": 34.37843852423743, "alphas12": 43.88738436543952, "alphas13": 52.79238182420741, "alphas2": 58.611226472958116, "alphas3": 57.0749287177151, "alphas4": 1.3596360544664399, "alphas5": 2.826556084580465, "alphas6": 44.884401955306274, "alphas7": 59.43573613988203, "alphas8": 2.5012723827674255, "alphas9": 59.42062421837511}, "datetime": {"datetime": "2018-12-18 20:49:38", "elapsed": 22194.599397, "delta": 143.697448}}
