{"target": 0.08847018905422777, "params": {"alphas0": 0.045880958553368156, "alphas1": 50.10629918414399, "alphas10": 5.868873157632897, "alphas11": 55.983545433446906, "alphas12": 32.94716937872153, "alphas13": 43.8825577281884, "alphas2": 52.27018943679744, "alphas3": 51.902176918793025, "alphas4": 1.0308653249110855, "alphas5": 39.42514696583737, "alphas6": 56.2455214716445, "alphas7": 0.01831060869604828, "alphas8": 5.979576465761161, "alphas9": 42.73322269933979}, "datetime": {"datetime": "2018-12-18 15:55:00", "elapsed": 4516.313143, "delta": 76.566274}}
{"target": 0.0879967131646302, "params": {"alphas0": 7.479094221926424, "alphas1": 54.347154085248505, "alphas10": 5.64337680881377, "alphas11": 4.94910524933726, "alphas12": 2.4763444452663896, "alphas13": 58.75664919586629, "alphas2": 42.930997135885626, "alphas3": 36.84487558744937, "alphas4": 9.51404085044038, "alphas5": 23.945286347098687, "alphas6": 55.86664970180431, "alphas7": 9.203573805734273, "alphas8": 0.6805239616847314, "alphas9": 56.99896007923524}, "datetime": {"datetime": "2018-12-18 15:56:23", "elapsed": 4599.755592, "delta": 83.442449}}
{"target": 0.0875753689567037, "params": {"alphas0": 3.0216662206699785, "alphas1": 44.93260993555643, "alphas10": 10.215831448484515, "alphas11": 48.52907823901044, "alphas12": 30.858812382274476, "alphas13": 56.46914459329858, "alphas2": 50.313979674908374, "alphas3": 50.63138108933367, "alphas4": 1.7508756120587665, "alphas5": 59.20265865287498, "alphas6": 55.199243898863166, "alphas7": 54.91156448140389, "alphas8": 14.533274427178666, "alphas9": 53.14879554821188}, "datetime": {"datetime": "2018-12-18 15:57:41", "elapsed": 4676.880808, "delta": 77.125216}}
{"target": 0.08763533770453363, "params": {"alphas0": 1.8459150933190571, "alphas1": 57.0943277766809, "alphas10": 13.146616737450941, "alphas11": 55.91815405613818, "alphas12": 4.631894105806875, "alphas13": 56.25747550493553, "alphas2": 23.030931344259155, "alphas3": 46.75431266236239, "alphas4": 19.465503356612718, "alphas5": 41.27928869623081, "alphas6": 54.71444568166605, "alphas7": 53.62785735078974, "alphas8": 0.4670720269940909, "alphas9": 59.63847842339444}, "datetime": {"datetime": "2018-12-18 15:58:59", "elapsed": 4755.586546, "delta": 78.705738}}
{"target": 0.08848041403847405, "params": {"alphas0": 0.027473541849516447, "alphas1": 58.557276668577614, "alphas10": 4.991070841732683, "alphas11": 8.745212019229829, "alphas12": 31.48900117674315, "alphas13": 59.23603564029059, "alphas2": 48.341073750384446, "alphas3": 11.660383796265016, "alphas4": 14.816236924380428, "alphas5": 11.614804533527906, "alphas6": 48.30041745725762, "alphas7": 47.382926407162905, "alphas8": 3.877011163405353, "alphas9": 55.64127172521981}, "datetime": {"datetime": "2018-12-18 16:00:18", "elapsed": 4834.782387, "delta": 79.195841}}
{"target": 0.08800994412718607, "params": {"alphas0": 10.720875558752459, "alphas1": 58.46729721303135, "alphas10": 4.272164320929832, "alphas11": 33.26181358109992, "alphas12": 59.02179833383071, "alphas13": 59.112065162000356, "alphas2": 49.936413704564565, "alphas3": 52.314364233732405, "alphas4": 7.134329107736943, "alphas5": 7.084888958581052, "alphas6": 41.84054810655788, "alphas7": 26.189220957528214, "alphas8": 3.841091058707924, "alphas9": 19.580029632789156}, "datetime": {"datetime": "2018-12-18 16:01:40", "elapsed": 4916.123938, "delta": 81.341551}}
{"target": 0.08823565522361095, "params": {"alphas0": 0.5834294462484912, "alphas1": 50.07330305498897, "alphas10": 1.2836318940100422, "alphas11": 41.86134744032641, "alphas12": 42.67066070967707, "alphas13": 54.13753000875512, "alphas2": 59.632214913217126, "alphas3": 45.014409651571775, "alphas4": 5.093754448023846, "alphas5": 33.29393718371714, "alphas6": 40.97637125648677, "alphas7": 25.4297271493702, "alphas8": 10.021518864211725, "alphas9": 55.69622714860419}, "datetime": {"datetime": "2018-12-18 16:02:59", "elapsed": 4995.225863, "delta": 79.101925}}
{"target": 0.08791881251062314, "params": {"alphas0": 0.6516896623733648, "alphas1": 37.983090056755536, "alphas10": 11.45616980082651, "alphas11": 26.219587239128128, "alphas12": 8.631922028843391, "alphas13": 58.02280199390984, "alphas2": 37.829335043211906, "alphas3": 59.13854465967746, "alphas4": 6.796612030242743, "alphas5": 56.27836825636639, "alphas6": 55.29479849066278, "alphas7": 3.7230216168506858, "alphas8": 1.3781917310188496, "alphas9": 58.14625490376303}, "datetime": {"datetime": "2018-12-18 16:04:18", "elapsed": 5074.185443, "delta": 78.95958}}
{"target": 0.08771888396845802, "params": {"alphas0": 14.666754867993077, "alphas1": 59.91096577216213, "alphas10": 2.7252607627061742, "alphas11": 18.135725663126536, "alphas12": 13.045791483635714, "alphas13": 58.658140945846604, "alphas2": 56.92123691388228, "alphas3": 38.4687422260136, "alphas4": 11.331781221765063, "alphas5": 52.17083564438353, "alphas6": 55.875634535878504, "alphas7": 1.5012860224261249, "alphas8": 1.3867925964806282, "alphas9": 56.84688415042049}, "datetime": {"datetime": "2018-12-18 16:05:38", "elapsed": 5154.089421, "delta": 79.903978}}
{"target": 0.08690645810621729, "params": {"alphas0": 1.7492457905229153, "alphas1": 59.68965500827909, "alphas10": 3.9475832069866423, "alphas11": 19.44067062090469, "alphas12": 0.01447970631497597, "alphas13": 59.392609004008605, "alphas2": 44.74580191123413, "alphas3": 54.329807781493365, "alphas4": 13.53877353823773, "alphas5": 7.606184999670285, "alphas6": 56.237569512931685, "alphas7": 16.072406049300053, "alphas8": 26.710759114707358, "alphas9": 56.62472606219447}, "datetime": {"datetime": "2018-12-18 16:06:59", "elapsed": 5235.704719, "delta": 81.615298}}
{"target": 0.08809112357479212, "params": {"alphas0": 0.0010784465594215753, "alphas1": 49.700708999887546, "alphas10": 16.452575012557528, "alphas11": 44.611814523196614, "alphas12": 4.464602309542222, "alphas13": 59.19104274076696, "alphas2": 52.5492153097572, "alphas3": 24.072174754194755, "alphas4": 3.0950526197207995, "alphas5": 31.50128677032843, "alphas6": 50.22480409589684, "alphas7": 55.130528725218916, "alphas8": 3.789696322397711, "alphas9": 48.04604802419538}, "datetime": {"datetime": "2018-12-18 16:08:14", "elapsed": 5310.128732, "delta": 74.424013}}
{"target": 0.08842846166565772, "params": {"alphas0": 3.33930410588412, "alphas1": 59.30330377862327, "alphas10": 0.7923038519795367, "alphas11": 34.57010617335595, "alphas12": 25.127132512174516, "alphas13": 57.70322848508749, "alphas2": 42.45217375225808, "alphas3": 59.39506421978706, "alphas4": 32.59527482094194, "alphas5": 42.985679123438246, "alphas6": 15.850309958199972, "alphas7": 14.318421818849725, "alphas8": 3.3083473978600275, "alphas9": 48.76212454933347}, "datetime": {"datetime": "2018-12-18 16:09:31", "elapsed": 5386.953573, "delta": 76.824841}}
{"target": 0.08820397878587566, "params": {"alphas0": 1.5187105379459398, "alphas1": 57.9733885930838, "alphas10": 2.8149643757861242, "alphas11": 11.288926071261551, "alphas12": 1.8965790806405902, "alphas13": 52.129159797029395, "alphas2": 6.541416854572992, "alphas3": 44.63951730822491, "alphas4": 8.31250991953021, "alphas5": 16.62388900803219, "alphas6": 47.58472123515551, "alphas7": 50.06708935476952, "alphas8": 5.577458800754746, "alphas9": 59.66147561291758}, "datetime": {"datetime": "2018-12-18 16:10:48", "elapsed": 5464.051737, "delta": 77.098164}}
{"target": 0.08852063548489136, "params": {"alphas0": 0.11840209012542902, "alphas1": 58.78373104585804, "alphas10": 0.8967180016903642, "alphas11": 56.57470781936603, "alphas12": 14.171668119618941, "alphas13": 55.69144571810826, "alphas2": 21.11329098932903, "alphas3": 32.4472063184707, "alphas4": 0.24180345789211133, "alphas5": 5.356017083720661, "alphas6": 33.94754307664302, "alphas7": 24.676454972315874, "alphas8": 9.70649157457802, "alphas9": 39.14400806054208}, "datetime": {"datetime": "2018-12-18 16:12:12", "elapsed": 5548.77929, "delta": 84.727553}}
{"target": 0.08700555363055178, "params": {"alphas0": 23.352858690605487, "alphas1": 59.94544293088804, "alphas10": 3.85958662698463, "alphas11": 51.633263624758605, "alphas12": 38.23313523544148, "alphas13": 59.28897031406312, "alphas2": 57.2107884083116, "alphas3": 49.77050194498554, "alphas4": 13.503386205646242, "alphas5": 52.92620947944635, "alphas6": 49.598282227906395, "alphas7": 15.456906603497252, "alphas8": 1.7416612136266862, "alphas9": 22.337322460979923}, "datetime": {"datetime": "2018-12-18 16:13:32", "elapsed": 5627.994754, "delta": 79.215464}}
{"target": 0.08792752995135418, "params": {"alphas0": 0.14406632637399053, "alphas1": 57.604282990161565, "alphas10": 18.04910310761665, "alphas11": 46.731884473413295, "alphas12": 55.84675929014388, "alphas13": 59.24630790164774, "alphas2": 53.96848713934967, "alphas3": 56.67463971465007, "alphas4": 40.57453699850511, "alphas5": 55.40507461118104, "alphas6": 56.364776202028985, "alphas7": 54.78759651468186, "alphas8": 6.814566936540283, "alphas9": 38.79113131593785}, "datetime": {"datetime": "2018-12-18 16:14:54", "elapsed": 5710.625969, "delta": 82.631215}}
{"target": 0.0886821103283298, "params": {"alphas0": 6.626225292559131, "alphas1": 51.777111589942024, "alphas10": 1.3383497182187098, "alphas11": 53.07380366675045, "alphas12": 52.137378645087196, "alphas13": 55.02800312635716, "alphas2": 53.31209044731612, "alphas3": 56.82593006952609, "alphas4": 7.249696057293211, "alphas5": 16.782137027400978, "alphas6": 54.59460978633003, "alphas7": 49.88879760681058, "alphas8": 5.707786660768024, "alphas9": 19.460204052145656}, "datetime": {"datetime": "2018-12-18 16:16:26", "elapsed": 5802.455842, "delta": 91.829873}}
{"target": 0.08841465851425848, "params": {"alphas0": 4.400546007234228, "alphas1": 55.98997795821241, "alphas10": 8.629960436645716, "alphas11": 55.83090866947026, "alphas12": 54.23642532787001, "alphas13": 58.378023972270334, "alphas2": 59.89295557498457, "alphas3": 52.01743384696866, "alphas4": 18.242823043885462, "alphas5": 14.64851734370161, "alphas6": 51.468471004502135, "alphas7": 18.774962199238143, "alphas8": 3.7690095468517337, "alphas9": 27.360898774145028}, "datetime": {"datetime": "2018-12-18 16:17:44", "elapsed": 5879.840687, "delta": 77.384845}}
{"target": 0.08756391910212995, "params": {"alphas0": 0.09119356372984777, "alphas1": 54.51605668580618, "alphas10": 18.43845853677771, "alphas11": 45.79053975254467, "alphas12": 54.4492237091661, "alphas13": 56.476151842492705, "alphas2": 57.45296621419148, "alphas3": 28.101971270243123, "alphas4": 1.960949119826243, "alphas5": 23.878246967538388, "alphas6": 20.056623184597928, "alphas7": 5.674573747951824, "alphas8": 3.937980895620854, "alphas9": 58.602187895687436}, "datetime": {"datetime": "2018-12-18 16:19:04", "elapsed": 5960.06276, "delta": 80.222073}}
{"target": 0.08809517129690124, "params": {"alphas0": 0.45734228487974926, "alphas1": 46.09375731123869, "alphas10": 0.6683736971648524, "alphas11": 40.97611524162775, "alphas12": 58.33692354078705, "alphas13": 55.62928068063617, "alphas2": 13.475880047579732, "alphas3": 37.124001964711866, "alphas4": 28.822709681237207, "alphas5": 14.166282223978593, "alphas6": 55.890684864983, "alphas7": 50.7122551677046, "alphas8": 4.204023305127884, "alphas9": 50.812337141313115}, "datetime": {"datetime": "2018-12-18 16:20:18", "elapsed": 6034.620845, "delta": 74.558085}}
{"target": 0.08787126020952507, "params": {"alphas0": 0.818103953433511, "alphas1": 53.43761603354173, "alphas10": 0.46647445697195256, "alphas11": 27.9147810781002, "alphas12": 36.9347435309009, "alphas13": 46.59467836855164, "alphas2": 57.51837527657079, "alphas3": 59.66382306607404, "alphas4": 2.1288509017508317, "alphas5": 57.695027575774226, "alphas6": 49.236739699550164, "alphas7": 57.17556007586401, "alphas8": 2.792946269887986, "alphas9": 53.970344188651836}, "datetime": {"datetime": "2018-12-18 16:21:39", "elapsed": 6115.41781, "delta": 80.796965}}
{"target": 0.08809895909889866, "params": {"alphas0": 2.97208854442653, "alphas1": 49.83946608831554, "alphas10": 5.506641456096846, "alphas11": 54.50477030038734, "alphas12": 22.471936820020275, "alphas13": 59.69359881195785, "alphas2": 59.648214500172834, "alphas3": 56.51403160608562, "alphas4": 52.09853007666478, "alphas5": 37.50631395774947, "alphas6": 48.8408337706574, "alphas7": 53.728562232445306, "alphas8": 1.3630414330401153, "alphas9": 59.203985792775654}, "datetime": {"datetime": "2018-12-18 16:23:09", "elapsed": 6205.807411, "delta": 90.389601}}
{"target": 0.08829209015546219, "params": {"alphas0": 0.5152981441208881, "alphas1": 53.35655656285054, "alphas10": 0.007232980243763176, "alphas11": 59.66340682576745, "alphas12": 50.70980407599826, "alphas13": 57.980929445874, "alphas2": 1.2076184440069393, "alphas3": 44.59118494817113, "alphas4": 1.6623323742552554, "alphas5": 41.60419794726413, "alphas6": 46.13517935586177, "alphas7": 36.6292528928504, "alphas8": 4.343133154823436, "alphas9": 33.785836399208}, "datetime": {"datetime": "2018-12-18 16:25:18", "elapsed": 6333.91705, "delta": 128.109639}}
{"target": 0.08807434434341942, "params": {"alphas0": 4.799865433097949, "alphas1": 58.71378932177566, "alphas10": 9.521270640207062, "alphas11": 46.06885211148959, "alphas12": 58.060153226785296, "alphas13": 45.8741916236255, "alphas2": 49.764902296506186, "alphas3": 51.49999185704221, "alphas4": 3.882173420994224, "alphas5": 56.72624063500705, "alphas6": 42.75615940503585, "alphas7": 51.20024917981092, "alphas8": 10.280333109738306, "alphas9": 58.102736209251034}, "datetime": {"datetime": "2018-12-18 16:28:29", "elapsed": 6525.249677, "delta": 191.332627}}
{"target": 0.0879292830152088, "params": {"alphas0": 1.2196532204223254, "alphas1": 38.012891411407836, "alphas10": 0.32249648782384455, "alphas11": 21.991267390125543, "alphas12": 18.16331971659595, "alphas13": 58.262897085198055, "alphas2": 51.304145188867025, "alphas3": 52.67287856018653, "alphas4": 1.5739358597265674, "alphas5": 50.53567464145354, "alphas6": 45.62755628040156, "alphas7": 53.37891741813997, "alphas8": 2.762218434293069, "alphas9": 50.88040933897349}, "datetime": {"datetime": "2018-12-18 16:33:36", "elapsed": 6831.840424, "delta": 306.590747}}
{"target": 0.08788494563427664, "params": {"alphas0": 1.4506467185316074, "alphas1": 51.02503261595096, "alphas10": 5.471030464174341, "alphas11": 53.438542026306116, "alphas12": 36.753063886355, "alphas13": 57.290619939867625, "alphas2": 50.24761816503741, "alphas3": 29.958917407919618, "alphas4": 6.868722401925629, "alphas5": 30.151814658561072, "alphas6": 40.53637431070979, "alphas7": 31.086788410101292, "alphas8": 0.23196250045776967, "alphas9": 26.1733538863336}, "datetime": {"datetime": "2018-12-18 16:37:18", "elapsed": 7054.167809, "delta": 222.327385}}
{"target": 0.08830386027621452, "params": {"alphas0": 3.9069655258136438, "alphas1": 59.88674610915183, "alphas10": 4.0151827563913445, "alphas11": 8.233613134868829, "alphas12": 24.594809016375756, "alphas13": 54.36901975981899, "alphas2": 45.93493341437931, "alphas3": 57.87487945328, "alphas4": 14.571685972935668, "alphas5": 3.8488060005028424, "alphas6": 46.40627616834106, "alphas7": 22.086158410270215, "alphas8": 3.2505474848964866, "alphas9": 52.49555532823446}, "datetime": {"datetime": "2018-12-18 16:39:20", "elapsed": 7176.173877, "delta": 122.006068}}
{"target": 0.08844819368077433, "params": {"alphas0": 8.834686533870679, "alphas1": 56.52372381625419, "alphas10": 4.147113293457099, "alphas11": 45.632221726296514, "alphas12": 51.04163355197538, "alphas13": 50.28795293836825, "alphas2": 27.068848939036, "alphas3": 58.71826965515741, "alphas4": 3.1838909956129458, "alphas5": 8.556366840987565, "alphas6": 52.385339313766295, "alphas7": 36.89572367957692, "alphas8": 6.013036096311604, "alphas9": 42.66751009769776}, "datetime": {"datetime": "2018-12-18 16:41:24", "elapsed": 7300.786533, "delta": 124.612656}}
{"target": 0.0884553007724154, "params": {"alphas0": 0.945493427970292, "alphas1": 59.10835600014563, "alphas10": 0.8076318183118736, "alphas11": 5.351990651678353, "alphas12": 21.388592875970755, "alphas13": 55.6665225711846, "alphas2": 50.64542192590922, "alphas3": 3.6916515006731765, "alphas4": 5.409852754691964, "alphas5": 54.86420538923935, "alphas6": 35.12842211700041, "alphas7": 17.530152411276852, "alphas8": 3.5299188385297597, "alphas9": 52.750385595398264}, "datetime": {"datetime": "2018-12-18 16:43:25", "elapsed": 7421.017085, "delta": 120.230552}}
{"target": 0.08709891106864917, "params": {"alphas0": 6.8055992421232325, "alphas1": 58.012121434039784, "alphas10": 6.415811828908584, "alphas11": 2.8613737192937228, "alphas12": 55.041855754426564, "alphas13": 50.659243543488195, "alphas2": 55.78531472189744, "alphas3": 8.302391454822995, "alphas4": 1.313897545815439, "alphas5": 42.66233639131584, "alphas6": 58.73811187063765, "alphas7": 13.41287357493709, "alphas8": 0.4739350900042627, "alphas9": 35.8728381636433}, "datetime": {"datetime": "2018-12-18 16:46:30", "elapsed": 7606.157494, "delta": 185.140409}}
{"target": 0.08805286545450947, "params": {"alphas0": 7.703512742820813, "alphas1": 50.92716581603954, "alphas10": 2.159459154050516, "alphas11": 15.923172330748084, "alphas12": 37.62677592744289, "alphas13": 59.52269612591571, "alphas2": 45.635224694005856, "alphas3": 5.966282113930932, "alphas4": 8.19826895903933, "alphas5": 43.79971885493772, "alphas6": 59.08435844105154, "alphas7": 49.15885225222994, "alphas8": 0.45915451234117777, "alphas9": 41.16686988864254}, "datetime": {"datetime": "2018-12-18 16:49:45", "elapsed": 7800.840222, "delta": 194.682728}}
{"target": 0.08859262715017621, "params": {"alphas0": 2.5379848727714105, "alphas1": 56.50432088253295, "alphas10": 0.8152672715818166, "alphas11": 45.673705024310074, "alphas12": 58.508575817237734, "alphas13": 55.52225530197359, "alphas2": 59.652013613322076, "alphas3": 4.387913948354427, "alphas4": 42.80272975171923, "alphas5": 15.017917121801121, "alphas6": 59.00824006478994, "alphas7": 24.805334052129684, "alphas8": 3.4674975768445315, "alphas9": 39.785771266034274}, "datetime": {"datetime": "2018-12-18 16:53:00", "elapsed": 7995.873588, "delta": 195.033366}}
{"target": 0.08763077493067954, "params": {"alphas0": 23.39236893311722, "alphas1": 56.550312705854004, "alphas10": 0.5061322506786792, "alphas11": 58.47778604970437, "alphas12": 51.14466878952469, "alphas13": 52.07696386623743, "alphas2": 55.38318067819196, "alphas3": 38.059410337650405, "alphas4": 6.572350702345327, "alphas5": 49.37838672554236, "alphas6": 56.77108919862952, "alphas7": 37.87649510162502, "alphas8": 1.5077423872683138, "alphas9": 39.2144189767496}, "datetime": {"datetime": "2018-12-18 16:56:13", "elapsed": 8189.652402, "delta": 193.778814}}
{"target": 0.0875660091575009, "params": {"alphas0": 5.17357014909404, "alphas1": 56.820075066546586, "alphas10": 4.464819473396043, "alphas11": 5.353388796426923, "alphas12": 32.370486883208436, "alphas13": 58.22446142478594, "alphas2": 5.807358935522691, "alphas3": 49.072807778418145, "alphas4": 2.4887865132856124, "alphas5": 54.70849535676429, "alphas6": 15.052467282445331, "alphas7": 22.096940253785007, "alphas8": 0.477063084011935, "alphas9": 44.24432436065977}, "datetime": {"datetime": "2018-12-18 16:58:02", "elapsed": 8298.775492, "delta": 109.12309}}
{"target": 0.08699456662269422, "params": {"alphas0": 7.1233560974050985, "alphas1": 59.175138771325244, "alphas10": 11.432161103787223, "alphas11": 56.20294782058959, "alphas12": 57.09647000808327, "alphas13": 56.67928045066011, "alphas2": 18.000553591479328, "alphas3": 33.40331146473052, "alphas4": 1.992722753039624, "alphas5": 0.8474288223548854, "alphas6": 21.77678553781567, "alphas7": 51.191885060602935, "alphas8": 0.28707552945674397, "alphas9": 45.50406099595753}, "datetime": {"datetime": "2018-12-18 16:59:45", "elapsed": 8401.161692, "delta": 102.3862}}
{"target": 0.08726382380553921, "params": {"alphas0": 6.26958995054374, "alphas1": 55.651402667010046, "alphas10": 19.098508876073407, "alphas11": 17.727819656202616, "alphas12": 49.26538376281167, "alphas13": 58.786133942269714, "alphas2": 49.62808427305058, "alphas3": 17.746764475292014, "alphas4": 0.3341282937411205, "alphas5": 8.164345076203785, "alphas6": 47.9050239883294, "alphas7": 57.78561918782763, "alphas8": 1.9568412357963205, "alphas9": 47.83603078618984}, "datetime": {"datetime": "2018-12-18 17:01:38", "elapsed": 8514.787948, "delta": 113.626256}}
{"target": 0.08784216276390547, "params": {"alphas0": 11.78635279170593, "alphas1": 59.000556116575005, "alphas10": 4.199975068950213, "alphas11": 16.91305731067455, "alphas12": 1.9624129066171414, "alphas13": 59.02188543030804, "alphas2": 28.468424222871242, "alphas3": 51.662060566831386, "alphas4": 9.846617153241512, "alphas5": 47.29512754051884, "alphas6": 52.67614497271237, "alphas7": 58.41749665728308, "alphas8": 1.0671886540334108, "alphas9": 51.532471794361676}, "datetime": {"datetime": "2018-12-18 17:03:29", "elapsed": 8625.133215, "delta": 110.345267}}
{"target": 0.08768527169932196, "params": {"alphas0": 1.9525980263018505, "alphas1": 58.2410866604397, "alphas10": 1.3055329929446624, "alphas11": 25.17663487242698, "alphas12": 52.21172067740652, "alphas13": 56.87129209543761, "alphas2": 34.34986546704948, "alphas3": 52.795512707232476, "alphas4": 33.8048365016118, "alphas5": 58.486392658248846, "alphas6": 44.99580386749239, "alphas7": 58.95711208848622, "alphas8": 0.7724201409267706, "alphas9": 10.851981210754298}, "datetime": {"datetime": "2018-12-18 17:05:11", "elapsed": 8727.010206, "delta": 101.876991}}
