{"target": 0.0880973772871429, "params": {"alphas0": 25.629254047245176, "alphas1": 49.41210251568684, "alphas10": 2.6813717789268954, "alphas11": 9.453499814450073, "alphas12": 6.798362805815188, "alphas13": 57.51214470796482, "alphas2": 9.651413069954518, "alphas3": 53.4767031914602, "alphas4": 8.287571116086976, "alphas5": 43.94169931492163, "alphas6": 43.9680661681589, "alphas7": 58.76790974186611, "alphas8": 3.571107618649958, "alphas9": 54.6918532141341}, "datetime": {"datetime": "2018-12-18 15:18:41", "elapsed": 2337.267272, "delta": 37.235402}}
{"target": 0.08630683516936892, "params": {"alphas0": 5.145923790545172, "alphas1": 57.669967832348455, "alphas10": 32.874615393676564, "alphas11": 50.49131312409328, "alphas12": 10.15120205734555, "alphas13": 59.91135373528562, "alphas2": 12.254383354681115, "alphas3": 59.54204221542226, "alphas4": 7.042935137279509, "alphas5": 58.02289880327143, "alphas6": 5.334058465906562, "alphas7": 44.83695766403976, "alphas8": 2.1231478025544215, "alphas9": 43.02427275827005}, "datetime": {"datetime": "2018-12-18 15:19:18", "elapsed": 2374.489844, "delta": 37.222572}}
{"target": 0.08522988996478725, "params": {"alphas0": 45.39840435020134, "alphas1": 56.897303418007084, "alphas10": 0.8591516092673257, "alphas11": 8.518872628121636, "alphas12": 2.335510773717697, "alphas13": 51.74879078619188, "alphas2": 0.7391613808696262, "alphas3": 56.27727877215544, "alphas4": 0.23804586237489822, "alphas5": 32.44449677837528, "alphas6": 1.9076920795687302, "alphas7": 50.144191815957925, "alphas8": 6.267567825688751, "alphas9": 33.41889312205845}, "datetime": {"datetime": "2018-12-18 15:19:55", "elapsed": 2411.814201, "delta": 37.324357}}
{"target": 0.08756750728638057, "params": {"alphas0": 1.0905013279737341, "alphas1": 49.06676846922996, "alphas10": 24.966534493527007, "alphas11": 42.44659367296455, "alphas12": 0.7382167688431474, "alphas13": 52.87832875162747, "alphas2": 57.10515219882133, "alphas3": 3.391080387633283, "alphas4": 14.07358070161088, "alphas5": 22.930302470635905, "alphas6": 47.621931265589424, "alphas7": 54.509442870875496, "alphas8": 6.983298564574934, "alphas9": 54.95413624491205}, "datetime": {"datetime": "2018-12-18 15:20:34", "elapsed": 2449.978314, "delta": 38.164113}}
{"target": 0.08782098317050918, "params": {"alphas0": 8.534218413054901, "alphas1": 57.83870341106342, "alphas10": 4.527329303927581, "alphas11": 44.80804926831229, "alphas12": 7.326663174309154, "alphas13": 57.698627909276695, "alphas2": 3.6313679464670945, "alphas3": 43.81904457783483, "alphas4": 0.013580899601959295, "alphas5": 10.630941281021508, "alphas6": 34.390527002333044, "alphas7": 45.26698431595101, "alphas8": 1.8822165374170097, "alphas9": 57.84414240555519}, "datetime": {"datetime": "2018-12-18 15:21:11", "elapsed": 2487.265217, "delta": 37.286903}}
{"target": 0.08808682352109243, "params": {"alphas0": 0.6962689734440475, "alphas1": 51.50144465785635, "alphas10": 14.451903253330139, "alphas11": 27.665693314813605, "alphas12": 5.992522911710784, "alphas13": 52.274517723934835, "alphas2": 51.578322729508244, "alphas3": 59.341554103686214, "alphas4": 0.7085666249850142, "alphas5": 35.97293863792409, "alphas6": 38.073582080722126, "alphas7": 55.51901167420676, "alphas8": 7.937397432220532, "alphas9": 22.06757570664474}, "datetime": {"datetime": "2018-12-18 15:21:49", "elapsed": 2525.133513, "delta": 37.868296}}
{"target": 0.08700835646062562, "params": {"alphas0": 2.0373081167042595, "alphas1": 57.84749513812747, "alphas10": 0.25766550458776294, "alphas11": 43.26016187252387, "alphas12": 1.8172584663124058, "alphas13": 57.67563390244126, "alphas2": 57.122819251437285, "alphas3": 42.45956108212284, "alphas4": 5.072615269643322, "alphas5": 13.594241019347756, "alphas6": 12.681250588758292, "alphas7": 49.16017531621132, "alphas8": 24.36101563654877, "alphas9": 52.74826525471858}, "datetime": {"datetime": "2018-12-18 15:22:26", "elapsed": 2562.440272, "delta": 37.306759}}
{"target": 0.0873857531334497, "params": {"alphas0": 6.0440583113658235, "alphas1": 47.298107309104786, "alphas10": 1.9729498517254695, "alphas11": 36.152909162411646, "alphas12": 1.9502750891542675, "alphas13": 15.145079021598622, "alphas2": 46.30585717725151, "alphas3": 55.38909353950272, "alphas4": 17.36876830231775, "alphas5": 57.035065673295556, "alphas6": 17.41707456837267, "alphas7": 57.62615093278482, "alphas8": 0.620240758989663, "alphas9": 51.533126195018895}, "datetime": {"datetime": "2018-12-18 15:23:03", "elapsed": 2599.335908, "delta": 36.895636}}
{"target": 0.08760881502130952, "params": {"alphas0": 0.4154938011814657, "alphas1": 56.30452135284344, "alphas10": 6.189210248108021, "alphas11": 56.131330154588326, "alphas12": 5.300358344701501, "alphas13": 31.511749822495688, "alphas2": 31.00397695211433, "alphas3": 59.74107508048008, "alphas4": 25.232957755935438, "alphas5": 24.285976800626766, "alphas6": 58.035822425606305, "alphas7": 54.27007269765568, "alphas8": 5.331407596263126, "alphas9": 6.122570033646704}, "datetime": {"datetime": "2018-12-18 15:23:40", "elapsed": 2636.098469, "delta": 36.762561}}
{"target": 0.08757977681672326, "params": {"alphas0": 8.927867189590286, "alphas1": 45.00119822881367, "alphas10": 4.037519997457489, "alphas11": 52.11263331174109, "alphas12": 0.015781905044902622, "alphas13": 54.048459214533636, "alphas2": 43.97233102868838, "alphas3": 57.948234818223746, "alphas4": 11.713035468265879, "alphas5": 54.1981512536202, "alphas6": 46.98235768457553, "alphas7": 55.96329553183091, "alphas8": 15.771487646083116, "alphas9": 57.52948797228196}, "datetime": {"datetime": "2018-12-18 15:24:16", "elapsed": 2672.683804, "delta": 36.585335}}
{"target": 0.08575912514253176, "params": {"alphas0": 0.3442462251556333, "alphas1": 58.5691792402734, "alphas10": 20.92433175694248, "alphas11": 17.905005063328243, "alphas12": 12.450547059512957, "alphas13": 56.45274848076799, "alphas2": 39.85933427402226, "alphas3": 25.743802207028203, "alphas4": 6.240758617192903, "alphas5": 50.07262601797498, "alphas6": 57.20275082821142, "alphas7": 56.066734291409766, "alphas8": 0.3048215338374649, "alphas9": 2.4148193099708815}, "datetime": {"datetime": "2018-12-18 15:24:56", "elapsed": 2711.901921, "delta": 39.218117}}
{"target": 0.08835745625525905, "params": {"alphas0": 0.6062661528916924, "alphas1": 33.405356023076266, "alphas10": 2.7526237875858484, "alphas11": 54.854880479224086, "alphas12": 2.4318782389128057, "alphas13": 56.52440947684838, "alphas2": 32.1514419951538, "alphas3": 16.416803004757238, "alphas4": 3.7821134175810833, "alphas5": 30.4695539460957, "alphas6": 48.51824325875268, "alphas7": 58.544312551925366, "alphas8": 1.7916866130446696, "alphas9": 40.90796614976329}, "datetime": {"datetime": "2018-12-18 15:25:32", "elapsed": 2748.762602, "delta": 36.860681}}
{"target": 0.08787681051810696, "params": {"alphas0": 0.7044642654907141, "alphas1": 51.20753663691637, "alphas10": 5.283669493537393, "alphas11": 13.542433208740874, "alphas12": 1.3722659453391728, "alphas13": 47.78958920586317, "alphas2": 53.83810546790631, "alphas3": 46.90124815954788, "alphas4": 16.380884420411615, "alphas5": 41.36637364703643, "alphas6": 58.3577738175147, "alphas7": 58.20605753034812, "alphas8": 12.465825508045521, "alphas9": 47.544256329587}, "datetime": {"datetime": "2018-12-18 15:26:12", "elapsed": 2788.213625, "delta": 39.451023}}
{"target": 0.08713737190327007, "params": {"alphas0": 17.442650950491753, "alphas1": 58.6745278064074, "alphas10": 2.036129173173047, "alphas11": 54.68305602622248, "alphas12": 2.643776197183716, "alphas13": 26.058604058510134, "alphas2": 29.190248002117844, "alphas3": 32.918477569030756, "alphas4": 8.928740543143011, "alphas5": 48.28361147171965, "alphas6": 38.873883954129845, "alphas7": 55.81507467840896, "alphas8": 0.5054325006741256, "alphas9": 59.88466441005926}, "datetime": {"datetime": "2018-12-18 15:26:50", "elapsed": 2826.123238, "delta": 37.909613}}
{"target": 0.08805437367852563, "params": {"alphas0": 4.6043906490395425, "alphas1": 43.292582788193215, "alphas10": 0.5504866325431546, "alphas11": 59.302428841705186, "alphas12": 1.3539202883311319, "alphas13": 58.22099601224565, "alphas2": 1.9348719737430042, "alphas3": 38.80381707908638, "alphas4": 15.974661359011042, "alphas5": 32.66830083351026, "alphas6": 50.94892224343161, "alphas7": 55.10635463619719, "alphas8": 0.9567001695484012, "alphas9": 51.08094371477431}, "datetime": {"datetime": "2018-12-18 15:27:28", "elapsed": 2864.339112, "delta": 38.215874}}
{"target": 0.08825208315422006, "params": {"alphas0": 3.936609505173072, "alphas1": 27.041542820181462, "alphas10": 3.796976985348497, "alphas11": 47.13643205711156, "alphas12": 0.3817266917543294, "alphas13": 56.19377446399426, "alphas2": 56.74348455229055, "alphas3": 8.490123026263207, "alphas4": 1.79302244250916, "alphas5": 32.05170325498186, "alphas6": 58.49079665700992, "alphas7": 22.516671137999175, "alphas8": 0.16160627194018007, "alphas9": 49.60421525794632}, "datetime": {"datetime": "2018-12-18 15:28:06", "elapsed": 2901.867193, "delta": 37.528081}}
{"target": 0.08754007887836751, "params": {"alphas0": 2.9821034561740722, "alphas1": 44.214576023949, "alphas10": 0.07493990226053349, "alphas11": 9.25747288077655, "alphas12": 3.285490687153234, "alphas13": 57.33982801855098, "alphas2": 28.96257845534551, "alphas3": 15.6262554939435, "alphas4": 14.611404241544907, "alphas5": 54.08409690509748, "alphas6": 30.921314177533393, "alphas7": 53.91230453811488, "alphas8": 11.906389907357223, "alphas9": 59.67607064970328}, "datetime": {"datetime": "2018-12-18 15:28:42", "elapsed": 2938.723737, "delta": 36.856544}}
{"target": 0.08828128130460236, "params": {"alphas0": 2.2336119934182763, "alphas1": 39.24136965624597, "alphas10": 6.851349200418719, "alphas11": 55.9103590018328, "alphas12": 57.093031856742215, "alphas13": 59.36343899183515, "alphas2": 58.505804803302645, "alphas3": 40.341811998226596, "alphas4": 6.17355864898304, "alphas5": 33.56663129942028, "alphas6": 30.11617015762192, "alphas7": 54.43263855232176, "alphas8": 1.091693022503597, "alphas9": 53.115261218965415}, "datetime": {"datetime": "2018-12-18 15:29:20", "elapsed": 2976.583177, "delta": 37.85944}}
{"target": 0.08835861752684991, "params": {"alphas0": 3.543992406564709, "alphas1": 47.522516332955846, "alphas10": 2.7362989728782927, "alphas11": 57.33887356530796, "alphas12": 22.89719416652319, "alphas13": 58.58691850736007, "alphas2": 14.977752039177329, "alphas3": 38.886845178916076, "alphas4": 15.052612093959898, "alphas5": 7.959783469776758, "alphas6": 13.026749972610531, "alphas7": 58.75920542996376, "alphas8": 3.6008021160428294, "alphas9": 59.666431019485444}, "datetime": {"datetime": "2018-12-18 15:29:57", "elapsed": 3013.027239, "delta": 36.444062}}
{"target": 0.08835973655744267, "params": {"alphas0": 7.521175360050738, "alphas1": 35.9488023549058, "alphas10": 2.0337513898415627, "alphas11": 41.060551995735366, "alphas12": 2.335349864672329, "alphas13": 58.22027318232291, "alphas2": 37.987601881664965, "alphas3": 14.220394702330426, "alphas4": 0.2322190522725487, "alphas5": 30.059014373625462, "alphas6": 59.09619754188385, "alphas7": 26.371532704871154, "alphas8": 6.401565578434381, "alphas9": 58.67836262921452}, "datetime": {"datetime": "2018-12-18 15:30:35", "elapsed": 3051.324921, "delta": 38.297682}}
{"target": 0.08823246277870236, "params": {"alphas0": 2.205160427817221, "alphas1": 55.52683998398018, "alphas10": 1.7578362287686766, "alphas11": 59.9262281102596, "alphas12": 29.575672636890214, "alphas13": 53.54706709724835, "alphas2": 14.203917906977548, "alphas3": 51.11480060284099, "alphas4": 4.6266482917676655, "alphas5": 37.27704687687327, "alphas6": 51.636276550138966, "alphas7": 35.43380155286513, "alphas8": 4.479374926892092, "alphas9": 55.164776810902914}, "datetime": {"datetime": "2018-12-18 15:31:53", "elapsed": 3128.840901, "delta": 77.51598}}
{"target": 0.08709806703219847, "params": {"alphas0": 30.631769564878354, "alphas1": 37.195707703338826, "alphas10": 2.392394897407064, "alphas11": 59.28043384941124, "alphas12": 5.676324333321374, "alphas13": 56.75858503848054, "alphas2": 41.8374672781635, "alphas3": 58.1417113636133, "alphas4": 6.1018263960802415, "alphas5": 40.17339992075299, "alphas6": 55.6710092871155, "alphas7": 56.91386515619864, "alphas8": 1.8503604457726452, "alphas9": 0.06489290646215506}, "datetime": {"datetime": "2018-12-18 15:33:09", "elapsed": 3205.053217, "delta": 76.212316}}
{"target": 0.0878219679270451, "params": {"alphas0": 7.91515965538572, "alphas1": 29.74318027307738, "alphas10": 4.77926659236142, "alphas11": 28.331283538429826, "alphas12": 9.379847214095891, "alphas13": 58.576935950154656, "alphas2": 26.903748331200248, "alphas3": 43.76138072383035, "alphas4": 9.47547381965554, "alphas5": 46.17507428593158, "alphas6": 51.02876505470887, "alphas7": 53.83285730893503, "alphas8": 0.18555639995034623, "alphas9": 54.87521572779644}, "datetime": {"datetime": "2018-12-18 15:34:25", "elapsed": 3281.647419, "delta": 76.594202}}
{"target": 0.08805673662410438, "params": {"alphas0": 3.597027596868241, "alphas1": 40.657788630416036, "alphas10": 1.102636146482463, "alphas11": 54.081038649122924, "alphas12": 2.5334586255672042, "alphas13": 58.359135449337934, "alphas2": 10.173196545466507, "alphas3": 58.97352141945839, "alphas4": 32.02934841038634, "alphas5": 59.682318064513375, "alphas6": 33.17033045673433, "alphas7": 3.831609500075055, "alphas8": 0.5826842332450055, "alphas9": 54.37020111445087}, "datetime": {"datetime": "2018-12-18 15:35:46", "elapsed": 3362.480989, "delta": 80.83357}}
{"target": 0.08634362385106337, "params": {"alphas0": 10.221336895839187, "alphas1": 59.77570467301521, "alphas10": 15.518684513630735, "alphas11": 51.89173863530849, "alphas12": 8.332617591496865, "alphas13": 57.26356019775953, "alphas2": 59.155312213713586, "alphas3": 49.54484216253831, "alphas4": 10.936091175141557, "alphas5": 34.449182922338025, "alphas6": 9.636589493374066, "alphas7": 54.249911972236106, "alphas8": 0.7092254404239107, "alphas9": 14.887061345708778}, "datetime": {"datetime": "2018-12-18 15:37:02", "elapsed": 3438.144971, "delta": 75.663982}}
{"target": 0.08735401923709409, "params": {"alphas0": 0.031100647889519273, "alphas1": 47.53113802324595, "alphas10": 0.8662233883159964, "alphas11": 53.99537916224313, "alphas12": 10.448655381359737, "alphas13": 25.858174011749266, "alphas2": 47.824817478337664, "alphas3": 50.977912538213246, "alphas4": 26.25532029832668, "alphas5": 52.15633216689179, "alphas6": 55.060497862919455, "alphas7": 57.841733008247665, "alphas8": 7.60688020796052, "alphas9": 45.150955677729364}, "datetime": {"datetime": "2018-12-18 15:38:18", "elapsed": 3514.017463, "delta": 75.872492}}
{"target": 0.08679607216741027, "params": {"alphas0": 18.595316805720955, "alphas1": 47.80016298364468, "alphas10": 5.179500297776896, "alphas11": 55.69458873151546, "alphas12": 7.314310693997217, "alphas13": 59.24541879791851, "alphas2": 38.07871378255516, "alphas3": 2.079680411199434, "alphas4": 8.069171812090719, "alphas5": 6.034657587319772, "alphas6": 14.26310011182318, "alphas7": 59.48538730192626, "alphas8": 0.3255599878186599, "alphas9": 46.16042612601534}, "datetime": {"datetime": "2018-12-18 15:39:30", "elapsed": 3586.414781, "delta": 72.397318}}
{"target": 0.08695131782774518, "params": {"alphas0": 2.288140952008759, "alphas1": 29.866114706175495, "alphas10": 0.4027432364364314, "alphas11": 39.99115415605971, "alphas12": 46.90011383373657, "alphas13": 43.47518282653752, "alphas2": 41.81482900071027, "alphas3": 58.33504848951906, "alphas4": 6.056714577777669, "alphas5": 26.286637397060414, "alphas6": 57.163557061854455, "alphas7": 59.25829779017601, "alphas8": 6.658421429296839, "alphas9": 57.49740278435587}, "datetime": {"datetime": "2018-12-18 15:40:46", "elapsed": 3662.80443, "delta": 76.389649}}
{"target": 0.0884216908538166, "params": {"alphas0": 5.7907698339427816, "alphas1": 55.21098460255295, "alphas10": 0.13584987892077072, "alphas11": 6.318865035788677, "alphas12": 7.576402462730167, "alphas13": 59.852128720523154, "alphas2": 32.77123254722218, "alphas3": 59.192821796343885, "alphas4": 9.394965550166638, "alphas5": 57.93539389103578, "alphas6": 29.54056836221784, "alphas7": 33.46497448142964, "alphas8": 4.617533917055905, "alphas9": 43.63524101456469}, "datetime": {"datetime": "2018-12-18 15:42:02", "elapsed": 3738.362572, "delta": 75.558142}}
{"target": 0.08823671543145996, "params": {"alphas0": 25.319001509590468, "alphas1": 56.80010974425305, "alphas10": 2.129194469221558, "alphas11": 57.63797568550178, "alphas12": 3.5245114229551633, "alphas13": 54.26180309485236, "alphas2": 56.33745470359461, "alphas3": 52.7599962152301, "alphas4": 1.6831801168208194, "alphas5": 33.76380161517668, "alphas6": 55.26195886148559, "alphas7": 13.604525725812223, "alphas8": 6.394415561165547, "alphas9": 55.43028589855342}, "datetime": {"datetime": "2018-12-18 15:43:17", "elapsed": 3813.335269, "delta": 74.972697}}
{"target": 0.08837493209787797, "params": {"alphas0": 0.8251165668699922, "alphas1": 34.98272546204861, "alphas10": 2.9740771406829403, "alphas11": 28.047362618998978, "alphas12": 3.4497904149806735, "alphas13": 59.409353128505934, "alphas2": 18.539474300182444, "alphas3": 58.741841241216356, "alphas4": 7.16523919567244, "alphas5": 37.86802267856726, "alphas6": 51.94030597824252, "alphas7": 35.014314431347564, "alphas8": 1.9005521037587547, "alphas9": 25.640360110218065}, "datetime": {"datetime": "2018-12-18 15:44:31", "elapsed": 3887.222238, "delta": 73.886969}}
{"target": 0.08589990770922738, "params": {"alphas0": 2.0762467357452796, "alphas1": 19.732948547031064, "alphas10": 18.641057764146524, "alphas11": 59.24081952303193, "alphas12": 0.10111288090944193, "alphas13": 11.814391033982153, "alphas2": 35.032443639565734, "alphas3": 55.37116465737354, "alphas4": 5.3206494279219125, "alphas5": 44.22125604145597, "alphas6": 59.567933594290544, "alphas7": 57.83901171899204, "alphas8": 0.06124728759926423, "alphas9": 54.417165498440625}, "datetime": {"datetime": "2018-12-18 15:45:48", "elapsed": 3964.019295, "delta": 76.797057}}
{"target": 0.08740451505713581, "params": {"alphas0": 0.5749397432155745, "alphas1": 48.59494205514632, "alphas10": 22.64882031605342, "alphas11": 30.5574815598359, "alphas12": 1.1308538903385124, "alphas13": 59.60513755987532, "alphas2": 53.59030742859359, "alphas3": 40.088781771453455, "alphas4": 12.634787313324109, "alphas5": 10.021985648445577, "alphas6": 57.17498318999419, "alphas7": 8.751736221985805, "alphas8": 4.439293953980021, "alphas9": 56.51367217167492}, "datetime": {"datetime": "2018-12-18 15:47:07", "elapsed": 4043.389498, "delta": 79.370203}}
{"target": 0.08453669250694722, "params": {"alphas0": 3.1952780694824545, "alphas1": 4.364859768304223, "alphas10": 1.3645566769712225, "alphas11": 44.5804061057694, "alphas12": 3.67738996529972, "alphas13": 41.1600308276649, "alphas2": 25.298569856919116, "alphas3": 59.90129365170022, "alphas4": 2.250527915203697, "alphas5": 53.61897854084341, "alphas6": 23.89143507802959, "alphas7": 54.108203447157194, "alphas8": 0.6038494400726213, "alphas9": 57.51292710139945}, "datetime": {"datetime": "2018-12-18 15:48:23", "elapsed": 4119.307808, "delta": 75.91831}}
{"target": 0.088505584809977, "params": {"alphas0": 5.188888906442188, "alphas1": 41.6017906724133, "alphas10": 6.585876934671719, "alphas11": 57.8743181047967, "alphas12": 0.37715221728049864, "alphas13": 59.78820636278219, "alphas2": 40.81042986984652, "alphas3": 49.328050153812555, "alphas4": 12.864805418154333, "alphas5": 43.075780150950585, "alphas6": 10.067318265210996, "alphas7": 10.262508228999367, "alphas8": 4.127338069045003, "alphas9": 56.788249306796835}, "datetime": {"datetime": "2018-12-18 15:49:39", "elapsed": 4194.951404, "delta": 75.643596}}
{"target": 0.08865377469405465, "params": {"alphas0": 4.889795972179849, "alphas1": 57.611275885420646, "alphas10": 5.410516958978741, "alphas11": 47.23844186819338, "alphas12": 36.65201692271158, "alphas13": 59.02637028614463, "alphas2": 48.23661504748758, "alphas3": 57.73333847107939, "alphas4": 5.184329221756958, "alphas5": 50.8527607588854, "alphas6": 13.714705543179928, "alphas7": 52.16587822911121, "alphas8": 5.147157439770567, "alphas9": 44.82570359188178}, "datetime": {"datetime": "2018-12-18 15:51:13", "elapsed": 4289.03227, "delta": 94.080866}}
{"target": 0.08850174519626731, "params": {"alphas0": 15.917277380377307, "alphas1": 58.08216552503608, "alphas10": 4.404389466821628, "alphas11": 52.96866644947907, "alphas12": 49.110169345957424, "alphas13": 56.227479991605556, "alphas2": 36.45077074455498, "alphas3": 55.54902886782291, "alphas4": 0.29942291034172674, "alphas5": 50.15911378210469, "alphas6": 53.93438183226282, "alphas7": 29.42365500990173, "alphas8": 6.870878599546533, "alphas9": 53.05805612714339}, "datetime": {"datetime": "2018-12-18 15:52:22", "elapsed": 4358.792864, "delta": 69.760594}}
{"target": 0.08833627644647489, "params": {"alphas0": 3.80463047706451, "alphas1": 55.97643219289259, "alphas10": 8.334411833350943, "alphas11": 54.59849119468129, "alphas12": 58.32379903863875, "alphas13": 59.9933022931775, "alphas2": 48.49360182173144, "alphas3": 57.93635259265061, "alphas4": 25.192260243129176, "alphas5": 53.16050184832362, "alphas6": 44.7630380716788, "alphas7": 54.33808608771181, "alphas8": 5.19828171148532, "alphas9": 43.81629800712684}, "datetime": {"datetime": "2018-12-18 15:53:43", "elapsed": 4439.746869, "delta": 80.954005}}
