{"target": 0.08831111279213731, "params": {"alphas0": 2.7685176609048034, "alphas1": 38.801502016317734, "alphas10": 2.852615675517993, "alphas11": 52.95954158976739, "alphas12": 58.33449771517265, "alphas13": 58.60010482583315, "alphas2": 29.711720673522912, "alphas3": 48.661841292669365, "alphas4": 9.434153440688835, "alphas5": 47.56167318282892, "alphas6": 55.33629323220014, "alphas7": 3.7951972592766015, "alphas8": 5.717925268816641, "alphas9": 53.483597009439784}, "datetime": {"datetime": "2018-12-18 18:36:03", "elapsed": 14179.469437, "delta": 168.404421}}
{"target": 0.08803904670777776, "params": {"alphas0": 0.6244923128531288, "alphas1": 59.95012865273028, "alphas10": 0.1330654663318076, "alphas11": 24.99667071672874, "alphas12": 48.79064574273887, "alphas13": 52.24118872433703, "alphas2": 19.80892616395472, "alphas3": 26.87216766659951, "alphas4": 14.688815289797448, "alphas5": 17.501170817518926, "alphas6": 54.56649346969429, "alphas7": 46.10118234158764, "alphas8": 2.2208675437244474, "alphas9": 51.28120187193386}, "datetime": {"datetime": "2018-12-18 18:38:17", "elapsed": 14313.712987, "delta": 134.24355}}
{"target": 0.08764449371870198, "params": {"alphas0": 4.4205642409239765, "alphas1": 16.42441160785419, "alphas10": 1.7008859409090404, "alphas11": 58.94720300950134, "alphas12": 39.52213402559129, "alphas13": 55.591007761854534, "alphas2": 53.910442648544276, "alphas3": 58.41041522139206, "alphas4": 1.247039286859255, "alphas5": 32.33300711165948, "alphas6": 53.794876332508075, "alphas7": 1.5765122990873914, "alphas8": 0.4173411127567417, "alphas9": 49.37990956543164}, "datetime": {"datetime": "2018-12-18 18:40:19", "elapsed": 14435.324568, "delta": 121.611581}}
{"target": 0.08819491528548647, "params": {"alphas0": 10.91448036121973, "alphas1": 58.78693938084567, "alphas10": 1.306607957542052, "alphas11": 45.86606694361677, "alphas12": 11.536481366925448, "alphas13": 53.16777988119687, "alphas2": 37.70495945392497, "alphas3": 21.984171388884054, "alphas4": 9.60729161252241, "alphas5": 34.38446635057236, "alphas6": 55.62507535939193, "alphas7": 0.41910200428487254, "alphas8": 3.766467768849473, "alphas9": 57.825602129981675}, "datetime": {"datetime": "2018-12-18 18:42:25", "elapsed": 14560.824782, "delta": 125.500214}}
{"target": 0.08836755582756826, "params": {"alphas0": 7.0179050926002535, "alphas1": 57.141877208260176, "alphas10": 0.43494434456839537, "alphas11": 52.432875493932315, "alphas12": 47.22660683440548, "alphas13": 55.906330073052224, "alphas2": 10.968988017786764, "alphas3": 48.32917145054936, "alphas4": 15.261352355106084, "alphas5": 0.34875168143886137, "alphas6": 56.56730499316814, "alphas7": 18.386876459930612, "alphas8": 5.211258853489702, "alphas9": 53.30605517305599}, "datetime": {"datetime": "2018-12-18 18:44:29", "elapsed": 14685.613903, "delta": 124.789121}}
{"target": 0.08853032650071678, "params": {"alphas0": 1.986738981569085, "alphas1": 55.631768405168266, "alphas10": 3.9909945745657316, "alphas11": 58.79912551108209, "alphas12": 10.147174752548061, "alphas13": 50.034403939154444, "alphas2": 50.375459263478554, "alphas3": 49.081927077024034, "alphas4": 0.3930267712128499, "alphas5": 4.710486920215036, "alphas6": 22.520550694686868, "alphas7": 5.068069225008493, "alphas8": 6.594704198676531, "alphas9": 51.00639685504316}, "datetime": {"datetime": "2018-12-18 18:46:35", "elapsed": 14811.279097, "delta": 125.665194}}
{"target": 0.08768726061291122, "params": {"alphas0": 3.671787803155153, "alphas1": 57.88090827352431, "alphas10": 0.26088345411370284, "alphas11": 8.484293885764249, "alphas12": 33.515087904128464, "alphas13": 59.64631108021882, "alphas2": 58.99176034879554, "alphas3": 19.0707604605124, "alphas4": 14.14760208787144, "alphas5": 11.760229785824524, "alphas6": 33.403814432713425, "alphas7": 5.627782020848691, "alphas8": 1.3849732885003951, "alphas9": 53.062895027943355}, "datetime": {"datetime": "2018-12-18 18:48:48", "elapsed": 14944.433314, "delta": 133.154217}}
{"target": 0.08780790122515528, "params": {"alphas0": 7.779040271400664, "alphas1": 56.68102398593501, "alphas10": 8.123524646486647, "alphas11": 56.4541437587717, "alphas12": 36.475527845027436, "alphas13": 56.943033801667205, "alphas2": 31.256149688205845, "alphas3": 59.50634116261345, "alphas4": 8.357268517537843, "alphas5": 57.447198479477734, "alphas6": 48.62637098092276, "alphas7": 18.40247738871386, "alphas8": 3.496389062673173, "alphas9": 14.521149226822205}, "datetime": {"datetime": "2018-12-18 18:50:55", "elapsed": 15071.308911, "delta": 126.875597}}
{"target": 0.08865222559628444, "params": {"alphas0": 13.171677975139458, "alphas1": 59.492773693173135, "alphas10": 3.0108248228642243, "alphas11": 52.13805071165916, "alphas12": 34.74981440540311, "alphas13": 58.307397652050206, "alphas2": 55.84379976468418, "alphas3": 46.219693858050505, "alphas4": 7.643490469876976, "alphas5": 22.814674236581393, "alphas6": 40.78683213340203, "alphas7": 31.66627809306861, "alphas8": 6.593431589485124, "alphas9": 55.30160687603315}, "datetime": {"datetime": "2018-12-18 18:53:03", "elapsed": 15199.729916, "delta": 128.421005}}
{"target": 0.08719852453529715, "params": {"alphas0": 2.0241952339674163, "alphas1": 52.04529660676237, "alphas10": 2.53610337537552, "alphas11": 57.27103195258819, "alphas12": 30.336797530080947, "alphas13": 56.1898307694001, "alphas2": 52.316003723091406, "alphas3": 15.186137486330512, "alphas4": 0.3129995739446412, "alphas5": 58.43489838023696, "alphas6": 12.004434835857985, "alphas7": 0.7574243514380519, "alphas8": 0.8681824524389414, "alphas9": 14.326732566570326}, "datetime": {"datetime": "2018-12-18 18:55:07", "elapsed": 15323.577027, "delta": 123.847111}}
{"target": 0.08856276283627854, "params": {"alphas0": 15.714906588476964, "alphas1": 53.86300170491377, "alphas10": 4.080947013746625, "alphas11": 57.55593777537915, "alphas12": 2.736099927878437, "alphas13": 58.02420480600651, "alphas2": 45.485142873649735, "alphas3": 38.66469868861986, "alphas4": 1.2934939440531301, "alphas5": 36.92997254208968, "alphas6": 53.34010341633595, "alphas7": 17.303943695681745, "alphas8": 9.45890640936315, "alphas9": 59.9116987130686}, "datetime": {"datetime": "2018-12-18 18:57:19", "elapsed": 15455.063792, "delta": 131.486765}}
{"target": 0.08729145841155572, "params": {"alphas0": 1.5707546397370797, "alphas1": 26.878013926806513, "alphas10": 1.1157732974446155, "alphas11": 38.405199793855466, "alphas12": 55.03957104043091, "alphas13": 58.79113069713618, "alphas2": 52.949611088403486, "alphas3": 59.153809943427305, "alphas4": 13.678211887494577, "alphas5": 57.97476449725845, "alphas6": 49.027960347783775, "alphas7": 57.70693238273643, "alphas8": 3.6107382930232257, "alphas9": 31.05187005167655}, "datetime": {"datetime": "2018-12-18 18:59:40", "elapsed": 15596.42083, "delta": 141.357038}}
{"target": 0.08821006118681851, "params": {"alphas0": 2.3324074375808235, "alphas1": 55.74730696651195, "alphas10": 1.6730390208041968, "alphas11": 8.060326733067008, "alphas12": 34.00245937308078, "alphas13": 58.83518774187739, "alphas2": 50.13816336042613, "alphas3": 15.994195046104405, "alphas4": 8.812536799267498, "alphas5": 54.69924366444584, "alphas6": 42.868349542733085, "alphas7": 13.899607585915101, "alphas8": 1.2756704940006203, "alphas9": 53.03383667720683}, "datetime": {"datetime": "2018-12-18 19:01:52", "elapsed": 15728.583577, "delta": 132.162747}}
{"target": 0.0881424235720391, "params": {"alphas0": 3.2823278745813833, "alphas1": 58.05614857937605, "alphas10": 7.058861597469166, "alphas11": 4.727187019518217, "alphas12": 55.67310733548152, "alphas13": 57.71022776709878, "alphas2": 11.461062372193007, "alphas3": 57.903090252127456, "alphas4": 11.297275338912371, "alphas5": 21.572294874752124, "alphas6": 49.54150936443498, "alphas7": 57.32550352702876, "alphas8": 1.820255887578972, "alphas9": 42.971341059951754}, "datetime": {"datetime": "2018-12-18 19:04:01", "elapsed": 15856.955572, "delta": 128.371995}}
{"target": 0.0860357382243629, "params": {"alphas0": 0.8685612592724024, "alphas1": 53.650110645738884, "alphas10": 5.445862165782893, "alphas11": 46.1588071671831, "alphas12": 41.44106481299448, "alphas13": 55.67548576194177, "alphas2": 44.28474993317504, "alphas3": 47.756729814287254, "alphas4": 18.79420437143747, "alphas5": 45.460453291720036, "alphas6": 49.65036835027639, "alphas7": 2.37195717533631, "alphas8": 32.830899665718654, "alphas9": 56.74898942707385}, "datetime": {"datetime": "2018-12-18 19:06:11", "elapsed": 15987.658417, "delta": 130.702845}}
{"target": 0.08824382495479872, "params": {"alphas0": 0.335501726837959, "alphas1": 58.61057975335045, "alphas10": 5.613941099134263, "alphas11": 50.37123134088675, "alphas12": 53.30369663271776, "alphas13": 56.42754006977975, "alphas2": 29.131682941088645, "alphas3": 22.174062523184197, "alphas4": 13.893727455453604, "alphas5": 48.64064539023251, "alphas6": 8.353417256567058, "alphas7": 48.68908965654324, "alphas8": 1.7841561456047828, "alphas9": 56.58305564603058}, "datetime": {"datetime": "2018-12-18 19:08:21", "elapsed": 16117.1619, "delta": 129.503483}}
{"target": 0.08489153607343489, "params": {"alphas0": 7.125647621453332, "alphas1": 58.475464665666586, "alphas10": 13.62532888738625, "alphas11": 56.49019983398259, "alphas12": 12.748655416587258, "alphas13": 55.153996821985835, "alphas2": 57.5810023369164, "alphas3": 40.98725272252837, "alphas4": 2.243538694238423, "alphas5": 0.9617734069380002, "alphas6": 35.69080634398592, "alphas7": 7.534791277227377, "alphas8": 0.44323777895576955, "alphas9": 19.1107232612329}, "datetime": {"datetime": "2018-12-18 19:10:26", "elapsed": 16242.759009, "delta": 125.597109}}
{"target": 0.08812668581601284, "params": {"alphas0": 5.070186311076248, "alphas1": 55.42580050518459, "alphas10": 2.957646991594187, "alphas11": 36.990309186702945, "alphas12": 59.400272956286805, "alphas13": 53.56573435640997, "alphas2": 50.701656492653086, "alphas3": 42.873356320043925, "alphas4": 5.392974875852044, "alphas5": 54.22968036073407, "alphas6": 50.38990565227543, "alphas7": 52.16151397979661, "alphas8": 0.5440195587697039, "alphas9": 59.345853673660784}, "datetime": {"datetime": "2018-12-18 19:12:32", "elapsed": 16368.668827, "delta": 125.909818}}
{"target": 0.08844382606395293, "params": {"alphas0": 1.3941824044975593, "alphas1": 59.71754708520866, "alphas10": 6.338359573289917, "alphas11": 28.932813092509267, "alphas12": 46.62337206481198, "alphas13": 51.44776138746109, "alphas2": 58.48579336994104, "alphas3": 50.60616563116105, "alphas4": 4.507089238089515, "alphas5": 47.036515771539676, "alphas6": 49.7124343785299, "alphas7": 37.04239042133362, "alphas8": 3.842981046777565, "alphas9": 45.54001125258731}, "datetime": {"datetime": "2018-12-18 19:14:50", "elapsed": 16506.518135, "delta": 137.849308}}
{"target": 0.08817308536114543, "params": {"alphas0": 5.553950372624832, "alphas1": 57.80115858846191, "alphas10": 13.484669105173568, "alphas11": 53.66461019985829, "alphas12": 47.32066891033745, "alphas13": 59.89946728601833, "alphas2": 45.63644110878316, "alphas3": 54.29964773925882, "alphas4": 35.141685264165005, "alphas5": 37.69082439851554, "alphas6": 44.43417285261909, "alphas7": 9.763226009080707, "alphas8": 3.6402220310851696, "alphas9": 57.72584172035219}, "datetime": {"datetime": "2018-12-18 19:16:55", "elapsed": 16631.720015, "delta": 125.20188}}
{"target": 0.08822893621723849, "params": {"alphas0": 1.7561640523551336, "alphas1": 53.503814453096034, "alphas10": 2.4589562489887484, "alphas11": 45.141031363554355, "alphas12": 11.539648401021044, "alphas13": 53.719204095783255, "alphas2": 53.24131582886452, "alphas3": 22.420629592737665, "alphas4": 45.77297249034023, "alphas5": 41.75557559602251, "alphas6": 58.891158025346094, "alphas7": 48.88713341902366, "alphas8": 4.098167111535398, "alphas9": 47.29123703719116}, "datetime": {"datetime": "2018-12-18 19:19:12", "elapsed": 16768.621077, "delta": 136.901062}}
{"target": 0.08838149568160042, "params": {"alphas0": 2.1555079015277445, "alphas1": 47.04443827413528, "alphas10": 0.598385985334009, "alphas11": 57.02285852260362, "alphas12": 46.70118657970558, "alphas13": 59.46756962617179, "alphas2": 14.507519783826382, "alphas3": 55.099173146576575, "alphas4": 2.4914658577872717, "alphas5": 18.801552153380385, "alphas6": 25.64952241521464, "alphas7": 34.79732440988222, "alphas8": 3.4526954369704366, "alphas9": 50.270483059968804}, "datetime": {"datetime": "2018-12-18 19:21:11", "elapsed": 16886.899299, "delta": 118.278222}}
{"target": 0.08833675430166865, "params": {"alphas0": 4.17341142914839, "alphas1": 53.06121111237205, "alphas10": 8.909186067835776, "alphas11": 53.46383610748614, "alphas12": 31.040058428261748, "alphas13": 57.728116638172224, "alphas2": 19.34000314097562, "alphas3": 55.64843237256661, "alphas4": 5.35997550762656, "alphas5": 28.397652404965754, "alphas6": 50.13101497254453, "alphas7": 29.308497424829216, "alphas8": 4.8682465716979095, "alphas9": 53.08162631963133}, "datetime": {"datetime": "2018-12-18 19:23:14", "elapsed": 17010.811717, "delta": 123.912418}}
{"target": 0.08860188864822055, "params": {"alphas0": 10.07944967454836, "alphas1": 56.73232755308506, "alphas10": 2.3567218640817966, "alphas11": 46.6857487910353, "alphas12": 55.594515298126765, "alphas13": 53.89947037508844, "alphas2": 54.76909813569753, "alphas3": 50.169099033000656, "alphas4": 9.864498441231648, "alphas5": 58.41284024067814, "alphas6": 37.01421283857865, "alphas7": 44.42683805273328, "alphas8": 5.0602010139398885, "alphas9": 32.725874584349924}, "datetime": {"datetime": "2018-12-18 19:25:19", "elapsed": 17135.707021, "delta": 124.895304}}
{"target": 0.08777455441378465, "params": {"alphas0": 8.518116796679337, "alphas1": 55.08603315724526, "alphas10": 2.276119304532096, "alphas11": 19.471499486885506, "alphas12": 23.15597865609978, "alphas13": 56.09258790108607, "alphas2": 28.421121402760292, "alphas3": 57.04455463681706, "alphas4": 3.8890925625414963, "alphas5": 0.6809320150777198, "alphas6": 44.55090666599471, "alphas7": 17.0501389700778, "alphas8": 1.4174328101642653, "alphas9": 51.17175859208195}, "datetime": {"datetime": "2018-12-18 19:27:27", "elapsed": 17263.064446, "delta": 127.357425}}
{"target": 0.08811726880791435, "params": {"alphas0": 0.7650279940104987, "alphas1": 59.43217586448653, "alphas10": 6.168040112788685, "alphas11": 59.00411257706877, "alphas12": 43.498856376087346, "alphas13": 59.761905773424175, "alphas2": 41.68038500499805, "alphas3": 42.03747177133212, "alphas4": 57.38405974651853, "alphas5": 24.45221118497247, "alphas6": 46.82819500425458, "alphas7": 37.84420975978537, "alphas8": 12.824690165510596, "alphas9": 41.1032351119981}, "datetime": {"datetime": "2018-12-18 19:29:29", "elapsed": 17384.917859, "delta": 121.853413}}
{"target": 0.08787711339405493, "params": {"alphas0": 7.117347164613919, "alphas1": 52.50767078089192, "alphas10": 6.465508434221345, "alphas11": 26.334365876471097, "alphas12": 49.59118762180964, "alphas13": 57.75230144456874, "alphas2": 1.894787462772174, "alphas3": 55.444943867058484, "alphas4": 14.401889571750575, "alphas5": 42.809504005876455, "alphas6": 39.74729318122068, "alphas7": 3.2286855763091338, "alphas8": 0.5192825433854376, "alphas9": 52.01702884620226}, "datetime": {"datetime": "2018-12-18 19:31:29", "elapsed": 17505.697381, "delta": 120.779522}}
{"target": 0.08779881471884265, "params": {"alphas0": 2.5401528582271493, "alphas1": 57.94553900601204, "alphas10": 1.9074043389697626, "alphas11": 10.88960727672919, "alphas12": 12.440185982930432, "alphas13": 59.34674959815733, "alphas2": 32.93353137130125, "alphas3": 43.20250764029324, "alphas4": 47.914433542459975, "alphas5": 59.088442242941774, "alphas6": 59.77102542626888, "alphas7": 28.849187803318365, "alphas8": 12.595893954118722, "alphas9": 56.54139314201774}, "datetime": {"datetime": "2018-12-18 19:33:55", "elapsed": 17651.808206, "delta": 146.110825}}
{"target": 0.08810809082418128, "params": {"alphas0": 1.062645395517705, "alphas1": 57.49437857769711, "alphas10": 0.6933703383303724, "alphas11": 25.475887350600377, "alphas12": 59.89077181947508, "alphas13": 57.033667983647184, "alphas2": 12.087244669085832, "alphas3": 47.21343521092096, "alphas4": 44.74600528247601, "alphas5": 32.66458592929518, "alphas6": 12.507955717069432, "alphas7": 24.037614476471138, "alphas8": 2.678497952012715, "alphas9": 57.810985799401045}, "datetime": {"datetime": "2018-12-18 19:36:10", "elapsed": 17786.122339, "delta": 134.314133}}
{"target": 0.08855265089321318, "params": {"alphas0": 9.77115459843162, "alphas1": 42.24877877226728, "alphas10": 1.4807377828285073, "alphas11": 51.40277317980275, "alphas12": 18.13945229680016, "alphas13": 55.77469139483525, "alphas2": 44.60380544002557, "alphas3": 54.677577699041414, "alphas4": 0.40501089624522146, "alphas5": 42.2314909252358, "alphas6": 40.82055380030539, "alphas7": 17.942122661083733, "alphas8": 4.739794960951311, "alphas9": 51.66136490763351}, "datetime": {"datetime": "2018-12-18 19:38:19", "elapsed": 17915.441943, "delta": 129.319604}}
{"target": 0.08847604861923367, "params": {"alphas0": 3.1928518834525743, "alphas1": 52.101689851697714, "alphas10": 1.8620678853124062, "alphas11": 58.121934004470596, "alphas12": 36.99063154329519, "alphas13": 55.691401331904075, "alphas2": 50.412655867459, "alphas3": 24.618130251407447, "alphas4": 16.70483335469465, "alphas5": 33.20068171014051, "alphas6": 58.2531602852971, "alphas7": 6.4258633117989605, "alphas8": 10.468813590497978, "alphas9": 55.84111274989955}, "datetime": {"datetime": "2018-12-18 19:40:33", "elapsed": 18049.726671, "delta": 134.284728}}
{"target": 0.08778750307461776, "params": {"alphas0": 10.355012333800154, "alphas1": 54.60939335453282, "alphas10": 0.0827766504072569, "alphas11": 48.570040716734205, "alphas12": 29.9968712719419, "alphas13": 49.40778102302623, "alphas2": 43.60053115611707, "alphas3": 26.695668247778535, "alphas4": 8.830429031483366, "alphas5": 30.457730390216238, "alphas6": 55.68273798637267, "alphas7": 36.09153449499184, "alphas8": 0.4154626926552707, "alphas9": 55.00816948229953}, "datetime": {"datetime": "2018-12-18 19:42:48", "elapsed": 18184.79931, "delta": 135.072639}}
{"target": 0.0870025723063524, "params": {"alphas0": 33.221008120956135, "alphas1": 59.01809046950342, "alphas10": 2.492142466312033, "alphas11": 52.040215730517055, "alphas12": 59.794215066168555, "alphas13": 55.00829435058343, "alphas2": 38.08630829388314, "alphas3": 48.000239828405995, "alphas4": 19.085160501848534, "alphas5": 26.746271689324082, "alphas6": 47.14606087045277, "alphas7": 21.886158732740707, "alphas8": 1.8253214205871982, "alphas9": 52.47218425466769}, "datetime": {"datetime": "2018-12-18 19:44:57", "elapsed": 18313.664988, "delta": 128.865678}}
{"target": 0.0882080780668505, "params": {"alphas0": 0.9069803941311516, "alphas1": 46.19985442477759, "alphas10": 1.4402617443279264, "alphas11": 56.087738602775744, "alphas12": 20.429870250593403, "alphas13": 58.59370531442357, "alphas2": 58.188882473837566, "alphas3": 58.29604467619539, "alphas4": 13.942881594339806, "alphas5": 53.23204608054419, "alphas6": 39.421351580164234, "alphas7": 2.833169652163885, "alphas8": 11.94632222934806, "alphas9": 29.84236793190467}, "datetime": {"datetime": "2018-12-18 19:47:17", "elapsed": 18453.313445, "delta": 139.648457}}
{"target": 0.08800342670202416, "params": {"alphas0": 4.5430441075560735, "alphas1": 48.383509047308195, "alphas10": 1.3614976070407225, "alphas11": 59.017607743026026, "alphas12": 16.061765965679434, "alphas13": 54.470513487432925, "alphas2": 51.6049068999675, "alphas3": 40.535516268596666, "alphas4": 0.12363889815364182, "alphas5": 56.82378152149884, "alphas6": 14.873551771696707, "alphas7": 11.56613975574289, "alphas8": 13.54947313874481, "alphas9": 57.107741235020825}, "datetime": {"datetime": "2018-12-18 19:49:27", "elapsed": 18583.09744, "delta": 129.783995}}
{"target": 0.08791109341771607, "params": {"alphas0": 1.6509580464167173, "alphas1": 57.93981119676821, "alphas10": 1.8104329729136759, "alphas11": 55.98873573807674, "alphas12": 0.4812984432278178, "alphas13": 46.29142042709671, "alphas2": 54.53142598338937, "alphas3": 34.62030280247941, "alphas4": 50.204957263993705, "alphas5": 58.35236039232975, "alphas6": 54.83498779308916, "alphas7": 52.441382598491266, "alphas8": 5.742251995344052, "alphas9": 55.405469052618606}, "datetime": {"datetime": "2018-12-18 19:51:37", "elapsed": 18713.136091, "delta": 130.038651}}
{"target": 0.08704948471189229, "params": {"alphas0": 0.7050315028415244, "alphas1": 31.076097918648266, "alphas10": 4.8787674523818065, "alphas11": 54.41303090372916, "alphas12": 59.635051250217685, "alphas13": 58.21349520289877, "alphas2": 42.27203233563848, "alphas3": 54.72376767038644, "alphas4": 54.075963489630496, "alphas5": 59.60437826493974, "alphas6": 59.04873110228429, "alphas7": 20.052210042801494, "alphas8": 10.072225367609944, "alphas9": 46.910333010528966}, "datetime": {"datetime": "2018-12-18 19:54:00", "elapsed": 18856.041909, "delta": 142.905818}}
{"target": 0.08778317576030295, "params": {"alphas0": 8.154490812893409, "alphas1": 59.8709603278697, "alphas10": 0.6085410689915172, "alphas11": 43.38727701504204, "alphas12": 1.555788451986475, "alphas13": 54.46589028224906, "alphas2": 44.298715880303, "alphas3": 13.06587157877779, "alphas4": 1.2048862986342912, "alphas5": 57.491636096076824, "alphas6": 56.71744610712909, "alphas7": 8.775555040926319, "alphas8": 1.2753525472582061, "alphas9": 57.40256914145998}, "datetime": {"datetime": "2018-12-18 19:56:12", "elapsed": 18987.917434, "delta": 131.875525}}
