{"target": 0.08557664487333579, "params": {"alphas0": 17.376208880146343, "alphas1": 24.864598586646135, "alphas10": 27.225854768842012, "alphas11": 20.239770147154637, "alphas12": 23.3668783804507, "alphas13": 34.74469513739619, "alphas2": 49.17703396240734, "alphas3": 17.56613514029899, "alphas4": 29.726264919100565, "alphas5": 33.92117579222939, "alphas6": 31.092665942552514, "alphas7": 31.983719930153992, "alphas8": 32.5672843727204, "alphas9": 19.93323525547661}, "datetime": {"datetime": "2018-12-18 14:39:44", "elapsed": 0.0, "delta": 0.0}}
{"target": 0.08221768341885712, "params": {"alphas0": 0.6600082485113345, "alphas1": 4.071994573601108, "alphas10": 15.828776064316179, "alphas11": 58.906119127594536, "alphas12": 41.122514453792974, "alphas13": 52.01559719382426, "alphas2": 8.910582562943198, "alphas3": 5.112191770196133, "alphas4": 47.94078296325176, "alphas5": 40.046779681707235, "alphas6": 54.6090189310031, "alphas7": 6.972834293116663, "alphas8": 40.42509722340999, "alphas9": 38.26956551672274}, "datetime": {"datetime": "2018-12-18 14:39:56", "elapsed": 12.261922, "delta": 12.261922}}
{"target": 0.08621783039268287, "params": {"alphas0": 5.6621020053752495, "alphas1": 57.761883898727554, "alphas10": 28.743259383530205, "alphas11": 7.268562658627989, "alphas12": 14.353470607372849, "alphas13": 4.49114170178521, "alphas2": 36.23545168204539, "alphas3": 43.57850723966609, "alphas4": 22.600440674072356, "alphas5": 46.77984585918757, "alphas6": 33.79329592247247, "alphas7": 2.6481011649155395, "alphas8": 28.112659888035957, "alphas9": 38.34320159340828}, "datetime": {"datetime": "2018-12-18 14:40:27", "elapsed": 42.852368, "delta": 30.590446}}
{"target": 0.08585483746633119, "params": {"alphas0": 18.898769515290738, "alphas1": 48.465601733018566, "alphas10": 52.33093721956737, "alphas11": 43.32210000894626, "alphas12": 6.593613617254062, "alphas13": 20.684602834895262, "alphas2": 31.145470848851275, "alphas3": 43.98221259491364, "alphas4": 47.2961341790117, "alphas5": 32.15965791509786, "alphas6": 18.015801945504876, "alphas7": 31.504138862594044, "alphas8": 19.230682551525845, "alphas9": 25.22076700598966}, "datetime": {"datetime": "2018-12-18 14:40:38", "elapsed": 54.457432, "delta": 11.605064}}
{"target": 0.08329987213226794, "params": {"alphas0": 28.437350439024712, "alphas1": 52.81539112266797, "alphas10": 7.528084397971648, "alphas11": 16.244067455117207, "alphas12": 29.353259593450346, "alphas13": 15.846580778416545, "alphas2": 20.166354070037453, "alphas3": 13.447567178266171, "alphas4": 51.19423477769935, "alphas5": 54.68629584382426, "alphas6": 30.295185450375598, "alphas7": 13.44649001702127, "alphas8": 58.02447386853932, "alphas9": 8.142234045319082}, "datetime": {"datetime": "2018-12-18 14:40:50", "elapsed": 66.515051, "delta": 12.057619}}
{"target": 0.08569507586496047, "params": {"alphas0": 13.039290840590194, "alphas1": 42.23416696816564, "alphas10": 49.3180172893464, "alphas11": 28.11039839119654, "alphas12": 18.782800365866137, "alphas13": 14.752417728205234, "alphas2": 42.51695337730264, "alphas3": 30.718704509146, "alphas4": 53.747862633083216, "alphas5": 20.57446996959599, "alphas6": 26.790209943907634, "alphas7": 11.365201316184256, "alphas8": 30.884823787072406, "alphas9": 34.47611585180946}, "datetime": {"datetime": "2018-12-18 14:41:03", "elapsed": 78.839156, "delta": 12.324105}}
{"target": 0.08541440216896173, "params": {"alphas0": 18.436500323629236, "alphas1": 57.17240760302091, "alphas10": 48.52184535316581, "alphas11": 18.86431966142108, "alphas12": 58.921392347022106, "alphas13": 28.013843561123814, "alphas2": 35.53534336160708, "alphas3": 1.7904827894025521, "alphas4": 39.19960828799232, "alphas5": 10.106591840953318, "alphas6": 54.37961623805742, "alphas7": 32.206247360875466, "alphas8": 10.98690887505965, "alphas9": 23.432305427209442}, "datetime": {"datetime": "2018-12-18 14:41:14", "elapsed": 90.280309, "delta": 11.441153}}
{"target": 0.08633666882951306, "params": {"alphas0": 34.195499595057804, "alphas1": 54.1995388451033, "alphas10": 54.950394812775116, "alphas11": 34.63352419864032, "alphas12": 45.390176685436344, "alphas13": 30.3186825794415, "alphas2": 40.54962018474146, "alphas3": 51.10343447540067, "alphas4": 11.27586729543231, "alphas5": 50.68728253100219, "alphas6": 42.31068040976067, "alphas7": 31.32326105051316, "alphas8": 26.47553687730334, "alphas9": 38.54108893134991}, "datetime": {"datetime": "2018-12-18 14:41:40", "elapsed": 115.880333, "delta": 25.600024}}
{"target": 0.0861503970967258, "params": {"alphas0": 48.7957134226759, "alphas1": 12.76250498680432, "alphas10": 50.344172699820525, "alphas11": 33.563241515791475, "alphas12": 39.66084914165409, "alphas13": 30.66446908133399, "alphas2": 22.674582227582334, "alphas3": 10.072388205993935, "alphas4": 42.496291772755185, "alphas5": 54.4348448577025, "alphas6": 25.798901975473274, "alphas7": 57.92903287554645, "alphas8": 24.582840295644644, "alphas9": 48.655530050727364}, "datetime": {"datetime": "2018-12-18 14:41:51", "elapsed": 127.588833, "delta": 11.7085}}
{"target": 0.08594687299405471, "params": {"alphas0": 50.591955231721634, "alphas1": 25.42969241112869, "alphas10": 25.855896815653562, "alphas11": 51.78973755004972, "alphas12": 34.81231982816482, "alphas13": 33.537532001204795, "alphas2": 41.5332668156448, "alphas3": 15.068101819098732, "alphas4": 44.99763554485513, "alphas5": 7.016462970165791, "alphas6": 47.76033014638992, "alphas7": 18.145745422167, "alphas8": 43.253995276374795, "alphas9": 49.33345991148586}, "datetime": {"datetime": "2018-12-18 14:42:03", "elapsed": 139.318466, "delta": 11.729633}}
{"target": 0.08528189494531399, "params": {"alphas0": 21.713681515506362, "alphas1": 1.4513979296103763, "alphas10": 15.417145593362047, "alphas11": 15.1405747268027, "alphas12": 34.14544519729804, "alphas13": 6.0672531954860816, "alphas2": 54.26240441923267, "alphas3": 15.023609910751228, "alphas4": 37.27658594760468, "alphas5": 31.45393875746636, "alphas6": 44.783440368776304, "alphas7": 3.8351815430266956, "alphas8": 20.84545968647257, "alphas9": 52.95065941667035}, "datetime": {"datetime": "2018-12-18 14:42:14", "elapsed": 150.823006, "delta": 11.50454}}
{"target": 0.08602603101386529, "params": {"alphas0": 50.486765150919545, "alphas1": 19.208167939569122, "alphas10": 14.26798579312511, "alphas11": 40.44290299387093, "alphas12": 52.29462996299617, "alphas13": 26.714410837579912, "alphas2": 25.446067697784372, "alphas3": 55.407971567921216, "alphas4": 41.00241016957391, "alphas5": 27.22670317517587, "alphas6": 10.21243863725861, "alphas7": 55.408305921997474, "alphas8": 34.35231454639442, "alphas9": 57.59676413985469}, "datetime": {"datetime": "2018-12-18 14:42:26", "elapsed": 162.438154, "delta": 11.615148}}
{"target": 0.08583286078167887, "params": {"alphas0": 31.352811359101644, "alphas1": 39.80252091091896, "alphas10": 45.392717654349745, "alphas11": 25.694458303729736, "alphas12": 22.840488618087093, "alphas13": 56.20790420624145, "alphas2": 51.92061986581571, "alphas3": 27.55328627880125, "alphas4": 0.5388433831387207, "alphas5": 54.40787729025173, "alphas6": 16.75371265269503, "alphas7": 18.842781833644274, "alphas8": 11.655560430646618, "alphas9": 10.184182432570362}, "datetime": {"datetime": "2018-12-18 14:42:38", "elapsed": 174.0992, "delta": 11.661046}}
{"target": 0.08339282128858021, "params": {"alphas0": 11.447567346405826, "alphas1": 0.332790895885966, "alphas10": 51.66840357146504, "alphas11": 33.41963721670064, "alphas12": 17.625758509920363, "alphas13": 3.513823275083352, "alphas2": 9.852250384297502, "alphas3": 7.798020345687508, "alphas4": 3.8441177016931016, "alphas5": 10.76053127560349, "alphas6": 13.302552156258809, "alphas7": 14.83597185965667, "alphas8": 34.275733381762194, "alphas9": 25.24684008735475}, "datetime": {"datetime": "2018-12-18 14:42:49", "elapsed": 185.023033, "delta": 10.923833}}
{"target": 0.08514993937062242, "params": {"alphas0": 36.72943615802655, "alphas1": 16.78508927802274, "alphas10": 59.622142744726325, "alphas11": 18.642935505606626, "alphas12": 0.9707407532828327, "alphas13": 42.601114770976345, "alphas2": 16.271409926649596, "alphas3": 11.449361852697884, "alphas4": 36.95172495439479, "alphas5": 1.6358452265323842, "alphas6": 27.11900426677454, "alphas7": 51.048144196137365, "alphas8": 27.582536380261185, "alphas9": 4.0611503077992595}, "datetime": {"datetime": "2018-12-18 14:43:01", "elapsed": 197.389208, "delta": 12.366175}}
{"target": 0.08595096260754638, "params": {"alphas0": 25.939411892158688, "alphas1": 21.478921933162358, "alphas10": 43.34705870639446, "alphas11": 21.92633003242851, "alphas12": 14.349489456360187, "alphas13": 19.391288560255447, "alphas2": 5.3188102451174935, "alphas3": 44.14135126182109, "alphas4": 16.627171912530493, "alphas5": 29.86626022626076, "alphas6": 27.893071501226277, "alphas7": 53.22174216890801, "alphas8": 13.271808640382666, "alphas9": 44.22623329497524}, "datetime": {"datetime": "2018-12-18 14:43:13", "elapsed": 208.9404, "delta": 11.551192}}
{"target": 0.08510763793899966, "params": {"alphas0": 55.369584405317845, "alphas1": 13.186407513624852, "alphas10": 53.5407257254387, "alphas11": 54.980883171792534, "alphas12": 51.29718604004403, "alphas13": 33.57445369940413, "alphas2": 43.71666535643989, "alphas3": 0.7419533222006058, "alphas4": 9.308839847226091, "alphas5": 59.01171273887776, "alphas6": 53.25527987314753, "alphas7": 23.120893702136534, "alphas8": 57.388354723083715, "alphas9": 45.83188622830859}, "datetime": {"datetime": "2018-12-18 14:43:24", "elapsed": 220.57616, "delta": 11.63576}}
{"target": 0.08527609794892808, "params": {"alphas0": 50.55753673161142, "alphas1": 19.18733412917002, "alphas10": 59.13739669538523, "alphas11": 32.183729209297965, "alphas12": 3.6116659219890335, "alphas13": 21.93708210672005, "alphas2": 22.229789963052774, "alphas3": 48.269250691366466, "alphas4": 40.45191254220093, "alphas5": 48.752596792697574, "alphas6": 51.48883516289749, "alphas7": 59.05245284918537, "alphas8": 12.672300963834918, "alphas9": 10.233714711929863}, "datetime": {"datetime": "2018-12-18 14:43:36", "elapsed": 232.332782, "delta": 11.756622}}
{"target": 0.08729927264347721, "params": {"alphas0": 43.878995016341165, "alphas1": 26.992305588653526, "alphas10": 25.349817303225763, "alphas11": 1.798774126327869, "alphas12": 8.66613114253834, "alphas13": 41.80247291906698, "alphas2": 40.958376420124566, "alphas3": 8.870822288276532, "alphas4": 59.85824061912227, "alphas5": 58.79103506633146, "alphas6": 18.53849327683674, "alphas7": 7.3726363738513285, "alphas8": 16.814499466443436, "alphas9": 53.700043408778875}, "datetime": {"datetime": "2018-12-18 14:44:02", "elapsed": 258.04569, "delta": 25.712908}}
{"target": 0.08402832029304139, "params": {"alphas0": 53.29051321238152, "alphas1": 16.442189117753838, "alphas10": 21.909625481626666, "alphas11": 19.76114178521148, "alphas12": 11.817106534158206, "alphas13": 18.010557340211044, "alphas2": 19.063265792240564, "alphas3": 6.1987635041879425, "alphas4": 16.820185303976736, "alphas5": 59.75135494553841, "alphas6": 22.513169688645938, "alphas7": 43.43400640525242, "alphas8": 50.816280167535524, "alphas9": 4.368086283308736}, "datetime": {"datetime": "2018-12-18 14:44:13", "elapsed": 269.551511, "delta": 11.505821}}
{"target": 0.08503126190658217, "params": {"alphas0": 58.54343375664176, "alphas1": 58.77478774677043, "alphas10": 24.90554576184087, "alphas11": 40.078796469571365, "alphas12": 0.01754565886392445, "alphas13": 16.961445396491893, "alphas2": 59.953583057650874, "alphas3": 50.79581676319604, "alphas4": 52.85074759145024, "alphas5": 1.933438323155039, "alphas6": 23.60953699100109, "alphas7": 58.495389810597295, "alphas8": 3.7183544307284433, "alphas9": 54.66575036433253}, "datetime": {"datetime": "2018-12-18 14:44:47", "elapsed": 302.861386, "delta": 33.309875}}
{"target": 0.08497241242970567, "params": {"alphas0": 57.3717987206949, "alphas1": 57.93629354725531, "alphas10": 40.8512672748127, "alphas11": 6.273690764965762, "alphas12": 51.24361361107251, "alphas13": 58.49805397395689, "alphas2": 58.857096985836755, "alphas3": 56.75497333574522, "alphas4": 10.706322446411285, "alphas5": 33.660137120357206, "alphas6": 16.11505776321262, "alphas7": 58.62400752213998, "alphas8": 3.195610361072998, "alphas9": 50.30080776402229}, "datetime": {"datetime": "2018-12-18 14:45:20", "elapsed": 335.948425, "delta": 33.087039}}
{"target": 0.08532651988156059, "params": {"alphas0": 56.39293049013671, "alphas1": 50.08271295047224, "alphas10": 57.17890031591391, "alphas11": 27.937136635537446, "alphas12": 1.4743265408222461, "alphas13": 51.64431234076011, "alphas2": 58.886318285089175, "alphas3": 46.763744880808346, "alphas4": 59.21295317527213, "alphas5": 59.96111841575983, "alphas6": 4.631230911061701, "alphas7": 8.320546915737934, "alphas8": 8.476859942880058, "alphas9": 50.586335352144445}, "datetime": {"datetime": "2018-12-18 14:45:53", "elapsed": 368.926758, "delta": 32.978333}}
{"target": 0.0844043195448699, "params": {"alphas0": 49.10330623130177, "alphas1": 57.5204181434806, "alphas10": 57.739673815150375, "alphas11": 17.383116946452333, "alphas12": 0.988204635444927, "alphas13": 30.95197847524705, "alphas2": 58.26455712582545, "alphas3": 57.10055438889886, "alphas4": 49.93549932489586, "alphas5": 53.486858579999556, "alphas6": 59.89178973386867, "alphas7": 8.726776838115846, "alphas8": 1.6080032680186118, "alphas9": 56.49535088068416}, "datetime": {"datetime": "2018-12-18 14:46:27", "elapsed": 403.244775, "delta": 34.318017}}
{"target": 0.08460016137347605, "params": {"alphas0": 1.0139537122914488, "alphas1": 3.5739583129752206, "alphas10": 57.277951646623556, "alphas11": 5.386773728321765, "alphas12": 59.27991112069369, "alphas13": 26.823833023175737, "alphas2": 59.686840834591386, "alphas3": 58.478716201785524, "alphas4": 11.64074305297019, "alphas5": 26.44716363053317, "alphas6": 16.898292910306832, "alphas7": 53.15477349206664, "alphas8": 19.24919774941133, "alphas9": 52.89268495344523}, "datetime": {"datetime": "2018-12-18 14:47:01", "elapsed": 437.40865, "delta": 34.163875}}
{"target": 0.08361661094713414, "params": {"alphas0": 55.030905047758836, "alphas1": 59.29555758805421, "alphas10": 35.28511395093088, "alphas11": 9.190726685384753, "alphas12": 55.58709364510487, "alphas13": 0.8760921345531902, "alphas2": 50.42415262073118, "alphas3": 7.351132820077826, "alphas4": 49.22455288343484, "alphas5": 0.2689588300446588, "alphas6": 12.370462311859225, "alphas7": 3.3938216332392512, "alphas8": 7.2460605366734825, "alphas9": 59.62052894909854}, "datetime": {"datetime": "2018-12-18 14:47:35", "elapsed": 471.099418, "delta": 33.690768}}
{"target": 0.08817813916319124, "params": {"alphas0": 17.66895786911629, "alphas1": 50.00988687750732, "alphas10": 2.7388910636987585, "alphas11": 52.85976445011171, "alphas12": 8.153891156650934, "alphas13": 48.73164431497242, "alphas2": 46.980810241327916, "alphas3": 55.1298646884546, "alphas4": 7.60806956936433, "alphas5": 58.69898822663345, "alphas6": 15.25027061398015, "alphas7": 53.94278070901679, "alphas8": 3.134657095518778, "alphas9": 59.88027480739301}, "datetime": {"datetime": "2018-12-18 14:48:23", "elapsed": 519.338025, "delta": 48.238607}}
{"target": 0.0862371970974582, "params": {"alphas0": 4.5612737262967595, "alphas1": 14.538835812219366, "alphas10": 5.515313126084507, "alphas11": 53.25070263618617, "alphas12": 27.28115420655308, "alphas13": 2.9562643407958134, "alphas2": 59.711919637686144, "alphas3": 4.514442519102504, "alphas4": 15.786972042782406, "alphas5": 57.703761852101906, "alphas6": 4.679209348127198, "alphas7": 54.72445529798731, "alphas8": 5.5012045860734755, "alphas9": 59.76256871924095}, "datetime": {"datetime": "2018-12-18 14:48:56", "elapsed": 552.228829, "delta": 32.890804}}
{"target": 0.08639681525674012, "params": {"alphas0": 0.45307929668410907, "alphas1": 58.25290923718999, "alphas10": 3.169119771424189, "alphas11": 56.6365227791206, "alphas12": 0.7135848680656998, "alphas13": 46.28233200193841, "alphas2": 58.07746811147326, "alphas3": 45.708307367319165, "alphas4": 59.39414061190024, "alphas5": 46.90950490491754, "alphas6": 38.206241795483194, "alphas7": 50.58846354013186, "alphas8": 26.720168589808914, "alphas9": 59.01370440775701}, "datetime": {"datetime": "2018-12-18 14:49:30", "elapsed": 585.997966, "delta": 33.769137}}
{"target": 0.08823905534302122, "params": {"alphas0": 6.525025327142124, "alphas1": 54.53153033861979, "alphas10": 5.701643977409923, "alphas11": 1.677446771036808, "alphas12": 4.356020013009609, "alphas13": 56.243870640991254, "alphas2": 3.0728559995975324, "alphas3": 6.6884469942456874, "alphas4": 50.68578997211346, "alphas5": 53.051376066421454, "alphas6": 12.382938520758584, "alphas7": 57.38054408668318, "alphas8": 4.7541098273999305, "alphas9": 52.68711670575252}, "datetime": {"datetime": "2018-12-18 14:50:18", "elapsed": 634.316144, "delta": 48.318178}}
{"target": 0.08569834582141278, "params": {"alphas0": 5.345630670981163, "alphas1": 50.39209761329567, "alphas10": 58.6289760341839, "alphas11": 26.863068663639947, "alphas12": 4.280900016254665, "alphas13": 41.762547784895474, "alphas2": 51.65002296530366, "alphas3": 3.728240407061194, "alphas4": 6.346790029896729, "alphas5": 59.89312130025833, "alphas6": 14.485178740975924, "alphas7": 58.958968141714095, "alphas8": 12.149070995707547, "alphas9": 57.94825790827739}, "datetime": {"datetime": "2018-12-18 14:50:53", "elapsed": 669.343258, "delta": 35.027114}}
{"target": 0.08525694218068862, "params": {"alphas0": 5.506094458741235, "alphas1": 49.59126387114187, "alphas10": 0.8171368464669149, "alphas11": 9.7171097532039, "alphas12": 57.20952925352622, "alphas13": 54.561906288290324, "alphas2": 6.760317861912586, "alphas3": 54.89130733676467, "alphas4": 53.6264573316927, "alphas5": 52.30262365789499, "alphas6": 3.6177526211662503, "alphas7": 55.2609626871972, "alphas8": 32.9044817960576, "alphas9": 58.833746903595994}, "datetime": {"datetime": "2018-12-18 14:51:28", "elapsed": 703.881668, "delta": 34.53841}}
{"target": 0.08813372417706719, "params": {"alphas0": 11.89344276002843, "alphas1": 53.33765504772017, "alphas10": 12.624003444933381, "alphas11": 49.593354175978554, "alphas12": 3.090451386767783, "alphas13": 58.59568543736376, "alphas2": 8.273049003351092, "alphas3": 10.277088131417305, "alphas4": 2.2652456914516073, "alphas5": 47.54111930496943, "alphas6": 17.517050518192246, "alphas7": 43.07992604087686, "alphas8": 8.186752142087917, "alphas9": 55.6591542088857}, "datetime": {"datetime": "2018-12-18 14:52:02", "elapsed": 737.900852, "delta": 34.019184}}
{"target": 0.08361410004256332, "params": {"alphas0": 51.36606027308664, "alphas1": 59.542416514777756, "alphas10": 1.6308285071748463, "alphas11": 6.621911655420485, "alphas12": 16.820653000168917, "alphas13": 35.01329384771142, "alphas2": 17.679131042145578, "alphas3": 8.207406366365573, "alphas4": 1.1915367199632887, "alphas5": 34.8568794279534, "alphas6": 40.30402434653819, "alphas7": 56.43068650171719, "alphas8": 2.210886666833871, "alphas9": 51.33386568828924}, "datetime": {"datetime": "2018-12-18 14:52:36", "elapsed": 771.936005, "delta": 34.035153}}
{"target": 0.08474106722944645, "params": {"alphas0": 23.11345716540641, "alphas1": 56.29920587061072, "alphas10": 48.96688834117443, "alphas11": 58.10096777977524, "alphas12": 19.02624851168821, "alphas13": 45.48842524103601, "alphas2": 4.509467504442261, "alphas3": 36.09606683001402, "alphas4": 50.58495585149191, "alphas5": 58.29138021002343, "alphas6": 0.26725624611158016, "alphas7": 4.389843784208947, "alphas8": 1.8135798477228438, "alphas9": 59.64103290043633}, "datetime": {"datetime": "2018-12-18 14:53:10", "elapsed": 806.202751, "delta": 34.266746}}
{"target": 0.08531342859648826, "params": {"alphas0": 6.260059249428247, "alphas1": 58.280312016389445, "alphas10": 56.72016474243796, "alphas11": 59.56962896152576, "alphas12": 12.882448568358404, "alphas13": 37.19758113545155, "alphas2": 57.94391496026732, "alphas3": 15.774083557714162, "alphas4": 45.35426224966459, "alphas5": 44.6567793171867, "alphas6": 2.9586860305255414, "alphas7": 57.179850232004995, "alphas8": 55.35426942746129, "alphas9": 54.391037541307675}, "datetime": {"datetime": "2018-12-18 14:53:44", "elapsed": 840.816525, "delta": 34.613774}}
{"target": 0.08743771115941817, "params": {"alphas0": 0.4744754867804235, "alphas1": 37.25500909560346, "alphas10": 9.659029558115144, "alphas11": 1.3120495081106598, "alphas12": 5.964063834002314, "alphas13": 50.31125143405292, "alphas2": 49.84430597516694, "alphas3": 57.83175081742263, "alphas4": 37.50707301890973, "alphas5": 59.68451986272988, "alphas6": 59.790455202981114, "alphas7": 59.41588431666567, "alphas8": 1.054973061903357, "alphas9": 43.21509740185544}, "datetime": {"datetime": "2018-12-18 14:54:18", "elapsed": 874.529828, "delta": 33.713303}}
{"target": 0.0873007296863375, "params": {"alphas0": 4.384429138973287, "alphas1": 53.76257835832226, "alphas10": 6.474408757207588, "alphas11": 2.5650381312686665, "alphas12": 1.0221858287134578, "alphas13": 58.356971928892676, "alphas2": 59.91252079872638, "alphas3": 48.06788264669917, "alphas4": 51.383109158044796, "alphas5": 43.10531937590516, "alphas6": 12.188599339954562, "alphas7": 53.42895312859255, "alphas8": 0.8023447950346152, "alphas9": 2.0733297903249737}, "datetime": {"datetime": "2018-12-18 14:54:52", "elapsed": 907.878973, "delta": 33.349145}}
