{"target": 0.08817948180074717, "params": {"alphas0": 3.6093911630625097, "alphas1": 55.84317749224595, "alphas10": 1.0867973630104921, "alphas11": 42.41170956247827, "alphas12": 11.70236625043585, "alphas13": 55.770944751551, "alphas2": 52.40502788153115, "alphas3": 32.58109931914479, "alphas4": 21.010423838129796, "alphas5": 47.38853311267392, "alphas6": 42.81831512410426, "alphas7": 43.25973452896736, "alphas8": 1.8838183789551555, "alphas9": 54.51163340950372}, "datetime": {"datetime": "2018-12-18 17:07:03", "elapsed": 8839.025479, "delta": 112.015273}}
{"target": 0.08843529198698705, "params": {"alphas0": 5.875496979760923, "alphas1": 57.99154070327369, "alphas10": 9.345565894607656, "alphas11": 35.291325162509274, "alphas12": 50.23410126474838, "alphas13": 55.241454039376066, "alphas2": 38.35771970380783, "alphas3": 58.82382592341909, "alphas4": 3.517781987047528, "alphas5": 52.21446998135349, "alphas6": 55.4033588787686, "alphas7": 27.723262121057356, "alphas8": 6.603975412213026, "alphas9": 38.650936343490834}, "datetime": {"datetime": "2018-12-18 17:08:57", "elapsed": 8953.35701, "delta": 114.331531}}
{"target": 0.08825406292474981, "params": {"alphas0": 2.0113191759097337, "alphas1": 46.38713151505007, "alphas10": 3.5748259863133858, "alphas11": 44.87078217100623, "alphas12": 16.030147076143997, "alphas13": 59.460949824919005, "alphas2": 24.101973946365966, "alphas3": 53.53285740954296, "alphas4": 5.404047051867353, "alphas5": 46.88180322437011, "alphas6": 31.479657329947717, "alphas7": 4.221595221914265, "alphas8": 9.140324889413511, "alphas9": 57.25877660111716}, "datetime": {"datetime": "2018-12-18 17:10:38", "elapsed": 9054.221935, "delta": 100.864925}}
{"target": 0.08866776954691546, "params": {"alphas0": 0.7348180210765287, "alphas1": 56.9921147607623, "alphas10": 7.769758279513736, "alphas11": 36.888925703829145, "alphas12": 39.309251824661345, "alphas13": 59.6524864071824, "alphas2": 33.9887063119498, "alphas3": 17.399680003213913, "alphas4": 2.3441288910978364, "alphas5": 39.84395072027531, "alphas6": 55.07435147089895, "alphas7": 43.99614804664396, "alphas8": 5.799099690906411, "alphas9": 36.98412538412594}, "datetime": {"datetime": "2018-12-18 17:12:29", "elapsed": 9164.832674, "delta": 110.610739}}
{"target": 0.08885732214602159, "params": {"alphas0": 6.581559375545531, "alphas1": 49.614749517448644, "alphas10": 3.474166081540504, "alphas11": 30.70002607652654, "alphas12": 53.555455746842085, "alphas13": 59.1513128453128, "alphas2": 58.6331432649747, "alphas3": 58.74668853891833, "alphas4": 13.33470040434175, "alphas5": 22.400510784263304, "alphas6": 51.16207980281926, "alphas7": 0.7588538220084518, "alphas8": 3.6139810293963737, "alphas9": 30.25712176592011}, "datetime": {"datetime": "2018-12-18 17:14:33", "elapsed": 9289.475791, "delta": 124.643117}}
{"target": 0.08804339621328806, "params": {"alphas0": 0.46054760130797456, "alphas1": 59.058848977188546, "alphas10": 2.2090618533655326, "alphas11": 24.224628105375114, "alphas12": 27.51653680519508, "alphas13": 51.856583997568556, "alphas2": 53.394986317010286, "alphas3": 59.79378659571027, "alphas4": 1.905281846171738, "alphas5": 45.06137951066465, "alphas6": 57.1770205825603, "alphas7": 9.785543744029157, "alphas8": 13.97077376479202, "alphas9": 49.968809185075344}, "datetime": {"datetime": "2018-12-18 17:16:17", "elapsed": 9393.178646, "delta": 103.702855}}
{"target": 0.08811741245602638, "params": {"alphas0": 4.715107318109379, "alphas1": 55.55133216354158, "alphas10": 4.878431049700582, "alphas11": 7.4121203124911395, "alphas12": 14.776234893126588, "alphas13": 56.35625128795247, "alphas2": 52.83568386012282, "alphas3": 50.740425451724555, "alphas4": 36.357237109489006, "alphas5": 19.885176022770235, "alphas6": 54.65207500508421, "alphas7": 4.259548016367962, "alphas8": 1.1266238333874834, "alphas9": 57.103515399758}, "datetime": {"datetime": "2018-12-18 17:18:02", "elapsed": 9498.756244, "delta": 105.577598}}
{"target": 0.08809758203986147, "params": {"alphas0": 0.08951889483435727, "alphas1": 58.90308592064652, "alphas10": 3.3941914520130023, "alphas11": 46.43390191335016, "alphas12": 31.362770384013285, "alphas13": 55.24875992842454, "alphas2": 8.575798204549006, "alphas3": 42.97160355070962, "alphas4": 17.50299676214618, "alphas5": 22.21954948908587, "alphas6": 59.03353345755941, "alphas7": 22.607372989784427, "alphas8": 8.672210999140937, "alphas9": 58.86765986737882}, "datetime": {"datetime": "2018-12-18 17:19:50", "elapsed": 9606.300499, "delta": 107.544255}}
{"target": 0.08844366129534172, "params": {"alphas0": 13.363803991526142, "alphas1": 58.46563088731541, "alphas10": 2.7420975673902115, "alphas11": 39.273210106851764, "alphas12": 54.2727799600948, "alphas13": 59.29757233146338, "alphas2": 38.0188714019301, "alphas3": 39.82663415679382, "alphas4": 3.2485935259516285, "alphas5": 12.865962071129351, "alphas6": 59.48944717225745, "alphas7": 4.3331786090960955, "alphas8": 6.291749663156299, "alphas9": 33.047180816115706}, "datetime": {"datetime": "2018-12-18 17:21:40", "elapsed": 9716.268658, "delta": 109.968159}}
{"target": 0.08858699173216325, "params": {"alphas0": 9.091099160000901, "alphas1": 44.14849466838581, "alphas10": 0.9121248421407646, "alphas11": 59.96383289612702, "alphas12": 43.44707712172944, "alphas13": 58.639911213716665, "alphas2": 54.303107864954775, "alphas3": 33.59418427857273, "alphas4": 6.597665985984307, "alphas5": 57.81197110267867, "alphas6": 58.92377505868682, "alphas7": 22.11407854572609, "alphas8": 8.554163524757172, "alphas9": 26.039899934076804}, "datetime": {"datetime": "2018-12-18 17:23:35", "elapsed": 9831.305236, "delta": 115.036578}}
{"target": 0.08789278496669081, "params": {"alphas0": 28.340547665892547, "alphas1": 55.365017587371014, "alphas10": 1.2422701885425491, "alphas11": 54.42806134749375, "alphas12": 0.7478816324535198, "alphas13": 59.52108630758123, "alphas2": 50.5084111086652, "alphas3": 45.72726970537202, "alphas4": 14.456923161371872, "alphas5": 58.11317410645698, "alphas6": 40.80807956349469, "alphas7": 0.5642345416727279, "alphas8": 3.570146558247458, "alphas9": 46.519365970429035}, "datetime": {"datetime": "2018-12-18 17:25:20", "elapsed": 9936.436176, "delta": 105.13094}}
{"target": 0.08806202607610497, "params": {"alphas0": 0.8829679055515105, "alphas1": 54.364571077025545, "alphas10": 6.911351015598766, "alphas11": 49.23551344550894, "alphas12": 46.297692937326694, "alphas13": 51.80514277534797, "alphas2": 6.8532325300420265, "alphas3": 49.03265472555343, "alphas4": 27.5923121415743, "alphas5": 52.09246034716876, "alphas6": 56.028006814405835, "alphas7": 16.063309807931326, "alphas8": 2.391828702369203, "alphas9": 53.039238781288994}, "datetime": {"datetime": "2018-12-18 17:27:08", "elapsed": 10044.646505, "delta": 108.210329}}
{"target": 0.08866813386459935, "params": {"alphas0": 3.141691157317892, "alphas1": 59.55998374171679, "alphas10": 6.435899656457602, "alphas11": 43.686342623867745, "alphas12": 45.47772314061338, "alphas13": 59.60067031687118, "alphas2": 59.32324573293495, "alphas3": 50.69722236188817, "alphas4": 19.649725964675596, "alphas5": 51.64729458138862, "alphas6": 23.481849576246525, "alphas7": 3.2566186489709725, "alphas8": 7.466764853948007, "alphas9": 26.79083438359599}, "datetime": {"datetime": "2018-12-18 17:29:01", "elapsed": 10156.9552, "delta": 112.308695}}
{"target": 0.08836501691320782, "params": {"alphas0": 7.100579244735375, "alphas1": 55.676921487241486, "alphas10": 3.191697488011509, "alphas11": 55.731006783580625, "alphas12": 56.390513834365834, "alphas13": 59.20958355352704, "alphas2": 59.49178559007977, "alphas3": 19.448207918661957, "alphas4": 25.8184672577147, "alphas5": 11.150092257747826, "alphas6": 31.478302069584263, "alphas7": 28.72869542112472, "alphas8": 1.8108942051276111, "alphas9": 59.174780589868604}, "datetime": {"datetime": "2018-12-18 17:30:44", "elapsed": 10260.36563, "delta": 103.41043}}
{"target": 0.0883204544893936, "params": {"alphas0": 4.751515853254908, "alphas1": 56.621872962142895, "alphas10": 2.0934188078356075, "alphas11": 56.44200436112543, "alphas12": 38.434300032460705, "alphas13": 55.52385936126972, "alphas2": 51.16469216605668, "alphas3": 0.7523325472904752, "alphas4": 7.56047027481449, "alphas5": 59.04838761294225, "alphas6": 6.4730525048833805, "alphas7": 3.279548300566295, "alphas8": 6.757529578374322, "alphas9": 19.67190380642911}, "datetime": {"datetime": "2018-12-18 17:32:47", "elapsed": 10383.583828, "delta": 123.218198}}
{"target": 0.08788513272518901, "params": {"alphas0": 4.250259696761707, "alphas1": 55.583673892640306, "alphas10": 14.290299149229833, "alphas11": 44.30832394549293, "alphas12": 50.890389257413005, "alphas13": 55.812584474731764, "alphas2": 38.69569557247115, "alphas3": 33.775409987021355, "alphas4": 4.521141832884026, "alphas5": 52.5044719412742, "alphas6": 30.542067984008604, "alphas7": 32.40520880667997, "alphas8": 1.5655927323086494, "alphas9": 51.85671273997966}, "datetime": {"datetime": "2018-12-18 17:34:50", "elapsed": 10506.810364, "delta": 123.226536}}
{"target": 0.08863580466109976, "params": {"alphas0": 7.671082034447676, "alphas1": 39.94727108344543, "alphas10": 3.4475185226910643, "alphas11": 52.75676205484598, "alphas12": 22.948146808475535, "alphas13": 58.89032442431132, "alphas2": 55.910915934890824, "alphas3": 50.300287242312045, "alphas4": 6.785571599051736, "alphas5": 21.36835242214582, "alphas6": 2.600738038165682, "alphas7": 37.37924952343652, "alphas8": 3.619485610667259, "alphas9": 58.55129181185248}, "datetime": {"datetime": "2018-12-18 17:37:05", "elapsed": 10641.672761, "delta": 134.862397}}
{"target": 0.08821965168517641, "params": {"alphas0": 6.225469047123169, "alphas1": 59.289811352708426, "alphas10": 3.2011570944425882, "alphas11": 44.17717969207993, "alphas12": 57.67982351096788, "alphas13": 59.161880272332155, "alphas2": 58.9284355612015, "alphas3": 56.325247754077395, "alphas4": 13.606064227920516, "alphas5": 57.838831249608546, "alphas6": 11.337710511444136, "alphas7": 37.42448915565851, "alphas8": 2.0425981579337327, "alphas9": 36.64891888522109}, "datetime": {"datetime": "2018-12-18 17:39:15", "elapsed": 10771.278657, "delta": 129.605896}}
{"target": 0.0877941656837009, "params": {"alphas0": 5.56398312078654, "alphas1": 25.090507087508776, "alphas10": 0.16736836646745745, "alphas11": 49.67819781837893, "alphas12": 37.55415106533812, "alphas13": 58.01775014265621, "alphas2": 14.688707972830962, "alphas3": 43.159447324851726, "alphas4": 10.375422260771359, "alphas5": 38.16935029083141, "alphas6": 53.05200415884259, "alphas7": 0.8840336499644041, "alphas8": 3.0235856636902314, "alphas9": 54.148072121804276}, "datetime": {"datetime": "2018-12-18 17:41:41", "elapsed": 10917.753185, "delta": 146.474528}}
{"target": 0.0878681413305054, "params": {"alphas0": 3.084900359293874, "alphas1": 49.92060261759223, "alphas10": 2.3904256023326664, "alphas11": 48.48414115388606, "alphas12": 3.466092498178608, "alphas13": 56.43120620511079, "alphas2": 44.297597903737085, "alphas3": 58.583056528582574, "alphas4": 56.866943500895125, "alphas5": 18.623496634654227, "alphas6": 56.647105937048465, "alphas7": 6.546930702707354, "alphas8": 0.4841607558259242, "alphas9": 12.445372956762421}, "datetime": {"datetime": "2018-12-18 17:44:00", "elapsed": 11055.980468, "delta": 138.227283}}
{"target": 0.08749468265995242, "params": {"alphas0": 4.678908471183865, "alphas1": 58.542298936144306, "alphas10": 1.614885300846347, "alphas11": 3.2909023592454556, "alphas12": 42.0381779571977, "alphas13": 56.32220719853731, "alphas2": 49.10059493101539, "alphas3": 3.151487707164753, "alphas4": 2.1667637888768665, "alphas5": 26.95330316336119, "alphas6": 58.25041711592375, "alphas7": 32.91404029754282, "alphas8": 0.31980255499972854, "alphas9": 47.56339069435461}, "datetime": {"datetime": "2018-12-18 17:46:37", "elapsed": 11212.996376, "delta": 157.015908}}
{"target": 0.08812864540563461, "params": {"alphas0": 4.5768159884966675, "alphas1": 45.483441549508115, "alphas10": 0.009132479874209842, "alphas11": 25.31496903599121, "alphas12": 51.14361331192254, "alphas13": 59.96080306490828, "alphas2": 48.69504363257482, "alphas3": 59.01514314876903, "alphas4": 8.389019603724686, "alphas5": 25.27695571727203, "alphas6": 56.97906388008592, "alphas7": 21.418367118568153, "alphas8": 2.009921572179094, "alphas9": 0.19776271799391454}, "datetime": {"datetime": "2018-12-18 17:48:57", "elapsed": 11353.473836, "delta": 140.47746}}
{"target": 0.08844282219408318, "params": {"alphas0": 1.1493856402593061, "alphas1": 57.9505128946689, "alphas10": 7.156863083678184, "alphas11": 15.592720880180611, "alphas12": 20.688454696171583, "alphas13": 59.67729530896705, "alphas2": 52.97129827350994, "alphas3": 56.94962732812514, "alphas4": 5.390909992897514, "alphas5": 59.94813148744916, "alphas6": 17.024696727944594, "alphas7": 26.953077282624935, "alphas8": 9.116539206318311, "alphas9": 58.22445163184164}, "datetime": {"datetime": "2018-12-18 17:51:13", "elapsed": 11489.320604, "delta": 135.846768}}
{"target": 0.08807707858961962, "params": {"alphas0": 1.8314824844168975, "alphas1": 46.164543496500755, "alphas10": 1.2234765636372313, "alphas11": 15.891784523881894, "alphas12": 44.000994580539256, "alphas13": 59.64843518087659, "alphas2": 20.333347426237985, "alphas3": 58.77199352655499, "alphas4": 4.422764871915749, "alphas5": 43.19031609614492, "alphas6": 36.97828839119984, "alphas7": 9.12796964688887, "alphas8": 9.587776774821634, "alphas9": 49.14122823455989}, "datetime": {"datetime": "2018-12-18 17:53:45", "elapsed": 11641.711024, "delta": 152.39042}}
{"target": 0.0881518916832547, "params": {"alphas0": 0.3549347486445087, "alphas1": 59.15785614719439, "alphas10": 2.394989358440336, "alphas11": 55.84480518562282, "alphas12": 1.2563256621269603, "alphas13": 48.64507224280742, "alphas2": 42.18805223353226, "alphas3": 33.12962594036822, "alphas4": 17.729806315313535, "alphas5": 32.41904449083855, "alphas6": 53.68105057815369, "alphas7": 3.3080771636343176, "alphas8": 13.12631249665316, "alphas9": 55.13228654194915}, "datetime": {"datetime": "2018-12-18 17:56:12", "elapsed": 11788.518503, "delta": 146.807479}}
{"target": 0.0881681478498288, "params": {"alphas0": 0.12457398961128074, "alphas1": 53.898908617619426, "alphas10": 1.7414395550491668, "alphas11": 5.890355144987183, "alphas12": 58.346714169474055, "alphas13": 57.839276012877875, "alphas2": 58.93762338151759, "alphas3": 30.96052029395416, "alphas4": 26.83707892710718, "alphas5": 19.58735718767055, "alphas6": 47.1371859510509, "alphas7": 55.19701683519985, "alphas8": 0.3671520016835461, "alphas9": 59.02414812559126}, "datetime": {"datetime": "2018-12-18 17:58:47", "elapsed": 11942.876148, "delta": 154.357645}}
{"target": 0.08844461639390228, "params": {"alphas0": 6.113406283671672, "alphas1": 52.74257519998556, "alphas10": 6.25003780253909, "alphas11": 40.92460187713252, "alphas12": 48.025525605109955, "alphas13": 53.5638719333126, "alphas2": 28.663182203162197, "alphas3": 53.126385072501115, "alphas4": 0.72368496409557, "alphas5": 2.520919214762749, "alphas6": 58.745844732597504, "alphas7": 0.24900270937769475, "alphas8": 3.8313413894935255, "alphas9": 49.629760484569076}, "datetime": {"datetime": "2018-12-18 18:01:15", "elapsed": 12091.643502, "delta": 148.767354}}
{"target": 0.08870039308576624, "params": {"alphas0": 2.823731588631664, "alphas1": 58.15889002830978, "alphas10": 6.457681879784525, "alphas11": 59.855617667995375, "alphas12": 50.01055724545086, "alphas13": 54.315659572829865, "alphas2": 52.91717708519898, "alphas3": 32.91816028582221, "alphas4": 8.105200455858533, "alphas5": 15.836227738944357, "alphas6": 31.061144906455112, "alphas7": 16.824922058679807, "alphas8": 10.44393659174732, "alphas9": 47.489076833644354}, "datetime": {"datetime": "2018-12-18 18:03:37", "elapsed": 12232.920887, "delta": 141.277385}}
{"target": 0.0875819417771332, "params": {"alphas0": 1.3326982007257548, "alphas1": 59.89531214003634, "alphas10": 2.0556972140617646, "alphas11": 48.02343820676992, "alphas12": 24.500315531375506, "alphas13": 59.6922860248409, "alphas2": 45.54627313810672, "alphas3": 34.26560801388182, "alphas4": 27.172325127334666, "alphas5": 17.17731186269112, "alphas6": 59.93491766333179, "alphas7": 7.427615308187576, "alphas8": 1.1053002124466604, "alphas9": 17.671443220008154}, "datetime": {"datetime": "2018-12-18 18:06:01", "elapsed": 12376.901101, "delta": 143.980214}}
{"target": 0.08825052927421483, "params": {"alphas0": 2.9879813463406535, "alphas1": 49.58269637326765, "alphas10": 5.733459630808402, "alphas11": 7.029571682515819, "alphas12": 48.42425452313419, "alphas13": 59.205773096229926, "alphas2": 52.23468583470274, "alphas3": 38.20936194073519, "alphas4": 6.645826847357323, "alphas5": 57.26981872318354, "alphas6": 32.26801679879477, "alphas7": 15.793642649176087, "alphas8": 0.6311063142380702, "alphas9": 34.734160573721645}, "datetime": {"datetime": "2018-12-18 18:08:25", "elapsed": 12520.866319, "delta": 143.965218}}
{"target": 0.08539780772166616, "params": {"alphas0": 0.6578020609475854, "alphas1": 59.80936458546482, "alphas10": 34.865339399558934, "alphas11": 50.25670233741605, "alphas12": 57.93148816060785, "alphas13": 53.93222395174159, "alphas2": 54.55382953421692, "alphas3": 55.58681523598771, "alphas4": 0.2325376361169873, "alphas5": 12.093995569888282, "alphas6": 38.58829061311887, "alphas7": 18.432110522692454, "alphas8": 1.3812440722988262, "alphas9": 29.45592434549879}, "datetime": {"datetime": "2018-12-18 18:10:42", "elapsed": 12658.385431, "delta": 137.519112}}
{"target": 0.08827221470762153, "params": {"alphas0": 0.2566688074223089, "alphas1": 54.76910789267211, "alphas10": 3.2209580445264163, "alphas11": 57.6221408056253, "alphas12": 38.33579121464852, "alphas13": 58.989356883781134, "alphas2": 22.641732736979336, "alphas3": 53.32003751206153, "alphas4": 31.490889556112027, "alphas5": 24.677665621716706, "alphas6": 50.91058541417632, "alphas7": 26.346192914985615, "alphas8": 9.2728730286807, "alphas9": 52.48545819496655}, "datetime": {"datetime": "2018-12-18 18:13:51", "elapsed": 12847.666522, "delta": 189.281091}}
{"target": 0.08700646193375315, "params": {"alphas0": 7.16432145106122, "alphas1": 55.38985436805807, "alphas10": 2.7218558187768327, "alphas11": 19.940999100114738, "alphas12": 58.87184798924361, "alphas13": 54.03360625839904, "alphas2": 41.81528454666412, "alphas3": 59.916677971007026, "alphas4": 0.8927139672157103, "alphas5": 44.207796960361996, "alphas6": 54.48935563191377, "alphas7": 25.854920798515344, "alphas8": 0.8884542806552886, "alphas9": 2.536536601141821}, "datetime": {"datetime": "2018-12-18 18:16:59", "elapsed": 13034.844231, "delta": 187.177709}}
{"target": 0.08824391502127213, "params": {"alphas0": 6.2437631111215985, "alphas1": 59.462412659470104, "alphas10": 1.9984821339711534, "alphas11": 41.697881632626995, "alphas12": 8.606801830496543, "alphas13": 58.42741951027361, "alphas2": 20.3494169402553, "alphas3": 46.1232501565391, "alphas4": 35.081434406795616, "alphas5": 54.70754931415484, "alphas6": 57.90176342618075, "alphas7": 23.28167449198328, "alphas8": 8.033531483060276, "alphas9": 57.75400294694578}, "datetime": {"datetime": "2018-12-18 18:20:15", "elapsed": 13231.638811, "delta": 196.79458}}
{"target": 0.08818911974687087, "params": {"alphas0": 13.797260933694124, "alphas1": 51.296072980077575, "alphas10": 5.798544335637339, "alphas11": 54.04967632939287, "alphas12": 52.44004954042715, "alphas13": 55.31001948904399, "alphas2": 34.2540723709869, "alphas3": 47.7701899678606, "alphas4": 8.785488416095632, "alphas5": 43.45650587105211, "alphas6": 52.50353883628947, "alphas7": 8.558018233337496, "alphas8": 1.813683699411106, "alphas9": 54.84594438311109}, "datetime": {"datetime": "2018-12-18 18:23:37", "elapsed": 13433.767614, "delta": 202.128803}}
{"target": 0.08801168726134684, "params": {"alphas0": 18.862116437556317, "alphas1": 53.46269867682068, "alphas10": 1.5302978292276381, "alphas11": 44.517483801263225, "alphas12": 49.28608683350558, "alphas13": 57.526657404146796, "alphas2": 26.47412488133676, "alphas3": 52.3303717622372, "alphas4": 29.698595853684925, "alphas5": 53.58160812426305, "alphas6": 53.43517665929682, "alphas7": 56.12472235273435, "alphas8": 2.0277177175269068, "alphas9": 58.8826704271658}, "datetime": {"datetime": "2018-12-18 18:26:49", "elapsed": 13625.469098, "delta": 191.701484}}
{"target": 0.08786531386817416, "params": {"alphas0": 7.424922342362028, "alphas1": 58.315558549661056, "alphas10": 0.26949732775891855, "alphas11": 43.678818126049556, "alphas12": 57.562544514796684, "alphas13": 54.90984563856635, "alphas2": 32.27206690777834, "alphas3": 50.88857398702999, "alphas4": 1.943976351742367, "alphas5": 29.848645566478652, "alphas6": 43.64332545419535, "alphas7": 50.89144294669935, "alphas8": 15.724514590181041, "alphas9": 40.674826642540395}, "datetime": {"datetime": "2018-12-18 18:29:59", "elapsed": 13815.463151, "delta": 189.994053}}
{"target": 0.08805743250802654, "params": {"alphas0": 0.06409483705866581, "alphas1": 47.65319725965458, "alphas10": 9.866792251462186, "alphas11": 17.368735123480853, "alphas12": 26.797197252961972, "alphas13": 59.84286949594332, "alphas2": 56.617669508422, "alphas3": 51.249711201965304, "alphas4": 1.5742373145956745, "alphas5": 8.504528562089952, "alphas6": 43.165007275539736, "alphas7": 2.8446501410966785, "alphas8": 1.1235994499447721, "alphas9": 51.39342896722034}, "datetime": {"datetime": "2018-12-18 18:33:15", "elapsed": 14011.065016, "delta": 195.601865}}
