{"target": 0.08628158085858288, "params": {"alphas0": 54.93636207162507, "alphas1": 51.33813652497789, "alphas10": 59.5350378303468, "alphas11": 47.59618318584004, "alphas12": 54.1236529967212, "alphas13": 36.93650768076945, "alphas14": 58.17230267366695, "alphas2": 45.069360798627685, "alphas3": 28.820190540662797, "alphas4": 1.3517452445871592, "alphas5": 2.486400443667165, "alphas6": 19.15516398095567, "alphas7": 4.135739687618467, "alphas8": 48.59913519481398, "alphas9": 56.18016460542646}, "datetime": {"datetime": "2018-12-17 13:26:07", "elapsed": 915.134172, "delta": 38.153352}}
{"target": 0.08603823991095705, "params": {"alphas0": 59.19727979573965, "alphas1": 48.49535982372233, "alphas10": 59.81479232232827, "alphas11": 52.83092274435645, "alphas12": 46.07905387758537, "alphas13": 29.12310124510016, "alphas14": 57.31204752806031, "alphas2": 25.965751503732115, "alphas3": 0.5921078473116226, "alphas4": 1.864663172529899, "alphas5": 35.85715518232186, "alphas6": 47.540645636337935, "alphas7": 15.258301864537046, "alphas8": 44.402622473243845, "alphas9": 58.11704303430659}, "datetime": {"datetime": "2018-12-17 13:26:46", "elapsed": 953.68806, "delta": 38.553888}}
{"target": 0.08455770873643598, "params": {"alphas0": 57.290668736133384, "alphas1": 46.81034726605872, "alphas10": 58.64632846554491, "alphas11": 0.2698899254981635, "alphas12": 39.215284923133495, "alphas13": 43.136251449929475, "alphas14": 47.22507821717237, "alphas2": 3.1429838535544263, "alphas3": 0.8621641940892633, "alphas4": 3.854320213680713, "alphas5": 11.625280951002434, "alphas6": 55.12377981245684, "alphas7": 4.939915164911682, "alphas8": 52.724858240579685, "alphas9": 53.42519666877008}, "datetime": {"datetime": "2018-12-17 13:27:25", "elapsed": 992.953223, "delta": 39.265163}}
{"target": 0.08561761263565537, "params": {"alphas0": 55.42700769565366, "alphas1": 11.79991848813103, "alphas10": 53.53481862567585, "alphas11": 8.154059991849197, "alphas12": 8.27129661873872, "alphas13": 0.8910966768431061, "alphas14": 54.001125800952934, "alphas2": 56.50861766224395, "alphas3": 59.51507655339769, "alphas4": 6.728883481904086, "alphas5": 7.245657380385008, "alphas6": 14.263063482519062, "alphas7": 10.612618310225264, "alphas8": 55.195378302557884, "alphas9": 57.45545362765979}, "datetime": {"datetime": "2018-12-17 13:28:03", "elapsed": 1031.244925, "delta": 38.291702}}
{"target": 0.08068014055991399, "params": {"alphas0": 58.857516151272684, "alphas1": 34.34954695737331, "alphas10": 56.617860632447524, "alphas11": 6.890792115472841, "alphas12": 56.13464911250832, "alphas13": 1.2183220443974618, "alphas14": 54.512255458325306, "alphas2": 55.180565345378795, "alphas3": 58.94477414925484, "alphas4": 3.6652763741825822, "alphas5": 9.691928326982591, "alphas6": 56.30121065094659, "alphas7": 8.05980254175788, "alphas8": 3.0456662693084358, "alphas9": 3.00379078738942}, "datetime": {"datetime": "2018-12-17 13:28:43", "elapsed": 1070.792154, "delta": 39.547229}}
{"target": 0.08576677877000768, "params": {"alphas0": 59.7913229090709, "alphas1": 23.359536376950793, "alphas10": 53.90640760385165, "alphas11": 59.75204940430111, "alphas12": 0.6792984849015005, "alphas13": 56.94967317244419, "alphas14": 59.72300242730872, "alphas2": 5.262318652137916, "alphas3": 9.320352841169615, "alphas4": 48.92406796018042, "alphas5": 52.220630040494974, "alphas6": 53.4588192486782, "alphas7": 3.4071461323458685, "alphas8": 51.125344078705595, "alphas9": 52.018261958746415}, "datetime": {"datetime": "2018-12-17 13:29:22", "elapsed": 1109.925618, "delta": 39.133464}}
{"target": 0.08314899183186458, "params": {"alphas0": 11.620205188565617, "alphas1": 1.8654772057679492, "alphas10": 57.41450726850963, "alphas11": 33.71576059276453, "alphas12": 57.16937014315454, "alphas13": 8.474083725382332, "alphas14": 58.234929767740205, "alphas2": 10.65714154483667, "alphas3": 2.2858183876465854, "alphas4": 59.95244857532924, "alphas5": 7.029121266177425, "alphas6": 15.598323393644977, "alphas7": 3.8404100945086417, "alphas8": 52.29765123630541, "alphas9": 58.50779908445007}, "datetime": {"datetime": "2018-12-17 13:30:01", "elapsed": 1148.703983, "delta": 38.778365}}
{"target": 0.0850765992991321, "params": {"alphas0": 55.55482763558181, "alphas1": 50.18277161496462, "alphas10": 41.74812843658675, "alphas11": 0.06410156490917585, "alphas12": 0.4103906370287258, "alphas13": 12.205093985031873, "alphas14": 52.046020849466764, "alphas2": 31.44178436838515, "alphas3": 4.684817497098819, "alphas4": 57.84697581037465, "alphas5": 36.69183600558376, "alphas6": 56.91019329719294, "alphas7": 58.58856853991284, "alphas8": 28.676288757904246, "alphas9": 55.27869062636087}, "datetime": {"datetime": "2018-12-17 13:30:40", "elapsed": 1188.187436, "delta": 39.483453}}
{"target": 0.08435658168242563, "params": {"alphas0": 55.91107920353343, "alphas1": 0.11923396710451062, "alphas10": 55.48870476311943, "alphas11": 50.70726376548447, "alphas12": 49.101653637793476, "alphas13": 55.41399242352566, "alphas14": 3.6417409550563495, "alphas2": 5.121743465582533, "alphas3": 1.035796607892816, "alphas4": 48.14244719900253, "alphas5": 40.70513054181779, "alphas6": 2.2957362269528026, "alphas7": 43.820499626033914, "alphas8": 34.12133250785534, "alphas9": 58.11131950782128}, "datetime": {"datetime": "2018-12-17 13:31:19", "elapsed": 1226.457319, "delta": 38.269883}}
{"target": 0.0864467814598216, "params": {"alphas0": 57.695730249147594, "alphas1": 55.648383239927846, "alphas10": 0.7317071909550954, "alphas11": 46.24849622787125, "alphas12": 6.674242504253889, "alphas13": 13.03555645489081, "alphas14": 59.95029719434958, "alphas2": 1.269156810074259, "alphas3": 50.18151201486165, "alphas4": 56.153597822909504, "alphas5": 58.975679857585675, "alphas6": 22.089238640597802, "alphas7": 57.889303476675636, "alphas8": 56.236599165684815, "alphas9": 25.909021488066177}, "datetime": {"datetime": "2018-12-17 13:31:58", "elapsed": 1265.39774, "delta": 38.940421}}
{"target": 0.0860776798957859, "params": {"alphas0": 59.34342228245702, "alphas1": 49.79522245124292, "alphas10": 16.09914498964264, "alphas11": 52.26583411067962, "alphas12": 0.16587984966066394, "alphas13": 5.784329310119096, "alphas14": 56.65218956580028, "alphas2": 48.939208107776906, "alphas3": 27.960588689198733, "alphas4": 56.714817662761284, "alphas5": 47.26853329592199, "alphas6": 16.215600731733485, "alphas7": 2.017785438689572, "alphas8": 46.79925219427331, "alphas9": 46.87220952764142}, "datetime": {"datetime": "2018-12-17 13:32:36", "elapsed": 1303.510745, "delta": 38.113005}}
{"target": 0.08457018793283758, "params": {"alphas0": 58.06674768786525, "alphas1": 40.514499109947074, "alphas10": 8.596805842469106, "alphas11": 4.041816887305927, "alphas12": 9.574430454368954, "alphas13": 3.8119995527931416, "alphas14": 14.85438383691225, "alphas2": 5.3549811435199395, "alphas3": 51.491070389577935, "alphas4": 4.064506861897492, "alphas5": 58.69636139709518, "alphas6": 28.83332893164896, "alphas7": 0.49278157505485476, "alphas8": 53.58324538426612, "alphas9": 48.00337336492784}, "datetime": {"datetime": "2018-12-17 13:33:14", "elapsed": 1342.138202, "delta": 38.627457}}
{"target": 0.08589301262794075, "params": {"alphas0": 54.89577666239279, "alphas1": 47.56845956686638, "alphas10": 8.042914098049067, "alphas11": 51.013123634132846, "alphas12": 6.040828625896566, "alphas13": 25.06016101209373, "alphas14": 57.42167023132773, "alphas2": 9.859221306331774, "alphas3": 51.718595970850096, "alphas4": 23.29647379887158, "alphas5": 53.032627399027135, "alphas6": 4.69812306066965, "alphas7": 9.874457867009738, "alphas8": 3.7153486517402157, "alphas9": 54.17695143600179}, "datetime": {"datetime": "2018-12-17 13:33:53", "elapsed": 1381.141894, "delta": 39.003692}}
{"target": 0.08574571732154951, "params": {"alphas0": 57.54214961500461, "alphas1": 35.322427495752244, "alphas10": 51.69757059065688, "alphas11": 46.18466258528443, "alphas12": 5.8670663503059695, "alphas13": 4.220975248698952, "alphas14": 49.728333925679124, "alphas2": 13.06074403852998, "alphas3": 10.69226833545984, "alphas4": 22.51669325392749, "alphas5": 55.44941680828218, "alphas6": 3.9340170566638077, "alphas7": 59.95868408640619, "alphas8": 6.555828006413584, "alphas9": 55.58823831493716}, "datetime": {"datetime": "2018-12-17 13:34:31", "elapsed": 1418.948377, "delta": 37.806483}}
{"target": 0.08596649784901532, "params": {"alphas0": 58.7229270500969, "alphas1": 49.84340625740099, "alphas10": 55.855023480259355, "alphas11": 31.06081865755289, "alphas12": 1.005205157435316, "alphas13": 56.056113931050845, "alphas14": 53.51899446484942, "alphas2": 21.403621578015713, "alphas3": 18.277163758551044, "alphas4": 58.12657413702735, "alphas5": 45.240016730611124, "alphas6": 48.95773167154586, "alphas7": 51.14864440169798, "alphas8": 56.43042102149639, "alphas9": 59.22624376571456}, "datetime": {"datetime": "2018-12-17 13:35:10", "elapsed": 1457.913178, "delta": 38.964801}}
{"target": 0.08595146358416157, "params": {"alphas0": 59.35773215230277, "alphas1": 51.419616920687616, "alphas10": 59.24666883164235, "alphas11": 56.04073403371489, "alphas12": 7.378766507693923, "alphas13": 36.51212826994088, "alphas14": 20.51602826754842, "alphas2": 16.65020161315701, "alphas3": 59.7592804920081, "alphas4": 57.62102896120337, "alphas5": 58.02453246622437, "alphas6": 48.8067816115113, "alphas7": 55.85680398795971, "alphas8": 1.405601152287368, "alphas9": 58.8100722043324}, "datetime": {"datetime": "2018-12-17 13:35:48", "elapsed": 1496.178082, "delta": 38.264904}}
{"target": 0.0861352935924704, "params": {"alphas0": 59.30186128860424, "alphas1": 54.261208012373196, "alphas10": 50.74342284131406, "alphas11": 55.570235361388264, "alphas12": 44.36818373974055, "alphas13": 45.776382388320926, "alphas14": 51.47447764626735, "alphas2": 8.50039810092736, "alphas3": 59.102238282728116, "alphas4": 36.22440467754768, "alphas5": 49.11602546991862, "alphas6": 2.739976659467065, "alphas7": 0.04915557953203864, "alphas8": 13.484584520506179, "alphas9": 57.03171843200928}, "datetime": {"datetime": "2018-12-17 13:36:29", "elapsed": 1536.41992, "delta": 40.241838}}
{"target": 0.08588234259925509, "params": {"alphas0": 57.34402926040886, "alphas1": 49.22578698557428, "alphas10": 33.38057363563683, "alphas11": 47.820043069457526, "alphas12": 58.37462145876107, "alphas13": 0.3631108183779874, "alphas14": 53.13631061131755, "alphas2": 5.262699754956133, "alphas3": 36.36821917214223, "alphas4": 58.800834451259824, "alphas5": 59.40538090739368, "alphas6": 15.561927314259759, "alphas7": 42.80108155787921, "alphas8": 53.50945496241527, "alphas9": 59.671715508341656}, "datetime": {"datetime": "2018-12-17 13:37:10", "elapsed": 1577.393684, "delta": 40.973764}}
{"target": 0.08611667356257756, "params": {"alphas0": 54.68881864299335, "alphas1": 53.70428628048545, "alphas10": 56.1649633974654, "alphas11": 52.390530707553786, "alphas12": 5.261682494399416, "alphas13": 34.63393753631749, "alphas14": 56.687964008366144, "alphas2": 6.995744774065475, "alphas3": 54.76320837321385, "alphas4": 31.53847464057081, "alphas5": 57.15910786416323, "alphas6": 14.128383840583314, "alphas7": 43.978913180706044, "alphas8": 9.033657818985768, "alphas9": 57.50742526078818}, "datetime": {"datetime": "2018-12-17 13:37:50", "elapsed": 1617.756598, "delta": 40.362914}}
{"target": 0.08608830085037032, "params": {"alphas0": 57.155567319635324, "alphas1": 9.78461710900998, "alphas10": 59.289081939250515, "alphas11": 55.101929905330174, "alphas12": 5.565220840119737, "alphas13": 25.654755242594057, "alphas14": 33.49655469706153, "alphas2": 59.64850134240062, "alphas3": 48.69704464325464, "alphas4": 56.95239156194864, "alphas5": 53.87000379933708, "alphas6": 28.96964502434159, "alphas7": 57.79194061004825, "alphas8": 55.62249182677606, "alphas9": 58.806273092596335}, "datetime": {"datetime": "2018-12-17 13:38:28", "elapsed": 1656.121267, "delta": 38.364669}}
{"target": 0.08637404107190795, "params": {"alphas0": 53.53148606211412, "alphas1": 55.12898406271309, "alphas10": 40.375630903864725, "alphas11": 56.49379203121841, "alphas12": 7.123039235931952, "alphas13": 56.4634584389889, "alphas14": 57.20580724801679, "alphas2": 50.309540224857386, "alphas3": 33.77658070687933, "alphas4": 52.40050228335277, "alphas5": 57.21917694554057, "alphas6": 30.76476351359816, "alphas7": 17.761358575877725, "alphas8": 57.18334881077916, "alphas9": 55.427717675322164}, "datetime": {"datetime": "2018-12-17 13:39:09", "elapsed": 1696.779037, "delta": 40.65777}}
{"target": 0.08616499956817784, "params": {"alphas0": 47.45135948185656, "alphas1": 58.5752815962559, "alphas10": 56.34851759202203, "alphas11": 14.916665006836947, "alphas12": 4.459143938003085, "alphas13": 55.56241840805269, "alphas14": 58.20032735584745, "alphas2": 29.51090159527715, "alphas3": 58.46014635437408, "alphas4": 47.40340935996052, "alphas5": 57.806925669765725, "alphas6": 51.57309474836151, "alphas7": 35.36142071289926, "alphas8": 45.25161963735433, "alphas9": 58.36497080126312}, "datetime": {"datetime": "2018-12-17 13:39:48", "elapsed": 1736.18605, "delta": 39.407013}}
{"target": 0.08589674996361983, "params": {"alphas0": 53.654293380746935, "alphas1": 45.16204340599796, "alphas10": 59.9364557886277, "alphas11": 59.8579783254741, "alphas12": 3.3853064179749137, "alphas13": 26.80275468179238, "alphas14": 54.20581839159075, "alphas2": 1.5780773094721634, "alphas3": 27.806851084708278, "alphas4": 43.35898939787573, "alphas5": 59.54700392763387, "alphas6": 54.455877840122746, "alphas7": 3.9284381814098634, "alphas8": 55.084288969379614, "alphas9": 56.2423118181478}, "datetime": {"datetime": "2018-12-17 13:40:29", "elapsed": 1776.954498, "delta": 40.768448}}
{"target": 0.08717732853184113, "params": {"alphas0": 59.584148395633946, "alphas1": 56.92644344059502, "alphas10": 38.07567269939576, "alphas11": 27.33202147594733, "alphas12": 3.172355273576768, "alphas13": 59.068244569560626, "alphas14": 58.25650090086004, "alphas2": 5.579517173039412, "alphas3": 58.90519811035311, "alphas4": 17.49024011254194, "alphas5": 58.71058394533216, "alphas6": 25.50260633923599, "alphas7": 56.39602251636455, "alphas8": 24.799262139445364, "alphas9": 33.96426707044102}, "datetime": {"datetime": "2018-12-17 13:41:10", "elapsed": 1817.608606, "delta": 40.654108}}
{"target": 0.08575328812457973, "params": {"alphas0": 54.85820868403122, "alphas1": 56.07873403601974, "alphas10": 45.62268246057977, "alphas11": 37.57908491150321, "alphas12": 20.438618485484035, "alphas13": 57.4292375924668, "alphas14": 8.678024129770112, "alphas2": 0.8963873863853844, "alphas3": 58.60161653692355, "alphas4": 57.10796258293283, "alphas5": 58.519126856676024, "alphas6": 1.85219948688504, "alphas7": 14.098100902942793, "alphas8": 36.942660781018034, "alphas9": 55.79482469579409}, "datetime": {"datetime": "2018-12-17 13:41:50", "elapsed": 1858.125713, "delta": 40.517107}}
{"target": 0.0848968573622632, "params": {"alphas0": 49.603366011633184, "alphas1": 51.78515215384233, "alphas10": 50.93025137919296, "alphas11": 8.410742042058585, "alphas12": 14.236836718918822, "alphas13": 56.06197326035859, "alphas14": 58.45386374369472, "alphas2": 0.9585315558054197, "alphas3": 19.06783393400312, "alphas4": 4.038456229248235, "alphas5": 50.01885170846832, "alphas6": 22.61611429941033, "alphas7": 56.28078965535303, "alphas8": 56.05289436572053, "alphas9": 59.13887433922674}, "datetime": {"datetime": "2018-12-17 13:42:30", "elapsed": 1898.335969, "delta": 40.210256}}
{"target": 0.08603316753248594, "params": {"alphas0": 59.69756784556396, "alphas1": 57.93827634472654, "alphas10": 9.396387011704554, "alphas11": 51.67043037485227, "alphas12": 10.289585460873521, "alphas13": 4.377193647175252, "alphas14": 58.51731125128374, "alphas2": 0.55686174032477, "alphas3": 37.39606051768125, "alphas4": 38.334952359189394, "alphas5": 53.713395472092536, "alphas6": 3.332466321553864, "alphas7": 59.350823893606076, "alphas8": 27.269676999598534, "alphas9": 52.679123133690155}, "datetime": {"datetime": "2018-12-17 13:43:10", "elapsed": 1938.269003, "delta": 39.933034}}
{"target": 0.08612139827690658, "params": {"alphas0": 54.99432861881317, "alphas1": 56.0497530096823, "alphas10": 18.933085486233377, "alphas11": 53.65314500292363, "alphas12": 2.274125056499179, "alphas13": 21.110205735835994, "alphas14": 48.360831625088615, "alphas2": 47.739368013590116, "alphas3": 52.27989499779884, "alphas4": 59.28243077396937, "alphas5": 58.04188163096144, "alphas6": 19.21706798496697, "alphas7": 2.2403538534226097, "alphas8": 41.45582156334294, "alphas9": 57.132914068177264}, "datetime": {"datetime": "2018-12-17 13:43:51", "elapsed": 1979.219883, "delta": 40.95088}}
{"target": 0.08613894162958066, "params": {"alphas0": 53.747040175597526, "alphas1": 53.85161674228621, "alphas10": 38.79480769459984, "alphas11": 47.467995745448455, "alphas12": 4.531973911933946, "alphas13": 58.91269686285184, "alphas14": 54.64576004181218, "alphas2": 4.701831312843511, "alphas3": 49.99583615043087, "alphas4": 53.06488590970259, "alphas5": 53.71260701826283, "alphas6": 11.035696028954495, "alphas7": 10.960380936773543, "alphas8": 1.082921848485694, "alphas9": 53.313715263997146}, "datetime": {"datetime": "2018-12-17 13:44:32", "elapsed": 2020.219044, "delta": 40.999161}}
{"target": 0.08619712646626454, "params": {"alphas0": 58.58501001135539, "alphas1": 50.75793671933269, "alphas10": 33.2141655958801, "alphas11": 59.75648555614303, "alphas12": 12.700093569726793, "alphas13": 10.222258307282203, "alphas14": 53.53029750384388, "alphas2": 4.929365932159491, "alphas3": 52.932223234637206, "alphas4": 36.00055004635252, "alphas5": 41.85795914694444, "alphas6": 41.267035071218544, "alphas7": 58.56897179816565, "alphas8": 4.2712126482307, "alphas9": 49.73472609257731}, "datetime": {"datetime": "2018-12-17 13:45:11", "elapsed": 2059.038253, "delta": 38.819209}}
{"target": 0.0857082957740587, "params": {"alphas0": 53.4751716606981, "alphas1": 1.2189611213620233, "alphas10": 3.15669332013343, "alphas11": 54.82189978522398, "alphas12": 10.589064405364855, "alphas13": 12.04375391018446, "alphas14": 47.99584333954029, "alphas2": 51.42290782400289, "alphas3": 56.22073436559533, "alphas4": 59.86246015082024, "alphas5": 54.48361602031632, "alphas6": 5.259505299762878, "alphas7": 56.307864291874075, "alphas8": 3.1694987198130975, "alphas9": 59.11826129695875}, "datetime": {"datetime": "2018-12-17 13:45:53", "elapsed": 2101.070411, "delta": 42.032158}}
{"target": 0.08549119701219801, "params": {"alphas0": 51.79041866633799, "alphas1": 58.45833647301223, "alphas10": 57.74579693319573, "alphas11": 56.32987213271923, "alphas12": 2.6310318202352367, "alphas13": 44.317786853805195, "alphas14": 59.72206270937948, "alphas2": 14.756317827127729, "alphas3": 47.7987332809427, "alphas4": 58.01665397964597, "alphas5": 59.17951767732959, "alphas6": 15.583505658763205, "alphas7": 20.973064958511785, "alphas8": 0.9256679994708095, "alphas9": 12.434234308949206}, "datetime": {"datetime": "2018-12-17 13:46:34", "elapsed": 2141.867023, "delta": 40.796612}}
{"target": 0.08580530447696294, "params": {"alphas0": 55.96666464043395, "alphas1": 41.74589389552844, "alphas10": 4.6581480221262295, "alphas11": 52.11296010978261, "alphas12": 3.931119482023948, "alphas13": 10.654871193193639, "alphas14": 58.80713057084093, "alphas2": 5.234933846513295, "alphas3": 50.71024901826136, "alphas4": 53.28992419728169, "alphas5": 23.06851208484511, "alphas6": 58.88656864022044, "alphas7": 49.05332114584611, "alphas8": 37.597875590689256, "alphas9": 58.44734144651028}, "datetime": {"datetime": "2018-12-17 13:47:15", "elapsed": 2183.033911, "delta": 41.166888}}
{"target": 0.08643051690248488, "params": {"alphas0": 53.90279828647088, "alphas1": 54.271709125585616, "alphas10": 59.446434132115854, "alphas11": 56.59591276150613, "alphas12": 58.60993053673111, "alphas13": 56.326374481060824, "alphas14": 57.889497686177684, "alphas2": 44.931353579092416, "alphas3": 53.855406230666695, "alphas4": 57.01516997243719, "alphas5": 18.304283730099677, "alphas6": 18.818619013185224, "alphas7": 58.32221747620366, "alphas8": 54.44378039171891, "alphas9": 21.935640271502113}, "datetime": {"datetime": "2018-12-17 13:47:58", "elapsed": 2225.874029, "delta": 42.840118}}
{"target": 0.08584628559333145, "params": {"alphas0": 58.18696971046855, "alphas1": 35.27568760048412, "alphas10": 54.711404282248566, "alphas11": 40.82996669541936, "alphas12": 0.03479220226519697, "alphas13": 51.58269339444303, "alphas14": 59.28800514420603, "alphas2": 2.9161883455534188, "alphas3": 55.010626757967955, "alphas4": 45.79953343687183, "alphas5": 16.03823637440473, "alphas6": 1.6822977467101885, "alphas7": 46.695879864482066, "alphas8": 9.369433683182187, "alphas9": 57.5086765670559}, "datetime": {"datetime": "2018-12-17 13:48:40", "elapsed": 2267.409089, "delta": 41.53506}}
{"target": 0.08590603058436307, "params": {"alphas0": 55.92226062696902, "alphas1": 14.639971416926798, "alphas10": 59.1102367579013, "alphas11": 59.58618575193185, "alphas12": 2.739837716265461, "alphas13": 23.43257837940682, "alphas14": 58.7946551034664, "alphas2": 16.47670728818868, "alphas3": 55.046728905783326, "alphas4": 59.80879848672539, "alphas5": 33.86035490342008, "alphas6": 59.119534689386285, "alphas7": 49.14789101870398, "alphas8": 27.378447964900776, "alphas9": 55.00291088930451}, "datetime": {"datetime": "2018-12-17 13:49:20", "elapsed": 2308.092469, "delta": 40.68338}}
