{"target": 0.08494531930259168, "params": {"alphas0": 50.995138890383146, "alphas1": 5.854679189899217, "alphas10": 26.181820401264176, "alphas11": 49.073652491265456, "alphas12": 37.90115949334969, "alphas13": 20.10627221997953, "alphas14": 9.492375455779953, "alphas2": 10.192733109602754, "alphas3": 26.99361460900487, "alphas4": 7.120667162179277, "alphas5": 49.61179962679317, "alphas6": 50.077938637060576, "alphas7": 36.709128173320934, "alphas8": 30.921973059442887, "alphas9": 51.510727802628686}, "datetime": {"datetime": "2018-12-17 13:10:52", "elapsed": 0.0, "delta": 0.0}}
{"target": 0.08173802344962779, "params": {"alphas0": 46.16475441594122, "alphas1": 42.32623378469668, "alphas10": 29.95724158984045, "alphas11": 43.68703191686763, "alphas12": 58.63410789100869, "alphas13": 28.87308340300803, "alphas14": 11.330649350286073, "alphas2": 36.379478916356575, "alphas3": 23.755652321932118, "alphas4": 38.5952137377624, "alphas5": 32.68765760598137, "alphas6": 5.094971124621097, "alphas7": 13.251821420195336, "alphas8": 53.400414272395224, "alphas9": 1.992348358529763}, "datetime": {"datetime": "2018-12-17 13:11:05", "elapsed": 12.919534, "delta": 12.919534}}
{"target": 0.08475827867251028, "params": {"alphas0": 29.840568100340633, "alphas1": 33.31065762625015, "alphas10": 4.85169534722324, "alphas11": 25.98117674282883, "alphas12": 21.48619710240792, "alphas13": 12.078543760695833, "alphas14": 38.096798180293575, "alphas2": 16.331183462520563, "alphas3": 40.842014823299714, "alphas4": 4.409617918534541, "alphas5": 53.401477340070535, "alphas6": 44.69131879016731, "alphas7": 35.29995859129094, "alphas8": 57.80476493864341, "alphas9": 56.759607522802995}, "datetime": {"datetime": "2018-12-17 13:11:18", "elapsed": 25.929091, "delta": 13.009557}}
{"target": 0.08652075400691389, "params": {"alphas0": 53.38004659984625, "alphas1": 0.2727093718841833, "alphas10": 22.471715791368375, "alphas11": 28.699339939426565, "alphas12": 46.40208527742322, "alphas13": 20.70706121152224, "alphas14": 6.314869695010645, "alphas2": 41.431757953828615, "alphas3": 59.86726667203453, "alphas4": 7.344241925946826, "alphas5": 24.719516949157676, "alphas6": 56.873466274562794, "alphas7": 16.006826123844935, "alphas8": 42.3025098474996, "alphas9": 26.259721847437124}, "datetime": {"datetime": "2018-12-17 13:11:44", "elapsed": 52.361312, "delta": 26.432221}}
{"target": 0.08463285813796392, "params": {"alphas0": 22.04861840428778, "alphas1": 3.3981776688281884, "alphas10": 19.77518459903084, "alphas11": 56.624240211901075, "alphas12": 9.848124145209168, "alphas13": 37.674670947464286, "alphas14": 27.94290173809489, "alphas2": 11.87419773499385, "alphas3": 52.923379977017255, "alphas4": 1.3506153636453244, "alphas5": 33.36893431080494, "alphas6": 24.597760565281057, "alphas7": 58.78880958766923, "alphas8": 18.836970280789217, "alphas9": 45.69186525470305}, "datetime": {"datetime": "2018-12-17 13:11:57", "elapsed": 65.33621, "delta": 12.974898}}
{"target": 0.08688600073337474, "params": {"alphas0": 54.62296454021002, "alphas1": 21.52765686964912, "alphas10": 4.595277946037539, "alphas11": 27.113100343754137, "alphas12": 56.34147723285029, "alphas13": 10.664891892111436, "alphas14": 55.84264517894153, "alphas2": 26.33683602978435, "alphas3": 40.750027944514216, "alphas4": 23.633243076935315, "alphas5": 16.77912318439168, "alphas6": 44.65322036312421, "alphas7": 26.288799096670676, "alphas8": 53.01370209702678, "alphas9": 27.532979112679772}, "datetime": {"datetime": "2018-12-17 13:12:24", "elapsed": 91.652965, "delta": 26.316755}}
{"target": 0.08395145887309775, "params": {"alphas0": 9.672330125675616, "alphas1": 49.41311969002083, "alphas10": 59.08934100426579, "alphas11": 25.42502242824705, "alphas12": 0.3167466006384445, "alphas13": 26.822624677535316, "alphas14": 0.46784647267235746, "alphas2": 34.768443287959485, "alphas3": 5.38146416803748, "alphas4": 29.67903054205917, "alphas5": 7.39696713090013, "alphas6": 5.0986101856270105, "alphas7": 44.36743146543486, "alphas8": 44.380616368658885, "alphas9": 2.150795684857685}, "datetime": {"datetime": "2018-12-17 13:12:36", "elapsed": 104.171288, "delta": 12.518323}}
{"target": 0.08590765176527826, "params": {"alphas0": 49.06785993959202, "alphas1": 41.71968192480142, "alphas10": 16.279562364435737, "alphas11": 11.340200272682468, "alphas12": 52.76676768018463, "alphas13": 34.71125029606179, "alphas14": 11.013605294017621, "alphas2": 8.084454538863131, "alphas3": 24.577492299182303, "alphas4": 54.688596759592315, "alphas5": 13.911356588505743, "alphas6": 19.299681577564712, "alphas7": 20.984083136827564, "alphas8": 32.02258829445358, "alphas9": 13.4339996546631}, "datetime": {"datetime": "2018-12-17 13:12:49", "elapsed": 116.692599, "delta": 12.521311}}
{"target": 0.08457383896352805, "params": {"alphas0": 14.510927828215872, "alphas1": 31.877001234121085, "alphas10": 4.662336298700747, "alphas11": 29.392460534525583, "alphas12": 6.192502560564295, "alphas13": 8.2453836896057, "alphas14": 4.375127028741037, "alphas2": 47.0205242566788, "alphas3": 43.55054371323485, "alphas4": 41.39514327046489, "alphas5": 26.370748438197438, "alphas6": 53.71013611925086, "alphas7": 23.205282839233217, "alphas8": 1.9810675217263585, "alphas9": 58.24292084689512}, "datetime": {"datetime": "2018-12-17 13:13:01", "elapsed": 129.1223, "delta": 12.429701}}
{"target": 0.08479947918173053, "params": {"alphas0": 36.04147397431033, "alphas1": 14.6422553875658, "alphas10": 37.60953769594014, "alphas11": 39.5280477472805, "alphas12": 35.857718839875034, "alphas13": 59.6167768412371, "alphas14": 34.26319114597953, "alphas2": 19.130372957424044, "alphas3": 32.419194360394705, "alphas4": 47.62600983394566, "alphas5": 16.3003203202466, "alphas6": 20.706095928176588, "alphas7": 57.61265384544528, "alphas8": 7.218601389551003, "alphas9": 59.590306047748044}, "datetime": {"datetime": "2018-12-17 13:13:14", "elapsed": 141.551687, "delta": 12.429387}}
{"target": 0.08491814830183131, "params": {"alphas0": 57.94155807667211, "alphas1": 43.93637481738993, "alphas10": 24.792359864933108, "alphas11": 35.981752821746525, "alphas12": 21.443237544260224, "alphas13": 49.846594581425954, "alphas14": 44.598215930295964, "alphas2": 31.43880980900621, "alphas3": 51.007330494823606, "alphas4": 52.23609620531549, "alphas5": 49.926525362342204, "alphas6": 51.2793830537011, "alphas7": 52.111038639166324, "alphas8": 47.410874367614674, "alphas9": 5.246548146913508}, "datetime": {"datetime": "2018-12-17 13:13:26", "elapsed": 154.019455, "delta": 12.467768}}
{"target": 0.0843146112457955, "params": {"alphas0": 38.57155455882446, "alphas1": 45.58642140446167, "alphas10": 25.090135145386657, "alphas11": 51.82367485273458, "alphas12": 54.540108449541606, "alphas13": 13.083588799281017, "alphas14": 15.268361827888748, "alphas2": 40.6095705021953, "alphas3": 9.893610475276047, "alphas4": 41.55780717735644, "alphas5": 21.72620060879115, "alphas6": 21.782701474945668, "alphas7": 6.08524509333477, "alphas8": 8.869114862228917, "alphas9": 17.23868979452408}, "datetime": {"datetime": "2018-12-17 13:13:38", "elapsed": 166.303712, "delta": 12.284257}}
{"target": 0.08575957329292637, "params": {"alphas0": 13.401781322526286, "alphas1": 33.971195373197574, "alphas10": 2.7308647560775445, "alphas11": 45.6425275759787, "alphas12": 41.47782719692567, "alphas13": 59.18490748761538, "alphas14": 52.44917636952945, "alphas2": 18.538567391719283, "alphas3": 49.93888437273694, "alphas4": 36.78762251061524, "alphas5": 14.323579260402452, "alphas6": 26.770002896316903, "alphas7": 8.236868988292116, "alphas8": 34.95795843909633, "alphas9": 42.86129247728143}, "datetime": {"datetime": "2018-12-17 13:13:51", "elapsed": 178.966208, "delta": 12.662496}}
{"target": 0.0851759774716836, "params": {"alphas0": 29.112337914942525, "alphas1": 41.00043887455628, "alphas10": 39.21051458274029, "alphas11": 9.507416539875525, "alphas12": 10.868030390500605, "alphas13": 37.657681024516144, "alphas14": 41.902977284871746, "alphas2": 40.709136540469906, "alphas3": 35.23381075472413, "alphas4": 50.49692242322181, "alphas5": 14.747202967391448, "alphas6": 17.73084183081307, "alphas7": 11.063145518976869, "alphas8": 30.327286038998878, "alphas9": 5.900833686037521}, "datetime": {"datetime": "2018-12-17 13:14:04", "elapsed": 191.486286, "delta": 12.520078}}
{"target": 0.08481836500027445, "params": {"alphas0": 21.281393122168307, "alphas1": 47.03981787649032, "alphas10": 54.376512910255755, "alphas11": 58.63040390864536, "alphas12": 6.849209233163746, "alphas13": 8.63364918787725, "alphas14": 15.836695408397407, "alphas2": 7.7135883668451015, "alphas3": 50.87736299026983, "alphas4": 17.574536835294, "alphas5": 39.40449143851956, "alphas6": 27.662700675304087, "alphas7": 49.97463612557067, "alphas8": 54.075751146370145, "alphas9": 4.825070692186786}, "datetime": {"datetime": "2018-12-17 13:14:16", "elapsed": 203.885782, "delta": 12.399496}}
{"target": 0.08640402646501255, "params": {"alphas0": 9.485847862759321, "alphas1": 29.13074122518837, "alphas10": 52.888984863358864, "alphas11": 34.72671084329727, "alphas12": 21.542664346769275, "alphas13": 7.309036689328357, "alphas14": 57.716793628570265, "alphas2": 39.41129395896717, "alphas3": 18.38546997753692, "alphas4": 25.941019679415277, "alphas5": 59.85497994524142, "alphas6": 10.61731966000297, "alphas7": 58.68099751035332, "alphas8": 59.11845627745347, "alphas9": 2.6066511776198786}, "datetime": {"datetime": "2018-12-17 13:14:28", "elapsed": 216.358146, "delta": 12.472364}}
{"target": 0.0855396615527892, "params": {"alphas0": 29.246651193255786, "alphas1": 15.935968773584383, "alphas10": 17.145066122940705, "alphas11": 51.55224052365167, "alphas12": 43.50980027859688, "alphas13": 26.237246314869722, "alphas14": 15.112216701502657, "alphas2": 18.32947553697497, "alphas3": 8.462266603542602, "alphas4": 50.72933778763546, "alphas5": 4.504104048352204, "alphas6": 47.031383937481415, "alphas7": 22.2478417667693, "alphas8": 29.879734237953105, "alphas9": 26.68229498085456}, "datetime": {"datetime": "2018-12-17 13:14:41", "elapsed": 228.699666, "delta": 12.34152}}
{"target": 0.08389724474018498, "params": {"alphas0": 39.658751374534134, "alphas1": 22.37005088720447, "alphas10": 2.6257762072122226, "alphas11": 3.8461199585702666, "alphas12": 8.281610027152785, "alphas13": 55.32630541313026, "alphas14": 43.19914884865643, "alphas2": 25.28880314109475, "alphas3": 59.28042587454321, "alphas4": 17.38449608246985, "alphas5": 20.13957537053864, "alphas6": 32.18946901744347, "alphas7": 20.724531954496733, "alphas8": 12.162583041722815, "alphas9": 54.854494619728456}, "datetime": {"datetime": "2018-12-17 13:14:53", "elapsed": 241.382375, "delta": 12.682709}}
{"target": 0.08576649136765023, "params": {"alphas0": 14.10239157436334, "alphas1": 28.03743058612011, "alphas10": 11.807138056939566, "alphas11": 2.9663241949864827, "alphas12": 49.64983896168949, "alphas13": 15.633958395150312, "alphas14": 50.78007458224571, "alphas2": 14.16353336651869, "alphas3": 15.95767605788299, "alphas4": 53.65440277136864, "alphas5": 58.20221650380732, "alphas6": 3.774550032379853, "alphas7": 14.916894495133512, "alphas8": 12.28227462073069, "alphas9": 28.331806352613903}, "datetime": {"datetime": "2018-12-17 13:15:06", "elapsed": 253.685508, "delta": 12.303133}}
{"target": 0.0865438008322304, "params": {"alphas0": 55.070417187624045, "alphas1": 12.613474011711538, "alphas10": 28.265061482826955, "alphas11": 1.0689555172383614, "alphas12": 20.926578796857136, "alphas13": 11.17577158585571, "alphas14": 17.380441119586244, "alphas2": 16.808773313744226, "alphas3": 42.31793539517913, "alphas4": 30.314599555169643, "alphas5": 25.041722547998944, "alphas6": 5.278040909700799, "alphas7": 49.05111746155917, "alphas8": 38.46170806092015, "alphas9": 18.896535482282665}, "datetime": {"datetime": "2018-12-17 13:15:18", "elapsed": 266.172486, "delta": 12.486978}}
{"target": 0.08647883967726704, "params": {"alphas0": 2.7356096308841393, "alphas1": 23.410170057644105, "alphas10": 59.75093083889105, "alphas11": 3.279048512198004, "alphas12": 51.190290912418384, "alphas13": 2.4434489399783965, "alphas14": 53.31283133790709, "alphas2": 58.20067853023689, "alphas3": 41.02844845579281, "alphas4": 38.92903465854338, "alphas5": 2.273262886066618, "alphas6": 56.34640968921486, "alphas7": 55.91178533283026, "alphas8": 7.054016558165548, "alphas9": 36.36150916814315}, "datetime": {"datetime": "2018-12-17 13:15:55", "elapsed": 302.577675, "delta": 36.405189}}
{"target": 0.08253953093782869, "params": {"alphas0": 4.455113195021585, "alphas1": 4.76577515516976, "alphas10": 9.145518190142914, "alphas11": 7.788095855676005, "alphas12": 41.24844544031599, "alphas13": 19.79588603688495, "alphas14": 57.67122326217041, "alphas2": 5.6801768119145635, "alphas3": 52.85032344175247, "alphas4": 56.43890801602386, "alphas5": 7.414465335692196, "alphas6": 57.328812755875106, "alphas7": 54.95399213564367, "alphas8": 58.40037037422272, "alphas9": 38.286746507876444}, "datetime": {"datetime": "2018-12-17 13:16:32", "elapsed": 339.611805, "delta": 37.03413}}
{"target": 0.08820278266514942, "params": {"alphas0": 42.16643587629919, "alphas1": 1.391996299963656, "alphas10": 55.90932138933336, "alphas11": 1.9752445944401975, "alphas12": 29.482393826292647, "alphas13": 11.46817031997023, "alphas14": 58.17738892552392, "alphas2": 17.467341313107273, "alphas3": 27.447367117638365, "alphas4": 4.202636676530586, "alphas5": 54.99336148803497, "alphas6": 53.204273945466, "alphas7": 16.06117406841248, "alphas8": 3.8270110329363494, "alphas9": 10.322322811776765}, "datetime": {"datetime": "2018-12-17 13:17:23", "elapsed": 391.224435, "delta": 51.61263}}
{"target": 0.08140015342560097, "params": {"alphas0": 40.06860856205858, "alphas1": 1.8726813031176293, "alphas10": 4.506993712449123, "alphas11": 2.308829952324991, "alphas12": 31.446744831253394, "alphas13": 3.991902612595879, "alphas14": 56.041144689865504, "alphas2": 56.58350058309351, "alphas3": 13.772907862484757, "alphas4": 9.263074044995767, "alphas5": 56.3871620053861, "alphas6": 30.3086862749837, "alphas7": 59.304847777104335, "alphas8": 7.407710408821533, "alphas9": 0.4999922863448836}, "datetime": {"datetime": "2018-12-17 13:18:01", "elapsed": 429.001727, "delta": 37.777292}}
{"target": 0.08600995082543755, "params": {"alphas0": 44.908118421739076, "alphas1": 48.74462574692156, "alphas10": 58.877735667883, "alphas11": 26.096362052741192, "alphas12": 57.212770812986314, "alphas13": 10.94630314251152, "alphas14": 41.607579569637366, "alphas2": 3.2974988849794973, "alphas3": 58.587815326669485, "alphas4": 59.25046010171091, "alphas5": 25.846587149793315, "alphas6": 57.64129449981168, "alphas7": 1.982436610299323, "alphas8": 24.42630811219155, "alphas9": 51.43682195265494}, "datetime": {"datetime": "2018-12-17 13:18:38", "elapsed": 466.001341, "delta": 36.999614}}
{"target": 0.08534667788084942, "params": {"alphas0": 58.300609493135376, "alphas1": 10.582750904721136, "alphas10": 55.96320063702029, "alphas11": 25.79974700708691, "alphas12": 28.386150995899367, "alphas13": 20.635845719862772, "alphas14": 56.09630434098348, "alphas2": 5.790005939679983, "alphas3": 19.56297583883353, "alphas4": 6.185489427871868, "alphas5": 4.882200248865578, "alphas6": 56.35687376247715, "alphas7": 3.651636772148621, "alphas8": 4.140563478067962, "alphas9": 50.406657230061626}, "datetime": {"datetime": "2018-12-17 13:19:14", "elapsed": 502.227314, "delta": 36.225973}}
{"target": 0.08456758256663237, "params": {"alphas0": 13.573782084782593, "alphas1": 0.3676342396769372, "alphas10": 58.41719030766503, "alphas11": 13.956078086779604, "alphas12": 59.41945817665698, "alphas13": 38.36759013156425, "alphas14": 51.191022044928495, "alphas2": 4.141124904021389, "alphas3": 51.137131609367664, "alphas4": 2.448402906740621, "alphas5": 56.06494995914136, "alphas6": 46.745043434406, "alphas7": 3.161548575770614, "alphas8": 6.610086727670003, "alphas9": 30.453902338380693}, "datetime": {"datetime": "2018-12-17 13:19:51", "elapsed": 539.039218, "delta": 36.811904}}
{"target": 0.08657525066630166, "params": {"alphas0": 59.19700321962167, "alphas1": 3.442317560859709, "alphas10": 56.23793817747579, "alphas11": 32.99094925265694, "alphas12": 4.792444870514525, "alphas13": 5.946489027373807, "alphas14": 55.32842313612046, "alphas2": 44.02029093760957, "alphas3": 40.24767793809696, "alphas4": 56.585988303090176, "alphas5": 42.193003127477766, "alphas6": 47.653893244870225, "alphas7": 2.4622500232014044, "alphas8": 44.88355823322708, "alphas9": 44.72892895447812}, "datetime": {"datetime": "2018-12-17 13:20:28", "elapsed": 575.540212, "delta": 36.500994}}
{"target": 0.08614516166026052, "params": {"alphas0": 59.39551989248018, "alphas1": 6.205093137809222, "alphas10": 58.75088404938369, "alphas11": 26.32550223515151, "alphas12": 15.671315088066864, "alphas13": 1.02215907705415, "alphas14": 44.4997794569317, "alphas2": 8.855096352570307, "alphas3": 52.33053730535608, "alphas4": 47.315957391716886, "alphas5": 4.370299415334291, "alphas6": 4.071422656236228, "alphas7": 17.978496398162427, "alphas8": 40.78270046994491, "alphas9": 40.653887707555626}, "datetime": {"datetime": "2018-12-17 13:21:04", "elapsed": 612.362037, "delta": 36.821825}}
{"target": 0.08477105597823266, "params": {"alphas0": 58.58374187409809, "alphas1": 58.393942233761344, "alphas10": 58.09345950324968, "alphas11": 3.114406348231047, "alphas12": 46.057558904339345, "alphas13": 3.0981481433075864, "alphas14": 25.726987785119462, "alphas2": 4.091670811542409, "alphas3": 37.415273559876404, "alphas4": 13.108575342006311, "alphas5": 9.815567135672762, "alphas6": 39.87858872692171, "alphas7": 3.188842017419984, "alphas8": 16.18265893256822, "alphas9": 58.45853177571125}, "datetime": {"datetime": "2018-12-17 13:21:42", "elapsed": 650.025037, "delta": 37.663}}
{"target": 0.08540385438694853, "params": {"alphas0": 47.93132823948378, "alphas1": 14.984949740162502, "alphas10": 59.96552261020319, "alphas11": 56.392087058504906, "alphas12": 2.196817689937758, "alphas13": 7.083770325947157, "alphas14": 52.7509702949306, "alphas2": 0.39833411185814294, "alphas3": 56.69420979408129, "alphas4": 15.120512748153896, "alphas5": 1.3608929828502347, "alphas6": 3.501423233736485, "alphas7": 7.618872935788554, "alphas8": 53.51439579819144, "alphas9": 50.54177391529718}, "datetime": {"datetime": "2018-12-17 13:22:20", "elapsed": 687.465466, "delta": 37.440429}}
{"target": 0.08472936135983711, "params": {"alphas0": 14.691474310056158, "alphas1": 1.9708283466137244, "alphas10": 55.55284877842611, "alphas11": 2.045909000550026, "alphas12": 3.503556418548537, "alphas13": 57.85947615012503, "alphas14": 55.65298075262639, "alphas2": 40.45809229815469, "alphas3": 57.088540576562814, "alphas4": 51.025574883441365, "alphas5": 48.071189236217734, "alphas6": 56.634006074513245, "alphas7": 0.5561075596013243, "alphas8": 55.633198695160466, "alphas9": 41.90322060820864}, "datetime": {"datetime": "2018-12-17 13:22:57", "elapsed": 725.072999, "delta": 37.607533}}
{"target": 0.08559120934911611, "params": {"alphas0": 59.09079560576025, "alphas1": 0.4307297269163124, "alphas10": 57.454455814082486, "alphas11": 40.46498692686233, "alphas12": 30.601007466287722, "alphas13": 4.231541905761365, "alphas14": 56.91489555682881, "alphas2": 2.1814268449991925, "alphas3": 9.371940423532902, "alphas4": 54.48947191950128, "alphas5": 44.68499543603356, "alphas6": 19.51598196931699, "alphas7": 20.66942565013353, "alphas8": 0.06591524904461243, "alphas9": 1.9488423205532124}, "datetime": {"datetime": "2018-12-17 13:23:36", "elapsed": 763.64734, "delta": 38.574341}}
{"target": 0.08330314298148825, "params": {"alphas0": 2.522883731449188, "alphas1": 0.8516551118416404, "alphas10": 58.17706870181341, "alphas11": 58.31822946777889, "alphas12": 10.22940317850664, "alphas13": 0.7763678780102556, "alphas14": 18.575485993320108, "alphas2": 1.5550021921698476, "alphas3": 47.32367896694182, "alphas4": 54.333299651232615, "alphas5": 24.361525496822203, "alphas6": 54.286840835196, "alphas7": 2.731906991212081, "alphas8": 3.90817519429562, "alphas9": 1.3614022710284779}, "datetime": {"datetime": "2018-12-17 13:24:13", "elapsed": 801.057125, "delta": 37.409785}}
{"target": 0.08555412441231089, "params": {"alphas0": 39.101306621733805, "alphas1": 58.13154402931328, "alphas10": 58.67013514649979, "alphas11": 0.5729073909878912, "alphas12": 52.45088150601643, "alphas13": 0.2641655477479343, "alphas14": 55.60526628392741, "alphas2": 48.182946527715224, "alphas3": 52.28492136703096, "alphas4": 58.6301465744785, "alphas5": 59.92825674618743, "alphas6": 17.797863810413695, "alphas7": 22.258905284666575, "alphas8": 3.541234624892391, "alphas9": 58.100690964391184}, "datetime": {"datetime": "2018-12-17 13:24:50", "elapsed": 838.361135, "delta": 37.30401}}
{"target": 0.0848096148205848, "params": {"alphas0": 56.66165771935919, "alphas1": 0.2078089555581042, "alphas10": 57.97942834981813, "alphas11": 3.6388500051329054, "alphas12": 51.13168188261752, "alphas13": 0.3052396957757475, "alphas14": 58.60350674784003, "alphas2": 40.23890408958804, "alphas3": 57.33129293205787, "alphas4": 43.71137003668399, "alphas5": 53.901099031052375, "alphas6": 4.676843008177169, "alphas7": 51.13475969796173, "alphas8": 46.82753848117426, "alphas9": 59.69845184690011}, "datetime": {"datetime": "2018-12-17 13:25:29", "elapsed": 876.98082, "delta": 38.619685}}
