{"target": 0.08592571864786462, "params": {"alphas0": 57.44018942107923, "alphas1": 13.900165392252408, "alphas10": 45.78414586854522, "alphas11": 59.052542717675664, "alphas12": 9.70945139873989, "alphas13": 58.9497018121688, "alphas14": 48.24878019556113, "alphas2": 34.78126958758343, "alphas3": 38.06718778298635, "alphas4": 59.177322035303256, "alphas5": 44.38749308581718, "alphas6": 2.824315091998948, "alphas7": 59.196127977939504, "alphas8": 55.79993150207986, "alphas9": 58.35810483219248}, "datetime": {"datetime": "2018-12-17 13:50:02", "elapsed": 2349.868047, "delta": 41.775578}}
{"target": 0.08670268959760566, "params": {"alphas0": 57.93202200533601, "alphas1": 47.81372661140656, "alphas10": 54.532374691183634, "alphas11": 52.42744710448589, "alphas12": 58.6929098954141, "alphas13": 44.036903645378565, "alphas14": 58.78516058345355, "alphas2": 57.901922607271956, "alphas3": 56.15812214158173, "alphas4": 50.99595439079944, "alphas5": 56.74726109540396, "alphas6": 2.882664957379688, "alphas7": 53.68871795508331, "alphas8": 26.713927599762705, "alphas9": 49.428539676987114}, "datetime": {"datetime": "2018-12-17 13:50:44", "elapsed": 2391.443922, "delta": 41.575875}}
{"target": 0.08534826194013038, "params": {"alphas0": 56.82475718158616, "alphas1": 16.760939706872783, "alphas10": 56.86415973660889, "alphas11": 52.223841292797076, "alphas12": 16.805915611727958, "alphas13": 40.365472572083455, "alphas14": 40.873789857109756, "alphas2": 3.6018228194232393, "alphas3": 53.20673966492471, "alphas4": 12.182117918574928, "alphas5": 54.80204155949523, "alphas6": 3.3693195193611514, "alphas7": 50.3090777560927, "alphas8": 58.44208725757873, "alphas9": 59.96814608188856}, "datetime": {"datetime": "2018-12-17 13:51:26", "elapsed": 2433.606235, "delta": 42.162313}}
{"target": 0.0862877130734362, "params": {"alphas0": 55.401682016299944, "alphas1": 25.998145952643434, "alphas10": 41.63816088901522, "alphas11": 57.74962160114392, "alphas12": 47.94260979136652, "alphas13": 52.25526221046634, "alphas14": 56.86260657926121, "alphas2": 26.379067945769357, "alphas3": 56.4122943844284, "alphas4": 57.781678659600345, "alphas5": 57.43269549716248, "alphas6": 59.312306154889505, "alphas7": 43.560084165639, "alphas8": 57.16840862484453, "alphas9": 51.75941983284422}, "datetime": {"datetime": "2018-12-17 13:52:07", "elapsed": 2474.797705, "delta": 41.19147}}
{"target": 0.08615466505450863, "params": {"alphas0": 6.287512386178527, "alphas1": 51.348312871238186, "alphas10": 59.50535237275335, "alphas11": 59.9224351631443, "alphas12": 10.975527434302476, "alphas13": 54.798182451261646, "alphas14": 58.0751795285064, "alphas2": 47.340408478612304, "alphas3": 51.40500569058189, "alphas4": 47.83421880402367, "alphas5": 58.89107653778519, "alphas6": 55.60932661589543, "alphas7": 15.990671721861657, "alphas8": 54.555160242451045, "alphas9": 54.12941877521172}, "datetime": {"datetime": "2018-12-17 13:52:49", "elapsed": 2517.183635, "delta": 42.38593}}
{"target": 0.08664925432289636, "params": {"alphas0": 55.686866108981846, "alphas1": 56.060451803470215, "alphas10": 47.95133368220343, "alphas11": 52.39860904827559, "alphas12": 38.53631531944845, "alphas13": 17.47068147359305, "alphas14": 58.632017270514716, "alphas2": 57.0116990539435, "alphas3": 51.94549702265111, "alphas4": 3.3619156266338157, "alphas5": 57.45252782537181, "alphas6": 52.76166459644987, "alphas7": 48.139227015286124, "alphas8": 55.94843002619557, "alphas9": 46.3963363518896}, "datetime": {"datetime": "2018-12-17 13:53:30", "elapsed": 2557.448259, "delta": 40.264624}}
{"target": 0.08598428354115549, "params": {"alphas0": 57.9594146767286, "alphas1": 58.66842759962871, "alphas10": 8.990117610664743, "alphas11": 48.17931840040211, "alphas12": 3.6786901634978597, "alphas13": 14.625779377286797, "alphas14": 58.76088741765848, "alphas2": 57.28698585336415, "alphas3": 55.312421284250284, "alphas4": 7.336770184757022, "alphas5": 52.44584035604808, "alphas6": 14.370700045317271, "alphas7": 25.860227840246218, "alphas8": 37.09318662601948, "alphas9": 52.81497521231911}, "datetime": {"datetime": "2018-12-17 13:54:10", "elapsed": 2598.11308, "delta": 40.664821}}
{"target": 0.08673362733917336, "params": {"alphas0": 33.65083385249888, "alphas1": 57.07513385853474, "alphas10": 54.19842643481793, "alphas11": 44.19541923320009, "alphas12": 57.46860345904026, "alphas13": 25.687022767889754, "alphas14": 54.28792741950939, "alphas2": 55.69848193498958, "alphas3": 53.480577487199405, "alphas4": 58.73634455720392, "alphas5": 59.537309492447086, "alphas6": 16.438889713959803, "alphas7": 53.02167240188334, "alphas8": 56.491153459699504, "alphas9": 52.70838819612306}, "datetime": {"datetime": "2018-12-17 13:54:52", "elapsed": 2639.521968, "delta": 41.408888}}
{"target": 0.08632174442184612, "params": {"alphas0": 53.5539635037072, "alphas1": 56.229128839146405, "alphas10": 40.317356686326214, "alphas11": 56.908921503290934, "alphas12": 4.310362638418692, "alphas13": 48.97999378404033, "alphas14": 59.660795181339694, "alphas2": 54.281259275296826, "alphas3": 53.066589508628454, "alphas4": 42.560485924430836, "alphas5": 51.3116066304785, "alphas6": 18.204695040751126, "alphas7": 53.29211997898433, "alphas8": 14.258847826023375, "alphas9": 58.33334355565361}, "datetime": {"datetime": "2018-12-17 13:55:35", "elapsed": 2683.289633, "delta": 43.767665}}
{"target": 0.08637918597054331, "params": {"alphas0": 55.12680808165107, "alphas1": 41.393887995556774, "alphas10": 56.755937236177786, "alphas11": 58.56679817193422, "alphas12": 47.19813634895134, "alphas13": 59.619953196234505, "alphas14": 55.11307275402942, "alphas2": 46.85352095503888, "alphas3": 11.675713545286325, "alphas4": 44.905115434430044, "alphas5": 48.02848546334373, "alphas6": 56.04453216758567, "alphas7": 59.98488536575963, "alphas8": 10.74170290694292, "alphas9": 53.12469348944001}, "datetime": {"datetime": "2018-12-17 13:56:19", "elapsed": 2726.759986, "delta": 43.470353}}
{"target": 0.08631872298243304, "params": {"alphas0": 59.71615292989388, "alphas1": 57.74819371075309, "alphas10": 57.317310660179544, "alphas11": 58.01423324062857, "alphas12": 33.318457449363365, "alphas13": 32.41618781871195, "alphas14": 32.575122088731334, "alphas2": 58.93188258547726, "alphas3": 49.581585927454064, "alphas4": 9.544913870078133, "alphas5": 59.623432685984234, "alphas6": 35.85874065456099, "alphas7": 39.15459468641071, "alphas8": 54.45030620954322, "alphas9": 51.86898843409747}, "datetime": {"datetime": "2018-12-17 13:57:01", "elapsed": 2769.210591, "delta": 42.450605}}
{"target": 0.08639655108505936, "params": {"alphas0": 59.18765852819469, "alphas1": 55.214056468370565, "alphas10": 58.94023139353375, "alphas11": 37.76869028101222, "alphas12": 12.505157472917814, "alphas13": 43.094179148096465, "alphas14": 58.47162874807496, "alphas2": 58.16600087641658, "alphas3": 6.353023567124252, "alphas4": 47.112838139513165, "alphas5": 53.4511418188067, "alphas6": 11.954063555361177, "alphas7": 59.83397824326543, "alphas8": 59.97848841895335, "alphas9": 58.801220635013514}, "datetime": {"datetime": "2018-12-17 13:57:44", "elapsed": 2811.565153, "delta": 42.354562}}
{"target": 0.08471009692997025, "params": {"alphas0": 55.93441504368808, "alphas1": 59.81238399359319, "alphas10": 14.260637692394798, "alphas11": 53.59975961942319, "alphas12": 59.06741518112135, "alphas13": 58.79737326002729, "alphas14": 56.81682631234855, "alphas2": 19.376555470645766, "alphas3": 56.955001566256804, "alphas4": 57.50455646748396, "alphas5": 27.44117072983744, "alphas6": 47.58929324213398, "alphas7": 52.427236883745, "alphas8": 59.995712808057114, "alphas9": 6.9918434596013785}, "datetime": {"datetime": "2018-12-17 13:58:26", "elapsed": 2854.03221, "delta": 42.467057}}
{"target": 0.08638889927745509, "params": {"alphas0": 59.44759279181494, "alphas1": 42.378059168395346, "alphas10": 59.53244578637589, "alphas11": 57.530450980936614, "alphas12": 2.7580113703782883, "alphas13": 1.8608122704501628, "alphas14": 54.361458186520615, "alphas2": 35.76231687230393, "alphas3": 56.35161610118084, "alphas4": 51.185143721382815, "alphas5": 47.28694740637264, "alphas6": 3.303906056235908, "alphas7": 34.20434776953565, "alphas8": 56.411075209022016, "alphas9": 52.75300022158614}, "datetime": {"datetime": "2018-12-17 13:59:10", "elapsed": 2898.13685, "delta": 44.10464}}
{"target": 0.08605923372449727, "params": {"alphas0": 56.60668075293992, "alphas1": 57.935276917373656, "alphas10": 54.677493635432576, "alphas11": 56.91653296702508, "alphas12": 19.474677177215703, "alphas13": 1.112785613820102, "alphas14": 37.04022544057283, "alphas2": 2.528353121177833, "alphas3": 58.26245358698884, "alphas4": 23.23750806430118, "alphas5": 59.87289762428442, "alphas6": 41.95534994686295, "alphas7": 10.967495676585974, "alphas8": 16.086465090529217, "alphas9": 54.62317840068691}, "datetime": {"datetime": "2018-12-17 13:59:54", "elapsed": 2942.029041, "delta": 43.892191}}
{"target": 0.08622944731958185, "params": {"alphas0": 47.1737943723323, "alphas1": 36.0903836553656, "alphas10": 52.91977190476304, "alphas11": 58.76885592639878, "alphas12": 1.6516302643818825, "alphas13": 57.70205926267844, "alphas14": 58.9719838434805, "alphas2": 41.853662536883604, "alphas3": 55.376330573851305, "alphas4": 14.050973303647517, "alphas5": 47.126673699360545, "alphas6": 0.43278556696654924, "alphas7": 13.392571977313523, "alphas8": 50.84639559336122, "alphas9": 53.83391778816922}, "datetime": {"datetime": "2018-12-17 14:00:37", "elapsed": 2984.991079, "delta": 42.962038}}
{"target": 0.08623864117646532, "params": {"alphas0": 59.433131766582704, "alphas1": 7.652091513327419, "alphas10": 57.032667107444325, "alphas11": 40.86843324413388, "alphas12": 11.603001354675193, "alphas13": 18.72003238699563, "alphas14": 54.253007080787505, "alphas2": 53.802472087405945, "alphas3": 57.86790926691503, "alphas4": 58.1488748311349, "alphas5": 58.302287417803505, "alphas6": 30.439905095584145, "alphas7": 1.2644432772207237, "alphas8": 4.285897939736554, "alphas9": 56.1846724108566}, "datetime": {"datetime": "2018-12-17 14:01:19", "elapsed": 3026.932188, "delta": 41.941109}}
{"target": 0.08595747634614244, "params": {"alphas0": 53.54594474730456, "alphas1": 57.28118214675693, "alphas10": 43.67150731745215, "alphas11": 58.76347948416461, "alphas12": 23.062221908639476, "alphas13": 20.38396067977304, "alphas14": 1.4308192246236473, "alphas2": 58.081892184550924, "alphas3": 59.28177759777319, "alphas4": 20.742945195366122, "alphas5": 59.66021719372732, "alphas6": 49.56628740622292, "alphas7": 37.83422687634464, "alphas8": 5.2074190248635865, "alphas9": 57.60977093750073}, "datetime": {"datetime": "2018-12-17 14:02:03", "elapsed": 3070.703259, "delta": 43.771071}}
{"target": 0.08592706563063668, "params": {"alphas0": 37.82302066918239, "alphas1": 52.397838183744376, "alphas10": 20.567621755776745, "alphas11": 56.2867369517058, "alphas12": 39.83061984339217, "alphas13": 3.845163509705838, "alphas14": 57.218980159323756, "alphas2": 16.65001847903283, "alphas3": 43.26038269416905, "alphas4": 51.25952446630988, "alphas5": 57.554263082431845, "alphas6": 50.829716918690494, "alphas7": 56.539099557326544, "alphas8": 59.7178171218288, "alphas9": 59.66178648676072}, "datetime": {"datetime": "2018-12-17 14:02:45", "elapsed": 3112.895628, "delta": 42.192369}}
{"target": 0.08558135387059201, "params": {"alphas0": 3.707168242848511, "alphas1": 55.808894303760134, "alphas10": 58.04383446233702, "alphas11": 59.97314591991943, "alphas12": 3.3627831798966046, "alphas13": 3.9909798169287924, "alphas14": 42.46650125134181, "alphas2": 1.71410510485152, "alphas3": 57.440772597845466, "alphas4": 10.931766253205168, "alphas5": 55.77560926698068, "alphas6": 42.4553316986049, "alphas7": 58.432545688833976, "alphas8": 49.168598314135785, "alphas9": 47.91219833579927}, "datetime": {"datetime": "2018-12-17 14:03:28", "elapsed": 3156.139484, "delta": 43.243856}}
{"target": 0.0860540783124356, "params": {"alphas0": 46.83257403900771, "alphas1": 19.84887943480669, "alphas10": 57.935392842553505, "alphas11": 59.390100014933196, "alphas12": 15.423986316884925, "alphas13": 7.88966743762855, "alphas14": 46.4594999202846, "alphas2": 51.31444012211741, "alphas3": 52.085258597184385, "alphas4": 59.30925155415083, "alphas5": 56.49304034929778, "alphas6": 32.35882961576335, "alphas7": 56.52428554409451, "alphas8": 53.47010110999307, "alphas9": 59.62493150468697}, "datetime": {"datetime": "2018-12-17 14:04:12", "elapsed": 3200.289365, "delta": 44.149881}}
{"target": 0.08663124614755582, "params": {"alphas0": 56.77514666848572, "alphas1": 47.37461180601597, "alphas10": 59.51926029171337, "alphas11": 30.209521132419376, "alphas12": 2.541519855865435, "alphas13": 10.638928714649191, "alphas14": 55.28184468641033, "alphas2": 53.860862431680225, "alphas3": 48.90118370950168, "alphas4": 38.85375427259494, "alphas5": 51.64974516319896, "alphas6": 2.7114791230155566, "alphas7": 0.3878261925770232, "alphas8": 49.65802924796392, "alphas9": 49.666024470263885}, "datetime": {"datetime": "2018-12-17 14:04:56", "elapsed": 3243.659842, "delta": 43.370477}}
{"target": 0.08624908359322274, "params": {"alphas0": 59.578607855090254, "alphas1": 57.649101828689766, "alphas10": 50.120532113628336, "alphas11": 59.92270461978794, "alphas12": 46.93697954822508, "alphas13": 58.407677916890144, "alphas14": 46.80761103045795, "alphas2": 56.52021416869269, "alphas3": 45.7555859757436, "alphas4": 59.17742523314795, "alphas5": 1.5449635396579042, "alphas6": 29.65987426651373, "alphas7": 36.13700535635599, "alphas8": 49.04725687484954, "alphas9": 59.89203715199602}, "datetime": {"datetime": "2018-12-17 14:05:39", "elapsed": 3286.824811, "delta": 43.164969}}
{"target": 0.08603316760740362, "params": {"alphas0": 59.041870726223124, "alphas1": 55.81087008099684, "alphas10": 55.70254504174307, "alphas11": 57.39385138191642, "alphas12": 19.115341441728017, "alphas13": 3.8798134683719154, "alphas14": 38.166979074042786, "alphas2": 0.4960206045700355, "alphas3": 56.573170198495674, "alphas4": 59.665032504510464, "alphas5": 35.00752611743154, "alphas6": 34.81300282769836, "alphas7": 32.130006316329506, "alphas8": 52.12442058318887, "alphas9": 56.79495215564818}, "datetime": {"datetime": "2018-12-17 14:06:22", "elapsed": 3329.967409, "delta": 43.142598}}
{"target": 0.0858499495223221, "params": {"alphas0": 47.51370847376989, "alphas1": 44.2923046456785, "alphas10": 39.99819198121536, "alphas11": 58.37431824283699, "alphas12": 51.108990652122145, "alphas13": 19.96365237600037, "alphas14": 56.02087360799373, "alphas2": 45.842845007477536, "alphas3": 3.71540303176789, "alphas4": 26.752588465986523, "alphas5": 59.90582273518148, "alphas6": 0.47659934445080987, "alphas7": 1.6337439489921435, "alphas8": 5.328139467652586, "alphas9": 59.22913409555331}, "datetime": {"datetime": "2018-12-17 14:08:22", "elapsed": 3449.587506, "delta": 119.620097}}
{"target": 0.08583375982320082, "params": {"alphas0": 43.56793350365173, "alphas1": 47.23604503607849, "alphas10": 58.16467598775013, "alphas11": 52.25799611876637, "alphas12": 3.5711190362979917, "alphas13": 1.2466488947994958, "alphas14": 58.326091765220326, "alphas2": 54.54515514813017, "alphas3": 50.34754504398639, "alphas4": 59.44262545825207, "alphas5": 58.86539490167925, "alphas6": 37.6765306403053, "alphas7": 4.255824899383985, "alphas8": 4.2569867155724666, "alphas9": 17.549281646123575}, "datetime": {"datetime": "2018-12-17 14:10:34", "elapsed": 3582.327625, "delta": 132.740119}}
{"target": 0.08641868933247679, "params": {"alphas0": 59.48763399006479, "alphas1": 50.29668242755938, "alphas10": 55.411257833658425, "alphas11": 50.419720056064605, "alphas12": 1.6197644416274937, "alphas13": 54.62265025979619, "alphas14": 52.11456132141856, "alphas2": 52.93733131460203, "alphas3": 21.397626656826205, "alphas4": 44.32224433018882, "alphas5": 52.71558996168329, "alphas6": 57.035328755883484, "alphas7": 57.30493487671436, "alphas8": 54.62586535548755, "alphas9": 54.29179695806597}, "datetime": {"datetime": "2018-12-17 14:12:43", "elapsed": 3711.165967, "delta": 128.838342}}
{"target": 0.08631556174691737, "params": {"alphas0": 52.973520887689254, "alphas1": 58.09752031467576, "alphas10": 46.43041949311389, "alphas11": 57.16059258337006, "alphas12": 13.62550345869304, "alphas13": 44.698919163143536, "alphas14": 59.584718234835826, "alphas2": 58.065211228030904, "alphas3": 22.1092355009139, "alphas4": 48.66713379094687, "alphas5": 40.462780701964775, "alphas6": 11.295195010196172, "alphas7": 48.84751596369786, "alphas8": 2.8822810857120684, "alphas9": 53.554727619053686}, "datetime": {"datetime": "2018-12-17 14:14:51", "elapsed": 3838.699419, "delta": 127.533452}}
{"target": 0.08606157358923522, "params": {"alphas0": 3.220902762126805, "alphas1": 55.15347275710064, "alphas10": 58.0325325148297, "alphas11": 56.43996677773947, "alphas12": 0.9578297448500428, "alphas13": 43.23711979215967, "alphas14": 59.03727965514455, "alphas2": 57.457374002469756, "alphas3": 0.13610303767606968, "alphas4": 54.449444028792364, "alphas5": 44.49075282601261, "alphas6": 3.362767597023566, "alphas7": 14.10377460857022, "alphas8": 6.009562667086428, "alphas9": 49.78554593378837}, "datetime": {"datetime": "2018-12-17 14:17:02", "elapsed": 3970.224021, "delta": 131.524602}}
{"target": 0.08613627636681387, "params": {"alphas0": 59.09031565990118, "alphas1": 57.04854094465772, "alphas10": 41.404978876292056, "alphas11": 52.13111526246633, "alphas12": 6.965008888706303, "alphas13": 57.184606867501046, "alphas14": 56.14185653911552, "alphas2": 55.19396998103793, "alphas3": 10.023652637651264, "alphas4": 19.210080160031136, "alphas5": 58.21205021529901, "alphas6": 29.471129109702368, "alphas7": 1.7906546076469976, "alphas8": 21.814647214111854, "alphas9": 53.64178988925406}, "datetime": {"datetime": "2018-12-17 14:19:16", "elapsed": 4103.98969, "delta": 133.765669}}
{"target": 0.0860747169482311, "params": {"alphas0": 56.899931991099955, "alphas1": 56.48037793915588, "alphas10": 47.34979091741754, "alphas11": 52.673516331573445, "alphas12": 6.998144973034233, "alphas13": 1.5871153684978934, "alphas14": 47.89659041259991, "alphas2": 49.18785308359002, "alphas3": 16.354814384246584, "alphas4": 58.185155450173355, "alphas5": 3.471598531970337, "alphas6": 16.464471486333654, "alphas7": 54.61467249975644, "alphas8": 6.251762580637248, "alphas9": 59.3403852927471}, "datetime": {"datetime": "2018-12-17 14:21:37", "elapsed": 4244.721388, "delta": 140.731698}}
{"target": 0.08630042655879179, "params": {"alphas0": 58.050026195443515, "alphas1": 55.819722922023615, "alphas10": 58.789289963655634, "alphas11": 54.54279036219826, "alphas12": 6.160415916654158, "alphas13": 5.6355841077252595, "alphas14": 41.090376057000164, "alphas2": 35.4098390601661, "alphas3": 37.784734444941094, "alphas4": 51.21701280458779, "alphas5": 51.74322469648313, "alphas6": 59.865594650682105, "alphas7": 51.63504577394487, "alphas8": 53.67550307705181, "alphas9": 54.490201527964736}, "datetime": {"datetime": "2018-12-17 14:23:57", "elapsed": 4384.853163, "delta": 140.131775}}
{"target": 0.08638475045102345, "params": {"alphas0": 57.470889206760106, "alphas1": 59.523053153403055, "alphas10": 54.98019863861252, "alphas11": 25.692071926564445, "alphas12": 2.519696496226982, "alphas13": 14.357245310106698, "alphas14": 59.79307235642172, "alphas2": 51.267102606126066, "alphas3": 54.51251808964387, "alphas4": 11.603305318605873, "alphas5": 40.15492065528083, "alphas6": 35.89449861111605, "alphas7": 49.597883443792384, "alphas8": 42.95899363578067, "alphas9": 58.85353887006977}, "datetime": {"datetime": "2018-12-17 14:26:12", "elapsed": 4519.704554, "delta": 134.851391}}
{"target": 0.08655782059829076, "params": {"alphas0": 44.755383264946865, "alphas1": 39.857053768524075, "alphas10": 47.63248710086732, "alphas11": 57.69491446493058, "alphas12": 5.049375208271596, "alphas13": 58.76832473607653, "alphas14": 58.63187386575865, "alphas2": 59.85641727500937, "alphas3": 58.879394262535136, "alphas4": 58.47913126961936, "alphas5": 59.300611764849805, "alphas6": 22.964360123917913, "alphas7": 52.23623022308701, "alphas8": 31.099470038135625, "alphas9": 51.039654934423496}, "datetime": {"datetime": "2018-12-17 14:28:22", "elapsed": 4649.508247, "delta": 129.803693}}
{"target": 0.08621561699497131, "params": {"alphas0": 49.337288776665375, "alphas1": 55.24766260798087, "alphas10": 53.433397054953076, "alphas11": 47.64893299227905, "alphas12": 3.886932739347777, "alphas13": 1.3279808119507042, "alphas14": 49.808685501192755, "alphas2": 55.19752626691607, "alphas3": 29.352778896367756, "alphas4": 59.84039367977145, "alphas5": 59.481775462900515, "alphas6": 30.335822682485297, "alphas7": 13.117268985267433, "alphas8": 30.61875464818803, "alphas9": 59.736753486085604}, "datetime": {"datetime": "2018-12-17 14:30:43", "elapsed": 4790.470028, "delta": 140.961781}}
{"target": 0.08626035377684045, "params": {"alphas0": 57.891312832307094, "alphas1": 56.717126177784756, "alphas10": 50.63315704784563, "alphas11": 57.9816823472563, "alphas12": 6.499200922882789, "alphas13": 42.218725532321855, "alphas14": 56.237357172391675, "alphas2": 50.66641507381236, "alphas3": 14.056660663971222, "alphas4": 55.472660056029675, "alphas5": 55.08632475006011, "alphas6": 16.787738644055338, "alphas7": 12.115427728660809, "alphas8": 37.27321445385722, "alphas9": 57.50984200563668}, "datetime": {"datetime": "2018-12-17 14:33:02", "elapsed": 4929.441714, "delta": 138.971686}}
