{"target": 0.0866672821453573, "params": {"alphas0": 54.85071222494223, "alphas1": 56.258511465063535, "alphas10": 58.98635433121208, "alphas11": 56.311972497050256, "alphas12": 1.212391317241417, "alphas13": 10.861311666390625, "alphas14": 55.57472537723058, "alphas2": 4.3600426946523925, "alphas3": 50.875852839885596, "alphas4": 38.49325165914514, "alphas5": 54.97813839702324, "alphas6": 52.8299249962786, "alphas7": 59.94322081764723, "alphas8": 49.457714512853656, "alphas9": 41.89203166517723}, "datetime": {"datetime": "2018-12-17 14:35:22", "elapsed": 5070.314602, "delta": 140.872888}}
{"target": 0.08628462978960594, "params": {"alphas0": 56.68850831106833, "alphas1": 50.386162110982006, "alphas10": 47.27729160933546, "alphas11": 56.694749862607075, "alphas12": 16.357683450334605, "alphas13": 22.474364728142323, "alphas14": 54.29521861539934, "alphas2": 51.73818165996836, "alphas3": 7.0974340716661555, "alphas4": 4.717905578278899, "alphas5": 58.396904752622056, "alphas6": 45.8048574419708, "alphas7": 53.27088916737691, "alphas8": 55.07864735438682, "alphas9": 55.24061185257749}, "datetime": {"datetime": "2018-12-17 14:37:41", "elapsed": 5209.28657, "delta": 138.971968}}
{"target": 0.08586559079706176, "params": {"alphas0": 57.26386893226305, "alphas1": 56.00380690914412, "alphas10": 51.38259575352767, "alphas11": 58.525487150178414, "alphas12": 0.07362417958367784, "alphas13": 2.4485952206408856, "alphas14": 15.754879497851178, "alphas2": 21.952174545845672, "alphas3": 16.975503443823893, "alphas4": 58.16155893478629, "alphas5": 52.0131253222591, "alphas6": 54.08129383389015, "alphas7": 3.237525175102509, "alphas8": 52.30983250096273, "alphas9": 56.045732798060904}, "datetime": {"datetime": "2018-12-17 14:39:51", "elapsed": 5338.65504, "delta": 129.36847}}
{"target": 0.0865803725652569, "params": {"alphas0": 51.32025841164547, "alphas1": 54.539956957601525, "alphas10": 59.96248039131751, "alphas11": 51.509571744111106, "alphas12": 15.936928762234617, "alphas13": 49.87954348289644, "alphas14": 56.151110796499076, "alphas2": 52.373893376662494, "alphas3": 58.68893223154134, "alphas4": 28.57725150171575, "alphas5": 32.982714390228715, "alphas6": 22.14533447669043, "alphas7": 50.96242009973269, "alphas8": 59.44053019674314, "alphas9": 54.10199459310869}, "datetime": {"datetime": "2018-12-17 14:42:12", "elapsed": 5480.202022, "delta": 141.546982}}
{"target": 0.08612896272755476, "params": {"alphas0": 52.46495981574895, "alphas1": 22.991534051888117, "alphas10": 51.066692019860966, "alphas11": 58.38406595240123, "alphas12": 48.109568314308966, "alphas13": 56.48868706839957, "alphas14": 58.12923042635142, "alphas2": 59.282862548338656, "alphas3": 24.985318700280445, "alphas4": 25.53436967840392, "alphas5": 59.054069121414514, "alphas6": 1.1322847173798278, "alphas7": 20.685519813906946, "alphas8": 50.08782388318079, "alphas9": 56.92619066480623}, "datetime": {"datetime": "2018-12-17 14:44:41", "elapsed": 5628.847196, "delta": 148.645174}}
{"target": 0.08611288567629809, "params": {"alphas0": 57.07942576240461, "alphas1": 4.736257179967627, "alphas10": 54.39297089675133, "alphas11": 39.66163174951338, "alphas12": 1.3478878432903385, "alphas13": 55.7353212772167, "alphas14": 50.41927095061834, "alphas2": 59.70263691350448, "alphas3": 59.14525100536208, "alphas4": 37.48212068417805, "alphas5": 53.260935732378215, "alphas6": 53.57638822155609, "alphas7": 3.810908350799591, "alphas8": 43.81480561135757, "alphas9": 59.81199825786856}, "datetime": {"datetime": "2018-12-17 14:47:03", "elapsed": 5770.681523, "delta": 141.834327}}
{"target": 0.08631893396579285, "params": {"alphas0": 50.44635914237701, "alphas1": 58.081260961857566, "alphas10": 58.952942722332274, "alphas11": 50.84135526254595, "alphas12": 24.60630213726403, "alphas13": 19.801682293694135, "alphas14": 43.55671258215181, "alphas2": 33.60505014082973, "alphas3": 56.282068008977596, "alphas4": 9.145916354376478, "alphas5": 59.10787613639575, "alphas6": 5.813933712514285, "alphas7": 58.84211747863058, "alphas8": 51.61607881447603, "alphas9": 56.646735651556405}, "datetime": {"datetime": "2018-12-17 14:49:11", "elapsed": 5899.125902, "delta": 128.444379}}
{"target": 0.08641523830036507, "params": {"alphas0": 56.26039993946422, "alphas1": 53.966668904324024, "alphas10": 48.60366669004178, "alphas11": 58.71851007532545, "alphas12": 11.32786726976808, "alphas13": 19.46559130283848, "alphas14": 45.5200565133607, "alphas2": 55.9309988834239, "alphas3": 58.98969641509025, "alphas4": 59.486759545763036, "alphas5": 58.87930322905322, "alphas6": 57.080030569927885, "alphas7": 45.32320682367934, "alphas8": 33.086908226468466, "alphas9": 54.88139234930409}, "datetime": {"datetime": "2018-12-17 14:50:50", "elapsed": 5997.761091, "delta": 98.635189}}
{"target": 0.08611479068538141, "params": {"alphas0": 59.51676673739439, "alphas1": 50.70924185601505, "alphas10": 55.117586198564396, "alphas11": 59.08107169259318, "alphas12": 2.334261489788312, "alphas13": 3.762312912611734, "alphas14": 54.84344935522756, "alphas2": 51.62573760305275, "alphas3": 25.31513706049539, "alphas4": 41.85702992375851, "alphas5": 12.900324383419438, "alphas6": 58.24808659165818, "alphas7": 15.076725710014653, "alphas8": 0.14981077430139322, "alphas9": 58.88333546002025}, "datetime": {"datetime": "2018-12-17 14:52:15", "elapsed": 6082.473606, "delta": 84.712515}}
{"target": 0.08617295205414975, "params": {"alphas0": 58.7889778638467, "alphas1": 56.20782677170251, "alphas10": 37.98002566014873, "alphas11": 52.43607111838885, "alphas12": 25.268390166958824, "alphas13": 0.6948681808727697, "alphas14": 56.577305102377224, "alphas2": 12.893125633056563, "alphas3": 57.45297684845253, "alphas4": 7.7001547604046365, "alphas5": 53.84342678037838, "alphas6": 7.770462338636685, "alphas7": 6.088278572310088, "alphas8": 59.80486665448443, "alphas9": 56.42421561518554}, "datetime": {"datetime": "2018-12-17 14:53:41", "elapsed": 6168.632019, "delta": 86.158413}}
{"target": 0.08625349167487259, "params": {"alphas0": 54.298015214602515, "alphas1": 46.30228779823948, "alphas10": 59.9723238866649, "alphas11": 58.58572293129284, "alphas12": 25.99582318724458, "alphas13": 2.4715567082179657, "alphas14": 58.92077851638336, "alphas2": 50.14709038115173, "alphas3": 25.621946774351727, "alphas4": 54.94622601370451, "alphas5": 52.46626994871198, "alphas6": 45.670354665474804, "alphas7": 56.65551592935239, "alphas8": 39.522550626898095, "alphas9": 59.17635818369375}, "datetime": {"datetime": "2018-12-17 14:55:02", "elapsed": 6249.466384, "delta": 80.834365}}
{"target": 0.08622976135511974, "params": {"alphas0": 59.184791034415134, "alphas1": 54.47258182497789, "alphas10": 55.1921205331157, "alphas11": 51.13131366934976, "alphas12": 18.79273977590561, "alphas13": 45.00361172624388, "alphas14": 20.769999447676526, "alphas2": 50.28018966379486, "alphas3": 59.787733490347165, "alphas4": 58.6899205356486, "alphas5": 49.41437759631126, "alphas6": 5.665515537093711, "alphas7": 42.568613497287394, "alphas8": 28.6678413149236, "alphas9": 55.05671013862111}, "datetime": {"datetime": "2018-12-17 14:56:27", "elapsed": 6334.543591, "delta": 85.077207}}
{"target": 0.0867064107479776, "params": {"alphas0": 57.22165270944612, "alphas1": 56.830729540825594, "alphas10": 57.56630014142004, "alphas11": 46.338119190648435, "alphas12": 58.75257666115304, "alphas13": 9.333040316239938, "alphas14": 59.5961693564918, "alphas2": 59.59480469856533, "alphas3": 55.025305961160186, "alphas4": 57.92612115812388, "alphas5": 36.11042373100283, "alphas6": 11.456333640801157, "alphas7": 48.92247609173066, "alphas8": 55.275196164872696, "alphas9": 48.61544462871115}, "datetime": {"datetime": "2018-12-17 14:58:09", "elapsed": 6436.486236, "delta": 101.942645}}
{"target": 0.08640810120113311, "params": {"alphas0": 49.1100367959573, "alphas1": 55.3248793400615, "alphas10": 53.067758119954966, "alphas11": 52.10602877662672, "alphas12": 50.75198278441138, "alphas13": 54.26233682869703, "alphas14": 59.45594603434872, "alphas2": 58.097948556355206, "alphas3": 25.90230302022343, "alphas4": 39.00844880314046, "alphas5": 59.898867284916385, "alphas6": 57.42282232358133, "alphas7": 57.31150369806497, "alphas8": 29.94697871765847, "alphas9": 59.412017390712606}, "datetime": {"datetime": "2018-12-17 14:59:37", "elapsed": 6525.32505, "delta": 88.838814}}
{"target": 0.08635675258865545, "params": {"alphas0": 55.93449099581549, "alphas1": 57.696589902606995, "alphas10": 34.33303574321371, "alphas11": 55.73177502528296, "alphas12": 0.24459982285183424, "alphas13": 48.508695111021005, "alphas14": 56.881642533370105, "alphas2": 58.20909418785103, "alphas3": 55.77816744917904, "alphas4": 53.18153111989156, "alphas5": 46.47791498223674, "alphas6": 59.12730335724939, "alphas7": 21.545751191205852, "alphas8": 0.36555852960971524, "alphas9": 54.05416553410478}, "datetime": {"datetime": "2018-12-17 15:01:07", "elapsed": 6614.952268, "delta": 89.627218}}
{"target": 0.08638973599696075, "params": {"alphas0": 58.747421466355405, "alphas1": 54.905831970114306, "alphas10": 55.652541659004285, "alphas11": 55.83613409211696, "alphas12": 14.811009516092854, "alphas13": 28.158279654692194, "alphas14": 59.875211211190155, "alphas2": 30.096693653996912, "alphas3": 55.04175306496121, "alphas4": 53.58512423468028, "alphas5": 0.5501548325826211, "alphas6": 50.07804525223579, "alphas7": 12.421206414091277, "alphas8": 51.11385085260555, "alphas9": 55.245112957493546}, "datetime": {"datetime": "2018-12-17 15:02:46", "elapsed": 6714.163993, "delta": 99.211725}}
{"target": 0.08622810156046257, "params": {"alphas0": 57.182871989550016, "alphas1": 57.98917165975369, "alphas10": 54.11598866974673, "alphas11": 40.079648868225476, "alphas12": 28.172419385424604, "alphas13": 41.49535628211604, "alphas14": 48.084950464817986, "alphas2": 1.7217431448215637, "alphas3": 46.725279948578276, "alphas4": 54.961672914322236, "alphas5": 56.46635854899863, "alphas6": 52.99075329251598, "alphas7": 56.111797143202665, "alphas8": 9.425264538163901, "alphas9": 55.51087791423134}, "datetime": {"datetime": "2018-12-17 15:04:31", "elapsed": 6819.020076, "delta": 104.856083}}
{"target": 0.08588853568147688, "params": {"alphas0": 57.63842364585963, "alphas1": 38.124492740718, "alphas10": 38.542452934025036, "alphas11": 9.305555205356663, "alphas12": 6.128138324003382, "alphas13": 52.08657757575763, "alphas14": 50.275927647820566, "alphas2": 59.81484369023854, "alphas3": 57.463511899559386, "alphas4": 59.479189193165745, "alphas5": 36.90336726582675, "alphas6": 2.2592796022749373, "alphas7": 57.632062570075355, "alphas8": 47.76592718625521, "alphas9": 58.71340140742246}, "datetime": {"datetime": "2018-12-17 15:05:59", "elapsed": 6906.487013, "delta": 87.466937}}
{"target": 0.0861734964579571, "params": {"alphas0": 51.81153187418736, "alphas1": 58.66461910647261, "alphas10": 12.15382367457578, "alphas11": 58.66925210841747, "alphas12": 49.646241695640185, "alphas13": 48.392945341291, "alphas14": 54.10864710746911, "alphas2": 54.304693433284676, "alphas3": 40.02598325795077, "alphas4": 58.69667416446497, "alphas5": 52.772744309295135, "alphas6": 11.517596001793489, "alphas7": 57.23360934977071, "alphas8": 1.3544432191658595, "alphas9": 56.62317918584586}, "datetime": {"datetime": "2018-12-17 15:07:30", "elapsed": 6997.802556, "delta": 91.315543}}
{"target": 0.08640333437691237, "params": {"alphas0": 58.11610884022603, "alphas1": 55.025541004303456, "alphas10": 55.48945297105669, "alphas11": 57.20570553466496, "alphas12": 19.565486674320546, "alphas13": 8.320303513779265, "alphas14": 59.433138241856824, "alphas2": 57.3041644969043, "alphas3": 51.72370249373084, "alphas4": 50.569823868207365, "alphas5": 34.626259986385584, "alphas6": 38.27465331811549, "alphas7": 7.932833767489649, "alphas8": 55.00676087647787, "alphas9": 54.54236137073658}, "datetime": {"datetime": "2018-12-17 15:08:57", "elapsed": 7084.707333, "delta": 86.904777}}
{"target": 0.08594275805531715, "params": {"alphas0": 56.94001162787321, "alphas1": 57.748590371877995, "alphas10": 46.45037675009938, "alphas11": 57.08065759411393, "alphas12": 2.6369559543662158, "alphas13": 54.90354690805234, "alphas14": 0.8819559008151456, "alphas2": 47.04225207713166, "alphas3": 56.109609424894394, "alphas4": 2.0068887722616124, "alphas5": 55.82911316866179, "alphas6": 56.912733104369615, "alphas7": 42.10679856689963, "alphas8": 14.591986068574398, "alphas9": 56.78145212323836}, "datetime": {"datetime": "2018-12-17 15:10:24", "elapsed": 7171.677136, "delta": 86.969803}}
{"target": 0.08658098540934499, "params": {"alphas0": 45.897644153338554, "alphas1": 57.723977634447984, "alphas10": 49.71118834379973, "alphas11": 44.357401115844795, "alphas12": 1.2298547104738011, "alphas13": 59.020869901621104, "alphas14": 58.78250827204741, "alphas2": 57.768121706774416, "alphas3": 53.59296574678897, "alphas4": 44.226875077850444, "alphas5": 51.61424893679014, "alphas6": 41.92750854056728, "alphas7": 9.826493921727629, "alphas8": 35.64801448375311, "alphas9": 56.62060899174515}, "datetime": {"datetime": "2018-12-17 15:11:53", "elapsed": 7260.424044, "delta": 88.746908}}
