{"target": 0.035462732631015244, "params": {"lambda_i": 0.3927752206340339, "lambda_j": 2.8631389580989612, "learning_rate": 0.6605983409289342, "sgd_mode": 0.6535066097552438}, "datetime": {"datetime": "2018-12-12 19:12:58", "elapsed": 0.0, "delta": 0.0}}
{"target": 0.04311123541824123, "params": {"lambda_i": 1.0291118756942932, "lambda_j": 0.5127053657109397, "learning_rate": 0.4738214178896878, "sgd_mode": 2.7639772444219095}, "datetime": {"datetime": "2018-12-12 19:39:35", "elapsed": 1596.346836, "delta": 1596.346836}}
{"target": 0.061625736504787004, "params": {"lambda_i": 1.9201023953886875, "lambda_j": 2.362491161447307, "learning_rate": 1.3675679356692385, "sgd_mode": 1.6293142768807218}, "datetime": {"datetime": "2018-12-12 20:01:47", "elapsed": 2929.068225, "delta": 1332.721389}}
{"target": 0.06202151832955398, "params": {"lambda_i": 3.0, "lambda_j": 0.0, "learning_rate": 2.0, "sgd_mode": 0.0}, "datetime": {"datetime": "2018-12-12 20:35:29", "elapsed": 4951.005286, "delta": 2021.937061}}
{"target": 0.052735442617787905, "params": {"lambda_i": 3.0, "lambda_j": 3.0, "learning_rate": 0.0, "sgd_mode": 3.0}, "datetime": {"datetime": "2018-12-12 21:14:39", "elapsed": 7300.588802, "delta": 2349.583516}}
{"target": 0.0615790340608464, "params": {"lambda_i": 3.0, "lambda_j": 3.0, "learning_rate": 2.0, "sgd_mode": 3.0}, "datetime": {"datetime": "2018-12-12 21:28:34", "elapsed": 8136.263781, "delta": 835.674979}}
{"target": 0.06283106492504398, "params": {"lambda_i": 3.0, "lambda_j": 3.0, "learning_rate": 2.0, "sgd_mode": 0.0}, "datetime": {"datetime": "2018-12-12 21:52:06", "elapsed": 9547.663571, "delta": 1411.39979}}
{"target": 0.061483905376039254, "params": {"lambda_i": 2.99620842507011, "lambda_j": 0.26902485953480404, "learning_rate": 1.9753605112227557, "sgd_mode": 2.739631293923307}, "datetime": {"datetime": "2018-12-12 22:06:52", "elapsed": 10433.849946, "delta": 886.186375}}
