{"target": 0.058186467356387, "params": {"lambda_i": 2.2067771391168742, "lambda_j": 2.5398906935073606, "learning_rate": 1.4666551654194835, "sgd_mode": 0.7145622038515795}, "datetime": {"datetime": "2018-12-11 22:44:57", "elapsed": 0.0, "delta": 0.0}}
{"target": 0.01757504418619295, "params": {"lambda_i": 0.016265144153120747, "lambda_j": 2.5093566287839524, "learning_rate": 0.643970684876289, "sgd_mode": 1.9426344114374274}, "datetime": {"datetime": "2018-12-11 23:04:30", "elapsed": 1173.482514, "delta": 1173.482514}}
{"target": 0.061153190539178455, "params": {"lambda_i": 1.0438186165356496, "lambda_j": 2.2378285106049622, "learning_rate": 0.20476564642916695, "sgd_mode": 0.8311250068586445}, "datetime": {"datetime": "2018-12-11 23:20:57", "elapsed": 2160.061039, "delta": 986.578525}}
{"target": 0.026185412603930387, "params": {"lambda_i": 3.0, "lambda_j": 0.0, "learning_rate": 0.0, "sgd_mode": 3.0}, "datetime": {"datetime": "2018-12-11 23:30:19", "elapsed": 2721.950774, "delta": 561.889735}}
{"target": 0.0601074952443939, "params": {"lambda_i": 0.0, "lambda_j": 0.0, "learning_rate": 2.0, "sgd_mode": 0.0}, "datetime": {"datetime": "2018-12-11 23:38:34", "elapsed": 3217.359267, "delta": 495.408493}}
{"target": 0.03745464636873252, "params": {"lambda_i": 3.0, "lambda_j": 0.0, "learning_rate": 0.0, "sgd_mode": 0.0}, "datetime": {"datetime": "2018-12-11 23:47:29", "elapsed": 3752.539229, "delta": 535.179962}}
{"target": 0.062373847379692586, "params": {"lambda_i": 3.0, "lambda_j": 3.0, "learning_rate": 0.0, "sgd_mode": 0.0}, "datetime": {"datetime": "2018-12-12 00:17:12", "elapsed": 5535.517293, "delta": 1782.978064}}
{"target": 0.057018106434240226, "params": {"lambda_i": 0.0, "lambda_j": 3.0, "learning_rate": 2.0, "sgd_mode": 0.0}, "datetime": {"datetime": "2018-12-12 00:51:55", "elapsed": 7618.308607, "delta": 2082.791314}}
