{"target": 0.07058729116276129, "params": {"alphas0": 55.477679897456355, "alphas1": 7.918159677829033, "alphas10": 1.5764763989622188, "alphas11": 18.48399914111733, "alphas12": 43.918685752066594, "alphas13": 53.87880773397806, "alphas2": 54.89086509981225, "alphas3": 44.687178942358145, "alphas4": 56.07796273893426, "alphas5": 2.245676943131809, "alphas6": 53.94622938199331, "alphas7": 39.40504098569338, "alphas8": 0.6501459142063926, "alphas9": 22.996570284944028}, "datetime": {"datetime": "2018-12-19 14:45:04", "elapsed": 616.500658, "delta": 25.761813}}
{"target": 0.06988201303854874, "params": {"alphas0": 59.343873243134595, "alphas1": 43.42106558473357, "alphas10": 6.794333375331791, "alphas11": 27.40864559968831, "alphas12": 51.80560602870237, "alphas13": 58.805423791874375, "alphas2": 51.204573303047965, "alphas3": 50.62423178810469, "alphas4": 55.45676482630374, "alphas5": 2.397810938017686, "alphas6": 43.373181988777574, "alphas7": 16.410316433171396, "alphas8": 5.330558806142404, "alphas9": 52.152665240575494}, "datetime": {"datetime": "2018-12-19 14:45:30", "elapsed": 642.530455, "delta": 26.029797}}
{"target": 0.06900134278155695, "params": {"alphas0": 58.95697381359179, "alphas1": 54.10023110010411, "alphas10": 7.8048593296969, "alphas11": 15.991530791196194, "alphas12": 55.32692404117064, "alphas13": 1.535018871461531, "alphas2": 41.33229704609221, "alphas3": 43.8770577101937, "alphas4": 50.512982849508894, "alphas5": 2.878764655460646, "alphas6": 57.9339784138682, "alphas7": 59.277837801185335, "alphas8": 3.6811843366730668, "alphas9": 24.373411622499827}, "datetime": {"datetime": "2018-12-19 14:45:57", "elapsed": 669.504444, "delta": 26.973989}}
{"target": 0.07131487729906773, "params": {"alphas0": 56.642700235965926, "alphas1": 0.8882822165689563, "alphas10": 5.648430240516371, "alphas11": 51.44998226581807, "alphas12": 21.532506055031373, "alphas13": 57.66641494537085, "alphas2": 55.6021558933465, "alphas3": 8.638729793378264, "alphas4": 58.31261987184511, "alphas5": 10.073905374720791, "alphas6": 55.94465994532669, "alphas7": 53.31222886562053, "alphas8": 7.160568808362275, "alphas9": 59.21509877269328}, "datetime": {"datetime": "2018-12-19 14:46:30", "elapsed": 702.402048, "delta": 32.897604}}
{"target": 0.0705549035021415, "params": {"alphas0": 59.024143033472996, "alphas1": 59.38557900735535, "alphas10": 3.7394449985662304, "alphas11": 59.01449914116877, "alphas12": 54.66386986364329, "alphas13": 50.01470786318237, "alphas2": 57.07732291084311, "alphas3": 55.54287555848568, "alphas4": 45.5267137264187, "alphas5": 25.375347387617488, "alphas6": 51.78996509951549, "alphas7": 57.7412557381869, "alphas8": 22.012393765059393, "alphas9": 44.15430177601952}, "datetime": {"datetime": "2018-12-19 14:46:57", "elapsed": 729.212851, "delta": 26.810803}}
{"target": 0.07042874130763413, "params": {"alphas0": 58.70043963766363, "alphas1": 59.88672101545253, "alphas10": 5.001715685600006, "alphas11": 55.662687579043336, "alphas12": 58.04134133230599, "alphas13": 53.79773352067865, "alphas2": 55.10559661862521, "alphas3": 51.64227908886001, "alphas4": 57.408510034826584, "alphas5": 15.243241204294996, "alphas6": 56.92075435000072, "alphas7": 58.66316633090836, "alphas8": 14.780849723839442, "alphas9": 28.06275305125604}, "datetime": {"datetime": "2018-12-19 14:47:22", "elapsed": 754.973752, "delta": 25.760901}}
{"target": 0.07110990674603161, "params": {"alphas0": 58.225582540645895, "alphas1": 23.657131879622195, "alphas10": 0.06477246127452485, "alphas11": 59.34729317822193, "alphas12": 2.042817509864552, "alphas13": 28.3721585017723, "alphas2": 56.82211052229347, "alphas3": 51.50427848023856, "alphas4": 56.342715497399055, "alphas5": 47.92080883743, "alphas6": 55.5550282978843, "alphas7": 55.795049903662346, "alphas8": 1.3848732293491373, "alphas9": 47.508355005674275}, "datetime": {"datetime": "2018-12-19 14:47:49", "elapsed": 781.607783, "delta": 26.634031}}
{"target": 0.06813054500503908, "params": {"alphas0": 50.63418654326543, "alphas1": 4.803970447712, "alphas10": 3.3077266820361073, "alphas11": 40.54999756233153, "alphas12": 48.4749800639817, "alphas13": 9.893756990907367, "alphas2": 59.89758952757067, "alphas3": 52.065880785623975, "alphas4": 59.924361954747106, "alphas5": 53.14963178768469, "alphas6": 47.93216856188766, "alphas7": 59.96505362417121, "alphas8": 55.82599655379905, "alphas9": 58.35572431356189}, "datetime": {"datetime": "2018-12-19 14:48:16", "elapsed": 808.928431, "delta": 27.320648}}
{"target": 0.07035579380826393, "params": {"alphas0": 47.14043575140179, "alphas1": 56.347607234210585, "alphas10": 1.4510903282059084, "alphas11": 31.289601438332117, "alphas12": 1.2225807754314255, "alphas13": 53.849139931867555, "alphas2": 42.549655273906666, "alphas3": 52.134313983766724, "alphas4": 46.083144186246166, "alphas5": 10.810445706535267, "alphas6": 51.15240045038388, "alphas7": 52.063523211488636, "alphas8": 4.663804850006008, "alphas9": 53.96316116352171}, "datetime": {"datetime": "2018-12-19 14:48:43", "elapsed": 835.577221, "delta": 26.64879}}
{"target": 0.06894864093600399, "params": {"alphas0": 55.8330012451442, "alphas1": 53.081661450217105, "alphas10": 9.684614535589722, "alphas11": 58.831674466399164, "alphas12": 28.623504205645087, "alphas13": 56.128809469534275, "alphas2": 50.229690170717184, "alphas3": 3.612031064562704, "alphas4": 23.411977248848643, "alphas5": 2.6536656160891203, "alphas6": 49.98670729682425, "alphas7": 56.4870032662259, "alphas8": 2.67977223756374, "alphas9": 50.73250593208754}, "datetime": {"datetime": "2018-12-19 14:49:10", "elapsed": 862.574994, "delta": 26.997773}}
{"target": 0.06976584775762146, "params": {"alphas0": 4.888503385137362, "alphas1": 1.6829398014609875, "alphas10": 1.8890210139681574, "alphas11": 2.8914849503333317, "alphas12": 40.59369252624266, "alphas13": 54.248340802225584, "alphas2": 42.30538551932592, "alphas3": 13.530225587625296, "alphas4": 56.61506667288199, "alphas5": 59.437468720067024, "alphas6": 54.31326864663291, "alphas7": 54.78309400432022, "alphas8": 8.396871820742472, "alphas9": 52.5869568315932}, "datetime": {"datetime": "2018-12-19 14:49:37", "elapsed": 889.653509, "delta": 27.078515}}
{"target": 0.07152346752960438, "params": {"alphas0": 58.930352241214464, "alphas1": 3.55012674700524, "alphas10": 2.677878819810995, "alphas11": 28.20840683670229, "alphas12": 55.84142875654225, "alphas13": 55.41604427672553, "alphas2": 55.12267704283402, "alphas3": 57.35743786074068, "alphas4": 12.037401263613663, "alphas5": 34.08632691066668, "alphas6": 58.72457306319656, "alphas7": 36.345722606460114, "alphas8": 7.676374397132997, "alphas9": 39.35243819504375}, "datetime": {"datetime": "2018-12-19 14:50:10", "elapsed": 922.34733, "delta": 32.693821}}
{"target": 0.07092968622448971, "params": {"alphas0": 58.6135389830466, "alphas1": 2.0490109921178035, "alphas10": 7.090367673759436, "alphas11": 9.12250300767905, "alphas12": 50.26213974666583, "alphas13": 59.084472591417516, "alphas2": 30.293258923519964, "alphas3": 48.57868534387681, "alphas4": 11.759716616773233, "alphas5": 1.3009970662078607, "alphas6": 54.65005218921179, "alphas7": 54.342525571715356, "alphas8": 8.902389690689603, "alphas9": 55.79322345011979}, "datetime": {"datetime": "2018-12-19 14:50:35", "elapsed": 947.21336, "delta": 24.86603}}
{"target": 0.07087613863693604, "params": {"alphas0": 35.27686401547946, "alphas1": 10.410022762879262, "alphas10": 0.7930997152052588, "alphas11": 52.65782886894625, "alphas12": 49.56021377530058, "alphas13": 58.59706589207111, "alphas2": 39.43111881949603, "alphas3": 58.073318091565746, "alphas4": 53.71200629710256, "alphas5": 56.99075985850249, "alphas6": 45.92577407675123, "alphas7": 56.15970696818722, "alphas8": 10.055877715548874, "alphas9": 5.110273811695514}, "datetime": {"datetime": "2018-12-19 14:51:02", "elapsed": 974.398489, "delta": 27.185129}}
{"target": 0.0712001063240109, "params": {"alphas0": 5.8023106509365885, "alphas1": 58.98991705926671, "alphas10": 1.2547709383055428, "alphas11": 31.79417695808119, "alphas12": 57.13840893876556, "alphas13": 48.799330101618374, "alphas2": 59.83965157729584, "alphas3": 54.85710791243458, "alphas4": 49.27163858522882, "alphas5": 43.406129455913906, "alphas6": 56.94201743961572, "alphas7": 59.67216675248277, "alphas8": 0.08869340162322326, "alphas9": 56.905414841730575}, "datetime": {"datetime": "2018-12-19 14:51:28", "elapsed": 1000.870584, "delta": 26.472095}}
{"target": 0.07093709753716283, "params": {"alphas0": 24.145228905858275, "alphas1": 32.71444479986119, "alphas10": 1.3747227197204448, "alphas11": 53.540623111717764, "alphas12": 45.148778611543435, "alphas13": 50.92569102018716, "alphas2": 58.21341922957341, "alphas3": 37.92686521341643, "alphas4": 2.0208367773305635, "alphas5": 51.96726875529986, "alphas6": 57.974334371653875, "alphas7": 59.37911205316378, "alphas8": 0.4299147967619876, "alphas9": 41.151228216642686}, "datetime": {"datetime": "2018-12-19 14:51:55", "elapsed": 1027.435708, "delta": 26.565124}}
{"target": 0.07131123324514974, "params": {"alphas0": 56.34613861807768, "alphas1": 10.47183328010002, "alphas10": 1.2127133144696112, "alphas11": 0.5089390191785981, "alphas12": 39.40590676622308, "alphas13": 59.114755452577064, "alphas2": 55.43725125321683, "alphas3": 59.038658146811336, "alphas4": 58.68129539472848, "alphas5": 36.364749594725566, "alphas6": 49.748870158773705, "alphas7": 7.668308120419733, "alphas8": 7.154149586440046, "alphas9": 25.644866500953377}, "datetime": {"datetime": "2018-12-19 14:52:21", "elapsed": 1053.924617, "delta": 26.488909}}
{"target": 0.07116408881330301, "params": {"alphas0": 56.85281187332862, "alphas1": 12.489539325466643, "alphas10": 6.533218798377202, "alphas11": 3.885225077854546, "alphas12": 53.589457620812055, "alphas13": 59.85402230146914, "alphas2": 47.30554445370316, "alphas3": 2.7384261273843435, "alphas4": 34.23110387692417, "alphas5": 48.18941486037565, "alphas6": 55.36565896937327, "alphas7": 58.271600462921796, "alphas8": 4.889630130083313, "alphas9": 51.70615646667862}, "datetime": {"datetime": "2018-12-19 14:52:48", "elapsed": 1080.671887, "delta": 26.74727}}
{"target": 0.07113312685815058, "params": {"alphas0": 45.778177519834294, "alphas1": 3.599254474814777, "alphas10": 2.4929294586578843, "alphas11": 51.14475332267881, "alphas12": 4.213790824620231, "alphas13": 55.595064478021214, "alphas2": 59.016464703255295, "alphas3": 56.95238964491547, "alphas4": 0.21508527915269582, "alphas5": 24.41012281746989, "alphas6": 50.573948254783744, "alphas7": 58.28885959325058, "alphas8": 12.206333203187889, "alphas9": 27.482787952361555}, "datetime": {"datetime": "2018-12-19 14:53:15", "elapsed": 1107.780635, "delta": 27.108748}}
{"target": 0.07100137427563616, "params": {"alphas0": 54.846697726486866, "alphas1": 1.1928454562841573, "alphas10": 6.9199057046564105, "alphas11": 54.57605918027429, "alphas12": 30.15968092824168, "alphas13": 57.97637517608923, "alphas2": 57.52745080493389, "alphas3": 54.89819172584022, "alphas4": 16.198486218099617, "alphas5": 33.67292489285402, "alphas6": 55.937247026346334, "alphas7": 46.78924842840454, "alphas8": 5.7541128454220525, "alphas9": 55.55001980484893}, "datetime": {"datetime": "2018-12-19 14:53:43", "elapsed": 1135.801139, "delta": 28.020504}}
{"target": 0.07110503801335342, "params": {"alphas0": 59.78632125608282, "alphas1": 9.756145816464148, "alphas10": 0.6366293348746499, "alphas11": 51.645147583812424, "alphas12": 42.39000603353029, "alphas13": 54.172652006932736, "alphas2": 58.59860430526903, "alphas3": 54.28147933419512, "alphas4": 44.211916047592005, "alphas5": 43.293491744806765, "alphas6": 58.79605003562665, "alphas7": 28.911699441149985, "alphas8": 14.896026960677396, "alphas9": 36.30116216666809}, "datetime": {"datetime": "2018-12-19 14:54:09", "elapsed": 1162.06101, "delta": 26.259871}}
{"target": 0.07153523396951363, "params": {"alphas0": 40.49518112366793, "alphas1": 5.971220320614947, "alphas10": 1.683011690883709, "alphas11": 24.21245724533847, "alphas12": 59.70148915896055, "alphas13": 40.12943749369587, "alphas2": 59.534940212768255, "alphas3": 48.845706801759874, "alphas4": 6.786504758090304, "alphas5": 32.30910488257832, "alphas6": 59.895343981741135, "alphas7": 1.368839101332886, "alphas8": 4.677878103910816, "alphas9": 19.464791475325153}, "datetime": {"datetime": "2018-12-19 14:54:42", "elapsed": 1194.886298, "delta": 32.825288}}
{"target": 0.07082903436004025, "params": {"alphas0": 59.157177490154524, "alphas1": 15.930843575892917, "alphas10": 2.311141039708271, "alphas11": 50.616221898841225, "alphas12": 9.01319082702489, "alphas13": 59.75977974988988, "alphas2": 51.339225053611706, "alphas3": 57.343058595971975, "alphas4": 18.32866621038336, "alphas5": 56.55082270032882, "alphas6": 42.26017394968369, "alphas7": 11.311292453622585, "alphas8": 0.46286409462888534, "alphas9": 40.38678180242787}, "datetime": {"datetime": "2018-12-19 14:55:09", "elapsed": 1221.584404, "delta": 26.698106}}
{"target": 0.07111845886873265, "params": {"alphas0": 46.90455839732497, "alphas1": 11.454613114089662, "alphas10": 0.6472086581749004, "alphas11": 4.894456819970571, "alphas12": 51.29770365814464, "alphas13": 59.07896253327851, "alphas2": 1.5969297228223933, "alphas3": 56.317890855582355, "alphas4": 2.84327220139148, "alphas5": 22.485895786610225, "alphas6": 58.94146912294628, "alphas7": 48.319116124787186, "alphas8": 7.955986363691534, "alphas9": 36.924206355875654}, "datetime": {"datetime": "2018-12-19 14:55:35", "elapsed": 1247.521169, "delta": 25.936765}}
{"target": 0.07111041565885605, "params": {"alphas0": 48.62325325954719, "alphas1": 5.908969949636244, "alphas10": 7.434467066303913, "alphas11": 1.8870714321512194, "alphas12": 49.748573614399945, "alphas13": 53.89422007908928, "alphas2": 55.44117112297407, "alphas3": 56.65922110389233, "alphas4": 58.51197788040606, "alphas5": 57.77480534087043, "alphas6": 50.03034374283894, "alphas7": 6.669747925140612, "alphas8": 9.667577850302788, "alphas9": 41.55994752288567}, "datetime": {"datetime": "2018-12-19 14:56:02", "elapsed": 1274.393546, "delta": 26.872377}}
{"target": 0.0715587027588812, "params": {"alphas0": 30.69155108963478, "alphas1": 21.34833819821019, "alphas10": 0.8199970277415103, "alphas11": 45.24687909151257, "alphas12": 40.67700662707776, "alphas13": 57.89321190094073, "alphas2": 57.6679297107112, "alphas3": 45.479627615726585, "alphas4": 57.299919845001526, "alphas5": 21.79976312979087, "alphas6": 54.35828846704417, "alphas7": 2.67493627557299, "alphas8": 2.290487891595465, "alphas9": 58.25717860221814}, "datetime": {"datetime": "2018-12-19 14:56:36", "elapsed": 1308.232116, "delta": 33.83857}}
{"target": 0.07098313523557571, "params": {"alphas0": 50.47335376951917, "alphas1": 4.701164218477285, "alphas10": 2.130213455428931, "alphas11": 32.211220622814324, "alphas12": 49.00266514913978, "alphas13": 54.43845644532825, "alphas2": 57.499818873228264, "alphas3": 39.408195978692554, "alphas4": 23.9464025601272, "alphas5": 9.994513845289877, "alphas6": 50.541493789414595, "alphas7": 3.190468300922309, "alphas8": 5.776786794482829, "alphas9": 42.865884610106875}, "datetime": {"datetime": "2018-12-19 14:57:04", "elapsed": 1336.604905, "delta": 28.372789}}
{"target": 0.07122621803350954, "params": {"alphas0": 59.10449392490252, "alphas1": 6.301359945432045, "alphas10": 1.783154699447349, "alphas11": 42.63657199302527, "alphas12": 47.122145395825335, "alphas13": 35.7296371214779, "alphas2": 55.892295121520576, "alphas3": 52.36782557846885, "alphas4": 48.27451214840142, "alphas5": 50.04033551295281, "alphas6": 55.53879865428206, "alphas7": 53.52762516466256, "alphas8": 8.988667706258466, "alphas9": 12.557154340527934}, "datetime": {"datetime": "2018-12-19 14:57:31", "elapsed": 1364.064247, "delta": 27.459342}}
{"target": 0.07076837739355003, "params": {"alphas0": 55.24530917550819, "alphas1": 11.969798094044446, "alphas10": 2.4425945152120776, "alphas11": 49.66510032256637, "alphas12": 58.21080514247781, "alphas13": 56.88432835757486, "alphas2": 53.608578927988745, "alphas3": 41.4611226342223, "alphas4": 50.2378739738642, "alphas5": 36.127646717055704, "alphas6": 58.015904703293344, "alphas7": 4.593168929239438, "alphas8": 21.1912444917892, "alphas9": 55.24439783602866}, "datetime": {"datetime": "2018-12-19 14:57:59", "elapsed": 1391.844505, "delta": 27.780258}}
{"target": 0.06898280741370617, "params": {"alphas0": 1.59140265359635, "alphas1": 1.6319654645916204, "alphas10": 4.8450528780646795, "alphas11": 52.026722956943786, "alphas12": 59.95607849009763, "alphas13": 59.35454223532142, "alphas2": 0.7831220340639611, "alphas3": 58.46553032054663, "alphas4": 33.03599859187214, "alphas5": 54.09985395511191, "alphas6": 58.80241196238291, "alphas7": 9.862353549146405, "alphas8": 5.247155608486671, "alphas9": 55.06101738942127}, "datetime": {"datetime": "2018-12-19 14:58:28", "elapsed": 1420.421284, "delta": 28.576779}}
{"target": 0.07040668430335088, "params": {"alphas0": 53.17405871292081, "alphas1": 6.914985214265002, "alphas10": 9.583472235235174, "alphas11": 25.15344127099637, "alphas12": 6.36195741143519, "alphas13": 59.03431799247681, "alphas2": 52.76956866333893, "alphas3": 58.45083892969684, "alphas4": 5.661717601803462, "alphas5": 50.2217186197711, "alphas6": 59.14177464057069, "alphas7": 2.8513377312099375, "alphas8": 15.87588366459682, "alphas9": 54.63290307898307}, "datetime": {"datetime": "2018-12-19 14:58:55", "elapsed": 1447.588286, "delta": 27.167002}}
{"target": 0.07122463671579732, "params": {"alphas0": 56.02758084709755, "alphas1": 10.056029942308877, "alphas10": 1.6839229104143394, "alphas11": 55.41607929356952, "alphas12": 47.38736224158014, "alphas13": 59.14263096845256, "alphas2": 58.00564232739615, "alphas3": 2.9372422609972126, "alphas4": 5.550948884764544, "alphas5": 38.978597672945355, "alphas6": 48.430786257375196, "alphas7": 50.95710355016028, "alphas8": 10.783247382836795, "alphas9": 56.40447669878389}, "datetime": {"datetime": "2018-12-19 14:59:22", "elapsed": 1474.775283, "delta": 27.186997}}
{"target": 0.06969798847316704, "params": {"alphas0": 7.157210106611127, "alphas1": 18.5203916267458, "alphas10": 8.047475826465696, "alphas11": 56.55640139910746, "alphas12": 56.04321799019747, "alphas13": 59.640837620384204, "alphas2": 59.90225063577442, "alphas3": 59.135787148476524, "alphas4": 40.78643994545549, "alphas5": 41.136765717456036, "alphas6": 56.34917726451871, "alphas7": 59.543961912126996, "alphas8": 15.190010325243765, "alphas9": 54.03786483654834}, "datetime": {"datetime": "2018-12-19 14:59:50", "elapsed": 1502.520289, "delta": 27.745006}}
{"target": 0.07072045691609961, "params": {"alphas0": 52.78219518511471, "alphas1": 13.591205954501149, "alphas10": 1.1974109480024153, "alphas11": 1.597353333153999, "alphas12": 43.00137949261226, "alphas13": 58.66083726952168, "alphas2": 57.91454009665611, "alphas3": 3.2680877942634123, "alphas4": 47.40626116183827, "alphas5": 41.438825165052236, "alphas6": 56.56153687593577, "alphas7": 14.925000960178705, "alphas8": 3.200050107015131, "alphas9": 8.173402805784047}, "datetime": {"datetime": "2018-12-19 15:00:18", "elapsed": 1530.275065, "delta": 27.754776}}
{"target": 0.0708405159045099, "params": {"alphas0": 58.02032151473269, "alphas1": 1.1919350491667302, "alphas10": 4.4160542189871865, "alphas11": 11.000582326479364, "alphas12": 3.078144286863025, "alphas13": 56.24931356869076, "alphas2": 53.658251376364916, "alphas3": 6.015638396767553, "alphas4": 33.17638189753692, "alphas5": 56.96439370696265, "alphas6": 56.36112194250711, "alphas7": 29.614828088879598, "alphas8": 1.4836475055424136, "alphas9": 49.64209620171702}, "datetime": {"datetime": "2018-12-19 15:00:45", "elapsed": 1557.886721, "delta": 27.611656}}
{"target": 0.07088666811539421, "params": {"alphas0": 55.54388627830198, "alphas1": 4.410715099282497, "alphas10": 8.516326796673424, "alphas11": 15.365677249392133, "alphas12": 0.6533189558657337, "alphas13": 58.30300621251375, "alphas2": 55.527716206409785, "alphas3": 59.78942935278967, "alphas4": 48.15739117586163, "alphas5": 54.283213619859275, "alphas6": 51.95925754935215, "alphas7": 13.83181858813053, "alphas8": 10.933403742263456, "alphas9": 30.96328981270868}, "datetime": {"datetime": "2018-12-19 15:01:13", "elapsed": 1586.041431, "delta": 28.15471}}
{"target": 0.06899491307634155, "params": {"alphas0": 56.68999798333224, "alphas1": 59.61089984445012, "alphas10": 6.744014130156735, "alphas11": 0.47935141353102173, "alphas12": 59.6363963828612, "alphas13": 45.158684846858726, "alphas2": 53.95780355287568, "alphas3": 54.82194605123714, "alphas4": 2.162725276950299, "alphas5": 56.51148990962939, "alphas6": 47.46664070068382, "alphas7": 50.72469794961061, "alphas8": 1.0825279168119928, "alphas9": 22.7737811518288}, "datetime": {"datetime": "2018-12-19 15:01:41", "elapsed": 1614.177662, "delta": 28.136231}}
{"target": 0.07021817983119155, "params": {"alphas0": 58.90318742660966, "alphas1": 11.10470260914979, "alphas10": 11.15789965133881, "alphas11": 57.56968667905866, "alphas12": 56.79353384411714, "alphas13": 9.368500143880725, "alphas2": 56.42641199885538, "alphas3": 59.30121348558504, "alphas4": 1.194235158873549, "alphas5": 1.7894385768251864, "alphas6": 54.960528926659435, "alphas7": 1.1566072601886535, "alphas8": 7.064483027883853, "alphas9": 58.77809257862203}, "datetime": {"datetime": "2018-12-19 15:02:09", "elapsed": 1641.760842, "delta": 27.58318}}
