{"target": 0.06991891616276133, "params": {"alphas0": 51.84445623070491, "alphas1": 23.59699678443146, "alphas10": 4.344202917141984, "alphas11": 1.9209261347164586, "alphas12": 40.89272253165085, "alphas13": 54.66631758713005, "alphas2": 54.12823322033461, "alphas3": 39.28682641527368, "alphas4": 56.03004949325656, "alphas5": 41.359919505399496, "alphas6": 59.84381201207253, "alphas7": 4.831987073015551, "alphas8": 0.1449899972760349, "alphas9": 1.6425585043465563}, "datetime": {"datetime": "2018-12-19 19:43:03", "elapsed": 18495.951404, "delta": 79.648491}}
{"target": 0.06855120565633653, "params": {"alphas0": 55.341336715855086, "alphas1": 0.6027292418406471, "alphas10": 0.654269105942451, "alphas11": 5.737444805158701, "alphas12": 38.305962168316334, "alphas13": 56.0008581789198, "alphas2": 58.826218000641106, "alphas3": 34.303806078263875, "alphas4": 52.82709930947961, "alphas5": 57.83782990876068, "alphas6": 59.384419493033164, "alphas7": 15.380701544095082, "alphas8": 44.82336090901492, "alphas9": 55.85029779409594}, "datetime": {"datetime": "2018-12-19 19:44:23", "elapsed": 18575.485734, "delta": 79.53433}}
{"target": 0.07084922751322742, "params": {"alphas0": 53.51838477661893, "alphas1": 0.09101415697183812, "alphas10": 0.6657083375261208, "alphas11": 21.507825735314622, "alphas12": 13.119441437674288, "alphas13": 56.33090498218345, "alphas2": 49.56695550711098, "alphas3": 51.15337483970401, "alphas4": 54.07887283321992, "alphas5": 25.232130748180587, "alphas6": 55.059675408582955, "alphas7": 57.16568546342192, "alphas8": 12.392229741006545, "alphas9": 53.76220565291327}, "datetime": {"datetime": "2018-12-19 19:45:39", "elapsed": 18652.109589, "delta": 76.623855}}
{"target": 0.07060841087175602, "params": {"alphas0": 55.518854197290295, "alphas1": 2.1356437518274096, "alphas10": 10.045216790236974, "alphas11": 15.733297130706859, "alphas12": 35.75299536363238, "alphas13": 54.95981216359106, "alphas2": 59.77316557876158, "alphas3": 45.808640272199895, "alphas4": 33.0020843047961, "alphas5": 6.956871572103422, "alphas6": 59.84261714363609, "alphas7": 9.830981108255362, "alphas8": 0.4307191780556807, "alphas9": 58.70490789074624}, "datetime": {"datetime": "2018-12-19 19:47:03", "elapsed": 18735.39028, "delta": 83.280691}}
{"target": 0.07131218291761143, "params": {"alphas0": 59.40487601933191, "alphas1": 4.918970457977629, "alphas10": 1.1875853667536984, "alphas11": 12.766021104841514, "alphas12": 56.18628235701793, "alphas13": 53.95067127738042, "alphas2": 48.00357353758375, "alphas3": 0.8474700135060353, "alphas4": 16.38730669290494, "alphas5": 23.23376294380849, "alphas6": 46.77753388934422, "alphas7": 42.302280484522385, "alphas8": 2.5101974166213203, "alphas9": 53.49273838483408}, "datetime": {"datetime": "2018-12-19 19:48:24", "elapsed": 18816.246284, "delta": 80.856004}}
{"target": 0.0709885445956159, "params": {"alphas0": 54.20843872117614, "alphas1": 0.41712964296712896, "alphas10": 0.41489913105273946, "alphas11": 11.653626994595719, "alphas12": 45.42811944268558, "alphas13": 51.92369465052605, "alphas2": 44.37950785203869, "alphas3": 58.92205432384055, "alphas4": 52.06443627195642, "alphas5": 21.08675684127625, "alphas6": 52.17079399306215, "alphas7": 7.7497495921836235, "alphas8": 7.685367207232194, "alphas9": 16.725321871120855}, "datetime": {"datetime": "2018-12-19 19:49:42", "elapsed": 18894.907707, "delta": 78.661423}}
{"target": 0.07121239912446459, "params": {"alphas0": 54.524501916018906, "alphas1": 4.211431105744358, "alphas10": 5.331927469904809, "alphas11": 26.22606934638584, "alphas12": 36.52999646827537, "alphas13": 53.79909557424002, "alphas2": 58.98234321803596, "alphas3": 47.62405522862902, "alphas4": 48.18490310163266, "alphas5": 48.426761995208196, "alphas6": 51.96264559758934, "alphas7": 20.777030615617605, "alphas8": 5.402412155546303, "alphas9": 44.78122192017812}, "datetime": {"datetime": "2018-12-19 19:50:57", "elapsed": 18969.181113, "delta": 74.273406}}
{"target": 0.07098606837364563, "params": {"alphas0": 38.74386452815337, "alphas1": 5.059360455958797, "alphas10": 1.0105265066352387, "alphas11": 5.971461612823461, "alphas12": 48.73073864800114, "alphas13": 54.50777518676933, "alphas2": 57.98349650483279, "alphas3": 28.751537469292888, "alphas4": 54.51153754281925, "alphas5": 56.742706090640894, "alphas6": 47.420602092092594, "alphas7": 10.47205577817982, "alphas8": 1.0270777171379386, "alphas9": 27.656497489156656}, "datetime": {"datetime": "2018-12-19 19:52:19", "elapsed": 19052.149629, "delta": 82.968516}}
{"target": 0.07086418814562857, "params": {"alphas0": 53.33661310741795, "alphas1": 0.6580920153168401, "alphas10": 3.49819551275093, "alphas11": 9.403623508507948, "alphas12": 0.15594294716952284, "alphas13": 37.59719193751772, "alphas2": 59.84364532992218, "alphas3": 4.707831528582577, "alphas4": 36.0607745948917, "alphas5": 6.036383961671731, "alphas6": 55.16826285517996, "alphas7": 19.067301414700445, "alphas8": 1.0464498998831728, "alphas9": 59.59447529891388}, "datetime": {"datetime": "2018-12-19 19:53:42", "elapsed": 19135.057426, "delta": 82.907797}}
{"target": 0.07068859684429316, "params": {"alphas0": 59.017547500339596, "alphas1": 13.306372509842546, "alphas10": 0.6805669989661034, "alphas11": 4.8517507814385645, "alphas12": 56.48659034249979, "alphas13": 23.932710828270594, "alphas2": 55.88059406369413, "alphas3": 34.29281350781618, "alphas4": 46.96990308633405, "alphas5": 20.304100633617022, "alphas6": 54.7796753652275, "alphas7": 1.6155870357091384, "alphas8": 0.6083489328053959, "alphas9": 58.49745299062092}, "datetime": {"datetime": "2018-12-19 19:55:04", "elapsed": 19216.858551, "delta": 81.801125}}
{"target": 0.07076059038800707, "params": {"alphas0": 56.99348388876259, "alphas1": 9.76337565160424, "alphas10": 3.5845205832622695, "alphas11": 20.345696217538684, "alphas12": 51.60463437932348, "alphas13": 55.60051511017418, "alphas2": 50.33273378554313, "alphas3": 39.25697255477052, "alphas4": 20.61807762791475, "alphas5": 30.321473728562967, "alphas6": 47.035835871208356, "alphas7": 56.51235191381474, "alphas8": 0.4867995347403742, "alphas9": 48.0337308829256}, "datetime": {"datetime": "2018-12-19 19:56:33", "elapsed": 19305.390785, "delta": 88.532234}}
{"target": 0.07079526502267573, "params": {"alphas0": 54.83125397712941, "alphas1": 19.209935081736585, "alphas10": 1.7544937477499989, "alphas11": 47.647890557122885, "alphas12": 58.052244965104045, "alphas13": 46.881997070120065, "alphas2": 54.76612946565959, "alphas3": 35.0773712858706, "alphas4": 52.26397001365547, "alphas5": 22.82485123430131, "alphas6": 59.286798932615845, "alphas7": 41.758297770308026, "alphas8": 0.004795489934503738, "alphas9": 58.062386884341166}, "datetime": {"datetime": "2018-12-19 19:57:56", "elapsed": 19389.150182, "delta": 83.759397}}
{"target": 0.07099632709750561, "params": {"alphas0": 55.11521930461, "alphas1": 0.1779813938714625, "alphas10": 6.2367070808450205, "alphas11": 6.954218840828252, "alphas12": 3.62372214729475, "alphas13": 59.84412338836852, "alphas2": 49.47841202104782, "alphas3": 18.639201884511227, "alphas4": 25.38202302059065, "alphas5": 5.825026156688113, "alphas6": 59.136741959790704, "alphas7": 52.7203002019479, "alphas8": 3.6529716471881124, "alphas9": 43.023928029829534}, "datetime": {"datetime": "2018-12-19 19:59:21", "elapsed": 19473.519992, "delta": 84.36981}}
{"target": 0.07110754733560082, "params": {"alphas0": 59.310785454595155, "alphas1": 10.684764373442103, "alphas10": 1.7276555563931195, "alphas11": 56.62057902507617, "alphas12": 57.570890820033554, "alphas13": 29.072646410526943, "alphas2": 50.07890376574396, "alphas3": 54.984331425908024, "alphas4": 40.52959146326659, "alphas5": 26.76517885116285, "alphas6": 56.97725813943794, "alphas7": 51.002070674979834, "alphas8": 4.541717055425963, "alphas9": 47.90221774885476}, "datetime": {"datetime": "2018-12-19 20:00:42", "elapsed": 19554.985053, "delta": 81.465061}}
{"target": 0.07153527727387249, "params": {"alphas0": 49.6173901599461, "alphas1": 3.2199789128054745, "alphas10": 1.0490933151165915, "alphas11": 4.065358526467193, "alphas12": 57.03125002146743, "alphas13": 53.75297000947364, "alphas2": 59.4505038101241, "alphas3": 38.62905466967723, "alphas4": 29.088578959839403, "alphas5": 20.175818606171564, "alphas6": 59.01762005593695, "alphas7": 46.79943675003655, "alphas8": 8.066177870147396, "alphas9": 35.9465578370591}, "datetime": {"datetime": "2018-12-19 20:02:02", "elapsed": 19634.91984, "delta": 79.934787}}
