{"target": 0.07082173762282688, "params": {"alphas0": 49.31552787289928, "alphas1": 14.055476333516822, "alphas10": 10.37812940346087, "alphas11": 55.22871418888069, "alphas12": 55.38661475895434, "alphas13": 56.26685216970988, "alphas2": 59.70344469654627, "alphas3": 59.37361931724984, "alphas4": 57.605397703179506, "alphas5": 14.618935356619993, "alphas6": 56.03690056065814, "alphas7": 59.12915758756181, "alphas8": 10.064885184937268, "alphas9": 48.31516972904601}, "datetime": {"datetime": "2018-12-19 15:02:38", "elapsed": 1670.36432, "delta": 28.603478}}
{"target": 0.07093775702317946, "params": {"alphas0": 57.23748601980519, "alphas1": 7.327706591551468, "alphas10": 6.529945036117855, "alphas11": 8.356992816453575, "alphas12": 28.50179174134609, "alphas13": 47.57398238765429, "alphas2": 57.99547026993694, "alphas3": 55.240690698885395, "alphas4": 30.16810609398805, "alphas5": 45.27675710482784, "alphas6": 54.270127428119736, "alphas7": 55.10368379917041, "alphas8": 5.3720072297643355, "alphas9": 13.968648973115407}, "datetime": {"datetime": "2018-12-19 15:03:05", "elapsed": 1697.443756, "delta": 27.079436}}
{"target": 0.07073600585789865, "params": {"alphas0": 54.550973639710236, "alphas1": 2.878233172644362, "alphas10": 10.828792251795573, "alphas11": 12.319829092592244, "alphas12": 20.0100798535697, "alphas13": 56.77409893008357, "alphas2": 52.73548028854727, "alphas3": 56.42357643107815, "alphas4": 57.508428530508, "alphas5": 3.4643365576761465, "alphas6": 57.944760854232385, "alphas7": 20.920711887680525, "alphas8": 2.8344463041065393, "alphas9": 51.64337968594053}, "datetime": {"datetime": "2018-12-19 15:03:33", "elapsed": 1726.099715, "delta": 28.655959}}
{"target": 0.07051990775384215, "params": {"alphas0": 55.64553384905414, "alphas1": 55.67330484363355, "alphas10": 2.0130233763655214, "alphas11": 9.085431062955362, "alphas12": 59.97163223788256, "alphas13": 57.441643868425125, "alphas2": 50.09172209544458, "alphas3": 59.15717219709138, "alphas4": 12.572365417332094, "alphas5": 59.57331942864357, "alphas6": 59.005130199599535, "alphas7": 54.61554342402636, "alphas8": 16.8450532548005, "alphas9": 3.59725606398843}, "datetime": {"datetime": "2018-12-19 15:04:02", "elapsed": 1754.813476, "delta": 28.713761}}
{"target": 0.0696668029100529, "params": {"alphas0": 11.332913668342888, "alphas1": 3.953552409328951, "alphas10": 4.835645077631659, "alphas11": 45.09149408007769, "alphas12": 43.9053524373109, "alphas13": 57.5505499618208, "alphas2": 58.01339355132781, "alphas3": 51.54211881838266, "alphas4": 33.87724955230212, "alphas5": 34.201559161748484, "alphas6": 58.09281499524844, "alphas7": 24.4067380937824, "alphas8": 1.3304227047067307, "alphas9": 52.677655209493274}, "datetime": {"datetime": "2018-12-19 15:04:29", "elapsed": 1782.105393, "delta": 27.291917}}
{"target": 0.07063025680272114, "params": {"alphas0": 46.18363040748662, "alphas1": 6.145767610626365, "alphas10": 3.8229080813730687, "alphas11": 33.3245820855979, "alphas12": 59.53323612250713, "alphas13": 53.88215268829377, "alphas2": 55.991424338517405, "alphas3": 52.80220709605691, "alphas4": 0.6590688059981864, "alphas5": 57.59571842651757, "alphas6": 58.59809191189956, "alphas7": 17.541661969084647, "alphas8": 19.152524582240996, "alphas9": 45.237749127180805}, "datetime": {"datetime": "2018-12-19 15:04:58", "elapsed": 1810.967163, "delta": 28.86177}}
{"target": 0.06986684435626098, "params": {"alphas0": 57.99511719681185, "alphas1": 17.79325566747074, "alphas10": 0.6224432930378287, "alphas11": 59.24295084984921, "alphas12": 49.72925961467855, "alphas13": 54.427797820509994, "alphas2": 46.30283132301847, "alphas3": 38.29939902469286, "alphas4": 2.8024571923048125, "alphas5": 2.9137512778055186, "alphas6": 53.55988823101606, "alphas7": 39.79695380791004, "alphas8": 0.936290144926275, "alphas9": 21.33524613269135}, "datetime": {"datetime": "2018-12-19 15:05:26", "elapsed": 1838.874265, "delta": 27.907102}}
{"target": 0.07149279935122195, "params": {"alphas0": 57.28356016972819, "alphas1": 2.8930323979011896, "alphas10": 0.3124407327888301, "alphas11": 17.472679970837376, "alphas12": 34.81830495387674, "alphas13": 59.62284255438171, "alphas2": 50.68057547476708, "alphas3": 27.692260453949537, "alphas4": 22.46480092678101, "alphas5": 22.6649183683704, "alphas6": 58.498497826292564, "alphas7": 28.464964274738488, "alphas8": 4.92406240500153, "alphas9": 52.821334304003564}, "datetime": {"datetime": "2018-12-19 15:05:55", "elapsed": 1867.653655, "delta": 28.77939}}
{"target": 0.0708389865520282, "params": {"alphas0": 11.205285797875405, "alphas1": 6.263012880365517, "alphas10": 0.11473503932675211, "alphas11": 20.506698906019885, "alphas12": 55.16135445900192, "alphas13": 58.98818078523324, "alphas2": 47.97053112336685, "alphas3": 57.78501312993985, "alphas4": 27.042292512238724, "alphas5": 3.5666309115052264, "alphas6": 57.98658427560579, "alphas7": 28.956823092459587, "alphas8": 2.6387824746631794, "alphas9": 44.699648730002224}, "datetime": {"datetime": "2018-12-19 15:06:23", "elapsed": 1895.699203, "delta": 28.045548}}
{"target": 0.0713714806311413, "params": {"alphas0": 57.11125337360262, "alphas1": 5.031643013818323, "alphas10": 0.8978184704766545, "alphas11": 33.97264103608474, "alphas12": 29.27778096723257, "alphas13": 58.237028302949014, "alphas2": 56.021706972983964, "alphas3": 34.87212965877562, "alphas4": 7.380477112617014, "alphas5": 35.696565758221176, "alphas6": 56.83424530875742, "alphas7": 50.57755793125327, "alphas8": 5.608973881079422, "alphas9": 51.71870051924752}, "datetime": {"datetime": "2018-12-19 15:06:51", "elapsed": 1923.560525, "delta": 27.861322}}
{"target": 0.07073510355253206, "params": {"alphas0": 49.67441371737527, "alphas1": 1.589722030682028, "alphas10": 1.060790577234234, "alphas11": 2.037858907386949, "alphas12": 58.91731924209596, "alphas13": 46.48300459831126, "alphas2": 51.36871434947131, "alphas3": 23.34583860863594, "alphas4": 3.221639429784533, "alphas5": 30.993942822027993, "alphas6": 59.225577462693806, "alphas7": 50.32636721704718, "alphas8": 1.049925559436764, "alphas9": 2.3567446538785464}, "datetime": {"datetime": "2018-12-19 15:07:19", "elapsed": 1951.871427, "delta": 28.310902}}
{"target": 0.06935029484756856, "params": {"alphas0": 58.45141268018109, "alphas1": 0.5828082641402199, "alphas10": 4.5451455810075885, "alphas11": 13.961640118887445, "alphas12": 56.97307248074497, "alphas13": 56.548235970053966, "alphas2": 51.359608318996074, "alphas3": 52.31128511027771, "alphas4": 30.23607071369838, "alphas5": 36.65511977424153, "alphas6": 55.70702817179688, "alphas7": 58.33909136115924, "alphas8": 33.77211210571193, "alphas9": 54.87386643661792}, "datetime": {"datetime": "2018-12-19 15:07:46", "elapsed": 1979.108966, "delta": 27.237539}}
{"target": 0.07120633591584773, "params": {"alphas0": 56.54737773464997, "alphas1": 10.610586938642232, "alphas10": 0.7490332479500439, "alphas11": 58.936074151447926, "alphas12": 59.867863215975746, "alphas13": 39.99864899081248, "alphas2": 57.32933068384153, "alphas3": 48.629648061638605, "alphas4": 31.648707946070832, "alphas5": 19.0169040317735, "alphas6": 54.89135796711767, "alphas7": 1.3084718547803043, "alphas8": 2.529206197877767, "alphas9": 33.320099782472546}, "datetime": {"datetime": "2018-12-19 15:08:16", "elapsed": 2008.553826, "delta": 29.44486}}
{"target": 0.07050100601536906, "params": {"alphas0": 57.16390558848146, "alphas1": 13.324238577010824, "alphas10": 0.6924176558045048, "alphas11": 54.0214421621493, "alphas12": 55.381063210309875, "alphas13": 50.09676932310311, "alphas2": 45.25615130863516, "alphas3": 36.79890042089994, "alphas4": 55.31759101912193, "alphas5": 0.9357816600821245, "alphas6": 53.642843587280424, "alphas7": 33.48170794421767, "alphas8": 1.4075046333519237, "alphas9": 20.126286713554872}, "datetime": {"datetime": "2018-12-19 15:08:44", "elapsed": 2036.410748, "delta": 27.856922}}
{"target": 0.07090078454900468, "params": {"alphas0": 48.926489251235814, "alphas1": 3.9355480533585285, "alphas10": 1.5794902007734857, "alphas11": 9.955993802401668, "alphas12": 52.304803453295115, "alphas13": 46.13767020571392, "alphas2": 36.51803447447167, "alphas3": 56.83748198402571, "alphas4": 27.14201672782454, "alphas5": 2.6538290055042313, "alphas6": 51.23770105322615, "alphas7": 6.382426711916365, "alphas8": 3.862688403483159, "alphas9": 58.5735267112796}, "datetime": {"datetime": "2018-12-19 15:09:13", "elapsed": 2065.864248, "delta": 29.4535}}
{"target": 0.07028945786092193, "params": {"alphas0": 57.14881014433597, "alphas1": 3.92615026805071, "alphas10": 13.85150296693405, "alphas11": 46.61504758916138, "alphas12": 58.655777807187086, "alphas13": 59.03747144185237, "alphas2": 58.97999782216597, "alphas3": 55.632534434127344, "alphas4": 22.552830597676873, "alphas5": 4.851914701229325, "alphas6": 47.04795958282597, "alphas7": 11.858411113326168, "alphas8": 2.621395356921792, "alphas9": 53.92075035280474}, "datetime": {"datetime": "2018-12-19 15:09:42", "elapsed": 2094.863538, "delta": 28.99929}}
{"target": 0.07058120105820091, "params": {"alphas0": 59.755253246327854, "alphas1": 12.334750724106215, "alphas10": 1.1254167646939317, "alphas11": 56.52307672525595, "alphas12": 31.259745542005486, "alphas13": 54.4427943085862, "alphas2": 33.08996289259007, "alphas3": 55.5557438830437, "alphas4": 0.4652705228607146, "alphas5": 54.422748931432125, "alphas6": 58.35333628699361, "alphas7": 39.32129345903529, "alphas8": 0.7469514073438455, "alphas9": 8.563673275597402}, "datetime": {"datetime": "2018-12-19 15:10:11", "elapsed": 2123.612276, "delta": 28.748738}}
{"target": 0.07105915608465597, "params": {"alphas0": 58.95809071561262, "alphas1": 24.313845977868183, "alphas10": 1.7411882069269713, "alphas11": 20.185678019908607, "alphas12": 50.34364661530644, "alphas13": 44.77206952088538, "alphas2": 57.84990152878317, "alphas3": 38.8305614221819, "alphas4": 54.9066412479214, "alphas5": 58.125039085000274, "alphas6": 59.726159456193415, "alphas7": 37.15769453027428, "alphas8": 1.8612245111019443, "alphas9": 51.25221848066557}, "datetime": {"datetime": "2018-12-19 15:10:39", "elapsed": 2151.232952, "delta": 27.620676}}
{"target": 0.07104975935374153, "params": {"alphas0": 56.13083113542392, "alphas1": 9.906076315845166, "alphas10": 3.4121580035595667, "alphas11": 33.06809189246157, "alphas12": 49.74223999690723, "alphas13": 56.20851546912262, "alphas2": 52.3716445133092, "alphas3": 45.517129202516024, "alphas4": 56.8611913863119, "alphas5": 59.21101800257776, "alphas6": 44.50397967462914, "alphas7": 3.1039364049171048, "alphas8": 2.606577497843139, "alphas9": 47.542131476163334}, "datetime": {"datetime": "2018-12-19 15:11:07", "elapsed": 2180.044138, "delta": 28.811186}}
{"target": 0.07095298362307875, "params": {"alphas0": 55.171763836181064, "alphas1": 4.131171939050368, "alphas10": 6.698600540347639, "alphas11": 8.436040042690786, "alphas12": 46.17187138831113, "alphas13": 58.118931146568784, "alphas2": 13.143861128587295, "alphas3": 57.564072390842966, "alphas4": 23.932829028831247, "alphas5": 31.42877588215284, "alphas6": 51.89932814447888, "alphas7": 52.96163328908464, "alphas8": 3.2088179930269267, "alphas9": 57.112944814482375}, "datetime": {"datetime": "2018-12-19 15:11:57", "elapsed": 2229.181559, "delta": 49.137421}}
{"target": 0.07032028410808766, "params": {"alphas0": 59.82876923763504, "alphas1": 6.7063283329410295, "alphas10": 14.079301457593683, "alphas11": 12.420358721663598, "alphas12": 9.692724203540049, "alphas13": 57.24195729296406, "alphas2": 16.03764219153987, "alphas3": 58.41436386299461, "alphas4": 59.72017904696144, "alphas5": 20.88896579199226, "alphas6": 59.00260709529578, "alphas7": 39.53311149806015, "alphas8": 9.824832472804614, "alphas9": 57.95552116409194}, "datetime": {"datetime": "2018-12-19 15:12:46", "elapsed": 2278.643851, "delta": 49.462292}}
{"target": 0.07087624921264793, "params": {"alphas0": 54.629866655089934, "alphas1": 15.410958615726972, "alphas10": 0.10619716353701847, "alphas11": 22.00256290664071, "alphas12": 13.3970735713187, "alphas13": 58.42067867848195, "alphas2": 56.52397618899435, "alphas3": 59.518918003744744, "alphas4": 2.9045789442069547, "alphas5": 21.129273151490835, "alphas6": 54.14699463406068, "alphas7": 50.500715276697946, "alphas8": 11.773264830261162, "alphas9": 9.04788845080329}, "datetime": {"datetime": "2018-12-19 15:13:36", "elapsed": 2328.770063, "delta": 50.126212}}
{"target": 0.07109168798815813, "params": {"alphas0": 49.88916005018641, "alphas1": 9.886996152074026, "alphas10": 3.772775099377206, "alphas11": 11.728603160514927, "alphas12": 56.311136548846235, "alphas13": 59.69040492650759, "alphas2": 57.80917967497527, "alphas3": 56.0707750512338, "alphas4": 48.714456694883125, "alphas5": 58.84016994304503, "alphas6": 58.925819476235844, "alphas7": 3.6151648434698425, "alphas8": 12.332891109428527, "alphas9": 30.473596221012475}, "datetime": {"datetime": "2018-12-19 15:14:23", "elapsed": 2376.149645, "delta": 47.379582}}
{"target": 0.07083822795414446, "params": {"alphas0": 57.619650177327266, "alphas1": 7.219132023428987, "alphas10": 5.59316813201169, "alphas11": 24.59658582112156, "alphas12": 59.54263566398178, "alphas13": 47.22283777066823, "alphas2": 59.80024053703788, "alphas3": 54.787674799666064, "alphas4": 8.572782175117037, "alphas5": 56.19436622198599, "alphas6": 52.17314033189834, "alphas7": 55.10015739169357, "alphas8": 3.9889621948573772, "alphas9": 16.212597567907025}, "datetime": {"datetime": "2018-12-19 15:15:15", "elapsed": 2427.975423, "delta": 51.825778}}
{"target": 0.07058935292265044, "params": {"alphas0": 50.69059087466042, "alphas1": 3.4559808612032983, "alphas10": 6.023145084085922, "alphas11": 36.374092609402084, "alphas12": 24.976970688192534, "alphas13": 57.59934520920692, "alphas2": 53.41849331999862, "alphas3": 52.28277444528812, "alphas4": 32.61885956075589, "alphas5": 59.23483452549881, "alphas6": 30.558126029155982, "alphas7": 57.839603594927134, "alphas8": 0.853897724767243, "alphas9": 58.57970573895346}, "datetime": {"datetime": "2018-12-19 15:16:05", "elapsed": 2478.055363, "delta": 50.07994}}
{"target": 0.07085217674477187, "params": {"alphas0": 50.332129577019685, "alphas1": 45.4318195172843, "alphas10": 2.303742832927902, "alphas11": 36.914750270490394, "alphas12": 55.15960327854182, "alphas13": 54.08890272005935, "alphas2": 58.532311688407034, "alphas3": 53.78122844650125, "alphas4": 7.151548590930867, "alphas5": 52.189775787217215, "alphas6": 54.53926035604781, "alphas7": 30.85798972462792, "alphas8": 5.247289038884128, "alphas9": 59.48762662217175}, "datetime": {"datetime": "2018-12-19 15:17:07", "elapsed": 2539.37602, "delta": 61.320657}}
{"target": 0.07086679352481724, "params": {"alphas0": 57.350987187897054, "alphas1": 12.715725239195637, "alphas10": 6.921201796726127, "alphas11": 19.384662986536814, "alphas12": 28.006601371419613, "alphas13": 58.700115241998425, "alphas2": 36.67127602455386, "alphas3": 58.717302267947694, "alphas4": 41.18956427666245, "alphas5": 44.80165415008851, "alphas6": 57.81995609501426, "alphas7": 45.034434134324755, "alphas8": 1.7717437985476714, "alphas9": 53.544816201936364}, "datetime": {"datetime": "2018-12-19 15:18:01", "elapsed": 2593.794659, "delta": 54.418639}}
{"target": 0.07048509674981097, "params": {"alphas0": 59.38272536583982, "alphas1": 0.35245562586842194, "alphas10": 13.397296027838978, "alphas11": 9.462857446856987, "alphas12": 51.52736838389673, "alphas13": 59.59055728363968, "alphas2": 41.349522095529025, "alphas3": 45.78523807528535, "alphas4": 57.3168757392072, "alphas5": 59.11093297772202, "alphas6": 46.026940899675196, "alphas7": 4.452712911934256, "alphas8": 3.190270442029066, "alphas9": 34.406969903573184}, "datetime": {"datetime": "2018-12-19 15:18:54", "elapsed": 2646.242226, "delta": 52.447567}}
{"target": 0.07107072915091953, "params": {"alphas0": 52.33435803854192, "alphas1": 2.6352762517303474, "alphas10": 4.483044915594869, "alphas11": 17.06351705758233, "alphas12": 57.19088289561235, "alphas13": 59.35728198856221, "alphas2": 37.39553074318352, "alphas3": 13.511054104601563, "alphas4": 45.41081683388099, "alphas5": 40.52021214941719, "alphas6": 59.04508720848525, "alphas7": 28.84472162131052, "alphas8": 8.118285322768298, "alphas9": 0.8684355889106854}, "datetime": {"datetime": "2018-12-19 15:19:39", "elapsed": 2691.538842, "delta": 45.296616}}
{"target": 0.06978502179390261, "params": {"alphas0": 56.84382046938741, "alphas1": 10.107643638722832, "alphas10": 1.291845681122008, "alphas11": 12.038026802079848, "alphas12": 23.475657319706976, "alphas13": 58.95810462969648, "alphas2": 58.34742092623927, "alphas3": 55.51156275768482, "alphas4": 36.802590310399914, "alphas5": 8.442425650992176, "alphas6": 4.640556000719773, "alphas7": 10.455923455517862, "alphas8": 1.3253340587524076, "alphas9": 28.094237119826577}, "datetime": {"datetime": "2018-12-19 15:20:25", "elapsed": 2737.74613, "delta": 46.207288}}
{"target": 0.07022494586167782, "params": {"alphas0": 54.58485294626805, "alphas1": 8.033353024905443, "alphas10": 8.877915831998454, "alphas11": 8.109086915259155, "alphas12": 44.29775302506388, "alphas13": 59.837523296888534, "alphas2": 55.860526806824915, "alphas3": 11.156890541417479, "alphas4": 5.008023765926309, "alphas5": 48.763546051164646, "alphas6": 57.191157333003986, "alphas7": 1.669551280677024, "alphas8": 1.6354278804407985, "alphas9": 25.096881903696932}, "datetime": {"datetime": "2018-12-19 15:21:08", "elapsed": 2780.931345, "delta": 43.185215}}
{"target": 0.07089392283950609, "params": {"alphas0": 57.18068814393625, "alphas1": 9.051475664987974, "alphas10": 5.197747107061444, "alphas11": 5.762980172462733, "alphas12": 19.769382902361677, "alphas13": 56.750064601828846, "alphas2": 51.41606325371116, "alphas3": 3.9614099602951414, "alphas4": 22.11006737861578, "alphas5": 41.08850011163774, "alphas6": 59.44274723213607, "alphas7": 11.704439089064891, "alphas8": 2.0922905482466647, "alphas9": 58.138637559237516}, "datetime": {"datetime": "2018-12-19 15:21:55", "elapsed": 2827.873419, "delta": 46.942074}}
{"target": 0.07068700818846034, "params": {"alphas0": 48.11158156636762, "alphas1": 2.9911383153735915, "alphas10": 0.5832653389203513, "alphas11": 17.37359392447053, "alphas12": 3.2617732961042445, "alphas13": 43.26845588444379, "alphas2": 57.69578086553361, "alphas3": 13.743347872171807, "alphas4": 52.000935471399806, "alphas5": 59.6223410663962, "alphas6": 57.78790706966976, "alphas7": 43.25028892791215, "alphas8": 6.702016283716283, "alphas9": 2.6442628186525896}, "datetime": {"datetime": "2018-12-19 15:22:40", "elapsed": 2872.731023, "delta": 44.857604}}
{"target": 0.07131679195011324, "params": {"alphas0": 55.797087711937124, "alphas1": 8.032192699690793, "alphas10": 1.8757052297801469, "alphas11": 28.352656245060935, "alphas12": 59.63732954118046, "alphas13": 57.24663610432496, "alphas2": 59.50187322946144, "alphas3": 31.607301477260346, "alphas4": 7.308451614210682, "alphas5": 59.227176216536364, "alphas6": 22.051454437186937, "alphas7": 31.909632933799756, "alphas8": 4.652021490914109, "alphas9": 57.732610009820135}, "datetime": {"datetime": "2018-12-19 15:23:28", "elapsed": 2920.599695, "delta": 47.868672}}
{"target": 0.07131452793524805, "params": {"alphas0": 19.038452749898795, "alphas1": 2.7218963656036887, "alphas10": 0.6486406415098633, "alphas11": 2.4958547952911214, "alphas12": 54.16323302798305, "alphas13": 58.04711711767074, "alphas2": 51.05930392088587, "alphas3": 16.252238570926583, "alphas4": 9.922601612944355, "alphas5": 17.19807321210856, "alphas6": 53.92491002323977, "alphas7": 15.332464637054642, "alphas8": 0.3956118825532884, "alphas9": 34.271207827528336}, "datetime": {"datetime": "2018-12-19 15:24:23", "elapsed": 2975.638411, "delta": 55.038716}}
{"target": 0.07093440334467108, "params": {"alphas0": 58.09759596620089, "alphas1": 3.8619016473262557, "alphas10": 2.442223773135579, "alphas11": 42.919299286538624, "alphas12": 11.897922226898762, "alphas13": 42.9123300692378, "alphas2": 58.85278211602623, "alphas3": 6.2940213880376605, "alphas4": 57.011621654541656, "alphas5": 5.671023590641376, "alphas6": 58.689861725261345, "alphas7": 47.177771989125254, "alphas8": 2.80040963149387, "alphas9": 34.40259227328958}, "datetime": {"datetime": "2018-12-19 15:25:20", "elapsed": 3033.046887, "delta": 57.408476}}
{"target": 0.07129989216427296, "params": {"alphas0": 34.305942491796735, "alphas1": 5.689821917728337, "alphas10": 0.5940692334820019, "alphas11": 7.302093984445395, "alphas12": 11.235153230032317, "alphas13": 59.082426615261625, "alphas2": 59.9468649346056, "alphas3": 46.62964615224689, "alphas4": 16.941708597588438, "alphas5": 42.013236477322806, "alphas6": 56.92465074805101, "alphas7": 5.915615159040195, "alphas8": 0.37976492234056636, "alphas9": 44.337073101134074}, "datetime": {"datetime": "2018-12-19 15:26:26", "elapsed": 3098.635386, "delta": 65.588499}}
{"target": 0.07128738098387494, "params": {"alphas0": 52.4615064581416, "alphas1": 9.984481242818369, "alphas10": 4.722107767466017, "alphas11": 36.95656099516507, "alphas12": 59.49284884225589, "alphas13": 56.837018868738326, "alphas2": 17.37237293301201, "alphas3": 58.87278690315191, "alphas4": 55.31603538778226, "alphas5": 57.44966724672693, "alphas6": 56.99391930593392, "alphas7": 2.993246082204264, "alphas8": 6.583283590155347, "alphas9": 45.6615617242025}, "datetime": {"datetime": "2018-12-19 15:27:40", "elapsed": 3172.352756, "delta": 73.71737}}
