{"target": 0.0703601078672209, "params": {"alphas0": 59.078532685164106, "alphas1": 1.4653530129773884, "alphas10": 6.935344717637497, "alphas11": 12.25063436035379, "alphas12": 9.54674964741182, "alphas13": 59.8921231453514, "alphas2": 48.38556516833941, "alphas3": 55.46570054146676, "alphas4": 2.3903477594897615, "alphas5": 3.5283965024098163, "alphas6": 48.13741164940833, "alphas7": 39.14215915594718, "alphas8": 1.0877618551230284, "alphas9": 29.697236487578174}, "datetime": {"datetime": "2018-12-19 17:40:24", "elapsed": 11137.103613, "delta": 76.008679}}
{"target": 0.0701694750251952, "params": {"alphas0": 52.064266609501836, "alphas1": 33.274763716780484, "alphas10": 0.7713198695136048, "alphas11": 31.648750758347497, "alphas12": 57.69716625477917, "alphas13": 59.73233390908544, "alphas2": 37.330547913154334, "alphas3": 53.22806282026615, "alphas4": 50.606583477268344, "alphas5": 2.7534076198585167, "alphas6": 50.80771796770551, "alphas7": 9.777282658836485, "alphas8": 0.5446758989952394, "alphas9": 54.56048390802994}, "datetime": {"datetime": "2018-12-19 17:41:40", "elapsed": 11212.860376, "delta": 75.756763}}
{"target": 0.0716557390715545, "params": {"alphas0": 22.329350158846317, "alphas1": 5.219011201433473, "alphas10": 1.2413397053335795, "alphas11": 0.7541562435768934, "alphas12": 58.303667773736976, "alphas13": 50.71819457056378, "alphas2": 59.52104566032223, "alphas3": 45.86965553504697, "alphas4": 18.84806938498005, "alphas5": 0.635496486187832, "alphas6": 52.794992902086044, "alphas7": 5.459529681427851, "alphas8": 2.104383599932813, "alphas9": 24.075251135370692}, "datetime": {"datetime": "2018-12-19 17:42:59", "elapsed": 11291.23351, "delta": 78.373134}}
{"target": 0.07097811186696883, "params": {"alphas0": 55.52610148451262, "alphas1": 15.651899073821374, "alphas10": 3.8050744860193397, "alphas11": 58.58714396351371, "alphas12": 6.949933109755657, "alphas13": 59.40710877846592, "alphas2": 57.335175712019335, "alphas3": 56.416543818866124, "alphas4": 37.178282621533434, "alphas5": 47.8049665010913, "alphas6": 55.166268544607874, "alphas7": 24.508885224540336, "alphas8": 3.5605074112707813, "alphas9": 58.70010401585036}, "datetime": {"datetime": "2018-12-19 17:44:18", "elapsed": 11370.820668, "delta": 79.587158}}
{"target": 0.07097890063618022, "params": {"alphas0": 47.204258674335904, "alphas1": 3.6126237146016815, "alphas10": 3.392670306744403, "alphas11": 3.8715434518933467, "alphas12": 52.54873133069767, "alphas13": 54.58646427320892, "alphas2": 44.969733315735134, "alphas3": 59.99852944651052, "alphas4": 4.413152933879494, "alphas5": 57.40066583460408, "alphas6": 54.97566601817706, "alphas7": 55.59805600398271, "alphas8": 3.222090018947481, "alphas9": 13.320470509290526}, "datetime": {"datetime": "2018-12-19 17:45:32", "elapsed": 11444.769713, "delta": 73.949045}}
{"target": 0.07060742813051134, "params": {"alphas0": 57.26305811649881, "alphas1": 1.5385343227204662, "alphas10": 2.9743732961275415, "alphas11": 1.751905389573054, "alphas12": 47.578598854370966, "alphas13": 35.571593420825614, "alphas2": 51.78119656528985, "alphas3": 37.7494717464252, "alphas4": 28.555177448901045, "alphas5": 29.70280109166832, "alphas6": 52.82412918103957, "alphas7": 58.660363111899926, "alphas8": 1.453199128069993, "alphas9": 14.050345977573368}, "datetime": {"datetime": "2018-12-19 17:46:44", "elapsed": 11516.472194, "delta": 71.702481}}
{"target": 0.07077157879818591, "params": {"alphas0": 56.69138876753173, "alphas1": 6.223874951325438, "alphas10": 6.857572694726373, "alphas11": 2.2499973887977975, "alphas12": 51.94617384059397, "alphas13": 58.77239019641932, "alphas2": 36.34649558956719, "alphas3": 46.83379426328313, "alphas4": 35.252740917736524, "alphas5": 51.341804843880354, "alphas6": 48.56407298925508, "alphas7": 28.80242653034514, "alphas8": 2.5793688422333116, "alphas9": 52.05365700768919}, "datetime": {"datetime": "2018-12-19 17:47:59", "elapsed": 11591.499841, "delta": 75.027647}}
{"target": 0.07070893550012596, "params": {"alphas0": 58.84966269345802, "alphas1": 10.759199762759614, "alphas10": 0.08834975013331192, "alphas11": 2.3262736121139094, "alphas12": 51.07748721542001, "alphas13": 9.00702891259753, "alphas2": 46.438614992600776, "alphas3": 52.9060613182515, "alphas4": 7.735175656182907, "alphas5": 14.036250005250361, "alphas6": 58.21207270976741, "alphas7": 38.552208100411015, "alphas8": 1.690381975120141, "alphas9": 48.46226972825069}, "datetime": {"datetime": "2018-12-19 17:49:13", "elapsed": 11665.518789, "delta": 74.018948}}
{"target": 0.07110478388762898, "params": {"alphas0": 49.38233769528575, "alphas1": 11.127860300659698, "alphas10": 2.076876526568685, "alphas11": 22.594931165355327, "alphas12": 37.699866870517745, "alphas13": 30.555924112769592, "alphas2": 58.617136354619845, "alphas3": 57.70208271814233, "alphas4": 24.135053745986827, "alphas5": 58.406377999690015, "alphas6": 56.230713859501996, "alphas7": 41.26252877842998, "alphas8": 2.1662309520234, "alphas9": 57.51622119979129}, "datetime": {"datetime": "2018-12-19 17:50:25", "elapsed": 11737.357531, "delta": 71.838742}}
{"target": 0.07093832322373388, "params": {"alphas0": 52.2592507011936, "alphas1": 1.0760170388223678, "alphas10": 6.463775802231531, "alphas11": 55.65636094548755, "alphas12": 6.121503338921135, "alphas13": 56.891394635477674, "alphas2": 58.29947504592244, "alphas3": 58.09847566512273, "alphas4": 39.582653231552065, "alphas5": 55.495442521053256, "alphas6": 53.89937805933707, "alphas7": 22.33164318296803, "alphas8": 9.242334165619484, "alphas9": 48.62718626316985}, "datetime": {"datetime": "2018-12-19 17:51:42", "elapsed": 11814.67873, "delta": 77.321199}}
{"target": 0.07078101713277907, "params": {"alphas0": 59.18466336770421, "alphas1": 3.813858795713576, "alphas10": 2.7229634228062993, "alphas11": 47.24170507769895, "alphas12": 5.431132857376895, "alphas13": 52.53655407821876, "alphas2": 40.98753156384679, "alphas3": 37.36282653356247, "alphas4": 55.86258162009437, "alphas5": 18.683317775042035, "alphas6": 59.68622523770131, "alphas7": 2.6720293293115116, "alphas8": 0.3476604978660558, "alphas9": 49.19390623324061}, "datetime": {"datetime": "2018-12-19 17:52:54", "elapsed": 11887.141542, "delta": 72.462812}}
{"target": 0.07104326861300068, "params": {"alphas0": 59.99421372377849, "alphas1": 2.353620609529381, "alphas10": 0.42337698908903265, "alphas11": 19.27394080440311, "alphas12": 35.050403599424854, "alphas13": 49.8641406760008, "alphas2": 28.748900639806067, "alphas3": 55.29768609365707, "alphas4": 55.89613167586261, "alphas5": 58.765576130284956, "alphas6": 11.765685337153045, "alphas7": 8.84620325974841, "alphas8": 0.27446673807834276, "alphas9": 52.80503690160029}, "datetime": {"datetime": "2018-12-19 17:54:10", "elapsed": 11962.708798, "delta": 75.567256}}
{"target": 0.07114985537918862, "params": {"alphas0": 53.7648990764016, "alphas1": 21.47721109097998, "alphas10": 0.372382895614054, "alphas11": 26.402066487645293, "alphas12": 5.286374490658261, "alphas13": 51.33734046795338, "alphas2": 55.834386756496095, "alphas3": 48.020527022268624, "alphas4": 58.0490397469592, "alphas5": 59.17831710502521, "alphas6": 58.77348056281843, "alphas7": 14.146258308831518, "alphas8": 3.78614704752817, "alphas9": 33.340549733342776}, "datetime": {"datetime": "2018-12-19 17:55:24", "elapsed": 12037.001152, "delta": 74.292354}}
{"target": 0.07106408207357016, "params": {"alphas0": 50.59349430662287, "alphas1": 6.115570639852324, "alphas10": 5.0383492477244785, "alphas11": 7.912235724628358, "alphas12": 33.76604376233006, "alphas13": 40.326906304675205, "alphas2": 54.10093293645709, "alphas3": 44.272661189675354, "alphas4": 46.57207925503188, "alphas5": 45.186636719512364, "alphas6": 59.1651007305055, "alphas7": 3.753095485755049, "alphas8": 1.2371114850760812, "alphas9": 35.88324158824017}, "datetime": {"datetime": "2018-12-19 17:56:39", "elapsed": 12111.819425, "delta": 74.818273}}
{"target": 0.0709860111174098, "params": {"alphas0": 47.1215632288386, "alphas1": 0.0001672038669786602, "alphas10": 2.3021139649311317, "alphas11": 43.87541134538945, "alphas12": 24.687934298743656, "alphas13": 41.84274769570763, "alphas2": 55.150299258614744, "alphas3": 59.786425327008075, "alphas4": 30.082095583656148, "alphas5": 42.87543494188722, "alphas6": 56.54377760747109, "alphas7": 9.67005565219516, "alphas8": 5.589575533462452, "alphas9": 58.17704295667782}, "datetime": {"datetime": "2018-12-19 17:57:56", "elapsed": 12188.669437, "delta": 76.850012}}
{"target": 0.07037777636054407, "params": {"alphas0": 59.87058032457771, "alphas1": 14.985623301626521, "alphas10": 8.961108387399095, "alphas11": 53.52064087193583, "alphas12": 37.67663122310027, "alphas13": 55.929841003682604, "alphas2": 53.381777590843555, "alphas3": 55.12248275403864, "alphas4": 56.51099875557962, "alphas5": 54.76515619968358, "alphas6": 59.66692718884591, "alphas7": 1.815095965781215, "alphas8": 0.34029227355142355, "alphas9": 53.48905679246924}, "datetime": {"datetime": "2018-12-19 17:59:13", "elapsed": 12265.870868, "delta": 77.201431}}
{"target": 0.07124754598135542, "params": {"alphas0": 35.44051776492803, "alphas1": 6.350709744074519, "alphas10": 0.3884891399412882, "alphas11": 13.614591511429364, "alphas12": 51.73614939046172, "alphas13": 40.748766525209824, "alphas2": 50.83107437053163, "alphas3": 38.308585231083086, "alphas4": 56.49175680587759, "alphas5": 56.78392553173712, "alphas6": 56.46310398086292, "alphas7": 17.394316670549333, "alphas8": 8.020217693322625, "alphas9": 55.302336567586366}, "datetime": {"datetime": "2018-12-19 18:00:32", "elapsed": 12344.220405, "delta": 78.349537}}
{"target": 0.07103761923658349, "params": {"alphas0": 56.88150266596239, "alphas1": 5.107895463567806, "alphas10": 1.5186483481849056, "alphas11": 47.99641540694198, "alphas12": 58.252960400269316, "alphas13": 54.860022783169306, "alphas2": 59.71324228270412, "alphas3": 16.999680552805568, "alphas4": 31.493479337612317, "alphas5": 4.747547502978997, "alphas6": 54.968951253713215, "alphas7": 39.73123433501154, "alphas8": 18.166638925935843, "alphas9": 35.381492823742526}, "datetime": {"datetime": "2018-12-19 18:01:48", "elapsed": 12420.222748, "delta": 76.002343}}
{"target": 0.07149382801083393, "params": {"alphas0": 46.40810203054708, "alphas1": 6.853372798698123, "alphas10": 1.325004716629894, "alphas11": 2.4903027673745837, "alphas12": 29.060122278476015, "alphas13": 59.76766799322304, "alphas2": 54.50517363985075, "alphas3": 53.798599108941104, "alphas4": 0.15945665909949724, "alphas5": 53.45394673659343, "alphas6": 49.452792673532215, "alphas7": 42.435659257677315, "alphas8": 5.762151401504831, "alphas9": 53.040139893899465}, "datetime": {"datetime": "2018-12-19 18:03:08", "elapsed": 12500.391765, "delta": 80.169017}}
{"target": 0.07125234454522535, "params": {"alphas0": 48.11838580002858, "alphas1": 7.179029217208621, "alphas10": 2.9220920349391144, "alphas11": 14.722186150060416, "alphas12": 31.778641101825706, "alphas13": 37.021887910055504, "alphas2": 59.48118221324704, "alphas3": 53.74220573275929, "alphas4": 53.18334351102135, "alphas5": 6.816735626202828, "alphas6": 57.90779241609067, "alphas7": 59.056860009119916, "alphas8": 6.462381950651661, "alphas9": 48.88717431844177}, "datetime": {"datetime": "2018-12-19 18:04:24", "elapsed": 12576.616376, "delta": 76.224611}}
{"target": 0.07122696630133532, "params": {"alphas0": 55.58955609362382, "alphas1": 1.9215524338994738, "alphas10": 0.5590074752931562, "alphas11": 1.7623302403328789, "alphas12": 50.43075309562337, "alphas13": 55.71987011919187, "alphas2": 30.81866073282194, "alphas3": 20.515665604592208, "alphas4": 59.812227113919484, "alphas5": 35.64424780192406, "alphas6": 6.4147829241259835, "alphas7": 41.99271240784016, "alphas8": 3.8135005767362817, "alphas9": 55.633943079693935}, "datetime": {"datetime": "2018-12-19 18:05:44", "elapsed": 12656.813952, "delta": 80.197576}}
{"target": 0.07083517677626594, "params": {"alphas0": 46.3350977063776, "alphas1": 0.9630833440472375, "alphas10": 3.728308940598546, "alphas11": 36.06225932023008, "alphas12": 56.770983320313256, "alphas13": 50.30829250703164, "alphas2": 56.13347231241793, "alphas3": 50.958370253973854, "alphas4": 22.35006462859912, "alphas5": 58.13032673174233, "alphas6": 9.59183145321582, "alphas7": 19.823825550006976, "alphas8": 0.4593183275203727, "alphas9": 52.778179315739926}, "datetime": {"datetime": "2018-12-19 18:07:01", "elapsed": 12733.232273, "delta": 76.418321}}
{"target": 0.07015536142605187, "params": {"alphas0": 53.681342902796366, "alphas1": 20.74144806800725, "alphas10": 1.9619642085942446, "alphas11": 51.35958944986977, "alphas12": 56.15309721190942, "alphas13": 56.04190064238451, "alphas2": 57.85875239273516, "alphas3": 23.964235143608636, "alphas4": 17.731908636186958, "alphas5": 10.93563144458476, "alphas6": 43.11592244017745, "alphas7": 4.532254175701194, "alphas8": 0.8783889588514038, "alphas9": 55.63981750406069}, "datetime": {"datetime": "2018-12-19 18:08:22", "elapsed": 12814.349284, "delta": 81.117011}}
{"target": 0.07123727305366577, "params": {"alphas0": 57.164706383084884, "alphas1": 22.713658323397166, "alphas10": 0.2688899921212373, "alphas11": 8.556237763194943, "alphas12": 52.40255607481405, "alphas13": 56.8959907562376, "alphas2": 53.99075194900951, "alphas3": 52.05808888805852, "alphas4": 21.177073828735786, "alphas5": 25.080678298617496, "alphas6": 56.81726541714633, "alphas7": 59.80454351697855, "alphas8": 4.14818409330473, "alphas9": 50.90776409547795}, "datetime": {"datetime": "2018-12-19 18:09:58", "elapsed": 12910.961401, "delta": 96.612117}}
{"target": 0.07104937833837233, "params": {"alphas0": 56.75194351162099, "alphas1": 0.7768460642339137, "alphas10": 4.094553942650592, "alphas11": 18.34682588966138, "alphas12": 21.410865250829772, "alphas13": 54.9220822494712, "alphas2": 58.82543118745997, "alphas3": 57.47457244264884, "alphas4": 22.36032200360948, "alphas5": 3.721766706250338, "alphas6": 54.612712460062085, "alphas7": 34.26174988156296, "alphas8": 9.666894980859324, "alphas9": 51.24374242530903}, "datetime": {"datetime": "2018-12-19 18:11:34", "elapsed": 13006.564836, "delta": 95.603435}}
{"target": 0.07125478483245125, "params": {"alphas0": 23.03039737773934, "alphas1": 4.211937835925841, "alphas10": 0.9399422783168099, "alphas11": 15.093468587964114, "alphas12": 56.12253247674788, "alphas13": 58.796075391253886, "alphas2": 59.67712511077941, "alphas3": 52.90608682779498, "alphas4": 23.516402388713903, "alphas5": 1.8169114479368975, "alphas6": 51.78908723306975, "alphas7": 5.153955070688228, "alphas8": 1.8454521929791912, "alphas9": 54.76387680896659}, "datetime": {"datetime": "2018-12-19 18:12:58", "elapsed": 13091.140382, "delta": 84.575546}}
{"target": 0.07064355879944556, "params": {"alphas0": 59.946902092508566, "alphas1": 2.371908343842295, "alphas10": 4.253238955171527, "alphas11": 1.765123226440224, "alphas12": 11.812694077283846, "alphas13": 56.38654467557739, "alphas2": 13.935496457519978, "alphas3": 44.243091200263095, "alphas4": 59.98194349695526, "alphas5": 36.56876867197961, "alphas6": 56.56303775616969, "alphas7": 40.70638658058656, "alphas8": 0.2720277280611638, "alphas9": 43.01063804267856}, "datetime": {"datetime": "2018-12-19 18:14:17", "elapsed": 13170.169472, "delta": 79.02909}}
{"target": 0.07085021554547734, "params": {"alphas0": 57.42696363742484, "alphas1": 6.914066578040865, "alphas10": 5.485627114125505, "alphas11": 6.9993671998928075, "alphas12": 58.111467301116186, "alphas13": 54.87131488275504, "alphas2": 15.576208204537174, "alphas3": 41.09776048849573, "alphas4": 55.9817625286358, "alphas5": 36.78789442913133, "alphas6": 51.65661442404796, "alphas7": 51.09618279354149, "alphas8": 2.742988651335343, "alphas9": 58.7647670058008}, "datetime": {"datetime": "2018-12-19 18:16:01", "elapsed": 13274.021326, "delta": 103.851854}}
{"target": 0.07125182404257988, "params": {"alphas0": 56.56647330280499, "alphas1": 2.4078338090031304, "alphas10": 0.373577115145185, "alphas11": 55.55719500502518, "alphas12": 29.05163968996521, "alphas13": 36.555364388490524, "alphas2": 54.71649770615396, "alphas3": 54.50217778959814, "alphas4": 47.389303186366256, "alphas5": 2.339860080476175, "alphas6": 51.221449138814116, "alphas7": 51.62741331370492, "alphas8": 3.3044727414192465, "alphas9": 41.11889090110837}, "datetime": {"datetime": "2018-12-19 18:17:22", "elapsed": 13354.645064, "delta": 80.623738}}
{"target": 0.07111748371756099, "params": {"alphas0": 36.55922043731303, "alphas1": 2.255099236156757, "alphas10": 0.6007964632376428, "alphas11": 2.764229858443028, "alphas12": 58.05033167365715, "alphas13": 51.00072007238871, "alphas2": 56.09860716927072, "alphas3": 34.436314120043335, "alphas4": 16.9237182950258, "alphas5": 29.687256627061988, "alphas6": 59.28583664595698, "alphas7": 2.7197784935362423, "alphas8": 6.9502850156598335, "alphas9": 54.47190366288995}, "datetime": {"datetime": "2018-12-19 18:18:45", "elapsed": 13437.318152, "delta": 82.673088}}
{"target": 0.07051492214663634, "params": {"alphas0": 58.97815028292477, "alphas1": 30.966110737779754, "alphas10": 0.730774984650413, "alphas11": 58.606351108881896, "alphas12": 54.718926708488596, "alphas13": 57.496350198684205, "alphas2": 54.68907099745089, "alphas3": 59.762023600312624, "alphas4": 51.52232236317023, "alphas5": 9.846237253687297, "alphas6": 46.18830417836525, "alphas7": 59.73812304977457, "alphas8": 1.390416385286557, "alphas9": 18.240042948205662}, "datetime": {"datetime": "2018-12-19 18:19:58", "elapsed": 13510.454814, "delta": 73.136662}}
{"target": 0.07108066858780551, "params": {"alphas0": 56.39565418504242, "alphas1": 4.517406253059788, "alphas10": 1.39334975047678, "alphas11": 0.2054489594199982, "alphas12": 48.079231317314765, "alphas13": 47.308802922707464, "alphas2": 59.68252835705816, "alphas3": 52.100662280354165, "alphas4": 51.50800626766095, "alphas5": 53.023930170490324, "alphas6": 9.222243189439542, "alphas7": 9.490332174343353, "alphas8": 0.24732990693010715, "alphas9": 54.22969712177932}, "datetime": {"datetime": "2018-12-19 18:21:14", "elapsed": 13586.788621, "delta": 76.333807}}
{"target": 0.07091396797052157, "params": {"alphas0": 58.33512161666227, "alphas1": 8.75262947789944, "alphas10": 1.1541252787952705, "alphas11": 1.748888681292422, "alphas12": 46.79596742620584, "alphas13": 45.692031404785865, "alphas2": 58.064364952929694, "alphas3": 26.18320443563023, "alphas4": 11.163347217277806, "alphas5": 59.76608307922409, "alphas6": 59.76661563711122, "alphas7": 47.06347278945063, "alphas8": 13.773152911997272, "alphas9": 59.05254357504746}, "datetime": {"datetime": "2018-12-19 18:22:32", "elapsed": 13664.874216, "delta": 78.085595}}
{"target": 0.07121657035777264, "params": {"alphas0": 41.05477273672723, "alphas1": 1.4960344586521135, "alphas10": 1.6073901155106118, "alphas11": 35.15558561183073, "alphas12": 44.9207313805806, "alphas13": 57.38854182473855, "alphas2": 59.423868885395194, "alphas3": 57.589691795895654, "alphas4": 54.2257845440431, "alphas5": 32.79557800916874, "alphas6": 20.14788300575702, "alphas7": 49.32547102975761, "alphas8": 0.8298274953904783, "alphas9": 14.096173653545117}, "datetime": {"datetime": "2018-12-19 18:23:54", "elapsed": 13746.224985, "delta": 81.350769}}
{"target": 0.07125954453262778, "params": {"alphas0": 56.32230077843611, "alphas1": 6.721435136946754, "alphas10": 1.7263101305067385, "alphas11": 34.19206882410987, "alphas12": 56.01595640107454, "alphas13": 59.9414368358323, "alphas2": 54.150926212565864, "alphas3": 50.904944148159004, "alphas4": 29.919168158522215, "alphas5": 3.773432975872779, "alphas6": 54.781385426688864, "alphas7": 48.77120377066328, "alphas8": 8.994521611767807, "alphas9": 27.834909416412067}, "datetime": {"datetime": "2018-12-19 18:25:19", "elapsed": 13831.306914, "delta": 85.081929}}
{"target": 0.0702741817523305, "params": {"alphas0": 54.51541666428943, "alphas1": 1.3807406035175873, "alphas10": 0.2313532361368753, "alphas11": 0.2993159142633961, "alphas12": 6.002134873306508, "alphas13": 59.25272551445293, "alphas2": 58.41345248559663, "alphas3": 7.048318592088867, "alphas4": 48.12704007075368, "alphas5": 26.769984233593142, "alphas6": 28.742524985988553, "alphas7": 17.281506765526636, "alphas8": 0.07058607129922345, "alphas9": 19.72728665915566}, "datetime": {"datetime": "2018-12-19 18:26:44", "elapsed": 13916.690941, "delta": 85.384027}}
{"target": 0.07164439332955394, "params": {"alphas0": 30.556738309880636, "alphas1": 11.079912651253084, "alphas10": 0.18923030186388523, "alphas11": 12.846384558041862, "alphas12": 36.54524256681259, "alphas13": 58.296298979716795, "alphas2": 53.07855767578429, "alphas3": 56.57170255551989, "alphas4": 27.925016351825217, "alphas5": 4.961834111520047, "alphas6": 55.020944491163604, "alphas7": 28.830882599763477, "alphas8": 1.7424567666158852, "alphas9": 51.784643975819314}, "datetime": {"datetime": "2018-12-19 18:29:16", "elapsed": 14069.018838, "delta": 152.327897}}
{"target": 0.0707351603678507, "params": {"alphas0": 59.01059147592492, "alphas1": 4.606722862021413, "alphas10": 0.24181790297012506, "alphas11": 0.43506364433042455, "alphas12": 23.211162513400378, "alphas13": 47.736912435623765, "alphas2": 16.429066736787313, "alphas3": 50.37959649978847, "alphas4": 24.313940733838315, "alphas5": 49.84276956347446, "alphas6": 58.08294799647606, "alphas7": 7.689553757914782, "alphas8": 0.9336981767927233, "alphas9": 25.97103761239118}, "datetime": {"datetime": "2018-12-19 18:31:54", "elapsed": 14226.195865, "delta": 157.177027}}
