{"target": 0.07128718194129498, "params": {"alphas0": 53.166181030605834, "alphas1": 0.7402726272425064, "alphas10": 1.384162682371255, "alphas11": 24.11767327088121, "alphas12": 50.08985930973765, "alphas13": 48.01182505832323, "alphas2": 54.35776733967337, "alphas3": 57.41379085244441, "alphas4": 9.023122776857866, "alphas5": 39.26150847136825, "alphas6": 53.966820088517515, "alphas7": 2.771714022877385, "alphas8": 2.181336421113027, "alphas9": 33.61988680496362}, "datetime": {"datetime": "2018-12-19 16:54:34", "elapsed": 8386.409081, "delta": 77.489717}}
{"target": 0.07130916509196265, "params": {"alphas0": 58.03094368359952, "alphas1": 6.606619017493022, "alphas10": 2.5801150950478147, "alphas11": 2.4949749768829133, "alphas12": 10.864490820763761, "alphas13": 50.08615788279531, "alphas2": 51.88566184939326, "alphas3": 58.45615612009821, "alphas4": 1.006286060436541, "alphas5": 55.02090020944873, "alphas6": 59.2666044593503, "alphas7": 35.69028220337252, "alphas8": 6.440093766048776, "alphas9": 42.33290020481492}, "datetime": {"datetime": "2018-12-19 16:55:48", "elapsed": 8460.90398, "delta": 74.494899}}
{"target": 0.07106348976442421, "params": {"alphas0": 59.78750835944479, "alphas1": 9.103759714231428, "alphas10": 0.7634910873865719, "alphas11": 36.731886164543155, "alphas12": 54.225904545108186, "alphas13": 55.291488541866045, "alphas2": 29.085523208580643, "alphas3": 3.251772636955177, "alphas4": 57.80933903386166, "alphas5": 31.38113473170542, "alphas6": 55.56623972507448, "alphas7": 1.9835036928858552, "alphas8": 10.285491056214378, "alphas9": 58.99535655925165}, "datetime": {"datetime": "2018-12-19 16:56:58", "elapsed": 8530.565539, "delta": 69.661559}}
{"target": 0.07041340353363557, "params": {"alphas0": 27.98237451950942, "alphas1": 6.4987021518429255, "alphas10": 2.333380682267825, "alphas11": 58.35770289115807, "alphas12": 46.011566406200956, "alphas13": 59.278326371281466, "alphas2": 55.296379571223554, "alphas3": 26.66529475722339, "alphas4": 6.059675679336294, "alphas5": 45.39666391865009, "alphas6": 57.65150475308204, "alphas7": 56.22910224431469, "alphas8": 0.1850478154413593, "alphas9": 58.28588624044239}, "datetime": {"datetime": "2018-12-19 16:58:06", "elapsed": 8598.835513, "delta": 68.269974}}
{"target": 0.07122046784454514, "params": {"alphas0": 56.59248594989834, "alphas1": 20.605283635629046, "alphas10": 0.7956506517563988, "alphas11": 32.407746797677014, "alphas12": 46.67487423889811, "alphas13": 59.169213989672436, "alphas2": 55.78234915938657, "alphas3": 57.08707075181499, "alphas4": 50.91533974489534, "alphas5": 25.945239493453258, "alphas6": 52.46770435174409, "alphas7": 53.869346581229, "alphas8": 3.743832679811756, "alphas9": 17.003442356914864}, "datetime": {"datetime": "2018-12-19 16:59:17", "elapsed": 8669.684294, "delta": 70.848781}}
{"target": 0.07096642564247915, "params": {"alphas0": 43.39282956541683, "alphas1": 4.892098060212724, "alphas10": 0.6639603150666207, "alphas11": 16.06293797881451, "alphas12": 35.92682593046619, "alphas13": 49.47479530162122, "alphas2": 58.401163344012545, "alphas3": 23.417788642162428, "alphas4": 25.03565783904158, "alphas5": 54.2988952619994, "alphas6": 55.63440296194817, "alphas7": 43.53178533959195, "alphas8": 0.021457218883891294, "alphas9": 23.28549224558179}, "datetime": {"datetime": "2018-12-19 17:00:26", "elapsed": 8738.997148, "delta": 69.312854}}
{"target": 0.0701906598009574, "params": {"alphas0": 34.02493737896164, "alphas1": 0.067290254172796, "alphas10": 0.8448277256522063, "alphas11": 27.182500494502108, "alphas12": 54.43379088738527, "alphas13": 49.88162343198538, "alphas2": 56.69275924907272, "alphas3": 58.7189332627636, "alphas4": 54.98423790920302, "alphas5": 59.90105081952419, "alphas6": 45.98280336826485, "alphas7": 6.811440381139137, "alphas8": 13.457216793359155, "alphas9": 49.29324384083929}, "datetime": {"datetime": "2018-12-19 17:01:28", "elapsed": 8800.295211, "delta": 61.298063}}
{"target": 0.07095111873267813, "params": {"alphas0": 50.79726967155225, "alphas1": 1.703596246066259, "alphas10": 0.5487163925771066, "alphas11": 21.91157969047667, "alphas12": 5.024869716189206, "alphas13": 50.31496638190076, "alphas2": 57.95226670957785, "alphas3": 58.222098191774485, "alphas4": 38.03888566696767, "alphas5": 20.15327582399259, "alphas6": 58.6548676741968, "alphas7": 30.13921149464617, "alphas8": 12.674898975910256, "alphas9": 14.887686235750063}, "datetime": {"datetime": "2018-12-19 17:02:39", "elapsed": 8871.666982, "delta": 71.371771}}
{"target": 0.07094545808138066, "params": {"alphas0": 46.732056402672185, "alphas1": 0.8539266785092603, "alphas10": 0.8194885925875384, "alphas11": 4.4185905233614164, "alphas12": 47.5427116386227, "alphas13": 58.2707773013613, "alphas2": 54.877554719399036, "alphas3": 24.964660837047006, "alphas4": 58.399374754410196, "alphas5": 31.06334291585201, "alphas6": 50.428522740864125, "alphas7": 39.40076105990744, "alphas8": 0.584638820166854, "alphas9": 56.43036923695033}, "datetime": {"datetime": "2018-12-19 17:03:54", "elapsed": 8946.619191, "delta": 74.952209}}
{"target": 0.07113628965104563, "params": {"alphas0": 57.90161430188243, "alphas1": 1.8743017335168588, "alphas10": 3.8886156209962253, "alphas11": 56.36749340221808, "alphas12": 53.2205268665014, "alphas13": 41.39753693817561, "alphas2": 54.07957805733823, "alphas3": 41.256497049558, "alphas4": 32.16816754355095, "alphas5": 54.34362380822078, "alphas6": 51.03179384946163, "alphas7": 2.648587617159419, "alphas8": 10.063179739847996, "alphas9": 40.316493143811925}, "datetime": {"datetime": "2018-12-19 17:05:07", "elapsed": 9019.469959, "delta": 72.850768}}
{"target": 0.07055970893172071, "params": {"alphas0": 59.99819232063544, "alphas1": 0.9918416989422818, "alphas10": 0.8801000574405893, "alphas11": 38.922641121935335, "alphas12": 5.703340074642284, "alphas13": 52.56002070983855, "alphas2": 57.22534959350119, "alphas3": 41.19644981841588, "alphas4": 19.292754828535877, "alphas5": 31.291218645286115, "alphas6": 55.00806887110521, "alphas7": 19.825015750043583, "alphas8": 0.6262285708153592, "alphas9": 7.180833347847971}, "datetime": {"datetime": "2018-12-19 17:06:18", "elapsed": 9090.260549, "delta": 70.79059}}
{"target": 0.07078374083522294, "params": {"alphas0": 55.21697334163296, "alphas1": 9.186111740607581, "alphas10": 1.9371583157745231, "alphas11": 5.503198000408869, "alphas12": 20.88615495627904, "alphas13": 56.63848345725044, "alphas2": 57.65958962970907, "alphas3": 58.50498593534575, "alphas4": 31.376415411678924, "alphas5": 55.491175035086535, "alphas6": 57.11012372970972, "alphas7": 48.03500348673725, "alphas8": 17.34306047360218, "alphas9": 50.946525523599156}, "datetime": {"datetime": "2018-12-19 17:07:28", "elapsed": 9160.477307, "delta": 70.216758}}
{"target": 0.07080067170571926, "params": {"alphas0": 52.465334051619706, "alphas1": 0.9078394034368586, "alphas10": 2.031378524970817, "alphas11": 43.137384029501405, "alphas12": 38.071582649731226, "alphas13": 58.62730659184904, "alphas2": 42.429965851600244, "alphas3": 26.884817676670263, "alphas4": 34.30242918237178, "alphas5": 53.488711294958065, "alphas6": 56.697041668852506, "alphas7": 6.291840863083468, "alphas8": 0.20352896060807257, "alphas9": 19.796096178159388}, "datetime": {"datetime": "2018-12-19 17:08:41", "elapsed": 9233.505195, "delta": 73.027888}}
{"target": 0.07086316272990661, "params": {"alphas0": 58.74260950592524, "alphas1": 5.581821841644103, "alphas10": 1.3045530892683743, "alphas11": 4.4821406581507794, "alphas12": 54.61684086318446, "alphas13": 58.35505339991896, "alphas2": 46.6634235031797, "alphas3": 32.050442964938995, "alphas4": 56.853198985455265, "alphas5": 46.14569529710002, "alphas6": 39.87517468366617, "alphas7": 48.727331344491816, "alphas8": 3.8136479617836083, "alphas9": 21.88314888662996}, "datetime": {"datetime": "2018-12-19 17:09:52", "elapsed": 9305.15574, "delta": 71.650545}}
{"target": 0.07006367926429824, "params": {"alphas0": 56.310124231432994, "alphas1": 49.52437516628041, "alphas10": 1.8702569707382755, "alphas11": 21.87283646737099, "alphas12": 8.90452269813901, "alphas13": 54.9849587696019, "alphas2": 58.96071585472988, "alphas3": 45.9512539666781, "alphas4": 57.46395590622248, "alphas5": 5.489679448920494, "alphas6": 56.10794289677898, "alphas7": 57.11965137688931, "alphas8": 1.1414433311507977, "alphas9": 54.850327798808145}, "datetime": {"datetime": "2018-12-19 17:11:10", "elapsed": 9382.37266, "delta": 77.21692}}
{"target": 0.07091844743638182, "params": {"alphas0": 56.517113795208736, "alphas1": 28.227025432297197, "alphas10": 0.01078059078039928, "alphas11": 17.756267071991424, "alphas12": 59.37418801862061, "alphas13": 40.62003962800231, "alphas2": 51.980738720345684, "alphas3": 38.72532198265293, "alphas4": 59.90011214565984, "alphas5": 51.65622358654221, "alphas6": 46.99026903141122, "alphas7": 56.36728301265366, "alphas8": 0.534379731765493, "alphas9": 53.820426209611746}, "datetime": {"datetime": "2018-12-19 17:12:21", "elapsed": 9453.412758, "delta": 71.040098}}
{"target": 0.07070505927185686, "params": {"alphas0": 57.2212130635879, "alphas1": 5.484521774028652, "alphas10": 2.620996740845425, "alphas11": 8.185394197713343, "alphas12": 53.30643818537306, "alphas13": 58.003309650223315, "alphas2": 50.644232750220716, "alphas3": 33.559559027824, "alphas4": 6.298277262828322, "alphas5": 26.818867276181663, "alphas6": 53.28320607341895, "alphas7": 6.612664244360387, "alphas8": 14.4947732519922, "alphas9": 58.887806089334525}, "datetime": {"datetime": "2018-12-19 17:13:31", "elapsed": 9523.437898, "delta": 70.02514}}
{"target": 0.07093044860166275, "params": {"alphas0": 57.01792698090844, "alphas1": 1.3912737896797944, "alphas10": 2.7294448291315287, "alphas11": 30.91248482272807, "alphas12": 56.51352816324621, "alphas13": 59.083682176051774, "alphas2": 43.064692391291636, "alphas3": 1.7063328720391047, "alphas4": 46.94889659219102, "alphas5": 4.005814851505656, "alphas6": 44.620903527509896, "alphas7": 56.86373253259025, "alphas8": 3.9524360481497856, "alphas9": 20.765920991575594}, "datetime": {"datetime": "2018-12-19 17:14:39", "elapsed": 9592.107635, "delta": 68.669737}}
{"target": 0.07107033185311158, "params": {"alphas0": 29.208144548848466, "alphas1": 0.3161658958807312, "alphas10": 1.1130787205711457, "alphas11": 44.44938886568902, "alphas12": 49.52901325492273, "alphas13": 58.76274881024134, "alphas2": 49.85555499649421, "alphas3": 52.99982185328555, "alphas4": 52.14155786721776, "alphas5": 57.19693556661493, "alphas6": 56.86530074138135, "alphas7": 5.029131671686007, "alphas8": 2.2367806043704697, "alphas9": 24.522497104828386}, "datetime": {"datetime": "2018-12-19 17:15:50", "elapsed": 9662.615072, "delta": 70.507437}}
{"target": 0.07097151067649267, "params": {"alphas0": 58.066547862748074, "alphas1": 3.88366534077498, "alphas10": 1.3441809271323346, "alphas11": 16.471934241902403, "alphas12": 33.49866708741684, "alphas13": 54.342930155112555, "alphas2": 35.357481511678955, "alphas3": 47.0885488562919, "alphas4": 36.835707021956146, "alphas5": 53.86015973230825, "alphas6": 49.13568426919685, "alphas7": 52.06346765087396, "alphas8": 2.1623244262814145, "alphas9": 55.58117616262679}, "datetime": {"datetime": "2018-12-19 17:17:09", "elapsed": 9742.169996, "delta": 79.554924}}
{"target": 0.07086965013227503, "params": {"alphas0": 54.09415517117762, "alphas1": 5.695899492700636, "alphas10": 1.9748445821744331, "alphas11": 38.96757966278343, "alphas12": 50.51756576365194, "alphas13": 12.756674198808057, "alphas2": 55.107393909922294, "alphas3": 33.10726685603492, "alphas4": 33.741835796159606, "alphas5": 59.568007574126085, "alphas6": 57.32728667268502, "alphas7": 48.079414758598396, "alphas8": 2.483293527736443, "alphas9": 34.53729522368344}, "datetime": {"datetime": "2018-12-19 17:18:24", "elapsed": 9816.967334, "delta": 74.797338}}
{"target": 0.07134836130007563, "params": {"alphas0": 55.870257235674174, "alphas1": 14.556593032532936, "alphas10": 1.1075803474541712, "alphas11": 11.614983592103998, "alphas12": 36.92336116640998, "alphas13": 51.72462066623026, "alphas2": 29.559132187911306, "alphas3": 57.84019961962219, "alphas4": 52.78161221227429, "alphas5": 59.16014317644561, "alphas6": 58.17552842826903, "alphas7": 2.3544539433118072, "alphas8": 6.6343566082761445, "alphas9": 43.31607596838066}, "datetime": {"datetime": "2018-12-19 17:19:41", "elapsed": 9893.777894, "delta": 76.81056}}
{"target": 0.07063302916351712, "params": {"alphas0": 55.381303812753075, "alphas1": 17.203459658462624, "alphas10": 0.14515039095460702, "alphas11": 15.375568112760414, "alphas12": 52.321075051855736, "alphas13": 56.20290189508562, "alphas2": 55.20966481067696, "alphas3": 33.48804957064761, "alphas4": 36.04166974691883, "alphas5": 48.491253688435336, "alphas6": 55.12081316463606, "alphas7": 14.029671667690806, "alphas8": 3.1479163439197833, "alphas9": 7.059946444620024}, "datetime": {"datetime": "2018-12-19 17:20:54", "elapsed": 9966.315442, "delta": 72.537548}}
{"target": 0.07109763548752822, "params": {"alphas0": 59.87674469612715, "alphas1": 0.5145602766549473, "alphas10": 4.782024958232853, "alphas11": 1.321840274123376, "alphas12": 41.97476869963084, "alphas13": 58.09111701014023, "alphas2": 54.407792658643295, "alphas3": 49.92541500412331, "alphas4": 9.775406562843907, "alphas5": 33.20926310259733, "alphas6": 20.91502846762364, "alphas7": 46.768301802663295, "alphas8": 3.4123562565890664, "alphas9": 59.60378488964759}, "datetime": {"datetime": "2018-12-19 17:22:05", "elapsed": 10037.468879, "delta": 71.153437}}
{"target": 0.07082253247039536, "params": {"alphas0": 56.42162092742413, "alphas1": 1.7581148332327823, "alphas10": 1.5513418379299848, "alphas11": 52.72886091275168, "alphas12": 2.104495330654521, "alphas13": 29.15504466583461, "alphas2": 59.11612620057981, "alphas3": 48.357014896361875, "alphas4": 57.54667820544212, "alphas5": 31.17255568480201, "alphas6": 58.487471892848205, "alphas7": 27.582721035911224, "alphas8": 6.600555678611883, "alphas9": 10.765950854365006}, "datetime": {"datetime": "2018-12-19 17:23:16", "elapsed": 10109.174264, "delta": 71.705385}}
{"target": 0.07090281909800959, "params": {"alphas0": 53.02334644412338, "alphas1": 5.701853747443019, "alphas10": 2.024648482665503, "alphas11": 14.257381250341153, "alphas12": 55.0706448697028, "alphas13": 43.417086486753135, "alphas2": 50.94654875024427, "alphas3": 52.85730599880801, "alphas4": 59.92143167530176, "alphas5": 51.98484338762017, "alphas6": 10.686793718100214, "alphas7": 29.483055457427987, "alphas8": 0.4944284309709457, "alphas9": 47.692780048936285}, "datetime": {"datetime": "2018-12-19 17:24:29", "elapsed": 10181.328897, "delta": 72.154633}}
{"target": 0.07110140690350207, "params": {"alphas0": 38.48331633863524, "alphas1": 11.772266031088726, "alphas10": 1.6954581628257515, "alphas11": 54.44961658827176, "alphas12": 49.65136657485725, "alphas13": 58.262649312668756, "alphas2": 57.308283829596846, "alphas3": 16.896449947068607, "alphas4": 17.073588660541155, "alphas5": 57.87195988817459, "alphas6": 59.37153730844932, "alphas7": 36.937692616464524, "alphas8": 1.9325890904453913, "alphas9": 56.623035667862794}, "datetime": {"datetime": "2018-12-19 17:25:45", "elapsed": 10257.563122, "delta": 76.234225}}
{"target": 0.07125854837490547, "params": {"alphas0": 57.10024545261073, "alphas1": 0.4157278358457739, "alphas10": 1.661093596157368, "alphas11": 48.36931538052146, "alphas12": 25.421446268223495, "alphas13": 53.97730480175445, "alphas2": 50.38286305643567, "alphas3": 47.75023110757132, "alphas4": 1.7338818197513417, "alphas5": 29.08627035927235, "alphas6": 58.154088444532654, "alphas7": 28.316674427233085, "alphas8": 5.731905202395888, "alphas9": 43.606172718008125}, "datetime": {"datetime": "2018-12-19 17:26:56", "elapsed": 10328.196886, "delta": 70.633764}}
{"target": 0.07029217583144363, "params": {"alphas0": 20.772515839921763, "alphas1": 1.8712116925197475, "alphas10": 3.4405278095175196, "alphas11": 27.39348823371663, "alphas12": 5.592110558923567, "alphas13": 51.43010647717485, "alphas2": 53.66849961148557, "alphas3": 53.15113309505554, "alphas4": 57.62164322560194, "alphas5": 59.72799542308869, "alphas6": 58.96223572437804, "alphas7": 58.15225999137372, "alphas8": 8.481025199344662, "alphas9": 47.65187612400024}, "datetime": {"datetime": "2018-12-19 17:28:09", "elapsed": 10401.890988, "delta": 73.694102}}
{"target": 0.07067151483371116, "params": {"alphas0": 57.75177433679941, "alphas1": 3.699272001776295, "alphas10": 2.1807051993335946, "alphas11": 32.21161012855665, "alphas12": 54.0880275395747, "alphas13": 46.856296621648795, "alphas2": 58.70875734885629, "alphas3": 59.15206858145033, "alphas4": 55.8921976769212, "alphas5": 42.35121159829213, "alphas6": 46.403355716332584, "alphas7": 28.10343477648345, "alphas8": 18.303274242430714, "alphas9": 45.20496984577704}, "datetime": {"datetime": "2018-12-19 17:29:24", "elapsed": 10476.924709, "delta": 75.033721}}
{"target": 0.07090792743764168, "params": {"alphas0": 59.46043906421843, "alphas1": 22.12410750450025, "alphas10": 3.8161389717481686, "alphas11": 28.201913248137664, "alphas12": 52.25316343646352, "alphas13": 52.32201451339557, "alphas2": 53.008285968386716, "alphas3": 41.30163128409573, "alphas4": 59.814881663992416, "alphas5": 26.873143248728663, "alphas6": 56.91407788297484, "alphas7": 37.48369057434078, "alphas8": 5.759070939353337, "alphas9": 57.31603489342161}, "datetime": {"datetime": "2018-12-19 17:30:36", "elapsed": 10548.359477, "delta": 71.434768}}
{"target": 0.07142291077727371, "params": {"alphas0": 59.34510426666277, "alphas1": 11.551169517598858, "alphas10": 0.39388744502855344, "alphas11": 6.312777358018986, "alphas12": 53.79259495405311, "alphas13": 53.862125462633855, "alphas2": 55.0814547549399, "alphas3": 58.26219093738186, "alphas4": 46.69205789033467, "alphas5": 39.59100756178774, "alphas6": 39.627146736990134, "alphas7": 51.540604516871056, "alphas8": 5.104053375956372, "alphas9": 25.23343383425914}, "datetime": {"datetime": "2018-12-19 17:31:46", "elapsed": 10618.996025, "delta": 70.636548}}
{"target": 0.07085994331065756, "params": {"alphas0": 55.7292938540456, "alphas1": 3.7371401454058217, "alphas10": 0.7884151692457686, "alphas11": 1.2991753849313015, "alphas12": 18.09951866482492, "alphas13": 52.20561151421384, "alphas2": 55.402839183064415, "alphas3": 55.29245984286946, "alphas4": 20.01596136524585, "alphas5": 48.173481090264424, "alphas6": 58.666557374331006, "alphas7": 28.59198920749163, "alphas8": 0.8556357598311193, "alphas9": 24.434747849902124}, "datetime": {"datetime": "2018-12-19 17:33:03", "elapsed": 10695.725173, "delta": 76.729148}}
{"target": 0.07060380750818833, "params": {"alphas0": 58.24860499282175, "alphas1": 12.936814681459408, "alphas10": 6.039159192126489, "alphas11": 1.8846940887222363, "alphas12": 10.955511587227328, "alphas13": 53.22967165597946, "alphas2": 44.20704196622894, "alphas3": 53.4802024902377, "alphas4": 19.691391967226327, "alphas5": 53.405560429955216, "alphas6": 54.24600215287237, "alphas7": 59.72763650163925, "alphas8": 1.8368557954037135, "alphas9": 33.65107126013468}, "datetime": {"datetime": "2018-12-19 17:34:12", "elapsed": 10765.133127, "delta": 69.407954}}
{"target": 0.07139766354875275, "params": {"alphas0": 50.069351548227594, "alphas1": 4.31425517814268, "alphas10": 0.9465082450069295, "alphas11": 3.1513996816800116, "alphas12": 33.23722449969349, "alphas13": 59.78536234373601, "alphas2": 59.567663126830375, "alphas3": 47.39287201471874, "alphas4": 3.0555464022680745, "alphas5": 55.438108957406044, "alphas6": 57.590002181459106, "alphas7": 26.595759162992373, "alphas8": 10.06776330333052, "alphas9": 57.85592438203641}, "datetime": {"datetime": "2018-12-19 17:35:26", "elapsed": 10838.469967, "delta": 73.33684}}
{"target": 0.07144035818216167, "params": {"alphas0": 45.91946432832307, "alphas1": 3.355565348863001, "alphas10": 0.9090931825035731, "alphas11": 8.93741386267374, "alphas12": 47.13249379522155, "alphas13": 54.14482187254017, "alphas2": 56.70293240265293, "alphas3": 33.2309962768743, "alphas4": 50.021889951667816, "alphas5": 25.625349626457343, "alphas6": 55.241745032780074, "alphas7": 13.901879836873771, "alphas8": 6.734186250979796, "alphas9": 59.32769531957548}, "datetime": {"datetime": "2018-12-19 17:36:39", "elapsed": 10912.122692, "delta": 73.652725}}
{"target": 0.07085097741874527, "params": {"alphas0": 57.961332366462486, "alphas1": 1.1449503209662404, "alphas10": 1.3725113127710187, "alphas11": 54.68751945701525, "alphas12": 29.499310640754334, "alphas13": 52.37032840882874, "alphas2": 59.320662837373, "alphas3": 55.81141197532423, "alphas4": 19.247750922516307, "alphas5": 15.175854938271872, "alphas6": 54.509634127889505, "alphas7": 29.315659694307364, "alphas8": 2.711252416175276, "alphas9": 8.136896267093112}, "datetime": {"datetime": "2018-12-19 17:37:54", "elapsed": 10986.353776, "delta": 74.231084}}
{"target": 0.07129726581002763, "params": {"alphas0": 28.089796610321006, "alphas1": 2.4235878270355204, "alphas10": 0.02183360749713481, "alphas11": 5.837998241289172, "alphas12": 13.94969737002892, "alphas13": 51.574725838230194, "alphas2": 59.680555470491846, "alphas3": 2.868353805307635, "alphas4": 15.34086335321261, "alphas5": 24.920949984051138, "alphas6": 55.34165190059036, "alphas7": 25.35611804966489, "alphas8": 1.286559103522904, "alphas9": 53.893478357224346}, "datetime": {"datetime": "2018-12-19 17:39:08", "elapsed": 11061.094934, "delta": 74.741158}}
