{"target": 0.07080597408037277, "params": {"alphas0": 56.98763219950671, "alphas1": 8.796311592809392, "alphas10": 4.431638461602006, "alphas11": 1.301175015292928, "alphas12": 34.94925801349753, "alphas13": 24.75749229164935, "alphas2": 56.13860215877318, "alphas3": 58.84309158940986, "alphas4": 1.560009775816158, "alphas5": 55.73081209468016, "alphas6": 51.73137266070422, "alphas7": 24.62910943218001, "alphas8": 1.9234163227989032, "alphas9": 44.6257894874291}, "datetime": {"datetime": "2018-12-19 16:10:00", "elapsed": 5712.778184, "delta": 68.55896}}
{"target": 0.07109343732678253, "params": {"alphas0": 56.99265911154921, "alphas1": 6.531480384273387, "alphas10": 5.282060339558267, "alphas11": 1.2981907868288922, "alphas12": 20.27679202237656, "alphas13": 59.51427566423614, "alphas2": 53.525110949750115, "alphas3": 49.81095750617553, "alphas4": 48.64317513550657, "alphas5": 6.276629319289895, "alphas6": 56.339628090948736, "alphas7": 15.605207971661738, "alphas8": 4.148548132355348, "alphas9": 42.87573507747533}, "datetime": {"datetime": "2018-12-19 16:11:05", "elapsed": 5778.05683, "delta": 65.278646}}
{"target": 0.07096358749055179, "params": {"alphas0": 57.37168704551401, "alphas1": 8.052980606295936, "alphas10": 4.15654096158748, "alphas11": 5.406442693777127, "alphas12": 17.408478366400114, "alphas13": 55.10302084604587, "alphas2": 59.47410731240182, "alphas3": 55.709151768602105, "alphas4": 40.650210202528555, "alphas5": 37.54352708604709, "alphas6": 54.39846205146824, "alphas7": 5.194804844670145, "alphas8": 5.953239184171306, "alphas9": 41.64231188936837}, "datetime": {"datetime": "2018-12-19 16:12:15", "elapsed": 5847.280334, "delta": 69.223504}}
{"target": 0.07063927368354733, "params": {"alphas0": 59.105497232811814, "alphas1": 0.5448132861061072, "alphas10": 4.017281799571482, "alphas11": 42.226144713783555, "alphas12": 19.85679855985612, "alphas13": 59.64390436017307, "alphas2": 1.8817922932578934, "alphas3": 38.74169559171816, "alphas4": 11.88073337842751, "alphas5": 59.06946741825167, "alphas6": 52.84897864679011, "alphas7": 38.78076770492842, "alphas8": 0.5188764108813104, "alphas9": 45.13315555397345}, "datetime": {"datetime": "2018-12-19 16:13:20", "elapsed": 5912.855546, "delta": 65.575212}}
{"target": 0.0710280601851852, "params": {"alphas0": 59.360221272303086, "alphas1": 11.909876594917074, "alphas10": 1.1907138021777874, "alphas11": 23.72632617935874, "alphas12": 43.36402452501592, "alphas13": 54.48831996605601, "alphas2": 58.56933063708722, "alphas3": 58.03356741229198, "alphas4": 6.13134580787043, "alphas5": 32.10089946279887, "alphas6": 58.81584740030421, "alphas7": 11.645996432089449, "alphas8": 10.197177077943458, "alphas9": 58.03811694058944}, "datetime": {"datetime": "2018-12-19 16:14:28", "elapsed": 5980.556638, "delta": 67.701092}}
{"target": 0.0705530075585788, "params": {"alphas0": 54.72524143400003, "alphas1": 4.833234664340753, "alphas10": 7.486468093224897, "alphas11": 6.652014347172816, "alphas12": 52.04207338350602, "alphas13": 54.75150331543041, "alphas2": 52.62875685682612, "alphas3": 59.616952193373365, "alphas4": 49.70782006845306, "alphas5": 48.14270740306607, "alphas6": 52.40674039749175, "alphas7": 59.21921297095061, "alphas8": 6.799568191354317, "alphas9": 12.753581648893398}, "datetime": {"datetime": "2018-12-19 16:15:37", "elapsed": 6049.427274, "delta": 68.870636}}
{"target": 0.07121934756865696, "params": {"alphas0": 58.08312081371859, "alphas1": 33.51867281220292, "alphas10": 1.3324538583975643, "alphas11": 26.457195322381132, "alphas12": 53.53966458911131, "alphas13": 52.48049895740643, "alphas2": 58.87643118735449, "alphas3": 32.20238919830598, "alphas4": 58.17186943484268, "alphas5": 51.380574003723915, "alphas6": 57.747460559572914, "alphas7": 44.49890467477499, "alphas8": 9.60981183346604, "alphas9": 53.70227896207806}, "datetime": {"datetime": "2018-12-19 16:16:47", "elapsed": 6119.930694, "delta": 70.50342}}
{"target": 0.07097154683169561, "params": {"alphas0": 50.72849733752727, "alphas1": 0.8120731019803529, "alphas10": 0.1227403990214726, "alphas11": 4.831713707040761, "alphas12": 17.214602447462404, "alphas13": 3.6572071846073206, "alphas2": 58.383478233041956, "alphas3": 12.455160153674203, "alphas4": 57.612716639180334, "alphas5": 33.00472723056583, "alphas6": 55.29383743224962, "alphas7": 56.35875250355292, "alphas8": 3.0823268135597615, "alphas9": 41.28282004099886}, "datetime": {"datetime": "2018-12-19 16:17:53", "elapsed": 6185.198715, "delta": 65.268021}}
{"target": 0.07105648154446956, "params": {"alphas0": 47.75309631257258, "alphas1": 6.062821732205932, "alphas10": 3.706049214057594, "alphas11": 23.340417313062968, "alphas12": 46.534421445668514, "alphas13": 59.59894691867544, "alphas2": 49.72961365614355, "alphas3": 3.65343123567468, "alphas4": 58.9424674958156, "alphas5": 55.423881928829005, "alphas6": 59.28529971007816, "alphas7": 4.972084951703524, "alphas8": 12.41594091616979, "alphas9": 46.77924919836579}, "datetime": {"datetime": "2018-12-19 16:19:00", "elapsed": 6252.637537, "delta": 67.438822}}
{"target": 0.07038944223985882, "params": {"alphas0": 58.49573771417334, "alphas1": 10.796160905873396, "alphas10": 1.18459476729174, "alphas11": 58.67694446007745, "alphas12": 48.32004209470984, "alphas13": 46.27431214904154, "alphas2": 47.41741644967013, "alphas3": 4.6849502268733705, "alphas4": 42.44968149669051, "alphas5": 20.6370989448508, "alphas6": 59.18449732135046, "alphas7": 52.235613568133964, "alphas8": 0.5516423887462896, "alphas9": 7.78541934489531}, "datetime": {"datetime": "2018-12-19 16:20:10", "elapsed": 6322.937155, "delta": 70.299618}}
{"target": 0.0705972856198034, "params": {"alphas0": 59.25894959767905, "alphas1": 16.92165925414014, "alphas10": 2.339122406267191, "alphas11": 4.210486323063309, "alphas12": 10.274809133059168, "alphas13": 50.43934939480176, "alphas2": 53.09261962434068, "alphas3": 6.639750058291978, "alphas4": 55.84200188362746, "alphas5": 58.18537770404263, "alphas6": 53.00099202224036, "alphas7": 36.5762288483991, "alphas8": 0.2339219293946404, "alphas9": 45.72347334956463}, "datetime": {"datetime": "2018-12-19 16:21:20", "elapsed": 6392.865025, "delta": 69.92787}}
{"target": 0.07056624168556294, "params": {"alphas0": 53.138813543942, "alphas1": 1.526463114444132, "alphas10": 5.089580561433733, "alphas11": 14.58258432437059, "alphas12": 53.75566201594273, "alphas13": 14.831145133046785, "alphas2": 53.270201145750754, "alphas3": 48.530386913388604, "alphas4": 35.61571716132228, "alphas5": 40.75124633632929, "alphas6": 59.42716949478738, "alphas7": 52.87658408595228, "alphas8": 1.7322877808458026, "alphas9": 53.61829832954068}, "datetime": {"datetime": "2018-12-19 16:22:26", "elapsed": 6458.345293, "delta": 65.480268}}
{"target": 0.07078956846812796, "params": {"alphas0": 59.023087118896896, "alphas1": 8.128900212728865, "alphas10": 1.779201304780036, "alphas11": 58.601279705128924, "alphas12": 58.06413586504959, "alphas13": 56.71329616610407, "alphas2": 56.905037778083575, "alphas3": 19.710981018082418, "alphas4": 35.839949164738, "alphas5": 17.031732902985304, "alphas6": 59.50158818555346, "alphas7": 20.352110027203757, "alphas8": 17.92446411285094, "alphas9": 58.04342625051265}, "datetime": {"datetime": "2018-12-19 16:23:33", "elapsed": 6525.624019, "delta": 67.278726}}
{"target": 0.07093474886621302, "params": {"alphas0": 59.18215227631481, "alphas1": 5.807386971714119, "alphas10": 1.7650483508129455, "alphas11": 26.584965572040733, "alphas12": 25.374179153931273, "alphas13": 38.56411439871328, "alphas2": 56.57690086834811, "alphas3": 50.92124738172097, "alphas4": 55.12952476613661, "alphas5": 55.88816318567431, "alphas6": 57.54620872928767, "alphas7": 54.77649027662333, "alphas8": 4.5054958262344, "alphas9": 58.08772713268465}, "datetime": {"datetime": "2018-12-19 16:24:42", "elapsed": 6594.372499, "delta": 68.74848}}
{"target": 0.07060772556059461, "params": {"alphas0": 58.249951719658455, "alphas1": 9.848790607968947, "alphas10": 1.346696559057845, "alphas11": 10.564197281341759, "alphas12": 51.06305301174681, "alphas13": 57.03286244911526, "alphas2": 57.47865940505395, "alphas3": 56.71178092502524, "alphas4": 2.396507874787275, "alphas5": 52.22068752759883, "alphas6": 5.262643638137581, "alphas7": 33.32030577153418, "alphas8": 1.9703556714522064, "alphas9": 27.18827707483506}, "datetime": {"datetime": "2018-12-19 16:25:58", "elapsed": 6670.654127, "delta": 76.281628}}
{"target": 0.07136148913454252, "params": {"alphas0": 58.55429346268712, "alphas1": 5.062858027678876, "alphas10": 0.13236175580230602, "alphas11": 53.38824227771275, "alphas12": 50.86201407781933, "alphas13": 58.010836666455916, "alphas2": 58.951091650282684, "alphas3": 17.512658702067682, "alphas4": 48.17363104558563, "alphas5": 30.70933145947036, "alphas6": 58.446450794918526, "alphas7": 28.256580724025905, "alphas8": 4.40817482243872, "alphas9": 17.91946566350618}, "datetime": {"datetime": "2018-12-19 16:27:14", "elapsed": 6746.697786, "delta": 76.043659}}
{"target": 0.0709236782879818, "params": {"alphas0": 59.77975226223911, "alphas1": 2.9610076399830665, "alphas10": 2.8060299228938, "alphas11": 58.0131932001751, "alphas12": 54.474897064824106, "alphas13": 45.67219847169458, "alphas2": 55.38638305480777, "alphas3": 49.548115774345, "alphas4": 15.71998813370927, "alphas5": 37.93330634294747, "alphas6": 57.47109261595159, "alphas7": 52.37877550088132, "alphas8": 1.624083408567094, "alphas9": 36.83406970399588}, "datetime": {"datetime": "2018-12-19 16:28:21", "elapsed": 6813.217767, "delta": 66.519981}}
{"target": 0.07105741493449223, "params": {"alphas0": 39.80084024820834, "alphas1": 2.139256935973588, "alphas10": 0.4297893475117731, "alphas11": 3.564002292304167, "alphas12": 57.606003944116644, "alphas13": 25.54001456421368, "alphas2": 55.343714624702244, "alphas3": 47.127143267384156, "alphas4": 54.83764787355866, "alphas5": 32.14391789721369, "alphas6": 43.413535909328715, "alphas7": 25.931745167801626, "alphas8": 5.926423676995434, "alphas9": 59.842458144968425}, "datetime": {"datetime": "2018-12-19 16:29:27", "elapsed": 6879.530883, "delta": 66.313116}}
{"target": 0.07153239603804479, "params": {"alphas0": 53.08174164123453, "alphas1": 7.57400702392512, "alphas10": 0.158650788800212, "alphas11": 53.961915918139894, "alphas12": 54.989497845188374, "alphas13": 57.956484925063954, "alphas2": 52.38911344049115, "alphas3": 14.330530383954162, "alphas4": 54.875186874221264, "alphas5": 31.716814337997945, "alphas6": 42.64379094890705, "alphas7": 37.98083262242628, "alphas8": 6.5027521127727645, "alphas9": 50.97710223307282}, "datetime": {"datetime": "2018-12-19 16:30:32", "elapsed": 6945.126764, "delta": 65.595881}}
{"target": 0.07056057977450234, "params": {"alphas0": 57.71745725473147, "alphas1": 15.693109006183883, "alphas10": 0.8619489746414133, "alphas11": 9.48131433248289, "alphas12": 44.34206936438895, "alphas13": 54.912779369755775, "alphas2": 57.78621959971672, "alphas3": 19.664098436692548, "alphas4": 2.1358848672923503, "alphas5": 34.326004536135535, "alphas6": 52.147229273471176, "alphas7": 42.16006169405178, "alphas8": 0.66642331197871, "alphas9": 47.03503263806343}, "datetime": {"datetime": "2018-12-19 16:31:41", "elapsed": 7014.137067, "delta": 69.010303}}
{"target": 0.07144293219324756, "params": {"alphas0": 39.15631508499578, "alphas1": 5.25751041419972, "alphas10": 0.9503646896335138, "alphas11": 46.9584141486778, "alphas12": 16.781637618909414, "alphas13": 57.91864843488989, "alphas2": 56.081147222071564, "alphas3": 0.72307715370308, "alphas4": 38.751752825408964, "alphas5": 49.8566840808864, "alphas6": 57.640113366809246, "alphas7": 25.341468657427566, "alphas8": 6.205141912439682, "alphas9": 37.366151563495166}, "datetime": {"datetime": "2018-12-19 16:32:55", "elapsed": 7087.615554, "delta": 73.478487}}
{"target": 0.0709565176366842, "params": {"alphas0": 39.719873859931596, "alphas1": 8.795470053813975, "alphas10": 2.551672837790735, "alphas11": 0.5850242500095026, "alphas12": 51.00950650670965, "alphas13": 59.44596707809126, "alphas2": 49.22928038355887, "alphas3": 15.973335580129858, "alphas4": 52.494201587728554, "alphas5": 7.650374587600847, "alphas6": 58.07466005294301, "alphas7": 56.56384671144846, "alphas8": 10.916072140953041, "alphas9": 56.00799475633469}, "datetime": {"datetime": "2018-12-19 16:34:04", "elapsed": 7156.98719, "delta": 69.371636}}
{"target": 0.07094159662383467, "params": {"alphas0": 52.11604083100563, "alphas1": 0.4688061711484326, "alphas10": 3.282236538794576, "alphas11": 2.44405540734832, "alphas12": 56.072568856435126, "alphas13": 48.99291969916074, "alphas2": 58.77472307895653, "alphas3": 33.07718583881076, "alphas4": 31.81475461849827, "alphas5": 44.52593175505076, "alphas6": 58.77218409383762, "alphas7": 29.87136571488252, "alphas8": 9.051621489778876, "alphas9": 11.870555982083124}, "datetime": {"datetime": "2018-12-19 16:35:14", "elapsed": 7226.783963, "delta": 69.796773}}
{"target": 0.07048669690098255, "params": {"alphas0": 52.84259321292521, "alphas1": 10.866455798578603, "alphas10": 2.2401503799210754, "alphas11": 40.49196318433704, "alphas12": 50.93123066433461, "alphas13": 58.35659619420413, "alphas2": 59.15968127879673, "alphas3": 5.342857113441153, "alphas4": 27.68937397967273, "alphas5": 54.17967579730923, "alphas6": 31.556726867201622, "alphas7": 59.74515488105812, "alphas8": 0.31189263160825487, "alphas9": 58.16741866054388}, "datetime": {"datetime": "2018-12-19 16:36:20", "elapsed": 7293.172826, "delta": 66.388863}}
{"target": 0.07086518464978578, "params": {"alphas0": 35.861333409605216, "alphas1": 4.0015949308332495, "alphas10": 2.1963584984953544, "alphas11": 50.17838487762381, "alphas12": 54.3111654724662, "alphas13": 58.827830151638864, "alphas2": 56.12592400980642, "alphas3": 8.349225439578252, "alphas4": 4.247191006764504, "alphas5": 51.83292698075633, "alphas6": 53.16205406571349, "alphas7": 10.865198460982983, "alphas8": 7.259283370067777, "alphas9": 50.1205591604854}, "datetime": {"datetime": "2018-12-19 16:37:32", "elapsed": 7364.25475, "delta": 71.081924}}
{"target": 0.07112157457797917, "params": {"alphas0": 38.652294350642805, "alphas1": 0.20834135690875666, "alphas10": 5.34162837063477, "alphas11": 27.374368949161457, "alphas12": 26.25910444959769, "alphas13": 58.74445060994772, "alphas2": 58.54690774300684, "alphas3": 45.74441236236498, "alphas4": 40.56347259210572, "alphas5": 56.14618771308436, "alphas6": 55.61853887386492, "alphas7": 34.944098709150225, "alphas8": 4.303931818414615, "alphas9": 39.91610580604974}, "datetime": {"datetime": "2018-12-19 16:38:41", "elapsed": 7433.484786, "delta": 69.230036}}
{"target": 0.07042629475308643, "params": {"alphas0": 59.5683139698519, "alphas1": 8.798784795745906, "alphas10": 3.983133046123759, "alphas11": 3.035751277590837, "alphas12": 59.813739975101065, "alphas13": 56.7721904688131, "alphas2": 54.88637610005114, "alphas3": 5.277881615663224, "alphas4": 38.53327878112217, "alphas5": 21.364732334198283, "alphas6": 49.40676875828977, "alphas7": 6.880356737752013, "alphas8": 3.4095777412388872, "alphas9": 21.220265646086144}, "datetime": {"datetime": "2018-12-19 16:39:50", "elapsed": 7502.418586, "delta": 68.9338}}
{"target": 0.07043266194255468, "params": {"alphas0": 57.77627585505534, "alphas1": 15.798799506789917, "alphas10": 13.95369626610109, "alphas11": 52.13456036381096, "alphas12": 28.80322304981676, "alphas13": 57.21892588647115, "alphas2": 56.83387903930823, "alphas3": 56.50676575992084, "alphas4": 50.887480363308335, "alphas5": 10.025028504296978, "alphas6": 57.968604505042414, "alphas7": 35.766840365235666, "alphas8": 1.6769370509424153, "alphas9": 59.232699251822325}, "datetime": {"datetime": "2018-12-19 16:40:53", "elapsed": 7565.604282, "delta": 63.185696}}
{"target": 0.0713972242378431, "params": {"alphas0": 19.82818432809603, "alphas1": 22.267171442090063, "alphas10": 0.387857654742676, "alphas11": 5.024682840419501, "alphas12": 31.56826212843224, "alphas13": 59.44422535565759, "alphas2": 57.45193204074515, "alphas3": 51.644061512076675, "alphas4": 59.71696486040662, "alphas5": 34.28882817767028, "alphas6": 55.96908827309252, "alphas7": 46.8873373427244, "alphas8": 2.536422204068234, "alphas9": 54.992258305043094}, "datetime": {"datetime": "2018-12-19 16:41:59", "elapsed": 7631.619259, "delta": 66.014977}}
{"target": 0.0705875867346937, "params": {"alphas0": 52.23667487318628, "alphas1": 1.8305764092647836, "alphas10": 3.407725798637129, "alphas11": 37.927271879483506, "alphas12": 59.71035072730776, "alphas13": 59.59604060476334, "alphas2": 27.298639899939985, "alphas3": 24.24917251546606, "alphas4": 11.78754528947666, "alphas5": 50.44987881109363, "alphas6": 33.55353444728853, "alphas7": 54.440767959437856, "alphas8": 0.12904301602346901, "alphas9": 57.3448207532579}, "datetime": {"datetime": "2018-12-19 16:43:12", "elapsed": 7704.577924, "delta": 72.958665}}
{"target": 0.07093469255479962, "params": {"alphas0": 56.47334518291678, "alphas1": 3.797152055687556, "alphas10": 3.5999500915598692, "alphas11": 7.782254417822192, "alphas12": 42.348584928127785, "alphas13": 56.76971869785288, "alphas2": 36.823483362747794, "alphas3": 55.540660134699266, "alphas4": 39.21555478205866, "alphas5": 28.92225257618847, "alphas6": 56.85489188749333, "alphas7": 23.125640110495674, "alphas8": 2.921246038231433, "alphas9": 59.334751675048906}, "datetime": {"datetime": "2018-12-19 16:44:23", "elapsed": 7775.551889, "delta": 70.973965}}
{"target": 0.07067923154446963, "params": {"alphas0": 59.57716880012251, "alphas1": 6.645003725618728, "alphas10": 2.4000167880777834, "alphas11": 12.028917675584802, "alphas12": 53.086028136456356, "alphas13": 53.69421464594544, "alphas2": 53.91843585352832, "alphas3": 23.540884586636274, "alphas4": 57.710619398127804, "alphas5": 52.39865809879198, "alphas6": 50.32269150654838, "alphas7": 44.53343813638569, "alphas8": 23.022092101843107, "alphas9": 59.432451088571064}, "datetime": {"datetime": "2018-12-19 16:45:29", "elapsed": 7842.162495, "delta": 66.610606}}
{"target": 0.07070231626354237, "params": {"alphas0": 40.78538596401636, "alphas1": 7.658493150274266, "alphas10": 1.024643345551839, "alphas11": 16.179660978090006, "alphas12": 59.39087182580462, "alphas13": 43.484869785810496, "alphas2": 51.07654396238063, "alphas3": 16.0452103026746, "alphas4": 7.942335993003051, "alphas5": 1.2872523135014502, "alphas6": 57.43521041234114, "alphas7": 58.81843529206421, "alphas8": 0.39708500962422955, "alphas9": 48.90705432013018}, "datetime": {"datetime": "2018-12-19 16:46:41", "elapsed": 7913.213043, "delta": 71.050548}}
{"target": 0.07093286829176107, "params": {"alphas0": 38.618750877343835, "alphas1": 0.16543538873564634, "alphas10": 0.45795517841763056, "alphas11": 27.591947763751612, "alphas12": 58.42470313625256, "alphas13": 55.48471396712169, "alphas2": 30.931911154403117, "alphas3": 38.21647615675855, "alphas4": 50.396935154563934, "alphas5": 3.7113204591057425, "alphas6": 55.80449749974284, "alphas7": 50.25999447369459, "alphas8": 1.1746470119378971, "alphas9": 58.45681778361582}, "datetime": {"datetime": "2018-12-19 16:48:03", "elapsed": 7995.903707, "delta": 82.690664}}
{"target": 0.06953325617283934, "params": {"alphas0": 4.501416791946946, "alphas1": 0.06732003437579959, "alphas10": 6.677516234940253, "alphas11": 53.399502046025844, "alphas12": 59.33586923628503, "alphas13": 55.53469731910661, "alphas2": 59.49879738772927, "alphas3": 42.85308679231503, "alphas4": 11.67176382787391, "alphas5": 58.449667659633505, "alphas6": 59.037811897426565, "alphas7": 31.24911134044951, "alphas8": 2.1135686787533547, "alphas9": 29.597385200967153}, "datetime": {"datetime": "2018-12-19 16:49:21", "elapsed": 8073.209983, "delta": 77.306276}}
{"target": 0.07080009262408657, "params": {"alphas0": 50.89502236740965, "alphas1": 2.0311998998434277, "alphas10": 4.274455085711071, "alphas11": 34.60945953107019, "alphas12": 56.68365408690993, "alphas13": 41.67915713685311, "alphas2": 54.05574490757609, "alphas3": 48.0640854373489, "alphas4": 55.22369064814885, "alphas5": 52.3928695671379, "alphas6": 59.2169534814981, "alphas7": 43.1099655863432, "alphas8": 5.06596244870301, "alphas9": 56.32735248022832}, "datetime": {"datetime": "2018-12-19 16:50:35", "elapsed": 8148.176234, "delta": 74.966251}}
{"target": 0.070864162855883, "params": {"alphas0": 40.60556844614688, "alphas1": 2.8789723403933243, "alphas10": 1.2419243219168563, "alphas11": 1.6558498944915012, "alphas12": 58.672901037091414, "alphas13": 57.8995706781689, "alphas2": 53.215283168158436, "alphas3": 40.08999389355656, "alphas4": 27.187922672321164, "alphas5": 46.86297328210705, "alphas6": 37.06050157716645, "alphas7": 27.196007143604877, "alphas8": 0.877097169494554, "alphas9": 57.99853943703786}, "datetime": {"datetime": "2018-12-19 16:52:00", "elapsed": 8232.221221, "delta": 84.044987}}
{"target": 0.07093471982867214, "params": {"alphas0": 55.68340135331102, "alphas1": 15.173343032684631, "alphas10": 4.219325650215682, "alphas11": 57.31364564072815, "alphas12": 24.11022003269246, "alphas13": 59.294226812066505, "alphas2": 49.750451522432186, "alphas3": 34.24229443698849, "alphas4": 17.496889524734396, "alphas5": 28.915541507544923, "alphas6": 58.80018518322598, "alphas7": 12.158507865529785, "alphas8": 1.7051989180295868, "alphas9": 51.756548123797465}, "datetime": {"datetime": "2018-12-19 16:53:16", "elapsed": 8308.919364, "delta": 76.698143}}
