{"target": 0.06836950944822355, "params": {"alphas0": 14.909493607295234, "alphas1": 52.393008126486244, "alphas10": 47.61565956515194, "alphas11": 45.05075169105473, "alphas12": 43.80604184124889, "alphas13": 48.317268836392955, "alphas2": 46.33941027355412, "alphas3": 36.39097079417045, "alphas4": 53.67280604685931, "alphas5": 35.814790268132526, "alphas6": 31.12174132234728, "alphas7": 38.03812974615588, "alphas8": 11.235035667395305, "alphas9": 6.251614843143322}, "datetime": {"datetime": "2018-12-19 14:34:47", "elapsed": 0.0, "delta": 0.0}}
{"target": 0.06713460528470645, "params": {"alphas0": 27.380768820142805, "alphas1": 3.600850000906577, "alphas10": 16.345890990923593, "alphas11": 52.99123647891849, "alphas12": 28.512006714977133, "alphas13": 28.641364417625805, "alphas2": 18.042573601502795, "alphas3": 21.75766277218866, "alphas4": 19.48953515016497, "alphas5": 4.716122647122845, "alphas6": 25.878229947823296, "alphas7": 15.69216953599149, "alphas8": 40.266622469003615, "alphas9": 52.894273019485965}, "datetime": {"datetime": "2018-12-19 14:34:51", "elapsed": 3.391807, "delta": 3.391807}}
{"target": 0.06872419053917854, "params": {"alphas0": 44.77028656137377, "alphas1": 27.189043017710564, "alphas10": 42.87055322923736, "alphas11": 34.356210611554864, "alphas12": 39.66712900122863, "alphas13": 48.400017502855746, "alphas2": 51.975043257943454, "alphas3": 20.27759355602282, "alphas4": 2.994132739766595, "alphas5": 53.957000973323915, "alphas6": 24.031431292175338, "alphas7": 0.09114559576167025, "alphas8": 21.190527834114473, "alphas9": 19.72791268184196}, "datetime": {"datetime": "2018-12-19 14:35:00", "elapsed": 12.520649, "delta": 9.128842}}
{"target": 0.0670289823003275, "params": {"alphas0": 3.2132824839889262, "alphas1": 35.86297151644173, "alphas10": 15.670509676667903, "alphas11": 51.81834228099527, "alphas12": 32.727055057937164, "alphas13": 59.90388359135924, "alphas2": 20.928590550167588, "alphas3": 49.72015660934949, "alphas4": 18.661065961494977, "alphas5": 18.70563547578493, "alphas6": 11.511581377941214, "alphas7": 13.809366606142222, "alphas8": 50.60102340077472, "alphas9": 31.381707446260172}, "datetime": {"datetime": "2018-12-19 14:35:03", "elapsed": 15.847676, "delta": 3.327027}}
{"target": 0.06764783582136541, "params": {"alphas0": 56.663987449253185, "alphas1": 5.4437929453003475, "alphas10": 48.13717832452194, "alphas11": 27.60382914841529, "alphas12": 50.17036941646852, "alphas13": 50.18957047094826, "alphas2": 36.11872604136374, "alphas3": 46.92178559432464, "alphas4": 22.438447512121698, "alphas5": 10.858634551793367, "alphas6": 32.0562132483076, "alphas7": 42.14852242020941, "alphas8": 54.4321355392699, "alphas9": 32.748537429443815}, "datetime": {"datetime": "2018-12-19 14:35:07", "elapsed": 19.382462, "delta": 3.534786}}
{"target": 0.06815605993323258, "params": {"alphas0": 13.580766976060572, "alphas1": 53.28605865522194, "alphas10": 31.610543106426668, "alphas11": 12.425452000560323, "alphas12": 59.57415078312464, "alphas13": 9.014824320736835, "alphas2": 20.03405194948617, "alphas3": 51.06064327306996, "alphas4": 14.033079673703847, "alphas5": 23.889823266919297, "alphas6": 48.97260555374136, "alphas7": 54.1247878561184, "alphas8": 42.06408974127936, "alphas9": 34.51317389567938}, "datetime": {"datetime": "2018-12-19 14:35:10", "elapsed": 23.043618, "delta": 3.661156}}
{"target": 0.06785731201184163, "params": {"alphas0": 35.47645347329071, "alphas1": 36.60037204895856, "alphas10": 37.654437314269956, "alphas11": 23.6755975227946, "alphas12": 12.520859294257923, "alphas13": 57.75687497451348, "alphas2": 51.653158093514264, "alphas3": 39.69724361943952, "alphas4": 36.338226430266246, "alphas5": 6.885023245667892, "alphas6": 3.6188449622759222, "alphas7": 53.95507572796069, "alphas8": 1.8857119380228071, "alphas9": 28.748535040159688}, "datetime": {"datetime": "2018-12-19 14:35:14", "elapsed": 26.39027, "delta": 3.346652}}
{"target": 0.06868935339506159, "params": {"alphas0": 19.840682085777274, "alphas1": 22.20591906772116, "alphas10": 32.73993227583235, "alphas11": 6.75934702475897, "alphas12": 30.27850428374753, "alphas13": 38.70907136395464, "alphas2": 47.06958261484164, "alphas3": 51.142048904343376, "alphas4": 11.800325598943147, "alphas5": 19.325115670838738, "alphas6": 21.949417216165415, "alphas7": 58.66503121260316, "alphas8": 32.92974626917652, "alphas9": 59.77081876014132}, "datetime": {"datetime": "2018-12-19 14:35:17", "elapsed": 29.762134, "delta": 3.371864}}
{"target": 0.06828728426555788, "params": {"alphas0": 35.80530688654691, "alphas1": 42.8231818894661, "alphas10": 21.776394553753637, "alphas11": 28.46559388282453, "alphas12": 26.413355748640413, "alphas13": 38.85485184454873, "alphas2": 58.69312441804056, "alphas3": 26.703959192261173, "alphas4": 16.56873185938608, "alphas5": 38.0406129780421, "alphas6": 40.919855075240264, "alphas7": 33.5480064090789, "alphas8": 46.208604217045924, "alphas9": 20.237764697121968}, "datetime": {"datetime": "2018-12-19 14:35:21", "elapsed": 33.423781, "delta": 3.661647}}
{"target": 0.06844051171579732, "params": {"alphas0": 55.09594745634624, "alphas1": 57.39489938880958, "alphas10": 47.6528544507723, "alphas11": 24.484676240939354, "alphas12": 58.073227398442576, "alphas13": 3.3690910848894995, "alphas2": 40.130877729889015, "alphas3": 31.55359160103434, "alphas4": 21.142049368221805, "alphas5": 20.502356056087272, "alphas6": 56.692534668542706, "alphas7": 0.9643402612316776, "alphas8": 20.335832754886635, "alphas9": 52.73418121809495}, "datetime": {"datetime": "2018-12-19 14:35:24", "elapsed": 36.769231, "delta": 3.34545}}
{"target": 0.06630765929705205, "params": {"alphas0": 11.405290549992461, "alphas1": 13.025059538239962, "alphas10": 47.46266234227819, "alphas11": 32.121019401174664, "alphas12": 1.987868267243258, "alphas13": 12.59521505942396, "alphas2": 19.558560211092832, "alphas3": 49.67104257368782, "alphas4": 18.905030118620715, "alphas5": 4.320956483495271, "alphas6": 28.453169749221356, "alphas7": 6.763611706955343, "alphas8": 45.849485264861805, "alphas9": 1.3496996689007412}, "datetime": {"datetime": "2018-12-19 14:35:27", "elapsed": 40.058712, "delta": 3.289481}}
{"target": 0.06847213394431835, "params": {"alphas0": 51.252394069675475, "alphas1": 41.98201816883598, "alphas10": 35.834157844236124, "alphas11": 19.63089635045595, "alphas12": 11.216213554635798, "alphas13": 11.8260969968678, "alphas2": 41.33610250180882, "alphas3": 31.85216452285634, "alphas4": 52.07676782626775, "alphas5": 50.23180086086672, "alphas6": 6.754150145530245, "alphas7": 49.811285839693305, "alphas8": 43.96541916597912, "alphas9": 42.62323764063116}, "datetime": {"datetime": "2018-12-19 14:35:31", "elapsed": 43.524366, "delta": 3.465654}}
{"target": 0.06968912534643465, "params": {"alphas0": 33.0741904945504, "alphas1": 39.09574350914902, "alphas10": 22.70449196100455, "alphas11": 36.26883095425409, "alphas12": 13.9799212098348, "alphas13": 10.563893306957308, "alphas2": 25.613732731104594, "alphas3": 45.38750099749069, "alphas4": 58.11511329624292, "alphas5": 53.34442404790414, "alphas6": 58.99813594114367, "alphas7": 39.045057690205695, "alphas8": 19.823690302669586, "alphas9": 57.847640079623005}, "datetime": {"datetime": "2018-12-19 14:35:40", "elapsed": 52.701756, "delta": 9.17739}}
{"target": 0.06942233229402849, "params": {"alphas0": 44.15408470884264, "alphas1": 35.36513905033612, "alphas10": 21.169927235850654, "alphas11": 8.936704089918683, "alphas12": 45.55884344910498, "alphas13": 12.033592447935217, "alphas2": 9.38577220247816, "alphas3": 48.11857261740251, "alphas4": 1.7156058571970223, "alphas5": 52.58582283179485, "alphas6": 57.63316185270321, "alphas7": 58.45221961169769, "alphas8": 4.199732554601723, "alphas9": 45.50770588422561}, "datetime": {"datetime": "2018-12-19 14:35:44", "elapsed": 56.199287, "delta": 3.497531}}
{"target": 0.06758622527714786, "params": {"alphas0": 44.68190504902521, "alphas1": 14.035425001653664, "alphas10": 52.13900508829629, "alphas11": 3.630403822474626, "alphas12": 27.044334923212237, "alphas13": 7.051936027475412, "alphas2": 55.030383486810685, "alphas3": 53.86439245278088, "alphas4": 32.21395681349135, "alphas5": 17.26522486313495, "alphas6": 9.233518174742944, "alphas7": 30.34702285661252, "alphas8": 54.76581676025167, "alphas9": 58.13129083250563}, "datetime": {"datetime": "2018-12-19 14:35:47", "elapsed": 59.570833, "delta": 3.371546}}
{"target": 0.06714739320357765, "params": {"alphas0": 19.041512517239724, "alphas1": 42.56690032132301, "alphas10": 24.843072228475364, "alphas11": 44.586147634719225, "alphas12": 7.482672227647895, "alphas13": 8.682780642512895, "alphas2": 9.633467565144606, "alphas3": 13.183103556689964, "alphas4": 2.6265835441781094, "alphas5": 24.4815989894842, "alphas6": 32.864144620622575, "alphas7": 5.29091658039394, "alphas8": 6.970936864902928, "alphas9": 1.8643268600671603}, "datetime": {"datetime": "2018-12-19 14:35:50", "elapsed": 62.859109, "delta": 3.288276}}
{"target": 0.06921000771604921, "params": {"alphas0": 56.418767444393126, "alphas1": 38.65669601779032, "alphas10": 20.28312852736792, "alphas11": 45.92393852921334, "alphas12": 2.5242405734826234, "alphas13": 33.510197882144354, "alphas2": 20.574385233020564, "alphas3": 11.060312189698546, "alphas4": 5.111521138037187, "alphas5": 20.424600294329302, "alphas6": 58.567919556853944, "alphas7": 14.532681356313415, "alphas8": 36.35672617604582, "alphas9": 31.62433031815249}, "datetime": {"datetime": "2018-12-19 14:35:53", "elapsed": 66.142965, "delta": 3.283856}}
{"target": 0.06849170732552254, "params": {"alphas0": 57.27455991972579, "alphas1": 38.29960325163362, "alphas10": 51.350158513822, "alphas11": 14.134911963534783, "alphas12": 36.64077816070264, "alphas13": 32.25709751570725, "alphas2": 50.23209959148552, "alphas3": 13.222154326101448, "alphas4": 18.420833468446116, "alphas5": 46.693239023266635, "alphas6": 5.648095575453709, "alphas7": 33.231687976499366, "alphas8": 46.413484148336536, "alphas9": 37.75099260801752}, "datetime": {"datetime": "2018-12-19 14:35:57", "elapsed": 69.550543, "delta": 3.407578}}
{"target": 0.0682644937326782, "params": {"alphas0": 46.5402543691689, "alphas1": 45.06952915374977, "alphas10": 36.80222397065038, "alphas11": 32.192578440765864, "alphas12": 48.28638951048596, "alphas13": 20.367703224833274, "alphas2": 23.21401211133692, "alphas3": 26.463179066115305, "alphas4": 56.21666466023841, "alphas5": 33.45059916606665, "alphas6": 18.823625536990292, "alphas7": 14.822513812355309, "alphas8": 9.93401255271368, "alphas9": 9.65402821701981}, "datetime": {"datetime": "2018-12-19 14:36:00", "elapsed": 73.115222, "delta": 3.564679}}
{"target": 0.06804261136306354, "params": {"alphas0": 21.384691697890155, "alphas1": 11.246231246621951, "alphas10": 47.66069572971264, "alphas11": 17.546855849744645, "alphas12": 42.194951762670605, "alphas13": 58.41861297805431, "alphas2": 5.351211061237338, "alphas3": 49.62932262673985, "alphas4": 8.007319079113902, "alphas5": 44.27678465553442, "alphas6": 7.8486525015817605, "alphas7": 29.369013238754288, "alphas8": 18.014063458017176, "alphas9": 11.428595788768995}, "datetime": {"datetime": "2018-12-19 14:36:04", "elapsed": 76.437237, "delta": 3.322015}}
{"target": 0.06846755788611729, "params": {"alphas0": 58.42800664927189, "alphas1": 1.0650070642559428, "alphas10": 52.82364938719847, "alphas11": 9.889378253936602, "alphas12": 59.15472518045439, "alphas13": 55.44070250330316, "alphas2": 10.766458291412846, "alphas3": 5.905966013219166, "alphas4": 55.52843275935869, "alphas5": 57.01475379806765, "alphas6": 57.86822677243167, "alphas7": 33.13615958482354, "alphas8": 15.580441609663414, "alphas9": 33.824081596294306}, "datetime": {"datetime": "2018-12-19 14:36:30", "elapsed": 102.376044, "delta": 25.938807}}
{"target": 0.06728208695515228, "params": {"alphas0": 0.5805244388443009, "alphas1": 54.40268125454012, "alphas10": 59.35278822417811, "alphas11": 20.026567753369026, "alphas12": 37.29799562308918, "alphas13": 41.3244361775349, "alphas2": 42.07311838962409, "alphas3": 4.56013129627533, "alphas4": 9.0810391638683, "alphas5": 51.520851374924966, "alphas6": 59.182427199263344, "alphas7": 55.66845917359541, "alphas8": 2.275673049210314, "alphas9": 57.75801654348265}, "datetime": {"datetime": "2018-12-19 14:36:55", "elapsed": 127.243578, "delta": 24.867534}}
{"target": 0.07007592425673959, "params": {"alphas0": 57.395059143183296, "alphas1": 4.704683409580774, "alphas10": 15.716445346048193, "alphas11": 51.74822684858679, "alphas12": 55.72820734817597, "alphas13": 25.803961642455, "alphas2": 58.48249368849084, "alphas3": 55.487255329914035, "alphas4": 42.156640172560785, "alphas5": 58.510913467230594, "alphas6": 36.922631811984886, "alphas7": 59.344476134161454, "alphas8": 13.024242386969513, "alphas9": 59.89292637590914}, "datetime": {"datetime": "2018-12-19 14:37:26", "elapsed": 158.373769, "delta": 31.130191}}
{"target": 0.07051355190224223, "params": {"alphas0": 52.31934031004704, "alphas1": 54.59031610141074, "alphas10": 0.9622412745958764, "alphas11": 47.43936160704619, "alphas12": 52.40271613132905, "alphas13": 50.76541757905585, "alphas2": 14.098550111078922, "alphas3": 58.168984861383336, "alphas4": 39.66148993095703, "alphas5": 59.33263818261479, "alphas6": 55.17424787242037, "alphas7": 37.63565138704865, "alphas8": 4.90534481982494, "alphas9": 49.75903828826606}, "datetime": {"datetime": "2018-12-19 14:37:57", "elapsed": 189.589983, "delta": 31.216214}}
{"target": 0.06934985944192482, "params": {"alphas0": 59.1319420904394, "alphas1": 53.33160082801434, "alphas10": 7.242013723471954, "alphas11": 2.293178937833691, "alphas12": 37.438534949314686, "alphas13": 52.239589671668554, "alphas2": 41.757939193706406, "alphas3": 23.156675554384385, "alphas4": 58.65075578831828, "alphas5": 52.90913259069368, "alphas6": 59.345426155977925, "alphas7": 16.846843327925942, "alphas8": 1.3572817733338027, "alphas9": 50.432830274224514}, "datetime": {"datetime": "2018-12-19 14:38:22", "elapsed": 214.743367, "delta": 25.153384}}
{"target": 0.06953710758377413, "params": {"alphas0": 59.883920916571675, "alphas1": 40.985051082865624, "alphas10": 3.510758336762345, "alphas11": 56.541456496568046, "alphas12": 29.187137654272558, "alphas13": 59.39363941857021, "alphas2": 2.3089587617306395, "alphas3": 51.92967827595349, "alphas4": 11.945036441594606, "alphas5": 57.716025100907515, "alphas6": 51.79534179217499, "alphas7": 56.610497228736676, "alphas8": 39.62208486339465, "alphas9": 59.23177847988952}, "datetime": {"datetime": "2018-12-19 14:38:48", "elapsed": 240.583132, "delta": 25.839765}}
{"target": 0.06801367734315936, "params": {"alphas0": 58.68563777834929, "alphas1": 30.275376768786092, "alphas10": 2.2836405728924047, "alphas11": 3.9268938155692057, "alphas12": 17.324494283247148, "alphas13": 42.05913903959849, "alphas2": 51.57413090100125, "alphas3": 6.84415625213513, "alphas4": 40.336592610624706, "alphas5": 59.26306552896077, "alphas6": 58.803481699982505, "alphas7": 57.221947988801865, "alphas8": 52.865895787260875, "alphas9": 3.742621387299143}, "datetime": {"datetime": "2018-12-19 14:39:15", "elapsed": 267.467981, "delta": 26.884849}}
{"target": 0.07022600714915599, "params": {"alphas0": 47.25407512560187, "alphas1": 49.73072148431605, "alphas10": 3.4847059548266257, "alphas11": 55.44826573673919, "alphas12": 58.131062514275385, "alphas13": 24.011815542421942, "alphas2": 58.04923293347073, "alphas3": 47.13895909124382, "alphas4": 1.0691116198998718, "alphas5": 55.15319048672943, "alphas6": 9.344580144243501, "alphas7": 57.24646009364927, "alphas8": 21.921603080384074, "alphas9": 56.71746447557077}, "datetime": {"datetime": "2018-12-19 14:39:41", "elapsed": 293.250393, "delta": 25.782412}}
{"target": 0.06736494592466603, "params": {"alphas0": 49.67656579619388, "alphas1": 57.35150843288412, "alphas10": 4.001615117845445, "alphas11": 26.0091386087362, "alphas12": 1.2495828552296895, "alphas13": 1.7438639950943569, "alphas2": 31.87192982842349, "alphas3": 46.75634907752648, "alphas4": 32.31887892660856, "alphas5": 57.59699046315664, "alphas6": 3.781270467249267, "alphas7": 3.6218348006379375, "alphas8": 0.36884934031188754, "alphas9": 57.44332499314103}, "datetime": {"datetime": "2018-12-19 14:40:07", "elapsed": 319.250573, "delta": 26.00018}}
{"target": 0.06913947237969244, "params": {"alphas0": 52.92232697659641, "alphas1": 58.9354599350982, "alphas10": 6.713837170130472, "alphas11": 52.29793026677819, "alphas12": 21.715163821856333, "alphas13": 10.095491135662067, "alphas2": 52.30722767602432, "alphas3": 56.169928982637416, "alphas4": 1.108170864009792, "alphas5": 57.30728172371969, "alphas6": 56.776896007818145, "alphas7": 46.91262118060884, "alphas8": 2.3068581242182096, "alphas9": 18.935557212725808}, "datetime": {"datetime": "2018-12-19 14:40:33", "elapsed": 345.359342, "delta": 26.108769}}
{"target": 0.07078677283320721, "params": {"alphas0": 44.289734490477436, "alphas1": 13.511108721791, "alphas10": 2.4906110111931135, "alphas11": 52.65106220804427, "alphas12": 58.9657533620334, "alphas13": 17.512834168862593, "alphas2": 52.42228984963169, "alphas3": 13.614715826737719, "alphas4": 50.34207685379881, "alphas5": 37.36208998307937, "alphas6": 56.65363672952124, "alphas7": 54.92880519419502, "alphas8": 3.81210581257327, "alphas9": 57.662112216082086}, "datetime": {"datetime": "2018-12-19 14:41:04", "elapsed": 376.476557, "delta": 31.117215}}
{"target": 0.06934071340388014, "params": {"alphas0": 58.26488923288843, "alphas1": 57.86522514443459, "alphas10": 3.822680795945963, "alphas11": 55.775918272221205, "alphas12": 56.168504614392724, "alphas13": 35.18929344135471, "alphas2": 5.018586995969545, "alphas3": 24.804377606741173, "alphas4": 57.96915792301692, "alphas5": 0.6614798547250089, "alphas6": 54.72332708018021, "alphas7": 59.642275908624065, "alphas8": 23.882722149581575, "alphas9": 4.558060067869956}, "datetime": {"datetime": "2018-12-19 14:41:31", "elapsed": 403.267084, "delta": 26.790527}}
{"target": 0.0674003557256234, "params": {"alphas0": 58.18341532765443, "alphas1": 3.212754443456687, "alphas10": 57.930750377644245, "alphas11": 58.31819218300799, "alphas12": 56.379890540424874, "alphas13": 2.7717810705255186, "alphas2": 55.28429269976639, "alphas3": 57.98246059714173, "alphas4": 32.797150977959376, "alphas5": 59.29200725261758, "alphas6": 33.91581632042891, "alphas7": 41.08989514656192, "alphas8": 0.5879343282049065, "alphas9": 55.745972354322056}, "datetime": {"datetime": "2018-12-19 14:41:56", "elapsed": 428.598634, "delta": 25.33155}}
{"target": 0.06918212396069526, "params": {"alphas0": 50.526265574994625, "alphas1": 48.33105488987214, "alphas10": 2.2805478427521053, "alphas11": 41.09059048967644, "alphas12": 58.15517191220255, "alphas13": 18.554601364159605, "alphas2": 21.84756827439393, "alphas3": 3.2317516523095713, "alphas4": 3.3245974278607893, "alphas5": 57.57376390437149, "alphas6": 24.04189757074268, "alphas7": 50.36875499771142, "alphas8": 3.867117944040641, "alphas9": 56.66726260719515}, "datetime": {"datetime": "2018-12-19 14:42:22", "elapsed": 454.351595, "delta": 25.752961}}
{"target": 0.07019057319223976, "params": {"alphas0": 10.957408755975246, "alphas1": 58.89003704766841, "alphas10": 0.32182351695053013, "alphas11": 20.116416296345673, "alphas12": 55.68084364858203, "alphas13": 53.558319342944046, "alphas2": 55.96370762389182, "alphas3": 53.561726758727204, "alphas4": 56.84645879285553, "alphas5": 55.495559722848235, "alphas6": 59.20233306482641, "alphas7": 20.467000911667846, "alphas8": 28.648844048504746, "alphas9": 52.13948725834502}, "datetime": {"datetime": "2018-12-19 14:42:47", "elapsed": 479.826453, "delta": 25.474858}}
{"target": 0.07095107139707715, "params": {"alphas0": 51.95223383096331, "alphas1": 4.914347820731062, "alphas10": 1.1331899175864324, "alphas11": 18.96526072978667, "alphas12": 55.80574748178628, "alphas13": 52.318066085887885, "alphas2": 57.80592379372672, "alphas3": 53.60866451635762, "alphas4": 55.759760115028236, "alphas5": 48.87828899677425, "alphas6": 37.597616753084786, "alphas7": 58.683281167729874, "alphas8": 5.189788163473001, "alphas9": 4.972463044431176}, "datetime": {"datetime": "2018-12-19 14:43:19", "elapsed": 511.914738, "delta": 32.088285}}
{"target": 0.07080840866717039, "params": {"alphas0": 51.94801491393101, "alphas1": 52.42783266698811, "alphas10": 5.815696770919314, "alphas11": 27.45073263628149, "alphas12": 47.676465555522604, "alphas13": 54.6944079658442, "alphas2": 40.016484978346874, "alphas3": 53.99230390405377, "alphas4": 56.17725954356806, "alphas5": 8.036567982355463, "alphas6": 58.54886131357539, "alphas7": 51.86103753273535, "alphas8": 9.498473338471245, "alphas9": 59.07385996496653}, "datetime": {"datetime": "2018-12-19 14:43:45", "elapsed": 538.122334, "delta": 26.207596}}
{"target": 0.07017503291131255, "params": {"alphas0": 57.01719953806801, "alphas1": 55.732108300953826, "alphas10": 1.7719100753647332, "alphas11": 0.3392708847569681, "alphas12": 37.29481364395382, "alphas13": 59.91770396897229, "alphas2": 51.40009941051185, "alphas3": 48.122151244685625, "alphas4": 58.15516863433337, "alphas5": 59.41563187879679, "alphas6": 57.28400326306152, "alphas7": 56.66954857858545, "alphas8": 29.22923581975981, "alphas9": 21.631574734513244}, "datetime": {"datetime": "2018-12-19 14:44:11", "elapsed": 564.144466, "delta": 26.022132}}
{"target": 0.06997889332955405, "params": {"alphas0": 57.81278537602895, "alphas1": 37.2669338191185, "alphas10": 1.0037292032846112, "alphas11": 2.1220166238039395, "alphas12": 49.467224087927626, "alphas13": 57.27100190327798, "alphas2": 53.94667851522, "alphas3": 2.7340696651309027, "alphas4": 19.435688328775974, "alphas5": 0.7942548361221302, "alphas6": 26.86839392259698, "alphas7": 51.38882313519057, "alphas8": 7.867368903975114, "alphas9": 55.729868134893465}, "datetime": {"datetime": "2018-12-19 14:44:38", "elapsed": 590.738845, "delta": 26.594379}}
