{"target": 0.07111118779919373, "params": {"alphas0": 56.91634415813849, "alphas1": 6.803274338817706, "alphas10": 5.886529107206913, "alphas11": 50.760087290642915, "alphas12": 44.320451058144165, "alphas13": 57.190815252605894, "alphas2": 43.1851242832629, "alphas3": 5.985985563818083, "alphas4": 55.80989732168983, "alphas5": 49.93375774180147, "alphas6": 55.72410177496059, "alphas7": 17.119697876718767, "alphas8": 3.1536903627708357, "alphas9": 51.92350638725799}, "datetime": {"datetime": "2018-12-19 18:34:34", "elapsed": 14386.677833, "delta": 160.481968}}
{"target": 0.07122575059838737, "params": {"alphas0": 57.26773989061149, "alphas1": 5.069409615205542, "alphas10": 0.01527786565285183, "alphas11": 7.409098963596808, "alphas12": 50.980732142853384, "alphas13": 59.89790096765846, "alphas2": 59.95430995963179, "alphas3": 26.31488787323446, "alphas4": 20.15463164270284, "alphas5": 41.93341454602013, "alphas6": 45.820702164025235, "alphas7": 9.632471972540408, "alphas8": 4.092226432398094, "alphas9": 37.69358277918551}, "datetime": {"datetime": "2018-12-19 18:37:33", "elapsed": 14565.408389, "delta": 178.730556}}
{"target": 0.07096881478332068, "params": {"alphas0": 53.39639655779059, "alphas1": 38.83076194609907, "alphas10": 0.028236759730890792, "alphas11": 7.248998624385273, "alphas12": 47.89098119604755, "alphas13": 56.94123847662666, "alphas2": 58.72376915761635, "alphas3": 23.387915339517058, "alphas4": 50.601400642476, "alphas5": 59.02707445937182, "alphas6": 53.777782459559646, "alphas7": 36.32004571091554, "alphas8": 2.3855920484375126, "alphas9": 57.49230008779028}, "datetime": {"datetime": "2018-12-19 18:40:15", "elapsed": 14727.878631, "delta": 162.470242}}
{"target": 0.07157536174099265, "params": {"alphas0": 53.7989854746578, "alphas1": 2.2843252503429134, "alphas10": 0.6223409310231909, "alphas11": 30.635221416225363, "alphas12": 53.755903307521194, "alphas13": 32.42939682650495, "alphas2": 52.381488562596466, "alphas3": 17.795586413103834, "alphas4": 40.286746449115334, "alphas5": 8.44592967058076, "alphas6": 58.60548245412255, "alphas7": 8.502051276281144, "alphas8": 2.793437687999456, "alphas9": 51.67828684331348}, "datetime": {"datetime": "2018-12-19 18:43:10", "elapsed": 14902.217451, "delta": 174.33882}}
{"target": 0.07118051511715788, "params": {"alphas0": 57.15131742512014, "alphas1": 2.9795355417997116, "alphas10": 1.421440225994155, "alphas11": 38.189266205590805, "alphas12": 19.972202778645773, "alphas13": 57.253801802646734, "alphas2": 50.363361423841035, "alphas3": 4.427687085517, "alphas4": 12.690287760963272, "alphas5": 51.58740856980791, "alphas6": 48.60589512699577, "alphas7": 50.520436909477816, "alphas8": 3.095654552577105, "alphas9": 53.32836287150788}, "datetime": {"datetime": "2018-12-19 18:46:11", "elapsed": 15083.478466, "delta": 181.261015}}
{"target": 0.0702222328672208, "params": {"alphas0": 59.57333433229539, "alphas1": 2.0914236678007447, "alphas10": 15.360869527035675, "alphas11": 58.063993413672115, "alphas12": 35.950858933963, "alphas13": 27.833440612513915, "alphas2": 59.655053969881024, "alphas3": 58.339998683940124, "alphas4": 56.51480830277001, "alphas5": 45.12410558654886, "alphas6": 57.16408042096784, "alphas7": 45.554634764536885, "alphas8": 1.4826735613846842, "alphas9": 58.91544007237349}, "datetime": {"datetime": "2018-12-19 18:49:01", "elapsed": 15253.321192, "delta": 169.842726}}
{"target": 0.07072881324011072, "params": {"alphas0": 44.366407978915326, "alphas1": 0.4094062274472354, "alphas10": 4.3419711532606975, "alphas11": 14.699774769152608, "alphas12": 57.65704045396747, "alphas13": 40.605118965171826, "alphas2": 52.704624807289534, "alphas3": 37.479795093713626, "alphas4": 57.00860155254633, "alphas5": 30.162564774102606, "alphas6": 53.67911905147617, "alphas7": 50.08293356229241, "alphas8": 5.000955927591293, "alphas9": 55.54983552958401}, "datetime": {"datetime": "2018-12-19 18:51:53", "elapsed": 15425.263547, "delta": 171.942355}}
{"target": 0.07080113917233558, "params": {"alphas0": 46.26601372975845, "alphas1": 4.586933496886165, "alphas10": 2.285940123331731, "alphas11": 29.311096736368903, "alphas12": 2.3235143033608763, "alphas13": 59.491032740302266, "alphas2": 2.3936729817695412, "alphas3": 57.797517279021285, "alphas4": 53.80271392890814, "alphas5": 54.6737249573536, "alphas6": 59.0709619572396, "alphas7": 58.79599238964523, "alphas8": 0.7127084666550232, "alphas9": 50.53190105801313}, "datetime": {"datetime": "2018-12-19 18:54:43", "elapsed": 15595.688212, "delta": 170.424665}}
{"target": 0.07132962370874275, "params": {"alphas0": 57.13219326556228, "alphas1": 4.310497225694716, "alphas10": 0.41436510796021286, "alphas11": 30.279772274233306, "alphas12": 7.894720614988511, "alphas13": 57.720309386509705, "alphas2": 59.47413238174589, "alphas3": 23.594245085056116, "alphas4": 53.32944185172606, "alphas5": 29.088429745738708, "alphas6": 53.43993364299917, "alphas7": 2.463599356592352, "alphas8": 9.399519006107841, "alphas9": 50.474274514849974}, "datetime": {"datetime": "2018-12-19 18:57:48", "elapsed": 15780.533904, "delta": 184.845692}}
{"target": 0.07124558626228256, "params": {"alphas0": 31.517377613599383, "alphas1": 7.655060348755063, "alphas10": 3.6660908126735903, "alphas11": 23.35017665193829, "alphas12": 54.06490728349904, "alphas13": 56.957404357869905, "alphas2": 48.823268688365545, "alphas3": 53.182514492594, "alphas4": 59.7843578727927, "alphas5": 18.168308054856077, "alphas6": 58.234853401105894, "alphas7": 36.10961066484166, "alphas8": 3.3416609143053355, "alphas9": 46.26129274337663}, "datetime": {"datetime": "2018-12-19 19:00:55", "elapsed": 15967.790093, "delta": 187.256189}}
{"target": 0.07143670143612993, "params": {"alphas0": 46.40506613144881, "alphas1": 4.849854048579656, "alphas10": 1.625651828989898, "alphas11": 45.193540706459274, "alphas12": 30.880823920817836, "alphas13": 59.69713378671927, "alphas2": 49.68707614609957, "alphas3": 48.898987116720534, "alphas4": 10.532025424162747, "alphas5": 54.48758044115928, "alphas6": 49.373376630482056, "alphas7": 6.388745568493865, "alphas8": 4.1066756275908345, "alphas9": 54.686872651224746}, "datetime": {"datetime": "2018-12-19 19:03:42", "elapsed": 16134.255011, "delta": 166.464918}}
{"target": 0.07129339018014608, "params": {"alphas0": 56.750671694509556, "alphas1": 5.419790730849947, "alphas10": 1.737305930969979, "alphas11": 47.56729730460539, "alphas12": 16.587662492190912, "alphas13": 55.05141824221292, "alphas2": 40.97554049808958, "alphas3": 52.58455809598913, "alphas4": 51.325517150491756, "alphas5": 0.42844290579183486, "alphas6": 52.536352903901744, "alphas7": 1.6335230451943028, "alphas8": 2.0662893175593755, "alphas9": 39.37622330707305}, "datetime": {"datetime": "2018-12-19 19:06:03", "elapsed": 16276.039737, "delta": 141.784726}}
{"target": 0.07101277821869482, "params": {"alphas0": 53.94071136432282, "alphas1": 11.73032224758966, "alphas10": 1.7976312932681693, "alphas11": 6.237111519195677, "alphas12": 59.997348239282026, "alphas13": 59.17947620814974, "alphas2": 51.957472502239575, "alphas3": 38.30760629833395, "alphas4": 59.02828458829608, "alphas5": 6.6456212739316145, "alphas6": 55.281650429590584, "alphas7": 52.65632002416048, "alphas8": 1.7928587763984227, "alphas9": 45.07139130431068}, "datetime": {"datetime": "2018-12-19 19:07:36", "elapsed": 16368.859713, "delta": 92.819976}}
{"target": 0.07114155801209361, "params": {"alphas0": 54.25672508891826, "alphas1": 1.777493212682979, "alphas10": 4.177619117503884, "alphas11": 49.23271821135342, "alphas12": 34.62066429664365, "alphas13": 54.245105930535324, "alphas2": 59.67829019318605, "alphas3": 55.67152143431224, "alphas4": 51.63941285211404, "alphas5": 17.916657916696096, "alphas6": 59.53810215339917, "alphas7": 46.37959964869283, "alphas8": 11.299068278062318, "alphas9": 23.39385965555088}, "datetime": {"datetime": "2018-12-19 19:09:01", "elapsed": 16453.358993, "delta": 84.49928}}
{"target": 0.07117128659611988, "params": {"alphas0": 55.9523367500417, "alphas1": 0.1302231991372249, "alphas10": 0.6273900718308933, "alphas11": 32.8676355904559, "alphas12": 48.694721872464086, "alphas13": 59.37971148514398, "alphas2": 39.17610586077778, "alphas3": 6.682005543694654, "alphas4": 12.68479033155437, "alphas5": 47.798840841023576, "alphas6": 57.144704848267324, "alphas7": 3.031547727823356, "alphas8": 4.253459429351267, "alphas9": 59.943501995824654}, "datetime": {"datetime": "2018-12-19 19:10:29", "elapsed": 16541.795142, "delta": 88.436149}}
{"target": 0.07059346063240096, "params": {"alphas0": 32.79350276672247, "alphas1": 0.5113120612838173, "alphas10": 1.0629702109874728, "alphas11": 18.13347921630414, "alphas12": 55.48171394120083, "alphas13": 53.9698581818961, "alphas2": 19.530415504230238, "alphas3": 58.959861850861046, "alphas4": 7.219954273882532, "alphas5": 12.73550665723736, "alphas6": 59.62486815978816, "alphas7": 23.653600228153266, "alphas8": 0.6425012623242243, "alphas9": 51.83017593601213}, "datetime": {"datetime": "2018-12-19 19:11:51", "elapsed": 16623.592803, "delta": 81.797661}}
{"target": 0.07099550648778018, "params": {"alphas0": 56.9083761900347, "alphas1": 4.075760983965746, "alphas10": 3.300360557548081, "alphas11": 8.645508503465102, "alphas12": 49.82021308437187, "alphas13": 34.843714334906224, "alphas2": 56.02772302753341, "alphas3": 49.36846605259324, "alphas4": 35.2285685438838, "alphas5": 52.83794195636505, "alphas6": 58.11935832135496, "alphas7": 41.463326800590096, "alphas8": 7.364208384149298, "alphas9": 54.665768064926986}, "datetime": {"datetime": "2018-12-19 19:13:15", "elapsed": 16707.670593, "delta": 84.07779}}
{"target": 0.0709543585600906, "params": {"alphas0": 59.60439237898585, "alphas1": 21.04475072016192, "alphas10": 3.4297104788477295, "alphas11": 53.73992633399247, "alphas12": 35.3642578492144, "alphas13": 48.54114726266095, "alphas2": 54.676013771539004, "alphas3": 53.07240352259985, "alphas4": 42.60527669468415, "alphas5": 52.22544268526336, "alphas6": 59.55499711301175, "alphas7": 55.55856717656992, "alphas8": 5.59531016890908, "alphas9": 52.1293359761754}, "datetime": {"datetime": "2018-12-19 19:14:34", "elapsed": 16786.942018, "delta": 79.271425}}
{"target": 0.07074774669312167, "params": {"alphas0": 44.27841485752121, "alphas1": 3.243334955026118, "alphas10": 2.644353837905691, "alphas11": 49.03751243196365, "alphas12": 34.24069933053429, "alphas13": 57.308312128459164, "alphas2": 56.42451793701869, "alphas3": 49.28750418343924, "alphas4": 5.813033244540533, "alphas5": 46.64137965242954, "alphas6": 57.36734570619052, "alphas7": 1.2038100307761823, "alphas8": 0.6647264543438536, "alphas9": 3.8797157551896433}, "datetime": {"datetime": "2018-12-19 19:15:58", "elapsed": 16870.449749, "delta": 83.507731}}
{"target": 0.06927475692869735, "params": {"alphas0": 0.9833610883178645, "alphas1": 0.046653454362728386, "alphas10": 4.112038517347544, "alphas11": 39.40061070647265, "alphas12": 7.695770181350561, "alphas13": 59.257169987129295, "alphas2": 58.85082115784667, "alphas3": 56.38153175635548, "alphas4": 52.70983195100233, "alphas5": 41.66433953642236, "alphas6": 57.02863365000168, "alphas7": 40.44314699547836, "alphas8": 7.734315363593913, "alphas9": 46.05277404490168}, "datetime": {"datetime": "2018-12-19 19:17:21", "elapsed": 16953.947847, "delta": 83.498098}}
{"target": 0.07115133679768203, "params": {"alphas0": 49.57967394786485, "alphas1": 4.567305202425615, "alphas10": 0.14171226798332492, "alphas11": 11.823579239761132, "alphas12": 12.628519806412228, "alphas13": 55.06234993146839, "alphas2": 58.06763897330071, "alphas3": 58.789442791091346, "alphas4": 1.5795229650229392, "alphas5": 15.808716666060228, "alphas6": 59.18206682121943, "alphas7": 12.68731500559166, "alphas8": 4.908041883539436, "alphas9": 38.17120955065053}, "datetime": {"datetime": "2018-12-19 19:18:45", "elapsed": 17037.635844, "delta": 83.687997}}
{"target": 0.07098322083648273, "params": {"alphas0": 46.834715615463494, "alphas1": 22.212189458984998, "alphas10": 0.6670028161829533, "alphas11": 4.519854934410981, "alphas12": 52.01206423316842, "alphas13": 58.83726875401444, "alphas2": 53.40223307109646, "alphas3": 56.87092820112414, "alphas4": 6.412907443157982, "alphas5": 2.52184524892626, "alphas6": 59.421424860559185, "alphas7": 0.9484382512491796, "alphas8": 18.716427596904687, "alphas9": 41.230317397134705}, "datetime": {"datetime": "2018-12-19 19:20:08", "elapsed": 17120.337632, "delta": 82.701788}}
{"target": 0.07121340114008556, "params": {"alphas0": 37.9633237758361, "alphas1": 4.378368576165306, "alphas10": 0.4510657549498087, "alphas11": 10.785473362819113, "alphas12": 51.52966301894956, "alphas13": 36.14260800549628, "alphas2": 54.63670483798826, "alphas3": 53.57086727071694, "alphas4": 7.00200277174339, "alphas5": 7.201928522675374, "alphas6": 54.87966012752114, "alphas7": 50.15635885421435, "alphas8": 1.3797270991622868, "alphas9": 42.995867492671415}, "datetime": {"datetime": "2018-12-19 19:21:35", "elapsed": 17207.450827, "delta": 87.113195}}
{"target": 0.07102625692869727, "params": {"alphas0": 54.66889201160762, "alphas1": 3.618259233054071, "alphas10": 3.478007308248816, "alphas11": 1.713049469745045, "alphas12": 52.2580903984077, "alphas13": 46.34965963224627, "alphas2": 49.923744758023936, "alphas3": 39.4480503809852, "alphas4": 55.08221338642279, "alphas5": 50.76807383861846, "alphas6": 55.61050925272791, "alphas7": 37.13289901388989, "alphas8": 10.442991652499366, "alphas9": 55.99235757429071}, "datetime": {"datetime": "2018-12-19 19:22:55", "elapsed": 17287.723535, "delta": 80.272708}}
{"target": 0.07106552938397578, "params": {"alphas0": 54.66094088259655, "alphas1": 1.7186816380378445, "alphas10": 3.319413233081774, "alphas11": 58.09617029742178, "alphas12": 59.38140566551413, "alphas13": 54.67903969493516, "alphas2": 50.579141292021305, "alphas3": 58.894477756426625, "alphas4": 42.79121570062477, "alphas5": 20.154138293687772, "alphas6": 30.731565089487688, "alphas7": 15.162509137154206, "alphas8": 4.7377149985331375, "alphas9": 46.848573732769076}, "datetime": {"datetime": "2018-12-19 19:24:21", "elapsed": 17373.491223, "delta": 85.767688}}
{"target": 0.07091131018518514, "params": {"alphas0": 57.6499310334237, "alphas1": 1.0805511942140456, "alphas10": 0.7912110466158628, "alphas11": 40.427598623269496, "alphas12": 24.220862514803382, "alphas13": 50.3267231518116, "alphas2": 55.988752906401004, "alphas3": 15.327741226573623, "alphas4": 17.961012462288476, "alphas5": 8.183373204464937, "alphas6": 59.23356517089391, "alphas7": 16.50617176234508, "alphas8": 11.387747649324602, "alphas9": 58.967362383232626}, "datetime": {"datetime": "2018-12-19 19:25:45", "elapsed": 17457.665362, "delta": 84.174139}}
{"target": 0.07063627182539686, "params": {"alphas0": 53.40390657203431, "alphas1": 0.6191601135863811, "alphas10": 4.771287122524717, "alphas11": 50.940016655564044, "alphas12": 27.085706617032436, "alphas13": 35.43445069977463, "alphas2": 59.93037366584383, "alphas3": 55.98131027398233, "alphas4": 55.812212588551446, "alphas5": 53.08546432293598, "alphas6": 30.198088098797076, "alphas7": 0.4856632740412703, "alphas8": 0.05596819791273688, "alphas9": 42.21474165129684}, "datetime": {"datetime": "2018-12-19 19:27:02", "elapsed": 17534.441221, "delta": 76.775859}}
{"target": 0.0711011419753086, "params": {"alphas0": 53.5131066002343, "alphas1": 5.3463720210534005, "alphas10": 4.022707764830226, "alphas11": 3.3136190576203406, "alphas12": 37.17139675961509, "alphas13": 21.323831630259185, "alphas2": 58.217524632090054, "alphas3": 13.071702447791733, "alphas4": 54.77795808594705, "alphas5": 14.216072645662493, "alphas6": 59.40015944310087, "alphas7": 25.747691144702937, "alphas8": 5.454041764205919, "alphas9": 43.10980089166564}, "datetime": {"datetime": "2018-12-19 19:28:24", "elapsed": 17617.156445, "delta": 82.715224}}
{"target": 0.0705668399785839, "params": {"alphas0": 55.56843243718907, "alphas1": 7.723880943017523, "alphas10": 5.043180042430462, "alphas11": 38.794804613644445, "alphas12": 54.86932295429104, "alphas13": 51.08829547497995, "alphas2": 3.0838031857904302, "alphas3": 59.31414623830623, "alphas4": 30.98030874599141, "alphas5": 25.332975578661305, "alphas6": 59.977907201673354, "alphas7": 56.62676029212959, "alphas8": 2.0498207702265847, "alphas9": 58.12573487948189}, "datetime": {"datetime": "2018-12-19 19:29:44", "elapsed": 17696.641388, "delta": 79.484943}}
{"target": 0.0711029936381959, "params": {"alphas0": 56.39983625579558, "alphas1": 20.80738979501505, "alphas10": 1.8600475940581296, "alphas11": 1.0531035113600007, "alphas12": 23.246704539800543, "alphas13": 55.266574605407335, "alphas2": 53.629238418443514, "alphas3": 59.543034658676845, "alphas4": 39.05523358847137, "alphas5": 30.118077807559168, "alphas6": 54.56772962740604, "alphas7": 32.97998091367077, "alphas8": 1.6621435577325183, "alphas9": 50.41084973559029}, "datetime": {"datetime": "2018-12-19 19:31:03", "elapsed": 17775.451947, "delta": 78.810559}}
{"target": 0.07128618858654565, "params": {"alphas0": 44.18432561577852, "alphas1": 1.693674959027489, "alphas10": 1.173241209850031, "alphas11": 6.604878807238839, "alphas12": 43.573424870710625, "alphas13": 58.16939789252787, "alphas2": 57.46502777885806, "alphas3": 48.467392633940754, "alphas4": 42.73468810211228, "alphas5": 52.88226647731234, "alphas6": 35.499112513564, "alphas7": 35.00186886300023, "alphas8": 2.415743870229281, "alphas9": 30.521957825710807}, "datetime": {"datetime": "2018-12-19 19:32:19", "elapsed": 17851.590506, "delta": 76.138559}}
{"target": 0.07087076751070791, "params": {"alphas0": 55.52188227438258, "alphas1": 4.039429647867192, "alphas10": 1.8520945691536372, "alphas11": 3.7884776125015773, "alphas12": 30.259915982411705, "alphas13": 45.586280287940944, "alphas2": 58.54431734275621, "alphas3": 58.45135392964055, "alphas4": 46.10350716809789, "alphas5": 57.8756429040903, "alphas6": 45.74027384258463, "alphas7": 15.366682951077577, "alphas8": 12.664293309655514, "alphas9": 23.098762726422642}, "datetime": {"datetime": "2018-12-19 19:33:40", "elapsed": 17932.688386, "delta": 81.09788}}
{"target": 0.07050964166036777, "params": {"alphas0": 57.747455000240635, "alphas1": 2.012561778974844, "alphas10": 8.59018743026285, "alphas11": 49.58237451222268, "alphas12": 45.36593717922011, "alphas13": 50.616107788481, "alphas2": 58.00951283809925, "alphas3": 16.105533612098952, "alphas4": 38.17847783119028, "alphas5": 57.00938839794182, "alphas6": 59.25267595785494, "alphas7": 50.49950298235863, "alphas8": 0.9199903276506971, "alphas9": 48.808062193886705}, "datetime": {"datetime": "2018-12-19 19:34:59", "elapsed": 18011.560259, "delta": 78.871873}}
{"target": 0.07081118512219697, "params": {"alphas0": 57.16566526104846, "alphas1": 15.495988498559505, "alphas10": 5.611841990099178, "alphas11": 38.91051591025211, "alphas12": 43.62664984685098, "alphas13": 58.848578105645196, "alphas2": 48.22853255377821, "alphas3": 54.084104964490834, "alphas4": 6.091749505974073, "alphas5": 59.016355828959306, "alphas6": 43.21341766306133, "alphas7": 1.3899795941101956, "alphas8": 0.7934051082720739, "alphas9": 59.4453536386842}, "datetime": {"datetime": "2018-12-19 19:36:20", "elapsed": 18092.928226, "delta": 81.367967}}
{"target": 0.07074834747417467, "params": {"alphas0": 50.5658265364968, "alphas1": 3.605492752944237, "alphas10": 0.5787386333394218, "alphas11": 26.906072437873235, "alphas12": 29.927350938956003, "alphas13": 54.548022701481436, "alphas2": 53.70064514868047, "alphas3": 37.29835428288555, "alphas4": 49.77080356929653, "alphas5": 40.08925084541303, "alphas6": 54.09029573865428, "alphas7": 47.80925872333894, "alphas8": 2.6776703092253307, "alphas9": 2.627003358260054}, "datetime": {"datetime": "2018-12-19 19:37:40", "elapsed": 18172.858078, "delta": 79.929852}}
{"target": 0.07143649751196765, "params": {"alphas0": 49.95177543934003, "alphas1": 0.32181891412375707, "alphas10": 0.00027640405451778705, "alphas11": 18.849359779721652, "alphas12": 43.56766728031355, "alphas13": 58.97525443172765, "alphas2": 53.024248225793606, "alphas3": 2.381086866325224, "alphas4": 7.322329950283835, "alphas5": 33.72798841879834, "alphas6": 55.627762716645194, "alphas7": 57.65365414715738, "alphas8": 9.255458601990757, "alphas9": 53.59778410281565}, "datetime": {"datetime": "2018-12-19 19:38:59", "elapsed": 18251.269345, "delta": 78.411267}}
{"target": 0.07141492457168051, "params": {"alphas0": 57.3488185288801, "alphas1": 4.26971125114517, "alphas10": 0.972943409008713, "alphas11": 2.566520102537062, "alphas12": 15.88906181486652, "alphas13": 19.22234939915652, "alphas2": 51.756288664721126, "alphas3": 5.865171541853589, "alphas4": 58.72039009389261, "alphas5": 58.18962829825491, "alphas6": 46.98024328701913, "alphas7": 0.4731979736304037, "alphas8": 7.5768784942704, "alphas9": 57.94856310273783}, "datetime": {"datetime": "2018-12-19 19:40:18", "elapsed": 18331.086139, "delta": 79.816794}}
{"target": 0.0709675691295037, "params": {"alphas0": 58.40493264606058, "alphas1": 2.5329872480589244, "alphas10": 6.00662102546639, "alphas11": 22.331372244733995, "alphas12": 5.7043817329793045, "alphas13": 50.719471757216965, "alphas2": 59.29005182703145, "alphas3": 28.050910180981823, "alphas4": 25.641440837079035, "alphas5": 51.46119778468285, "alphas6": 42.75510379337182, "alphas7": 15.933562584376414, "alphas8": 2.256806928697559, "alphas9": 56.176245694226346}, "datetime": {"datetime": "2018-12-19 19:41:44", "elapsed": 18416.302913, "delta": 85.216774}}
