{"target": 0.07113974489795907, "params": {"alphas0": 39.994160723352906, "alphas1": 25.39877706433559, "alphas10": 1.9034623417231233, "alphas11": 21.448580255957925, "alphas12": 56.9546410210305, "alphas13": 57.90346903074742, "alphas2": 57.2925132672172, "alphas3": 51.44519887088509, "alphas4": 10.612475305498643, "alphas5": 54.09032246868957, "alphas6": 58.273778402033464, "alphas7": 0.7182262574479181, "alphas8": 2.670261108942027, "alphas9": 46.959653590729076}, "datetime": {"datetime": "2018-12-19 15:28:51", "elapsed": 3244.135612, "delta": 71.782856}}
{"target": 0.07004183090828896, "params": {"alphas0": 58.25097084505964, "alphas1": 0.9796864986559939, "alphas10": 12.721108664448977, "alphas11": 1.3977053294843045, "alphas12": 58.58996245765345, "alphas13": 56.45252402064087, "alphas2": 52.56570866774523, "alphas3": 37.69005225621402, "alphas4": 42.16199213710721, "alphas5": 48.28716130754067, "alphas6": 48.83260529144972, "alphas7": 10.182503910720161, "alphas8": 0.06029964486829131, "alphas9": 5.7329050336425365}, "datetime": {"datetime": "2018-12-19 15:29:50", "elapsed": 3302.978194, "delta": 58.842582}}
{"target": 0.07050585169438141, "params": {"alphas0": 59.07924159649049, "alphas1": 7.554174408211067, "alphas10": 0.6126560301579898, "alphas11": 48.43535128273339, "alphas12": 56.448298562191155, "alphas13": 55.41071286476507, "alphas2": 46.56447080053183, "alphas3": 50.67874181048461, "alphas4": 33.676171901883436, "alphas5": 49.11555075658083, "alphas6": 30.302390681023354, "alphas7": 8.225265692396144, "alphas8": 1.69012098284812, "alphas9": 1.268807506202072}, "datetime": {"datetime": "2018-12-19 15:30:53", "elapsed": 3365.434532, "delta": 62.456338}}
{"target": 0.07126728681657839, "params": {"alphas0": 47.6882679899788, "alphas1": 10.555237358113787, "alphas10": 4.8130065909111135, "alphas11": 13.206794124625903, "alphas12": 48.25992680477426, "alphas13": 59.60678610814783, "alphas2": 57.48207998379849, "alphas3": 58.73317284905446, "alphas4": 56.63358638647536, "alphas5": 28.524632253288328, "alphas6": 59.994261120729426, "alphas7": 18.451891535402623, "alphas8": 5.0861652115896945, "alphas9": 23.987721647374688}, "datetime": {"datetime": "2018-12-19 15:31:50", "elapsed": 3422.84738, "delta": 57.412848}}
{"target": 0.07137803498992176, "params": {"alphas0": 41.29411944532403, "alphas1": 12.298177541993798, "alphas10": 1.0946029935863688, "alphas11": 6.530436135480791, "alphas12": 23.944222003459355, "alphas13": 57.102073062425454, "alphas2": 53.437642239073206, "alphas3": 57.965519856139885, "alphas4": 31.42603406862065, "alphas5": 6.865116678100918, "alphas6": 56.31906379586011, "alphas7": 53.1851108975792, "alphas8": 2.183387438563704, "alphas9": 52.145880639942305}, "datetime": {"datetime": "2018-12-19 15:32:52", "elapsed": 3484.570127, "delta": 61.722747}}
{"target": 0.07118655602796663, "params": {"alphas0": 59.31846949066617, "alphas1": 5.973663511586016, "alphas10": 1.9429824013598007, "alphas11": 9.38931429163481, "alphas12": 48.54049280976674, "alphas13": 49.37141496600489, "alphas2": 40.770789037039485, "alphas3": 19.68307435036698, "alphas4": 42.54614033154686, "alphas5": 9.538950852655761, "alphas6": 56.707177310329094, "alphas7": 54.00539999707688, "alphas8": 3.65410451923202, "alphas9": 56.48039540074728}, "datetime": {"datetime": "2018-12-19 15:33:54", "elapsed": 3546.462206, "delta": 61.892079}}
{"target": 0.07103493083900217, "params": {"alphas0": 55.436087072679776, "alphas1": 27.489743462397715, "alphas10": 3.440118422957421, "alphas11": 32.13829322050224, "alphas12": 8.542708215971233, "alphas13": 56.53996764469634, "alphas2": 58.61419243797525, "alphas3": 56.06918555147561, "alphas4": 6.741151073024721, "alphas5": 59.161111329850016, "alphas6": 53.284680620593186, "alphas7": 1.14328545082232, "alphas8": 6.765870305721844, "alphas9": 42.65882769581476}, "datetime": {"datetime": "2018-12-19 15:34:54", "elapsed": 3606.296539, "delta": 59.834333}}
{"target": 0.07142605102040804, "params": {"alphas0": 59.2149426306611, "alphas1": 0.831934134882335, "alphas10": 0.6524371574228494, "alphas11": 37.65485960604483, "alphas12": 35.27412360028246, "alphas13": 47.83896087096282, "alphas2": 51.8918060581173, "alphas3": 56.89330086980617, "alphas4": 23.673384593002915, "alphas5": 50.366022445119185, "alphas6": 49.172097042614034, "alphas7": 25.320769835656105, "alphas8": 2.3168552268888254, "alphas9": 40.532875782006705}, "datetime": {"datetime": "2018-12-19 15:35:54", "elapsed": 3667.135429, "delta": 60.83889}}
{"target": 0.07036567932728623, "params": {"alphas0": 50.40593117922917, "alphas1": 9.506569856950906, "alphas10": 15.176317935027125, "alphas11": 8.757850469457226, "alphas12": 53.247937157907835, "alphas13": 53.042385371174426, "alphas2": 58.34437744818412, "alphas3": 49.19764574199246, "alphas4": 5.904620642172791, "alphas5": 3.6233436586607892, "alphas6": 57.17353983311403, "alphas7": 28.526545634475784, "alphas8": 3.9607491160275465, "alphas9": 52.871659585715975}, "datetime": {"datetime": "2018-12-19 15:37:00", "elapsed": 3733.042894, "delta": 65.907465}}
{"target": 0.0708975464852607, "params": {"alphas0": 56.31641114553557, "alphas1": 1.296987046232485, "alphas10": 2.3121203961049708, "alphas11": 16.624962454849225, "alphas12": 55.920056595891715, "alphas13": 52.84790602320065, "alphas2": 15.789021804744403, "alphas3": 47.32063725975554, "alphas4": 28.465054919254385, "alphas5": 23.681757037526236, "alphas6": 55.223097462274076, "alphas7": 40.14597066340188, "alphas8": 1.318411834789739, "alphas9": 55.07870690306148}, "datetime": {"datetime": "2018-12-19 15:38:10", "elapsed": 3802.377191, "delta": 69.334297}}
{"target": 0.07118699631519268, "params": {"alphas0": 56.70863067881277, "alphas1": 27.445185589905567, "alphas10": 0.3847968682927161, "alphas11": 8.6228890181739, "alphas12": 17.51136601847246, "alphas13": 59.70402417387648, "alphas2": 53.13008340169714, "alphas3": 56.90802227060024, "alphas4": 20.49843450366371, "alphas5": 41.342724989679475, "alphas6": 44.71164089623129, "alphas7": 50.818042416779406, "alphas8": 3.955191999693841, "alphas9": 47.57082633541839}, "datetime": {"datetime": "2018-12-19 15:39:14", "elapsed": 3866.365587, "delta": 63.988396}}
{"target": 0.07020429733560078, "params": {"alphas0": 52.90907494787582, "alphas1": 1.761707489629647, "alphas10": 10.852350460264326, "alphas11": 3.687495623579471, "alphas12": 8.74979346088072, "alphas13": 58.787015625290415, "alphas2": 58.8230325890454, "alphas3": 53.30078895529573, "alphas4": 56.54214807878, "alphas5": 58.79758924179839, "alphas6": 52.75469359215249, "alphas7": 43.9135708073317, "alphas8": 20.46968947866693, "alphas9": 58.76687924864669}, "datetime": {"datetime": "2018-12-19 15:40:13", "elapsed": 3926.141045, "delta": 59.775458}}
{"target": 0.07044987163013347, "params": {"alphas0": 54.77184232357162, "alphas1": 1.3918885218852273, "alphas10": 4.092972133023915, "alphas11": 2.277428470217988, "alphas12": 5.390274283729881, "alphas13": 51.93381750826493, "alphas2": 59.27925715028793, "alphas3": 23.548194566045474, "alphas4": 55.64470461754532, "alphas5": 43.119814038420415, "alphas6": 59.17242245171862, "alphas7": 49.78855973349609, "alphas8": 19.337757023213456, "alphas9": 59.354107034254625}, "datetime": {"datetime": "2018-12-19 15:41:13", "elapsed": 3986.025371, "delta": 59.884326}}
{"target": 0.07129799159108083, "params": {"alphas0": 56.99847207632458, "alphas1": 4.644399937059878, "alphas10": 5.291879669154255, "alphas11": 6.738180535951466, "alphas12": 59.0759776040233, "alphas13": 58.67517251606456, "alphas2": 58.774118917108126, "alphas3": 19.303596444137973, "alphas4": 50.795278450609246, "alphas5": 58.37345051723224, "alphas6": 48.62653328957562, "alphas7": 24.903709353076692, "alphas8": 12.16412094798005, "alphas9": 43.83599065382012}, "datetime": {"datetime": "2018-12-19 15:42:17", "elapsed": 4049.462838, "delta": 63.437467}}
{"target": 0.07157453369866454, "params": {"alphas0": 39.239899890713396, "alphas1": 15.118195981099769, "alphas10": 0.28753579141961305, "alphas11": 59.22041822108582, "alphas12": 56.526888914732034, "alphas13": 55.446958791375, "alphas2": 53.23911818007511, "alphas3": 54.064225734885156, "alphas4": 54.796429865312646, "alphas5": 43.80826260975517, "alphas6": 59.338225223145145, "alphas7": 15.2840371576815, "alphas8": 5.002323547945244, "alphas9": 26.395447149492764}, "datetime": {"datetime": "2018-12-19 15:43:26", "elapsed": 4119.137507, "delta": 69.674669}}
{"target": 0.07068339780171314, "params": {"alphas0": 59.778862175020926, "alphas1": 0.10689437064853591, "alphas10": 1.8645365459667373, "alphas11": 31.986712877077956, "alphas12": 29.55817985301268, "alphas13": 55.17608945525699, "alphas2": 5.743622196270007, "alphas3": 29.02832116709532, "alphas4": 57.51947073304686, "alphas5": 28.75868931730424, "alphas6": 55.97114757226149, "alphas7": 3.119096534094108, "alphas8": 1.0031350836131314, "alphas9": 55.29785298301817}, "datetime": {"datetime": "2018-12-19 15:44:30", "elapsed": 4182.757593, "delta": 63.620086}}
{"target": 0.0705047802028217, "params": {"alphas0": 55.73077659070301, "alphas1": 10.25549476153667, "alphas10": 4.552675298847985, "alphas11": 44.280979994688124, "alphas12": 23.08600776801154, "alphas13": 59.79879189177108, "alphas2": 59.43650700582529, "alphas3": 40.971346025477956, "alphas4": 12.337929946288842, "alphas5": 23.75920090144422, "alphas6": 54.56599723717687, "alphas7": 1.5283011795509238, "alphas8": 6.352386503757859, "alphas9": 57.816196184616736}, "datetime": {"datetime": "2018-12-19 15:45:41", "elapsed": 4253.50507, "delta": 70.747477}}
{"target": 0.07060683106575968, "params": {"alphas0": 49.22339751047302, "alphas1": 21.061753377735954, "alphas10": 2.375395748517195, "alphas11": 10.509497034645317, "alphas12": 58.970030323132896, "alphas13": 57.98247934805902, "alphas2": 47.7254448434292, "alphas3": 54.317907274376836, "alphas4": 2.4073508667574695, "alphas5": 13.190826412360243, "alphas6": 59.122745423770894, "alphas7": 28.838785946071166, "alphas8": 2.1750686985428747, "alphas9": 15.439395055536536}, "datetime": {"datetime": "2018-12-19 15:46:48", "elapsed": 4320.840106, "delta": 67.335036}}
{"target": 0.07031615161249664, "params": {"alphas0": 47.46723474219991, "alphas1": 0.0750035553238404, "alphas10": 1.3617511606635402, "alphas11": 8.247786722430146, "alphas12": 57.478690235317586, "alphas13": 47.159271561061644, "alphas2": 26.0977604330432, "alphas3": 42.052392293071065, "alphas4": 58.71820241869773, "alphas5": 57.45438105504265, "alphas6": 54.13530124193675, "alphas7": 59.49022220267595, "alphas8": 3.329451388573492, "alphas9": 0.8695710623984865}, "datetime": {"datetime": "2018-12-19 15:47:56", "elapsed": 4388.97916, "delta": 68.139054}}
{"target": 0.07107584394683797, "params": {"alphas0": 49.20529421410077, "alphas1": 0.4669034220600099, "alphas10": 2.7602665940206483, "alphas11": 44.80582188336115, "alphas12": 53.73788771670785, "alphas13": 55.5416994554523, "alphas2": 46.33223806619281, "alphas3": 59.03799000270841, "alphas4": 38.61621739003981, "alphas5": 35.16819680308935, "alphas6": 56.53645610213841, "alphas7": 1.7761012601797388, "alphas8": 0.11267375581555994, "alphas9": 21.96294492442449}, "datetime": {"datetime": "2018-12-19 15:48:58", "elapsed": 4450.313393, "delta": 61.334233}}
{"target": 0.07045080911438649, "params": {"alphas0": 59.072083082257414, "alphas1": 43.656865015516146, "alphas10": 0.6144578624928387, "alphas11": 49.29010757033712, "alphas12": 44.21456604061809, "alphas13": 59.93021380568071, "alphas2": 58.48568937723201, "alphas3": 45.430025146413854, "alphas4": 37.43265706125072, "alphas5": 41.386247009180124, "alphas6": 56.37766144313274, "alphas7": 12.563354070725614, "alphas8": 4.513577514404707, "alphas9": 42.18610989869242}, "datetime": {"datetime": "2018-12-19 15:50:03", "elapsed": 4515.994138, "delta": 65.680745}}
{"target": 0.07106510153691115, "params": {"alphas0": 57.17762231576492, "alphas1": 8.427108334823117, "alphas10": 0.12147718969082844, "alphas11": 35.39362799170675, "alphas12": 47.97629967647854, "alphas13": 57.92157133345567, "alphas2": 35.991762758301014, "alphas3": 55.329444596325395, "alphas4": 37.13610818294271, "alphas5": 55.98419962260668, "alphas6": 57.61767168772582, "alphas7": 13.648903641025203, "alphas8": 19.37866981829865, "alphas9": 55.438847670996175}, "datetime": {"datetime": "2018-12-19 15:51:09", "elapsed": 4581.866056, "delta": 65.871918}}
{"target": 0.07039421516754836, "params": {"alphas0": 53.313887843693365, "alphas1": 36.903699746316825, "alphas10": 2.7765407710379497, "alphas11": 53.226160172313286, "alphas12": 0.5314118383898458, "alphas13": 58.619013243953404, "alphas2": 56.08382557518699, "alphas3": 26.27094864197352, "alphas4": 34.9605338278504, "alphas5": 28.151679134564542, "alphas6": 59.371947631703215, "alphas7": 56.01523081377728, "alphas8": 1.5764504284499048, "alphas9": 57.68466027720805}, "datetime": {"datetime": "2018-12-19 15:52:13", "elapsed": 4645.462199, "delta": 63.596143}}
{"target": 0.07036699433106575, "params": {"alphas0": 56.980155825066596, "alphas1": 28.841312698440234, "alphas10": 2.8577770613102227, "alphas11": 52.115863208796874, "alphas12": 50.511704877097195, "alphas13": 56.78132003735121, "alphas2": 30.403400368765205, "alphas3": 58.103518106289314, "alphas4": 57.506209298921036, "alphas5": 37.04506085383205, "alphas6": 58.71803674067655, "alphas7": 2.3690226592934938, "alphas8": 0.12687718185455887, "alphas9": 40.20814173780398}, "datetime": {"datetime": "2018-12-19 15:53:17", "elapsed": 4710.070746, "delta": 64.608547}}
{"target": 0.06909990211640199, "params": {"alphas0": 25.15706743605427, "alphas1": 3.0424646594535054, "alphas10": 0.6527319586547353, "alphas11": 9.180145148161145, "alphas12": 57.26626803423079, "alphas13": 59.72957659980625, "alphas2": 57.43793575150473, "alphas3": 57.85304103624489, "alphas4": 11.411117621082237, "alphas5": 2.015040093508045, "alphas6": 52.69207135611791, "alphas7": 56.893202055491145, "alphas8": 20.74274033143517, "alphas9": 5.8355268996654885}, "datetime": {"datetime": "2018-12-19 15:54:24", "elapsed": 4776.535449, "delta": 66.464703}}
{"target": 0.07152452226631388, "params": {"alphas0": 47.49223584096934, "alphas1": 7.083919681162325, "alphas10": 0.25472297477079575, "alphas11": 12.106423823232848, "alphas12": 26.367894699362285, "alphas13": 59.58979918759771, "alphas2": 55.53375594170375, "alphas3": 59.711963373691546, "alphas4": 40.304196040512934, "alphas5": 41.0039334322447, "alphas6": 55.42446558519988, "alphas7": 8.97652809088771, "alphas8": 3.765367763180061, "alphas9": 26.22134706727995}, "datetime": {"datetime": "2018-12-19 15:55:29", "elapsed": 4842.14569, "delta": 65.610241}}
{"target": 0.0711130038422775, "params": {"alphas0": 42.97401594551435, "alphas1": 0.9408682570025584, "alphas10": 0.3235451770277531, "alphas11": 49.95747035421515, "alphas12": 58.329422056391664, "alphas13": 47.46006100708126, "alphas2": 44.52157788339257, "alphas3": 48.1479034770411, "alphas4": 0.990344580290119, "alphas5": 43.15225809125726, "alphas6": 59.38174934551868, "alphas7": 38.08680973647574, "alphas8": 2.9792955531051346, "alphas9": 8.161577575690321}, "datetime": {"datetime": "2018-12-19 15:56:42", "elapsed": 4914.870758, "delta": 72.725068}}
{"target": 0.07012789594356258, "params": {"alphas0": 57.98460547812952, "alphas1": 3.271352183188252, "alphas10": 2.3662329140691174, "alphas11": 40.49006014522481, "alphas12": 55.59883532962316, "alphas13": 57.28549741651601, "alphas2": 53.11491875838262, "alphas3": 52.03213874420231, "alphas4": 15.981398266287787, "alphas5": 48.54667615509901, "alphas6": 52.26431664154136, "alphas7": 23.42998168717474, "alphas8": 28.488441793503313, "alphas9": 50.97385368600036}, "datetime": {"datetime": "2018-12-19 15:57:49", "elapsed": 4981.51814, "delta": 66.647382}}
{"target": 0.07101059366339123, "params": {"alphas0": 48.38888187286186, "alphas1": 16.898332608449188, "alphas10": 3.1303457320627537, "alphas11": 2.0998248785210305, "alphas12": 48.33695194556425, "alphas13": 43.150379472878285, "alphas2": 54.59115998582318, "alphas3": 59.60069266231028, "alphas4": 37.166297597698424, "alphas5": 15.719906814358204, "alphas6": 58.91827372009034, "alphas7": 3.5255079763515607, "alphas8": 5.641509322950546, "alphas9": 57.62408123540241}, "datetime": {"datetime": "2018-12-19 15:58:54", "elapsed": 5046.704059, "delta": 65.185919}}
{"target": 0.07103808928571423, "params": {"alphas0": 55.77411341872383, "alphas1": 6.653980665615647, "alphas10": 0.2898317829621089, "alphas11": 12.039137132881256, "alphas12": 3.5872170049770125, "alphas13": 48.98659681986426, "alphas2": 44.41165869920243, "alphas3": 57.29823068715642, "alphas4": 59.74800537709377, "alphas5": 9.045957861718366, "alphas6": 59.98199927218621, "alphas7": 58.00411215553595, "alphas8": 16.224268911675217, "alphas9": 58.28273025371201}, "datetime": {"datetime": "2018-12-19 16:00:00", "elapsed": 5112.493913, "delta": 65.789854}}
{"target": 0.07051504028092705, "params": {"alphas0": 51.059348690512415, "alphas1": 2.3467159151226857, "alphas10": 5.964546421348025, "alphas11": 38.71865619492867, "alphas12": 16.508510648366833, "alphas13": 53.54278154704542, "alphas2": 58.997907876600394, "alphas3": 45.75250989566574, "alphas4": 49.09305227840962, "alphas5": 53.82290087973866, "alphas6": 59.43316615152129, "alphas7": 25.366462658641336, "alphas8": 0.7637721068707015, "alphas9": 57.12517817070144}, "datetime": {"datetime": "2018-12-19 16:01:09", "elapsed": 5181.954552, "delta": 69.460639}}
{"target": 0.07117999083522278, "params": {"alphas0": 54.73467060844417, "alphas1": 17.098991546752988, "alphas10": 0.4879953286219485, "alphas11": 47.67620664256853, "alphas12": 54.26053852439418, "alphas13": 56.667347700665765, "alphas2": 53.81906804537549, "alphas3": 58.431247669504636, "alphas4": 23.463582344950016, "alphas5": 36.7143070549698, "alphas6": 55.803987556370366, "alphas7": 30.583678505295623, "alphas8": 7.526504165619929, "alphas9": 9.946243971360818}, "datetime": {"datetime": "2018-12-19 16:02:19", "elapsed": 5251.535895, "delta": 69.581343}}
{"target": 0.07131939685689087, "params": {"alphas0": 46.435395764566664, "alphas1": 14.676119987665865, "alphas10": 3.8852020236198714, "alphas11": 46.51700064815964, "alphas12": 55.60045649466517, "alphas13": 57.119316143012476, "alphas2": 59.51373760391819, "alphas3": 57.26983443462892, "alphas4": 57.194552506130805, "alphas5": 15.3722477251323, "alphas6": 38.18210779454748, "alphas7": 54.047072853385224, "alphas8": 4.380001604636094, "alphas9": 49.882308622176275}, "datetime": {"datetime": "2018-12-19 16:03:26", "elapsed": 5318.449141, "delta": 66.913246}}
{"target": 0.07145670760896942, "params": {"alphas0": 56.93879743077117, "alphas1": 2.7714779672263323, "alphas10": 0.4900036423032783, "alphas11": 30.6655856608961, "alphas12": 52.76028831317699, "alphas13": 36.42885033995542, "alphas2": 58.886072895848805, "alphas3": 25.393840801781245, "alphas4": 38.170860114513744, "alphas5": 53.81685127300964, "alphas6": 29.64438381265972, "alphas7": 59.820007318150815, "alphas8": 5.718425194564887, "alphas9": 59.488998534995694}, "datetime": {"datetime": "2018-12-19 16:04:33", "elapsed": 5385.736345, "delta": 67.287204}}
{"target": 0.07103962802343151, "params": {"alphas0": 58.96777109360914, "alphas1": 0.9946429513003041, "alphas10": 7.953169187672675, "alphas11": 30.888094690739607, "alphas12": 59.271616822207434, "alphas13": 58.22316180020748, "alphas2": 57.58254840373105, "alphas3": 13.124932849689747, "alphas4": 16.667874726330265, "alphas5": 59.70282825193229, "alphas6": 56.439751907514115, "alphas7": 11.020786462253993, "alphas8": 8.219622874515519, "alphas9": 12.276195421050796}, "datetime": {"datetime": "2018-12-19 16:05:36", "elapsed": 5449.10765, "delta": 63.371305}}
{"target": 0.07117421967120176, "params": {"alphas0": 47.984528400834115, "alphas1": 2.0061773556028695, "alphas10": 3.1690592923529715, "alphas11": 0.9509263506340759, "alphas12": 3.1173405511695074, "alphas13": 57.38302926548977, "alphas2": 44.231212414233966, "alphas3": 37.22845562681878, "alphas4": 7.659304197701977, "alphas5": 58.035380441571846, "alphas6": 57.50467831210174, "alphas7": 6.398927152115523, "alphas8": 3.844362546057185, "alphas9": 44.86820566416744}, "datetime": {"datetime": "2018-12-19 16:06:43", "elapsed": 5515.184486, "delta": 66.076836}}
{"target": 0.07083249593726372, "params": {"alphas0": 51.54638563603571, "alphas1": 7.936039891656364, "alphas10": 2.3803458197292704, "alphas11": 39.014159950080234, "alphas12": 48.62012609846629, "alphas13": 48.64101589688295, "alphas2": 54.05270025280116, "alphas3": 11.570233082689587, "alphas4": 48.79331942359914, "alphas5": 36.8985259311956, "alphas6": 48.77656969476075, "alphas7": 46.76462050518449, "alphas8": 0.4020596080011707, "alphas9": 58.509636116207396}, "datetime": {"datetime": "2018-12-19 16:07:43", "elapsed": 5575.570184, "delta": 60.385698}}
{"target": 0.07038495858528585, "params": {"alphas0": 54.60854962475497, "alphas1": 46.438750559380615, "alphas10": 1.4685622685313393, "alphas11": 47.62455899819671, "alphas12": 19.24144387463472, "alphas13": 57.69067363293515, "alphas2": 54.43342666118213, "alphas3": 18.796328265128327, "alphas4": 49.04458837458338, "alphas5": 55.653291928475284, "alphas6": 54.25643131430449, "alphas7": 58.50513308124658, "alphas8": 0.5184130882593752, "alphas9": 55.45617049218299}, "datetime": {"datetime": "2018-12-19 16:08:52", "elapsed": 5644.219224, "delta": 68.64904}}
