{"target": 0.0685441265362024, "params": {"lambda_i": 1.4237610790711273, "lambda_j": 0.5954575836709033, "learning_rate": 2.0312830686636545, "sgd_mode": 2.1517375310012827, "topK": 3.9410259533568506}, "datetime": {"datetime": "2018-12-08 15:32:30", "elapsed": 0.0, "delta": 0.0}}
{"target": 0.05074502503849069, "params": {"lambda_i": 2.4670561524818515, "lambda_j": 2.326812983488808, "learning_rate": 1.5238519513487883, "sgd_mode": 0.8771895305517227, "topK": 0.6784797590388824}, "datetime": {"datetime": "2018-12-08 15:56:48", "elapsed": 1457.659447, "delta": 1457.659447}}
{"target": 0.07036163971401763, "params": {"lambda_i": 2.8034492806236306, "lambda_j": 1.4182819595381053, "learning_rate": 0.7208476311745065, "sgd_mode": 0.31864231868180304, "topK": 6.65784712174869}, "datetime": {"datetime": "2018-12-08 17:00:55", "elapsed": 5304.496643, "delta": 3846.837196}}
{"target": 0.04905974765894115, "params": {"lambda_i": 2.445232892433233, "lambda_j": 2.7378941004079116, "learning_rate": 1.1662399783809039, "sgd_mode": 2.1432410086422258, "topK": 0.5661730774344873}, "datetime": {"datetime": "2018-12-08 17:15:33", "elapsed": 6182.303514, "delta": 877.806871}}
{"target": 0.0636020777562613, "params": {"lambda_i": 2.9042313366604464, "lambda_j": 0.09485398390024624, "learning_rate": 0.8432616502398292, "sgd_mode": 2.5455568722818542, "topK": 4.770062560649525}, "datetime": {"datetime": "2018-12-08 21:33:19", "elapsed": 21648.806284, "delta": 15466.50277}}
{"target": 0.07519635751237913, "params": {"lambda_i": 0.0, "lambda_j": 0.0, "learning_rate": 3.0, "sgd_mode": 0.0, "topK": 9.0}, "datetime": {"datetime": "2018-12-09 03:30:22", "elapsed": 43072.173896, "delta": 21423.367612}}
{"target": 0.07483693296275491, "params": {"lambda_i": 0.5963934251652939, "lambda_j": 2.731459040708242, "learning_rate": 2.9672317989198604, "sgd_mode": 2.9347103339229372, "topK": 8.801322219624955}, "datetime": {"datetime": "2018-12-09 06:16:39", "elapsed": 53048.767989, "delta": 9976.594093}}
