{"target": 0.04124433610481222, "params": {"lambda_i": 0.44637554320644357, "lambda_j": 1.125497551229481, "learning_rate": 1.1923947504919676, "sgd_mode": 0.8046924164392643}, "datetime": {"datetime": "2018-12-12 04:07:41", "elapsed": 0.0, "delta": 0.0}}
{"target": 0.0470205135109599, "params": {"lambda_i": 0.41688989544136623, "lambda_j": 0.9422249808671084, "learning_rate": 1.9017357455944264, "sgd_mode": 0.5204668861775262}, "datetime": {"datetime": "2018-12-12 04:26:07", "elapsed": 1106.299113, "delta": 1106.299113}}
{"target": 0.04093702402998228, "params": {"lambda_i": 2.579788746678183, "lambda_j": 1.9900897360291419, "learning_rate": 0.6652897393620323, "sgd_mode": 2.8734516898666613}, "datetime": {"datetime": "2018-12-12 04:40:47", "elapsed": 1986.52255, "delta": 880.223437}}
{"target": 0.047227153565129645, "params": {"lambda_i": 3.8922993893833047, "lambda_j": 3.9723921806764793, "learning_rate": 1.9425090449941456, "sgd_mode": 0.0749059790352733}, "datetime": {"datetime": "2018-12-12 05:00:13", "elapsed": 3152.58938, "delta": 1166.06683}}
{"target": 0.04737819412950355, "params": {"lambda_i": 4.0, "lambda_j": 1.5228095015435814e-07, "learning_rate": 2.0, "sgd_mode": 0.0}, "datetime": {"datetime": "2018-12-12 05:16:15", "elapsed": 4114.037716, "delta": 961.448336}}
{"target": 0.04424118505920876, "params": {"lambda_i": 3.956558153477201, "lambda_j": 3.528253969693166, "learning_rate": 1.9940491635632096, "sgd_mode": 2.994492924721699}, "datetime": {"datetime": "2018-12-12 05:26:59", "elapsed": 4758.579991, "delta": 644.542275}}
{"target": 0.047157422178130425, "params": {"lambda_i": 3.859740527751656, "lambda_j": 0.18103677680178398, "learning_rate": 1.987899105987018, "sgd_mode": 0.07909645173654156}, "datetime": {"datetime": "2018-12-12 05:40:17", "elapsed": 5556.219425, "delta": 797.639434}}
{"target": 0.04778615649407901, "params": {"lambda_i": 3.828558827245148, "lambda_j": 3.9670174697672813, "learning_rate": 1.9911867947073432, "sgd_mode": 0.00327625252216579}, "datetime": {"datetime": "2018-12-12 05:59:59", "elapsed": 6738.886214, "delta": 1182.666789}}
{"target": 0.04766352110103289, "params": {"lambda_i": 3.871239802134955, "lambda_j": 3.66182502724404, "learning_rate": 1.8950942609784465, "sgd_mode": 0.028056155605474253}, "datetime": {"datetime": "2018-12-12 06:10:20", "elapsed": 7359.146328, "delta": 620.260114}}
{"target": 0.047439274565381606, "params": {"lambda_i": 3.9467935195358406, "lambda_j": 3.6259313191230427, "learning_rate": 1.9301899631412534, "sgd_mode": 0.008892397322436185}, "datetime": {"datetime": "2018-12-12 06:17:17", "elapsed": 7776.005546, "delta": 416.859218}}
