{"target": 0.08685593504428957, "params": {"alphas0": 33.208607211189076, "alphas1": 3.378987602103214, "alphas10": 25.164442391328144, "alphas11": 21.310906385738704, "alphas12": 25.390664767953158, "alphas13": 3.6649042879772686, "alphas14": 39.212227533382745, "alphas2": 19.07771235555449, "alphas3": 21.233364928185978, "alphas4": 19.98424775417522, "alphas5": 0.8020760129947568, "alphas6": 19.802540579393426, "alphas7": 19.891768307096687, "alphas8": 37.93442421616017, "alphas9": 4.782338583570418}, "datetime": {"datetime": "2018-12-18 12:38:25", "elapsed": 0.0, "delta": 0.0}}
{"target": 0.08679968078853775, "params": {"alphas0": 22.31660768356261, "alphas1": 13.233739936097134, "alphas10": 12.183196624487476, "alphas11": 22.942874495106036, "alphas12": 35.55118044237727, "alphas13": 10.017592778091062, "alphas14": 36.76107413415924, "alphas2": 19.468241112603422, "alphas3": 11.651754643752458, "alphas4": 10.56456152478308, "alphas5": 23.41356564282469, "alphas6": 21.893945296483366, "alphas7": 3.5358475537153033, "alphas8": 22.86137846272208, "alphas9": 21.100525376269033}, "datetime": {"datetime": "2018-12-18 12:38:38", "elapsed": 13.048361, "delta": 13.048361}}
{"target": 0.0852090215007528, "params": {"alphas0": 16.416984742293455, "alphas1": 33.537441690865684, "alphas10": 28.21782808520638, "alphas11": 36.42728762258693, "alphas12": 37.10171265076431, "alphas13": 13.713499378465928, "alphas14": 19.157159829924044, "alphas2": 6.872009955788316, "alphas3": 6.5667834022466565, "alphas4": 32.585235947276246, "alphas5": 26.716893254816814, "alphas6": 30.78434175901569, "alphas7": 36.82315997072138, "alphas8": 3.1288627152589843, "alphas9": 1.5201231878999044}, "datetime": {"datetime": "2018-12-18 12:38:51", "elapsed": 25.606784, "delta": 12.558423}}
{"target": 0.0857389998572297, "params": {"alphas0": 23.49919514905047, "alphas1": 14.923314807055942, "alphas10": 17.262292289134834, "alphas11": 6.790390947644203, "alphas12": 8.2369393869405, "alphas13": 33.82472027033171, "alphas14": 2.9235892922592166, "alphas2": 11.860874179493276, "alphas3": 10.037079815676528, "alphas4": 38.37786911675737, "alphas5": 5.9896751940363036, "alphas6": 37.84063190271941, "alphas7": 33.14640432259882, "alphas8": 11.229149835842556, "alphas9": 24.753369412049025}, "datetime": {"datetime": "2018-12-18 12:39:03", "elapsed": 37.675664, "delta": 12.06888}}
{"target": 0.08556362467875228, "params": {"alphas0": 11.41550895483713, "alphas1": 5.90837805258468, "alphas10": 35.642429437038786, "alphas11": 35.16804908637481, "alphas12": 12.678152427226497, "alphas13": 1.1131644779284366, "alphas14": 13.866873738083916, "alphas2": 31.445980694915736, "alphas3": 17.7388193022988, "alphas4": 4.874704550656523, "alphas5": 36.652869209376696, "alphas6": 37.605677887609914, "alphas7": 30.822801388172838, "alphas8": 33.480906295279254, "alphas9": 31.228827201414813}, "datetime": {"datetime": "2018-12-18 12:39:15", "elapsed": 50.420745, "delta": 12.745081}}
{"target": 0.08674306832087988, "params": {"alphas0": 7.112587376895143, "alphas1": 2.645339008531642, "alphas10": 37.28366392576513, "alphas11": 13.470421365016737, "alphas12": 4.802757872066401, "alphas13": 9.132730787752772, "alphas14": 35.82982012953736, "alphas2": 9.515575916678651, "alphas3": 12.258691007603929, "alphas4": 29.801379638853692, "alphas5": 11.402993681270548, "alphas6": 18.680384135955368, "alphas7": 17.379521823627577, "alphas8": 9.879126414949578, "alphas9": 10.927465979178814}, "datetime": {"datetime": "2018-12-18 12:39:28", "elapsed": 63.100548, "delta": 12.679803}}
{"target": 0.08575400242884884, "params": {"alphas0": 3.0605513546218255, "alphas1": 37.24761686903142, "alphas10": 28.370829891803275, "alphas11": 4.840024902368953, "alphas12": 39.74329531754413, "alphas13": 37.09242497251854, "alphas14": 14.45202392954279, "alphas2": 38.79962129593275, "alphas3": 20.053541266334356, "alphas4": 8.327369989440667, "alphas5": 35.945283181359564, "alphas6": 38.71083215950409, "alphas7": 8.539574962401959, "alphas8": 2.644234395114622, "alphas9": 37.79368117982615}, "datetime": {"datetime": "2018-12-18 12:39:41", "elapsed": 75.75503, "delta": 12.654482}}
{"target": 0.08611694288171735, "params": {"alphas0": 18.710470745783987, "alphas1": 15.401244545555958, "alphas10": 19.937577866290685, "alphas11": 20.894947539213184, "alphas12": 12.681240787334778, "alphas13": 28.751564143095223, "alphas14": 38.802448893733946, "alphas2": 35.0673126315811, "alphas3": 15.939387859533296, "alphas4": 12.845966793100828, "alphas5": 33.9623621709853, "alphas6": 14.050565498979095, "alphas7": 9.222847075543719, "alphas8": 13.475337596243936, "alphas9": 36.843316870598464}, "datetime": {"datetime": "2018-12-18 12:39:53", "elapsed": 88.308626, "delta": 12.553596}}
{"target": 0.0884959348864137, "params": {"alphas0": 14.958626020361802, "alphas1": 10.36921550252815, "alphas10": 8.175620208134253, "alphas11": 3.214760046913563, "alphas12": 38.82024427401265, "alphas13": 6.082102032911019, "alphas14": 29.093361757669683, "alphas2": 3.3537034543585253, "alphas3": 7.404476869313297, "alphas4": 11.53799634223172, "alphas5": 29.1271278778267, "alphas6": 21.81426568685332, "alphas7": 34.342044974954604, "alphas8": 0.36061678613270587, "alphas9": 0.6351948654259099}, "datetime": {"datetime": "2018-12-18 12:40:19", "elapsed": 114.513153, "delta": 26.204527}}
{"target": 0.08617046153338916, "params": {"alphas0": 34.385807399255754, "alphas1": 19.947233529025542, "alphas10": 20.99248682424836, "alphas11": 24.80198962138461, "alphas12": 28.293415671235568, "alphas13": 4.33621613850113, "alphas14": 8.045459834642386, "alphas2": 13.047478809257314, "alphas3": 24.326340249579175, "alphas4": 32.56454128714563, "alphas5": 33.710602188966035, "alphas6": 20.888652536193916, "alphas7": 22.668179300102487, "alphas8": 2.9256623228631895, "alphas9": 27.766847165644045}, "datetime": {"datetime": "2018-12-18 12:40:32", "elapsed": 126.578801, "delta": 12.065648}}
{"target": 0.08678518827728385, "params": {"alphas0": 32.4285374810587, "alphas1": 33.75245506974229, "alphas10": 38.183351275532615, "alphas11": 11.244668742452015, "alphas12": 17.495697264228866, "alphas13": 13.692689598787053, "alphas14": 27.639924000422024, "alphas2": 36.37481827253103, "alphas3": 33.55197268874578, "alphas4": 31.213144327934135, "alphas5": 2.001079535528736, "alphas6": 0.8504612278633195, "alphas7": 25.90015276156235, "alphas8": 12.650344757372963, "alphas9": 29.630965496933758}, "datetime": {"datetime": "2018-12-18 12:40:44", "elapsed": 138.636116, "delta": 12.057315}}
{"target": 0.08679581624914295, "params": {"alphas0": 39.54955947332308, "alphas1": 28.43304172014234, "alphas10": 24.854523178483507, "alphas11": 13.659064770712623, "alphas12": 29.729502817905683, "alphas13": 28.251809124605963, "alphas14": 33.31496320412348, "alphas2": 36.93851005342441, "alphas3": 16.634058181763347, "alphas4": 4.030600500317663, "alphas5": 10.199953129204879, "alphas6": 38.68379101991167, "alphas7": 13.685828820720474, "alphas8": 8.507106696633024, "alphas9": 12.630744693156629}, "datetime": {"datetime": "2018-12-18 12:40:56", "elapsed": 150.636, "delta": 11.999884}}
{"target": 0.08719907601256675, "params": {"alphas0": 37.2279731558563, "alphas1": 2.3781858205570217, "alphas10": 11.111301830247768, "alphas11": 22.525613770510162, "alphas12": 20.014773461169533, "alphas13": 25.800914412769306, "alphas14": 15.246065556668832, "alphas2": 19.602927358364543, "alphas3": 36.2758347019867, "alphas4": 16.9052920443646, "alphas5": 36.54243408360507, "alphas6": 35.97656252252228, "alphas7": 18.88245263895724, "alphas8": 14.955399908043807, "alphas9": 14.880244378840652}, "datetime": {"datetime": "2018-12-18 12:41:08", "elapsed": 162.701035, "delta": 12.065035}}
{"target": 0.0858840247380639, "params": {"alphas0": 16.4167187742707, "alphas1": 25.147028702029136, "alphas10": 12.854611563917686, "alphas11": 38.10124653955343, "alphas12": 31.46074744895737, "alphas13": 15.61611641747267, "alphas14": 37.311241481501455, "alphas2": 9.7349082510792, "alphas3": 16.34152581774781, "alphas4": 16.676388255247442, "alphas5": 33.08748057241744, "alphas6": 29.384088699092572, "alphas7": 33.893042124979814, "alphas8": 6.549879298748711, "alphas9": 31.090845846143267}, "datetime": {"datetime": "2018-12-18 12:41:20", "elapsed": 174.60494, "delta": 11.903905}}
{"target": 0.0868838266423914, "params": {"alphas0": 25.995210634314788, "alphas1": 18.495507247774224, "alphas10": 20.725838816420364, "alphas11": 25.506285227260594, "alphas12": 23.163741911692767, "alphas13": 20.009931759525394, "alphas14": 20.77011400173427, "alphas2": 9.584379241390511, "alphas3": 25.21193793710195, "alphas4": 27.394415680976447, "alphas5": 11.197541422406339, "alphas6": 11.732001129156817, "alphas7": 34.42182249640537, "alphas8": 17.001763308663588, "alphas9": 18.664936399484343}, "datetime": {"datetime": "2018-12-18 12:41:32", "elapsed": 187.011162, "delta": 12.406222}}
{"target": 0.08766769375035825, "params": {"alphas0": 23.707737560216327, "alphas1": 3.5773682617830493, "alphas10": 5.823791310164883, "alphas11": 13.454448251690327, "alphas12": 11.020669913140742, "alphas13": 22.220099828673, "alphas14": 11.64437387899165, "alphas2": 22.451309871466943, "alphas3": 34.44314123955383, "alphas4": 39.706646433576076, "alphas5": 8.0693789953791, "alphas6": 22.44741955475113, "alphas7": 33.21465145484638, "alphas8": 16.45597478265143, "alphas9": 8.560803861708157}, "datetime": {"datetime": "2018-12-18 12:41:44", "elapsed": 199.00637, "delta": 11.995208}}
{"target": 0.08440387332672303, "params": {"alphas0": 17.32366080910466, "alphas1": 37.58287157519737, "alphas10": 35.160860540234154, "alphas11": 20.043572911882045, "alphas12": 9.552966476696003, "alphas13": 22.83667247634279, "alphas14": 20.957702815591194, "alphas2": 39.98509093472649, "alphas3": 19.891157110028086, "alphas4": 5.258878878426478, "alphas5": 17.294308365920866, "alphas6": 28.72752034061036, "alphas7": 12.531015218867472, "alphas8": 29.202914593358006, "alphas9": 0.8391958358890905}, "datetime": {"datetime": "2018-12-18 12:41:56", "elapsed": 210.883525, "delta": 11.877155}}
{"target": 0.0850041104905117, "params": {"alphas0": 23.6255776166994, "alphas1": 39.93847160949971, "alphas10": 6.938041862774105, "alphas11": 21.91861993510701, "alphas12": 3.9716727617878522, "alphas13": 15.8664040854474, "alphas14": 6.171786053117052, "alphas2": 30.462794564196464, "alphas3": 10.788504087108265, "alphas4": 22.903705454924395, "alphas5": 8.352921097280245, "alphas6": 2.506685628411569, "alphas7": 14.689152281953085, "alphas8": 20.81860691975286, "alphas9": 14.192860937308662}, "datetime": {"datetime": "2018-12-18 12:42:08", "elapsed": 222.65551, "delta": 11.771985}}
{"target": 0.08587867750592137, "params": {"alphas0": 10.865429094695106, "alphas1": 11.372692540584373, "alphas10": 15.398351132899384, "alphas11": 28.714718831702495, "alphas12": 14.425590560000146, "alphas13": 28.883926682906, "alphas14": 15.355700505852461, "alphas2": 4.475469235763998, "alphas3": 13.733758665298605, "alphas4": 36.6659484690703, "alphas5": 32.13217566668969, "alphas6": 4.181108914012723, "alphas7": 24.926832364541795, "alphas8": 13.144647297610765, "alphas9": 18.13348247372801}, "datetime": {"datetime": "2018-12-18 12:42:20", "elapsed": 234.70991, "delta": 12.0544}}
{"target": 0.08646215867213489, "params": {"alphas0": 1.5145741771059784, "alphas1": 31.67446121022532, "alphas10": 21.263350625151645, "alphas11": 35.96327232592785, "alphas12": 1.8360741323879104, "alphas13": 27.55165049353781, "alphas14": 14.182680119999148, "alphas2": 26.730305832071622, "alphas3": 3.6730899314811616, "alphas4": 28.27078118834479, "alphas5": 19.251695518692475, "alphas6": 16.611517542970038, "alphas7": 7.338879070914053, "alphas8": 6.870076879094689, "alphas9": 18.043685738923585}, "datetime": {"datetime": "2018-12-18 12:42:32", "elapsed": 246.743445, "delta": 12.033535}}
{"target": 0.08392743957459836, "params": {"alphas0": 2.451080628296629, "alphas1": 0.7820929281196287, "alphas10": 3.470080245877041, "alphas11": 20.532787774510854, "alphas12": 36.025401425679, "alphas13": 35.63188961302405, "alphas14": 2.6801145578357, "alphas2": 14.43286680814949, "alphas3": 38.833015402338816, "alphas4": 1.0383333464899547, "alphas5": 11.304656438080825, "alphas6": 1.6501938498446656, "alphas7": 4.900303388629279, "alphas8": 0.29103182889932633, "alphas9": 29.97125376114041}, "datetime": {"datetime": "2018-12-18 12:43:07", "elapsed": 282.35617, "delta": 35.612725}}
{"target": 0.08787383416655829, "params": {"alphas0": 29.38737217022723, "alphas1": 0.35505181200657265, "alphas10": 37.99407984770238, "alphas11": 0.322305135711316, "alphas12": 38.34420317858709, "alphas13": 3.332117291449266, "alphas14": 34.79986559610514, "alphas2": 37.81193487758237, "alphas3": 33.17905546735495, "alphas4": 38.108816001432416, "alphas5": 24.03685964277019, "alphas6": 3.0038873829857415, "alphas7": 1.1395066787199504, "alphas8": 35.78133081438669, "alphas9": 6.8839584791273145}, "datetime": {"datetime": "2018-12-18 12:43:43", "elapsed": 318.089711, "delta": 35.733541}}
{"target": 0.08834816482454186, "params": {"alphas0": 21.59903157389527, "alphas1": 2.0989271148073696, "alphas10": 1.1476049074740668, "alphas11": 0.2934688452405565, "alphas12": 2.8215237816179695, "alphas13": 36.73808849115762, "alphas14": 35.02712420541321, "alphas2": 31.471231616730066, "alphas3": 1.5041281843129939, "alphas4": 39.517311014265445, "alphas5": 37.9640402986887, "alphas6": 10.678709558076758, "alphas7": 31.246401841212155, "alphas8": 8.895587279144817, "alphas9": 0.6604655946230586}, "datetime": {"datetime": "2018-12-18 12:44:20", "elapsed": 354.784741, "delta": 36.69503}}
{"target": 0.08692932538543978, "params": {"alphas0": 39.290772715172615, "alphas1": 18.873488637794637, "alphas10": 0.6839661408333875, "alphas11": 0.9755523478204386, "alphas12": 38.322076257447506, "alphas13": 4.273528366586752, "alphas14": 39.71879090342738, "alphas2": 19.1470325471851, "alphas3": 37.88103519026384, "alphas4": 38.219529166632086, "alphas5": 32.32916018394776, "alphas6": 36.8171684135417, "alphas7": 38.28756860106373, "alphas8": 39.29785707483784, "alphas9": 16.529534396852412}, "datetime": {"datetime": "2018-12-18 12:44:56", "elapsed": 390.804224, "delta": 36.019483}}
{"target": 0.08512999518907352, "params": {"alphas0": 38.641783759766845, "alphas1": 1.9348144601345885, "alphas10": 37.356394246849774, "alphas11": 1.3379719234665632, "alphas12": 26.379715310253914, "alphas13": 38.658814005349974, "alphas14": 39.621168438388004, "alphas2": 27.41604120372586, "alphas3": 4.727073941431654, "alphas4": 33.68173927095432, "alphas5": 39.80596470021699, "alphas6": 30.18375728531668, "alphas7": 10.703541162966893, "alphas8": 39.15448485080821, "alphas9": 38.33885450497361}, "datetime": {"datetime": "2018-12-18 12:45:33", "elapsed": 428.129718, "delta": 37.325494}}
{"target": 0.0836920836115413, "params": {"alphas0": 0.8604894355520365, "alphas1": 10.503550257555577, "alphas10": 2.6031225906130917, "alphas11": 1.8872882836286475, "alphas12": 8.544550199012399, "alphas13": 5.696032321353743, "alphas14": 37.597383946596295, "alphas2": 37.513720225697604, "alphas3": 34.97690602627572, "alphas4": 36.58042836795437, "alphas5": 16.077510395711162, "alphas6": 10.613837554794188, "alphas7": 39.74162697989663, "alphas8": 3.706729673801914, "alphas9": 37.70107544650596}, "datetime": {"datetime": "2018-12-18 12:46:09", "elapsed": 463.968517, "delta": 35.838799}}
{"target": 0.08775138672152721, "params": {"alphas0": 38.251280908337066, "alphas1": 22.713174682802368, "alphas10": 36.870889753142315, "alphas11": 11.346703340153397, "alphas12": 16.49722901653866, "alphas13": 26.76880290969264, "alphas14": 36.60719264046469, "alphas2": 1.963969616461192, "alphas3": 38.65736958638369, "alphas4": 27.502098641246352, "alphas5": 39.98896163548835, "alphas6": 38.19337216427561, "alphas7": 3.3594195046496145, "alphas8": 4.563936439605278, "alphas9": 0.41382940546520697}, "datetime": {"datetime": "2018-12-18 12:46:46", "elapsed": 500.616934, "delta": 36.648417}}
{"target": 0.08661374782031463, "params": {"alphas0": 38.33428812879023, "alphas1": 10.422815553947068, "alphas10": 8.078735874256262, "alphas11": 0.415911639973654, "alphas12": 2.769905804143553, "alphas13": 0.14952920913872791, "alphas14": 39.01670880109971, "alphas2": 0.5072089786307865, "alphas3": 25.697534865463012, "alphas4": 4.2119116621119534, "alphas5": 39.50428148910191, "alphas6": 28.96138337250905, "alphas7": 5.537222240731667, "alphas8": 30.240904292221707, "alphas9": 2.5703933280609093}, "datetime": {"datetime": "2018-12-18 12:47:22", "elapsed": 537.049361, "delta": 36.432427}}
{"target": 0.08637444046972236, "params": {"alphas0": 38.83930570816086, "alphas1": 6.30264418094193, "alphas10": 39.366578051052265, "alphas11": 3.9767023250681577, "alphas12": 35.34347367085974, "alphas13": 5.355274694627972, "alphas14": 1.778207437306123, "alphas2": 24.78783577656861, "alphas3": 4.948978866126437, "alphas4": 39.42719757707562, "alphas5": 38.733823536222374, "alphas6": 14.843291403224486, "alphas7": 38.37968205761162, "alphas8": 32.99792559449187, "alphas9": 3.1013596383924336}, "datetime": {"datetime": "2018-12-18 12:47:59", "elapsed": 573.582624, "delta": 36.533263}}
{"target": 0.08389404210337222, "params": {"alphas0": 38.11220332625407, "alphas1": 32.89295549570989, "alphas10": 9.097269480412024, "alphas11": 39.609434541831334, "alphas12": 39.895984260760656, "alphas13": 26.6584011684383, "alphas14": 16.676505045869057, "alphas2": 5.0181889463511276, "alphas3": 3.4456739556313165, "alphas4": 38.48807195005631, "alphas5": 4.1269410659828365, "alphas6": 39.22082369335657, "alphas7": 3.5026785233368107, "alphas8": 36.54335300468087, "alphas9": 0.7983924134273712}, "datetime": {"datetime": "2018-12-18 12:48:35", "elapsed": 609.905712, "delta": 36.323088}}
{"target": 0.08400755697263254, "params": {"alphas0": 36.83677241008054, "alphas1": 8.884607740580815, "alphas10": 16.496327434218134, "alphas11": 15.408377836704066, "alphas12": 0.6529579148337294, "alphas13": 0.2644353611730832, "alphas14": 33.25767748726676, "alphas2": 1.457395545089204, "alphas3": 31.635219198502487, "alphas4": 0.7767585770223029, "alphas5": 2.996224878688043, "alphas6": 2.9203999719247076, "alphas7": 39.96366198830906, "alphas8": 5.960943024842749, "alphas9": 0.8503195174502798}, "datetime": {"datetime": "2018-12-18 12:49:11", "elapsed": 646.410714, "delta": 36.505002}}
