{"target": 0.07663938274646832, "params": {"lambda_i": 0.09468882009029889, "lambda_j": 0.22597020485650654, "learning_rate": 0.009109166618428564, "sgd_mode": 2.1229707892482557, "topK": 145.07212262789352}, "datetime": {"datetime": "2018-12-17 18:49:46", "elapsed": 0.0, "delta": 0.0}}
{"target": 0.07416283991692346, "params": {"lambda_i": 0.6905164726799846, "lambda_j": 0.8874116239256873, "learning_rate": 0.0033465192747365903, "sgd_mode": 0.15742743199734965, "topK": 56.52768383366968}, "datetime": {"datetime": "2018-12-17 18:52:39", "elapsed": 173.074017, "delta": 173.074017}}
{"target": 0.07651108910296636, "params": {"lambda_i": 0.1675870312217348, "lambda_j": 0.7797400798423934, "learning_rate": 0.008567109698938308, "sgd_mode": 1.078610348379206, "topK": 526.0415405531753}, "datetime": {"datetime": "2018-12-17 18:57:23", "elapsed": 457.138925, "delta": 284.064908}}
{"target": 0.07578254322788917, "params": {"lambda_i": 0.3418320179726213, "lambda_j": 0.435237761702306, "learning_rate": 0.0005963235461446375, "sgd_mode": 2.0430438668607476, "topK": 625.0716202559706}, "datetime": {"datetime": "2018-12-17 19:27:15", "elapsed": 2248.702802, "delta": 1791.563877}}
{"target": 0.07496864994671082, "params": {"lambda_i": 0.9798852081525572, "lambda_j": 0.99210591134449, "learning_rate": 0.0029591500361386205, "sgd_mode": 1.6817910215932512, "topK": 434.9305038405139}, "datetime": {"datetime": "2018-12-17 19:34:39", "elapsed": 2692.896141, "delta": 444.193339}}
{"target": 0.07264940284564163, "params": {"lambda_i": 1.0, "lambda_j": 1.0, "learning_rate": 0.01, "sgd_mode": 1.5410474983979416, "topK": 999.9556297917298}, "datetime": {"datetime": "2018-12-17 19:38:38", "elapsed": 2932.060592, "delta": 239.164451}}
{"target": 0.05810114400609933, "params": {"lambda_i": 1.0, "lambda_j": 1.0, "learning_rate": 0.01, "sgd_mode": 2.808348201237508, "topK": 20.00742583313138}, "datetime": {"datetime": "2018-12-17 19:41:03", "elapsed": 3076.939198, "delta": 144.878606}}
{"target": 0.073235603171539, "params": {"lambda_i": 1.0, "lambda_j": 1.0, "learning_rate": 0.01, "sgd_mode": 0.00437594321547774, "topK": 854.4360712306387}, "datetime": {"datetime": "2018-12-17 19:44:10", "elapsed": 3263.669559, "delta": 186.730361}}
{"target": 0.07255240185924279, "params": {"lambda_i": 1.0, "lambda_j": 1.0, "learning_rate": 0.01, "sgd_mode": 0.00511820409106567, "topK": 274.98537750660574}, "datetime": {"datetime": "2018-12-17 19:46:51", "elapsed": 3425.239371, "delta": 161.569812}}
{"target": 0.07304672019776377, "params": {"lambda_i": 1.0, "lambda_j": 1.0, "learning_rate": 0.01, "sgd_mode": 0.02208108242001172, "topK": 731.1510132106921}, "datetime": {"datetime": "2018-12-17 19:49:42", "elapsed": 3596.486385, "delta": 171.247014}}
{"target": 0.0712904906843974, "params": {"lambda_i": 1.0, "lambda_j": 1.0, "learning_rate": 0.01, "sgd_mode": 0.028521446016545826, "topK": 134.3129045556151}, "datetime": {"datetime": "2018-12-17 19:51:41", "elapsed": 3715.379113, "delta": 118.892728}}
{"target": 0.07269775740106241, "params": {"lambda_i": 1.0, "lambda_j": 1.0, "learning_rate": 0.01, "sgd_mode": 2.9488797095270805, "topK": 931.3057351550524}, "datetime": {"datetime": "2018-12-17 19:54:08", "elapsed": 3861.942473, "delta": 146.56336}}
{"target": 0.07297466905108373, "params": {"lambda_i": 1.0, "lambda_j": 1.0, "learning_rate": 0.01, "sgd_mode": 2.9736414440238974, "topK": 355.3062024073999}, "datetime": {"datetime": "2018-12-17 19:56:18", "elapsed": 3992.23686, "delta": 130.294387}}
{"target": 0.07317660657849304, "params": {"lambda_i": 1.0, "lambda_j": 1.0, "learning_rate": 0.01, "sgd_mode": 2.99782514464829, "topK": 795.4622772109467}, "datetime": {"datetime": "2018-12-17 19:58:44", "elapsed": 4137.966824, "delta": 145.729964}}
{"target": 0.06915329224641664, "params": {"lambda_i": 1.0, "lambda_j": 1.0, "learning_rate": 0.01, "sgd_mode": 2.7454233411543174, "topK": 94.01977509956382}, "datetime": {"datetime": "2018-12-17 20:00:41", "elapsed": 4255.354622, "delta": 117.387798}}
{"target": 0.07321578711768782, "params": {"lambda_i": 1.0, "lambda_j": 1.0, "learning_rate": 0.01, "sgd_mode": 0.2007691094868681, "topK": 382.13719915798646}, "datetime": {"datetime": "2018-12-17 20:03:05", "elapsed": 4399.3624, "delta": 144.007778}}
{"target": 0.07320758060199535, "params": {"lambda_i": 1.0, "lambda_j": 1.0, "learning_rate": 0.01, "sgd_mode": 0.08464633340388128, "topK": 461.2502675897978}, "datetime": {"datetime": "2018-12-17 20:05:32", "elapsed": 4546.561461, "delta": 147.199061}}
{"target": 0.07222892409121273, "params": {"lambda_i": 1.0, "lambda_j": 1.0, "learning_rate": 0.01, "sgd_mode": 0.06770832512425085, "topK": 202.00673949249435}, "datetime": {"datetime": "2018-12-17 20:07:32", "elapsed": 4666.294282, "delta": 119.732821}}
{"target": 0.07351289048300627, "params": {"lambda_i": 1.0, "lambda_j": 1.0, "learning_rate": 0.01, "sgd_mode": 0.30545245806241395, "topK": 418.44196210215006}, "datetime": {"datetime": "2018-12-17 20:09:43", "elapsed": 4797.287332, "delta": 130.99305}}
{"target": 0.0734352789232444, "params": {"lambda_i": 1.0, "lambda_j": 1.0, "learning_rate": 0.01, "sgd_mode": 0.17073679333820801, "topK": 336.42373858606106}, "datetime": {"datetime": "2018-12-17 20:11:54", "elapsed": 4927.860702, "delta": 130.57337}}
{"target": 0.07298875200695537, "params": {"lambda_i": 1.0, "lambda_j": 1.0, "learning_rate": 0.01, "sgd_mode": 2.815533883166727, "topK": 694.6320481056822}, "datetime": {"datetime": "2018-12-17 20:14:18", "elapsed": 5072.28789, "delta": 144.427188}}
{"target": 0.07264079773437551, "params": {"lambda_i": 1.0, "lambda_j": 1.0, "learning_rate": 0.01, "sgd_mode": 2.8247474068999487, "topK": 473.3118182751181}, "datetime": {"datetime": "2018-12-17 20:17:11", "elapsed": 5244.860085, "delta": 172.572195}}
{"target": 0.07354175705466326, "params": {"lambda_i": 1.0, "lambda_j": 1.0, "learning_rate": 0.01, "sgd_mode": 0.18098267761840892, "topK": 560.757251271772}, "datetime": {"datetime": "2018-12-17 20:19:52", "elapsed": 5405.793735, "delta": 160.93365}}
{"target": 0.07325239256360068, "params": {"lambda_i": 1.0, "lambda_j": 1.0, "learning_rate": 0.01, "sgd_mode": 0.09647022091502111, "topK": 419.7233924352321}, "datetime": {"datetime": "2018-12-17 20:22:24", "elapsed": 5557.671679, "delta": 151.877944}}
{"target": 0.07362274954246384, "params": {"lambda_i": 1.0, "lambda_j": 1.0, "learning_rate": 0.01, "sgd_mode": 0.006025039303561575, "topK": 318.5869406770726}, "datetime": {"datetime": "2018-12-17 20:25:07", "elapsed": 5721.500371, "delta": 163.828692}}
{"target": 0.07344450068690571, "params": {"lambda_i": 1.0, "lambda_j": 1.0, "learning_rate": 0.01, "sgd_mode": 0.32991648234760207, "topK": 355.6911781532516}, "datetime": {"datetime": "2018-12-17 20:27:29", "elapsed": 5863.085073, "delta": 141.584702}}
{"target": 0.07380363202374106, "params": {"lambda_i": 1.0, "lambda_j": 1.0, "learning_rate": 0.01, "sgd_mode": 0.08980265387487563, "topK": 435.93232192437677}, "datetime": {"datetime": "2018-12-17 20:29:51", "elapsed": 6005.307633, "delta": 142.22256}}
{"target": 0.07027918820633162, "params": {"lambda_i": 1.0, "lambda_j": 1.0, "learning_rate": 0.01, "sgd_mode": 0.04129512015640657, "topK": 89.07926012315568}, "datetime": {"datetime": "2018-12-17 20:31:48", "elapsed": 6122.095357, "delta": 116.787724}}
{"target": 0.07312358922807886, "params": {"lambda_i": 1.0, "lambda_j": 1.0, "learning_rate": 0.01, "sgd_mode": 0.11546684558819398, "topK": 393.15774743571683}, "datetime": {"datetime": "2018-12-17 20:34:03", "elapsed": 6257.33893, "delta": 135.243573}}
{"target": 0.07355099591825075, "params": {"lambda_i": 1.0, "lambda_j": 1.0, "learning_rate": 0.01, "sgd_mode": 0.15368539476858512, "topK": 509.5039017718502}, "datetime": {"datetime": "2018-12-17 20:36:34", "elapsed": 6407.945241, "delta": 150.606311}}
