{"target": 0.005354543362598399, "params": {"alpha": 1.4471756496269568, "beta": 1.0464301859924885, "normalize_similarity": 0.05670001011163117, "topK": 833.2187540530612}, "datetime": {"datetime": "2018-12-20 17:53:18", "elapsed": 0.0, "delta": 0.0}}
{"target": 0.012439027616417872, "params": {"alpha": 0.9369729127306601, "beta": 0.7399460041716448, "normalize_similarity": 0.7619202377490235, "topK": 782.0277962153233}, "datetime": {"datetime": "2018-12-20 17:54:18", "elapsed": 59.983461, "delta": 59.983461}}
{"target": 0.00348821363026085, "params": {"alpha": 1.6751246062485667, "beta": 1.4345043629307268, "normalize_similarity": 0.9253705435916114, "topK": 955.2773092031882}, "datetime": {"datetime": "2018-12-20 17:54:58", "elapsed": 100.164832, "delta": 40.181371}}
{"target": 0.002926659234898077, "params": {"alpha": 0.1424647539009447, "beta": 1.4605847257269389, "normalize_similarity": 0.1919231274091936, "topK": 540.421155372785}, "datetime": {"datetime": "2018-12-20 17:55:33", "elapsed": 135.163287, "delta": 34.998455}}
{"target": 0.0047242165704540744, "params": {"alpha": 1.2905494380232265, "beta": 1.1306865479564792, "normalize_similarity": 0.32643817355502636, "topK": 288.8472253336755}, "datetime": {"datetime": "2018-12-20 17:56:02", "elapsed": 164.661653, "delta": 29.498366}}
{"target": 0.0682978956674735, "params": {"alpha": 0.5936486342282319, "beta": 0.18352010177743683, "normalize_similarity": 0.9783373994908083, "topK": 10.064180641852136}, "datetime": {"datetime": "2018-12-20 17:56:40", "elapsed": 202.212633, "delta": 37.55098}}
{"target": 0.001999199035507781, "params": {"alpha": 1.6884890927447636, "beta": 1.946478230296893, "normalize_similarity": 0.08176984126681042, "topK": 10.681902910403188}, "datetime": {"datetime": "2018-12-20 17:57:07", "elapsed": 229.251473, "delta": 27.03884}}
{"target": 0.026642540463979472, "params": {"alpha": 2.0, "beta": 0.0, "normalize_similarity": 1.0, "topK": 414.54457556039006}, "datetime": {"datetime": "2018-12-20 17:57:39", "elapsed": 260.98249, "delta": 31.731017}}
{"target": 0.0522007074072377, "params": {"alpha": 2.0, "beta": 0.0, "normalize_similarity": 0.0, "topK": 660.1397959510944}, "datetime": {"datetime": "2018-12-20 17:58:13", "elapsed": 295.113432, "delta": 34.130942}}
{"target": 0.06346191202553528, "params": {"alpha": 0.0, "beta": 0.0, "normalize_similarity": 1.0, "topK": 162.8283112020773}, "datetime": {"datetime": "2018-12-20 17:58:41", "elapsed": 323.04282, "delta": 27.929388}}
{"target": 0.06402278817693137, "params": {"alpha": 0.0, "beta": 0.0, "normalize_similarity": 1.0, "topK": 91.13465267615614}, "datetime": {"datetime": "2018-12-20 17:59:07", "elapsed": 349.379587, "delta": 26.336767}}
{"target": 0.06891358575709952, "params": {"alpha": 0.0, "beta": 0.0, "normalize_similarity": 0.0, "topK": 1000.0}, "datetime": {"datetime": "2018-12-20 18:00:02", "elapsed": 404.803943, "delta": 55.424356}}
{"target": 0.061536160920903714, "params": {"alpha": 0.0, "beta": 0.0, "normalize_similarity": 1.0, "topK": 352.65997566580614}, "datetime": {"datetime": "2018-12-20 18:00:39", "elapsed": 441.497509, "delta": 36.693566}}
{"target": 0.001016662349419395, "params": {"alpha": 0.0, "beta": 2.0, "normalize_similarity": 1.0, "topK": 602.3835314931799}, "datetime": {"datetime": "2018-12-20 18:01:15", "elapsed": 477.697723, "delta": 36.200214}}
{"target": 0.0010162493665598358, "params": {"alpha": 0.0, "beta": 2.0, "normalize_similarity": 1.0, "topK": 716.8683929292354}, "datetime": {"datetime": "2018-12-20 18:01:52", "elapsed": 514.777918, "delta": 37.080195}}
{"target": 0.06265988938882021, "params": {"alpha": 0.0, "beta": 0.0, "normalize_similarity": 1.0, "topK": 220.15933629930922}, "datetime": {"datetime": "2018-12-20 18:02:31", "elapsed": 553.553147, "delta": 38.775229}}
{"target": 0.0609180753153041, "params": {"alpha": 0.0, "beta": 0.0, "normalize_similarity": 1.0, "topK": 477.77502434211095}, "datetime": {"datetime": "2018-12-20 18:03:13", "elapsed": 595.325397, "delta": 41.77225}}
{"target": 0.06397074122386041, "params": {"alpha": 0.0, "beta": 0.0, "normalize_similarity": 1.0, "topK": 44.68945172765634}, "datetime": {"datetime": "2018-12-20 18:03:45", "elapsed": 627.936548, "delta": 32.611151}}
{"target": 0.06915223205105364, "params": {"alpha": 0.0, "beta": 0.0, "normalize_similarity": 0.0, "topK": 893.407256853694}, "datetime": {"datetime": "2018-12-20 18:04:38", "elapsed": 680.669704, "delta": 52.733156}}
{"target": 0.06366073048975268, "params": {"alpha": 0.0, "beta": 0.0, "normalize_similarity": 1.0, "topK": 128.19924464833278}, "datetime": {"datetime": "2018-12-20 18:05:10", "elapsed": 712.920515, "delta": 32.250811}}
{"target": 0.0026018934036087633, "params": {"alpha": 2.0, "beta": 2.0, "normalize_similarity": 1.0, "topK": 883.2386137038143}, "datetime": {"datetime": "2018-12-20 18:05:52", "elapsed": 754.216451, "delta": 41.295936}}
{"target": 0.06911602586560708, "params": {"alpha": 0.0, "beta": 0.0, "normalize_similarity": 0.0, "topK": 918.5038623231746}, "datetime": {"datetime": "2018-12-20 18:06:35", "elapsed": 797.819526, "delta": 43.603075}}
{"target": 0.06295026186397382, "params": {"alpha": 0.0, "beta": 0.0, "normalize_similarity": 1.0, "topK": 198.15723577397023}, "datetime": {"datetime": "2018-12-20 18:07:12", "elapsed": 834.239211, "delta": 36.419685}}
{"target": 0.001951683225487558, "params": {"alpha": 0.0, "beta": 2.0, "normalize_similarity": 0.0, "topK": 377.2368064398301}, "datetime": {"datetime": "2018-12-20 18:07:51", "elapsed": 873.619272, "delta": 39.380061}}
{"target": 0.07177810652961701, "params": {"alpha": 0.0, "beta": 0.0, "normalize_similarity": 0.0, "topK": 447.9642921715266}, "datetime": {"datetime": "2018-12-20 18:08:43", "elapsed": 925.430744, "delta": 51.811472}}
{"target": 0.06731214249419468, "params": {"alpha": 0.1275014779596042, "beta": 0.05843485512499069, "normalize_similarity": 0.9841815229905857, "topK": 327.8307080100507}, "datetime": {"datetime": "2018-12-20 18:09:21", "elapsed": 963.500885, "delta": 38.070141}}
{"target": 0.02462248896869397, "params": {"alpha": 1.9652991608245032, "beta": 0.08478810988248808, "normalize_similarity": 0.7617644928481065, "topK": 459.7482826554438}, "datetime": {"datetime": "2018-12-20 18:09:57", "elapsed": 999.347591, "delta": 35.846706}}
{"target": 0.07033735852150137, "params": {"alpha": 0.0, "beta": 0.0, "normalize_similarity": 0.0, "topK": 639.4816427786018}, "datetime": {"datetime": "2018-12-20 18:10:38", "elapsed": 1040.125233, "delta": 40.777642}}
{"target": 0.07147333467505836, "params": {"alpha": 0.0, "beta": 0.0, "normalize_similarity": 0.0, "topK": 506.6239728933754}, "datetime": {"datetime": "2018-12-20 18:11:29", "elapsed": 1091.425606, "delta": 51.300373}}
{"target": 0.0009810053156781304, "params": {"alpha": 0.019109857320388945, "beta": 1.9995623626543049, "normalize_similarity": 0.8584529114532334, "topK": 652.4922890437442}, "datetime": {"datetime": "2018-12-20 18:12:13", "elapsed": 1135.534239, "delta": 44.108633}}
