{"target": 0.06340906881456289, "params": {"alphas0": 36.137276980763076, "alphas1": 2.057186649745737, "alphas2": 37.804303094571054, "alphas3": 5.159952356911908}, "datetime": {"datetime": "2018-12-11 23:49:52", "elapsed": 0.0, "delta": 0.0}}
{"target": 0.06492407449924395, "params": {"alphas0": 26.976760021608342, "alphas1": 26.578231315494676, "alphas2": 20.23598442409061, "alphas3": 9.634552099508813}, "datetime": {"datetime": "2018-12-11 23:49:58", "elapsed": 5.966404, "delta": 5.966404}}
{"target": 0.06501267378432843, "params": {"alphas0": 32.68669203119649, "alphas1": 27.14731025855063, "alphas2": 30.678904745172982, "alphas3": 36.16356124841434}, "datetime": {"datetime": "2018-12-11 23:50:04", "elapsed": 12.186845, "delta": 6.220441}}
{"target": 0.06485862701562094, "params": {"alphas0": 25.331636707521096, "alphas1": 5.892234794235058, "alphas2": 15.4484261995913, "alphas3": 37.55797695080821}, "datetime": {"datetime": "2018-12-11 23:50:06", "elapsed": 14.3493, "delta": 2.162455}}
{"target": 0.06436819080687826, "params": {"alphas0": 28.926701055217336, "alphas1": 10.589086059278937, "alphas2": 35.01683583749924, "alphas3": 39.58902153426506}, "datetime": {"datetime": "2018-12-11 23:50:08", "elapsed": 16.426455, "delta": 2.077155}}
{"target": 0.06506104554043829, "params": {"alphas0": 12.85460304426385, "alphas1": 23.83798567787042, "alphas2": 17.030538936981472, "alphas3": 27.708216099000232}, "datetime": {"datetime": "2018-12-11 23:50:14", "elapsed": 22.541185, "delta": 6.11473}}
{"target": 0.06408083749055167, "params": {"alphas0": 12.513806691360525, "alphas1": 20.313821420333674, "alphas2": 30.71843508025776, "alphas3": 13.158807671388919}, "datetime": {"datetime": "2018-12-11 23:50:16", "elapsed": 24.546554, "delta": 2.005369}}
{"target": 0.06498850609410421, "params": {"alphas0": 38.6648586249936, "alphas1": 37.64778678324971, "alphas2": 28.649797217024805, "alphas3": 1.4753984982287704}, "datetime": {"datetime": "2018-12-11 23:50:18", "elapsed": 26.642893, "delta": 2.096339}}
{"target": 0.06356894149974794, "params": {"alphas0": 3.5344135219645167, "alphas1": 7.753109917806129, "alphas2": 27.568620185686953, "alphas3": 17.311555159191453}, "datetime": {"datetime": "2018-12-11 23:50:20", "elapsed": 28.708275, "delta": 2.065382}}
{"target": 0.06406619343663386, "params": {"alphas0": 6.001304107961984, "alphas1": 0.3916841147083483, "alphas2": 0.6992675479074562, "alphas3": 25.470117131073252}, "datetime": {"datetime": "2018-12-11 23:50:22", "elapsed": 30.698789, "delta": 1.990514}}
{"target": 0.06547906875157464, "params": {"alphas0": 38.28754676293867, "alphas1": 37.58037147575886, "alphas2": 0.4072010849246466, "alphas3": 39.99422000357448}, "datetime": {"datetime": "2018-12-11 23:50:35", "elapsed": 43.59827, "delta": 12.899481}}
{"target": 0.06547015986394548, "params": {"alphas0": 0.7700148286228714, "alphas1": 39.71319834026633, "alphas2": 2.596551568569918, "alphas3": 39.17753515514102}, "datetime": {"datetime": "2018-12-11 23:50:45", "elapsed": 53.138845, "delta": 9.540575}}
{"target": 0.0654920023778029, "params": {"alphas0": 37.969494594168864, "alphas1": 39.81170978729079, "alphas2": 1.1543193552310171, "alphas3": 39.40560246219338}, "datetime": {"datetime": "2018-12-11 23:50:58", "elapsed": 65.942006, "delta": 12.803161}}
{"target": 0.06475174322877283, "params": {"alphas0": 39.8051510763399, "alphas1": 39.50984948686925, "alphas2": 1.603057001070849, "alphas3": 1.0598673359687316}, "datetime": {"datetime": "2018-12-11 23:51:07", "elapsed": 75.266882, "delta": 9.324876}}
{"target": 0.06547384284454512, "params": {"alphas0": 39.16110537844564, "alphas1": 39.51546819801115, "alphas2": 0.9899269706954827, "alphas3": 39.460395382678136}, "datetime": {"datetime": "2018-12-11 23:51:16", "elapsed": 84.734163, "delta": 9.467281}}
{"target": 0.0653736412037036, "params": {"alphas0": 0.1423756534037679, "alphas1": 39.96423421048762, "alphas2": 3.743567260869387, "alphas3": 39.250645463038815}, "datetime": {"datetime": "2018-12-11 23:51:27", "elapsed": 94.798296, "delta": 10.064133}}
{"target": 0.06460092261904753, "params": {"alphas0": 1.6117771508476064, "alphas1": 39.580758667511205, "alphas2": 38.666999196777155, "alphas3": 39.10945898541831}, "datetime": {"datetime": "2018-12-11 23:51:36", "elapsed": 104.657665, "delta": 9.859369}}
{"target": 0.0655220706412193, "params": {"alphas0": 39.688619566074486, "alphas1": 39.07365068772696, "alphas2": 1.4819952850055218, "alphas3": 38.39578706035968}, "datetime": {"datetime": "2018-12-11 23:51:50", "elapsed": 118.320045, "delta": 13.66238}}
{"target": 0.06483121381330288, "params": {"alphas0": 3.4248181922073506, "alphas1": 39.3911258961372, "alphas2": 0.5710487433403699, "alphas3": 1.0707502138217295}, "datetime": {"datetime": "2018-12-11 23:51:59", "elapsed": 127.689729, "delta": 9.369684}}
{"target": 0.0654546114260518, "params": {"alphas0": 38.98962552299089, "alphas1": 38.355705030736495, "alphas2": 0.8050098456193178, "alphas3": 39.65276084009381}, "datetime": {"datetime": "2018-12-11 23:52:09", "elapsed": 137.27215, "delta": 9.582421}}
{"target": 0.06542195765621049, "params": {"alphas0": 1.7894027264557755, "alphas1": 39.90441907074139, "alphas2": 1.619523211243794, "alphas3": 39.524038197211986}, "datetime": {"datetime": "2018-12-11 23:52:19", "elapsed": 146.903385, "delta": 9.631235}}
{"target": 0.0655324458301838, "params": {"alphas0": 38.905657695202244, "alphas1": 38.73768385465696, "alphas2": 1.0268244429807316, "alphas3": 37.34431071724484}, "datetime": {"datetime": "2018-12-11 23:52:32", "elapsed": 160.568841, "delta": 13.665456}}
{"target": 0.06538586581947588, "params": {"alphas0": 39.37623334612148, "alphas1": 36.77264954837526, "alphas2": 0.7408999156419638, "alphas3": 39.36039561548217}, "datetime": {"datetime": "2018-12-11 23:52:43", "elapsed": 171.514305, "delta": 10.945464}}
{"target": 0.0651367640463591, "params": {"alphas0": 0.4735504402554458, "alphas1": 39.683840626437004, "alphas2": 0.7456364367799884, "alphas3": 39.827853804391985}, "datetime": {"datetime": "2018-12-11 23:52:53", "elapsed": 181.416344, "delta": 9.902039}}
{"target": 0.0649274629629628, "params": {"alphas0": 37.71792997192022, "alphas1": 39.954266357092465, "alphas2": 39.564137203122506, "alphas3": 39.28551376484342}, "datetime": {"datetime": "2018-12-11 23:53:03", "elapsed": 191.350923, "delta": 9.934579}}
{"target": 0.06458130313051132, "params": {"alphas0": 38.182311962459245, "alphas1": 39.975573193112844, "alphas2": 0.3411916257346448, "alphas3": 2.4525008788701763}, "datetime": {"datetime": "2018-12-11 23:53:13", "elapsed": 200.909575, "delta": 9.558652}}
{"target": 0.06555677560468612, "params": {"alphas0": 38.59340543677627, "alphas1": 39.745389717449314, "alphas2": 2.3065551860199163, "alphas3": 39.894314818243416}, "datetime": {"datetime": "2018-12-11 23:53:26", "elapsed": 214.686956, "delta": 13.777381}}
{"target": 0.06507341285588296, "params": {"alphas0": 0.6154908231947198, "alphas1": 39.90040653117874, "alphas2": 0.5981090846019255, "alphas3": 39.59009251082852}, "datetime": {"datetime": "2018-12-11 23:53:36", "elapsed": 224.361956, "delta": 9.675}}
{"target": 0.06493212747228508, "params": {"alphas0": 39.30418387106244, "alphas1": 0.13718142304655512, "alphas2": 1.6340477544549525, "alphas3": 38.81686136218589}, "datetime": {"datetime": "2018-12-11 23:53:46", "elapsed": 233.858312, "delta": 9.496356}}
{"target": 0.06498116095049114, "params": {"alphas0": 39.67186796218953, "alphas1": 38.69248986051443, "alphas2": 38.59077449753177, "alphas3": 39.99330820728315}, "datetime": {"datetime": "2018-12-11 23:53:56", "elapsed": 244.410816, "delta": 10.552504}}
{"target": 0.06547290473041059, "params": {"alphas0": 37.96201930252796, "alphas1": 37.853752723305135, "alphas2": 0.30534735937870483, "alphas3": 39.76096259632603}, "datetime": {"datetime": "2018-12-11 23:54:07", "elapsed": 254.89925, "delta": 10.488434}}
{"target": 0.06545527714789609, "params": {"alphas0": 38.860568475927025, "alphas1": 39.85571762148484, "alphas2": 1.3768844285021897, "alphas3": 39.621419207088465}, "datetime": {"datetime": "2018-12-11 23:54:17", "elapsed": 265.092328, "delta": 10.193078}}
{"target": 0.06490105826404631, "params": {"alphas0": 39.291129965419586, "alphas1": 0.9822925493970214, "alphas2": 0.43532024279193227, "alphas3": 39.93837359863372}, "datetime": {"datetime": "2018-12-11 23:54:27", "elapsed": 275.456633, "delta": 10.364305}}
{"target": 0.06496255179201292, "params": {"alphas0": 39.92561358709348, "alphas1": 39.7909123079927, "alphas2": 38.88678247905092, "alphas3": 39.6190335628667}, "datetime": {"datetime": "2018-12-11 23:54:37", "elapsed": 285.288973, "delta": 9.83234}}
{"target": 0.06503139128243883, "params": {"alphas0": 0.481038826211182, "alphas1": 39.37363813987589, "alphas2": 0.13694156178987615, "alphas3": 36.015641975755706}, "datetime": {"datetime": "2018-12-11 23:54:47", "elapsed": 294.755615, "delta": 9.466642}}
{"target": 0.06396589395943555, "params": {"alphas0": 37.41140036945095, "alphas1": 38.42397463436019, "alphas2": 0.1311960956014202, "alphas3": 0.7288379276537027}, "datetime": {"datetime": "2018-12-11 23:54:57", "elapsed": 305.099381, "delta": 10.343766}}
{"target": 0.06545485022990669, "params": {"alphas0": 38.57917731396053, "alphas1": 38.93175795936364, "alphas2": 0.9282082423133575, "alphas3": 39.627204451154384}, "datetime": {"datetime": "2018-12-11 23:55:07", "elapsed": 315.401084, "delta": 10.301703}}
{"target": 0.06533634835600899, "params": {"alphas0": 0.4960487782084977, "alphas1": 39.419423530395356, "alphas2": 3.485625881591554, "alphas3": 39.48662266525746}, "datetime": {"datetime": "2018-12-11 23:55:19", "elapsed": 326.786613, "delta": 11.385529}}
{"target": 0.06540217693373628, "params": {"alphas0": 2.353894679131847, "alphas1": 39.11625395755885, "alphas2": 1.2907389960090265, "alphas3": 38.983182278838996}, "datetime": {"datetime": "2018-12-11 23:55:29", "elapsed": 336.83167, "delta": 10.045057}}
{"target": 0.06510124085096983, "params": {"alphas0": 0.09500297226869847, "alphas1": 39.26485182230765, "alphas2": 0.9955904850174013, "alphas3": 39.91519501141451}, "datetime": {"datetime": "2018-12-11 23:55:39", "elapsed": 346.843296, "delta": 10.011626}}
{"target": 0.06556799305555544, "params": {"alphas0": 36.71683372006271, "alphas1": 39.43668666127714, "alphas2": 0.44563878620281105, "alphas3": 39.71504246855633}, "datetime": {"datetime": "2018-12-11 23:55:53", "elapsed": 360.808856, "delta": 13.96556}}
{"target": 0.06495597406462573, "params": {"alphas0": 37.45710476132957, "alphas1": 39.00681112018959, "alphas2": 39.80586527164248, "alphas3": 39.19533566655867}, "datetime": {"datetime": "2018-12-11 23:56:03", "elapsed": 370.818793, "delta": 10.009937}}
{"target": 0.06549968299634647, "params": {"alphas0": 39.74082879098306, "alphas1": 39.273807512512825, "alphas2": 2.010795197909352, "alphas3": 39.84959571951861}, "datetime": {"datetime": "2018-12-11 23:56:13", "elapsed": 380.989992, "delta": 10.171199}}
{"target": 0.06544736723670942, "params": {"alphas0": 39.80411852445992, "alphas1": 38.48789003619189, "alphas2": 0.6067339625063628, "alphas3": 39.157892433138606}, "datetime": {"datetime": "2018-12-11 23:56:23", "elapsed": 391.12941, "delta": 10.139418}}
{"target": 0.06554199037855873, "params": {"alphas0": 39.325615095020254, "alphas1": 39.31221034226844, "alphas2": 1.1969665848216327, "alphas3": 38.56890661449742}, "datetime": {"datetime": "2018-12-11 23:56:34", "elapsed": 402.012488, "delta": 10.883078}}
{"target": 0.0653902911785083, "params": {"alphas0": 1.4348544779571393, "alphas1": 39.67032153436959, "alphas2": 1.6165284296720905, "alphas3": 38.963482601853954}, "datetime": {"datetime": "2018-12-11 23:56:44", "elapsed": 411.90384, "delta": 9.891352}}
{"target": 0.06495383448286707, "params": {"alphas0": 38.85500475652991, "alphas1": 2.0864463601777405, "alphas2": 0.8419923659845985, "alphas3": 39.195140309151626}, "datetime": {"datetime": "2018-12-11 23:56:54", "elapsed": 422.27905, "delta": 10.37521}}
{"target": 0.06510779928823368, "params": {"alphas0": 1.0014443286808117, "alphas1": 39.06597671936902, "alphas2": 0.5640013103435182, "alphas3": 38.917610316788995}, "datetime": {"datetime": "2018-12-11 23:57:04", "elapsed": 432.299911, "delta": 10.020861}}
{"target": 0.06549132684555298, "params": {"alphas0": 38.75654683477737, "alphas1": 38.390862197596334, "alphas2": 0.6912498587517524, "alphas3": 38.88850801260075}, "datetime": {"datetime": "2018-12-11 23:57:14", "elapsed": 442.295997, "delta": 9.996086}}
{"target": 0.0656869178162004, "params": {"alphas0": 39.94686628444784, "alphas1": 39.615976211270066, "alphas2": 3.664723400544898, "alphas3": 39.85833862857121}, "datetime": {"datetime": "2018-12-11 23:57:28", "elapsed": 456.193313, "delta": 13.897316}}
{"target": 0.0655444883314436, "params": {"alphas0": 37.251699975272665, "alphas1": 39.16794094227333, "alphas2": 0.9505073698536126, "alphas3": 39.84380941295038}, "datetime": {"datetime": "2018-12-11 23:57:38", "elapsed": 466.34617, "delta": 10.152857}}
{"target": 0.06484459615142346, "params": {"alphas0": 39.86895940045282, "alphas1": 0.35877503527463883, "alphas2": 0.12124430639687933, "alphas3": 39.120798136796694}, "datetime": {"datetime": "2018-12-11 23:57:49", "elapsed": 476.919518, "delta": 10.573348}}
{"target": 0.06493789054232789, "params": {"alphas0": 38.66085528458135, "alphas1": 38.74126281051666, "alphas2": 39.902777450034414, "alphas3": 39.790985465390875}, "datetime": {"datetime": "2018-12-11 23:57:59", "elapsed": 487.157164, "delta": 10.237646}}
{"target": 0.0655099130133534, "params": {"alphas0": 38.58831027065857, "alphas1": 39.06226542922808, "alphas2": 0.6771674109944215, "alphas3": 38.63409813038406}, "datetime": {"datetime": "2018-12-11 23:58:09", "elapsed": 497.677516, "delta": 10.520352}}
{"target": 0.06548665328168296, "params": {"alphas0": 39.066263536563184, "alphas1": 39.866033061573404, "alphas2": 0.4192815400406902, "alphas3": 37.846471720910834}, "datetime": {"datetime": "2018-12-11 23:58:20", "elapsed": 507.766082, "delta": 10.088566}}
{"target": 0.06526656402746267, "params": {"alphas0": 1.4897836353157823, "alphas1": 39.14258326848805, "alphas2": 1.2357134564291217, "alphas3": 39.175877716078716}, "datetime": {"datetime": "2018-12-11 23:58:30", "elapsed": 518.12338, "delta": 10.357298}}
{"target": 0.06555640225812527, "params": {"alphas0": 38.62655907429129, "alphas1": 39.77971857453251, "alphas2": 2.1495668197370277, "alphas3": 39.67290642094136}, "datetime": {"datetime": "2018-12-11 23:58:40", "elapsed": 528.528678, "delta": 10.405298}}
{"target": 0.06559455305177608, "params": {"alphas0": 39.20903544761833, "alphas1": 39.970873532696224, "alphas2": 2.493376728670893, "alphas3": 39.83411326336356}, "datetime": {"datetime": "2018-12-11 23:58:50", "elapsed": 538.680565, "delta": 10.151887}}
{"target": 0.0654199611992944, "params": {"alphas0": 39.26556132267943, "alphas1": 39.60671187680831, "alphas2": 1.1684824869659893, "alphas3": 39.845191051725536}, "datetime": {"datetime": "2018-12-11 23:59:01", "elapsed": 549.627658, "delta": 10.947093}}
{"target": 0.06546351982552275, "params": {"alphas0": 39.700628554591134, "alphas1": 39.307842261488, "alphas2": 0.4625033726449468, "alphas3": 39.25670110093508}, "datetime": {"datetime": "2018-12-11 23:59:13", "elapsed": 561.506437, "delta": 11.878779}}
