{"target": 0.07048410997732416, "params": {"alphas0": 28.144175479353628, "alphas1": 32.97085698368435, "alphas10": 38.23847811496888, "alphas11": 5.6016367901165465, "alphas12": 2.18070984696082, "alphas13": 29.062073870229533, "alphas14": 35.81734970382972, "alphas2": 3.738795420756631, "alphas3": 38.3717419297153, "alphas4": 32.611337349930324, "alphas5": 24.454336728322147, "alphas6": 2.564081419711761, "alphas7": 14.220198353590035, "alphas8": 38.47771709055392, "alphas9": 2.7648280193570685}, "datetime": {"datetime": "2018-12-18 13:28:10", "elapsed": 1616.168047, "delta": 28.948482}}
{"target": 0.07126869142101283, "params": {"alphas0": 9.121836862578107, "alphas1": 36.68374016319192, "alphas10": 29.459729986960884, "alphas11": 0.2991440074297902, "alphas12": 39.16885646328477, "alphas13": 35.939149265662, "alphas14": 32.00423858409111, "alphas2": 3.922207843926784, "alphas3": 39.872305905629325, "alphas4": 28.776416124321912, "alphas5": 23.31428081994936, "alphas6": 39.90535194110247, "alphas7": 37.891772249178565, "alphas8": 37.130362623428155, "alphas9": 2.065581072031377}, "datetime": {"datetime": "2018-12-18 13:28:39", "elapsed": 1645.009865, "delta": 28.841818}}
{"target": 0.07125673853615515, "params": {"alphas0": 0.3280267660953262, "alphas1": 39.758533709754076, "alphas10": 35.34887447850318, "alphas11": 2.015313039855182, "alphas12": 29.766210787851684, "alphas13": 39.74185577585405, "alphas14": 34.933825186860815, "alphas2": 7.150062427307833, "alphas3": 28.081314625512583, "alphas4": 39.912910440272505, "alphas5": 33.74890406179929, "alphas6": 38.253400080782384, "alphas7": 18.360341212521774, "alphas8": 28.21254115716474, "alphas9": 5.116114288928171}, "datetime": {"datetime": "2018-12-18 13:29:12", "elapsed": 1677.680826, "delta": 32.670961}}
{"target": 0.07060214414840003, "params": {"alphas0": 6.923194364281562, "alphas1": 39.70550077613559, "alphas10": 39.79928780292149, "alphas11": 4.6969468261757585, "alphas12": 28.86578407778512, "alphas13": 29.743661817570878, "alphas14": 38.35704228539176, "alphas2": 4.327359986808195, "alphas3": 30.628432699258283, "alphas4": 30.52015007615859, "alphas5": 27.035292866508467, "alphas6": 31.644190915986453, "alphas7": 38.130268224843306, "alphas8": 26.77380964570967, "alphas9": 10.921410674302269}, "datetime": {"datetime": "2018-12-18 13:29:43", "elapsed": 1708.806268, "delta": 31.125442}}
{"target": 0.07103581437389767, "params": {"alphas0": 27.547082443636302, "alphas1": 33.01002019101275, "alphas10": 36.99550363765669, "alphas11": 3.1593471692279973, "alphas12": 20.73149814346303, "alphas13": 24.676548935585856, "alphas14": 39.148410441004614, "alphas2": 0.9300656414404651, "alphas3": 39.8913594240645, "alphas4": 29.637983478886852, "alphas5": 30.01727653953853, "alphas6": 34.77951623603274, "alphas7": 32.19876853665485, "alphas8": 32.362964103850466, "alphas9": 3.159702704705203}, "datetime": {"datetime": "2018-12-18 13:30:14", "elapsed": 1739.295804, "delta": 30.489536}}
{"target": 0.07020946497858395, "params": {"alphas0": 2.754663627411129, "alphas1": 39.26370500718247, "alphas10": 38.12631881382501, "alphas11": 8.5096530835207, "alphas12": 5.349431918317107, "alphas13": 20.965819491572233, "alphas14": 34.83126340185807, "alphas2": 6.459552984459052, "alphas3": 27.920543395051727, "alphas4": 35.29390356181287, "alphas5": 21.786672208049175, "alphas6": 34.732669210956686, "alphas7": 37.372857198709426, "alphas8": 38.91859885844093, "alphas9": 16.063271931086092}, "datetime": {"datetime": "2018-12-18 13:30:44", "elapsed": 1770.119295, "delta": 30.823491}}
{"target": 0.07052975226757358, "params": {"alphas0": 22.68121685046699, "alphas1": 37.37630421548201, "alphas10": 39.75925191842223, "alphas11": 3.3437019727683337, "alphas12": 35.48324810269082, "alphas13": 38.42711439054117, "alphas14": 39.408301781095034, "alphas2": 10.247645691274121, "alphas3": 37.282995134207134, "alphas4": 0.5773742842089025, "alphas5": 30.57537115206881, "alphas6": 35.796092521099624, "alphas7": 32.480753621077945, "alphas8": 37.77397379871094, "alphas9": 1.447594790998994}, "datetime": {"datetime": "2018-12-18 13:31:15", "elapsed": 1800.467766, "delta": 30.348471}}
{"target": 0.07044555763416477, "params": {"alphas0": 19.223126087075425, "alphas1": 31.204852228103967, "alphas10": 39.27500106563316, "alphas11": 3.3546987840925, "alphas12": 37.859790509667704, "alphas13": 37.36550193034243, "alphas14": 26.405992469354583, "alphas2": 4.205358058105686, "alphas3": 39.18841352558535, "alphas4": 35.64651637649923, "alphas5": 26.001542879612177, "alphas6": 38.58212969613837, "alphas7": 14.127780255883078, "alphas8": 38.95399997753921, "alphas9": 16.66293440202017}, "datetime": {"datetime": "2018-12-18 13:31:44", "elapsed": 1830.221727, "delta": 29.753961}}
{"target": 0.06940794264928189, "params": {"alphas0": 1.4999111303297985, "alphas1": 4.966083739478537, "alphas10": 35.786072698251246, "alphas11": 0.34814405769839407, "alphas12": 5.516627061645196, "alphas13": 38.600409490152444, "alphas14": 32.92296780865587, "alphas2": 0.3144283159195682, "alphas3": 6.7261172594407315, "alphas4": 1.5072479103833336, "alphas5": 31.38687444934581, "alphas6": 31.61837089979203, "alphas7": 37.34982127105397, "alphas8": 38.68304257449647, "alphas9": 5.412576445689612}, "datetime": {"datetime": "2018-12-18 13:32:14", "elapsed": 1859.491434, "delta": 29.269707}}
{"target": 0.07055282287729893, "params": {"alphas0": 31.300499530008985, "alphas1": 36.18995578275583, "alphas10": 35.14302011952302, "alphas11": 3.5665496871329427, "alphas12": 1.2817917660150213, "alphas13": 8.220244095934333, "alphas14": 27.770189723444084, "alphas2": 3.3062674359753297, "alphas3": 31.680270038598664, "alphas4": 39.65674364392743, "alphas5": 9.911105152127998, "alphas6": 39.704411259893114, "alphas7": 39.99437338512478, "alphas8": 39.737359369029264, "alphas9": 12.294154604006383}, "datetime": {"datetime": "2018-12-18 13:32:45", "elapsed": 1891.159812, "delta": 31.668378}}
{"target": 0.07010224187452749, "params": {"alphas0": 37.59522643204804, "alphas1": 33.49951698674815, "alphas10": 39.672869852259566, "alphas11": 10.336083808346341, "alphas12": 12.276387075055029, "alphas13": 33.19719895230538, "alphas14": 39.805602318207804, "alphas2": 4.6260197917451995, "alphas3": 36.20022668705741, "alphas4": 39.8339044881784, "alphas5": 4.509765612728458, "alphas6": 29.919558158508398, "alphas7": 10.908542059523727, "alphas8": 36.31404122553678, "alphas9": 4.753054749978456}, "datetime": {"datetime": "2018-12-18 13:33:15", "elapsed": 1921.228779, "delta": 30.068967}}
{"target": 0.070800100718065, "params": {"alphas0": 8.443312838318962, "alphas1": 20.269571199183577, "alphas10": 38.95829675334276, "alphas11": 2.132932227571449, "alphas12": 38.62335267402332, "alphas13": 38.15583698868718, "alphas14": 37.28396315206132, "alphas2": 5.619735342936707, "alphas3": 20.55899699369441, "alphas4": 19.580806808378167, "alphas5": 19.64290383949536, "alphas6": 37.94797775438105, "alphas7": 39.196484740515274, "alphas8": 33.87912783047146, "alphas9": 4.7907660915490435}, "datetime": {"datetime": "2018-12-18 13:33:47", "elapsed": 1952.287915, "delta": 31.059136}}
{"target": 0.07052342602040812, "params": {"alphas0": 13.983156708892729, "alphas1": 36.595849502261885, "alphas10": 39.51236815321995, "alphas11": 0.031643814901869405, "alphas12": 33.06982858341548, "alphas13": 35.34471858810143, "alphas14": 38.8840588284772, "alphas2": 14.871978930865826, "alphas3": 38.80653040173125, "alphas4": 39.240959900433495, "alphas5": 34.21880596914587, "alphas6": 37.45308325301647, "alphas7": 36.40685499786211, "alphas8": 30.846695551224773, "alphas9": 20.659651987962828}, "datetime": {"datetime": "2018-12-18 13:34:17", "elapsed": 1983.023811, "delta": 30.735896}}
{"target": 0.07090559489166025, "params": {"alphas0": 7.380627377689519, "alphas1": 35.98180763425087, "alphas10": 39.678235072173315, "alphas11": 0.6319603398175921, "alphas12": 12.347193207562377, "alphas13": 33.41807043677609, "alphas14": 33.73303248239239, "alphas2": 12.743670498802446, "alphas3": 2.7821383145432366, "alphas4": 39.44837556661308, "alphas5": 4.58466657313358, "alphas6": 35.61996073603945, "alphas7": 37.29904706299696, "alphas8": 39.528196535948986, "alphas9": 2.6728465942865487}, "datetime": {"datetime": "2018-12-18 13:34:47", "elapsed": 2012.830425, "delta": 29.806614}}
{"target": 0.07069997867850837, "params": {"alphas0": 24.56511917637826, "alphas1": 39.876208545529785, "alphas10": 25.549801334482886, "alphas11": 0.11121204230157833, "alphas12": 5.088456971368633, "alphas13": 32.8212383704163, "alphas14": 23.994936570629918, "alphas2": 4.132701944798978, "alphas3": 27.82841352834064, "alphas4": 37.546724952372884, "alphas5": 20.922317208551462, "alphas6": 36.86342093239578, "alphas7": 36.45244406540972, "alphas8": 39.326212054860854, "alphas9": 8.424123148087638}, "datetime": {"datetime": "2018-12-18 13:35:18", "elapsed": 2043.619863, "delta": 30.789438}}
{"target": 0.07046083531746034, "params": {"alphas0": 13.85116635403814, "alphas1": 36.32037945309788, "alphas10": 36.44739395964531, "alphas11": 5.467240856315203, "alphas12": 3.4898401860424855, "alphas13": 39.321513295153125, "alphas14": 38.41684291904865, "alphas2": 5.921771984394035, "alphas3": 1.0457187621587583, "alphas4": 38.84066222839651, "alphas5": 18.269247463101483, "alphas6": 39.15035965040552, "alphas7": 13.90097170134279, "alphas8": 39.92778660411817, "alphas9": 5.213666574628344}, "datetime": {"datetime": "2018-12-18 13:35:49", "elapsed": 2074.941107, "delta": 31.321244}}
{"target": 0.07051769768833452, "params": {"alphas0": 10.695334797089036, "alphas1": 38.990287599526575, "alphas10": 39.84972059624779, "alphas11": 7.347427979581096, "alphas12": 2.058654070978414, "alphas13": 37.741252060728534, "alphas14": 29.28342481109081, "alphas2": 11.04254499705263, "alphas3": 39.9927441431507, "alphas4": 38.730292244171764, "alphas5": 12.947111371826594, "alphas6": 34.29260839772353, "alphas7": 18.231682383406937, "alphas8": 32.865585503308665, "alphas9": 5.503179174871566}, "datetime": {"datetime": "2018-12-18 13:36:20", "elapsed": 2106.231292, "delta": 31.290185}}
{"target": 0.07102178395061726, "params": {"alphas0": 28.535718307864364, "alphas1": 35.02668018137079, "alphas10": 38.92694058618902, "alphas11": 1.6752092405634889, "alphas12": 5.335241093880239, "alphas13": 27.939070485072506, "alphas14": 26.924198979413845, "alphas2": 4.421353049202286, "alphas3": 32.990877064855134, "alphas4": 16.403771854208596, "alphas5": 36.74150860021173, "alphas6": 37.473678926524585, "alphas7": 36.522621427801354, "alphas8": 38.96564573274641, "alphas9": 7.653418122361884}, "datetime": {"datetime": "2018-12-18 13:36:52", "elapsed": 2137.570615, "delta": 31.339323}}
{"target": 0.0684547684555304, "params": {"alphas0": 3.7504271472933137, "alphas1": 14.451491993098738, "alphas10": 36.47494652926384, "alphas11": 1.9008740536743929, "alphas12": 0.5747314777564538, "alphas13": 36.97447811275356, "alphas14": 38.85722998689015, "alphas2": 0.9503483538708446, "alphas3": 29.1243633189642, "alphas4": 35.570858499666826, "alphas5": 36.12177829903479, "alphas6": 34.751629343637866, "alphas7": 37.97653746793466, "alphas8": 33.2516715321241, "alphas9": 25.846019391448124}, "datetime": {"datetime": "2018-12-18 13:37:23", "elapsed": 2168.296684, "delta": 30.726069}}
{"target": 0.06981058490803715, "params": {"alphas0": 37.876312316109704, "alphas1": 32.64054104784987, "alphas10": 34.17177945876488, "alphas11": 13.645044238946905, "alphas12": 37.78915242946158, "alphas13": 33.087440008530955, "alphas14": 35.907437232452615, "alphas2": 0.2982399172206174, "alphas3": 39.655163243538425, "alphas4": 13.095739412694986, "alphas5": 31.560441879321836, "alphas6": 24.711170708402435, "alphas7": 22.235548475741908, "alphas8": 39.79919125906449, "alphas9": 1.6906004168263733}, "datetime": {"datetime": "2018-12-18 13:37:55", "elapsed": 2200.347084, "delta": 32.0504}}
{"target": 0.07076984690728133, "params": {"alphas0": 27.796550786076487, "alphas1": 31.13379380519296, "alphas10": 34.5927076746787, "alphas11": 2.9479842349954177, "alphas12": 5.507386419481919, "alphas13": 33.95573972348989, "alphas14": 30.246154114666865, "alphas2": 1.7835269312363744, "alphas3": 22.187959686596983, "alphas4": 35.784167869808606, "alphas5": 38.46933085058798, "alphas6": 7.772138412314842, "alphas7": 37.39552697726547, "alphas8": 36.10583900746941, "alphas9": 2.1496458050444778}, "datetime": {"datetime": "2018-12-18 13:38:26", "elapsed": 2232.001466, "delta": 31.654382}}
{"target": 0.07067283727009319, "params": {"alphas0": 13.730677251385824, "alphas1": 37.526242388861974, "alphas10": 29.115626197438623, "alphas11": 11.992167820696643, "alphas12": 28.20134782126504, "alphas13": 39.222440834494115, "alphas14": 23.580340126193335, "alphas2": 0.873801693924845, "alphas3": 36.546501816830286, "alphas4": 29.2785514804618, "alphas5": 38.97755005518469, "alphas6": 39.27976607208152, "alphas7": 39.175381055161665, "alphas8": 39.7554486474534, "alphas9": 7.900207150684073}, "datetime": {"datetime": "2018-12-18 13:38:55", "elapsed": 2260.733333, "delta": 28.731867}}
{"target": 0.07075221790753342, "params": {"alphas0": 39.332162101903414, "alphas1": 39.86863030116423, "alphas10": 34.60330213645201, "alphas11": 0.013761594927736986, "alphas12": 32.168535022962395, "alphas13": 30.147822125212063, "alphas14": 34.42792533844385, "alphas2": 0.08859527491331232, "alphas3": 0.1410526784978794, "alphas4": 9.497533985308548, "alphas5": 36.17011621754459, "alphas6": 29.557461810010096, "alphas7": 37.926135635851445, "alphas8": 27.281049987706673, "alphas9": 7.501680494578542}, "datetime": {"datetime": "2018-12-18 13:39:26", "elapsed": 2291.320013, "delta": 30.58668}}
{"target": 0.0703074634983622, "params": {"alphas0": 37.13738841775784, "alphas1": 39.93510069232752, "alphas10": 31.858693519712325, "alphas11": 4.832277588269545, "alphas12": 23.92335373617958, "alphas13": 30.334522139516523, "alphas14": 38.02188923428793, "alphas2": 5.983923637268949, "alphas3": 18.98351697241889, "alphas4": 39.27611009480144, "alphas5": 32.38052734231231, "alphas6": 12.79729799767118, "alphas7": 38.94256337449954, "alphas8": 37.96345270940248, "alphas9": 1.948057252315456}, "datetime": {"datetime": "2018-12-18 13:39:57", "elapsed": 2322.788046, "delta": 31.468033}}
{"target": 0.07101335591458798, "params": {"alphas0": 13.091030229527675, "alphas1": 35.742790489211984, "alphas10": 39.2082026908261, "alphas11": 0.3079082523821741, "alphas12": 12.525399140257214, "alphas13": 39.59613061162964, "alphas14": 29.751190809887213, "alphas2": 8.530637981418327, "alphas3": 37.23067701918946, "alphas4": 38.54848971895198, "alphas5": 1.6382847032318315, "alphas6": 29.24277801011471, "alphas7": 35.30115953045937, "alphas8": 8.217031461617967, "alphas9": 0.0628202097269126}, "datetime": {"datetime": "2018-12-18 13:40:45", "elapsed": 2371.163822, "delta": 48.375776}}
{"target": 0.07020151527462827, "params": {"alphas0": 36.0750160045848, "alphas1": 33.62499091648207, "alphas10": 39.75622461125032, "alphas11": 0.7104190743235028, "alphas12": 38.82848852017765, "alphas13": 38.85209110822973, "alphas14": 20.527212988414586, "alphas2": 1.124211666129793, "alphas3": 30.44969962115106, "alphas4": 31.096667981049674, "alphas5": 1.767108323270965, "alphas6": 37.94893071014074, "alphas7": 34.7358462588068, "alphas8": 24.494459955658048, "alphas9": 20.25347011216082}, "datetime": {"datetime": "2018-12-18 13:41:36", "elapsed": 2421.294629, "delta": 50.130807}}
{"target": 0.07015594520030226, "params": {"alphas0": 8.647892321808328, "alphas1": 36.41353919935917, "alphas10": 39.829331204918496, "alphas11": 5.050696043744329, "alphas12": 36.49190391146655, "alphas13": 10.493342895531907, "alphas14": 39.36492680054719, "alphas2": 12.863859800060071, "alphas3": 36.26313182409148, "alphas4": 37.101811607480045, "alphas5": 38.23258873181712, "alphas6": 8.677133199615996, "alphas7": 37.5240064725157, "alphas8": 26.110376685066402, "alphas9": 1.2504546634395552}, "datetime": {"datetime": "2018-12-18 13:42:25", "elapsed": 2470.706743, "delta": 49.412114}}
{"target": 0.07078546825396818, "params": {"alphas0": 38.428555905502854, "alphas1": 37.36316338823777, "alphas10": 4.075664040427225, "alphas11": 0.7370833788476361, "alphas12": 3.2139984143363787, "alphas13": 37.78376905534604, "alphas14": 24.803954819454567, "alphas2": 4.058868200094592, "alphas3": 39.27974448726087, "alphas4": 25.902703970514914, "alphas5": 3.2545479186857484, "alphas6": 23.680577988070798, "alphas7": 34.05070317928352, "alphas8": 39.044202662802284, "alphas9": 4.7842846888865065}, "datetime": {"datetime": "2018-12-18 13:43:14", "elapsed": 2519.628384, "delta": 48.921641}}
{"target": 0.07073434246661621, "params": {"alphas0": 36.63346120715937, "alphas1": 36.43285968169849, "alphas10": 36.150560758830316, "alphas11": 2.9858236246801217, "alphas12": 22.5818446399545, "alphas13": 36.556558859424854, "alphas14": 36.87450923966007, "alphas2": 6.3168929238316895, "alphas3": 28.671170360871685, "alphas4": 36.080059724115785, "alphas5": 26.641413354119685, "alphas6": 34.769701990032914, "alphas7": 37.22976110091096, "alphas8": 39.85337039542918, "alphas9": 3.7258560127612306}, "datetime": {"datetime": "2018-12-18 13:44:03", "elapsed": 2568.810534, "delta": 49.18215}}
{"target": 0.07084508799445698, "params": {"alphas0": 29.400298705209163, "alphas1": 22.34164884812323, "alphas10": 30.389590228327805, "alphas11": 2.672945018127857, "alphas12": 38.821605422746075, "alphas13": 19.958136374530536, "alphas14": 27.151985089287713, "alphas2": 6.933910035485371, "alphas3": 36.80647507222722, "alphas4": 38.44545044538003, "alphas5": 4.555439006866497, "alphas6": 39.16784495209458, "alphas7": 34.7964107665919, "alphas8": 38.94927515208488, "alphas9": 0.7527526143810936}, "datetime": {"datetime": "2018-12-18 13:44:52", "elapsed": 2618.116996, "delta": 49.306462}}
{"target": 0.07013725907029465, "params": {"alphas0": 34.4153663673949, "alphas1": 38.339187947946584, "alphas10": 38.544349866590196, "alphas11": 3.6639983654917696, "alphas12": 34.59350247805334, "alphas13": 38.46976909172054, "alphas14": 38.532050178314165, "alphas2": 7.705474967624459, "alphas3": 28.25543358542907, "alphas4": 33.49454055757447, "alphas5": 39.196998723522555, "alphas6": 37.07130270631697, "alphas7": 4.207651288151277, "alphas8": 38.272771838965745, "alphas9": 2.7878594672400236}, "datetime": {"datetime": "2018-12-18 13:45:40", "elapsed": 2665.787849, "delta": 47.670853}}
{"target": 0.0709936835474929, "params": {"alphas0": 1.7521992355195426, "alphas1": 32.094957621463315, "alphas10": 37.327038006452376, "alphas11": 3.419425983937887, "alphas12": 18.113327258391664, "alphas13": 31.310481126234787, "alphas14": 19.462453839993547, "alphas2": 5.301988776438247, "alphas3": 39.608475784749466, "alphas4": 34.140997998228144, "alphas5": 23.921775239976366, "alphas6": 38.96743736291004, "alphas7": 39.20836572621936, "alphas8": 33.25984813152844, "alphas9": 0.1133611920405242}, "datetime": {"datetime": "2018-12-18 13:46:27", "elapsed": 2712.854693, "delta": 47.066844}}
{"target": 0.07125851650289743, "params": {"alphas0": 5.398784957763758, "alphas1": 39.43553735466195, "alphas10": 18.011669278624936, "alphas11": 0.8853228952645331, "alphas12": 35.85815728296906, "alphas13": 33.24869179002654, "alphas14": 36.273893322701305, "alphas2": 1.0639428157469366, "alphas3": 14.436587754405853, "alphas4": 18.7406266524976, "alphas5": 13.589048891135484, "alphas6": 39.18694266191224, "alphas7": 34.3849064146635, "alphas8": 28.735144715306888, "alphas9": 0.6883436891206696}, "datetime": {"datetime": "2018-12-18 13:47:18", "elapsed": 2764.121957, "delta": 51.267264}}
{"target": 0.07046191348576458, "params": {"alphas0": 38.94775640717229, "alphas1": 39.19913097051595, "alphas10": 37.64772179958901, "alphas11": 0.814956242080429, "alphas12": 8.96107620494847, "alphas13": 39.4131981488887, "alphas14": 18.361965410238064, "alphas2": 2.9858007874713266, "alphas3": 32.10883328149898, "alphas4": 37.333739634568076, "alphas5": 26.938659482730102, "alphas6": 37.56705677810157, "alphas7": 38.714587388757906, "alphas8": 37.17421895465841, "alphas9": 21.162998917402426}, "datetime": {"datetime": "2018-12-18 13:48:07", "elapsed": 2813.065526, "delta": 48.943569}}
{"target": 0.07069733988410182, "params": {"alphas0": 9.562136117114068, "alphas1": 34.4267936860478, "alphas10": 30.934064293980413, "alphas11": 0.5589921502819539, "alphas12": 8.645258576239975, "alphas13": 39.4769483786492, "alphas14": 33.77177976314732, "alphas2": 0.6344310814198462, "alphas3": 37.24097771947462, "alphas4": 33.731074060612286, "alphas5": 8.203136476278349, "alphas6": 37.26169369698079, "alphas7": 19.60472782311591, "alphas8": 16.843927134175665, "alphas9": 10.793179855289367}, "datetime": {"datetime": "2018-12-18 13:48:54", "elapsed": 2860.173052, "delta": 47.107526}}
{"target": 0.07071418650793646, "params": {"alphas0": 34.05266967538515, "alphas1": 39.19663585099911, "alphas10": 12.17955263960226, "alphas11": 0.05108056015858953, "alphas12": 32.79951838940736, "alphas13": 12.468508339091034, "alphas14": 35.20882861390531, "alphas2": 4.207556684927916, "alphas3": 34.48423441289963, "alphas4": 33.45340448997034, "alphas5": 0.944062037809843, "alphas6": 32.032579748109555, "alphas7": 36.83695017293794, "alphas8": 39.65662500135593, "alphas9": 4.5972051785904045}, "datetime": {"datetime": "2018-12-18 13:49:43", "elapsed": 2908.757254, "delta": 48.584202}}
