{"target": 0.06859536303224982, "params": {"alphas0": 2.6218818611404515, "alphas1": 1.485766594676532, "alphas10": 19.75843774771124, "alphas11": 23.86087425699863, "alphas12": 35.418527546069356, "alphas13": 2.5158807866080046, "alphas14": 13.780902798312514, "alphas2": 14.43607780343429, "alphas3": 24.589207742285254, "alphas4": 20.940411972475246, "alphas5": 16.85085172353659, "alphas6": 37.603422918538364, "alphas7": 9.050235212646855, "alphas8": 29.24872087712846, "alphas9": 9.484995048853415}, "datetime": {"datetime": "2018-12-18 13:01:14", "elapsed": 0.0, "delta": 0.0}}
{"target": 0.06514968049256724, "params": {"alphas0": 37.664581666837485, "alphas1": 22.34223157064029, "alphas10": 6.133724829816689, "alphas11": 29.506560493215353, "alphas12": 29.65310569911527, "alphas13": 7.867157170631334, "alphas14": 14.245348579569974, "alphas2": 21.003818290352463, "alphas3": 24.95758763233799, "alphas4": 38.01928913578796, "alphas5": 23.00799271961911, "alphas6": 3.4149994829851638, "alphas7": 19.319443946378247, "alphas8": 11.95244573894955, "alphas9": 0.24589978670094048}, "datetime": {"datetime": "2018-12-18 13:01:19", "elapsed": 4.680103, "delta": 4.680103}}
{"target": 0.06969474026832945, "params": {"alphas0": 36.687160217687435, "alphas1": 3.6598515298335332, "alphas10": 18.881946596003026, "alphas11": 14.173654509893483, "alphas12": 27.271163326469967, "alphas13": 36.161365956043156, "alphas14": 15.074466259280364, "alphas2": 16.117197666722248, "alphas3": 19.502295654862316, "alphas4": 31.98757599922964, "alphas5": 18.14413612020299, "alphas6": 30.838827157450524, "alphas7": 0.7846386174930986, "alphas8": 32.12509637877651, "alphas9": 19.734714022784768}, "datetime": {"datetime": "2018-12-18 13:01:29", "elapsed": 14.556552, "delta": 9.876449}}
{"target": 0.07034012411816568, "params": {"alphas0": 25.85585719273592, "alphas1": 31.893915842382768, "alphas10": 21.87155235328101, "alphas11": 5.889753743699946, "alphas12": 33.979209923349536, "alphas13": 17.73315781143146, "alphas14": 28.656927674883757, "alphas2": 1.2191399063966335, "alphas3": 7.694264368088, "alphas4": 37.54577221788834, "alphas5": 33.76770309931418, "alphas6": 19.19285898116394, "alphas7": 0.7919271738555045, "alphas8": 34.24818787720519, "alphas9": 10.015195176059102}, "datetime": {"datetime": "2018-12-18 13:01:38", "elapsed": 23.996486, "delta": 9.439934}}
{"target": 0.06766012862181907, "params": {"alphas0": 5.179083021503521, "alphas1": 9.558899956167132, "alphas10": 13.733599606632247, "alphas11": 5.719271645216897, "alphas12": 8.908216366248212, "alphas13": 39.90842030798368, "alphas14": 16.41842124807916, "alphas2": 27.58782002049948, "alphas3": 23.70246215439199, "alphas4": 10.079288910543927, "alphas5": 24.21956340322793, "alphas6": 3.4737157846190803, "alphas7": 15.549425167779486, "alphas8": 27.860262509322826, "alphas9": 37.37125788743094}, "datetime": {"datetime": "2018-12-18 13:01:42", "elapsed": 27.666312, "delta": 3.669826}}
{"target": 0.0690143875976316, "params": {"alphas0": 12.745771611741542, "alphas1": 0.12699777394647782, "alphas10": 14.917542015062587, "alphas11": 18.77207855716136, "alphas12": 31.220753263571176, "alphas13": 13.335590333109879, "alphas14": 24.462534676084687, "alphas2": 12.785328932877963, "alphas3": 12.815381000467276, "alphas4": 15.54645993472112, "alphas5": 20.957761288750476, "alphas6": 6.799735392950503, "alphas7": 17.725328919591483, "alphas8": 28.621737847322855, "alphas9": 5.535561832968736}, "datetime": {"datetime": "2018-12-18 13:01:46", "elapsed": 31.628902, "delta": 3.96259}}
{"target": 0.06861955782312927, "params": {"alphas0": 10.34574483713091, "alphas1": 34.89412328434439, "alphas10": 8.480403655102782, "alphas11": 19.987107123036083, "alphas12": 23.706609220413743, "alphas13": 34.62241344301697, "alphas14": 18.125211685316074, "alphas2": 20.796749010077743, "alphas3": 1.2949825049041674, "alphas4": 28.106650075509705, "alphas5": 9.470473696044706, "alphas6": 22.457476850577066, "alphas7": 13.585762123970078, "alphas8": 32.69908499287567, "alphas9": 28.53699109483045}, "datetime": {"datetime": "2018-12-18 13:01:49", "elapsed": 35.174332, "delta": 3.54543}}
{"target": 0.06850081916099758, "params": {"alphas0": 25.782275839415707, "alphas1": 18.047296015985733, "alphas10": 6.113056106333787, "alphas11": 37.903683039032174, "alphas12": 32.583382881886116, "alphas13": 23.76856231148563, "alphas14": 5.710974904967001, "alphas2": 32.79294148090116, "alphas3": 3.615897253902274, "alphas4": 25.437088254536683, "alphas5": 29.045689712521142, "alphas6": 4.155681698506641, "alphas7": 16.895386492431676, "alphas8": 19.30350191396183, "alphas9": 28.81251215925646}, "datetime": {"datetime": "2018-12-18 13:01:53", "elapsed": 38.60736, "delta": 3.433028}}
{"target": 0.06838338643235055, "params": {"alphas0": 19.87410629781025, "alphas1": 30.783500721753253, "alphas10": 0.7267690833986284, "alphas11": 30.871369779610355, "alphas12": 6.098809675377859, "alphas13": 22.700167762522014, "alphas14": 25.300293240999252, "alphas2": 26.490582456479117, "alphas3": 13.087831473172136, "alphas4": 10.991586412457197, "alphas5": 20.182508370576496, "alphas6": 3.8601519445790844, "alphas7": 27.97930075912824, "alphas8": 17.772900925007793, "alphas9": 30.692114826650094}, "datetime": {"datetime": "2018-12-18 13:01:56", "elapsed": 42.010003, "delta": 3.402643}}
{"target": 0.06828592438271584, "params": {"alphas0": 26.772984057794314, "alphas1": 1.1752565365489076, "alphas10": 30.239320786971973, "alphas11": 32.78029866746363, "alphas12": 17.428028857511386, "alphas13": 21.768108700389828, "alphas14": 24.9092052256707, "alphas2": 24.82607808584849, "alphas3": 16.75026899878844, "alphas4": 3.4411231892402716, "alphas5": 17.252248819570127, "alphas6": 18.06502041704762, "alphas7": 11.474490854908318, "alphas8": 13.693793161387582, "alphas9": 35.00045251911133}, "datetime": {"datetime": "2018-12-18 13:02:00", "elapsed": 45.415391, "delta": 3.405388}}
{"target": 0.06879981175988893, "params": {"alphas0": 19.041951260391173, "alphas1": 19.045176199316142, "alphas10": 16.454197487362734, "alphas11": 34.94277298633184, "alphas12": 13.886087645559414, "alphas13": 27.008827507303522, "alphas14": 29.052465093616185, "alphas2": 10.97219201245986, "alphas3": 29.640066245131294, "alphas4": 8.486274493893529, "alphas5": 5.587991787164834, "alphas6": 13.643145574875586, "alphas7": 39.947661513183085, "alphas8": 19.243636277634273, "alphas9": 16.313544911739655}, "datetime": {"datetime": "2018-12-18 13:02:03", "elapsed": 48.985639, "delta": 3.570248}}
{"target": 0.06888043603552517, "params": {"alphas0": 21.42364899742557, "alphas1": 12.45884428621778, "alphas10": 18.054813619965486, "alphas11": 1.5690578650859877, "alphas12": 0.614188299092473, "alphas13": 4.741099046899779, "alphas14": 13.79033300839219, "alphas2": 13.581820963281274, "alphas3": 1.628405928040082, "alphas4": 5.989525517479923, "alphas5": 9.97538411760388, "alphas6": 31.119130411975885, "alphas7": 17.829830705295127, "alphas8": 26.044380688479745, "alphas9": 19.380242615257046}, "datetime": {"datetime": "2018-12-18 13:02:07", "elapsed": 52.56965, "delta": 3.584011}}
{"target": 0.07003247272612736, "params": {"alphas0": 26.913612353971036, "alphas1": 28.18098888988889, "alphas10": 22.814470342876497, "alphas11": 7.791151047226221, "alphas12": 8.974505156920195, "alphas13": 24.538887111084257, "alphas14": 37.25578906710354, "alphas2": 38.21102033322691, "alphas3": 26.525857211211147, "alphas4": 20.95409165376218, "alphas5": 30.46050478281543, "alphas6": 20.840397116480815, "alphas7": 13.850651474334477, "alphas8": 8.463854442049211, "alphas9": 19.768411756975883}, "datetime": {"datetime": "2018-12-18 13:02:11", "elapsed": 56.726933, "delta": 4.157283}}
{"target": 0.0694670348639454, "params": {"alphas0": 34.50453084351758, "alphas1": 20.994426548353914, "alphas10": 27.672029584410932, "alphas11": 9.313141002323846, "alphas12": 7.204208927052487, "alphas13": 11.971344054042724, "alphas14": 34.34438645535896, "alphas2": 32.71818742457745, "alphas3": 24.558960155471766, "alphas4": 25.774104258826647, "alphas5": 15.803983044740665, "alphas6": 36.04080891341974, "alphas7": 34.12210171814814, "alphas8": 11.485305156228428, "alphas9": 26.596482694972444}, "datetime": {"datetime": "2018-12-18 13:02:14", "elapsed": 60.191879, "delta": 3.464946}}
{"target": 0.06900207416855608, "params": {"alphas0": 31.19416112269553, "alphas1": 15.632854428327008, "alphas10": 24.529177114015397, "alphas11": 34.92972941168203, "alphas12": 36.32719867961358, "alphas13": 36.20755768940042, "alphas14": 33.495168773970086, "alphas2": 36.42106548416096, "alphas3": 26.98204060091912, "alphas4": 25.28520038243741, "alphas5": 26.341887732631303, "alphas6": 28.275293209862483, "alphas7": 15.400439381306196, "alphas8": 35.54883457612784, "alphas9": 32.94723930573943}, "datetime": {"datetime": "2018-12-18 13:02:18", "elapsed": 63.693537, "delta": 3.501658}}
{"target": 0.06855616663517242, "params": {"alphas0": 17.89711714767875, "alphas1": 39.12974247970513, "alphas10": 7.91580347972535, "alphas11": 25.297892607316022, "alphas12": 36.502007540715084, "alphas13": 34.44148299018713, "alphas14": 38.19200883878026, "alphas2": 33.14554034875242, "alphas3": 7.646248287489823, "alphas4": 22.917930720325828, "alphas5": 13.646769459826205, "alphas6": 18.468655325282512, "alphas7": 30.72058060656497, "alphas8": 12.51604559164437, "alphas9": 38.675754199421704}, "datetime": {"datetime": "2018-12-18 13:02:22", "elapsed": 67.492822, "delta": 3.799285}}
{"target": 0.06860861504787091, "params": {"alphas0": 35.41415660927739, "alphas1": 10.959097044918638, "alphas10": 30.32293149874809, "alphas11": 7.31256899242676, "alphas12": 39.23237057655766, "alphas13": 22.53893424621662, "alphas14": 28.78014116562584, "alphas2": 36.27792503880586, "alphas3": 9.87719222941816, "alphas4": 29.47777882843184, "alphas5": 39.43058654315796, "alphas6": 0.3052378654650667, "alphas7": 18.711488422746324, "alphas8": 11.634765824860924, "alphas9": 39.02929470225165}, "datetime": {"datetime": "2018-12-18 13:02:25", "elapsed": 71.082171, "delta": 3.589349}}
{"target": 0.06879449407911294, "params": {"alphas0": 36.04218517123516, "alphas1": 34.76727819500957, "alphas10": 2.1104792805842676, "alphas11": 5.623847803903925, "alphas12": 31.915526703340568, "alphas13": 26.7661937999533, "alphas14": 22.697549999636422, "alphas2": 31.21381172363552, "alphas3": 1.180662071428702, "alphas4": 12.607818615535255, "alphas5": 34.39239256386934, "alphas6": 14.5685256903576, "alphas7": 24.464260418508005, "alphas8": 0.7598587778832622, "alphas9": 11.383048003411979}, "datetime": {"datetime": "2018-12-18 13:02:29", "elapsed": 74.521213, "delta": 3.439042}}
{"target": 0.06973931884605677, "params": {"alphas0": 28.481575506619382, "alphas1": 14.450011785151947, "alphas10": 6.528543915456737, "alphas11": 16.047765145039016, "alphas12": 28.10185691717075, "alphas13": 35.57326001692675, "alphas14": 35.925373289592734, "alphas2": 35.7271866001889, "alphas3": 18.018875611137695, "alphas4": 8.550246559767345, "alphas5": 31.917609817425397, "alphas6": 25.068324524714175, "alphas7": 22.05832691208656, "alphas8": 12.589596046879388, "alphas9": 26.016923781351075}, "datetime": {"datetime": "2018-12-18 13:02:32", "elapsed": 77.979117, "delta": 3.457904}}
{"target": 0.06883446497858389, "params": {"alphas0": 11.453779412817262, "alphas1": 2.4288767609503736, "alphas10": 39.61867831349354, "alphas11": 27.49802394054578, "alphas12": 34.79809224212284, "alphas13": 29.419339185924848, "alphas14": 39.79584163235997, "alphas2": 28.98583699274855, "alphas3": 25.12139252382465, "alphas4": 38.62948013852975, "alphas5": 18.27968141146502, "alphas6": 5.249242459949106, "alphas7": 4.395349832678428, "alphas8": 37.619409661683385, "alphas9": 4.805261579108144}, "datetime": {"datetime": "2018-12-18 13:02:36", "elapsed": 81.417589, "delta": 3.438472}}
{"target": 0.06912850686570914, "params": {"alphas0": 31.038995052826856, "alphas1": 34.35770707097873, "alphas10": 36.06003919019241, "alphas11": 17.054704412929063, "alphas12": 7.356641735854046, "alphas13": 36.55426684544306, "alphas14": 39.40811874650551, "alphas2": 38.62390761723623, "alphas3": 3.4526261709436135, "alphas4": 21.547048254281485, "alphas5": 33.13433773290197, "alphas6": 37.509328291779305, "alphas7": 2.901634681229295, "alphas8": 39.33825014461728, "alphas9": 38.65072290971969}, "datetime": {"datetime": "2018-12-18 13:03:03", "elapsed": 109.062973, "delta": 27.645384}}
{"target": 0.06877156522423772, "params": {"alphas0": 2.4313007397382025, "alphas1": 35.65555508016987, "alphas10": 33.10701887254921, "alphas11": 0.5312522630150385, "alphas12": 25.757093459361865, "alphas13": 37.38641145720722, "alphas14": 30.133967309694867, "alphas2": 6.726803107715629, "alphas3": 22.00076212495764, "alphas4": 4.322594340400889, "alphas5": 31.974003140373735, "alphas6": 39.80539616992738, "alphas7": 0.6185343433031498, "alphas8": 38.296499118386514, "alphas9": 31.05525594875985}, "datetime": {"datetime": "2018-12-18 13:03:32", "elapsed": 137.374107, "delta": 28.311134}}
{"target": 0.070041038674729, "params": {"alphas0": 20.81711062521954, "alphas1": 36.93655718143929, "alphas10": 39.17171168920585, "alphas11": 1.1898112921688364, "alphas12": 36.20720783650621, "alphas13": 11.34255934250529, "alphas14": 38.54956082120448, "alphas2": 0.0747504424965717, "alphas3": 0.8135744642156117, "alphas4": 3.018333180574193, "alphas5": 0.33822652228409744, "alphas6": 34.349919196336444, "alphas7": 1.2769197446301606, "alphas8": 11.258204559044444, "alphas9": 12.914498599274516}, "datetime": {"datetime": "2018-12-18 13:03:58", "elapsed": 164.261859, "delta": 26.887752}}
{"target": 0.07002378993449218, "params": {"alphas0": 39.829639677136235, "alphas1": 2.376673691380029, "alphas10": 38.61973961012188, "alphas11": 15.500949862764148, "alphas12": 13.467409090886186, "alphas13": 31.034570038372106, "alphas14": 38.62376146625563, "alphas2": 6.91654270837982, "alphas3": 4.5801496415729215, "alphas4": 16.426180325353226, "alphas5": 6.348307308164314, "alphas6": 35.999728290273, "alphas7": 36.136836482524515, "alphas8": 35.79814376242338, "alphas9": 4.500991839225081}, "datetime": {"datetime": "2018-12-18 13:04:27", "elapsed": 192.769884, "delta": 28.508025}}
{"target": 0.06850310245023926, "params": {"alphas0": 35.44827549843169, "alphas1": 0.962394069755681, "alphas10": 34.44119854969029, "alphas11": 2.6707469634746994, "alphas12": 1.3352219141245136, "alphas13": 35.56458930034448, "alphas14": 34.8273832281474, "alphas2": 0.20028506107807154, "alphas3": 36.64319194646163, "alphas4": 30.280707488134993, "alphas5": 0.09552746348886476, "alphas6": 29.90821059500897, "alphas7": 11.996937117955856, "alphas8": 37.96146952762316, "alphas9": 37.383688399056126}, "datetime": {"datetime": "2018-12-18 13:04:54", "elapsed": 219.399794, "delta": 26.62991}}
{"target": 0.07070693641345421, "params": {"alphas0": 20.69348533506489, "alphas1": 38.960122531215134, "alphas10": 35.592706442999436, "alphas11": 1.7274653744604462, "alphas12": 36.54635760243191, "alphas13": 37.63924030477054, "alphas14": 34.178247111197194, "alphas2": 6.548347335633418, "alphas3": 7.93196907465056, "alphas4": 9.001981701631525, "alphas5": 39.38385951040745, "alphas6": 39.5703938626671, "alphas7": 18.847995294435368, "alphas8": 38.39881003017111, "alphas9": 4.740182208348176}, "datetime": {"datetime": "2018-12-18 13:05:28", "elapsed": 253.506134, "delta": 34.10634}}
{"target": 0.06839544614512465, "params": {"alphas0": 28.71990419329443, "alphas1": 2.2429513050215943, "alphas10": 38.98637098216738, "alphas11": 5.311590264445205, "alphas12": 35.958241339188326, "alphas13": 21.526999295795513, "alphas14": 36.71824924286034, "alphas2": 25.185779462806195, "alphas3": 4.260437526961378, "alphas4": 1.5402021895848428, "alphas5": 37.84761868169181, "alphas6": 39.483595128063826, "alphas7": 29.89517799768146, "alphas8": 37.10896770256059, "alphas9": 39.46534348489465}, "datetime": {"datetime": "2018-12-18 13:05:56", "elapsed": 281.867934, "delta": 28.3618}}
{"target": 0.06992343543713765, "params": {"alphas0": 2.9204812279391135, "alphas1": 1.3615016156542836, "alphas10": 33.23647758559161, "alphas11": 0.7906891148810358, "alphas12": 2.307202734129583, "alphas13": 31.604158133259563, "alphas14": 39.28847243253314, "alphas2": 3.601750475045842, "alphas3": 12.579640321398152, "alphas4": 1.5589344288897466, "alphas5": 34.770862188167236, "alphas6": 39.776120587429865, "alphas7": 13.154346173861843, "alphas8": 34.00373290855495, "alphas9": 2.77315757006531}, "datetime": {"datetime": "2018-12-18 13:06:24", "elapsed": 309.616407, "delta": 27.748473}}
{"target": 0.06838042113882577, "params": {"alphas0": 35.185946117167916, "alphas1": 37.82859872821334, "alphas10": 36.60583804445074, "alphas11": 5.167227959593146, "alphas12": 2.256473414663125, "alphas13": 39.873124488544335, "alphas14": 31.99327337653048, "alphas2": 38.37380099801867, "alphas3": 0.6195634397848426, "alphas4": 14.117967360678975, "alphas5": 17.816910175463796, "alphas6": 27.992568602529552, "alphas7": 0.42602239060927083, "alphas8": 5.188695039819753, "alphas9": 3.9686571569216555}, "datetime": {"datetime": "2018-12-18 13:06:52", "elapsed": 337.769467, "delta": 28.15306}}
{"target": 0.07059230095741986, "params": {"alphas0": 3.437002019078945, "alphas1": 37.06228536747809, "alphas10": 37.3022985000633, "alphas11": 2.763356086261952, "alphas12": 36.30291015622597, "alphas13": 7.5261854134921835, "alphas14": 31.1831004006917, "alphas2": 5.10743383100928, "alphas3": 37.189620693694835, "alphas4": 16.113702343019987, "alphas5": 33.631776007051954, "alphas6": 37.012934337283795, "alphas7": 28.686357435192974, "alphas8": 16.00266772944044, "alphas9": 0.21784076643617922}, "datetime": {"datetime": "2018-12-18 13:07:20", "elapsed": 365.368663, "delta": 27.599196}}
{"target": 0.07076315460443422, "params": {"alphas0": 20.347849269394544, "alphas1": 39.91660747899434, "alphas10": 35.989451327992235, "alphas11": 2.916833540373447, "alphas12": 25.97702294001113, "alphas13": 39.54422818405115, "alphas14": 7.783336490780068, "alphas2": 3.5846520676981353, "alphas3": 35.960794651854414, "alphas4": 37.4306845210763, "alphas5": 31.51909094144983, "alphas6": 38.50868343622466, "alphas7": 33.355312074227164, "alphas8": 13.472618739446261, "alphas9": 3.076213241699657}, "datetime": {"datetime": "2018-12-18 13:07:54", "elapsed": 399.344163, "delta": 33.9755}}
{"target": 0.07111566959561597, "params": {"alphas0": 0.49118896752744945, "alphas1": 31.82042117785096, "alphas10": 38.922018433667965, "alphas11": 0.9899565945260491, "alphas12": 13.683606004410137, "alphas13": 10.17960895311254, "alphas14": 30.528785231595915, "alphas2": 9.550491497598458, "alphas3": 32.55752470482435, "alphas4": 36.320495794960685, "alphas5": 37.83066628245939, "alphas6": 39.492965797150276, "alphas7": 26.81543997853344, "alphas8": 0.3577047854638504, "alphas9": 6.6768873323121}, "datetime": {"datetime": "2018-12-18 13:08:27", "elapsed": 432.956462, "delta": 33.612299}}
{"target": 0.07020077743134272, "params": {"alphas0": 0.8077002474837736, "alphas1": 33.64672793069786, "alphas10": 16.58775370085733, "alphas11": 1.0847982955427637, "alphas12": 8.28795126374783, "alphas13": 35.911769212808686, "alphas14": 31.692095089987177, "alphas2": 1.350794326516338, "alphas3": 32.355958455346105, "alphas4": 35.11920529638406, "alphas5": 34.43948201141406, "alphas6": 33.19203299079513, "alphas7": 39.497541378205874, "alphas8": 9.725838564368665, "alphas9": 13.870603869760112}, "datetime": {"datetime": "2018-12-18 13:08:56", "elapsed": 461.373165, "delta": 28.416703}}
{"target": 0.06933677500629873, "params": {"alphas0": 4.199472382454377, "alphas1": 31.157329818750764, "alphas10": 38.38427330062261, "alphas11": 27.264245675982906, "alphas12": 38.86000271375805, "alphas13": 37.16032656356392, "alphas14": 39.480622317355134, "alphas2": 3.2631039051743027, "alphas3": 38.16815033551804, "alphas4": 30.097116131906855, "alphas5": 19.812363687666394, "alphas6": 29.137912273232153, "alphas7": 35.14063849321185, "alphas8": 0.23476117981123146, "alphas9": 8.33884616953977}, "datetime": {"datetime": "2018-12-18 13:09:25", "elapsed": 490.387529, "delta": 29.014364}}
{"target": 0.06998965139203815, "params": {"alphas0": 31.68353779645605, "alphas1": 37.826861646169604, "alphas10": 39.76563047135186, "alphas11": 9.545489831692464, "alphas12": 14.487435615940978, "alphas13": 37.50317351675447, "alphas14": 3.7685612854806205, "alphas2": 5.887249819950013, "alphas3": 4.414734313373021, "alphas4": 39.947879335906094, "alphas5": 33.79432031010205, "alphas6": 35.84177356768814, "alphas7": 38.27827627635145, "alphas8": 28.57970777714876, "alphas9": 7.51709006618555}, "datetime": {"datetime": "2018-12-18 13:09:53", "elapsed": 518.578389, "delta": 28.19086}}
{"target": 0.06957195345175085, "params": {"alphas0": 28.02516100527182, "alphas1": 36.02663545252189, "alphas10": 29.83895358078147, "alphas11": 13.062729134898756, "alphas12": 9.09284492581893, "alphas13": 37.89304966888517, "alphas14": 35.43137905443376, "alphas2": 0.697450485342479, "alphas3": 17.20439092101634, "alphas4": 5.950547268682933, "alphas5": 35.81565265777412, "alphas6": 38.294968173379296, "alphas7": 38.62237971296622, "alphas8": 3.4053189180907495, "alphas9": 1.4550090911605729}, "datetime": {"datetime": "2018-12-18 13:10:21", "elapsed": 546.629316, "delta": 28.050927}}
