{"target": 0.06971917060342646, "params": {"alphas0": 27.593283575829084, "alphas1": 38.77656651920307, "alphas10": 39.90043352493514, "alphas11": 5.26613092119824, "alphas12": 21.828390675122215, "alphas13": 39.07078508123377, "alphas14": 28.652106801558546, "alphas2": 25.620144852850324, "alphas3": 39.42269772071604, "alphas4": 31.952410608462543, "alphas5": 18.454890434088345, "alphas6": 23.86868982152191, "alphas7": 31.35234055367334, "alphas8": 39.09900229595567, "alphas9": 1.0440727957417995}, "datetime": {"datetime": "2018-12-18 13:50:31", "elapsed": 2956.709579, "delta": 47.952325}}
{"target": 0.07057187062232301, "params": {"alphas0": 10.478993591650925, "alphas1": 39.14378062791214, "alphas10": 37.309936919612745, "alphas11": 0.6350448941597842, "alphas12": 22.059139478538043, "alphas13": 23.248963087546173, "alphas14": 32.36604779233212, "alphas2": 0.45308784323801365, "alphas3": 22.467633966646225, "alphas4": 20.372812528461548, "alphas5": 1.7022268654617978, "alphas6": 10.165715045598716, "alphas7": 39.302127134829654, "alphas8": 38.09924640626104, "alphas9": 13.18244310609694}, "datetime": {"datetime": "2018-12-18 13:51:20", "elapsed": 3005.83325, "delta": 49.123671}}
{"target": 0.07078166899722835, "params": {"alphas0": 37.081970477162855, "alphas1": 31.066879213073328, "alphas10": 32.75161566686623, "alphas11": 8.889070491203226, "alphas12": 35.31856208979035, "alphas13": 37.2055705742282, "alphas14": 36.52504251464741, "alphas2": 3.851403288177111, "alphas3": 38.24175490478791, "alphas4": 38.854478273623904, "alphas5": 14.836332438314592, "alphas6": 39.86619802549508, "alphas7": 16.213626704124678, "alphas8": 32.28141014634825, "alphas9": 3.8836081326525473}, "datetime": {"datetime": "2018-12-18 13:52:15", "elapsed": 3060.723113, "delta": 54.889863}}
{"target": 0.07075362106324005, "params": {"alphas0": 11.156932078266797, "alphas1": 31.925233390252913, "alphas10": 5.700880016743279, "alphas11": 5.428627245393578, "alphas12": 38.064804880970044, "alphas13": 38.2448446185089, "alphas14": 14.476780876408085, "alphas2": 1.5752789803489664, "alphas3": 3.997062666797584, "alphas4": 32.99002160203536, "alphas5": 18.319231145716625, "alphas6": 37.15150257386888, "alphas7": 38.617122091323765, "alphas8": 37.687449429739516, "alphas9": 4.321188046045625}, "datetime": {"datetime": "2018-12-18 13:53:05", "elapsed": 3110.280454, "delta": 49.557341}}
{"target": 0.07022013740866719, "params": {"alphas0": 6.951836058316623, "alphas1": 38.666811236299104, "alphas10": 36.852032512416706, "alphas11": 0.22060374158215712, "alphas12": 23.348800564404215, "alphas13": 35.308761072224435, "alphas14": 10.657273748902082, "alphas2": 2.8163019728628846, "alphas3": 34.292066285769195, "alphas4": 37.25142217014344, "alphas5": 3.7435098482558926, "alphas6": 39.136590701916475, "alphas7": 21.59792853898161, "alphas8": 35.28692962272872, "alphas9": 16.411793721817563}, "datetime": {"datetime": "2018-12-18 13:53:55", "elapsed": 3160.418333, "delta": 50.137879}}
{"target": 0.07044709416729646, "params": {"alphas0": 4.776927657717214, "alphas1": 36.38722668778831, "alphas10": 38.482715542890766, "alphas11": 9.471220336101528, "alphas12": 39.6483395204412, "alphas13": 33.662348735206116, "alphas14": 21.555784946380022, "alphas2": 4.0130240752641155, "alphas3": 35.69400406344584, "alphas4": 35.23663267620637, "alphas5": 21.255003512032967, "alphas6": 35.99783461087612, "alphas7": 38.655711521919194, "alphas8": 31.16663218908164, "alphas9": 0.2837562429167306}, "datetime": {"datetime": "2018-12-18 13:54:45", "elapsed": 3211.103197, "delta": 50.684864}}
{"target": 0.07087241187956662, "params": {"alphas0": 14.556482622709472, "alphas1": 39.01958835595848, "alphas10": 21.761801126601803, "alphas11": 1.3627895819858393, "alphas12": 7.754915659378163, "alphas13": 37.11298553181436, "alphas14": 38.385133623184885, "alphas2": 4.19935183980253, "alphas3": 30.958407418349022, "alphas4": 38.026893155298225, "alphas5": 1.9421147082767742, "alphas6": 36.78239795492331, "alphas7": 31.35476543100242, "alphas8": 5.490671178322812, "alphas9": 2.968704541226548}, "datetime": {"datetime": "2018-12-18 13:55:36", "elapsed": 3261.542832, "delta": 50.439635}}
{"target": 0.07094310197782802, "params": {"alphas0": 32.241533202866286, "alphas1": 39.63924190680052, "alphas10": 34.392900676061224, "alphas11": 0.951223486338395, "alphas12": 23.024451943847787, "alphas13": 29.488309943012567, "alphas14": 39.620592008170796, "alphas2": 3.537194918212614, "alphas3": 36.242680235230736, "alphas4": 7.651369048052521, "alphas5": 38.73665344767264, "alphas6": 23.971612885113647, "alphas7": 39.20427761894144, "alphas8": 36.5429608219832, "alphas9": 3.5152707790867765}, "datetime": {"datetime": "2018-12-18 13:56:31", "elapsed": 3316.758226, "delta": 55.215394}}
{"target": 0.07034300859788353, "params": {"alphas0": 33.20588976733542, "alphas1": 34.90835128781579, "alphas10": 4.012303095186125, "alphas11": 1.8203203097428489, "alphas12": 27.034588326651665, "alphas13": 37.93280814541069, "alphas14": 36.96533573700811, "alphas2": 0.36220481436811447, "alphas3": 28.037528109155957, "alphas4": 8.51058185111385, "alphas5": 11.195095193749669, "alphas6": 37.82704041576884, "alphas7": 24.71396790990072, "alphas8": 32.80809819040211, "alphas9": 1.6491744394790864}, "datetime": {"datetime": "2018-12-18 13:57:37", "elapsed": 3382.729151, "delta": 65.970925}}
{"target": 0.07111698119803471, "params": {"alphas0": 12.262990203814441, "alphas1": 33.14418210973125, "alphas10": 16.807503348727376, "alphas11": 1.2688075533717713, "alphas12": 35.490778181251386, "alphas13": 30.695284254074295, "alphas14": 34.208482814851216, "alphas2": 0.8314670414468495, "alphas3": 33.80626673762898, "alphas4": 1.3283964502529555, "alphas5": 31.313955891150407, "alphas6": 37.03605046900493, "alphas7": 34.98439407461984, "alphas8": 36.41669059924491, "alphas9": 1.4782516433403936}, "datetime": {"datetime": "2018-12-18 13:58:53", "elapsed": 3458.571151, "delta": 75.842}}
{"target": 0.07101271614386492, "params": {"alphas0": 7.412172998615616, "alphas1": 31.35410039675555, "alphas10": 37.74491331573766, "alphas11": 0.7373904860631697, "alphas12": 37.805626960352065, "alphas13": 34.566893431855796, "alphas14": 39.237598923469484, "alphas2": 7.043916640646994, "alphas3": 10.41189947086195, "alphas4": 35.584138317782546, "alphas5": 1.2709069033874432, "alphas6": 21.708306374374896, "alphas7": 39.8756373232676, "alphas8": 37.928304125752355, "alphas9": 3.5935061110778976}, "datetime": {"datetime": "2018-12-18 14:00:03", "elapsed": 3528.490703, "delta": 69.919552}}
{"target": 0.07038100588939264, "params": {"alphas0": 5.9409761664836624, "alphas1": 39.70302023141493, "alphas10": 10.324731652649653, "alphas11": 2.407616369737897, "alphas12": 38.75462801145724, "alphas13": 39.469438545843836, "alphas14": 39.8412316531257, "alphas2": 18.111711603142993, "alphas3": 18.558288108161044, "alphas4": 37.50253593936283, "alphas5": 26.045078860933444, "alphas6": 32.66329579390618, "alphas7": 34.49275031855409, "alphas8": 37.965678585307494, "alphas9": 0.4566060590335441}, "datetime": {"datetime": "2018-12-18 14:01:13", "elapsed": 3598.788914, "delta": 70.298211}}
{"target": 0.07134106484630882, "params": {"alphas0": 4.613747624177793, "alphas1": 33.13030972067353, "alphas10": 31.995265803302644, "alphas11": 0.30909567014063555, "alphas12": 31.2463597084229, "alphas13": 38.01040418317537, "alphas14": 30.198372403469108, "alphas2": 0.6357514473645098, "alphas3": 34.151529564297626, "alphas4": 1.461451766623143, "alphas5": 25.769876612487582, "alphas6": 30.297548017087188, "alphas7": 24.886718533261195, "alphas8": 27.81808083751713, "alphas9": 0.8462110933640643}, "datetime": {"datetime": "2018-12-18 14:02:24", "elapsed": 3669.812028, "delta": 71.023114}}
{"target": 0.07012569230284707, "params": {"alphas0": 27.558823773652044, "alphas1": 38.65507035025373, "alphas10": 26.645232714811552, "alphas11": 5.387778225006121, "alphas12": 30.64542727139341, "alphas13": 34.60688497751269, "alphas14": 30.217785046676052, "alphas2": 3.6102851485222986, "alphas3": 22.443823665173056, "alphas4": 2.120032994595098, "alphas5": 2.192119057767532, "alphas6": 24.054395806200134, "alphas7": 36.312397842083215, "alphas8": 33.345677118675255, "alphas9": 2.267914667037685}, "datetime": {"datetime": "2018-12-18 14:03:38", "elapsed": 3744.049905, "delta": 74.237877}}
{"target": 0.0705677524565381, "params": {"alphas0": 0.056099711396422336, "alphas1": 37.54485011287842, "alphas10": 3.9190448802726596, "alphas11": 4.662582694598831, "alphas12": 28.408258851967908, "alphas13": 33.56456837729711, "alphas14": 35.243278552179746, "alphas2": 5.275032023435755, "alphas3": 36.002694683707176, "alphas4": 0.8159513385929085, "alphas5": 1.6180021635163744, "alphas6": 10.382924442581306, "alphas7": 37.772519060459395, "alphas8": 34.71895209595124, "alphas9": 1.181394824777784}, "datetime": {"datetime": "2018-12-18 14:04:49", "elapsed": 3814.570988, "delta": 70.521083}}
{"target": 0.07026025163769213, "params": {"alphas0": 6.342625796256183, "alphas1": 39.79268181571945, "alphas10": 35.391798054981884, "alphas11": 0.10759459647363467, "alphas12": 39.345535866961484, "alphas13": 38.89212207190798, "alphas14": 39.62745172555606, "alphas2": 28.083398205151862, "alphas3": 21.816549148321684, "alphas4": 33.995110271560904, "alphas5": 0.3224176956099134, "alphas6": 27.696432839135674, "alphas7": 23.308315210046576, "alphas8": 31.061649134529084, "alphas9": 1.37341133237054}, "datetime": {"datetime": "2018-12-18 14:06:02", "elapsed": 3887.425423, "delta": 72.854435}}
{"target": 0.0707382205530359, "params": {"alphas0": 30.182592409745297, "alphas1": 36.373155884235466, "alphas10": 33.84183004153893, "alphas11": 3.6656390665487093, "alphas12": 22.70622740098942, "alphas13": 37.27138907254516, "alphas14": 39.82450667326586, "alphas2": 0.16024040251524596, "alphas3": 9.311408596203673, "alphas4": 25.633511654344396, "alphas5": 36.99737650810206, "alphas6": 34.116593784040404, "alphas7": 35.210250278262876, "alphas8": 36.778976479181914, "alphas9": 3.654822650517948}, "datetime": {"datetime": "2018-12-18 14:07:21", "elapsed": 3966.741014, "delta": 79.315591}}
{"target": 0.07106796712018137, "params": {"alphas0": 19.60838993314987, "alphas1": 36.070558171006475, "alphas10": 22.583639246629286, "alphas11": 1.0203004915004188, "alphas12": 13.470467879811148, "alphas13": 30.574864009533457, "alphas14": 33.211292366374245, "alphas2": 0.28072896164771155, "alphas3": 36.82870942459745, "alphas4": 9.303785108274374, "alphas5": 4.930370686658567, "alphas6": 22.30097598617054, "alphas7": 32.63015599878861, "alphas8": 39.36431104830157, "alphas9": 4.31880338889425}, "datetime": {"datetime": "2018-12-18 14:08:33", "elapsed": 4038.949775, "delta": 72.208761}}
{"target": 0.07053927431342899, "params": {"alphas0": 4.351725286495132, "alphas1": 38.55256900553416, "alphas10": 39.09849235771988, "alphas11": 7.2142567603894525, "alphas12": 29.170352008700032, "alphas13": 32.225434902626574, "alphas14": 38.15723891901873, "alphas2": 7.735347132303434, "alphas3": 26.84360209685003, "alphas4": 0.5072033982876745, "alphas5": 34.50396627694382, "alphas6": 27.249106185392094, "alphas7": 38.60207494394316, "alphas8": 38.165531135404215, "alphas9": 0.7114686157100936}, "datetime": {"datetime": "2018-12-18 14:09:41", "elapsed": 4106.852925, "delta": 67.90315}}
{"target": 0.07085969255479972, "params": {"alphas0": 8.822057522474038, "alphas1": 24.934044756361434, "alphas10": 5.606224902323027, "alphas11": 4.895139089247387, "alphas12": 22.791908234460134, "alphas13": 18.717159294280993, "alphas14": 38.26258334743856, "alphas2": 3.473963949687735, "alphas3": 39.893533872228986, "alphas4": 13.316183883449693, "alphas5": 8.268746688495735, "alphas6": 39.07488810859804, "alphas7": 37.826492287201106, "alphas8": 39.801940741177326, "alphas9": 1.357516374717127}, "datetime": {"datetime": "2018-12-18 14:10:52", "elapsed": 4178.030392, "delta": 71.177467}}
{"target": 0.07088403505290998, "params": {"alphas0": 36.564100039370224, "alphas1": 38.37523044810841, "alphas10": 9.726694613281666, "alphas11": 1.1273028536709573, "alphas12": 37.79537082132481, "alphas13": 39.39322662319943, "alphas14": 28.78236685188512, "alphas2": 3.101971431627817, "alphas3": 28.785961295438426, "alphas4": 30.214701852652077, "alphas5": 34.43066469958321, "alphas6": 39.420009946157066, "alphas7": 27.341090101719935, "alphas8": 37.47807273442002, "alphas9": 7.472864306371578}, "datetime": {"datetime": "2018-12-18 14:12:07", "elapsed": 4252.76133, "delta": 74.730938}}
{"target": 0.07047669242882328, "params": {"alphas0": 31.37358789556664, "alphas1": 38.48672745120276, "alphas10": 8.26190173672709, "alphas11": 0.8050080305381879, "alphas12": 14.279727738183428, "alphas13": 39.496011102745314, "alphas14": 20.339139362409, "alphas2": 6.4763052545926625, "alphas3": 39.60603061836569, "alphas4": 13.970347951522886, "alphas5": 37.92588162168146, "alphas6": 33.33404786073018, "alphas7": 39.567794796039024, "alphas8": 37.432274745499456, "alphas9": 0.5050141788245677}, "datetime": {"datetime": "2018-12-18 14:13:20", "elapsed": 4325.568328, "delta": 72.806998}}
{"target": 0.07140671910430825, "params": {"alphas0": 0.7211886654848865, "alphas1": 37.820656063978845, "alphas10": 15.67425012248159, "alphas11": 1.7349914774275943, "alphas12": 4.0960216967610075, "alphas13": 34.68207062202961, "alphas14": 39.777774083397034, "alphas2": 2.3435548705592035, "alphas3": 31.52790422358615, "alphas4": 4.73651033327549, "alphas5": 2.6074636964704556, "alphas6": 37.2357508558191, "alphas7": 36.0688045461186, "alphas8": 32.46028020434259, "alphas9": 3.361962735542301}, "datetime": {"datetime": "2018-12-18 14:14:34", "elapsed": 4399.858971, "delta": 74.290643}}
{"target": 0.07080501184177364, "params": {"alphas0": 26.323431932973605, "alphas1": 38.570481044787094, "alphas10": 36.89289881391156, "alphas11": 1.3225977352201124, "alphas12": 37.69650287593418, "alphas13": 19.878501791679124, "alphas14": 37.21129162057236, "alphas2": 0.5017794765267203, "alphas3": 33.09684895767079, "alphas4": 35.60695354325061, "alphas5": 11.59455571733976, "alphas6": 4.9406222257541454, "alphas7": 39.117799613290096, "alphas8": 27.292490267833017, "alphas9": 3.766285061970831}, "datetime": {"datetime": "2018-12-18 14:15:47", "elapsed": 4472.942965, "delta": 73.083994}}
{"target": 0.07098769608213659, "params": {"alphas0": 4.956678207338379, "alphas1": 37.833836640128894, "alphas10": 30.392284750616984, "alphas11": 1.323054656194964, "alphas12": 2.572262453155454, "alphas13": 34.16648354802276, "alphas14": 19.119272182397427, "alphas2": 0.1968175100486036, "alphas3": 34.428265837260724, "alphas4": 17.899961278410963, "alphas5": 5.4047518741445355, "alphas6": 4.020565879472953, "alphas7": 28.519624949463047, "alphas8": 36.712255430102665, "alphas9": 6.312580500536642}, "datetime": {"datetime": "2018-12-18 14:17:02", "elapsed": 4548.08681, "delta": 75.143845}}
{"target": 0.07138421384479714, "params": {"alphas0": 39.19915288972267, "alphas1": 15.246896776051443, "alphas10": 14.080630295606444, "alphas11": 1.248895323380168, "alphas12": 39.71262724153817, "alphas13": 33.99485317128972, "alphas14": 39.93767625873482, "alphas2": 3.9988181097800535, "alphas3": 38.36411208318901, "alphas4": 25.521955534735152, "alphas5": 1.39985072507812, "alphas6": 38.71907603638093, "alphas7": 32.38869395943698, "alphas8": 37.20844206737337, "alphas9": 3.175282878540866}, "datetime": {"datetime": "2018-12-18 14:18:19", "elapsed": 4624.278706, "delta": 76.191896}}
{"target": 0.07060075897581251, "params": {"alphas0": 31.88081991413776, "alphas1": 38.991910704133616, "alphas10": 32.43590230110258, "alphas11": 0.11198801971769257, "alphas12": 18.806399790688335, "alphas13": 30.321266670813017, "alphas14": 38.12826257373354, "alphas2": 3.1021595265402, "alphas3": 38.25394156864627, "alphas4": 14.126810584204673, "alphas5": 3.1731248420580505, "alphas6": 7.319695850069161, "alphas7": 33.86475712221809, "alphas8": 20.129314458484096, "alphas9": 4.234371480529999}, "datetime": {"datetime": "2018-12-18 14:19:34", "elapsed": 4699.356957, "delta": 75.078251}}
{"target": 0.06932594976694377, "params": {"alphas0": 36.67634232158095, "alphas1": 37.02457730638026, "alphas10": 18.169852966515442, "alphas11": 1.6254373224985086, "alphas12": 33.58848484922578, "alphas13": 33.27189484736414, "alphas14": 13.293911754621544, "alphas2": 1.1378605373081374, "alphas3": 39.159868717176, "alphas4": 0.9910611214077925, "alphas5": 2.7805636960684588, "alphas6": 17.757334312915006, "alphas7": 33.03187579807209, "alphas8": 32.79934521783915, "alphas9": 0.6078179163423547}, "datetime": {"datetime": "2018-12-18 14:20:53", "elapsed": 4778.442601, "delta": 79.085644}}
{"target": 0.07110028202947846, "params": {"alphas0": 21.588857173926268, "alphas1": 36.912855339886235, "alphas10": 34.88276633810589, "alphas11": 0.11245246195185743, "alphas12": 39.026098839009215, "alphas13": 31.99658018445676, "alphas14": 35.811714042585784, "alphas2": 2.539011904735151, "alphas3": 37.35715498038464, "alphas4": 1.0903978792976732, "alphas5": 4.561663253993351, "alphas6": 32.86246335405815, "alphas7": 34.3030691468392, "alphas8": 31.108483228422816, "alphas9": 7.81405738489044}, "datetime": {"datetime": "2018-12-18 14:22:15", "elapsed": 4860.823387, "delta": 82.380786}}
{"target": 0.0706263210191483, "params": {"alphas0": 8.030937711572133, "alphas1": 34.422465954877566, "alphas10": 5.732655773137636, "alphas11": 13.9823958501991, "alphas12": 34.96900467342152, "alphas13": 38.002382519843835, "alphas14": 39.476675787010365, "alphas2": 3.0049585335374696, "alphas3": 35.313208157468914, "alphas4": 33.49063464743514, "alphas5": 32.23363319035562, "alphas6": 36.82867036154445, "alphas7": 39.28421357096686, "alphas8": 25.151118656836232, "alphas9": 4.302310739691189}, "datetime": {"datetime": "2018-12-18 14:23:38", "elapsed": 4943.479496, "delta": 82.656109}}
{"target": 0.0705607555429578, "params": {"alphas0": 18.80812729652382, "alphas1": 37.54367453214125, "alphas10": 12.445409102452691, "alphas11": 3.090397021197826, "alphas12": 22.568330647630972, "alphas13": 36.85450714319783, "alphas14": 39.880556743353225, "alphas2": 4.730205051520868, "alphas3": 14.043489585426006, "alphas4": 25.500937528613775, "alphas5": 2.208263249028386, "alphas6": 39.05493620518881, "alphas7": 32.060090153938454, "alphas8": 33.64818720074031, "alphas9": 6.207974570118848}, "datetime": {"datetime": "2018-12-18 14:25:05", "elapsed": 5030.579277, "delta": 87.099781}}
