{"target": 0.06889879009196279, "params": {"alphas0": 2.5025050220350886, "alphas1": 4.109378057700153, "alphas10": 34.538127234724115, "alphas11": 0.29260975908099507, "alphas12": 36.831397265655546, "alphas13": 32.62173612734404, "alphas14": 31.10358422965909, "alphas2": 5.859365561603758, "alphas3": 14.551434126028223, "alphas4": 39.77403281509658, "alphas5": 39.10241432404519, "alphas6": 39.357667178256634, "alphas7": 39.547705367600486, "alphas8": 3.5376482239368245, "alphas9": 11.680545042934135}, "datetime": {"datetime": "2018-12-18 13:10:48", "elapsed": 574.189208, "delta": 27.559892}}
{"target": 0.07004793411438652, "params": {"alphas0": 0.802337060438405, "alphas1": 38.042245590921624, "alphas10": 37.835927862270765, "alphas11": 7.634762700854467, "alphas12": 16.433486454305424, "alphas13": 15.932399031110771, "alphas14": 19.634001392896494, "alphas2": 0.1562781065502694, "alphas3": 38.08434501726657, "alphas4": 2.93663833774072, "alphas5": 36.11176067579382, "alphas6": 39.146030759891, "alphas7": 28.783802694960748, "alphas8": 38.91701168853367, "alphas9": 15.807763785240248}, "datetime": {"datetime": "2018-12-18 13:11:17", "elapsed": 603.114971, "delta": 28.925763}}
{"target": 0.07102519346812801, "params": {"alphas0": 30.887391882605524, "alphas1": 36.29696028416818, "alphas10": 35.82948497674126, "alphas11": 0.44317735387670254, "alphas12": 38.51731772885158, "alphas13": 38.481223076180584, "alphas14": 26.768544918680583, "alphas2": 1.0723301165595833, "alphas3": 38.328180134361666, "alphas4": 38.86001052034868, "alphas5": 39.20463637371195, "alphas6": 39.25061704926114, "alphas7": 19.688726456374745, "alphas8": 30.21631704647264, "alphas9": 9.347314887199737}, "datetime": {"datetime": "2018-12-18 13:11:45", "elapsed": 631.002098, "delta": 27.887127}}
{"target": 0.07031373154446943, "params": {"alphas0": 23.69374842146954, "alphas1": 38.476450203494124, "alphas10": 38.39749371626568, "alphas11": 8.612049980053339, "alphas12": 7.66383402777699, "alphas13": 31.550710514175027, "alphas14": 7.406656131160827, "alphas2": 8.934060542836555, "alphas3": 39.854562205416066, "alphas4": 27.842188351173526, "alphas5": 39.45217690920487, "alphas6": 39.48027367752338, "alphas7": 30.711839936358373, "alphas8": 33.64364653706336, "alphas9": 1.6329435543776594}, "datetime": {"datetime": "2018-12-18 13:12:12", "elapsed": 657.9818, "delta": 26.979702}}
{"target": 0.06923020924666151, "params": {"alphas0": 3.5541531548217575, "alphas1": 38.92671300484271, "alphas10": 38.222672116415396, "alphas11": 24.56248999305143, "alphas12": 24.132857452074212, "alphas13": 7.895040650323937, "alphas14": 34.48641660670223, "alphas2": 0.876089400013349, "alphas3": 36.68920492839406, "alphas4": 25.392415515295937, "alphas5": 36.2646055556011, "alphas6": 38.81875006620014, "alphas7": 34.829274208321486, "alphas8": 38.66989810851698, "alphas9": 4.053033900186973}, "datetime": {"datetime": "2018-12-18 13:12:40", "elapsed": 685.308467, "delta": 27.326667}}
{"target": 0.07075196025447207, "params": {"alphas0": 7.6572311347250155, "alphas1": 34.950879089205905, "alphas10": 38.211509390449194, "alphas11": 2.8656668528937246, "alphas12": 4.029915653733549, "alphas13": 35.865523403312125, "alphas14": 21.016808437090212, "alphas2": 13.805061010916164, "alphas3": 6.5564094037597975, "alphas4": 34.20662173442216, "alphas5": 6.804475439505402, "alphas6": 38.620628164393345, "alphas7": 34.09568716456513, "alphas8": 39.69144612891713, "alphas9": 4.218536801202051}, "datetime": {"datetime": "2018-12-18 13:13:07", "elapsed": 712.599044, "delta": 27.290577}}
{"target": 0.07021936627614006, "params": {"alphas0": 2.1146609151637774, "alphas1": 32.922053703625174, "alphas10": 36.90524364543511, "alphas11": 4.051508279840803, "alphas12": 2.832349256950968, "alphas13": 6.307756557954414, "alphas14": 39.03274556560014, "alphas2": 2.085835732935588, "alphas3": 39.47262530739732, "alphas4": 37.625254245421445, "alphas5": 15.74923409537682, "alphas6": 36.47913732856359, "alphas7": 24.531184307911072, "alphas8": 36.024308442751625, "alphas9": 12.090712108312104}, "datetime": {"datetime": "2018-12-18 13:13:34", "elapsed": 739.554085, "delta": 26.955041}}
{"target": 0.07123618527966742, "params": {"alphas0": 3.9574461670661476, "alphas1": 29.12241055136171, "alphas10": 31.072930964893345, "alphas11": 0.19914938950594596, "alphas12": 39.21699320890358, "alphas13": 5.3056701191183775, "alphas14": 39.93940978776499, "alphas2": 12.854102814401568, "alphas3": 37.47815267662526, "alphas4": 30.152513159843217, "alphas5": 12.354628873602792, "alphas6": 38.081582197377855, "alphas7": 35.9346255083268, "alphas8": 39.025168255354544, "alphas9": 6.577299919318245}, "datetime": {"datetime": "2018-12-18 13:14:08", "elapsed": 773.776231, "delta": 34.222146}}
{"target": 0.07016376395187683, "params": {"alphas0": 24.42361565227295, "alphas1": 39.26553553781106, "alphas10": 39.663995075737645, "alphas11": 1.3332966913514888, "alphas12": 1.5647992607116867, "alphas13": 4.6025782409908755, "alphas14": 33.976774647080305, "alphas2": 0.6575765554155355, "alphas3": 1.0872585162453863, "alphas4": 38.96739616471657, "alphas5": 20.664341728177998, "alphas6": 36.34464089479723, "alphas7": 38.87795010156507, "alphas8": 6.996667328286792, "alphas9": 3.1676529218377825}, "datetime": {"datetime": "2018-12-18 13:14:35", "elapsed": 800.580786, "delta": 26.804555}}
{"target": 0.06964104840639943, "params": {"alphas0": 19.120755329513482, "alphas1": 39.99181348652582, "alphas10": 37.272097823550126, "alphas11": 0.2900311894965446, "alphas12": 37.90284643710051, "alphas13": 39.62053570943517, "alphas14": 15.844624914389374, "alphas2": 33.810950812704846, "alphas3": 13.726093265108235, "alphas4": 27.034574577580116, "alphas5": 28.940210268995102, "alphas6": 38.21080432005444, "alphas7": 39.84599612644741, "alphas8": 39.29275134303996, "alphas9": 1.2215456857831697}, "datetime": {"datetime": "2018-12-18 13:15:03", "elapsed": 829.135372, "delta": 28.554586}}
{"target": 0.0701820178886368, "params": {"alphas0": 7.182832727538755, "alphas1": 37.97412034740204, "alphas10": 15.12940523991983, "alphas11": 3.3025962387898833, "alphas12": 38.85436823890367, "alphas13": 35.95906374583543, "alphas14": 31.5162944686341, "alphas2": 1.41528674774277, "alphas3": 5.37982127347155, "alphas4": 35.39214791428843, "alphas5": 1.2922023143546335, "alphas6": 39.53691771783128, "alphas7": 38.539571125012046, "alphas8": 36.90797752974605, "alphas9": 13.094457110124091}, "datetime": {"datetime": "2018-12-18 13:15:31", "elapsed": 856.994339, "delta": 27.858967}}
{"target": 0.07097884797808007, "params": {"alphas0": 21.74432170108204, "alphas1": 39.99209695198519, "alphas10": 37.43280147263625, "alphas11": 0.0012038260476421314, "alphas12": 38.276083039479005, "alphas13": 29.988305952930144, "alphas14": 8.944817728909001, "alphas2": 6.321540129094352, "alphas3": 38.47464689264457, "alphas4": 7.276208470073269, "alphas5": 39.178501404919686, "alphas6": 35.06085545848662, "alphas7": 30.20318694699977, "alphas8": 37.675511841761484, "alphas9": 10.752725346671635}, "datetime": {"datetime": "2018-12-18 13:16:00", "elapsed": 885.329624, "delta": 28.335285}}
{"target": 0.07040821532501869, "params": {"alphas0": 38.25508921741519, "alphas1": 35.51499896458398, "alphas10": 21.1350530915373, "alphas11": 9.4004262451088, "alphas12": 21.075309106330756, "alphas13": 1.381896121119497, "alphas14": 23.862263682798407, "alphas2": 1.626910827562451, "alphas3": 39.465122761696335, "alphas4": 38.61648637389648, "alphas5": 29.533786363088133, "alphas6": 39.18183686863474, "alphas7": 38.693584548092, "alphas8": 39.16494671127373, "alphas9": 6.778545303606602}, "datetime": {"datetime": "2018-12-18 13:16:28", "elapsed": 913.768709, "delta": 28.439085}}
{"target": 0.07059401691232038, "params": {"alphas0": 37.79088021409378, "alphas1": 38.983100301268664, "alphas10": 38.38230305849872, "alphas11": 2.3703240276767668, "alphas12": 38.50079952419571, "alphas13": 33.89203473532457, "alphas14": 26.64953232647437, "alphas2": 2.220845119858157, "alphas3": 37.393372256474976, "alphas4": 31.458437273502838, "alphas5": 37.461140494042986, "alphas6": 37.760787779912576, "alphas7": 13.654127142321464, "alphas8": 38.931454431474734, "alphas9": 2.6676367115333877}, "datetime": {"datetime": "2018-12-18 13:16:56", "elapsed": 941.949093, "delta": 28.180384}}
{"target": 0.07082550859788357, "params": {"alphas0": 14.259664715914564, "alphas1": 35.39273446355379, "alphas10": 39.31615503220251, "alphas11": 1.991988949046286, "alphas12": 34.894166540628234, "alphas13": 36.54010037919347, "alphas14": 38.48847366545341, "alphas2": 0.6660879020192834, "alphas3": 22.21085422213315, "alphas4": 33.57455942766033, "alphas5": 20.484783924871863, "alphas6": 39.32099037267085, "alphas7": 27.450175774059904, "alphas8": 26.281666456429946, "alphas9": 0.2870349159907182}, "datetime": {"datetime": "2018-12-18 13:17:24", "elapsed": 969.619315, "delta": 27.670222}}
{"target": 0.07072345294784574, "params": {"alphas0": 37.1880244428928, "alphas1": 23.864825098257146, "alphas10": 23.867630922593143, "alphas11": 6.13032518518267, "alphas12": 37.73421225578276, "alphas13": 36.91035752048106, "alphas14": 36.56695211675203, "alphas2": 4.573425321050522, "alphas3": 34.44740904274485, "alphas4": 39.48456269008592, "alphas5": 2.1279870567939696, "alphas6": 37.43030397964177, "alphas7": 35.79452351843572, "alphas8": 33.16356577456044, "alphas9": 0.799060350107732}, "datetime": {"datetime": "2018-12-18 13:17:53", "elapsed": 998.820499, "delta": 29.201184}}
{"target": 0.07020576848702435, "params": {"alphas0": 14.556633012165765, "alphas1": 38.51119884290205, "alphas10": 39.123171155939886, "alphas11": 1.1015181170833044, "alphas12": 32.249228202985826, "alphas13": 1.2882389157421326, "alphas14": 38.12625095085528, "alphas2": 15.273986803860314, "alphas3": 30.338929978275484, "alphas4": 0.46134040948210053, "alphas5": 5.5090655413613066, "alphas6": 31.631184620313807, "alphas7": 31.807947149579356, "alphas8": 34.402916207134126, "alphas9": 8.492493058874079}, "datetime": {"datetime": "2018-12-18 13:18:21", "elapsed": 1026.625237, "delta": 27.804738}}
{"target": 0.06982997083648264, "params": {"alphas0": 17.08647716441384, "alphas1": 38.275340347524306, "alphas10": 39.10644063338562, "alphas11": 8.96646328511542, "alphas12": 39.01254410028304, "alphas13": 37.14201854412718, "alphas14": 39.29116119911, "alphas2": 27.44403284719803, "alphas3": 39.89583491145319, "alphas4": 22.282882971963144, "alphas5": 21.88669353014624, "alphas6": 39.12666838766869, "alphas7": 18.221212239080845, "alphas8": 35.66729576791387, "alphas9": 1.5373973698830845}, "datetime": {"datetime": "2018-12-18 13:18:50", "elapsed": 1055.566858, "delta": 28.941621}}
{"target": 0.07064850673973289, "params": {"alphas0": 38.96005564261506, "alphas1": 33.69417587453107, "alphas10": 36.48397887225877, "alphas11": 0.43641195280783585, "alphas12": 39.60134831890957, "alphas13": 26.197974175534064, "alphas14": 3.247093237762315, "alphas2": 4.1731166371169515, "alphas3": 25.243914885534426, "alphas4": 37.07498938055699, "alphas5": 6.848902474600793, "alphas6": 39.6901044431016, "alphas7": 1.2904735840797343, "alphas8": 39.23594571780611, "alphas9": 7.420572738240518}, "datetime": {"datetime": "2018-12-18 13:19:18", "elapsed": 1083.728188, "delta": 28.16133}}
{"target": 0.07027283711262274, "params": {"alphas0": 36.2039960419393, "alphas1": 36.28433953230172, "alphas10": 27.994444219410788, "alphas11": 1.0822156917237091, "alphas12": 28.41191665725634, "alphas13": 34.19364256256522, "alphas14": 0.12081296039506917, "alphas2": 2.650963867453293, "alphas3": 33.0254289933015, "alphas4": 22.74806363409258, "alphas5": 5.468918149233248, "alphas6": 38.705654021741985, "alphas7": 16.53511092677501, "alphas8": 33.10048823386233, "alphas9": 1.6419954212906118}, "datetime": {"datetime": "2018-12-18 13:19:47", "elapsed": 1112.897453, "delta": 29.169265}}
{"target": 0.07066371198664657, "params": {"alphas0": 15.373761778490618, "alphas1": 33.05983813495708, "alphas10": 39.76209795494408, "alphas11": 0.5424036913370323, "alphas12": 13.89295963793705, "alphas13": 37.4978944656463, "alphas14": 37.83177400660799, "alphas2": 4.605382300796443, "alphas3": 39.90708887653341, "alphas4": 7.504271481198552, "alphas5": 8.701849629403654, "alphas6": 32.241022578852046, "alphas7": 39.36560680964834, "alphas8": 33.45712682657389, "alphas9": 17.47140986861632}, "datetime": {"datetime": "2018-12-18 13:20:16", "elapsed": 1141.57086, "delta": 28.673407}}
{"target": 0.06886415693499616, "params": {"alphas0": 34.78608837318287, "alphas1": 38.84561167305237, "alphas10": 0.7788020976026466, "alphas11": 0.028332669403612343, "alphas12": 24.07960011866035, "alphas13": 3.9193459240556905, "alphas14": 35.26649205841132, "alphas2": 2.27592020638133, "alphas3": 36.832167753821246, "alphas4": 28.392733160732895, "alphas5": 37.294667155685175, "alphas6": 39.33120619507938, "alphas7": 29.05155358416735, "alphas8": 36.61202299216491, "alphas9": 34.256910738742555}, "datetime": {"datetime": "2018-12-18 13:20:44", "elapsed": 1170.039312, "delta": 28.468452}}
{"target": 0.070514897707231, "params": {"alphas0": 2.420714486336766, "alphas1": 11.945879998820619, "alphas10": 31.21066909718408, "alphas11": 3.1208801214428306, "alphas12": 11.569889206963246, "alphas13": 21.406473052356656, "alphas14": 39.72078252269319, "alphas2": 0.8525011854634723, "alphas3": 39.81117494598558, "alphas4": 36.721297476474405, "alphas5": 3.4126305671101687, "alphas6": 39.225805048216635, "alphas7": 30.143605698814405, "alphas8": 39.29911064486288, "alphas9": 3.9001106875713054}, "datetime": {"datetime": "2018-12-18 13:21:11", "elapsed": 1197.166506, "delta": 27.127194}}
{"target": 0.0678973947152934, "params": {"alphas0": 8.176271631754313, "alphas1": 36.83468037233227, "alphas10": 35.05508740055335, "alphas11": 0.7111433066227457, "alphas12": 35.934091035504785, "alphas13": 3.8621301707095057, "alphas14": 5.041565709165714, "alphas2": 33.30741663974001, "alphas3": 38.22652902143479, "alphas4": 20.12913767125636, "alphas5": 4.194094894028799, "alphas6": 38.56529941970674, "alphas7": 27.671622196111684, "alphas8": 3.763152559013645, "alphas9": 0.7751056589259608}, "datetime": {"datetime": "2018-12-18 13:21:40", "elapsed": 1225.315932, "delta": 28.149426}}
{"target": 0.07030558538044836, "params": {"alphas0": 6.945872099462038, "alphas1": 39.79931487463328, "alphas10": 38.85850842904026, "alphas11": 11.80239416745897, "alphas12": 14.348087061128073, "alphas13": 37.953902933315156, "alphas14": 34.4386302454687, "alphas2": 6.370928360517221, "alphas3": 4.2545048337236935, "alphas4": 38.610290776843314, "alphas5": 34.73030370708291, "alphas6": 7.4900268847365625, "alphas7": 35.72653683053875, "alphas8": 39.03175770917422, "alphas9": 4.094005900108817}, "datetime": {"datetime": "2018-12-18 13:22:10", "elapsed": 1255.605095, "delta": 30.289163}}
{"target": 0.07089657297178129, "params": {"alphas0": 15.626696218452437, "alphas1": 1.0612914561852005, "alphas10": 34.535087866601785, "alphas11": 1.2470475045376483, "alphas12": 39.78201433484673, "alphas13": 39.921382567485786, "alphas14": 38.97077188954776, "alphas2": 4.963572941913568, "alphas3": 39.26201591153852, "alphas4": 34.11680358712027, "alphas5": 36.79722598017369, "alphas6": 20.58474264830034, "alphas7": 38.946584228298526, "alphas8": 29.025516233499097, "alphas9": 5.1369216611966895}, "datetime": {"datetime": "2018-12-18 13:22:40", "elapsed": 1286.248061, "delta": 30.642966}}
{"target": 0.07088570845930955, "params": {"alphas0": 2.240562952292202, "alphas1": 33.993795169506555, "alphas10": 37.51525773477206, "alphas11": 1.4493178477168245, "alphas12": 14.450448184275482, "alphas13": 35.83100675407577, "alphas14": 38.18853117798021, "alphas2": 0.250248123068042, "alphas3": 37.30830688328169, "alphas4": 30.468554766579153, "alphas5": 38.790884474109745, "alphas6": 36.09583264469248, "alphas7": 33.16233039269944, "alphas8": 16.446670633101338, "alphas9": 9.743346819984296}, "datetime": {"datetime": "2018-12-18 13:23:09", "elapsed": 1315.246794, "delta": 28.998733}}
{"target": 0.07074716433610477, "params": {"alphas0": 12.51126022568525, "alphas1": 39.13015694183028, "alphas10": 9.92176139383651, "alphas11": 9.74161306109233, "alphas12": 5.605306431609844, "alphas13": 36.734096524775474, "alphas14": 37.29959508824663, "alphas2": 1.1576874904737577, "alphas3": 36.51174903081066, "alphas4": 36.12845895152616, "alphas5": 38.56735357219432, "alphas6": 39.431445229119134, "alphas7": 36.41402064905534, "alphas8": 23.095552553698425, "alphas9": 6.499092278014862}, "datetime": {"datetime": "2018-12-18 13:23:39", "elapsed": 1345.108224, "delta": 29.86143}}
{"target": 0.0705005834908036, "params": {"alphas0": 30.422030194561444, "alphas1": 38.106910953809646, "alphas10": 21.027359494114314, "alphas11": 1.3393506870358518, "alphas12": 14.291752026394867, "alphas13": 14.072484182718398, "alphas14": 37.517055026115976, "alphas2": 2.603904333280922, "alphas3": 30.580584766814, "alphas4": 31.766678670035567, "alphas5": 38.81489882155404, "alphas6": 38.949763405096746, "alphas7": 37.730922171904936, "alphas8": 23.066835073010715, "alphas9": 0.6941734854274095}, "datetime": {"datetime": "2018-12-18 13:24:08", "elapsed": 1374.191046, "delta": 29.082822}}
{"target": 0.07013321916729644, "params": {"alphas0": 36.57716265125696, "alphas1": 32.27445645202649, "alphas10": 6.941826637156847, "alphas11": 5.663734192614651, "alphas12": 27.731998178180227, "alphas13": 37.245513146572534, "alphas14": 39.1727323103271, "alphas2": 7.0343624712724395, "alphas3": 24.05690246767621, "alphas4": 34.08652158694786, "alphas5": 36.79040521180476, "alphas6": 38.807317329956796, "alphas7": 39.19442490855856, "alphas8": 35.65326091169345, "alphas9": 0.5783295425964985}, "datetime": {"datetime": "2018-12-18 13:24:39", "elapsed": 1404.761024, "delta": 30.569978}}
{"target": 0.07081167431972779, "params": {"alphas0": 4.776135046842835, "alphas1": 31.96584318914809, "alphas10": 39.68397170924567, "alphas11": 0.8098358278625017, "alphas12": 6.557013975710664, "alphas13": 28.188623317213093, "alphas14": 38.99370681226947, "alphas2": 0.43414933336204165, "alphas3": 35.05099532585262, "alphas4": 38.87816981006087, "alphas5": 8.06997761208613, "alphas6": 38.40961855121877, "alphas7": 30.652060259047754, "alphas8": 31.98321642200087, "alphas9": 4.019561624358188}, "datetime": {"datetime": "2018-12-18 13:25:08", "elapsed": 1434.201565, "delta": 29.440541}}
{"target": 0.07144268131141347, "params": {"alphas0": 13.452216293401985, "alphas1": 32.612402245741386, "alphas10": 25.079409835515104, "alphas11": 0.2585571650156693, "alphas12": 34.17172642516356, "alphas13": 37.43916269739559, "alphas14": 39.416968905827595, "alphas2": 6.48047158207699, "alphas3": 39.97509612792898, "alphas4": 35.91100000834659, "alphas5": 9.396710448394646, "alphas6": 27.969994256908947, "alphas7": 32.68985707389399, "alphas8": 37.12703782467868, "alphas9": 2.198209589171496}, "datetime": {"datetime": "2018-12-18 13:25:43", "elapsed": 1468.690014, "delta": 34.488449}}
{"target": 0.07106245247543466, "params": {"alphas0": 34.121363066496194, "alphas1": 3.6233516824103207, "alphas10": 36.07897079172193, "alphas11": 5.599820197460179, "alphas12": 2.7859962706757324, "alphas13": 39.203651933536136, "alphas14": 30.771436222506892, "alphas2": 1.8104298552702636, "alphas3": 24.34299347312409, "alphas4": 38.7777688293109, "alphas5": 20.94570191130451, "alphas6": 39.12082319414658, "alphas7": 39.632099462120294, "alphas8": 31.921428998756134, "alphas9": 7.9144652136157845}, "datetime": {"datetime": "2018-12-18 13:26:13", "elapsed": 1499.066033, "delta": 30.376019}}
{"target": 0.07056687711010322, "params": {"alphas0": 0.42504871070862205, "alphas1": 39.210672516787206, "alphas10": 37.150144815823, "alphas11": 3.7369023157625314, "alphas12": 38.31266209949987, "alphas13": 39.50559042345568, "alphas14": 39.71320483949652, "alphas2": 3.4518122876408386, "alphas3": 27.705239075540995, "alphas4": 1.9158989018799844, "alphas5": 15.411342571737844, "alphas6": 5.235126158195431, "alphas7": 37.219811068513394, "alphas8": 38.13976343903796, "alphas9": 13.71409941233457}, "datetime": {"datetime": "2018-12-18 13:26:42", "elapsed": 1527.609258, "delta": 28.543225}}
{"target": 0.07019223853615511, "params": {"alphas0": 5.991890487438991, "alphas1": 39.08226134749682, "alphas10": 14.523758443279666, "alphas11": 8.447306601368192, "alphas12": 7.40585663065791, "alphas13": 39.033475077913536, "alphas14": 37.35273931029683, "alphas2": 25.390199949485776, "alphas3": 35.48365272289829, "alphas4": 39.64576495409488, "alphas5": 33.45416875652912, "alphas6": 39.854599458918024, "alphas7": 35.33663660709664, "alphas8": 27.306520142927894, "alphas9": 1.9680244738371888}, "datetime": {"datetime": "2018-12-18 13:27:13", "elapsed": 1558.967857, "delta": 31.358599}}
{"target": 0.07124363218065, "params": {"alphas0": 9.529696761142183, "alphas1": 34.813445285637066, "alphas10": 34.19315714765449, "alphas11": 0.6235802976924543, "alphas12": 0.9107275382842506, "alphas13": 36.951580343088736, "alphas14": 15.300258356618208, "alphas2": 8.265509429956017, "alphas3": 37.899044038794415, "alphas4": 31.08732189401929, "alphas5": 32.1479770353143, "alphas6": 29.9404985637385, "alphas7": 36.422264888976144, "alphas8": 38.105013162712524, "alphas9": 3.835930686628548}, "datetime": {"datetime": "2018-12-18 13:27:41", "elapsed": 1587.219565, "delta": 28.251708}}
