{"target": 0.06857474685059194, "params": {"alphas0": 4.050965172684888, "alphas1": 25.309618671625834, "alphas10": 6.37569039996404, "alphas11": 25.592202814333426, "alphas12": 39.71228311335697, "alphas13": 21.360028793891853, "alphas14": 7.39350729951938, "alphas2": 10.72048991937427, "alphas3": 5.032263866090467, "alphas4": 37.80535885169006, "alphas5": 16.666298916624754, "alphas6": 6.043569173747119, "alphas7": 22.286390667410252, "alphas8": 15.96224883934283, "alphas9": 22.379171428371766}, "datetime": {"datetime": "2018-12-17 20:23:47", "elapsed": 0.0, "delta": 0.0}}
{"target": 0.06890885437137799, "params": {"alphas0": 15.5161340236061, "alphas1": 33.704464682848176, "alphas10": 4.724867494467291, "alphas11": 29.84431410142525, "alphas12": 39.60978200221602, "alphas13": 10.505784282285644, "alphas14": 25.724728610995406, "alphas2": 2.901358765095017, "alphas3": 29.90309983601337, "alphas4": 10.885041766086498, "alphas5": 0.00337135757111362, "alphas6": 16.48261182469938, "alphas7": 27.769828340638195, "alphas8": 35.44140874600909, "alphas9": 14.735777962368868}, "datetime": {"datetime": "2018-12-17 20:23:57", "elapsed": 10.691291, "delta": 10.691291}}
{"target": 0.06831769324766926, "params": {"alphas0": 17.343516881565794, "alphas1": 36.33067693859036, "alphas10": 24.53506736638468, "alphas11": 39.879439456824095, "alphas12": 18.432808159218666, "alphas13": 21.58929274355979, "alphas14": 22.379696085407055, "alphas2": 7.559462687366634, "alphas3": 7.965875886336877, "alphas4": 35.012770053791336, "alphas5": 1.494202423726434, "alphas6": 34.0186167929632, "alphas7": 38.57891465977354, "alphas8": 28.381130207751674, "alphas9": 8.412029635110274}, "datetime": {"datetime": "2018-12-17 20:24:02", "elapsed": 14.748248, "delta": 4.056957}}
{"target": 0.06898130813806991, "params": {"alphas0": 25.454914897470434, "alphas1": 10.093606062824758, "alphas10": 39.773190616660756, "alphas11": 34.18828288591945, "alphas12": 28.846713517830725, "alphas13": 34.879460603591276, "alphas14": 3.595236560179962, "alphas2": 36.49353544628309, "alphas3": 21.09788077251118, "alphas4": 10.097501872287843, "alphas5": 25.40355843043665, "alphas6": 21.360212627621546, "alphas7": 19.59366031809635, "alphas8": 19.128989072330636, "alphas9": 31.86713375302912}, "datetime": {"datetime": "2018-12-17 20:24:11", "elapsed": 24.62442, "delta": 9.876172}}
{"target": 0.06817091030486253, "params": {"alphas0": 22.743468809659948, "alphas1": 35.47082332380049, "alphas10": 19.928601171834526, "alphas11": 12.336094705338363, "alphas12": 27.613875631141596, "alphas13": 3.915197618165571, "alphas14": 13.032480982451457, "alphas2": 29.659113880334633, "alphas3": 27.427664354814773, "alphas4": 15.8463157659031, "alphas5": 13.777753431313808, "alphas6": 16.888777759929607, "alphas7": 1.4693015508459917, "alphas8": 11.375637731488926, "alphas9": 36.15147787510214}, "datetime": {"datetime": "2018-12-17 20:24:15", "elapsed": 28.546081, "delta": 3.921661}}
{"target": 0.06838904535147379, "params": {"alphas0": 38.05862644375616, "alphas1": 15.70918763893918, "alphas10": 0.06324381844909688, "alphas11": 27.19969317630764, "alphas12": 3.696913674625275, "alphas13": 10.785994766443853, "alphas14": 15.161682954300609, "alphas2": 2.476439367328571, "alphas3": 27.24122809860646, "alphas4": 11.17110189206409, "alphas5": 27.856664097274574, "alphas6": 18.02489047400067, "alphas7": 13.976663114347856, "alphas8": 32.819564260917424, "alphas9": 27.810257903328495}, "datetime": {"datetime": "2018-12-17 20:24:19", "elapsed": 32.697227, "delta": 4.151146}}
{"target": 0.0689558476631392, "params": {"alphas0": 23.856645999032622, "alphas1": 25.259277524161714, "alphas10": 1.5543950590946753, "alphas11": 20.31453541542522, "alphas12": 16.933571834363022, "alphas13": 13.578498056694674, "alphas14": 30.322183273349452, "alphas2": 23.843375885487017, "alphas3": 9.396845221911946, "alphas4": 12.944398452184341, "alphas5": 20.23608134281842, "alphas6": 19.092757320774098, "alphas7": 34.053226228480426, "alphas8": 0.7508192973765748, "alphas9": 12.015498552472742}, "datetime": {"datetime": "2018-12-17 20:24:23", "elapsed": 36.387238, "delta": 3.690011}}
{"target": 0.06756930555555547, "params": {"alphas0": 7.097267971375065, "alphas1": 22.403647433684412, "alphas10": 18.396211919888927, "alphas11": 23.788549369670818, "alphas12": 37.374269054083676, "alphas13": 37.94658854574716, "alphas14": 36.977005765647675, "alphas2": 7.286374039644414, "alphas3": 12.531808424920929, "alphas4": 17.332883878170875, "alphas5": 13.224935017899458, "alphas6": 37.750349635275214, "alphas7": 15.57913992838226, "alphas8": 6.90245617564667, "alphas9": 39.583129762442454}, "datetime": {"datetime": "2018-12-17 20:24:27", "elapsed": 40.366729, "delta": 3.979491}}
{"target": 0.0665129571365583, "params": {"alphas0": 19.4256679243337, "alphas1": 1.7974520538998418, "alphas10": 0.5790322795538572, "alphas11": 20.33318893259468, "alphas12": 11.914544280074008, "alphas13": 2.8813668536940362, "alphas14": 10.249710100884958, "alphas2": 7.063878988809882, "alphas3": 26.191218307124554, "alphas4": 22.73103614980222, "alphas5": 6.406943599356683, "alphas6": 26.996585395431836, "alphas7": 39.22858764872053, "alphas8": 15.83812898362725, "alphas9": 37.17244981298385}, "datetime": {"datetime": "2018-12-17 20:24:31", "elapsed": 44.595603, "delta": 4.228874}}
{"target": 0.06802164726631386, "params": {"alphas0": 12.942302338103602, "alphas1": 15.33698797138844, "alphas10": 10.160768889817815, "alphas11": 30.293178189365186, "alphas12": 28.49858331919509, "alphas13": 16.65636597033206, "alphas14": 12.466691561779477, "alphas2": 10.309531579488823, "alphas3": 22.191204857298796, "alphas4": 38.02863418860746, "alphas5": 29.67428176060027, "alphas6": 14.066183015420513, "alphas7": 4.092148222719891, "alphas8": 32.403378198974984, "alphas9": 31.082441146757812}, "datetime": {"datetime": "2018-12-17 20:24:36", "elapsed": 49.626701, "delta": 5.031098}}
{"target": 0.06864772001763657, "params": {"alphas0": 19.79988860822946, "alphas1": 38.66698691506943, "alphas10": 10.447527639034728, "alphas11": 33.28708404143571, "alphas12": 23.92364248212469, "alphas13": 24.05939849914382, "alphas14": 22.674533577449083, "alphas2": 11.380217632604687, "alphas3": 17.710039498401574, "alphas4": 32.709817497272724, "alphas5": 12.506014511006999, "alphas6": 1.983752790539497, "alphas7": 19.273514415019783, "alphas8": 36.6511248387351, "alphas9": 21.62668907726323}, "datetime": {"datetime": "2018-12-17 20:24:41", "elapsed": 54.1432, "delta": 4.516499}}
{"target": 0.06925501149533878, "params": {"alphas0": 32.49667350281015, "alphas1": 33.42224982603581, "alphas10": 10.64177810132362, "alphas11": 19.27919231368321, "alphas12": 4.672245527153458, "alphas13": 35.95123448771882, "alphas14": 10.816290322068237, "alphas2": 22.997145027067837, "alphas3": 12.778220397375062, "alphas4": 13.527904082762339, "alphas5": 16.604246091514945, "alphas6": 11.03247712672498, "alphas7": 36.73950965452207, "alphas8": 2.6140826239523474, "alphas9": 29.73642859678142}, "datetime": {"datetime": "2018-12-17 20:24:51", "elapsed": 64.113562, "delta": 9.970362}}
{"target": 0.06904424253590306, "params": {"alphas0": 5.0449485257431625, "alphas1": 13.212462802109837, "alphas10": 24.017628441389483, "alphas11": 24.228645907029613, "alphas12": 29.1515982357189, "alphas13": 14.427184319037005, "alphas14": 29.615282012844997, "alphas2": 30.08648680503899, "alphas3": 12.914245689481074, "alphas4": 3.880156886239874, "alphas5": 27.443106951005028, "alphas6": 15.771879189892712, "alphas7": 16.43245156156853, "alphas8": 10.477354660739802, "alphas9": 20.041149063105937}, "datetime": {"datetime": "2018-12-17 20:24:55", "elapsed": 68.365489, "delta": 4.251927}}
{"target": 0.06699592409926929, "params": {"alphas0": 1.8101540325971888, "alphas1": 17.147793058032438, "alphas10": 37.4560593617947, "alphas11": 4.898048558521655, "alphas12": 33.575822106887394, "alphas13": 0.7522493478332626, "alphas14": 25.63013131028411, "alphas2": 0.05706765173435269, "alphas3": 36.103537122402415, "alphas4": 7.478402301369873, "alphas5": 21.334458507179185, "alphas6": 1.0683532474437607, "alphas7": 7.935934836767933, "alphas8": 35.68906170171224, "alphas9": 37.51986275829255}, "datetime": {"datetime": "2018-12-17 20:24:59", "elapsed": 72.523733, "delta": 4.158244}}
{"target": 0.06728823872511958, "params": {"alphas0": 15.895214114748747, "alphas1": 18.723118068112996, "alphas10": 9.230014818407986, "alphas11": 32.68345586202154, "alphas12": 26.856195828997663, "alphas13": 11.40465337959582, "alphas14": 18.67129745310291, "alphas2": 6.953593900612716, "alphas3": 26.88442517189307, "alphas4": 17.54661237488029, "alphas5": 12.482384572643497, "alphas6": 1.6702839010962522, "alphas7": 35.86604834815217, "alphas8": 18.686477157867873, "alphas9": 39.08073308335693}, "datetime": {"datetime": "2018-12-17 20:25:05", "elapsed": 77.864947, "delta": 5.341214}}
{"target": 0.06927476190476176, "params": {"alphas0": 9.653313197256406, "alphas1": 13.961978801889261, "alphas10": 4.378928230415915, "alphas11": 16.857073269625218, "alphas12": 10.449366862183783, "alphas13": 38.764934281789635, "alphas14": 22.606208252158147, "alphas2": 14.292663057690437, "alphas3": 21.87277635225124, "alphas4": 11.301890712914208, "alphas5": 28.880877063068702, "alphas6": 14.513434879025834, "alphas7": 26.197830462739237, "alphas8": 5.9671511820159, "alphas9": 2.343014536035035}, "datetime": {"datetime": "2018-12-17 20:25:14", "elapsed": 87.706315, "delta": 9.841368}}
{"target": 0.06706116613126724, "params": {"alphas0": 19.84183319556113, "alphas1": 5.611833179089039, "alphas10": 8.663834250385207, "alphas11": 20.3458142327057, "alphas12": 28.140841138367342, "alphas13": 7.096034069456314, "alphas14": 7.583047817634907, "alphas2": 30.275746635758573, "alphas3": 8.402705158610155, "alphas4": 38.60754159575968, "alphas5": 3.1563174296481877, "alphas6": 11.567788652454194, "alphas7": 28.10403346748845, "alphas8": 1.133400080346063, "alphas9": 36.53238256825158}, "datetime": {"datetime": "2018-12-17 20:25:18", "elapsed": 91.206635, "delta": 3.50032}}
{"target": 0.06907609804106808, "params": {"alphas0": 6.28757151458414, "alphas1": 28.616337808378542, "alphas10": 36.286903104028305, "alphas11": 21.555746937470484, "alphas12": 18.28685426343711, "alphas13": 12.019050115075656, "alphas14": 9.3526849345736, "alphas2": 39.52868123910236, "alphas3": 39.96653084317329, "alphas4": 10.004523172905625, "alphas5": 17.68973940089898, "alphas6": 20.59699265716138, "alphas7": 3.7018019247597467, "alphas8": 39.73366213824445, "alphas9": 14.090274018504804}, "datetime": {"datetime": "2018-12-17 20:25:22", "elapsed": 95.500704, "delta": 4.294069}}
{"target": 0.06918409504913056, "params": {"alphas0": 25.085245468903643, "alphas1": 36.89192240578455, "alphas10": 29.402913749921495, "alphas11": 30.018566440391524, "alphas12": 39.017723789902114, "alphas13": 26.112994848432344, "alphas14": 21.507705745400834, "alphas2": 10.668229682502366, "alphas3": 0.6376870665067136, "alphas4": 17.71611822893427, "alphas5": 7.677042262466025, "alphas6": 0.8554201520495441, "alphas7": 32.12310112976543, "alphas8": 37.3682687761317, "alphas9": 25.230834170364137}, "datetime": {"datetime": "2018-12-17 20:25:26", "elapsed": 99.625737, "delta": 4.125033}}
{"target": 0.06892137377173084, "params": {"alphas0": 26.843362468628218, "alphas1": 27.782711893611292, "alphas10": 12.953378255332634, "alphas11": 28.65636599138382, "alphas12": 17.608692126009565, "alphas13": 0.06884202810372386, "alphas14": 39.90191364279791, "alphas2": 33.792621960300174, "alphas3": 32.24600104595687, "alphas4": 16.154190350588543, "alphas5": 22.622896103609776, "alphas6": 7.001005752190772, "alphas7": 21.391720604105203, "alphas8": 31.563712654369823, "alphas9": 23.980543373532782}, "datetime": {"datetime": "2018-12-17 20:25:31", "elapsed": 104.647974, "delta": 5.022237}}
{"target": 0.06815944548374894, "params": {"alphas0": 39.77412865366006, "alphas1": 37.19296067633049, "alphas10": 39.174428525266045, "alphas11": 4.484941361967438, "alphas12": 7.060176240365457, "alphas13": 32.875697254446706, "alphas14": 20.722500219108838, "alphas2": 28.177986842149707, "alphas3": 4.3878071486129056, "alphas4": 32.23828325597168, "alphas5": 39.67169904544065, "alphas6": 1.808265980592334, "alphas7": 3.6828216486806653, "alphas8": 33.05041815385501, "alphas9": 0.7141887948706893}, "datetime": {"datetime": "2018-12-17 20:26:01", "elapsed": 133.992919, "delta": 29.344945}}
{"target": 0.0675301658793146, "params": {"alphas0": 31.146296399282413, "alphas1": 20.174004106385404, "alphas10": 28.754471322854048, "alphas11": 36.29575060220381, "alphas12": 25.64469624586031, "alphas13": 39.98736069997937, "alphas14": 38.814324395596415, "alphas2": 35.61377300511365, "alphas3": 0.7930769269191273, "alphas4": 3.1978665723968946, "alphas5": 35.886843443838, "alphas6": 7.941719266640366, "alphas7": 39.57456097253612, "alphas8": 37.0629836703549, "alphas9": 1.500793577164039}, "datetime": {"datetime": "2018-12-17 20:26:29", "elapsed": 162.548973, "delta": 28.556054}}
{"target": 0.06740246425422018, "params": {"alphas0": 3.066437073792496, "alphas1": 29.56286576618609, "alphas10": 32.552923321376376, "alphas11": 32.86484482437827, "alphas12": 27.203287808499685, "alphas13": 39.641244826428476, "alphas14": 5.683470959543069, "alphas2": 35.153380946140615, "alphas3": 39.84680367505785, "alphas4": 3.6050861195657635, "alphas5": 35.837722601172324, "alphas6": 39.343814071528385, "alphas7": 29.30670626582065, "alphas8": 5.134582528742282, "alphas9": 1.2881172408720332}, "datetime": {"datetime": "2018-12-17 20:26:59", "elapsed": 191.935847, "delta": 29.386874}}
{"target": 0.06182264030612228, "params": {"alphas0": 38.39959023500409, "alphas1": 28.974548409435258, "alphas10": 20.026833056394494, "alphas11": 38.1931832673257, "alphas12": 8.71461652410602, "alphas13": 0.4694604505708355, "alphas14": 22.77875449548472, "alphas2": 39.430801772438166, "alphas3": 8.77229230986472, "alphas4": 1.135371094664861, "alphas5": 0.9652035431351935, "alphas6": 21.826491099011847, "alphas7": 2.916339320510515, "alphas8": 1.9742315271120159, "alphas9": 2.933626488276344}, "datetime": {"datetime": "2018-12-17 20:27:29", "elapsed": 221.784705, "delta": 29.848858}}
{"target": 0.06806847389140837, "params": {"alphas0": 9.211990755130861, "alphas1": 34.86430428504089, "alphas10": 1.6899004015962538, "alphas11": 0.3835408610159563, "alphas12": 4.5777438493255, "alphas13": 35.21227136878081, "alphas14": 22.88183914685044, "alphas2": 34.952885281230685, "alphas3": 26.644804140219716, "alphas4": 35.79403699361055, "alphas5": 38.84811602049291, "alphas6": 12.79116158263859, "alphas7": 20.867309592178028, "alphas8": 37.294783365578816, "alphas9": 39.422375427554584}, "datetime": {"datetime": "2018-12-17 20:27:56", "elapsed": 249.05183, "delta": 27.267125}}
{"target": 0.06661103977702176, "params": {"alphas0": 0.17254130318723693, "alphas1": 4.3005371529398495, "alphas10": 0.0731163803429391, "alphas11": 0.4253282421058957, "alphas12": 30.14886393418476, "alphas13": 32.65105509463302, "alphas14": 8.152264247913461, "alphas2": 1.0810332708699955, "alphas3": 22.387770581753813, "alphas4": 39.47688897786697, "alphas5": 32.80804981659977, "alphas6": 31.945776490589147, "alphas7": 34.57457040131026, "alphas8": 39.2216012873518, "alphas9": 18.27120082360453}, "datetime": {"datetime": "2018-12-17 20:28:24", "elapsed": 277.226586, "delta": 28.174756}}
{"target": 0.06821881664147124, "params": {"alphas0": 2.3609910645920706, "alphas1": 36.98634163317558, "alphas10": 29.50490507727369, "alphas11": 37.598943868631956, "alphas12": 25.75103047887643, "alphas13": 36.22647981918698, "alphas14": 0.8571413857642618, "alphas2": 1.8253079007104978, "alphas3": 39.911956505421486, "alphas4": 27.623964661815847, "alphas5": 37.47083189026361, "alphas6": 0.07903015894917598, "alphas7": 35.191072682302924, "alphas8": 39.09767375447007, "alphas9": 36.050848445052466}, "datetime": {"datetime": "2018-12-17 20:28:52", "elapsed": 305.567053, "delta": 28.340467}}
{"target": 0.06995735301713266, "params": {"alphas0": 16.19738644158997, "alphas1": 37.04265581012122, "alphas10": 19.340634028305427, "alphas11": 3.3423493072334143, "alphas12": 36.25500075701592, "alphas13": 35.398552694314, "alphas14": 35.05461819695311, "alphas2": 0.9264198749584684, "alphas3": 37.912418884617, "alphas4": 36.74425416044172, "alphas5": 36.77484575077363, "alphas6": 7.782424473568996, "alphas7": 38.07753476809468, "alphas8": 14.548053716593628, "alphas9": 22.04713245750124}, "datetime": {"datetime": "2018-12-17 20:29:29", "elapsed": 342.261375, "delta": 36.694322}}
{"target": 0.06911649143361027, "params": {"alphas0": 36.20591483675371, "alphas1": 39.6660040806671, "alphas10": 7.249669500194811, "alphas11": 8.2008979755242, "alphas12": 37.991893733980795, "alphas13": 37.575248424514136, "alphas14": 39.68635439564843, "alphas2": 28.14236241762466, "alphas3": 24.131847230132312, "alphas4": 7.56787845512731, "alphas5": 32.72724366722575, "alphas6": 33.1463997518941, "alphas7": 36.34589127266877, "alphas8": 35.75692962498021, "alphas9": 37.300293511825366}, "datetime": {"datetime": "2018-12-17 20:29:58", "elapsed": 371.441666, "delta": 29.180291}}
{"target": 0.06935277031368099, "params": {"alphas0": 37.754315845210826, "alphas1": 27.429367687547703, "alphas10": 38.24702518151572, "alphas11": 5.6017183977130225, "alphas12": 38.70647055485587, "alphas13": 35.96504295859749, "alphas14": 28.715119928167695, "alphas2": 6.133023148273744, "alphas3": 38.34439824745986, "alphas4": 0.638244887938213, "alphas5": 39.56437219988862, "alphas6": 1.7167910589032864, "alphas7": 33.01407479477716, "alphas8": 11.362704067848526, "alphas9": 32.44600774022362}, "datetime": {"datetime": "2018-12-17 20:30:27", "elapsed": 400.472834, "delta": 29.031168}}
{"target": 0.07002217954774478, "params": {"alphas0": 4.4333245599788995, "alphas1": 38.91619409097427, "alphas10": 30.18864517704033, "alphas11": 2.631572914488678, "alphas12": 9.986128246958184, "alphas13": 34.61457006229963, "alphas14": 36.79048026610105, "alphas2": 7.494188911335429, "alphas3": 35.27284098137552, "alphas4": 3.5654373670316364, "alphas5": 35.17109161085732, "alphas6": 0.34714047335646203, "alphas7": 37.36150726934397, "alphas8": 26.53793185014505, "alphas9": 21.561440947812503}, "datetime": {"datetime": "2018-12-17 20:31:04", "elapsed": 436.86199, "delta": 36.389156}}
{"target": 0.06839293398841008, "params": {"alphas0": 0.44845916869144187, "alphas1": 26.222394257431905, "alphas10": 37.32174193955299, "alphas11": 22.035841472709542, "alphas12": 6.586702681960062, "alphas13": 38.91708966298411, "alphas14": 37.4843814422984, "alphas2": 10.973103447314777, "alphas3": 39.58138650813593, "alphas4": 35.0072451318768, "alphas5": 33.684732978414175, "alphas6": 11.798420017251079, "alphas7": 38.38853485329301, "alphas8": 34.46250054018827, "alphas9": 39.29305877031945}, "datetime": {"datetime": "2018-12-17 20:31:34", "elapsed": 466.810114, "delta": 29.948124}}
{"target": 0.06845088583396314, "params": {"alphas0": 11.6960123320858, "alphas1": 39.80945899921542, "alphas10": 20.562985864086457, "alphas11": 10.491553953604193, "alphas12": 39.03157220489495, "alphas13": 39.95185755572844, "alphas14": 34.49444430268344, "alphas2": 2.807236475617252, "alphas3": 38.77466659354723, "alphas4": 5.77770863201482, "alphas5": 31.74400185705071, "alphas6": 9.271667868707269, "alphas7": 29.95352482267784, "alphas8": 4.440761823233101, "alphas9": 37.95851038052071}, "datetime": {"datetime": "2018-12-17 20:32:04", "elapsed": 496.853914, "delta": 30.0438}}
{"target": 0.07100121576593585, "params": {"alphas0": 10.565175343825128, "alphas1": 12.395531211534152, "alphas10": 4.37333714849276, "alphas11": 4.9598524107241015, "alphas12": 37.58735506495342, "alphas13": 28.84102240111971, "alphas14": 37.55696646378417, "alphas2": 38.13085574538968, "alphas3": 39.61359405586266, "alphas4": 35.9050135177086, "alphas5": 37.548880671689716, "alphas6": 7.948734175355874, "alphas7": 36.17031345112126, "alphas8": 37.31813563390529, "alphas9": 6.187340805948063}, "datetime": {"datetime": "2018-12-17 20:32:41", "elapsed": 534.19698, "delta": 37.343066}}
{"target": 0.07054768779919361, "params": {"alphas0": 0.6076714415387485, "alphas1": 24.96099139579641, "alphas10": 28.377635230773564, "alphas11": 7.242432588396741, "alphas12": 39.84381878381698, "alphas13": 39.64719841630669, "alphas14": 35.90993047107534, "alphas2": 9.371938166454079, "alphas3": 26.712300998430926, "alphas4": 39.202005592032705, "alphas5": 25.27606948120694, "alphas6": 1.753510615351619, "alphas7": 38.62641737141399, "alphas8": 32.29300732148296, "alphas9": 3.7046134176439027}, "datetime": {"datetime": "2018-12-17 20:33:11", "elapsed": 564.697719, "delta": 30.500739}}
{"target": 0.07028612903124203, "params": {"alphas0": 0.697211480178348, "alphas1": 3.9331689601069764, "alphas10": 19.291172163244433, "alphas11": 3.8436048358189634, "alphas12": 38.959537215587645, "alphas13": 38.15930984085344, "alphas14": 36.39194682173391, "alphas2": 0.19095240686938464, "alphas3": 39.344081240753276, "alphas4": 6.1327335706549535, "alphas5": 18.10124631347163, "alphas6": 5.289435515236147, "alphas7": 22.566529576169376, "alphas8": 38.043406129669776, "alphas9": 1.6470922987811099}, "datetime": {"datetime": "2018-12-17 20:33:41", "elapsed": 593.904285, "delta": 29.206566}}
