{"target": 0.07155085717435113, "params": {"alphas0": 23.3200154822581, "alphas1": 3.860232774664487, "alphas10": 22.11426816363391, "alphas11": 3.3820727124165506, "alphas12": 38.91135993322668, "alphas13": 36.070144575929895, "alphas14": 38.077327121766864, "alphas2": 3.7057734287221678, "alphas3": 33.78888844256473, "alphas4": 18.626135405583447, "alphas5": 6.91594482384128, "alphas6": 12.382603948652138, "alphas7": 37.974204238385994, "alphas8": 31.7331766000383, "alphas9": 1.0185225233789152}, "datetime": {"datetime": "2018-12-17 23:07:26", "elapsed": 9819.331621, "delta": 79.920992}}
{"target": 0.07091938636936242, "params": {"alphas0": 13.818473869262707, "alphas1": 8.926011303079044, "alphas10": 36.277067360616, "alphas11": 0.49221802187799923, "alphas12": 19.47647707546176, "alphas13": 39.74189130315341, "alphas14": 39.631528604308116, "alphas2": 2.306153038574923, "alphas3": 12.034504632064644, "alphas4": 3.2756816089424534, "alphas5": 31.41216001433314, "alphas6": 17.15638474662439, "alphas7": 2.5761713633601246, "alphas8": 34.325165389135165, "alphas9": 0.767509823582313}, "datetime": {"datetime": "2018-12-17 23:08:48", "elapsed": 9900.784926, "delta": 81.453305}}
{"target": 0.07114770486898468, "params": {"alphas0": 36.480723471837315, "alphas1": 9.112048277643598, "alphas10": 37.77269375725776, "alphas11": 4.382940263048125, "alphas12": 37.92621072304898, "alphas13": 37.658750856667844, "alphas14": 36.98484396206361, "alphas2": 0.30601742147525535, "alphas3": 36.73570832256072, "alphas4": 36.013682791566, "alphas5": 28.02001091262161, "alphas6": 15.375893390218426, "alphas7": 22.670536046785386, "alphas8": 31.076879305223443, "alphas9": 7.025982588627975}, "datetime": {"datetime": "2018-12-17 23:10:09", "elapsed": 9982.371735, "delta": 81.586809}}
{"target": 0.07029537219702693, "params": {"alphas0": 5.353305384609839, "alphas1": 6.434611970733708, "alphas10": 39.09434727864372, "alphas11": 3.2203623230113942, "alphas12": 38.908217914595234, "alphas13": 36.89027800244435, "alphas14": 36.5531391582978, "alphas2": 6.184909073666978, "alphas3": 39.78262307318718, "alphas4": 27.944075858211974, "alphas5": 18.374750076048343, "alphas6": 27.059700382119747, "alphas7": 30.155761765269457, "alphas8": 8.761586391095095, "alphas9": 4.518248137546834}, "datetime": {"datetime": "2018-12-17 23:11:26", "elapsed": 10059.515213, "delta": 77.143478}}
{"target": 0.07039903921012841, "params": {"alphas0": 13.920603064507455, "alphas1": 0.9643608457602948, "alphas10": 38.674821617728156, "alphas11": 1.0602994194098248, "alphas12": 0.13239323883686538, "alphas13": 39.21509398804297, "alphas14": 31.236838271040867, "alphas2": 1.1686105388241064, "alphas3": 34.25657226184513, "alphas4": 33.14400502963649, "alphas5": 33.38088954005257, "alphas6": 7.408833035961133, "alphas7": 5.549719509277287, "alphas8": 33.412538064384485, "alphas9": 3.2337417713606698}, "datetime": {"datetime": "2018-12-17 23:12:43", "elapsed": 10135.939659, "delta": 76.424446}}
{"target": 0.07113339937641713, "params": {"alphas0": 36.082308394096536, "alphas1": 2.425665588205952, "alphas10": 37.310300645684194, "alphas11": 2.5621979299560804, "alphas12": 38.549591394256886, "alphas13": 35.367802953086894, "alphas14": 39.43511893147897, "alphas2": 1.5738039690982086, "alphas3": 0.9415659172525048, "alphas4": 19.527321082358085, "alphas5": 9.304217117986964, "alphas6": 31.22146012659907, "alphas7": 35.62984096032669, "alphas8": 37.47866801612578, "alphas9": 2.168938493888839}, "datetime": {"datetime": "2018-12-17 23:14:00", "elapsed": 10213.311004, "delta": 77.371345}}
{"target": 0.0698352186633911, "params": {"alphas0": 4.515444318252797, "alphas1": 3.54426361982513, "alphas10": 1.0617951333136677, "alphas11": 3.391152032917093, "alphas12": 30.428999261168585, "alphas13": 38.17974794430595, "alphas14": 32.6978103872659, "alphas2": 2.8084422062940906, "alphas3": 32.063636394368615, "alphas4": 8.091761805586813, "alphas5": 39.61193445288055, "alphas6": 5.689899154482179, "alphas7": 35.50715236543361, "alphas8": 38.47472294232809, "alphas9": 0.6389276829486601}, "datetime": {"datetime": "2018-12-17 23:15:21", "elapsed": 10294.006324, "delta": 80.69532}}
{"target": 0.07107570247543461, "params": {"alphas0": 37.406973480413285, "alphas1": 0.43320433608854625, "alphas10": 22.616107978216277, "alphas11": 0.0769141955354069, "alphas12": 7.9301425076840815, "alphas13": 39.887394587436454, "alphas14": 37.41489453695172, "alphas2": 33.53543735264809, "alphas3": 36.43579934312728, "alphas4": 17.98119563880984, "alphas5": 31.847017216790142, "alphas6": 5.159318972038012, "alphas7": 37.66875291207131, "alphas8": 39.11613955338688, "alphas9": 2.8569826908804563}, "datetime": {"datetime": "2018-12-17 23:16:42", "elapsed": 10375.024346, "delta": 81.018022}}
{"target": 0.07019955987024426, "params": {"alphas0": 29.54404932335292, "alphas1": 36.321216156071245, "alphas10": 32.818145715185665, "alphas11": 0.29473834874015115, "alphas12": 37.84569418745524, "alphas13": 39.32534379779992, "alphas14": 39.0284614462795, "alphas2": 5.203192613088752, "alphas3": 30.723525406730644, "alphas4": 1.6958656728151889, "alphas5": 0.7582189465936384, "alphas6": 4.352370443159375, "alphas7": 22.867354666193343, "alphas8": 26.274505902415708, "alphas9": 3.0118979616374952}, "datetime": {"datetime": "2018-12-17 23:18:03", "elapsed": 10456.166996, "delta": 81.14265}}
{"target": 0.07086363832199534, "params": {"alphas0": 28.831351288027783, "alphas1": 6.185769184415784, "alphas10": 27.020498453539133, "alphas11": 0.36283503222136027, "alphas12": 27.30801527856854, "alphas13": 30.54885614868231, "alphas14": 39.4757537648154, "alphas2": 1.9328576469589187, "alphas3": 37.65648562566218, "alphas4": 28.244624310432652, "alphas5": 36.80370640561805, "alphas6": 34.016630502867066, "alphas7": 37.488234453638775, "alphas8": 36.62666961553888, "alphas9": 8.011247638771458}, "datetime": {"datetime": "2018-12-17 23:19:19", "elapsed": 10532.17673, "delta": 76.009734}}
{"target": 0.07165387770849074, "params": {"alphas0": 32.23684278100854, "alphas1": 13.073109489258883, "alphas10": 32.15154254705136, "alphas11": 1.0463144817443704, "alphas12": 38.43563146976735, "alphas13": 37.72956786328333, "alphas14": 35.49069461998117, "alphas2": 0.9589484992007025, "alphas3": 25.354659621210708, "alphas4": 22.690139269867466, "alphas5": 37.20382597564949, "alphas6": 34.67737119895689, "alphas7": 23.74819210499478, "alphas8": 30.859368437171, "alphas9": 3.094077456032429}, "datetime": {"datetime": "2018-12-17 23:20:39", "elapsed": 10612.006036, "delta": 79.829306}}
{"target": 0.07121219447593845, "params": {"alphas0": 36.53188997370919, "alphas1": 3.2201574289332857, "alphas10": 33.47767804042586, "alphas11": 0.5782318901920247, "alphas12": 36.57702504211648, "alphas13": 35.95472862579578, "alphas14": 38.69989802648269, "alphas2": 8.433265510388285, "alphas3": 15.598065642034742, "alphas4": 37.12835307935099, "alphas5": 22.923509229104596, "alphas6": 5.253449342102678, "alphas7": 35.104643830787936, "alphas8": 8.693665796559586, "alphas9": 3.150059805901564}, "datetime": {"datetime": "2018-12-17 23:22:00", "elapsed": 10693.662377, "delta": 81.656341}}
{"target": 0.07118612100025183, "params": {"alphas0": 39.683416371243936, "alphas1": 9.543405746794491, "alphas10": 28.786381538282978, "alphas11": 0.7584147338253233, "alphas12": 36.65695730271276, "alphas13": 38.401978116109696, "alphas14": 7.196176244667223, "alphas2": 5.71043535134617, "alphas3": 39.143263479489306, "alphas4": 17.021821464680286, "alphas5": 26.66695505915203, "alphas6": 33.14008550631022, "alphas7": 30.574269865486635, "alphas8": 34.826152308472565, "alphas9": 0.9480351418322996}, "datetime": {"datetime": "2018-12-17 23:23:15", "elapsed": 10768.662815, "delta": 75.000438}}
{"target": 0.07149077465986399, "params": {"alphas0": 31.151657385287436, "alphas1": 11.996417588052072, "alphas10": 34.31783849160196, "alphas11": 0.017987176310318986, "alphas12": 33.75395271067004, "alphas13": 39.80501409239611, "alphas14": 39.107119164473325, "alphas2": 5.333177226318639, "alphas3": 30.37960875212065, "alphas4": 32.22520520233691, "alphas5": 7.978680415675874, "alphas6": 21.16353328350992, "alphas7": 17.578339312105804, "alphas8": 31.539988671749644, "alphas9": 5.793855094675089}, "datetime": {"datetime": "2018-12-17 23:24:31", "elapsed": 10844.43426, "delta": 75.771445}}
{"target": 0.07102795175107073, "params": {"alphas0": 16.565779707934226, "alphas1": 6.72901383600514, "alphas10": 27.355381743990826, "alphas11": 0.32513647584905936, "alphas12": 39.60117255257878, "alphas13": 39.57616928007447, "alphas14": 25.16031372817208, "alphas2": 2.0742159765225887, "alphas3": 28.48065044101673, "alphas4": 32.86008339464792, "alphas5": 12.59133642242503, "alphas6": 36.91664262035857, "alphas7": 37.493447507956645, "alphas8": 33.744169038117946, "alphas9": 0.9671816340080275}, "datetime": {"datetime": "2018-12-17 23:25:56", "elapsed": 10928.813552, "delta": 84.379292}}
{"target": 0.07039783468757868, "params": {"alphas0": 39.63358839436233, "alphas1": 1.4058321997213952, "alphas10": 35.54859576625359, "alphas11": 0.8749758592796786, "alphas12": 35.63652019772051, "alphas13": 38.82204174750981, "alphas14": 35.82801651290247, "alphas2": 26.7944943419729, "alphas3": 7.6527541499295815, "alphas4": 26.10756119427799, "alphas5": 28.744754415063124, "alphas6": 2.5444103808809215, "alphas7": 21.74677323775053, "alphas8": 26.696530718252166, "alphas9": 1.3745233466574547}, "datetime": {"datetime": "2018-12-17 23:27:16", "elapsed": 11009.635607, "delta": 80.822055}}
{"target": 0.07052022996976562, "params": {"alphas0": 37.684714978134764, "alphas1": 11.386012103759949, "alphas10": 37.193672272408556, "alphas11": 1.8353204950323443, "alphas12": 33.680437015988204, "alphas13": 36.22274244315107, "alphas14": 32.94329811725683, "alphas2": 6.7267832692292195, "alphas3": 1.4920689736471404, "alphas4": 6.426673844292394, "alphas5": 28.78372125869533, "alphas6": 36.91787318829742, "alphas7": 21.351066848728053, "alphas8": 34.76426416776466, "alphas9": 0.5224974902430368}, "datetime": {"datetime": "2018-12-17 23:28:33", "elapsed": 11085.966382, "delta": 76.330775}}
{"target": 0.07150602286470134, "params": {"alphas0": 18.982603912450724, "alphas1": 17.46264127267064, "alphas10": 22.251092450923927, "alphas11": 1.3836230434116548, "alphas12": 35.65422985404015, "alphas13": 38.054798114056354, "alphas14": 36.59815975173623, "alphas2": 6.390974526625497, "alphas3": 30.653332697490075, "alphas4": 33.55191081820785, "alphas5": 39.80838163213997, "alphas6": 35.38714119513703, "alphas7": 39.097230068679146, "alphas8": 18.253171952946733, "alphas9": 0.5971837405250424}, "datetime": {"datetime": "2018-12-17 23:29:36", "elapsed": 11149.347722, "delta": 63.38134}}
{"target": 0.07114199250440909, "params": {"alphas0": 0.6928257293988382, "alphas1": 6.18361935994479, "alphas10": 24.1403675672178, "alphas11": 1.151204032952955, "alphas12": 39.0833371210681, "alphas13": 37.2910582626291, "alphas14": 37.759881653771814, "alphas2": 15.113922397385554, "alphas3": 37.49997932458761, "alphas4": 37.241617645645235, "alphas5": 29.306564343348548, "alphas6": 24.09719084739806, "alphas7": 9.693450334564622, "alphas8": 13.338880483035812, "alphas9": 5.311979590408442}, "datetime": {"datetime": "2018-12-17 23:30:55", "elapsed": 11228.394318, "delta": 79.046596}}
{"target": 0.07099327755731914, "params": {"alphas0": 33.038526145386676, "alphas1": 11.127718352403125, "alphas10": 33.83500376725349, "alphas11": 0.709327273784992, "alphas12": 34.9782897572926, "alphas13": 38.249164404696245, "alphas14": 35.15521473338246, "alphas2": 30.65117512863701, "alphas3": 38.18587781270352, "alphas4": 37.99709100957498, "alphas5": 37.0101726253765, "alphas6": 9.81673080166351, "alphas7": 39.66047294659736, "alphas8": 34.573930156183756, "alphas9": 2.6800895466192154}, "datetime": {"datetime": "2018-12-17 23:32:14", "elapsed": 11307.426759, "delta": 79.032441}}
{"target": 0.0712744368228772, "params": {"alphas0": 27.41955069986359, "alphas1": 10.459358776922528, "alphas10": 19.352198683468632, "alphas11": 1.506159386761854, "alphas12": 39.012110889545724, "alphas13": 39.042125853396904, "alphas14": 38.39267136061291, "alphas2": 1.458946144136788, "alphas3": 26.340353413044554, "alphas4": 32.227396211046354, "alphas5": 6.250070337891405, "alphas6": 32.893246990056426, "alphas7": 7.5080849369567515, "alphas8": 36.51186611086278, "alphas9": 5.56532603170214}, "datetime": {"datetime": "2018-12-17 23:33:38", "elapsed": 11391.463995, "delta": 84.037236}}
{"target": 0.0713890980095742, "params": {"alphas0": 36.05458755756272, "alphas1": 2.3678193794590596, "alphas10": 38.88249154997856, "alphas11": 0.004275664704898041, "alphas12": 24.727431893729566, "alphas13": 34.823041887334384, "alphas14": 25.91782822837422, "alphas2": 12.06774554512213, "alphas3": 33.47410815264277, "alphas4": 2.468352436778831, "alphas5": 8.757441176961805, "alphas6": 39.88490479062299, "alphas7": 34.015056469199024, "alphas8": 39.863114281263236, "alphas9": 3.6592862801918136}, "datetime": {"datetime": "2018-12-17 23:35:01", "elapsed": 11474.313531, "delta": 82.849536}}
{"target": 0.07128508922272606, "params": {"alphas0": 25.035340908283864, "alphas1": 5.261553148123204, "alphas10": 36.887274814694166, "alphas11": 0.8239072532638447, "alphas12": 19.49247118775741, "alphas13": 39.694444533264935, "alphas14": 39.986279534394605, "alphas2": 13.243737864298382, "alphas3": 39.5634106420735, "alphas4": 16.045718568338508, "alphas5": 38.89439903517371, "alphas6": 38.05841441626145, "alphas7": 18.230597375328262, "alphas8": 11.368897921867678, "alphas9": 3.352049365383052}, "datetime": {"datetime": "2018-12-17 23:36:17", "elapsed": 11550.337457, "delta": 76.023926}}
{"target": 0.07094575881834211, "params": {"alphas0": 22.665377250321512, "alphas1": 25.33407798458311, "alphas10": 5.043546724828509, "alphas11": 1.8165532665822681, "alphas12": 34.71359330115581, "alphas13": 39.6076863714928, "alphas14": 39.62628503687539, "alphas2": 0.9662781027010858, "alphas3": 18.588427280008425, "alphas4": 5.389119821637829, "alphas5": 39.423278652223495, "alphas6": 39.62342126893333, "alphas7": 3.895595031818404, "alphas8": 29.80346956758261, "alphas9": 1.0436093006665415}, "datetime": {"datetime": "2018-12-17 23:37:40", "elapsed": 11633.614259, "delta": 83.276802}}
{"target": 0.06981532218442928, "params": {"alphas0": 36.26204738068437, "alphas1": 3.0516477166439238, "alphas10": 35.4584513569266, "alphas11": 3.4930608582995815, "alphas12": 38.13787184939915, "alphas13": 38.557520041758366, "alphas14": 29.80099577937901, "alphas2": 39.122862834164415, "alphas3": 36.068423436708954, "alphas4": 19.875564663323807, "alphas5": 19.065765024211842, "alphas6": 30.51541580583165, "alphas7": 33.767085714813255, "alphas8": 1.0067665124064629, "alphas9": 0.3415552025773039}, "datetime": {"datetime": "2018-12-17 23:39:01", "elapsed": 11714.095906, "delta": 80.481647}}
{"target": 0.07067767343789363, "params": {"alphas0": 23.70746220363312, "alphas1": 20.748124296727827, "alphas10": 36.95228747263251, "alphas11": 2.723869202991671, "alphas12": 36.067834141387166, "alphas13": 38.96435425005683, "alphas14": 32.83909109650649, "alphas2": 9.1148590377004, "alphas3": 4.572442271517896, "alphas4": 25.263096699803693, "alphas5": 36.879397362563765, "alphas6": 37.22593334873375, "alphas7": 30.946331536393757, "alphas8": 20.34352080337481, "alphas9": 0.8308527564578938}, "datetime": {"datetime": "2018-12-17 23:40:19", "elapsed": 11792.454346, "delta": 78.35844}}
{"target": 0.07126332284580503, "params": {"alphas0": 34.20865942253802, "alphas1": 19.0570140823661, "alphas10": 34.37414611377431, "alphas11": 0.616393299019542, "alphas12": 35.94926517014782, "alphas13": 38.663217338925094, "alphas14": 36.99676486524523, "alphas2": 0.7092578310874753, "alphas3": 38.17180889174648, "alphas4": 39.46911166153868, "alphas5": 39.5232763781074, "alphas6": 31.016068286295635, "alphas7": 13.479810120779096, "alphas8": 24.557263557389753, "alphas9": 7.091014326960194}, "datetime": {"datetime": "2018-12-17 23:41:43", "elapsed": 11876.656787, "delta": 84.202441}}
{"target": 0.07076017305996475, "params": {"alphas0": 36.51114009181153, "alphas1": 0.6021317152525496, "alphas10": 30.621495949535955, "alphas11": 8.123538194141302, "alphas12": 38.856263590793446, "alphas13": 39.53724739523289, "alphas14": 39.77068596127762, "alphas2": 5.932012858476279, "alphas3": 26.311380414369268, "alphas4": 36.65097550379256, "alphas5": 2.6058104403381055, "alphas6": 9.646441640226794, "alphas7": 38.59862617699869, "alphas8": 38.068753559010005, "alphas9": 8.057062942349864}, "datetime": {"datetime": "2018-12-17 23:43:04", "elapsed": 11956.942346, "delta": 80.285559}}
{"target": 0.0700272531494079, "params": {"alphas0": 38.74198009687032, "alphas1": 35.00454060578713, "alphas10": 30.68526642191552, "alphas11": 0.0385402627976017, "alphas12": 22.824789530155442, "alphas13": 36.351783391713866, "alphas14": 38.63825927479648, "alphas2": 3.123202155256899, "alphas3": 33.05636722461881, "alphas4": 6.979528668977357, "alphas5": 9.041460789751703, "alphas6": 37.223325604533606, "alphas7": 12.765853388361915, "alphas8": 27.425729736320086, "alphas9": 0.38779810256045266}, "datetime": {"datetime": "2018-12-17 23:44:28", "elapsed": 12041.12719, "delta": 84.184844}}
{"target": 0.07130246992315432, "params": {"alphas0": 39.52565943053916, "alphas1": 4.0479936203364675, "alphas10": 36.558346026492046, "alphas11": 1.7340997522053136, "alphas12": 33.61617442442701, "alphas13": 38.637742410495534, "alphas14": 35.25773796440588, "alphas2": 9.340205736617841, "alphas3": 27.074739017779205, "alphas4": 36.29279000561294, "alphas5": 24.337983409958493, "alphas6": 33.58225231672606, "alphas7": 32.78614384649081, "alphas8": 39.937769306117275, "alphas9": 0.20539793539576134}, "datetime": {"datetime": "2018-12-17 23:45:51", "elapsed": 12124.100762, "delta": 82.973572}}
{"target": 0.07031820716805226, "params": {"alphas0": 17.137606557599337, "alphas1": 5.159060918724072, "alphas10": 38.15763459848084, "alphas11": 7.024995848959645, "alphas12": 35.34780646575135, "alphas13": 38.08607571627163, "alphas14": 39.318369006339736, "alphas2": 5.353784311032177, "alphas3": 17.230523700703433, "alphas4": 39.842585612090524, "alphas5": 14.807510612768988, "alphas6": 37.51582071578342, "alphas7": 38.04545920613918, "alphas8": 36.27208662237908, "alphas9": 5.667374766237612}, "datetime": {"datetime": "2018-12-17 23:47:11", "elapsed": 12204.307236, "delta": 80.206474}}
{"target": 0.07074534889140828, "params": {"alphas0": 33.36242175087267, "alphas1": 23.963542481845167, "alphas10": 35.51597654522139, "alphas11": 0.4252495375688614, "alphas12": 33.97669016670533, "alphas13": 39.924756581859846, "alphas14": 33.09227753178375, "alphas2": 4.169403719123976, "alphas3": 32.57024684826319, "alphas4": 35.291948016407375, "alphas5": 6.423171520191753, "alphas6": 9.799622117858897, "alphas7": 4.3978742076237465, "alphas8": 32.493817316214084, "alphas9": 3.458402740262665}, "datetime": {"datetime": "2018-12-17 23:48:33", "elapsed": 12285.825166, "delta": 81.51793}}
{"target": 0.07098124653565112, "params": {"alphas0": 32.60630870899681, "alphas1": 6.763391610196727, "alphas10": 37.31202977385166, "alphas11": 3.2291681421376772, "alphas12": 22.793981097358976, "alphas13": 35.73404641297647, "alphas14": 39.377401025968986, "alphas2": 15.45705225445294, "alphas3": 33.17506073192814, "alphas4": 26.61165168188826, "alphas5": 20.491676713417167, "alphas6": 38.147856379256254, "alphas7": 6.635817676997098, "alphas8": 38.920439154563894, "alphas9": 1.5929946486930247}, "datetime": {"datetime": "2018-12-17 23:49:53", "elapsed": 12365.743166, "delta": 79.918}}
{"target": 0.07140405224867719, "params": {"alphas0": 34.861909977963556, "alphas1": 0.3997879617803912, "alphas10": 34.39466021196935, "alphas11": 0.5264010057702029, "alphas12": 38.38385933377876, "alphas13": 36.48325979117268, "alphas14": 38.58399926614255, "alphas2": 14.714026536983361, "alphas3": 28.088502388501674, "alphas4": 7.33375757450756, "alphas5": 15.550884770772143, "alphas6": 5.4965451636789275, "alphas7": 25.226982908036597, "alphas8": 32.67992814988236, "alphas9": 6.797735006947669}, "datetime": {"datetime": "2018-12-17 23:51:14", "elapsed": 12447.182618, "delta": 81.439452}}
{"target": 0.07060934788359777, "params": {"alphas0": 25.60677848929956, "alphas1": 23.133135312452925, "alphas10": 38.260453315984144, "alphas11": 2.9332802425329696, "alphas12": 39.537195166283546, "alphas13": 37.48742772740135, "alphas14": 37.771516462767934, "alphas2": 22.745269569022888, "alphas3": 39.14937350853563, "alphas4": 31.270483211703915, "alphas5": 38.51862533373088, "alphas6": 34.00028050549807, "alphas7": 33.71683277715189, "alphas8": 2.6560204393152986, "alphas9": 2.2073148119642694}, "datetime": {"datetime": "2018-12-17 23:52:33", "elapsed": 12526.570752, "delta": 79.388134}}
{"target": 0.06983976244016113, "params": {"alphas0": 1.2903648315475946, "alphas1": 1.6522368247948682, "alphas10": 23.717679026026577, "alphas11": 5.636284622411587, "alphas12": 37.731735890908894, "alphas13": 39.134406147547345, "alphas14": 39.49573442360433, "alphas2": 3.475878566400308, "alphas3": 15.489494245132525, "alphas4": 32.48995005763377, "alphas5": 39.07360272354004, "alphas6": 31.068883000835143, "alphas7": 7.901135992294974, "alphas8": 31.309499138943806, "alphas9": 1.1398114457470143}, "datetime": {"datetime": "2018-12-17 23:54:00", "elapsed": 12613.106768, "delta": 86.536016}}
