{"target": 0.06895988958175858, "params": {"alphas0": 11.527145916879835, "alphas1": 0.7632431798734141, "alphas10": 4.928147267801677, "alphas11": 3.3098175541142094, "alphas12": 34.312153677262344, "alphas13": 37.14307464010555, "alphas14": 39.678452183820006, "alphas2": 34.16842735624323, "alphas3": 36.70456004306592, "alphas4": 39.62776771560419, "alphas5": 7.405119811456435, "alphas6": 7.483647213413835, "alphas7": 8.966847632654996, "alphas8": 39.95930312651926, "alphas9": 26.22329197139868}, "datetime": {"datetime": "2018-12-17 20:34:10", "elapsed": 623.353287, "delta": 29.449002}}
{"target": 0.06855106503527326, "params": {"alphas0": 22.68832675343488, "alphas1": 0.38945929073849417, "alphas10": 31.59987956234167, "alphas11": 0.1528533346789951, "alphas12": 33.60961940334742, "alphas13": 39.98347833855269, "alphas14": 11.892735249470586, "alphas2": 35.525981744830915, "alphas3": 38.05468899293765, "alphas4": 38.34512596411951, "alphas5": 14.658844133256292, "alphas6": 3.468190733921226, "alphas7": 38.21413679903819, "alphas8": 35.90762880769012, "alphas9": 38.36069746647348}, "datetime": {"datetime": "2018-12-17 20:34:39", "elapsed": 652.670499, "delta": 29.317212}}
{"target": 0.06941095313681007, "params": {"alphas0": 0.5990602563894853, "alphas1": 37.70035787841401, "alphas10": 7.363713163475141, "alphas11": 3.412982101929809, "alphas12": 30.06141789039726, "alphas13": 23.169550591378304, "alphas14": 26.124124406671424, "alphas2": 39.272596038573994, "alphas3": 24.875343770991755, "alphas4": 35.86323118773615, "alphas5": 37.83567789883189, "alphas6": 0.04012753341938957, "alphas7": 38.24803921882761, "alphas8": 13.08837434675528, "alphas9": 1.8740127870556833}, "datetime": {"datetime": "2018-12-17 20:35:08", "elapsed": 680.866225, "delta": 28.195726}}
{"target": 0.07064214181783827, "params": {"alphas0": 23.312548143099967, "alphas1": 39.02634666170211, "alphas10": 7.9522450648091425, "alphas11": 0.2999974673728234, "alphas12": 38.62981706445009, "alphas13": 36.12013823667237, "alphas14": 35.433306231430024, "alphas2": 11.201785915648884, "alphas3": 36.47182340557169, "alphas4": 38.56073281877981, "alphas5": 30.60101874587694, "alphas6": 15.91635156225076, "alphas7": 13.875290234600541, "alphas8": 30.203312480261406, "alphas9": 2.4956209418689657}, "datetime": {"datetime": "2018-12-17 20:35:38", "elapsed": 711.2066, "delta": 30.340375}}
{"target": 0.07058674108717564, "params": {"alphas0": 32.36220703794418, "alphas1": 37.457468720846194, "alphas10": 13.222387674982281, "alphas11": 0.49026830563026813, "alphas12": 39.21232256110884, "alphas13": 39.24451558841037, "alphas14": 19.604420395172557, "alphas2": 8.74613729598761, "alphas3": 37.480348597744864, "alphas4": 39.65348422720285, "alphas5": 27.875035803875612, "alphas6": 11.102457911161405, "alphas7": 32.01726375765241, "alphas8": 27.296666306280272, "alphas9": 1.8695849557821287}, "datetime": {"datetime": "2018-12-17 20:36:08", "elapsed": 740.842212, "delta": 29.635612}}
{"target": 0.06886631254724103, "params": {"alphas0": 0.6107710991023474, "alphas1": 34.99050728001473, "alphas10": 8.498127338040199, "alphas11": 1.640354773654944, "alphas12": 38.35341991782435, "alphas13": 4.725750972111085, "alphas14": 27.363103020671346, "alphas2": 39.573575363592035, "alphas3": 39.844245920913515, "alphas4": 3.6490572979580893, "alphas5": 38.73624035176665, "alphas6": 5.164967254320363, "alphas7": 27.444964768821443, "alphas8": 39.81667338699219, "alphas9": 2.590849085714031}, "datetime": {"datetime": "2018-12-17 20:36:38", "elapsed": 771.438059, "delta": 30.595847}}
{"target": 0.06888667271352976, "params": {"alphas0": 21.076625645024528, "alphas1": 36.57395880795264, "alphas10": 3.9974114257881066, "alphas11": 0.1810866835600855, "alphas12": 38.38207911583177, "alphas13": 36.94137269831003, "alphas14": 1.2766671277439468, "alphas2": 0.20097584153965897, "alphas3": 0.8301077325334516, "alphas4": 37.41991651189179, "alphas5": 30.914008987966252, "alphas6": 1.1821662293171453, "alphas7": 36.87416102982971, "alphas8": 39.52168246605429, "alphas9": 26.15135908959296}, "datetime": {"datetime": "2018-12-17 20:37:08", "elapsed": 801.242927, "delta": 29.804868}}
{"target": 0.07070235793020897, "params": {"alphas0": 1.4787444145083928, "alphas1": 29.272190605006752, "alphas10": 36.65073891111827, "alphas11": 4.51012668855852, "alphas12": 37.265799397686195, "alphas13": 38.40585480192676, "alphas14": 38.6952705329644, "alphas2": 0.0747999510360664, "alphas3": 37.09384772725685, "alphas4": 9.612451369179421, "alphas5": 12.78295764291384, "alphas6": 6.648969503029085, "alphas7": 0.08804997388817792, "alphas8": 39.28722371181584, "alphas9": 0.18958879954327656}, "datetime": {"datetime": "2018-12-17 20:37:37", "elapsed": 830.454493, "delta": 29.211566}}
{"target": 0.07008932136558316, "params": {"alphas0": 35.600654809270324, "alphas1": 38.495086670016846, "alphas10": 0.5212093781960414, "alphas11": 0.4325785920625558, "alphas12": 19.800432232094497, "alphas13": 39.523851653120744, "alphas14": 29.816645837877953, "alphas2": 0.42742032401927865, "alphas3": 38.214109379985885, "alphas4": 37.53600723368743, "alphas5": 38.45003281114546, "alphas6": 26.534080707841298, "alphas7": 27.05768371495989, "alphas8": 34.932650653029086, "alphas9": 0.4235554149340226}, "datetime": {"datetime": "2018-12-17 20:38:07", "elapsed": 859.782256, "delta": 29.327763}}
{"target": 0.0705934211703198, "params": {"alphas0": 32.25705512510494, "alphas1": 33.25085803571864, "alphas10": 1.5666491253954495, "alphas11": 4.76003123792192, "alphas12": 36.819618863977915, "alphas13": 39.195279326453345, "alphas14": 28.915353230560793, "alphas2": 4.592207675696693, "alphas3": 32.59723654614203, "alphas4": 14.6234994597802, "alphas5": 6.351671181414527, "alphas6": 0.502975883722292, "alphas7": 8.820739594669895, "alphas8": 36.91255145414331, "alphas9": 6.626451758842515}, "datetime": {"datetime": "2018-12-17 20:38:38", "elapsed": 891.27382, "delta": 31.491564}}
{"target": 0.07079332338120421, "params": {"alphas0": 34.23597420845715, "alphas1": 15.32814969483843, "alphas10": 5.084429918727058, "alphas11": 8.880864098448175, "alphas12": 39.917544269985456, "alphas13": 39.28910874988822, "alphas14": 31.14407022261436, "alphas2": 8.897610593129617, "alphas3": 32.77631887109882, "alphas4": 17.14945237453061, "alphas5": 2.5944384444022006, "alphas6": 4.257612457463011, "alphas7": 36.63188657858512, "alphas8": 39.89009261866839, "alphas9": 8.098320528845866}, "datetime": {"datetime": "2018-12-17 20:39:09", "elapsed": 921.947424, "delta": 30.673604}}
{"target": 0.07036693792516989, "params": {"alphas0": 28.946635747713092, "alphas1": 39.21234100104496, "alphas10": 37.749363019018205, "alphas11": 6.382197076496574, "alphas12": 28.69218654072535, "alphas13": 38.3389280629316, "alphas14": 31.68531010001184, "alphas2": 2.408575830107136, "alphas3": 33.145868367881754, "alphas4": 34.49178212009157, "alphas5": 2.1635872049621385, "alphas6": 3.934436643731658, "alphas7": 28.497036169701225, "alphas8": 32.06018255542175, "alphas9": 9.260880052565842}, "datetime": {"datetime": "2018-12-17 20:39:37", "elapsed": 950.089017, "delta": 28.141593}}
{"target": 0.07000719101158963, "params": {"alphas0": 39.22246799140899, "alphas1": 3.259392984658973, "alphas10": 5.298039163957529, "alphas11": 15.191380923517915, "alphas12": 39.67978184072059, "alphas13": 33.09037158793245, "alphas14": 38.145730334150294, "alphas2": 15.339284183039293, "alphas3": 35.02380424483922, "alphas4": 26.912553821992944, "alphas5": 14.27872173900628, "alphas6": 3.3833444596760964, "alphas7": 30.420601420667204, "alphas8": 36.93158624360999, "alphas9": 2.8717836144402664}, "datetime": {"datetime": "2018-12-17 20:40:07", "elapsed": 980.226055, "delta": 30.137038}}
{"target": 0.07056297203325752, "params": {"alphas0": 35.729915476312875, "alphas1": 29.64200869799535, "alphas10": 27.863211081828258, "alphas11": 3.55015565774635, "alphas12": 39.93285753704549, "alphas13": 26.779139021015233, "alphas14": 37.38939185573686, "alphas2": 6.681172026556199, "alphas3": 37.40709883402202, "alphas4": 35.17279685442764, "alphas5": 33.42743221176561, "alphas6": 0.4154530903465714, "alphas7": 9.125183070831344, "alphas8": 16.366862652413367, "alphas9": 7.106672954848574}, "datetime": {"datetime": "2018-12-17 20:40:37", "elapsed": 1010.644252, "delta": 30.418197}}
{"target": 0.07090430599647261, "params": {"alphas0": 7.982244657562467, "alphas1": 37.19484692021525, "alphas10": 15.30994105725474, "alphas11": 0.17953159932839746, "alphas12": 36.98324903707727, "alphas13": 29.621719916496538, "alphas14": 35.31311171557571, "alphas2": 14.217012498293338, "alphas3": 36.848080430848995, "alphas4": 8.74234234145268, "alphas5": 6.163334211609084, "alphas6": 0.2461462617539345, "alphas7": 38.88386944472305, "alphas8": 37.544493665374155, "alphas9": 4.534730269249541}, "datetime": {"datetime": "2018-12-17 20:41:07", "elapsed": 1040.418377, "delta": 29.774125}}
{"target": 0.07025833783698658, "params": {"alphas0": 28.755723467488266, "alphas1": 34.239308762673765, "alphas10": 8.53552888605888, "alphas11": 4.663177004681032, "alphas12": 31.793809688785895, "alphas13": 35.86563961892008, "alphas14": 35.21430854609103, "alphas2": 0.9664215290699385, "alphas3": 38.217273937653076, "alphas4": 32.22528378908909, "alphas5": 32.689106961174495, "alphas6": 4.860450531756113, "alphas7": 1.7521176539388295, "alphas8": 36.87310494637173, "alphas9": 1.1352051064946522}, "datetime": {"datetime": "2018-12-17 20:41:36", "elapsed": 1069.300183, "delta": 28.881806}}
{"target": 0.07031568858654558, "params": {"alphas0": 2.8984688193712405, "alphas1": 37.96409197784388, "alphas10": 8.533010179661566, "alphas11": 0.5184511337058639, "alphas12": 11.911744970760791, "alphas13": 39.46066000895235, "alphas14": 34.94443062130441, "alphas2": 31.373235063109107, "alphas3": 38.45003907971041, "alphas4": 37.66641220445187, "alphas5": 20.38495072812526, "alphas6": 3.1977872659905504, "alphas7": 31.809364058777653, "alphas8": 15.192527067749936, "alphas9": 3.9546896684606736}, "datetime": {"datetime": "2018-12-17 20:42:06", "elapsed": 1099.164852, "delta": 29.864669}}
{"target": 0.06856243042957917, "params": {"alphas0": 34.651549612319286, "alphas1": 38.99299243324085, "alphas10": 0.8632935423421273, "alphas11": 18.004979791578, "alphas12": 38.656039137723695, "alphas13": 35.001924758654546, "alphas14": 37.64482358446596, "alphas2": 31.007670661878024, "alphas3": 33.27093244981248, "alphas4": 37.66773715970682, "alphas5": 35.73672653298493, "alphas6": 1.7971116731805736, "alphas7": 7.95076176069482, "alphas8": 9.609469030684444, "alphas9": 7.892238295610237}, "datetime": {"datetime": "2018-12-17 20:42:36", "elapsed": 1129.573092, "delta": 30.40824}}
{"target": 0.07077876291257232, "params": {"alphas0": 1.2781518163505856, "alphas1": 17.37961521752259, "alphas10": 33.07297244500171, "alphas11": 3.199062113445801, "alphas12": 38.74007637200898, "alphas13": 36.68628569490854, "alphas14": 39.61975195255177, "alphas2": 3.9026035173486084, "alphas3": 39.327903297498196, "alphas4": 23.871071838575983, "alphas5": 1.256786259139191, "alphas6": 2.087068298774981, "alphas7": 35.17786061177775, "alphas8": 13.903380997891762, "alphas9": 3.7698711981071}, "datetime": {"datetime": "2018-12-17 20:43:07", "elapsed": 1159.947532, "delta": 30.37444}}
{"target": 0.06999049757495576, "params": {"alphas0": 1.4080122057966182, "alphas1": 39.63935774887973, "alphas10": 33.2537909199477, "alphas11": 1.3705825125232085, "alphas12": 38.46199609850704, "alphas13": 36.85117704985514, "alphas14": 22.887646418370842, "alphas2": 18.917684017688586, "alphas3": 32.95327643617388, "alphas4": 0.61866061167418, "alphas5": 6.752281885236018, "alphas6": 2.018041720280346, "alphas7": 29.765966501596402, "alphas8": 33.102484157588925, "alphas9": 3.0554932879934915}, "datetime": {"datetime": "2018-12-17 20:43:39", "elapsed": 1191.995811, "delta": 32.048279}}
{"target": 0.06865004821743499, "params": {"alphas0": 39.22962435116554, "alphas1": 30.194726507551838, "alphas10": 32.18709455687307, "alphas11": 0.09367334892337098, "alphas12": 37.31599278430777, "alphas13": 24.282506801732566, "alphas14": 26.782348646442884, "alphas2": 37.927152359065175, "alphas3": 32.36056876275362, "alphas4": 38.7647891849501, "alphas5": 6.485375138625145, "alphas6": 0.6630520463296019, "alphas7": 33.992930015529986, "alphas8": 36.38339172814953, "alphas9": 2.0027721431868395}, "datetime": {"datetime": "2018-12-17 20:44:10", "elapsed": 1222.992877, "delta": 30.997066}}
{"target": 0.07072563558201056, "params": {"alphas0": 23.561827186261848, "alphas1": 36.01955367495256, "alphas10": 21.404362237334755, "alphas11": 2.064395976348883, "alphas12": 31.417392202193252, "alphas13": 37.842531983029495, "alphas14": 34.936455394756855, "alphas2": 3.7361368060629285, "alphas3": 39.222075794536856, "alphas4": 5.966135920801325, "alphas5": 6.973476657577815, "alphas6": 20.75427343575474, "alphas7": 30.343320022580393, "alphas8": 37.1031921325445, "alphas9": 0.9322539149434661}, "datetime": {"datetime": "2018-12-17 20:44:40", "elapsed": 1253.060429, "delta": 30.067552}}
{"target": 0.07035212210254456, "params": {"alphas0": 1.3463744142477063, "alphas1": 33.90868488275091, "alphas10": 1.0990514930039552, "alphas11": 11.194819602212114, "alphas12": 39.977769667619, "alphas13": 31.465244923214243, "alphas14": 38.82381725193507, "alphas2": 8.68886097010284, "alphas3": 34.054511964252626, "alphas4": 2.338043428151395, "alphas5": 30.15526304050695, "alphas6": 0.5752739721184374, "alphas7": 25.421931490780004, "alphas8": 37.68125722992503, "alphas9": 6.343369670007233}, "datetime": {"datetime": "2018-12-17 20:45:11", "elapsed": 1284.462111, "delta": 31.401682}}
{"target": 0.0706697647707231, "params": {"alphas0": 32.68880058190323, "alphas1": 6.107432143192444, "alphas10": 31.70459143207917, "alphas11": 2.0550253949431285, "alphas12": 39.97221345625881, "alphas13": 39.828004073678926, "alphas14": 37.48784649234741, "alphas2": 0.7606971897235937, "alphas3": 32.64568286063655, "alphas4": 38.69274188108843, "alphas5": 21.249204825299127, "alphas6": 25.319919906020004, "alphas7": 32.05539251391271, "alphas8": 39.301575824807664, "alphas9": 9.229616843512275}, "datetime": {"datetime": "2018-12-17 20:45:43", "elapsed": 1316.001117, "delta": 31.539006}}
{"target": 0.07070358749055164, "params": {"alphas0": 7.920821707107102, "alphas1": 39.70216337195871, "alphas10": 5.64750831153177, "alphas11": 2.971365646124635, "alphas12": 29.14819573612215, "alphas13": 39.58439343078469, "alphas14": 17.20566020151511, "alphas2": 15.27152659667844, "alphas3": 37.99616736359496, "alphas4": 2.6428039033639728, "alphas5": 2.618911960345107, "alphas6": 2.6601682052584685, "alphas7": 28.438996246568166, "alphas8": 37.87135995202717, "alphas9": 7.7261519644446786}, "datetime": {"datetime": "2018-12-17 20:46:14", "elapsed": 1347.238706, "delta": 31.237589}}
{"target": 0.07092571611237079, "params": {"alphas0": 7.993844926079672, "alphas1": 37.1281374908592, "alphas10": 5.4892880987491965, "alphas11": 0.8493493756875692, "alphas12": 17.888655523645063, "alphas13": 37.21501589555314, "alphas14": 37.5047592086424, "alphas2": 2.2468404703597677, "alphas3": 35.151698021408016, "alphas4": 32.91347447026379, "alphas5": 8.499093980418815, "alphas6": 0.9101640209946638, "alphas7": 27.440704653886666, "alphas8": 16.101908413806896, "alphas9": 1.0909380850441774}, "datetime": {"datetime": "2018-12-17 20:46:45", "elapsed": 1378.588048, "delta": 31.349342}}
{"target": 0.06897435607205823, "params": {"alphas0": 7.253270279590565, "alphas1": 1.2057403063790506, "alphas10": 0.5793793260094748, "alphas11": 0.9426576478773407, "alphas12": 39.736779634423456, "alphas13": 38.72960817329484, "alphas14": 15.139250983477153, "alphas2": 2.18387931466689, "alphas3": 34.54051434978086, "alphas4": 31.221651610118393, "alphas5": 16.784534537931755, "alphas6": 3.45291445649909, "alphas7": 38.16743496550173, "alphas8": 36.03613255590143, "alphas9": 7.09880958994757}, "datetime": {"datetime": "2018-12-17 20:47:16", "elapsed": 1409.56595, "delta": 30.977902}}
{"target": 0.0708208219324766, "params": {"alphas0": 11.40559620515699, "alphas1": 13.58366382119835, "alphas10": 16.527715906372173, "alphas11": 1.5110293622588467, "alphas12": 14.952775478077891, "alphas13": 35.149783991764586, "alphas14": 38.64866050790462, "alphas2": 1.7932071573674735, "alphas3": 38.144136040156916, "alphas4": 31.818514331832453, "alphas5": 4.441691411327291, "alphas6": 0.9467487590046275, "alphas7": 38.73388262794008, "alphas8": 35.63328466352612, "alphas9": 6.896026866217633}, "datetime": {"datetime": "2018-12-17 20:47:47", "elapsed": 1440.451027, "delta": 30.885077}}
{"target": 0.06965351817208362, "params": {"alphas0": 24.313265829499834, "alphas1": 39.577551280172116, "alphas10": 1.024244214503538, "alphas11": 0.8342700846705764, "alphas12": 8.925702222566777, "alphas13": 39.13289017259658, "alphas14": 38.931306774194596, "alphas2": 33.54025956421461, "alphas3": 26.19698577253866, "alphas4": 38.87601133492888, "alphas5": 3.634792892573744, "alphas6": 8.684209127366906, "alphas7": 39.719300369619795, "alphas8": 32.70268944966282, "alphas9": 7.23299105117075}, "datetime": {"datetime": "2018-12-17 20:48:18", "elapsed": 1471.368232, "delta": 30.917205}}
{"target": 0.06968361268581494, "params": {"alphas0": 16.82590379597542, "alphas1": 38.66325188721211, "alphas10": 27.10669942514817, "alphas11": 13.444298611690627, "alphas12": 28.631402008925132, "alphas13": 39.414470216271425, "alphas14": 39.285574977422804, "alphas2": 7.195888785385982, "alphas3": 39.27177747006446, "alphas4": 36.11115875657492, "alphas5": 17.641964024954415, "alphas6": 1.8727202750448502, "alphas7": 1.2990960139176355, "alphas8": 28.88574506868786, "alphas9": 2.7250359041969574}, "datetime": {"datetime": "2018-12-17 20:48:49", "elapsed": 1502.104665, "delta": 30.736433}}
{"target": 0.07126079617031991, "params": {"alphas0": 13.217359219715297, "alphas1": 8.351041233602729, "alphas10": 5.292118934543062, "alphas11": 1.7264220591399804, "alphas12": 2.4554622633554057, "alphas13": 37.194660394504695, "alphas14": 38.99566787225312, "alphas2": 2.621470896223541, "alphas3": 38.470920083565346, "alphas4": 32.978891856249405, "alphas5": 10.614590952166552, "alphas6": 3.6319617896790524, "alphas7": 11.304224693039275, "alphas8": 35.31917327968598, "alphas9": 2.8184378285626632}, "datetime": {"datetime": "2018-12-17 20:49:26", "elapsed": 1539.660366, "delta": 37.555701}}
{"target": 0.07134260008818331, "params": {"alphas0": 25.085607656935593, "alphas1": 24.047586080931758, "alphas10": 22.901143866719234, "alphas11": 1.9690633531378676, "alphas12": 37.782262018146035, "alphas13": 37.49317903286949, "alphas14": 34.92872077800177, "alphas2": 1.596269978275462, "alphas3": 39.698429797948414, "alphas4": 28.60081123760784, "alphas5": 4.594720740462739, "alphas6": 11.879659617766954, "alphas7": 27.998481412427513, "alphas8": 23.58372312286782, "alphas9": 2.4371886428431866}, "datetime": {"datetime": "2018-12-17 20:50:04", "elapsed": 1577.013724, "delta": 37.353358}}
{"target": 0.07036877387251171, "params": {"alphas0": 23.222048467523425, "alphas1": 23.123121533658924, "alphas10": 37.896495656940054, "alphas11": 8.94307485128181, "alphas12": 37.82352094067749, "alphas13": 36.061266411073994, "alphas14": 35.567179653654385, "alphas2": 9.93121200625355, "alphas3": 31.359140630512403, "alphas4": 21.285094654607967, "alphas5": 4.922659298432013, "alphas6": 1.1067952239155865, "alphas7": 39.63045221517863, "alphas8": 38.11793024139392, "alphas9": 1.7177758876297355}, "datetime": {"datetime": "2018-12-17 20:50:36", "elapsed": 1608.791723, "delta": 31.777999}}
{"target": 0.07082064758125466, "params": {"alphas0": 0.317010214670872, "alphas1": 15.239461650433013, "alphas10": 15.212294492381382, "alphas11": 1.7579005841084028, "alphas12": 1.1114540136272266, "alphas13": 35.75361149306935, "alphas14": 39.47427960190309, "alphas2": 1.1745436623530825, "alphas3": 34.477551068913996, "alphas4": 11.363638646316696, "alphas5": 13.185230728344743, "alphas6": 2.7077548463268464, "alphas7": 31.638907943422296, "alphas8": 31.17788625086356, "alphas9": 5.733786582999398}, "datetime": {"datetime": "2018-12-17 20:51:07", "elapsed": 1639.956731, "delta": 31.165008}}
{"target": 0.07008709945830167, "params": {"alphas0": 6.224989804165082, "alphas1": 3.692918154844591, "alphas10": 33.01184984167406, "alphas11": 1.9502037389384475, "alphas12": 25.008925121387207, "alphas13": 39.0927615542165, "alphas14": 35.90050059872593, "alphas2": 0.9072756700199225, "alphas3": 12.696311103110748, "alphas4": 34.94423138649165, "alphas5": 0.14536384800233115, "alphas6": 5.013730777732426, "alphas7": 22.43868274355867, "alphas8": 38.78332809373877, "alphas9": 1.0904127546182396}, "datetime": {"datetime": "2018-12-17 20:51:38", "elapsed": 1670.850671, "delta": 30.89394}}
{"target": 0.06667258349080363, "params": {"alphas0": 33.209436544020605, "alphas1": 38.133070106266956, "alphas10": 0.08044576571964779, "alphas11": 2.356518596321906, "alphas12": 12.009284406030453, "alphas13": 0.8022390072817753, "alphas14": 36.617033476509285, "alphas2": 3.781639684032938, "alphas3": 35.41008206914741, "alphas4": 38.79865615476503, "alphas5": 0.2905018043830321, "alphas6": 0.8972932191085103, "alphas7": 32.05284209946234, "alphas8": 33.778078138656596, "alphas9": 0.8821541367940222}, "datetime": {"datetime": "2018-12-17 20:52:09", "elapsed": 1702.599314, "delta": 31.748643}}
