{"target": 0.07002559756865698, "params": {"alphas0": 10.055251421918502, "alphas1": 7.813306062748415, "alphas10": 39.58223391354248, "alphas11": 8.492989766071384, "alphas12": 18.02681456400589, "alphas13": 39.556872291644595, "alphas14": 39.57154986391239, "alphas2": 2.570988589867156, "alphas3": 24.95707712550953, "alphas4": 6.659660469369131, "alphas5": 36.54733255362561, "alphas6": 12.29259169885915, "alphas7": 31.886518947573986, "alphas8": 25.66623048686767, "alphas9": 0.054046547284141155}, "datetime": {"datetime": "2018-12-17 21:28:21", "elapsed": 3874.492205, "delta": 116.269628}}
{"target": 0.0711971568405139, "params": {"alphas0": 34.930021097027314, "alphas1": 5.611027511390412, "alphas10": 8.88681114430035, "alphas11": 3.3746162067519814, "alphas12": 38.68740007864392, "alphas13": 37.66600368649844, "alphas14": 27.35176514017394, "alphas2": 2.4913937512520423, "alphas3": 39.494148791414005, "alphas4": 13.393266158039188, "alphas5": 38.51322173572378, "alphas6": 15.255196073392728, "alphas7": 37.46810923232569, "alphas8": 6.626469012956915, "alphas9": 1.889464328221031}, "datetime": {"datetime": "2018-12-17 21:30:20", "elapsed": 3992.860061, "delta": 118.367856}}
{"target": 0.07094081500377919, "params": {"alphas0": 12.608105042570475, "alphas1": 16.13636359180907, "alphas10": 39.94835398326397, "alphas11": 2.454387305914505, "alphas12": 34.53699914049549, "alphas13": 33.87663242073238, "alphas14": 39.940415470382035, "alphas2": 5.289736611023845, "alphas3": 29.472969440211685, "alphas4": 0.5749657472984993, "alphas5": 20.715876749549867, "alphas6": 9.057812611401799, "alphas7": 11.977345651628216, "alphas8": 39.97724528041765, "alphas9": 0.22588965681290762}, "datetime": {"datetime": "2018-12-17 21:32:30", "elapsed": 4123.674281, "delta": 130.81422}}
{"target": 0.07034225157470386, "params": {"alphas0": 1.8197570829109866, "alphas1": 12.967500001167158, "alphas10": 39.30372408210073, "alphas11": 2.300629911277463, "alphas12": 35.35718012451899, "alphas13": 39.397258869591276, "alphas14": 28.20828886003682, "alphas2": 0.9654759401137003, "alphas3": 32.553479838988416, "alphas4": 19.85513606441331, "alphas5": 9.293993159041749, "alphas6": 4.174289994577394, "alphas7": 5.488949009662454, "alphas8": 16.49957922919595, "alphas9": 1.6120284950234964}, "datetime": {"datetime": "2018-12-17 21:34:45", "elapsed": 4258.537945, "delta": 134.863664}}
{"target": 0.07088934183673469, "params": {"alphas0": 10.935964985836776, "alphas1": 39.23515584631758, "alphas10": 13.181752852491622, "alphas11": 6.900562002797264, "alphas12": 38.84500348305454, "alphas13": 39.85889858696407, "alphas14": 37.63556174938982, "alphas2": 0.5355533822060154, "alphas3": 35.53698791966364, "alphas4": 4.091567063547008, "alphas5": 31.387570123793328, "alphas6": 33.60641497711652, "alphas7": 29.965768383277094, "alphas8": 29.01111565313897, "alphas9": 1.590868086733943}, "datetime": {"datetime": "2018-12-17 21:37:06", "elapsed": 4398.754954, "delta": 140.217009}}
{"target": 0.07079262008692355, "params": {"alphas0": 34.344437608039236, "alphas1": 5.585161732274417, "alphas10": 0.08743939562436687, "alphas11": 8.823967575865721, "alphas12": 36.7136703415509, "alphas13": 37.23977016055075, "alphas14": 36.687151303533724, "alphas2": 1.3541799892850959, "alphas3": 36.891349693034314, "alphas4": 31.222803610353388, "alphas5": 37.65731322862047, "alphas6": 11.205295367471532, "alphas7": 39.48409133304237, "alphas8": 20.021477576239416, "alphas9": 2.1933007311343378}, "datetime": {"datetime": "2018-12-17 21:39:11", "elapsed": 4523.904507, "delta": 125.149553}}
{"target": 0.07140478823381197, "params": {"alphas0": 32.55114000144658, "alphas1": 6.541433091396791, "alphas10": 32.875268389892256, "alphas11": 5.604780034555388, "alphas12": 1.0938001143144183, "alphas13": 38.14489544427736, "alphas14": 37.70769430665885, "alphas2": 3.273950231448648, "alphas3": 39.0624371868413, "alphas4": 7.973395045056972, "alphas5": 0.7241467281123493, "alphas6": 9.513458042121957, "alphas7": 29.56660360727479, "alphas8": 36.90001138790127, "alphas9": 2.2320100363411877}, "datetime": {"datetime": "2018-12-17 21:41:32", "elapsed": 4665.35456, "delta": 141.450053}}
{"target": 0.07143384426177865, "params": {"alphas0": 10.124789023557778, "alphas1": 1.7460998139979056, "alphas10": 18.665744646080693, "alphas11": 3.262574735046506, "alphas12": 37.68426098934303, "alphas13": 35.84955483999982, "alphas14": 38.880048900579865, "alphas2": 18.743848747195244, "alphas3": 38.69718139119338, "alphas4": 9.700142840434971, "alphas5": 4.369931094569539, "alphas6": 3.3776481802184843, "alphas7": 7.141167125809051, "alphas8": 34.73523303346754, "alphas9": 3.507504425851393}, "datetime": {"datetime": "2018-12-17 21:43:22", "elapsed": 4774.916439, "delta": 109.561879}}
{"target": 0.07089506638951876, "params": {"alphas0": 7.258489904335761, "alphas1": 36.42807593686362, "alphas10": 38.77627568642428, "alphas11": 0.5271984833833088, "alphas12": 38.051278020206, "alphas13": 28.641360695353626, "alphas14": 36.054083866218974, "alphas2": 1.7325068406166544, "alphas3": 37.2169576831965, "alphas4": 6.785301995076125, "alphas5": 6.8498588327168575, "alphas6": 35.99871025126719, "alphas7": 27.243698203883817, "alphas8": 30.70853067232667, "alphas9": 1.554496577675346}, "datetime": {"datetime": "2018-12-17 21:44:51", "elapsed": 4864.460075, "delta": 89.543636}}
{"target": 0.07036841411564604, "params": {"alphas0": 19.845174069312076, "alphas1": 32.4968366598237, "alphas10": 39.986106759454835, "alphas11": 9.22288092041073, "alphas12": 36.761194002781686, "alphas13": 39.939732503585745, "alphas14": 38.720013810389695, "alphas2": 2.1096237005861873, "alphas3": 37.22093804951108, "alphas4": 7.494908683937567, "alphas5": 4.60379884732995, "alphas6": 38.83933352750987, "alphas7": 20.29938938680764, "alphas8": 23.300129438622264, "alphas9": 1.7332835229359267}, "datetime": {"datetime": "2018-12-17 21:46:08", "elapsed": 4941.581887, "delta": 77.121812}}
{"target": 0.07120688416477693, "params": {"alphas0": 30.956958131158423, "alphas1": 13.91027747922247, "alphas10": 28.15060876552915, "alphas11": 0.3070629067549602, "alphas12": 34.770701212441075, "alphas13": 39.9238264785824, "alphas14": 10.796620194267806, "alphas2": 0.781205471353319, "alphas3": 32.76885732774252, "alphas4": 12.009188172078735, "alphas5": 39.73332951876908, "alphas6": 4.6522182618233865, "alphas7": 28.211565879159433, "alphas8": 37.83875104349629, "alphas9": 2.1374859660114165}, "datetime": {"datetime": "2018-12-17 21:47:32", "elapsed": 5024.829343, "delta": 83.247456}}
{"target": 0.07113972458427803, "params": {"alphas0": 16.46832657456762, "alphas1": 21.593379555916737, "alphas10": 27.897358371611993, "alphas11": 0.15340315160367268, "alphas12": 24.479646656285222, "alphas13": 38.1048461255238, "alphas14": 36.169625267899626, "alphas2": 4.387425248651882, "alphas3": 39.89569680197643, "alphas4": 0.116549098997214, "alphas5": 12.424557051401228, "alphas6": 2.7027951217513246, "alphas7": 26.659680062670546, "alphas8": 5.543319783917142, "alphas9": 3.701834201796461}, "datetime": {"datetime": "2018-12-17 21:48:55", "elapsed": 5108.172874, "delta": 83.343531}}
{"target": 0.07055424562232296, "params": {"alphas0": 32.930847399379495, "alphas1": 29.70778269903925, "alphas10": 29.292713778703508, "alphas11": 0.025587581165096296, "alphas12": 39.77819676337725, "alphas13": 32.09296029770444, "alphas14": 38.86327271182046, "alphas2": 4.028913308909323, "alphas3": 3.757763376978689, "alphas4": 3.05105955253532, "alphas5": 39.05521816406429, "alphas6": 2.9855084351941796, "alphas7": 35.49402721446653, "alphas8": 36.52862378770995, "alphas9": 1.329366020740852}, "datetime": {"datetime": "2018-12-17 21:50:11", "elapsed": 5184.487438, "delta": 76.314564}}
{"target": 0.07144706431090947, "params": {"alphas0": 28.593121617546355, "alphas1": 4.768676398963589, "alphas10": 35.26064998012312, "alphas11": 2.562216928487784, "alphas12": 36.05518928817405, "alphas13": 34.9283661711172, "alphas14": 35.909233696030796, "alphas2": 5.761542502326438, "alphas3": 39.517921769836136, "alphas4": 38.34866709018264, "alphas5": 7.4465662984068315, "alphas6": 8.150283028196688, "alphas7": 12.646324824174059, "alphas8": 36.11015870683181, "alphas9": 3.6328234201370835}, "datetime": {"datetime": "2018-12-17 21:51:45", "elapsed": 5277.977235, "delta": 93.489797}}
{"target": 0.07079500500755859, "params": {"alphas0": 3.8061954090556327, "alphas1": 20.298834406521202, "alphas10": 39.07651422488961, "alphas11": 1.287443990254662, "alphas12": 2.090424509312432, "alphas13": 34.16510401178253, "alphas14": 37.234722392980196, "alphas2": 10.101841872334333, "alphas3": 30.12353775566111, "alphas4": 31.437070688066278, "alphas5": 38.984985466739026, "alphas6": 3.332670550484975, "alphas7": 39.416043132560745, "alphas8": 35.81765768785851, "alphas9": 5.1026642803363265}, "datetime": {"datetime": "2018-12-17 21:53:03", "elapsed": 5356.507471, "delta": 78.530236}}
{"target": 0.07147958679768197, "params": {"alphas0": 14.527938597821253, "alphas1": 20.156958449543794, "alphas10": 32.842371690120395, "alphas11": 0.2374440154277213, "alphas12": 34.25428388032026, "alphas13": 36.65809680748347, "alphas14": 39.49931640785992, "alphas2": 6.56662148886042, "alphas3": 38.50400491424362, "alphas4": 32.53199502618387, "alphas5": 38.14282559594834, "alphas6": 38.45318777429006, "alphas7": 11.268415822007487, "alphas8": 1.75622384669885, "alphas9": 1.999947259210133}, "datetime": {"datetime": "2018-12-17 21:54:22", "elapsed": 5434.858912, "delta": 78.351441}}
{"target": 0.06991014317208347, "params": {"alphas0": 1.7811326800545313, "alphas1": 1.4062046728764432, "alphas10": 18.050214654970706, "alphas11": 1.3804821624410346, "alphas12": 22.424443135484452, "alphas13": 39.39986852697747, "alphas14": 38.51316987789359, "alphas2": 0.27473802468917174, "alphas3": 33.322015383347, "alphas4": 21.22655232709188, "alphas5": 39.27405203200664, "alphas6": 15.041554040605224, "alphas7": 4.330790858014644, "alphas8": 11.656254302914082, "alphas9": 0.24849701482216435}, "datetime": {"datetime": "2018-12-17 21:55:34", "elapsed": 5507.5836, "delta": 72.724688}}
{"target": 0.07015652944696399, "params": {"alphas0": 37.008461930347174, "alphas1": 34.823394808691475, "alphas10": 38.16237550619982, "alphas11": 0.10150227571894099, "alphas12": 7.997977836735379, "alphas13": 38.77329389702993, "alphas14": 39.46640164544796, "alphas2": 11.260436136153583, "alphas3": 32.79756183874041, "alphas4": 22.995928655624613, "alphas5": 11.874675585580725, "alphas6": 38.99122215061028, "alphas7": 31.89271919416924, "alphas8": 21.745799825646323, "alphas9": 0.5277968744060457}, "datetime": {"datetime": "2018-12-17 21:56:47", "elapsed": 5579.870738, "delta": 72.287138}}
{"target": 0.07081548557571164, "params": {"alphas0": 30.507964928527386, "alphas1": 15.186008444888714, "alphas10": 39.72360260618906, "alphas11": 3.1503191019154952, "alphas12": 31.728485526177753, "alphas13": 38.83539112119426, "alphas14": 12.653798059638305, "alphas2": 2.216943737064523, "alphas3": 36.70573640826331, "alphas4": 1.223712065588911, "alphas5": 17.376380371951722, "alphas6": 6.415968660387774, "alphas7": 35.86324832904127, "alphas8": 34.44040110703644, "alphas9": 4.12438713421559}, "datetime": {"datetime": "2018-12-17 21:58:01", "elapsed": 5654.116514, "delta": 74.245776}}
{"target": 0.0701019595616024, "params": {"alphas0": 3.800257419088462, "alphas1": 3.2570312576727245, "alphas10": 28.93697687178507, "alphas11": 0.2320283637363385, "alphas12": 39.33894702252074, "alphas13": 36.953315481376265, "alphas14": 32.82448504138823, "alphas2": 2.990935571412021, "alphas3": 38.199363542993524, "alphas4": 16.157609339486612, "alphas5": 38.52614385997778, "alphas6": 27.8941386006659, "alphas7": 23.648813466447596, "alphas8": 37.59380540494672, "alphas9": 1.163294163517925}, "datetime": {"datetime": "2018-12-17 21:59:15", "elapsed": 5727.863116, "delta": 73.746602}}
{"target": 0.07141114077853349, "params": {"alphas0": 30.11466404973588, "alphas1": 3.2887723785070966, "alphas10": 34.356758680357075, "alphas11": 1.7880556126581482, "alphas12": 6.302083071588838, "alphas13": 38.79363151446623, "alphas14": 31.05407734513975, "alphas2": 7.341884256383784, "alphas3": 39.40787785706898, "alphas4": 36.56593372148571, "alphas5": 14.09266181031155, "alphas6": 36.19219498286016, "alphas7": 35.036767742490845, "alphas8": 23.716838908310308, "alphas9": 0.9006689904388887}, "datetime": {"datetime": "2018-12-17 22:00:33", "elapsed": 5805.893337, "delta": 78.030221}}
{"target": 0.07076531235827654, "params": {"alphas0": 4.7525663305461885, "alphas1": 3.2389374047605957, "alphas10": 13.98329860656968, "alphas11": 1.4087647859954533, "alphas12": 10.421909430003842, "alphas13": 37.911837557323736, "alphas14": 36.67814681250804, "alphas2": 2.810689167068441, "alphas3": 37.038374762753705, "alphas4": 2.653147199496524, "alphas5": 39.59299411990001, "alphas6": 28.449177700020943, "alphas7": 37.09348983933188, "alphas8": 7.176179266614531, "alphas9": 1.5801363355939424}, "datetime": {"datetime": "2018-12-17 22:01:34", "elapsed": 5867.364232, "delta": 61.470895}}
{"target": 0.0707492358591584, "params": {"alphas0": 32.47365525058716, "alphas1": 36.13070906998878, "alphas10": 39.76062355051825, "alphas11": 0.028368757669814393, "alphas12": 30.005961871159133, "alphas13": 39.95734460206239, "alphas14": 6.77995615577851, "alphas2": 2.602838999871442, "alphas3": 39.32209081869577, "alphas4": 31.263174004166938, "alphas5": 9.68609775421481, "alphas6": 0.20351174960936635, "alphas7": 31.276295718632262, "alphas8": 16.758225679493783, "alphas9": 10.279677823533735}, "datetime": {"datetime": "2018-12-17 22:02:47", "elapsed": 5940.671263, "delta": 73.307031}}
{"target": 0.07065247401738464, "params": {"alphas0": 39.09299186817351, "alphas1": 16.00580217520179, "alphas10": 38.256508919139584, "alphas11": 1.1563153370417956, "alphas12": 37.30488629425019, "alphas13": 38.06292817369494, "alphas14": 6.7855908566935375, "alphas2": 6.059484467073513, "alphas3": 34.126046309232365, "alphas4": 25.09460205518352, "alphas5": 10.033071461825562, "alphas6": 21.760572853399694, "alphas7": 37.969860274956766, "alphas8": 12.332182038316528, "alphas9": 0.8359344758338016}, "datetime": {"datetime": "2018-12-17 22:04:06", "elapsed": 6019.564631, "delta": 78.893368}}
{"target": 0.07080918408289233, "params": {"alphas0": 19.482081201974747, "alphas1": 36.19748795310719, "alphas10": 35.847913207524655, "alphas11": 1.304893381034855, "alphas12": 36.698659313614364, "alphas13": 38.27216419015612, "alphas14": 38.5391751741614, "alphas2": 5.901442306430251, "alphas3": 35.59402837077673, "alphas4": 28.55700062929012, "alphas5": 24.485983206508596, "alphas6": 20.846337645212735, "alphas7": 1.8586195409360196, "alphas8": 32.82639424582482, "alphas9": 2.4093011261318242}, "datetime": {"datetime": "2018-12-17 22:05:21", "elapsed": 6094.464164, "delta": 74.899533}}
{"target": 0.07146183733308138, "params": {"alphas0": 15.831994916342902, "alphas1": 13.66556392138753, "alphas10": 39.195816553324704, "alphas11": 0.04550452502988911, "alphas12": 30.40897265002973, "alphas13": 35.203210315547814, "alphas14": 38.606207871662555, "alphas2": 9.654812145365344, "alphas3": 36.672002893036144, "alphas4": 34.17589294567804, "alphas5": 22.941050508618158, "alphas6": 24.112981327879584, "alphas7": 39.45291491855989, "alphas8": 26.71538050315879, "alphas9": 2.691714009124171}, "datetime": {"datetime": "2018-12-17 22:06:37", "elapsed": 6169.86885, "delta": 75.404686}}
{"target": 0.07064475970017638, "params": {"alphas0": 8.164930415146504, "alphas1": 14.86272846092592, "alphas10": 38.4756218455075, "alphas11": 0.8524237135844137, "alphas12": 38.861594394743506, "alphas13": 35.71560251497261, "alphas14": 23.99901625671259, "alphas2": 2.6449062457804207, "alphas3": 39.9672061213158, "alphas4": 11.365248415936943, "alphas5": 15.58757486799998, "alphas6": 32.00452100214595, "alphas7": 38.48911980115162, "alphas8": 4.221902652279543, "alphas9": 5.143705053629994}, "datetime": {"datetime": "2018-12-17 22:07:53", "elapsed": 6245.743594, "delta": 75.874744}}
{"target": 0.07078427368354734, "params": {"alphas0": 30.130545113410186, "alphas1": 9.286923780423306, "alphas10": 39.643691321922354, "alphas11": 4.248575077505592, "alphas12": 39.05507261211868, "alphas13": 39.21054153499949, "alphas14": 31.42114415745448, "alphas2": 10.386108112526218, "alphas3": 28.755281406313884, "alphas4": 17.300431104683046, "alphas5": 0.7280615267939394, "alphas6": 7.699034061526766, "alphas7": 31.783427904461234, "alphas8": 36.02079697302328, "alphas9": 1.2532590767738894}, "datetime": {"datetime": "2018-12-17 22:09:08", "elapsed": 6321.552732, "delta": 75.809138}}
{"target": 0.0720012290879314, "params": {"alphas0": 8.814627313335848, "alphas1": 12.996240235557117, "alphas10": 15.443905913303784, "alphas11": 0.12427478649140955, "alphas12": 35.07847599813684, "alphas13": 39.88377806573824, "alphas14": 39.76188084033388, "alphas2": 12.510659378932786, "alphas3": 34.29617367730531, "alphas4": 4.8165983648832045, "alphas5": 6.31472775636551, "alphas6": 36.24418917440833, "alphas7": 36.444822951592116, "alphas8": 14.23427803456455, "alphas9": 2.755258876041684}, "datetime": {"datetime": "2018-12-17 22:10:22", "elapsed": 6395.188689, "delta": 73.635957}}
{"target": 0.07052497017510705, "params": {"alphas0": 22.95062644636666, "alphas1": 33.65395549779891, "alphas10": 27.37387164323621, "alphas11": 0.8017510765994862, "alphas12": 38.51668176607111, "alphas13": 37.15854934555602, "alphas14": 37.10107190014712, "alphas2": 5.263011142041072, "alphas3": 38.836069398110205, "alphas4": 23.44086688937672, "alphas5": 2.557566965301321, "alphas6": 26.957866004484607, "alphas7": 38.67058973515409, "alphas8": 0.5758471638951246, "alphas9": 0.4531417729495679}, "datetime": {"datetime": "2018-12-17 22:11:38", "elapsed": 6470.883949, "delta": 75.69526}}
{"target": 0.0710148121063238, "params": {"alphas0": 37.68983265527008, "alphas1": 0.7372615271301886, "alphas10": 39.765597554264104, "alphas11": 2.473501904359585, "alphas12": 13.504332311214515, "alphas13": 39.72414151454873, "alphas14": 22.053491081844445, "alphas2": 2.0713376383194104, "alphas3": 39.44189078857515, "alphas4": 0.9967385588166122, "alphas5": 38.08275529704418, "alphas6": 28.72499334765942, "alphas7": 0.8994690854344789, "alphas8": 29.972141244394784, "alphas9": 2.4124636382218423}, "datetime": {"datetime": "2018-12-17 22:12:54", "elapsed": 6547.688031, "delta": 76.804082}}
{"target": 0.06874454702066009, "params": {"alphas0": 37.18542779078234, "alphas1": 38.19741239008733, "alphas10": 11.581645634371252, "alphas11": 2.244573131743701, "alphas12": 19.096404616271528, "alphas13": 39.60170541897472, "alphas14": 38.927210398480064, "alphas2": 14.703264261830356, "alphas3": 36.7301674249276, "alphas4": 0.11958650562588602, "alphas5": 22.071984744679764, "alphas6": 2.9738488546775743, "alphas7": 34.5176293241978, "alphas8": 10.705581853427603, "alphas9": 1.78686377016116}, "datetime": {"datetime": "2018-12-17 22:14:13", "elapsed": 6625.872428, "delta": 78.184397}}
{"target": 0.07099120184555296, "params": {"alphas0": 39.896445364571875, "alphas1": 1.7170316860689017, "alphas10": 29.51329799582025, "alphas11": 9.296899948383736, "alphas12": 37.89760133615114, "alphas13": 38.764695424273185, "alphas14": 38.145721542609024, "alphas2": 3.9201892296608776, "alphas3": 29.60065222744359, "alphas4": 14.310021107404488, "alphas5": 39.01745763739856, "alphas6": 25.013052309561697, "alphas7": 35.83346321450554, "alphas8": 25.094794636279683, "alphas9": 1.2136489009814166}, "datetime": {"datetime": "2018-12-17 22:15:26", "elapsed": 6699.640736, "delta": 73.768308}}
{"target": 0.07123153772990672, "params": {"alphas0": 14.96445478094886, "alphas1": 0.3071344420847133, "alphas10": 32.71899101815966, "alphas11": 2.0370956746032087, "alphas12": 36.28397189810171, "alphas13": 39.863078471493324, "alphas14": 26.84762517922517, "alphas2": 36.74261616035587, "alphas3": 37.492734677783346, "alphas4": 35.19835324439089, "alphas5": 37.62833153861222, "alphas6": 20.57662898760086, "alphas7": 19.735618538274306, "alphas8": 38.27441799434122, "alphas9": 2.4511210575717346}, "datetime": {"datetime": "2018-12-17 22:16:50", "elapsed": 6783.14495, "delta": 83.504214}}
{"target": 0.07145607845175089, "params": {"alphas0": 39.612100836725745, "alphas1": 2.8913315496145886, "alphas10": 33.50624164442573, "alphas11": 1.4675934897905174, "alphas12": 36.871480445241104, "alphas13": 38.40109009629576, "alphas14": 28.538692534322184, "alphas2": 1.5574925994653732, "alphas3": 37.81612427755343, "alphas4": 10.049098218960818, "alphas5": 7.531499056457043, "alphas6": 19.442216293260497, "alphas7": 25.875943471889208, "alphas8": 34.45669218703177, "alphas9": 1.9820017002725887}, "datetime": {"datetime": "2018-12-17 22:18:10", "elapsed": 6862.833159, "delta": 79.688209}}
{"target": 0.07080952258125468, "params": {"alphas0": 32.72759328922074, "alphas1": 0.22432341588292992, "alphas10": 39.43281839604956, "alphas11": 1.4450657449181126, "alphas12": 28.958408369064305, "alphas13": 36.8746910529492, "alphas14": 28.73653684691771, "alphas2": 1.8192505352757316, "alphas3": 21.567151044208405, "alphas4": 34.34531144397387, "alphas5": 2.4607927757880788, "alphas6": 32.61665377499315, "alphas7": 37.06296825076556, "alphas8": 39.14662090324739, "alphas9": 5.971960465037283}, "datetime": {"datetime": "2018-12-17 22:19:22", "elapsed": 6935.622041, "delta": 72.788882}}
