{"target": 0.07048879292642975, "params": {"alphas0": 26.159009573351256, "alphas1": 8.57199914269656, "alphas10": 39.56412391470983, "alphas11": 0.9270628930226898, "alphas12": 7.415110212672018, "alphas13": 39.61487058345997, "alphas14": 27.85546199312858, "alphas2": 37.94261360264829, "alphas3": 37.66362325871746, "alphas4": 17.833467159517834, "alphas5": 5.960633314503818, "alphas6": 31.362476492213005, "alphas7": 39.5430191825037, "alphas8": 39.90209266914718, "alphas9": 1.3318989640022272}, "datetime": {"datetime": "2018-12-17 22:20:35", "elapsed": 7008.420699, "delta": 72.798658}}
{"target": 0.07032989805366578, "params": {"alphas0": 2.8966158311769874, "alphas1": 6.771718054674416, "alphas10": 34.32422305747234, "alphas11": 0.2352603643248763, "alphas12": 27.816414662697603, "alphas13": 38.77729871125156, "alphas14": 33.72195214365749, "alphas2": 2.3458946247764922, "alphas3": 35.67848763918222, "alphas4": 20.244401532444932, "alphas5": 37.69072199127079, "alphas6": 16.558512860198565, "alphas7": 36.32575626085229, "alphas8": 23.439780204874264, "alphas9": 0.771775700064099}, "datetime": {"datetime": "2018-12-17 22:21:47", "elapsed": 7080.054302, "delta": 71.633603}}
{"target": 0.07045148494583016, "params": {"alphas0": 11.66591508297687, "alphas1": 5.137081837168993, "alphas10": 37.36749538342675, "alphas11": 4.30773185813853, "alphas12": 39.4804888738981, "alphas13": 15.146949705705527, "alphas14": 38.19864272619852, "alphas2": 0.6297947168216744, "alphas3": 38.25201403870524, "alphas4": 39.85203544097057, "alphas5": 36.69057572274495, "alphas6": 4.832337911864886, "alphas7": 38.18736694534828, "alphas8": 20.056151194981396, "alphas9": 5.102587155981926}, "datetime": {"datetime": "2018-12-17 22:23:02", "elapsed": 7154.841617, "delta": 74.787315}}
{"target": 0.07076797748173333, "params": {"alphas0": 5.924237263688452, "alphas1": 19.747968373067813, "alphas10": 38.8659606819774, "alphas11": 4.047133285036919, "alphas12": 33.6803864909375, "alphas13": 39.89245455122459, "alphas14": 39.780743239802085, "alphas2": 4.861033379932822, "alphas3": 39.74137632512952, "alphas4": 2.0804867222897805, "alphas5": 33.20277876275646, "alphas6": 5.153373325887336, "alphas7": 16.392257562270842, "alphas8": 39.39064904256516, "alphas9": 0.7972781461810907}, "datetime": {"datetime": "2018-12-17 22:24:19", "elapsed": 7232.64316, "delta": 77.801543}}
{"target": 0.07044946680524052, "params": {"alphas0": 18.491461136144416, "alphas1": 7.148033415835928, "alphas10": 37.20578769350317, "alphas11": 5.726387233813677, "alphas12": 37.375786561448045, "alphas13": 38.19006693629095, "alphas14": 39.04777638200403, "alphas2": 10.400951742794566, "alphas3": 39.7979726432031, "alphas4": 13.438457241964006, "alphas5": 15.310782411922412, "alphas6": 5.334372989384635, "alphas7": 39.825072332306014, "alphas8": 12.443301389664146, "alphas9": 15.998298804434633}, "datetime": {"datetime": "2018-12-17 22:25:39", "elapsed": 7312.46032, "delta": 79.81716}}
{"target": 0.07117439125094484, "params": {"alphas0": 10.486332165660484, "alphas1": 0.07554509059608527, "alphas10": 28.671666116022116, "alphas11": 0.8188388798564983, "alphas12": 36.393398768154974, "alphas13": 39.65628736931605, "alphas14": 38.08186530359179, "alphas2": 27.949447886848144, "alphas3": 33.077103349655474, "alphas4": 34.16541941555544, "alphas5": 30.75516784756237, "alphas6": 3.160353270794598, "alphas7": 36.14286475404875, "alphas8": 1.42710652648526, "alphas9": 3.5579084271251915}, "datetime": {"datetime": "2018-12-17 22:26:54", "elapsed": 7387.272409, "delta": 74.812089}}
{"target": 0.07143078366717057, "params": {"alphas0": 22.531134025994362, "alphas1": 17.06247744966767, "alphas10": 13.614276012283092, "alphas11": 2.0502043515083423, "alphas12": 36.699648090458005, "alphas13": 38.689696092760734, "alphas14": 39.296781843662494, "alphas2": 0.9215538894392727, "alphas3": 38.11892184403312, "alphas4": 14.787635582713596, "alphas5": 36.862605608546986, "alphas6": 35.24899354890198, "alphas7": 36.24740647783508, "alphas8": 28.939563994005894, "alphas9": 1.6179114347440438}, "datetime": {"datetime": "2018-12-17 22:28:10", "elapsed": 7463.234382, "delta": 75.961973}}
{"target": 0.06961286520534121, "params": {"alphas0": 33.79510361694463, "alphas1": 1.4720378804389478, "alphas10": 39.978317043231485, "alphas11": 13.69694758491994, "alphas12": 28.304780437827354, "alphas13": 37.077272945846566, "alphas14": 39.33953423318835, "alphas2": 6.51210967442196, "alphas3": 38.84668882102118, "alphas4": 3.869334024222786, "alphas5": 3.2966113895679516, "alphas6": 38.274182945613276, "alphas7": 37.77870559196393, "alphas8": 18.953874958480803, "alphas9": 0.12967172727495146}, "datetime": {"datetime": "2018-12-17 22:29:26", "elapsed": 7539.145393, "delta": 75.911011}}
{"target": 0.07093784933232539, "params": {"alphas0": 1.7169433367235287, "alphas1": 13.435299170443965, "alphas10": 15.189475473368116, "alphas11": 0.6168693143204118, "alphas12": 39.932401506042694, "alphas13": 39.24243298659563, "alphas14": 21.325320206830675, "alphas2": 0.18381049738653843, "alphas3": 36.163618542381144, "alphas4": 16.393198863628555, "alphas5": 8.901128812321337, "alphas6": 7.361007660399221, "alphas7": 25.260880188254163, "alphas8": 27.337167671302076, "alphas9": 0.1690794035201959}, "datetime": {"datetime": "2018-12-17 22:30:42", "elapsed": 7615.48277, "delta": 76.337377}}
{"target": 0.07125680621693119, "params": {"alphas0": 1.993614029127846, "alphas1": 14.409751810002124, "alphas10": 22.341719074781405, "alphas11": 1.654805362986842, "alphas12": 19.913295751175944, "alphas13": 39.59504487320081, "alphas14": 38.42154522617227, "alphas2": 16.10812232557088, "alphas3": 32.091147321363415, "alphas4": 0.882553335540095, "alphas5": 38.50698515721513, "alphas6": 35.33753604348301, "alphas7": 32.91705923446309, "alphas8": 33.816506612426835, "alphas9": 1.6678783845105238}, "datetime": {"datetime": "2018-12-17 22:32:04", "elapsed": 7697.495797, "delta": 82.013027}}
{"target": 0.07053029204459546, "params": {"alphas0": 5.293446731372975, "alphas1": 1.826968417220276, "alphas10": 36.85293320200754, "alphas11": 0.897886469994722, "alphas12": 34.18530448826385, "alphas13": 38.325406812629666, "alphas14": 35.54276690936959, "alphas2": 13.763348790204507, "alphas3": 30.698732695265143, "alphas4": 12.824591664065155, "alphas5": 18.156352821355725, "alphas6": 2.2673426998802526, "alphas7": 36.44433176338477, "alphas8": 29.42533146091791, "alphas9": 0.9666176958489991}, "datetime": {"datetime": "2018-12-17 22:33:24", "elapsed": 7777.459592, "delta": 79.963795}}
{"target": 0.07077782278281679, "params": {"alphas0": 13.298510908564495, "alphas1": 0.7242985945226499, "alphas10": 29.77864695149475, "alphas11": 0.19289976846974533, "alphas12": 28.5723663023961, "alphas13": 38.330210916208614, "alphas14": 33.892100029662906, "alphas2": 3.503783789789998, "alphas3": 3.96927872529945, "alphas4": 38.69985591475189, "alphas5": 2.844015379962852, "alphas6": 19.27840332398273, "alphas7": 24.232484600762007, "alphas8": 0.7443224626379896, "alphas9": 0.5533887248891034}, "datetime": {"datetime": "2018-12-17 22:34:41", "elapsed": 7854.274576, "delta": 76.814984}}
{"target": 0.0703313384038799, "params": {"alphas0": 3.9322350019396746, "alphas1": 1.1492652667387082, "alphas10": 25.220606004478206, "alphas11": 0.733933258530679, "alphas12": 38.33195326243717, "alphas13": 38.40647181278265, "alphas14": 2.466967799422908, "alphas2": 8.158870267804348, "alphas3": 34.54175509966071, "alphas4": 5.958462491493366, "alphas5": 3.3518191525419105, "alphas6": 12.547254633865204, "alphas7": 35.86387021878578, "alphas8": 13.438082113726448, "alphas9": 3.4637695662098}, "datetime": {"datetime": "2018-12-17 22:36:04", "elapsed": 7936.922413, "delta": 82.647837}}
{"target": 0.07054951048752829, "params": {"alphas0": 7.215559784557168, "alphas1": 0.8829865926631353, "alphas10": 35.31449930300842, "alphas11": 1.4762229391396176, "alphas12": 27.345575221144315, "alphas13": 37.90232165484958, "alphas14": 33.19541225523491, "alphas2": 9.66119769105874, "alphas3": 35.45134829199127, "alphas4": 33.43299890571105, "alphas5": 8.562461696163158, "alphas6": 35.21491393556283, "alphas7": 20.087230332676135, "alphas8": 17.11363887454167, "alphas9": 3.1890267851265586}, "datetime": {"datetime": "2018-12-17 22:37:21", "elapsed": 8014.228129, "delta": 77.305716}}
{"target": 0.07059598233182138, "params": {"alphas0": 25.01007092214744, "alphas1": 8.070960981256112, "alphas10": 35.15216855792673, "alphas11": 9.691225093933383, "alphas12": 33.79412774629326, "alphas13": 39.340298331625185, "alphas14": 38.281296855987435, "alphas2": 0.3411253115219415, "alphas3": 38.37037573915407, "alphas4": 1.655129649599476, "alphas5": 14.877180467667594, "alphas6": 1.594770745964138, "alphas7": 37.813193407540126, "alphas8": 20.589233135957187, "alphas9": 4.109813459466376}, "datetime": {"datetime": "2018-12-17 22:38:39", "elapsed": 8092.120528, "delta": 77.892399}}
{"target": 0.07118252771478967, "params": {"alphas0": 4.630216770578572, "alphas1": 33.13778595761026, "alphas10": 36.49384267283423, "alphas11": 0.05992769426294231, "alphas12": 36.40595061555231, "alphas13": 39.64132919964585, "alphas14": 38.65229802593303, "alphas2": 2.9053869894897133, "alphas3": 29.606068480115898, "alphas4": 38.42089077045445, "alphas5": 35.928959612902545, "alphas6": 33.139511492329206, "alphas7": 32.98276916017454, "alphas8": 34.315845873183704, "alphas9": 3.5983274806265664}, "datetime": {"datetime": "2018-12-17 22:39:55", "elapsed": 8167.955565, "delta": 75.835037}}
{"target": 0.0711371235197782, "params": {"alphas0": 9.843426911756135, "alphas1": 3.8722229813924924, "alphas10": 17.615633393471942, "alphas11": 0.6124194198413813, "alphas12": 36.56331468305498, "alphas13": 37.69042494407283, "alphas14": 37.16123148776354, "alphas2": 35.17273655268741, "alphas3": 36.66094620709935, "alphas4": 24.87866828146549, "alphas5": 25.16297795207128, "alphas6": 39.79740330964381, "alphas7": 27.228407586720806, "alphas8": 24.919195786887748, "alphas9": 1.1925268478151496}, "datetime": {"datetime": "2018-12-17 22:41:12", "elapsed": 8245.341595, "delta": 77.38603}}
{"target": 0.07072682668808251, "params": {"alphas0": 0.44389526322966333, "alphas1": 35.08869119442678, "alphas10": 39.23106863202464, "alphas11": 4.1113939638936525, "alphas12": 27.1836664867079, "alphas13": 36.60322994705241, "alphas14": 31.94929686586186, "alphas2": 0.04394908462875158, "alphas3": 27.108468793382073, "alphas4": 1.0727249852206855, "alphas5": 4.6874894088899755, "alphas6": 38.093395139460505, "alphas7": 21.74483788232036, "alphas8": 31.8065155935792, "alphas9": 0.11641203863100191}, "datetime": {"datetime": "2018-12-17 22:42:32", "elapsed": 8324.819167, "delta": 79.477572}}
{"target": 0.07146124867724872, "params": {"alphas0": 37.55684759549572, "alphas1": 11.762849650009848, "alphas10": 38.66851944041373, "alphas11": 0.3552730178689245, "alphas12": 34.930284155842536, "alphas13": 36.03866189575597, "alphas14": 33.666627732679125, "alphas2": 3.7128965195756924, "alphas3": 36.21915905955758, "alphas4": 30.084588518077766, "alphas5": 6.667841252232245, "alphas6": 38.371013019078106, "alphas7": 37.90200911737949, "alphas8": 31.520567243660082, "alphas9": 3.7871035849686008}, "datetime": {"datetime": "2018-12-17 22:43:51", "elapsed": 8403.806608, "delta": 78.987441}}
{"target": 0.07152730442176862, "params": {"alphas0": 39.25166623156053, "alphas1": 5.084580242817189, "alphas10": 31.926147345750316, "alphas11": 1.1756255528702564, "alphas12": 16.261936981045608, "alphas13": 38.04535795653778, "alphas14": 36.0593985102353, "alphas2": 4.721839023436747, "alphas3": 39.35559611541975, "alphas4": 35.3057388580061, "alphas5": 32.375564063718286, "alphas6": 29.854692371873213, "alphas7": 24.34678178728816, "alphas8": 12.804877157225064, "alphas9": 1.1319887480849156}, "datetime": {"datetime": "2018-12-17 22:45:08", "elapsed": 8481.199778, "delta": 77.39317}}
{"target": 0.07071304670571926, "params": {"alphas0": 6.764156630201508, "alphas1": 6.252436422202732, "alphas10": 32.40161975035044, "alphas11": 0.42779531065075815, "alphas12": 4.917349206894541, "alphas13": 39.57816121628339, "alphas14": 34.70271895355036, "alphas2": 3.511837878956725, "alphas3": 38.042809373539036, "alphas4": 31.481007188526778, "alphas5": 1.253571062591865, "alphas6": 15.916960791993603, "alphas7": 3.098008320953789, "alphas8": 10.497275673109225, "alphas9": 0.2233145019568017}, "datetime": {"datetime": "2018-12-17 22:46:27", "elapsed": 8560.237528, "delta": 79.03775}}
{"target": 0.07122731021667919, "params": {"alphas0": 38.67537609132577, "alphas1": 8.895455962256861, "alphas10": 23.616241597159018, "alphas11": 2.9729621305475007, "alphas12": 38.51396997578694, "alphas13": 37.24622776307537, "alphas14": 35.92596946898485, "alphas2": 0.8015681101592032, "alphas3": 7.678384381057932, "alphas4": 32.369264892648445, "alphas5": 36.13324072609663, "alphas6": 34.88257320646774, "alphas7": 32.36507418170349, "alphas8": 25.212238945664318, "alphas9": 0.29017244164871947}, "datetime": {"datetime": "2018-12-17 22:47:50", "elapsed": 8643.07169, "delta": 82.834162}}
{"target": 0.07126128609221466, "params": {"alphas0": 13.921923975493193, "alphas1": 39.71177945577096, "alphas10": 37.63409223160692, "alphas11": 0.9570261245975908, "alphas12": 31.612938264656663, "alphas13": 37.755970988182845, "alphas14": 37.944467363539324, "alphas2": 2.75035765376888, "alphas3": 30.04548370009411, "alphas4": 23.134190749156794, "alphas5": 35.43226927210035, "alphas6": 38.31005549585938, "alphas7": 28.87964630126168, "alphas8": 27.215114780628113, "alphas9": 1.8510396472659263}, "datetime": {"datetime": "2018-12-17 22:49:04", "elapsed": 8717.240094, "delta": 74.168404}}
{"target": 0.07108660610355241, "params": {"alphas0": 6.340073130217072, "alphas1": 0.07200040515147776, "alphas10": 37.19467012214689, "alphas11": 2.9501495315556348, "alphas12": 28.656329043347405, "alphas13": 39.02884785952254, "alphas14": 21.85312398194919, "alphas2": 32.43042640420735, "alphas3": 34.85128903962043, "alphas4": 39.48421100279691, "alphas5": 23.42207468027265, "alphas6": 28.695378092256895, "alphas7": 39.249417825213214, "alphas8": 30.69535260825427, "alphas9": 0.8451485575176987}, "datetime": {"datetime": "2018-12-17 22:50:23", "elapsed": 8796.066903, "delta": 78.826809}}
{"target": 0.07043026952632897, "params": {"alphas0": 0.4261895571906438, "alphas1": 4.297646319314308, "alphas10": 39.211166013640835, "alphas11": 1.7294917259236042, "alphas12": 23.817379515269884, "alphas13": 38.16395578859303, "alphas14": 39.51354354370743, "alphas2": 22.147130424159307, "alphas3": 31.504245950467663, "alphas4": 0.69850771795128, "alphas5": 37.40201329599331, "alphas6": 17.845927186683102, "alphas7": 24.116827889459316, "alphas8": 37.170305154735445, "alphas9": 1.2186500707840553}, "datetime": {"datetime": "2018-12-17 22:51:40", "elapsed": 8873.22169, "delta": 77.154787}}
{"target": 0.06955951244016116, "params": {"alphas0": 0.3417288404281438, "alphas1": 5.245853926965838, "alphas10": 31.790360590653698, "alphas11": 0.8954930734292654, "alphas12": 27.99786364746855, "alphas13": 37.46457888357392, "alphas14": 38.157982440392516, "alphas2": 3.177474909106044, "alphas3": 36.75081779074277, "alphas4": 32.66893900290295, "alphas5": 35.65514029817835, "alphas6": 29.93493316398146, "alphas7": 37.2357203914508, "alphas8": 11.0125554976704, "alphas9": 7.57691290956894}, "datetime": {"datetime": "2018-12-17 22:52:56", "elapsed": 8949.578187, "delta": 76.356497}}
{"target": 0.07107143260267063, "params": {"alphas0": 12.209831530847165, "alphas1": 12.416369357308955, "alphas10": 15.605197727521594, "alphas11": 3.3568462490516504, "alphas12": 37.02672430771038, "alphas13": 38.16076019741203, "alphas14": 38.73817877218825, "alphas2": 5.990564466727215, "alphas3": 39.824387760496485, "alphas4": 28.591923397699674, "alphas5": 35.57985379844816, "alphas6": 39.10562486410612, "alphas7": 37.130493396351326, "alphas8": 0.9650005888888202, "alphas9": 0.595103256386964}, "datetime": {"datetime": "2018-12-17 22:54:14", "elapsed": 9027.50473, "delta": 77.926543}}
{"target": 0.07061792195767186, "params": {"alphas0": 16.02733893841628, "alphas1": 4.015414891319233, "alphas10": 3.960342432259676, "alphas11": 0.09236065847718411, "alphas12": 39.88043325652996, "alphas13": 39.62285850350718, "alphas14": 35.41853054138808, "alphas2": 15.975346334926153, "alphas3": 33.79814967265191, "alphas4": 32.50602968532868, "alphas5": 6.102278132521546, "alphas6": 34.360024463063674, "alphas7": 6.1605702477756275, "alphas8": 25.15192294340786, "alphas9": 8.139164834297542}, "datetime": {"datetime": "2018-12-17 22:55:34", "elapsed": 9107.217751, "delta": 79.713021}}
{"target": 0.07146443011463827, "params": {"alphas0": 32.35070068497545, "alphas1": 5.279535955156627, "alphas10": 22.424153773832206, "alphas11": 1.0115210568601096, "alphas12": 20.815771779065336, "alphas13": 39.145559835224255, "alphas14": 39.09208290565864, "alphas2": 2.2623868672763336, "alphas3": 26.658236095386233, "alphas4": 39.65273251189701, "alphas5": 36.64459624672955, "alphas6": 20.52426916563329, "alphas7": 20.342592508446465, "alphas8": 30.607782758391412, "alphas9": 0.7565772331497822}, "datetime": {"datetime": "2018-12-17 22:56:57", "elapsed": 9190.287892, "delta": 83.070141}}
{"target": 0.07076680344545216, "params": {"alphas0": 25.761334279952276, "alphas1": 11.668208853846389, "alphas10": 36.173340082477296, "alphas11": 0.739410254999795, "alphas12": 39.612356100639715, "alphas13": 38.05934376099576, "alphas14": 33.41123602094355, "alphas2": 15.777512630269012, "alphas3": 17.570825572612684, "alphas4": 33.08808713547237, "alphas5": 4.0583744674141675, "alphas6": 29.1851210923177, "alphas7": 3.8176553665175206, "alphas8": 36.037422233468625, "alphas9": 0.6361745949032738}, "datetime": {"datetime": "2018-12-17 22:58:15", "elapsed": 9267.916823, "delta": 77.628931}}
{"target": 0.07107423743386236, "params": {"alphas0": 38.63590778990077, "alphas1": 7.477472739110951, "alphas10": 39.433544591385136, "alphas11": 3.552693130645017, "alphas12": 26.05190491415425, "alphas13": 39.37839003683849, "alphas14": 30.190520805578235, "alphas2": 11.424729411773512, "alphas3": 38.864941899128034, "alphas4": 9.944629094377145, "alphas5": 11.0924777294839, "alphas6": 39.02362335612057, "alphas7": 32.324083988055754, "alphas8": 32.40797587004351, "alphas9": 3.705536256534181}, "datetime": {"datetime": "2018-12-17 22:59:33", "elapsed": 9346.1832, "delta": 78.266377}}
{"target": 0.06904002340010075, "params": {"alphas0": 3.3074977784581128, "alphas1": 0.028058330699280987, "alphas10": 37.044349471046615, "alphas11": 1.7491516890374204, "alphas12": 30.85883822777319, "alphas13": 39.18725673932522, "alphas14": 21.251917469209193, "alphas2": 0.10677533469092726, "alphas3": 38.270038290484614, "alphas4": 18.758348364668148, "alphas5": 0.5425450497263862, "alphas6": 36.62812790941398, "alphas7": 11.576752801647917, "alphas8": 29.343981316080065, "alphas9": 9.990598121119385}, "datetime": {"datetime": "2018-12-17 23:00:53", "elapsed": 9426.533799, "delta": 80.350599}}
{"target": 0.07061763955026441, "params": {"alphas0": 34.7698649660328, "alphas1": 0.8105713812876525, "alphas10": 24.321188286921686, "alphas11": 3.9154089131423753, "alphas12": 26.109292875932184, "alphas13": 38.59759956105458, "alphas14": 38.068692372590085, "alphas2": 1.2907317842430954, "alphas3": 37.0433093957279, "alphas4": 3.650885282151144, "alphas5": 33.182820707742124, "alphas6": 29.790363736521485, "alphas7": 36.42449382274489, "alphas8": 38.11792951924712, "alphas9": 13.735404513372025}, "datetime": {"datetime": "2018-12-17 23:02:09", "elapsed": 9502.386593, "delta": 75.852794}}
{"target": 0.0708855367220962, "params": {"alphas0": 17.07750154459561, "alphas1": 2.8639659844527987, "alphas10": 39.03638399214735, "alphas11": 0.13812751271573998, "alphas12": 34.267281655028654, "alphas13": 36.755251139297414, "alphas14": 33.93505160674407, "alphas2": 4.457900559716093, "alphas3": 30.572483156905538, "alphas4": 37.40590854017044, "alphas5": 30.70106367302219, "alphas6": 8.05574801223187, "alphas7": 0.9171100415686029, "alphas8": 5.452252884800566, "alphas9": 7.152693426938823}, "datetime": {"datetime": "2018-12-17 23:03:28", "elapsed": 9581.499304, "delta": 79.112711}}
{"target": 0.07131914943940522, "params": {"alphas0": 35.72437979832007, "alphas1": 6.581377276680964, "alphas10": 7.024240397808881, "alphas11": 0.04785761384449749, "alphas12": 38.717668863131664, "alphas13": 37.603442854534364, "alphas14": 35.861199440826546, "alphas2": 8.699782084904584, "alphas3": 36.845651272962925, "alphas4": 26.06474642024746, "alphas5": 27.028477629570347, "alphas6": 18.98651286906715, "alphas7": 13.756425727968956, "alphas8": 35.643720227537415, "alphas9": 3.785992016874329}, "datetime": {"datetime": "2018-12-17 23:04:46", "elapsed": 9659.573805, "delta": 78.074501}}
{"target": 0.07072759060846559, "params": {"alphas0": 29.24973485624612, "alphas1": 35.56912713912708, "alphas10": 38.3218057160417, "alphas11": 2.4523358555054386, "alphas12": 35.452811281605086, "alphas13": 39.94748904087107, "alphas14": 33.91652031292212, "alphas2": 3.1793349432443962, "alphas3": 26.219222636941844, "alphas4": 19.85381585899748, "alphas5": 38.41625775268596, "alphas6": 34.96327753295459, "alphas7": 7.037595838925688, "alphas8": 35.529466966850514, "alphas9": 7.249169444675423}, "datetime": {"datetime": "2018-12-17 23:06:06", "elapsed": 9739.410629, "delta": 79.836824}}
