{"target": 0.07101106109851334, "params": {"alphas0": 38.64123001567272, "alphas1": 4.120286138486833, "alphas10": 35.552954822941885, "alphas11": 4.612329645954385, "alphas12": 19.197513873949397, "alphas13": 38.79077595261451, "alphas14": 33.52723136721911, "alphas2": 4.098984000374828, "alphas3": 39.10189160068341, "alphas4": 30.32616258118546, "alphas5": 13.452266428177984, "alphas6": 3.226558123539709, "alphas7": 26.904197351531668, "alphas8": 38.33697486818412, "alphas9": 0.5874298256958888}, "datetime": {"datetime": "2018-12-17 20:52:41", "elapsed": 1734.349536, "delta": 31.750222}}
{"target": 0.0710405016061979, "params": {"alphas0": 1.4027534204763548, "alphas1": 38.6847262647473, "alphas10": 38.22527647406836, "alphas11": 4.6913690200724245, "alphas12": 37.08747444226281, "alphas13": 35.132917123824235, "alphas14": 36.17735711597061, "alphas2": 1.646046908528147, "alphas3": 39.754584248991485, "alphas4": 28.70221028441073, "alphas5": 4.289870133377147, "alphas6": 28.18143939157305, "alphas7": 31.055680915018886, "alphas8": 8.51074129253563, "alphas9": 2.7306790942854686}, "datetime": {"datetime": "2018-12-17 20:53:11", "elapsed": 1764.372697, "delta": 30.023161}}
{"target": 0.06946747562358253, "params": {"alphas0": 36.807780201625185, "alphas1": 29.84559184208404, "alphas10": 35.455602996807755, "alphas11": 1.202149165467814, "alphas12": 29.914998565122918, "alphas13": 33.896407714706875, "alphas14": 39.87730945301821, "alphas2": 10.472216011147943, "alphas3": 39.586796638174484, "alphas4": 3.380891667933281, "alphas5": 4.03587158573699, "alphas6": 1.640474404653487, "alphas7": 4.605683361871726, "alphas8": 0.23804910546674218, "alphas9": 10.053802042832643}, "datetime": {"datetime": "2018-12-17 20:53:42", "elapsed": 1795.356877, "delta": 30.98418}}
{"target": 0.07003294482237307, "params": {"alphas0": 4.379512249238253, "alphas1": 25.09539294190915, "alphas10": 4.201697859272753, "alphas11": 0.502167930957107, "alphas12": 36.436159887724564, "alphas13": 38.87200113226256, "alphas14": 36.40389353741371, "alphas2": 0.37428164136899866, "alphas3": 38.11339876520609, "alphas4": 13.11063524302197, "alphas5": 24.635073101592326, "alphas6": 38.963813642882506, "alphas7": 22.355956887583798, "alphas8": 36.43674823151724, "alphas9": 11.264915971108}, "datetime": {"datetime": "2018-12-17 20:54:14", "elapsed": 1827.640249, "delta": 32.283372}}
{"target": 0.06987596850592069, "params": {"alphas0": 39.90360996307552, "alphas1": 6.338863370826249, "alphas10": 29.196464729959956, "alphas11": 19.427608985446717, "alphas12": 37.399819673396614, "alphas13": 36.48828596680365, "alphas14": 39.29920102117282, "alphas2": 0.638438039664293, "alphas3": 38.309501630288594, "alphas4": 21.85325399777986, "alphas5": 26.97527421999581, "alphas6": 16.39951269933072, "alphas7": 37.79591066819668, "alphas8": 28.368613274819975, "alphas9": 1.4385287129172264}, "datetime": {"datetime": "2018-12-17 20:54:47", "elapsed": 1859.882236, "delta": 32.241987}}
{"target": 0.07060383015243125, "params": {"alphas0": 30.260348833185443, "alphas1": 38.642594888065574, "alphas10": 11.142356664423172, "alphas11": 4.17740122578437, "alphas12": 38.356492278823296, "alphas13": 39.582946106987634, "alphas14": 26.870547341686148, "alphas2": 10.886977169810894, "alphas3": 39.88131300445578, "alphas4": 23.897971283196235, "alphas5": 0.022711400493196088, "alphas6": 20.19157425138646, "alphas7": 39.599102701674454, "alphas8": 24.2624949928865, "alphas9": 3.5186838770303686}, "datetime": {"datetime": "2018-12-17 20:55:19", "elapsed": 1892.27182, "delta": 32.389584}}
{"target": 0.07119526804610726, "params": {"alphas0": 4.076131200327655, "alphas1": 0.05907286884024643, "alphas10": 13.880877227756505, "alphas11": 2.2215164612389016, "alphas12": 37.07579514075444, "alphas13": 38.1490085633721, "alphas14": 38.93546645261649, "alphas2": 15.071961363699682, "alphas3": 24.90274566990501, "alphas4": 1.5001705489013517, "alphas5": 5.880099521025417, "alphas6": 3.9582871467804637, "alphas7": 5.592201345267722, "alphas8": 4.686604050942487, "alphas9": 1.3223562075753925}, "datetime": {"datetime": "2018-12-17 20:55:52", "elapsed": 1925.243746, "delta": 32.971926}}
{"target": 0.07093521589191225, "params": {"alphas0": 0.8501473282139571, "alphas1": 12.132571196866797, "alphas10": 5.91973700989219, "alphas11": 1.4910208818019077, "alphas12": 25.126148989119326, "alphas13": 39.820823369989014, "alphas14": 39.95526045232403, "alphas2": 0.7309703991249705, "alphas3": 39.33887671175717, "alphas4": 1.2274940656204647, "alphas5": 39.29675315359709, "alphas6": 11.073209261380711, "alphas7": 3.932942946963882, "alphas8": 30.835828897000063, "alphas9": 0.4505391549960702}, "datetime": {"datetime": "2018-12-17 20:56:24", "elapsed": 1956.932004, "delta": 31.688258}}
{"target": 0.07108141773746522, "params": {"alphas0": 1.1264498771491471, "alphas1": 38.78648161116684, "alphas10": 37.6650215381775, "alphas11": 1.1045380005153715, "alphas12": 29.783284992414572, "alphas13": 38.26896553870303, "alphas14": 33.106737755294745, "alphas2": 0.8218715565815016, "alphas3": 33.18088657478854, "alphas4": 23.51521812255428, "alphas5": 0.14269974844837385, "alphas6": 0.4406515811874323, "alphas7": 25.547009851989458, "alphas8": 27.277824569844803, "alphas9": 1.8471300112424904}, "datetime": {"datetime": "2018-12-17 20:56:56", "elapsed": 1988.945138, "delta": 32.013134}}
{"target": 0.07030571204963458, "params": {"alphas0": 5.729418164368605, "alphas1": 5.435802728824646, "alphas10": 16.475153488387203, "alphas11": 5.4461060260588745, "alphas12": 30.649429357703006, "alphas13": 35.66364354887356, "alphas14": 37.65644191862934, "alphas2": 2.514200880057924, "alphas3": 36.36346585111975, "alphas4": 1.785394981305961, "alphas5": 0.4772750480585808, "alphas6": 5.160156587092075, "alphas7": 16.969272713298324, "alphas8": 11.041889612552357, "alphas9": 1.7879049975335493}, "datetime": {"datetime": "2018-12-17 20:57:27", "elapsed": 2019.724597, "delta": 30.779459}}
{"target": 0.0708059280360292, "params": {"alphas0": 16.234521050366737, "alphas1": 1.2382612920737301, "alphas10": 8.985596069522295, "alphas11": 5.420318602422354, "alphas12": 38.74453837958928, "alphas13": 36.70437592609527, "alphas14": 27.46504937504995, "alphas2": 10.213874380133516, "alphas3": 32.15078552047742, "alphas4": 4.12995840610205, "alphas5": 37.89578621511603, "alphas6": 4.012433137029272, "alphas7": 36.0731146793811, "alphas8": 35.332304462890704, "alphas9": 0.010607235567876572}, "datetime": {"datetime": "2018-12-17 20:57:58", "elapsed": 2051.654525, "delta": 31.929928}}
{"target": 0.07054837704711497, "params": {"alphas0": 7.025494193800972, "alphas1": 38.50274990991336, "alphas10": 38.51992526127861, "alphas11": 2.3102156718729683, "alphas12": 35.037601822411084, "alphas13": 38.01962285147625, "alphas14": 39.98701272429863, "alphas2": 13.085534492703644, "alphas3": 0.19393366950503754, "alphas4": 0.39902754539455465, "alphas5": 0.9389694872720611, "alphas6": 3.497800465483527, "alphas7": 22.361277850336776, "alphas8": 38.330311175517586, "alphas9": 10.223988236420416}, "datetime": {"datetime": "2018-12-17 20:58:30", "elapsed": 2083.66786, "delta": 32.013335}}
{"target": 0.07040570704207598, "params": {"alphas0": 2.9674595605849374, "alphas1": 39.95229223988882, "alphas10": 17.23126551116554, "alphas11": 9.549867535182104, "alphas12": 39.54974289171352, "alphas13": 37.83316214487174, "alphas14": 5.389017866964734, "alphas2": 0.5932753314530848, "alphas3": 34.66439163294603, "alphas4": 0.45904704011843656, "alphas5": 31.02066677572776, "alphas6": 3.570856980437762, "alphas7": 34.060736819652064, "alphas8": 25.165891244788085, "alphas9": 2.196938229920109}, "datetime": {"datetime": "2018-12-17 20:59:02", "elapsed": 2115.404668, "delta": 31.736808}}
{"target": 0.07098405243764157, "params": {"alphas0": 28.148216752336864, "alphas1": 1.9446911599781291, "alphas10": 34.23546019726709, "alphas11": 1.4336347554657225, "alphas12": 29.10600425968402, "alphas13": 39.24807638560897, "alphas14": 39.493477227805954, "alphas2": 20.27521554891852, "alphas3": 37.88156579248572, "alphas4": 2.3237237981630443, "alphas5": 8.264928852720498, "alphas6": 0.23053383486172585, "alphas7": 26.740043775991673, "alphas8": 30.281037194726398, "alphas9": 3.487880604890865}, "datetime": {"datetime": "2018-12-17 20:59:36", "elapsed": 2149.226729, "delta": 33.822061}}
{"target": 0.07048724048878795, "params": {"alphas0": 1.7715923130528832, "alphas1": 33.822233729369316, "alphas10": 25.220275913987052, "alphas11": 3.912104355671975, "alphas12": 35.45522378476826, "alphas13": 39.44986966302, "alphas14": 36.84561453207462, "alphas2": 7.149799540226498, "alphas3": 1.3186803590996066, "alphas4": 1.684202345156467, "alphas5": 26.885360905681313, "alphas6": 4.247826221336317, "alphas7": 38.13570684480693, "alphas8": 9.533770796117835, "alphas9": 6.07861478538084}, "datetime": {"datetime": "2018-12-17 21:00:07", "elapsed": 2179.941254, "delta": 30.714525}}
{"target": 0.07087104796548233, "params": {"alphas0": 11.010169046535827, "alphas1": 33.427995480018204, "alphas10": 32.66031828181843, "alphas11": 4.661629349809515, "alphas12": 39.670334442914836, "alphas13": 35.60342426908195, "alphas14": 39.69171405822065, "alphas2": 10.427913040003943, "alphas3": 39.048927944926334, "alphas4": 1.8859951804649722, "alphas5": 29.423114095749803, "alphas6": 1.389892298405524, "alphas7": 14.561616991300458, "alphas8": 37.34283505217399, "alphas9": 6.4874738748335625}, "datetime": {"datetime": "2018-12-17 21:00:38", "elapsed": 2211.50365, "delta": 31.562396}}
{"target": 0.07092831777525815, "params": {"alphas0": 0.049277380779599866, "alphas1": 32.98530635483844, "alphas10": 11.3164037243605, "alphas11": 8.5602196879722, "alphas12": 36.55443017800509, "alphas13": 38.30149893840077, "alphas14": 37.74975648574062, "alphas2": 6.142562162026235, "alphas3": 20.86277979694462, "alphas4": 26.959114836250954, "alphas5": 16.628889359332707, "alphas6": 0.22157325037905906, "alphas7": 37.632028834772534, "alphas8": 39.68365207692862, "alphas9": 5.086953462136514}, "datetime": {"datetime": "2018-12-17 21:01:12", "elapsed": 2244.976571, "delta": 33.472921}}
{"target": 0.06796905467372127, "params": {"alphas0": 0.15952951718437802, "alphas1": 9.940875596178302, "alphas10": 15.503946661688492, "alphas11": 0.6811546809163715, "alphas12": 35.25470392062941, "alphas13": 38.74471221533097, "alphas14": 35.67543740087398, "alphas2": 4.641329656957969, "alphas3": 15.09306041138689, "alphas4": 5.6925834161668565, "alphas5": 2.3362935014058106, "alphas6": 5.098433736829033, "alphas7": 35.597358417422875, "alphas8": 36.63155144425712, "alphas9": 20.45823867940594}, "datetime": {"datetime": "2018-12-17 21:01:45", "elapsed": 2277.807684, "delta": 32.831113}}
{"target": 0.06946668285462322, "params": {"alphas0": 8.110352657805802, "alphas1": 25.260874819239568, "alphas10": 3.3849489774709163, "alphas11": 18.269097775671426, "alphas12": 38.33626450775999, "alphas13": 39.94358279421894, "alphas14": 35.66630569742444, "alphas2": 11.237125150265026, "alphas3": 38.81018100036673, "alphas4": 1.851993654905404, "alphas5": 7.1012579827472155, "alphas6": 0.8154110370047185, "alphas7": 12.419496502519841, "alphas8": 10.282183456027415, "alphas9": 10.45636968667074}, "datetime": {"datetime": "2018-12-17 21:02:17", "elapsed": 2310.174037, "delta": 32.366353}}
{"target": 0.06939401776266052, "params": {"alphas0": 0.5894705168394765, "alphas1": 39.92411657969745, "alphas10": 4.01108193347373, "alphas11": 1.8909631409100092, "alphas12": 39.94229375437345, "alphas13": 36.584437022838564, "alphas14": 36.616657806975965, "alphas2": 18.562689643446365, "alphas3": 35.168529671149265, "alphas4": 12.050577995039099, "alphas5": 1.260759759964687, "alphas6": 11.507503797067935, "alphas7": 33.70682751666871, "alphas8": 23.294744009456707, "alphas9": 0.13927874972940124}, "datetime": {"datetime": "2018-12-17 21:02:50", "elapsed": 2342.756209, "delta": 32.582172}}
{"target": 0.07028271894683792, "params": {"alphas0": 37.027491319344264, "alphas1": 29.637921859190747, "alphas10": 28.677645870124813, "alphas11": 2.515453661443914, "alphas12": 0.3087985331005916, "alphas13": 38.86667656073763, "alphas14": 35.48391761973575, "alphas2": 1.127362686797997, "alphas3": 35.067396533130854, "alphas4": 0.9604739829866427, "alphas5": 21.005425015272774, "alphas6": 0.9909118239777426, "alphas7": 11.497022590678432, "alphas8": 33.0827872595064, "alphas9": 3.048686026555232}, "datetime": {"datetime": "2018-12-17 21:03:23", "elapsed": 2375.983983, "delta": 33.227774}}
{"target": 0.07098378162005542, "params": {"alphas0": 21.93841438207816, "alphas1": 10.152608806685892, "alphas10": 35.187793558867995, "alphas11": 0.4393280274586653, "alphas12": 37.10774485039053, "alphas13": 38.52759285057885, "alphas14": 35.969357855902985, "alphas2": 4.392645948487837, "alphas3": 15.509493673408832, "alphas4": 35.39316946331002, "alphas5": 27.26942754447446, "alphas6": 6.641075233235303, "alphas7": 27.14427199427206, "alphas8": 38.038575662916486, "alphas9": 0.6586090296283142}, "datetime": {"datetime": "2018-12-17 21:03:56", "elapsed": 2409.116808, "delta": 33.132825}}
{"target": 0.06992908295540425, "params": {"alphas0": 39.94809229582475, "alphas1": 19.076255245451918, "alphas10": 31.613083682111025, "alphas11": 11.788243823459288, "alphas12": 39.714211950801165, "alphas13": 35.993332358123155, "alphas14": 38.79722177532481, "alphas2": 0.43022125936822864, "alphas3": 36.499267514010015, "alphas4": 27.49872749662787, "alphas5": 36.11867003617045, "alphas6": 1.1601583620013356, "alphas7": 3.1804876237831703, "alphas8": 15.0077577354448, "alphas9": 4.963386142008104}, "datetime": {"datetime": "2018-12-17 21:04:29", "elapsed": 2442.006516, "delta": 32.889708}}
{"target": 0.07087506040564373, "params": {"alphas0": 0.49976153477873986, "alphas1": 34.24677663282176, "alphas10": 39.196739590808946, "alphas11": 0.2136520057694069, "alphas12": 27.111279324504487, "alphas13": 39.20775004031122, "alphas14": 34.412607022415834, "alphas2": 2.7629345981567166, "alphas3": 25.289178999698628, "alphas4": 30.0808416712686, "alphas5": 8.209791734659051, "alphas6": 10.587490603372851, "alphas7": 35.06833009561752, "alphas8": 30.270706637053436, "alphas9": 5.17363327702459}, "datetime": {"datetime": "2018-12-17 21:05:03", "elapsed": 2475.854447, "delta": 33.847931}}
{"target": 0.07143258821491545, "params": {"alphas0": 29.50637437919545, "alphas1": 0.9369672760413161, "alphas10": 32.31179106135737, "alphas11": 0.0695392934237482, "alphas12": 29.775792557516226, "alphas13": 36.6459461841409, "alphas14": 37.359620325705, "alphas2": 6.871658263645357, "alphas3": 31.076287164856918, "alphas4": 3.011091592675781, "alphas5": 34.37573432502645, "alphas6": 7.6452859221781955, "alphas7": 7.689551450966707, "alphas8": 23.75796926995553, "alphas9": 2.4027015971673515}, "datetime": {"datetime": "2018-12-17 21:07:01", "elapsed": 2594.31819, "delta": 118.463743}}
{"target": 0.07080232470395553, "params": {"alphas0": 5.060118997662881, "alphas1": 3.454806604129983, "alphas10": 5.984102708829289, "alphas11": 1.773542517577904, "alphas12": 27.958317970272475, "alphas13": 37.35212912452242, "alphas14": 39.26113255347782, "alphas2": 4.1263892081963816, "alphas3": 33.58066452903913, "alphas4": 7.331358463310864, "alphas5": 39.43315813341777, "alphas6": 4.984613802736653, "alphas7": 0.8261116577939598, "alphas8": 27.159553307849134, "alphas9": 2.1303107793778597}, "datetime": {"datetime": "2018-12-17 21:09:03", "elapsed": 2716.350411, "delta": 122.032221}}
{"target": 0.07110146170319961, "params": {"alphas0": 2.733156430926118, "alphas1": 11.85203255894189, "alphas10": 24.781407210357493, "alphas11": 3.55609054908411, "alphas12": 36.327066500574595, "alphas13": 39.15511252651321, "alphas14": 39.7126747260383, "alphas2": 19.5696994864314, "alphas3": 34.6778686379898, "alphas4": 0.32879452637282647, "alphas5": 6.092012638132918, "alphas6": 6.651600873884811, "alphas7": 22.299312476822134, "alphas8": 29.40313707899501, "alphas9": 0.20893865300209757}, "datetime": {"datetime": "2018-12-17 21:10:57", "elapsed": 2830.442911, "delta": 114.0925}}
{"target": 0.07009856009070285, "params": {"alphas0": 19.58192611465335, "alphas1": 4.793013169969953, "alphas10": 38.87696683796037, "alphas11": 6.624510392155387, "alphas12": 28.6559348066652, "alphas13": 38.00664535564226, "alphas14": 36.52519221190311, "alphas2": 2.330069008759663, "alphas3": 38.47276668704087, "alphas4": 3.728916143994403, "alphas5": 36.45213324233508, "alphas6": 6.171631805106186, "alphas7": 39.67648246223353, "alphas8": 38.85528274979091, "alphas9": 9.951418985713962}, "datetime": {"datetime": "2018-12-17 21:12:30", "elapsed": 2923.590676, "delta": 93.147765}}
{"target": 0.07104485963088938, "params": {"alphas0": 11.456950637085473, "alphas1": 6.16480429592468, "alphas10": 37.14001768003574, "alphas11": 5.947053586890676, "alphas12": 38.40348825185602, "alphas13": 39.619118301017565, "alphas14": 39.56420835456023, "alphas2": 17.527653549959744, "alphas3": 31.703258438567943, "alphas4": 39.7144848255051, "alphas5": 36.28463520621193, "alphas6": 2.4501447037319624, "alphas7": 6.66014572536068, "alphas8": 0.2126310177641777, "alphas9": 0.2793963875367478}, "datetime": {"datetime": "2018-12-17 21:14:03", "elapsed": 3016.575212, "delta": 92.984536}}
{"target": 0.07048616443058706, "params": {"alphas0": 6.430818844830357, "alphas1": 11.650795120418586, "alphas10": 36.45831129236236, "alphas11": 1.8363672140720189, "alphas12": 36.20937534545717, "alphas13": 32.63355048109585, "alphas14": 29.77886504736583, "alphas2": 0.4388212824654891, "alphas3": 29.693750046517554, "alphas4": 39.04833751392721, "alphas5": 26.37210189429371, "alphas6": 4.802423069340747, "alphas7": 6.609682887434065, "alphas8": 6.434574248840428, "alphas9": 4.636297952889876}, "datetime": {"datetime": "2018-12-17 21:15:35", "elapsed": 3107.787985, "delta": 91.212773}}
{"target": 0.07126286989795913, "params": {"alphas0": 3.2958163660763917, "alphas1": 2.8948419612495124, "alphas10": 24.24253994174257, "alphas11": 2.650059642489322, "alphas12": 33.185454154185585, "alphas13": 38.381949591835436, "alphas14": 39.43235761076429, "alphas2": 27.241925272785895, "alphas3": 39.021559401952345, "alphas4": 37.949783169215614, "alphas5": 0.6620464753996025, "alphas6": 36.636860221284124, "alphas7": 21.045794889482274, "alphas8": 28.339369777146118, "alphas9": 2.4421015833878856}, "datetime": {"datetime": "2018-12-17 21:17:07", "elapsed": 3199.975836, "delta": 92.187851}}
{"target": 0.06984873847316689, "params": {"alphas0": 37.31265492453888, "alphas1": 34.04842643148304, "alphas10": 30.70714398712515, "alphas11": 11.419636029064403, "alphas12": 34.79074768267127, "alphas13": 39.15393538304856, "alphas14": 34.38342803411809, "alphas2": 0.35583576642152615, "alphas3": 36.22033843119271, "alphas4": 37.98889197566489, "alphas5": 39.7514623621071, "alphas6": 2.34963459924197, "alphas7": 8.808809971976395, "alphas8": 0.8673635810187585, "alphas9": 5.002059879633873}, "datetime": {"datetime": "2018-12-17 21:18:36", "elapsed": 3289.622817, "delta": 89.646981}}
{"target": 0.06970911152053398, "params": {"alphas0": 0.11827156012135909, "alphas1": 25.30265508841023, "alphas10": 25.400986573676462, "alphas11": 16.52066786439635, "alphas12": 37.21271289075023, "alphas13": 38.735286600043274, "alphas14": 33.76651696752502, "alphas2": 9.7015366013817, "alphas3": 33.31053977528056, "alphas4": 37.22247778943774, "alphas5": 38.33561395253361, "alphas6": 3.745881914379554, "alphas7": 7.348761088148241, "alphas8": 32.58898917481492, "alphas9": 1.4627700243950414}, "datetime": {"datetime": "2018-12-17 21:20:36", "elapsed": 3408.900481, "delta": 119.277664}}
{"target": 0.07016716820987644, "params": {"alphas0": 15.143186753754074, "alphas1": 0.3032075510211163, "alphas10": 26.13245552606943, "alphas11": 9.777824003165021, "alphas12": 33.270071710532925, "alphas13": 36.89539923571222, "alphas14": 38.4098609869645, "alphas2": 0.4789826802021624, "alphas3": 25.600360241124676, "alphas4": 30.462065421563057, "alphas5": 30.040177450877913, "alphas6": 5.417846268282536, "alphas7": 39.330068344283106, "alphas8": 35.592234309207704, "alphas9": 3.3093267621141598}, "datetime": {"datetime": "2018-12-17 21:22:31", "elapsed": 3524.460068, "delta": 115.559587}}
{"target": 0.07035380873645741, "params": {"alphas0": 1.7092078934513655, "alphas1": 8.668180706710658, "alphas10": 39.87929189753172, "alphas11": 5.098915250764144, "alphas12": 39.767914509378734, "alphas13": 32.68309473776741, "alphas14": 33.89968371440051, "alphas2": 11.774810852177167, "alphas3": 33.66335213168734, "alphas4": 22.310059532659746, "alphas5": 31.49413270831136, "alphas6": 38.2091248869365, "alphas7": 34.83593968134348, "alphas8": 36.62678820487767, "alphas9": 0.16175376774893113}, "datetime": {"datetime": "2018-12-17 21:24:28", "elapsed": 3640.887625, "delta": 116.427557}}
{"target": 0.0710767336230788, "params": {"alphas0": 0.08311521721874549, "alphas1": 35.45124870271974, "alphas10": 30.107687056686, "alphas11": 1.4685909822653809, "alphas12": 34.76488625901066, "alphas13": 38.080182481849604, "alphas14": 35.559074534436455, "alphas2": 19.179784906330802, "alphas3": 38.40508605063037, "alphas4": 30.371248663902595, "alphas5": 30.65627129737301, "alphas6": 3.8271362935876407, "alphas7": 38.25326275287563, "alphas8": 18.40128417136645, "alphas9": 1.9095364194321185}, "datetime": {"datetime": "2018-12-17 21:26:25", "elapsed": 3758.222577, "delta": 117.334952}}
