{"target": 0.07078587188208603, "params": {"alphas0": 31.849301020662146, "alphas1": 2.965923172734133, "alphas10": 22.927249929771378, "alphas11": 0.8079713185943449, "alphas12": 38.55015981058842, "alphas13": 37.04905823160375, "alphas14": 35.77758476186815, "alphas2": 2.5871823901408053, "alphas3": 26.382049830728867, "alphas4": 16.977921115423214, "alphas5": 36.936768121425, "alphas6": 34.08618247913038, "alphas7": 9.45499638450734, "alphas8": 38.5258000117541, "alphas9": 9.915969365222992}, "datetime": {"datetime": "2018-12-17 23:55:18", "elapsed": 12690.971032, "delta": 77.864264}}
{"target": 0.07046795253842274, "params": {"alphas0": 4.144399794718776, "alphas1": 3.814505106493926, "alphas10": 23.912641953553496, "alphas11": 0.12027693876760281, "alphas12": 37.89194267486299, "alphas13": 34.946472398580475, "alphas14": 22.532255071075195, "alphas2": 4.773214004591662, "alphas3": 39.691316787910985, "alphas4": 34.558765156742815, "alphas5": 27.138238670711363, "alphas6": 39.444927414022025, "alphas7": 10.40936068538473, "alphas8": 35.50045516782496, "alphas9": 1.46383239397049}, "datetime": {"datetime": "2018-12-17 23:56:41", "elapsed": 12773.936999, "delta": 82.965967}}
{"target": 0.07083801212522042, "params": {"alphas0": 36.033879483149605, "alphas1": 6.666791930368938, "alphas10": 37.84616494588538, "alphas11": 2.359489367776524, "alphas12": 35.63839585235647, "alphas13": 36.40069051304347, "alphas14": 33.82985654273152, "alphas2": 0.22177521245681842, "alphas3": 38.74585486872544, "alphas4": 2.239919552915133, "alphas5": 27.38617740419066, "alphas6": 0.16918879411800258, "alphas7": 30.33587986885959, "alphas8": 24.84970670427729, "alphas9": 12.83025590742161}, "datetime": {"datetime": "2018-12-17 23:58:01", "elapsed": 12853.900963, "delta": 79.963964}}
{"target": 0.07131126703829672, "params": {"alphas0": 36.334784315752, "alphas1": 4.685211944981069, "alphas10": 39.46399513725387, "alphas11": 1.4965920462164117, "alphas12": 21.215391465971422, "alphas13": 39.50870762103949, "alphas14": 35.60193897408697, "alphas2": 4.187393820398482, "alphas3": 27.541047373860685, "alphas4": 32.232697316959474, "alphas5": 4.963457618029463, "alphas6": 39.248725767238966, "alphas7": 22.13474333783931, "alphas8": 37.02955820825889, "alphas9": 2.7652064646359875}, "datetime": {"datetime": "2018-12-17 23:59:24", "elapsed": 12937.017489, "delta": 83.116526}}
{"target": 0.0703509666792642, "params": {"alphas0": 35.67120788787293, "alphas1": 26.319766484141212, "alphas10": 38.215792989506426, "alphas11": 3.571636745055584, "alphas12": 35.441701833976246, "alphas13": 39.93174286915973, "alphas14": 34.0274124001354, "alphas2": 17.99337061204954, "alphas3": 35.83501937949202, "alphas4": 8.054393434857747, "alphas5": 27.530750406899685, "alphas6": 39.87229198647554, "alphas7": 35.74018154478231, "alphas8": 38.39393698524913, "alphas9": 10.993101523571958}, "datetime": {"datetime": "2018-12-18 00:00:47", "elapsed": 13020.581024, "delta": 83.563535}}
{"target": 0.07096764462081116, "params": {"alphas0": 32.873452286258996, "alphas1": 4.25342693010808, "alphas10": 39.683811637665386, "alphas11": 3.1983442899930825, "alphas12": 31.125297274766496, "alphas13": 38.76074114922887, "alphas14": 39.19479298957982, "alphas2": 19.01720912361291, "alphas3": 31.271750546548457, "alphas4": 35.91481096548598, "alphas5": 26.54719976559729, "alphas6": 23.557888263872194, "alphas7": 38.58970583953857, "alphas8": 3.49148455807744, "alphas9": 1.376583395265576}, "datetime": {"datetime": "2018-12-18 00:02:10", "elapsed": 13103.293674, "delta": 82.71265}}
{"target": 0.0706373230347694, "params": {"alphas0": 30.7094454556103, "alphas1": 9.055040695709753, "alphas10": 39.971332431719205, "alphas11": 3.9814841358645747, "alphas12": 39.80688067307883, "alphas13": 34.345145005978395, "alphas14": 38.46417253490757, "alphas2": 3.2120473752492273, "alphas3": 33.48814800052256, "alphas4": 8.067968045883088, "alphas5": 4.699660310903884, "alphas6": 10.350781846465122, "alphas7": 39.14751695763436, "alphas8": 2.9553206862762638, "alphas9": 2.107138928490313}, "datetime": {"datetime": "2018-12-18 00:03:33", "elapsed": 13186.030801, "delta": 82.737127}}
{"target": 0.07061260043461823, "params": {"alphas0": 35.281260676920965, "alphas1": 4.9769828998628185, "alphas10": 38.69727941099443, "alphas11": 7.170058740699461, "alphas12": 37.608715416718816, "alphas13": 37.182244449256345, "alphas14": 36.59272504973484, "alphas2": 31.79703212193955, "alphas3": 39.48884043033198, "alphas4": 26.684107443094863, "alphas5": 30.047919132048456, "alphas6": 8.352343153149757, "alphas7": 35.53318445770237, "alphas8": 30.903998463029847, "alphas9": 3.728978854734568}, "datetime": {"datetime": "2018-12-18 00:04:57", "elapsed": 13270.699442, "delta": 84.668641}}
{"target": 0.07146611687452756, "params": {"alphas0": 31.831449941003193, "alphas1": 7.033434950852131, "alphas10": 33.232855977359634, "alphas11": 5.678798986614804, "alphas12": 4.409936533966472, "alphas13": 36.50624986364062, "alphas14": 36.12890316345894, "alphas2": 5.4185393449888375, "alphas3": 38.37946767788752, "alphas4": 36.40020142537833, "alphas5": 20.52006562965773, "alphas6": 38.27967432714763, "alphas7": 39.294833062679395, "alphas8": 19.794613411078167, "alphas9": 3.3633779535637487}, "datetime": {"datetime": "2018-12-18 00:06:22", "elapsed": 13355.488228, "delta": 84.788786}}
{"target": 0.07050423441043072, "params": {"alphas0": 33.19491906161583, "alphas1": 1.4829871721545906, "alphas10": 37.64200910655183, "alphas11": 8.436191552256274, "alphas12": 38.96391228273686, "alphas13": 36.78035728340193, "alphas14": 29.31632304876274, "alphas2": 1.0210109467460704, "alphas3": 35.31520516145789, "alphas4": 9.185074210579067, "alphas5": 5.287801085026622, "alphas6": 9.891392006993552, "alphas7": 35.44915931534648, "alphas8": 36.45148109238137, "alphas9": 6.161112311706716}, "datetime": {"datetime": "2018-12-18 00:07:44", "elapsed": 13437.09083, "delta": 81.602602}}
{"target": 0.07124192447719824, "params": {"alphas0": 29.246553410802516, "alphas1": 4.230399867060921, "alphas10": 17.42077403708464, "alphas11": 0.5511905921851756, "alphas12": 20.345703663985702, "alphas13": 39.738623070788066, "alphas14": 39.746332405416716, "alphas2": 4.339568539010976, "alphas3": 33.94632860690507, "alphas4": 22.269173628841635, "alphas5": 32.73761453081102, "alphas6": 26.552671674508584, "alphas7": 31.55695603710757, "alphas8": 35.90869455502439, "alphas9": 0.8700983086238523}, "datetime": {"datetime": "2018-12-18 00:09:11", "elapsed": 13524.515834, "delta": 87.425004}}
{"target": 0.07111067967372131, "params": {"alphas0": 13.87965870327671, "alphas1": 2.739932433208989, "alphas10": 24.912957477109803, "alphas11": 2.0158857543359776, "alphas12": 37.74757772623043, "alphas13": 36.29175180450443, "alphas14": 37.79147889378884, "alphas2": 11.280703525255458, "alphas3": 38.06935344734866, "alphas4": 31.888439464643966, "alphas5": 5.748669214829021, "alphas6": 32.716103997304614, "alphas7": 39.977293586765725, "alphas8": 3.697921787253775, "alphas9": 3.713394393904741}, "datetime": {"datetime": "2018-12-18 00:10:31", "elapsed": 13603.865758, "delta": 79.349924}}
{"target": 0.07090912282690841, "params": {"alphas0": 37.02907341439343, "alphas1": 11.614120994472987, "alphas10": 38.27855366528623, "alphas11": 3.002079991464308, "alphas12": 39.611265697441546, "alphas13": 37.3188131436777, "alphas14": 10.575635888578535, "alphas2": 7.443492252780177, "alphas3": 39.8567837245096, "alphas4": 37.61900513310159, "alphas5": 2.0651916694942996, "alphas6": 11.252192456608778, "alphas7": 34.59098848717338, "alphas8": 30.49263889185532, "alphas9": 1.039505206782576}, "datetime": {"datetime": "2018-12-18 00:11:57", "elapsed": 13690.643622, "delta": 86.777864}}
{"target": 0.07098853196649019, "params": {"alphas0": 39.70153873302332, "alphas1": 1.3769701967771386, "alphas10": 36.945616870952115, "alphas11": 2.1640488272698377, "alphas12": 37.65494513939031, "alphas13": 38.93284777378211, "alphas14": 34.7271104387309, "alphas2": 25.545807091249635, "alphas3": 36.425371539730854, "alphas4": 0.6298900221593584, "alphas5": 27.02545700473372, "alphas6": 35.94849314510602, "alphas7": 9.686608573032167, "alphas8": 38.74344920101897, "alphas9": 6.86038951635644}, "datetime": {"datetime": "2018-12-18 00:14:18", "elapsed": 13831.483196, "delta": 140.839574}}
{"target": 0.0710770769715293, "params": {"alphas0": 38.5092015715885, "alphas1": 3.807776195582795, "alphas10": 9.523796246187416, "alphas11": 3.530570903111645, "alphas12": 27.96961523160474, "alphas13": 39.80120438321637, "alphas14": 38.401448204749194, "alphas2": 2.300055097023286, "alphas3": 39.43012248128112, "alphas4": 23.25164168412431, "alphas5": 2.8040416851794525, "alphas6": 21.986475545912434, "alphas7": 36.57060531569647, "alphas8": 27.14134879582962, "alphas9": 0.8690879041586763}, "datetime": {"datetime": "2018-12-18 00:16:24", "elapsed": 13957.374698, "delta": 125.891502}}
