{"target": 0.00011684163504922328, "params": {"factors": 73.42129667419323, "iterations": 65.6893192378007, "learning_rate": 0.07143394671817622, "regularization": 0.5044461282486065}, "datetime": {"datetime": "2018-12-20 04:18:20", "elapsed": 0.0, "delta": 0.0}}
{"target": 0.000653080655598672, "params": {"factors": 174.1635959953757, "iterations": 69.54243662196029, "learning_rate": 0.09553273473958965, "regularization": 0.2819525473210577}, "datetime": {"datetime": "2018-12-20 04:26:40", "elapsed": 500.186377, "delta": 500.186377}}
{"target": 0.005664433623082341, "params": {"factors": 390.70083442520445, "iterations": 32.40328221207504, "learning_rate": 0.07231487353047229, "regularization": 0.10495547344409106}, "datetime": {"datetime": "2018-12-20 04:48:26", "elapsed": 1806.105375, "delta": 1305.918998}}
{"target": 7.791262520329243e-05, "params": {"factors": 123.05096069055595, "iterations": 87.85498574510375, "learning_rate": 0.053080937517353904, "regularization": 0.9955781235677466}, "datetime": {"datetime": "2018-12-20 04:52:52", "elapsed": 2071.841196, "delta": 265.735821}}
{"target": 0.0032970045547208444, "params": {"factors": 707.1651372510521, "iterations": 63.01682892375547, "learning_rate": 0.058371302092364, "regularization": 0.16724529582381353}, "datetime": {"datetime": "2018-12-20 05:11:43", "elapsed": 3202.816175, "delta": 1130.974979}}
{"target": 0.00011456998896125217, "params": {"factors": 997.4530245257895, "iterations": 10.167290020398141, "learning_rate": 0.1, "regularization": 1.0}, "datetime": {"datetime": "2018-12-20 05:38:02", "elapsed": 4781.937386, "delta": 1579.121211}}
{"target": 0.00017959617857988668, "params": {"factors": 460.54777225663105, "iterations": 10.104379272674718, "learning_rate": 0.1, "regularization": 1.0}, "datetime": {"datetime": "2018-12-20 05:52:37", "elapsed": 5656.729128, "delta": 874.791742}}
{"target": 0.0002608748388411649, "params": {"factors": 677.9014290759877, "iterations": 99.9547103080388, "learning_rate": 0.1, "regularization": 1.0}, "datetime": {"datetime": "2018-12-20 06:11:38", "elapsed": 6798.447191, "delta": 1141.718063}}
{"target": 0.00023472236993461005, "params": {"factors": 999.6253936071446, "iterations": 99.66401257719905, "learning_rate": 0.1, "regularization": 1.0}, "datetime": {"datetime": "2018-12-20 06:42:33", "elapsed": 8652.781271, "delta": 1854.33408}}
{"target": 0.00013026134918851882, "params": {"factors": 11.61406057328499, "iterations": 10.200178967270954, "learning_rate": 0.1, "regularization": 1.0}, "datetime": {"datetime": "2018-12-20 06:43:21", "elapsed": 8700.949485, "delta": 48.168214}}
{"target": 7.460124248019077e-05, "params": {"factors": 996.6331136644002, "iterations": 10.056868403799626, "learning_rate": 0.1, "regularization": 1.0}, "datetime": {"datetime": "2018-12-20 07:11:36", "elapsed": 10396.380399, "delta": 1695.430914}}
{"target": 6.024095753707613e-05, "params": {"factors": 522.6324713550251, "iterations": 10.016221838565102, "learning_rate": 0.1, "regularization": 1.0}, "datetime": {"datetime": "2018-12-20 07:25:30", "elapsed": 11229.530186, "delta": 833.149787}}
{"target": 0.00013719327116856858, "params": {"factors": 10.405377382698516, "iterations": 99.9435966752955, "learning_rate": 0.1, "regularization": 1.0}, "datetime": {"datetime": "2018-12-20 07:26:29", "elapsed": 11288.999485, "delta": 59.469299}}
{"target": 7.485041192702186e-05, "params": {"factors": 996.2346854479457, "iterations": 99.71640956366298, "learning_rate": 0.1, "regularization": 1.0}, "datetime": {"datetime": "2018-12-20 07:57:19", "elapsed": 13139.461129, "delta": 1850.461644}}
{"target": 0.00023528079268375803, "params": {"factors": 11.093865129360996, "iterations": 10.197698495310053, "learning_rate": 0.1, "regularization": 1.0}, "datetime": {"datetime": "2018-12-20 07:57:54", "elapsed": 13173.548381, "delta": 34.087252}}
{"target": 7.295305691823035e-05, "params": {"factors": 997.575452527522, "iterations": 10.256846872397327, "learning_rate": 0.1, "regularization": 1.0}, "datetime": {"datetime": "2018-12-20 08:29:35", "elapsed": 15075.459094, "delta": 1901.910713}}
{"target": 0.00025646034549945003, "params": {"factors": 13.28776014839594, "iterations": 10.359119575028753, "learning_rate": 0.1, "regularization": 1.0}, "datetime": {"datetime": "2018-12-20 08:30:13", "elapsed": 15113.154803, "delta": 37.695709}}
{"target": 0.00013603480586326928, "params": {"factors": 999.6636986836663, "iterations": 99.53399016949062, "learning_rate": 0.1, "regularization": 1.0}, "datetime": {"datetime": "2018-12-20 09:00:06", "elapsed": 16905.629765, "delta": 1792.474962}}
{"target": 5.471629572152903e-05, "params": {"factors": 11.40423830335953, "iterations": 99.95648757019113, "learning_rate": 0.1, "regularization": 1.0}, "datetime": {"datetime": "2018-12-20 09:01:30", "elapsed": 16989.667067, "delta": 84.037302}}
{"target": 0.00020745348318396717, "params": {"factors": 999.6308875310707, "iterations": 10.079537802962921, "learning_rate": 0.1, "regularization": 1.0}, "datetime": {"datetime": "2018-12-20 09:31:34", "elapsed": 18793.565049, "delta": 1803.897982}}
{"target": 0.00016779336257094648, "params": {"factors": 511.18680782097334, "iterations": 99.48173971178352, "learning_rate": 0.1, "regularization": 1.0}, "datetime": {"datetime": "2018-12-20 09:47:18", "elapsed": 19737.969658, "delta": 944.404609}}
{"target": 0.00038186727315000737, "params": {"factors": 10.078370198834689, "iterations": 10.051704094657193, "learning_rate": 0.1, "regularization": 1.0}, "datetime": {"datetime": "2018-12-20 09:47:51", "elapsed": 19771.089674, "delta": 33.120016}}
{"target": 1.2411118222282636e-05, "params": {"factors": 996.7216285739636, "iterations": 10.293232097626769, "learning_rate": 0.1, "regularization": 1.0}, "datetime": {"datetime": "2018-12-20 10:15:18", "elapsed": 21418.225677, "delta": 1647.136003}}
{"target": 6.57882631747188e-05, "params": {"factors": 10.186826505092995, "iterations": 11.11754516238229, "learning_rate": 0.1, "regularization": 1.0}, "datetime": {"datetime": "2018-12-20 10:15:52", "elapsed": 21452.212194, "delta": 33.986517}}
{"target": 8.640039689507007e-05, "params": {"factors": 11.495889377845351, "iterations": 99.79483622452848, "learning_rate": 0.1, "regularization": 1.0}, "datetime": {"datetime": "2018-12-20 10:16:55", "elapsed": 21514.824461, "delta": 62.612267}}
{"target": 3.350813689733383e-05, "params": {"factors": 999.1326427327904, "iterations": 99.85763159584842, "learning_rate": 0.1, "regularization": 1.0}, "datetime": {"datetime": "2018-12-20 10:48:36", "elapsed": 23415.534062, "delta": 1900.709601}}
{"target": 0.0001290908377694246, "params": {"factors": 999.3401728800101, "iterations": 10.187095721496126, "learning_rate": 0.1, "regularization": 1.0}, "datetime": {"datetime": "2018-12-20 11:16:39", "elapsed": 25098.615712, "delta": 1683.08165}}
{"target": 6.465607206994037e-05, "params": {"factors": 12.01240416655109, "iterations": 10.633360006096764, "learning_rate": 0.1, "regularization": 1.0}, "datetime": {"datetime": "2018-12-20 11:17:28", "elapsed": 25147.644319, "delta": 49.028607}}
{"target": 0.0007719068527779838, "params": {"factors": 11.398428892611262, "iterations": 99.53179399510155, "learning_rate": 0.1, "regularization": 1.0}, "datetime": {"datetime": "2018-12-20 11:18:51", "elapsed": 25231.341592, "delta": 83.697273}}
{"target": 0.00013421252445819956, "params": {"factors": 999.4748514278041, "iterations": 99.9869592494894, "learning_rate": 0.1, "regularization": 1.0}, "datetime": {"datetime": "2018-12-20 11:50:24", "elapsed": 27124.137599, "delta": 1892.796007}}
