{"target": 0.04223169857016874, "params": {"normalize": 0.0, "shrink": 0.05607130287084716, "similarity": 0.0, "topK": 9.583123941444857, "tversky_alpha": 0.9428004180502139, "tversky_beta": 1.3942484145667207}, "datetime": {"datetime": "2018-12-10 19:39:35", "elapsed": 0.0, "delta": 0.0}}
{"target": 0.04305295408163264, "params": {"normalize": 0.0, "shrink": 4.439265161315138, "similarity": 0.0, "topK": 1.1917436836397868, "tversky_alpha": 1.1986386304773426, "tversky_beta": 1.3209618251750912}, "datetime": {"datetime": "2018-12-10 19:39:43", "elapsed": 7.974443, "delta": 7.974443}}
{"target": 0.04769150897581244, "params": {"normalize": 0.0, "shrink": 2.913786738323972, "similarity": 0.0, "topK": 6.221716500710468, "tversky_alpha": 1.9064693739346446, "tversky_beta": 0.5832847742257279}, "datetime": {"datetime": "2018-12-10 19:39:51", "elapsed": 15.474957, "delta": 7.500514}}
{"target": 0.04796483100277141, "params": {"normalize": 0.0, "shrink": 2.357830513821047, "similarity": 0.0, "topK": 11.061276804031795, "tversky_alpha": 0.6186844831306659, "tversky_beta": 0.3889229019795013}, "datetime": {"datetime": "2018-12-10 19:39:58", "elapsed": 23.17208, "delta": 7.697123}}
{"target": 0.04573501143235061, "params": {"normalize": 0.0, "shrink": 6.207649588237178, "similarity": 0.0, "topK": 3.3867841148177464, "tversky_alpha": 0.5376393753426993, "tversky_beta": 1.5133673487523198}, "datetime": {"datetime": "2018-12-10 19:40:05", "elapsed": 29.678924, "delta": 6.506844}}
{"target": 0.04559275721214401, "params": {"normalize": 0.0, "shrink": 6.802576544067977, "similarity": 0.0, "topK": 11.836541929114837, "tversky_alpha": 1.9375120258598435, "tversky_beta": 0.02152342793539619}, "datetime": {"datetime": "2018-12-10 19:40:24", "elapsed": 49.137139, "delta": 19.458215}}
{"target": 0.04489082366465092, "params": {"normalize": 0.0, "shrink": 6.93095799986889, "similarity": 0.0, "topK": 11.911452287763673, "tversky_alpha": 0.2919394726138851, "tversky_beta": 0.0012822696977334846}, "datetime": {"datetime": "2018-12-10 19:40:43", "elapsed": 68.192231, "delta": 19.055092}}
{"target": 0.045466853111614906, "params": {"normalize": 0.0, "shrink": 6.993385620492021, "similarity": 0.0, "topK": 11.947221713836877, "tversky_alpha": 1.8825444795373332, "tversky_beta": 0.39049417179984514}, "datetime": {"datetime": "2018-12-10 19:41:03", "elapsed": 87.389294, "delta": 19.197063}}
{"target": 0.015716350907029487, "params": {"normalize": 0.0, "shrink": 0.02029972842711436, "similarity": 0.0, "topK": 11.97100552410092, "tversky_alpha": 1.357983491096317, "tversky_beta": 0.08316067587987308}, "datetime": {"datetime": "2018-12-10 19:41:23", "elapsed": 107.875686, "delta": 20.486392}}
{"target": 0.0096067872574956, "params": {"normalize": 0.0, "shrink": 0.011433683117833882, "similarity": 0.0, "topK": 0.03871560577023514, "tversky_alpha": 0.02794008273258619, "tversky_beta": 1.9669217037122466}, "datetime": {"datetime": "2018-12-10 19:41:39", "elapsed": 123.311808, "delta": 15.436122}}
{"target": 0.04740712487402359, "params": {"normalize": 0.0, "shrink": 3.9605193853018488, "similarity": 0.0, "topK": 10.2183048929632, "tversky_alpha": 1.9350482235490525, "tversky_beta": 1.9978505809070775}, "datetime": {"datetime": "2018-12-10 19:41:53", "elapsed": 138.133676, "delta": 14.821868}}
{"target": 0.03975468575207851, "params": {"normalize": 0.0, "shrink": 7.0, "similarity": 0.0, "topK": 1.029400552580088e-11, "tversky_alpha": 2.0, "tversky_beta": 0.0}, "datetime": {"datetime": "2018-12-10 19:42:09", "elapsed": 153.498282, "delta": 15.364606}}
{"target": 0.044943995023935465, "params": {"normalize": 0.0, "shrink": 4.189781284483627, "similarity": 0.0, "topK": 3.5703756985538853, "tversky_alpha": 1.3602595690072492e-09, "tversky_beta": 0.0}, "datetime": {"datetime": "2018-12-10 19:42:25", "elapsed": 170.101705, "delta": 16.603423}}
{"target": 0.04617964739229011, "params": {"normalize": 0.0, "shrink": 2.4255739293278387, "similarity": 0.0, "topK": 7.755649851962663, "tversky_alpha": 0.0, "tversky_beta": 1.9999999416196792}, "datetime": {"datetime": "2018-12-10 19:42:41", "elapsed": 185.726633, "delta": 15.624928}}
{"target": 0.0459459540501385, "params": {"normalize": 0.0, "shrink": 6.999966344427776, "similarity": 0.0, "topK": 7.259374408126858, "tversky_alpha": 1.949441994032065, "tversky_beta": 0.2876426522720845}, "datetime": {"datetime": "2018-12-10 19:42:58", "elapsed": 202.852374, "delta": 17.125741}}
{"target": 0.04100140347064741, "params": {"normalize": 0.0, "shrink": 6.712984143348488, "similarity": 0.0, "topK": 0.1965671826021711, "tversky_alpha": 0.051536139489357424, "tversky_beta": 1.9099200531678824}, "datetime": {"datetime": "2018-12-10 19:43:18", "elapsed": 222.702009, "delta": 19.849635}}
{"target": 0.03683363904635922, "params": {"normalize": 0.0, "shrink": 0.014825179246803821, "similarity": 0.0, "topK": 7.676641806493693, "tversky_alpha": 2.2413588435861776e-10, "tversky_beta": 6.247049402718726e-10}, "datetime": {"datetime": "2018-12-10 19:43:39", "elapsed": 244.013099, "delta": 21.31109}}
{"target": 0.04573134722222206, "params": {"normalize": 0.0, "shrink": 3.4976275860460095, "similarity": 0.0, "topK": 11.609420041782611, "tversky_alpha": 0.018197879244306714, "tversky_beta": 1.8696626968889025}, "datetime": {"datetime": "2018-12-10 19:44:04", "elapsed": 268.281792, "delta": 24.268693}}
{"target": 0.04558647889896687, "params": {"normalize": 0.0, "shrink": 4.319281014283072, "similarity": 0.0, "topK": 9.265799068476095, "tversky_alpha": 0.2848154117321493, "tversky_beta": 0.008863938532373439}, "datetime": {"datetime": "2018-12-10 19:44:29", "elapsed": 293.9799, "delta": 25.698108}}
{"target": 0.044624651455026386, "params": {"normalize": 0.0, "shrink": 6.560548908894311, "similarity": 0.0, "topK": 2.3961768123965217, "tversky_alpha": 1.9999999890154163, "tversky_beta": 1.9999999438992613}, "datetime": {"datetime": "2018-12-10 19:44:59", "elapsed": 324.167907, "delta": 30.188007}}
{"target": 0.04439638964474673, "params": {"normalize": 0.0, "shrink": 6.9842205105961925, "similarity": 0.0, "topK": 2.2430913278229796, "tversky_alpha": 0.0196180543710871, "tversky_beta": 0.02398873658357381}, "datetime": {"datetime": "2018-12-10 19:45:37", "elapsed": 361.784404, "delta": 37.616497}}
{"target": 0.0456814068090198, "params": {"normalize": 0.0, "shrink": 1.0798106826809515, "similarity": 0.0, "topK": 6.3277656272533545, "tversky_alpha": 1.9876408979371705, "tversky_beta": 1.9997064015874684}, "datetime": {"datetime": "2018-12-10 19:46:20", "elapsed": 405.084838, "delta": 43.300434}}
{"target": 0.04828542198916584, "params": {"normalize": 0.0, "shrink": 2.370683522461974, "similarity": 0.0, "topK": 9.04313268786776, "tversky_alpha": 1.6427841586511835, "tversky_beta": 1.240943619953257}, "datetime": {"datetime": "2018-12-10 19:47:03", "elapsed": 447.571337, "delta": 42.486499}}
{"target": 0.046580628023431526, "params": {"normalize": 0.0, "shrink": 5.633206174816596, "similarity": 0.0, "topK": 4.5541242088633815, "tversky_alpha": 1.9859676861593876, "tversky_beta": 0.039690333529958766}, "datetime": {"datetime": "2018-12-10 19:47:44", "elapsed": 488.990846, "delta": 41.419509}}
{"target": 0.04794692712270088, "params": {"normalize": 0.0, "shrink": 4.194075175035904, "similarity": 0.0, "topK": 5.439369401678899, "tversky_alpha": 1.97329251657551, "tversky_beta": 1.8432877645272665}, "datetime": {"datetime": "2018-12-10 19:48:27", "elapsed": 531.790322, "delta": 42.799476}}
{"target": 0.04667290954900464, "params": {"normalize": 0.0, "shrink": 2.0854604068368436, "similarity": 0.0, "topK": 9.889804240417787, "tversky_alpha": 0.09044334728721215, "tversky_beta": 1.327541892981789}, "datetime": {"datetime": "2018-12-10 19:49:06", "elapsed": 570.907114, "delta": 39.116792}}
{"target": 0.04600913677878548, "params": {"normalize": 0.0, "shrink": 4.731337155577979, "similarity": 0.0, "topK": 11.981659727526425, "tversky_alpha": 0.8119280674033744, "tversky_beta": 0.2507790392915854}, "datetime": {"datetime": "2018-12-10 19:49:47", "elapsed": 611.909549, "delta": 41.002435}}
{"target": 0.048497101253464237, "params": {"normalize": 0.0, "shrink": 2.1428639090656234, "similarity": 0.0, "topK": 8.77973476276631, "tversky_alpha": 1.186274538665127, "tversky_beta": 1.999228202018784}, "datetime": {"datetime": "2018-12-10 19:50:34", "elapsed": 659.28108, "delta": 47.371531}}
{"target": 0.04717746497858391, "params": {"normalize": 0.0, "shrink": 4.098281893888644, "similarity": 0.0, "topK": 9.441364641073648, "tversky_alpha": 1.9873566341718085, "tversky_beta": 0.05056609894870667}, "datetime": {"datetime": "2018-12-10 19:51:23", "elapsed": 707.983899, "delta": 48.702819}}
{"target": 0.04663360371000244, "params": {"normalize": 0.0, "shrink": 3.5741794027514717, "similarity": 0.0, "topK": 10.050237794551983, "tversky_alpha": 1.0481796886382642, "tversky_beta": 1.0985311086615344}, "datetime": {"datetime": "2018-12-10 19:52:10", "elapsed": 754.766956, "delta": 46.783057}}
{"target": 0.04861268754724092, "params": {"normalize": 0.0, "shrink": 2.421376105048052, "similarity": 0.0, "topK": 8.000524255945727, "tversky_alpha": 1.9753672880437536, "tversky_beta": 1.957388574150145}, "datetime": {"datetime": "2018-12-10 19:52:57", "elapsed": 801.387508, "delta": 46.620552}}
{"target": 0.04794912329931964, "params": {"normalize": 0.0, "shrink": 3.3801779473658358, "similarity": 0.0, "topK": 4.323457373265281, "tversky_alpha": 1.324727505769309, "tversky_beta": 1.9996876072990364}, "datetime": {"datetime": "2018-12-10 19:53:42", "elapsed": 846.902696, "delta": 45.515188}}
{"target": 0.04881915608465601, "params": {"normalize": 0.0, "shrink": 2.1294211892377377, "similarity": 0.0, "topK": 9.454845862341783, "tversky_alpha": 1.4516924532344095, "tversky_beta": 1.9948759393515831}, "datetime": {"datetime": "2018-12-10 19:54:30", "elapsed": 894.741492, "delta": 47.838796}}
{"target": 0.04844095886873258, "params": {"normalize": 0.0, "shrink": 2.7318146061781525, "similarity": 0.0, "topK": 7.20257454228854, "tversky_alpha": 1.9993555794895066, "tversky_beta": 1.9900282858949825}, "datetime": {"datetime": "2018-12-10 19:55:13", "elapsed": 937.550578, "delta": 42.809086}}
{"target": 0.048432055303602756, "params": {"normalize": 0.0, "shrink": 1.538998458808818, "similarity": 0.0, "topK": 7.942215855017199, "tversky_alpha": 0.9266074710284167, "tversky_beta": 1.995545692275659}, "datetime": {"datetime": "2018-12-10 19:55:45", "elapsed": 969.74624, "delta": 32.195662}}
