{"target": 0.04577352699042567, "params": {"lambda_i": 2.3301325500530505, "lambda_j": 1.6550486537251765, "learning_rate": 1.4654658455597571, "sgd_mode": 1.3618273071386822}, "datetime": {"datetime": "2018-12-12 18:17:05", "elapsed": 0.0, "delta": 0.0}}
{"target": 0.04647374694507416, "params": {"lambda_i": 2.7466695393954423, "lambda_j": 1.7818442954988225, "learning_rate": 1.7164037612254333, "sgd_mode": 0.657850322965711}, "datetime": {"datetime": "2018-12-12 18:49:00", "elapsed": 1915.420599, "delta": 1915.420599}}
{"target": 0.04533320587679502, "params": {"lambda_i": 1.4032960778298766, "lambda_j": 0.9790703460044726, "learning_rate": 0.8668801478155288, "sgd_mode": 0.08813605521470214}, "datetime": {"datetime": "2018-12-12 19:03:40", "elapsed": 2795.826879, "delta": 880.40628}}
{"target": 0.017030325302343146, "params": {"lambda_i": 0.009418236621828946, "lambda_j": 2.803100784716701, "learning_rate": 0.10804149164596644, "sgd_mode": 2.98568006875587}, "datetime": {"datetime": "2018-12-12 19:16:18", "elapsed": 3553.678016, "delta": 757.851137}}
{"target": 0.04332364953388749, "params": {"lambda_i": 2.9516670545983175, "lambda_j": 0.0, "learning_rate": 0.0, "sgd_mode": 2.198320244635752}, "datetime": {"datetime": "2018-12-12 19:30:30", "elapsed": 4405.348473, "delta": 851.670457}}
{"target": 0.04418156906651542, "params": {"lambda_i": 0.09111353116483056, "lambda_j": 0.003337498642993708, "learning_rate": 1.9866511635441548, "sgd_mode": 2.989390022528145}, "datetime": {"datetime": "2018-12-12 19:45:10", "elapsed": 5285.539461, "delta": 880.190988}}
{"target": 0.047135652210884255, "params": {"lambda_i": 2.8341379511275946, "lambda_j": 0.07143332152882031, "learning_rate": 1.8763024566219557, "sgd_mode": 0.16367174068543056}, "datetime": {"datetime": "2018-12-12 20:21:19", "elapsed": 7454.0648, "delta": 2168.525339}}
{"target": 0.04735408515998983, "params": {"lambda_i": 0.0, "lambda_j": 0.0, "learning_rate": 1.9999999831654907, "sgd_mode": 2.094427263570952e-07}, "datetime": {"datetime": "2018-12-12 20:43:55", "elapsed": 8810.996825, "delta": 1356.932025}}
{"target": 0.04334610915847815, "params": {"lambda_i": 2.903207649258844, "lambda_j": 0.03180520838416512, "learning_rate": 1.9231207766313274, "sgd_mode": 2.9738584195286597}, "datetime": {"datetime": "2018-12-12 20:54:01", "elapsed": 9416.016926, "delta": 605.020101}}
{"target": 0.0474845325648777, "params": {"lambda_i": 3.0, "lambda_j": 2.962556559028251, "learning_rate": 2.0, "sgd_mode": 9.014872152208006e-10}, "datetime": {"datetime": "2018-12-12 21:17:38", "elapsed": 10833.015037, "delta": 1416.998111}}
