{"target": 0.05880655880287457, "params": {"lambda_i": 3.383111304678111, "lambda_j": 2.4152378961528993, "learning_rate": 0.24653300074433404, "sgd_mode": 0.5364417693460255}, "datetime": {"datetime": "2018-12-13 13:41:31", "elapsed": 0.0, "delta": 0.0}}
{"target": 0.06422960887624479, "params": {"lambda_i": 2.2790382451805775, "lambda_j": 2.4748642686873237, "learning_rate": 2.2466408505771995, "sgd_mode": 1.7512596956149948}, "datetime": {"datetime": "2018-12-13 14:07:12", "elapsed": 1540.923794, "delta": 1540.923794}}
{"target": 0.033801530195488864, "params": {"lambda_i": 0.0507785850536977, "lambda_j": 0.3401620904877505, "learning_rate": 0.11641990945885172, "sgd_mode": 0.7309792279426519}, "datetime": {"datetime": "2018-12-13 14:11:38", "elapsed": 1806.962232, "delta": 266.038438}}
{"target": 0.06231605825064677, "params": {"lambda_i": 4.0, "lambda_j": 0.0, "learning_rate": 3.0, "sgd_mode": 2.9999999999673923}, "datetime": {"datetime": "2018-12-13 15:12:57", "elapsed": 5486.461537, "delta": 3679.499305}}
{"target": 0.06066585554905602, "params": {"lambda_i": 4.0, "lambda_j": 4.0, "learning_rate": 3.0, "sgd_mode": 0.0}, "datetime": {"datetime": "2018-12-13 15:25:28", "elapsed": 6236.959724, "delta": 750.498187}}
{"target": 0.05557329231400966, "params": {"lambda_i": 3.386883945566163, "lambda_j": 4.0, "learning_rate": 0.07828988477975504, "sgd_mode": 2.9999999912595787}, "datetime": {"datetime": "2018-12-13 15:34:15", "elapsed": 6764.715317, "delta": 527.755593}}
{"target": 0.062051084530530216, "params": {"lambda_i": 0.08049341422026668, "lambda_j": 3.776557578682929, "learning_rate": 2.9348084784870485, "sgd_mode": 2.9229257618830866}, "datetime": {"datetime": "2018-12-13 16:12:49", "elapsed": 9078.725864, "delta": 2314.010547}}
{"target": 0.06048034711434035, "params": {"lambda_i": 3.9399726591451585, "lambda_j": 0.3719567158470598, "learning_rate": 2.9805049479830377, "sgd_mode": 0.007483902866761816}, "datetime": {"datetime": "2018-12-13 16:18:11", "elapsed": 9400.063974, "delta": 321.33811}}
