{"target": 0.030073733434114364, "params": {"normalize": 0.0, "shrink": 0.2667581035982156, "similarity": 0.0, "topK": 8.537126605703948, "tversky_alpha": 1.4008277176096053, "tversky_beta": 0.6778144486894662}, "datetime": {"datetime": "2018-12-10 21:21:51", "elapsed": 0.0, "delta": 0.0}}
{"target": 0.028447310437137815, "params": {"normalize": 0.0, "shrink": 0.36137189969287054, "similarity": 0.0, "topK": 3.382839347729871, "tversky_alpha": 0.22683487863211416, "tversky_beta": 0.4382375804495686}, "datetime": {"datetime": "2018-12-10 21:22:07", "elapsed": 16.745101, "delta": 16.745101}}
{"target": 0.029607213624338605, "params": {"normalize": 0.0, "shrink": 2.852023348566343, "similarity": 0.0, "topK": 11.075433979146307, "tversky_alpha": 0.8637563536928214, "tversky_beta": 0.6549452521172172}, "datetime": {"datetime": "2018-12-10 21:22:29", "elapsed": 38.718216, "delta": 21.973115}}
{"target": 0.0291641775951121, "params": {"normalize": 0.0, "shrink": 2.9972579968733406, "similarity": 0.0, "topK": 8.774227391457236, "tversky_alpha": 0.509503888910283, "tversky_beta": 0.33223588357416944}, "datetime": {"datetime": "2018-12-10 21:22:50", "elapsed": 59.258966, "delta": 20.54075}}
{"target": 0.029938721875787333, "params": {"normalize": 0.0, "shrink": 3.9397915478201506, "similarity": 0.0, "topK": 11.745595278320398, "tversky_alpha": 1.8472734299244569, "tversky_beta": 0.611590680108586}, "datetime": {"datetime": "2018-12-10 21:23:15", "elapsed": 84.531225, "delta": 25.272259}}
{"target": 0.028945021667926455, "params": {"normalize": 0.0, "shrink": 6.986609546836229, "similarity": 0.0, "topK": 0.01407382977234084, "tversky_alpha": 1.9409142773835522, "tversky_beta": 0.08421539797346611}, "datetime": {"datetime": "2018-12-10 21:23:49", "elapsed": 118.301663, "delta": 33.770438}}
{"target": 0.029978312200806226, "params": {"normalize": 0.0, "shrink": 6.944617775161268, "similarity": 0.0, "topK": 11.96808870698781, "tversky_alpha": 1.0384724949851312, "tversky_beta": 1.889448595703108}, "datetime": {"datetime": "2018-12-10 21:24:28", "elapsed": 157.668284, "delta": 39.366621}}
{"target": 0.029867274281934978, "params": {"normalize": 0.0, "shrink": 6.782991392965026, "similarity": 0.0, "topK": 11.925945538932325, "tversky_alpha": 1.9878123032692172, "tversky_beta": 1.7155646087764718}, "datetime": {"datetime": "2018-12-10 21:25:13", "elapsed": 202.329506, "delta": 44.661222}}
{"target": 0.030927283068783055, "params": {"normalize": 0.0, "shrink": 0.013433141437751206, "similarity": 0.0, "topK": 11.974848470808336, "tversky_alpha": 1.9630397522373624, "tversky_beta": 1.8084950714216046}, "datetime": {"datetime": "2018-12-10 21:25:57", "elapsed": 246.800012, "delta": 44.470506}}
{"target": 0.03113834523809522, "params": {"normalize": 0.0, "shrink": 0.0975427163536634, "similarity": 0.0, "topK": 11.986637702419873, "tversky_alpha": 1.7205277946283157, "tversky_beta": 1.979781893151707}, "datetime": {"datetime": "2018-12-10 21:26:43", "elapsed": 291.971775, "delta": 45.171763}}
{"target": 0.030870999905517737, "params": {"normalize": 0.0, "shrink": 0.012467446456082998, "similarity": 0.0, "topK": 11.990553887518796, "tversky_alpha": 1.9711946965010425, "tversky_beta": 1.4035757217279579}, "datetime": {"datetime": "2018-12-10 21:27:27", "elapsed": 336.047325, "delta": 44.07555}}
{"target": 0.03016013539304609, "params": {"normalize": 0.0, "shrink": 0.13270551137166897, "similarity": 0.0, "topK": 11.911698739296419, "tversky_alpha": 0.08123646861044098, "tversky_beta": 1.9257673531561093}, "datetime": {"datetime": "2018-12-10 21:28:09", "elapsed": 378.223212, "delta": 42.175887}}
{"target": 0.03082857949105566, "params": {"normalize": 0.0, "shrink": 0.09161731455470101, "similarity": 0.0, "topK": 11.855387037217046, "tversky_alpha": 1.8241735153075609, "tversky_beta": 1.6977560210308942}, "datetime": {"datetime": "2018-12-10 21:28:52", "elapsed": 421.260167, "delta": 43.036955}}
{"target": 0.03127337030738219, "params": {"normalize": 0.0, "shrink": 0.019990464996723523, "similarity": 0.0, "topK": 11.926463606802187, "tversky_alpha": 1.8754770690693294, "tversky_beta": 1.6520872926641856}, "datetime": {"datetime": "2018-12-10 21:29:40", "elapsed": 469.203699, "delta": 47.943532}}
{"target": 0.03045100592088686, "params": {"normalize": 0.0, "shrink": 0.06054774955852438, "similarity": 0.0, "topK": 11.922657338812158, "tversky_alpha": 1.8661316752290837, "tversky_beta": 0.19448956483624213}, "datetime": {"datetime": "2018-12-10 21:30:21", "elapsed": 510.198145, "delta": 40.994446}}
{"target": 0.031101064247921376, "params": {"normalize": 0.0, "shrink": 0.2565096894133275, "similarity": 0.0, "topK": 11.968614999011297, "tversky_alpha": 1.7369796008703917, "tversky_beta": 1.9970676090215356}, "datetime": {"datetime": "2018-12-10 21:31:03", "elapsed": 552.743843, "delta": 42.545698}}
{"target": 0.030250190507684533, "params": {"normalize": 0.0, "shrink": 0.018244274666384896, "similarity": 0.0, "topK": 11.914473786279878, "tversky_alpha": 1.944294216812175, "tversky_beta": 0.004040987559382314}, "datetime": {"datetime": "2018-12-10 21:31:45", "elapsed": 594.196312, "delta": 41.452469}}
{"target": 0.031151586136306354, "params": {"normalize": 0.0, "shrink": 0.02981826845099189, "similarity": 0.0, "topK": 11.932471404868968, "tversky_alpha": 1.59728983556491, "tversky_beta": 1.9692072095029078}, "datetime": {"datetime": "2018-12-10 21:32:26", "elapsed": 635.181332, "delta": 40.98502}}
{"target": 0.03006197952884854, "params": {"normalize": 0.0, "shrink": 0.061138223865802255, "similarity": 0.0, "topK": 11.989019079622862, "tversky_alpha": 0.07186538278058818, "tversky_beta": 1.7589772612216117}, "datetime": {"datetime": "2018-12-10 21:33:07", "elapsed": 676.341643, "delta": 41.160311}}
{"target": 0.03106840775384228, "params": {"normalize": 0.0, "shrink": 0.0032304327247191233, "similarity": 0.0, "topK": 11.955941804136717, "tversky_alpha": 1.7956024284826009, "tversky_beta": 1.8443942133421931}, "datetime": {"datetime": "2018-12-10 21:33:50", "elapsed": 718.996931, "delta": 42.655288}}
{"target": 0.030912287824388995, "params": {"normalize": 0.0, "shrink": 0.010281489937156052, "similarity": 0.0, "topK": 11.956965515589204, "tversky_alpha": 1.6889158027128996, "tversky_beta": 1.9271744616380002}, "datetime": {"datetime": "2018-12-10 21:34:30", "elapsed": 759.00065, "delta": 40.003719}}
{"target": 0.031032338970773492, "params": {"normalize": 0.0, "shrink": 0.11196377129977819, "similarity": 0.0, "topK": 11.80576443987487, "tversky_alpha": 1.9882747839288566, "tversky_beta": 1.9323861993138545}, "datetime": {"datetime": "2018-12-10 21:35:08", "elapsed": 797.52993, "delta": 38.52928}}
{"target": 0.031171041194255473, "params": {"normalize": 0.0, "shrink": 0.029138247553610164, "similarity": 0.0, "topK": 11.973925744394737, "tversky_alpha": 1.9186741955860458, "tversky_beta": 1.6239198265262167}, "datetime": {"datetime": "2018-12-10 21:35:50", "elapsed": 839.83429, "delta": 42.30436}}
{"target": 0.03101273274124463, "params": {"normalize": 0.0, "shrink": 0.12026363445684096, "similarity": 0.0, "topK": 11.985077367900407, "tversky_alpha": 1.905572522466994, "tversky_beta": 1.72238272568668}, "datetime": {"datetime": "2018-12-10 21:36:28", "elapsed": 877.922102, "delta": 38.087812}}
{"target": 0.0311537774313429, "params": {"normalize": 0.0, "shrink": 0.029938334529472366, "similarity": 0.0, "topK": 11.8560897911161, "tversky_alpha": 1.8960674001107893, "tversky_beta": 1.9092979044695628}, "datetime": {"datetime": "2018-12-10 21:37:09", "elapsed": 918.483451, "delta": 40.561349}}
{"target": 0.031042652053413933, "params": {"normalize": 0.0, "shrink": 0.04019332050569291, "similarity": 0.0, "topK": 11.90352432177991, "tversky_alpha": 1.9827383687985087, "tversky_beta": 1.6698891462407863}, "datetime": {"datetime": "2018-12-10 21:37:50", "elapsed": 959.494026, "delta": 41.010575}}
{"target": 0.030904306563366072, "params": {"normalize": 0.0, "shrink": 0.03242517063799111, "similarity": 0.0, "topK": 11.961286941680825, "tversky_alpha": 1.9968707540522461, "tversky_beta": 1.580593063969757}, "datetime": {"datetime": "2018-12-10 21:38:29", "elapsed": 998.821524, "delta": 39.327498}}
{"target": 0.031106330120937248, "params": {"normalize": 0.0, "shrink": 0.4288805414681799, "similarity": 0.0, "topK": 11.936732206405068, "tversky_alpha": 1.835440322508175, "tversky_beta": 1.9716689425511336}, "datetime": {"datetime": "2018-12-10 21:39:17", "elapsed": 1046.116989, "delta": 47.295465}}
{"target": 0.03125028694255478, "params": {"normalize": 0.0, "shrink": 0.19178512491476551, "similarity": 0.0, "topK": 11.956384656700205, "tversky_alpha": 1.9017030124447531, "tversky_beta": 1.947133998825858}, "datetime": {"datetime": "2018-12-10 21:39:55", "elapsed": 1084.37812, "delta": 38.261131}}
{"target": 0.03086855700428318, "params": {"normalize": 0.0, "shrink": 0.13083050790027806, "similarity": 0.0, "topK": 11.961344861897995, "tversky_alpha": 1.9419885731804973, "tversky_beta": 1.9465708416130392}, "datetime": {"datetime": "2018-12-10 21:40:39", "elapsed": 1128.81906, "delta": 44.44094}}
{"target": 0.03082286322121439, "params": {"normalize": 0.0, "shrink": 0.14363542359529125, "similarity": 0.0, "topK": 11.82750493287476, "tversky_alpha": 1.9923610068719577, "tversky_beta": 1.8833052804076855}, "datetime": {"datetime": "2018-12-10 21:41:18", "elapsed": 1167.886733, "delta": 39.067673}}
{"target": 0.031012191735953615, "params": {"normalize": 0.0, "shrink": 0.018138951450650698, "similarity": 0.0, "topK": 11.948221022832556, "tversky_alpha": 1.7436304293521638, "tversky_beta": 1.954396617174659}, "datetime": {"datetime": "2018-12-10 21:42:00", "elapsed": 1208.979136, "delta": 41.092403}}
{"target": 0.031164422335600888, "params": {"normalize": 0.0, "shrink": 0.04062862758340846, "similarity": 0.0, "topK": 11.923902127287791, "tversky_alpha": 1.8960228695155426, "tversky_beta": 1.9064168006410063}, "datetime": {"datetime": "2018-12-10 21:42:40", "elapsed": 1249.34733, "delta": 40.368194}}
{"target": 0.030229181216931193, "params": {"normalize": 0.0, "shrink": 0.031682093326629746, "similarity": 0.0, "topK": 11.86576713962033, "tversky_alpha": 1.9408210549762004, "tversky_beta": 0.0863175952169366}, "datetime": {"datetime": "2018-12-10 21:43:20", "elapsed": 1289.134636, "delta": 39.787306}}
{"target": 0.03110229645376667, "params": {"normalize": 0.0, "shrink": 0.17232246048838873, "similarity": 0.0, "topK": 11.91454983851633, "tversky_alpha": 1.9569137869919362, "tversky_beta": 1.9370273284351405}, "datetime": {"datetime": "2018-12-10 21:44:02", "elapsed": 1331.430299, "delta": 42.295663}}
