{"target": 0.060442410194633374, "params": {"lambda_i": 1.0037273357876173, "lambda_j": 1.9169827317049661, "learning_rate": 1.2387567680032638, "sgd_mode": 1.7214655929781935}, "datetime": {"datetime": "2018-12-11 15:38:33", "elapsed": 0.0, "delta": 0.0}}
{"target": 0.05397545940413197, "params": {"lambda_i": 2.5776822531562478, "lambda_j": 2.318414315431439, "learning_rate": 0.8419575401950063, "sgd_mode": 2.7275892273117934}, "datetime": {"datetime": "2018-12-11 15:49:45", "elapsed": 671.759969, "delta": 671.759969}}
{"target": 0.05851209843474427, "params": {"lambda_i": 2.3834386999254353, "lambda_j": 1.6273522180126831, "learning_rate": 1.6064824331353253, "sgd_mode": 0.8097814200903576}, "datetime": {"datetime": "2018-12-11 15:55:42", "elapsed": 1028.91956, "delta": 357.159591}}
{"target": 0.05180170943562605, "params": {"lambda_i": 0.7975642040098947, "lambda_j": 2.981176756906116, "learning_rate": 0.7628724581789679, "sgd_mode": 2.8655128908552516}, "datetime": {"datetime": "2018-12-11 16:07:42", "elapsed": 1748.911077, "delta": 719.991517}}
{"target": 0.016709766345427042, "params": {"lambda_i": 0.4915108793314835, "lambda_j": 1.2764659135812182, "learning_rate": 0.2428048352141936, "sgd_mode": 1.4127400436811393}, "datetime": {"datetime": "2018-12-11 16:16:05", "elapsed": 2251.681001, "delta": 502.769924}}
{"target": 0.05302999685059185, "params": {"lambda_i": 0.0, "lambda_j": 0.0, "learning_rate": 2.0, "sgd_mode": 3.0}, "datetime": {"datetime": "2018-12-11 16:27:31", "elapsed": 2937.201217, "delta": 685.520216}}
{"target": 0.06013379864260513, "params": {"lambda_i": 0.0, "lambda_j": 3.0, "learning_rate": 2.0, "sgd_mode": 0.0}, "datetime": {"datetime": "2018-12-11 16:34:43", "elapsed": 3369.637923, "delta": 432.436706}}
{"target": 0.061509202790375306, "params": {"lambda_i": 2.9751927239331537, "lambda_j": 3.0, "learning_rate": 2.0, "sgd_mode": 2.9671477630893985}, "datetime": {"datetime": "2018-12-11 16:54:47", "elapsed": 4574.047697, "delta": 1204.409774}}
{"target": 0.06062423489858888, "params": {"lambda_i": 3.0, "lambda_j": 0.0, "learning_rate": 2.0, "sgd_mode": 3.0}, "datetime": {"datetime": "2018-12-11 17:01:57", "elapsed": 5003.781165, "delta": 429.733468}}
{"target": 0.05217339055807489, "params": {"lambda_i": 0.0, "lambda_j": 2.9999999995712643, "learning_rate": 1.9999999996480011, "sgd_mode": 2.9999999993544146}, "datetime": {"datetime": "2018-12-11 17:07:53", "elapsed": 5359.672911, "delta": 355.891746}}
