{"target": -65000.0, "params": {"lambda_i": 2.812680711601189, "lambda_j": 0.6487869288751786, "learning_rate": 0.601179582507148, "sgd_mode": 0.49394056546032206}, "datetime": {"datetime": "2018-12-12 15:51:34", "elapsed": 0.0, "delta": 0.0}}
{"target": -65000.0, "params": {"lambda_i": 0.36652897199744605, "lambda_j": 1.5669375772926808, "learning_rate": 0.040335357138276406, "sgd_mode": 0.8501635702412467}, "datetime": {"datetime": "2018-12-12 15:52:32", "elapsed": 57.768112, "delta": 57.768112}}
{"target": -65000.0, "params": {"lambda_i": 1.7824885275221805, "lambda_j": 2.701701670172739, "learning_rate": 2.9997209281929536, "sgd_mode": 0.2265640288146673}, "datetime": {"datetime": "2018-12-12 15:52:34", "elapsed": 59.266914, "delta": 1.498802}}
{"target": -65000.0, "params": {"lambda_i": 1.6296931321204329, "lambda_j": 0.7937871078610871, "learning_rate": 2.2577553722407977, "sgd_mode": 0.2226007902891346}, "datetime": {"datetime": "2018-12-12 15:52:35", "elapsed": 60.839808, "delta": 1.572894}}
{"target": -65000.0, "params": {"lambda_i": 1.9996934592883222, "lambda_j": 1.283306761776893, "learning_rate": 0.7834965583376692, "sgd_mode": 0.5813597120404195}, "datetime": {"datetime": "2018-12-12 15:52:37", "elapsed": 62.290249, "delta": 1.450441}}
{"target": -65000.0, "params": {"lambda_i": 0.1080834731596172, "lambda_j": 2.622902636741837, "learning_rate": 2.9608445648266253, "sgd_mode": 2.9788691662082094}, "datetime": {"datetime": "2018-12-12 15:53:03", "elapsed": 88.958356, "delta": 26.668107}}
