{"target": 0.08817269748190029, "params": {"alphas0": 6.062577888962778, "alphas1": 47.82613300068453, "alphas10": 2.8796569441029374, "alphas11": 36.108983008312435, "alphas12": 2.457808220638907, "alphas13": 45.70252506477279, "alphas2": 26.168256308445066, "alphas3": 38.233010694550075, "alphas4": 0.13074900858132676, "alphas5": 24.391322241060298, "alphas6": 32.05102210965787, "alphas7": 34.104231141509885, "alphas8": 2.0586555436936327, "alphas9": 40.69916868748917}, "datetime": {"datetime": "2018-12-19 20:19:01", "elapsed": 20636.076992, "delta": 47.233123}}
{"target": 0.08765149110923492, "params": {"alphas0": 4.602982581301967, "alphas1": 46.403678362858194, "alphas10": 0.9667381776397532, "alphas11": 43.89358982781398, "alphas12": 13.785566477717131, "alphas13": 47.00295868054794, "alphas2": 18.517529260830006, "alphas3": 34.202956584328334, "alphas4": 29.04820253435699, "alphas5": 47.01294003186803, "alphas6": 37.92006540669025, "alphas7": 35.76960069235749, "alphas8": 2.004627607300585, "alphas9": 3.735304855321786}, "datetime": {"datetime": "2018-12-19 20:19:50", "elapsed": 20685.339051, "delta": 49.262059}}
{"target": 0.0876745342042827, "params": {"alphas0": 1.0675454093762249, "alphas1": 48.88055158217534, "alphas10": 6.487376381330062, "alphas11": 32.77982396907041, "alphas12": 16.43743487029652, "alphas13": 39.585745931378646, "alphas2": 48.85821215907195, "alphas3": 32.27082074959105, "alphas4": 18.285725418960087, "alphas5": 44.862981222096565, "alphas6": 4.186714578470835, "alphas7": 41.5528625154961, "alphas8": 0.2580243502609214, "alphas9": 33.444241443028936}, "datetime": {"datetime": "2018-12-19 20:20:39", "elapsed": 20734.273064, "delta": 48.934013}}
{"target": 0.08818351003181359, "params": {"alphas0": 5.6588886758830395, "alphas1": 47.68938749987466, "alphas10": 4.212304800039135, "alphas11": 36.390561644993596, "alphas12": 41.046677119154, "alphas13": 47.37444844668051, "alphas2": 17.854878877349613, "alphas3": 41.627097369138504, "alphas4": 1.8411137087508578, "alphas5": 36.710488116453064, "alphas6": 26.48716921665107, "alphas7": 22.41761219943332, "alphas8": 1.6400361212896786, "alphas9": 37.27213580634611}, "datetime": {"datetime": "2018-12-19 20:21:35", "elapsed": 20789.73546, "delta": 55.462396}}
{"target": 0.08784907403049967, "params": {"alphas0": 4.112222607090637, "alphas1": 47.22833435715574, "alphas10": 1.1694782431591055, "alphas11": 14.618521044991533, "alphas12": 20.930493883530797, "alphas13": 38.868953496263345, "alphas2": 47.49309540660451, "alphas3": 7.3959587454397795, "alphas4": 1.4758456641676354, "alphas5": 44.85433656465859, "alphas6": 5.412475637852154, "alphas7": 40.96160729886075, "alphas8": 1.0729365953627057, "alphas9": 43.78653979003811}, "datetime": {"datetime": "2018-12-19 20:22:36", "elapsed": 20851.581799, "delta": 61.846339}}
{"target": 0.08802214715885966, "params": {"alphas0": 5.818194772936297, "alphas1": 43.50334629857857, "alphas10": 0.07307279823296486, "alphas11": 19.584706526153557, "alphas12": 0.18776095976038576, "alphas13": 48.65329908241138, "alphas2": 15.1524486991995, "alphas3": 46.84309367345883, "alphas4": 8.084523948313239, "alphas5": 32.29177220076989, "alphas6": 8.197314678283124, "alphas7": 31.59553002304098, "alphas8": 1.4683360967358172, "alphas9": 38.90180814866221}, "datetime": {"datetime": "2018-12-19 20:23:47", "elapsed": 20922.238436, "delta": 70.656637}}
{"target": 0.08853183784005374, "params": {"alphas0": 0.5811761778153068, "alphas1": 48.880278920239654, "alphas10": 0.12321194282890469, "alphas11": 49.117666866962544, "alphas12": 40.610532720830726, "alphas13": 49.20227272346212, "alphas2": 27.246923351995804, "alphas3": 45.87040787096065, "alphas4": 12.520485164788553, "alphas5": 3.3807960056381816, "alphas6": 31.991765596657455, "alphas7": 45.54313567363999, "alphas8": 2.7290076420504237, "alphas9": 19.78138682716089}, "datetime": {"datetime": "2018-12-19 20:24:38", "elapsed": 20973.333753, "delta": 51.095317}}
{"target": 0.08795542004798369, "params": {"alphas0": 4.78517125047786, "alphas1": 48.15530718683455, "alphas10": 13.667153441139778, "alphas11": 27.506452100968943, "alphas12": 14.968260142825523, "alphas13": 48.379865383010014, "alphas2": 32.94785364818783, "alphas3": 49.6322812510268, "alphas4": 5.7916076217433945, "alphas5": 45.93750967261755, "alphas6": 40.8535490710603, "alphas7": 46.953453574516324, "alphas8": 3.6550268002308983, "alphas9": 42.15895987484207}, "datetime": {"datetime": "2018-12-19 20:25:28", "elapsed": 21023.307741, "delta": 49.973988}}
{"target": 0.08850899405371784, "params": {"alphas0": 2.9814347871066236, "alphas1": 48.1878343224726, "alphas10": 2.226409180198674, "alphas11": 49.07440920821294, "alphas12": 23.120757397398123, "alphas13": 48.87260206394819, "alphas2": 39.10940565069716, "alphas3": 43.576651727906, "alphas4": 27.462334671729867, "alphas5": 43.317959561858466, "alphas6": 10.357432445852128, "alphas7": 44.78740990276685, "alphas8": 6.4341091517411355, "alphas9": 14.468478517026185}, "datetime": {"datetime": "2018-12-19 20:26:13", "elapsed": 21068.503846, "delta": 45.196105}}
{"target": 0.08820713749604714, "params": {"alphas0": 6.247672932668152, "alphas1": 48.33951525729842, "alphas10": 7.352745679962702, "alphas11": 34.66759077824428, "alphas12": 39.740211408171184, "alphas13": 49.76869794297192, "alphas2": 46.31542853399927, "alphas3": 49.93412898120259, "alphas4": 5.997819469243892, "alphas5": 49.542450456472494, "alphas6": 36.56178282151514, "alphas7": 40.42732415099918, "alphas8": 8.740655510859325, "alphas9": 44.64057992812999}, "datetime": {"datetime": "2018-12-19 20:27:01", "elapsed": 21115.953304, "delta": 47.449458}}
{"target": 0.0869936631204579, "params": {"alphas0": 4.433629459993465, "alphas1": 44.65452334949192, "alphas10": 2.6501710600731307, "alphas11": 44.27151168141132, "alphas12": 4.211164247972316, "alphas13": 48.71128973913711, "alphas2": 31.882295201806, "alphas3": 17.223592598813013, "alphas4": 10.85338622415536, "alphas5": 47.5275464913678, "alphas6": 48.58363399019567, "alphas7": 14.792790326419347, "alphas8": 0.5653653979383444, "alphas9": 2.7600440572886633}, "datetime": {"datetime": "2018-12-19 20:27:49", "elapsed": 21163.867364, "delta": 47.91406}}
{"target": 0.08804828646101086, "params": {"alphas0": 2.0918835694981652, "alphas1": 49.2220638297204, "alphas10": 5.109906944627651, "alphas11": 4.087390820751452, "alphas12": 2.539383114160981, "alphas13": 47.68464912506382, "alphas2": 43.94938028311965, "alphas3": 20.730758660362987, "alphas4": 15.744626120087252, "alphas5": 46.98803166709147, "alphas6": 30.819139446257953, "alphas7": 31.724387242614334, "alphas8": 12.38616504333655, "alphas9": 46.81885381083677}, "datetime": {"datetime": "2018-12-19 20:28:37", "elapsed": 21212.019649, "delta": 48.152285}}
{"target": 0.08775204802164678, "params": {"alphas0": 5.398961315655759, "alphas1": 49.73318028990333, "alphas10": 3.8312173444318254, "alphas11": 46.91362852090244, "alphas12": 5.728365007385122, "alphas13": 49.251999152723954, "alphas2": 3.1395594326688703, "alphas3": 30.24321998169875, "alphas4": 40.757887571288265, "alphas5": 46.46227692385335, "alphas6": 47.11352201148976, "alphas7": 20.5451619834894, "alphas8": 0.4533267052104717, "alphas9": 30.661547120833383}, "datetime": {"datetime": "2018-12-19 20:29:24", "elapsed": 21259.033141, "delta": 47.013492}}
{"target": 0.08812592926762469, "params": {"alphas0": 1.3496458780136, "alphas1": 48.745555279560534, "alphas10": 1.6621061016234673, "alphas11": 26.59332915922518, "alphas12": 49.361029314938, "alphas13": 43.88522241896481, "alphas2": 36.95677374953647, "alphas3": 9.198615649337821, "alphas4": 3.4246408001383566, "alphas5": 45.90396334377182, "alphas6": 19.472506828762526, "alphas7": 43.92107142180425, "alphas8": 11.608603386431875, "alphas9": 34.68648257607928}, "datetime": {"datetime": "2018-12-19 20:30:11", "elapsed": 21306.336899, "delta": 47.303758}}
{"target": 0.08735652844665648, "params": {"alphas0": 1.0269238840393269, "alphas1": 46.95260876902434, "alphas10": 0.07478119003120343, "alphas11": 32.83570971523891, "alphas12": 10.826654103219196, "alphas13": 44.99713468653033, "alphas2": 21.488492618466932, "alphas3": 47.67134444276609, "alphas4": 0.17309508255881623, "alphas5": 41.9114829893409, "alphas6": 43.88491325674661, "alphas7": 32.21934675606266, "alphas8": 1.7851598887787479, "alphas9": 2.2708174275541113}, "datetime": {"datetime": "2018-12-19 20:30:58", "elapsed": 21353.085678, "delta": 46.748779}}
{"target": 0.08764728744317517, "params": {"alphas0": 2.8844551106117944, "alphas1": 49.250936753227386, "alphas10": 5.415265262862773, "alphas11": 40.909168532151206, "alphas12": 18.578902544419094, "alphas13": 36.59521812172728, "alphas2": 22.837301016134198, "alphas3": 37.67123628362206, "alphas4": 14.501555223685402, "alphas5": 49.705176269626605, "alphas6": 10.162215546693854, "alphas7": 40.45767903790913, "alphas8": 0.3190680391219669, "alphas9": 43.702753878228734}, "datetime": {"datetime": "2018-12-19 20:31:44", "elapsed": 21399.669165, "delta": 46.583487}}
