{"target": 0.08738640489407164, "params": {"alphas0": 3.0755799445429224, "alphas1": 43.61271910861673, "alphas10": 0.710584199373937, "alphas11": 49.53761685269129, "alphas12": 18.402657003998858, "alphas13": 49.485952939912856, "alphas2": 37.897926386792776, "alphas3": 40.93593925138582, "alphas4": 1.3121000226921808, "alphas5": 49.551942403592605, "alphas6": 38.20560944708527, "alphas7": 16.805150694822224, "alphas8": 15.180644095019208, "alphas9": 49.76862219958863}, "datetime": {"datetime": "2018-12-19 18:23:38", "elapsed": 13712.797617, "delta": 85.104997}}
{"target": 0.08763303916305386, "params": {"alphas0": 3.0482391821959887, "alphas1": 44.13709836968695, "alphas10": 11.659773185551808, "alphas11": 4.389284487815864, "alphas12": 1.2172057876489728, "alphas13": 40.71517478614107, "alphas2": 33.069123723460415, "alphas3": 22.625966109301455, "alphas4": 42.64187095128866, "alphas5": 47.764490433271156, "alphas6": 24.642445941761217, "alphas7": 46.011965611574894, "alphas8": 0.9822438708861514, "alphas9": 47.31868559937189}, "datetime": {"datetime": "2018-12-19 18:25:09", "elapsed": 13804.369015, "delta": 91.571398}}
{"target": 0.08854090915371686, "params": {"alphas0": 3.0763321721149097, "alphas1": 49.45678345445178, "alphas10": 1.6563161221116895, "alphas11": 34.0871332187401, "alphas12": 26.832100647402264, "alphas13": 49.08206666775659, "alphas2": 49.143185907088636, "alphas3": 11.047473818360931, "alphas4": 8.298065972454644, "alphas5": 39.49421242500967, "alphas6": 34.98537339838768, "alphas7": 0.6264032059243363, "alphas8": 2.9966681252802108, "alphas9": 39.948131684319485}, "datetime": {"datetime": "2018-12-19 18:26:35", "elapsed": 13889.993106, "delta": 85.624091}}
{"target": 0.08781585423554968, "params": {"alphas0": 8.395145476261145, "alphas1": 48.07117146604601, "alphas10": 0.8776475266454642, "alphas11": 0.16622261413979378, "alphas12": 15.033321943459482, "alphas13": 41.12132394987799, "alphas2": 44.40254320395181, "alphas3": 49.36014969858725, "alphas4": 36.73816292258395, "alphas5": 48.57357619295882, "alphas6": 23.67370771525426, "alphas7": 29.315502402261167, "alphas8": 0.5656724793600909, "alphas9": 47.712932900017854}, "datetime": {"datetime": "2018-12-19 18:28:38", "elapsed": 14013.457005, "delta": 123.463899}}
{"target": 0.08712570077666366, "params": {"alphas0": 9.621617754149037, "alphas1": 43.38641205004527, "alphas10": 0.5524517598694767, "alphas11": 15.185506819302558, "alphas12": 9.311206103513358, "alphas13": 42.766054954448926, "alphas2": 1.7233191286301353, "alphas3": 2.212818865374455, "alphas4": 9.539576702581016, "alphas5": 47.430363943838344, "alphas6": 49.172559706455274, "alphas7": 48.99385960355109, "alphas8": 1.2129710705040264, "alphas9": 10.928618060162448}, "datetime": {"datetime": "2018-12-19 18:31:00", "elapsed": 14154.733127, "delta": 141.276122}}
{"target": 0.08846912399234765, "params": {"alphas0": 1.3249703488698583, "alphas1": 28.264670789759165, "alphas10": 3.4285471752759866, "alphas11": 47.63303955106587, "alphas12": 40.98826354655805, "alphas13": 48.30060890823646, "alphas2": 44.54372879842917, "alphas3": 1.9216450565979704, "alphas4": 1.7470275724323192, "alphas5": 45.36565111684719, "alphas6": 28.285614194034853, "alphas7": 10.694084346251664, "alphas8": 1.7289008794823257, "alphas9": 48.10468523473815}, "datetime": {"datetime": "2018-12-19 18:33:19", "elapsed": 14294.187093, "delta": 139.453966}}
{"target": 0.08828573596310207, "params": {"alphas0": 2.8525680327179224, "alphas1": 37.63065613865498, "alphas10": 3.4076732904400164, "alphas11": 47.570560467588344, "alphas12": 3.666029274692406, "alphas13": 47.108006388227366, "alphas2": 19.193107923044806, "alphas3": 23.498719721872686, "alphas4": 5.8160880779700665, "alphas5": 47.04149842265637, "alphas6": 46.87735840718722, "alphas7": 8.2631688792075, "alphas8": 4.968304229435683, "alphas9": 49.50206849818758}, "datetime": {"datetime": "2018-12-19 18:35:57", "elapsed": 14452.622827, "delta": 158.435734}}
{"target": 0.08822575237848126, "params": {"alphas0": 3.135386164796344, "alphas1": 48.101396370463156, "alphas10": 2.1907933708429974, "alphas11": 44.617874020668665, "alphas12": 2.4137928619563653, "alphas13": 46.60278626810211, "alphas2": 7.031671923324534, "alphas3": 31.391569464505963, "alphas4": 4.982398420793016, "alphas5": 49.93383183411332, "alphas6": 8.326951097485729, "alphas7": 10.288200871028625, "alphas8": 10.813024765788365, "alphas9": 31.98317377183327}, "datetime": {"datetime": "2018-12-19 18:38:33", "elapsed": 14607.783039, "delta": 155.160212}}
{"target": 0.0863903783523106, "params": {"alphas0": 1.1307464987738436, "alphas1": 48.50702845985175, "alphas10": 9.582587137667197, "alphas11": 46.60086731290908, "alphas12": 0.6117971472919315, "alphas13": 39.265029541434416, "alphas2": 1.3044159836274383, "alphas3": 13.444239621031755, "alphas4": 0.36543788981375225, "alphas5": 41.92203968837041, "alphas6": 0.06831371289795496, "alphas7": 34.57921708856206, "alphas8": 2.255360825463354, "alphas9": 11.703014120721283}, "datetime": {"datetime": "2018-12-19 18:41:01", "elapsed": 14756.180195, "delta": 148.397156}}
{"target": 0.08811473342092137, "params": {"alphas0": 6.6146375784024825, "alphas1": 49.182704450468265, "alphas10": 1.2330060859177872, "alphas11": 34.485658042860614, "alphas12": 34.201672285526016, "alphas13": 49.42722819279123, "alphas2": 44.02830927766075, "alphas3": 21.18267101976056, "alphas4": 1.3229033295154735, "alphas5": 49.147736503601124, "alphas6": 16.637042065703984, "alphas7": 28.203964244900266, "alphas8": 14.226232398517919, "alphas9": 27.72255807337796}, "datetime": {"datetime": "2018-12-19 18:43:32", "elapsed": 14906.794499, "delta": 150.614304}}
{"target": 0.08839890259385288, "params": {"alphas0": 2.5138707418708273, "alphas1": 49.45689892483174, "alphas10": 5.1669507341991325, "alphas11": 28.75157275051558, "alphas12": 33.31777387654157, "alphas13": 47.25924488435818, "alphas2": 41.918950836468206, "alphas3": 45.2767275918579, "alphas4": 20.74503504829071, "alphas5": 49.09586222036164, "alphas6": 49.53715952140331, "alphas7": 23.626232728267947, "alphas8": 5.309770449011708, "alphas9": 27.149140497657697}, "datetime": {"datetime": "2018-12-19 18:46:12", "elapsed": 15067.15141, "delta": 160.356911}}
{"target": 0.087322675217785, "params": {"alphas0": 21.013979828196565, "alphas1": 47.9873681970782, "alphas10": 3.446156185836391, "alphas11": 38.451317278579346, "alphas12": 7.937856699193235, "alphas13": 46.01807829097552, "alphas2": 49.392023001532685, "alphas3": 42.24531235069486, "alphas4": 16.736266483924805, "alphas5": 49.378326877357246, "alphas6": 47.61621209773818, "alphas7": 17.727016889108715, "alphas8": 0.9895231221273282, "alphas9": 35.192247640583524}, "datetime": {"datetime": "2018-12-19 18:48:32", "elapsed": 15207.603281, "delta": 140.451871}}
{"target": 0.08831424726961015, "params": {"alphas0": 10.044727583102997, "alphas1": 49.72624579152622, "alphas10": 0.11898432417465354, "alphas11": 25.1463300631181, "alphas12": 3.8504182956597854, "alphas13": 47.08464301137189, "alphas2": 34.72862506210302, "alphas3": 16.30720385047284, "alphas4": 31.302512173356178, "alphas5": 45.67456334143731, "alphas6": 48.69997680859374, "alphas7": 48.56562949936436, "alphas8": 5.561554654482554, "alphas9": 32.40857794823817}, "datetime": {"datetime": "2018-12-19 18:51:04", "elapsed": 15359.707129, "delta": 152.103848}}
{"target": 0.08788287747043132, "params": {"alphas0": 2.4725876212373485, "alphas1": 45.034974048424324, "alphas10": 0.7472031421609515, "alphas11": 46.63413372864779, "alphas12": 30.187208245469577, "alphas13": 49.944702453690006, "alphas2": 2.473265521525975, "alphas3": 35.028073093071264, "alphas4": 34.309011755049504, "alphas5": 45.102946373233515, "alphas6": 5.0941298035034945, "alphas7": 45.93905970381452, "alphas8": 10.274794370282875, "alphas9": 31.560887679477172}, "datetime": {"datetime": "2018-12-19 18:53:27", "elapsed": 15502.584228, "delta": 142.877099}}
{"target": 0.08807989406514817, "params": {"alphas0": 3.6588021043213406, "alphas1": 44.35290848371056, "alphas10": 6.28533275597542, "alphas11": 33.962750920664945, "alphas12": 3.854921142637618, "alphas13": 43.06880029167436, "alphas2": 44.90396163937587, "alphas3": 37.45512610810348, "alphas4": 9.883096521165408, "alphas5": 41.805366811512954, "alphas6": 32.092498453899445, "alphas7": 47.40831712103575, "alphas8": 10.270807017637429, "alphas9": 48.7952402640194}, "datetime": {"datetime": "2018-12-19 18:55:52", "elapsed": 15647.60557, "delta": 145.021342}}
{"target": 0.08786513910743808, "params": {"alphas0": 7.29359289623484, "alphas1": 45.3528845787926, "alphas10": 3.8425564341781735, "alphas11": 38.74845382634539, "alphas12": 4.583432541452048, "alphas13": 48.15095310689656, "alphas2": 34.302464352816955, "alphas3": 45.83831558259362, "alphas4": 27.519406885630982, "alphas5": 44.99052322666983, "alphas6": 40.7006746270639, "alphas7": 39.1425170672275, "alphas8": 0.60396362404187, "alphas9": 25.542449245832717}, "datetime": {"datetime": "2018-12-19 18:58:24", "elapsed": 15798.816668, "delta": 151.211098}}
{"target": 0.08825921206246838, "params": {"alphas0": 0.6620853310782049, "alphas1": 49.206777904744214, "alphas10": 0.4536458027923185, "alphas11": 40.97163384418728, "alphas12": 29.664103807313086, "alphas13": 48.47842561682311, "alphas2": 10.209974749764994, "alphas3": 41.08733611907281, "alphas4": 21.074443354634926, "alphas5": 31.89000706947213, "alphas6": 49.94875341343307, "alphas7": 1.9008545646246933, "alphas8": 1.9588907226119112, "alphas9": 26.90986310389888}, "datetime": {"datetime": "2018-12-19 19:01:09", "elapsed": 15964.534792, "delta": 165.718124}}
{"target": 0.087909891085078, "params": {"alphas0": 0.8848163621234029, "alphas1": 49.0195317914681, "alphas10": 1.8899597783843536, "alphas11": 11.939517276389894, "alphas12": 16.160581984144656, "alphas13": 37.76693904085062, "alphas2": 15.331950848161702, "alphas3": 40.7210036366085, "alphas4": 12.480769457459246, "alphas5": 46.52267208991188, "alphas6": 49.6705416912909, "alphas7": 39.04985232641913, "alphas8": 1.3648660380610134, "alphas9": 48.49584340760994}, "datetime": {"datetime": "2018-12-19 19:03:48", "elapsed": 16123.106578, "delta": 158.571786}}
{"target": 0.08781997845157452, "params": {"alphas0": 5.058254984111249, "alphas1": 47.694898717190135, "alphas10": 0.9951251091239621, "alphas11": 43.11965731474907, "alphas12": 0.09955410160799039, "alphas13": 49.521764915025855, "alphas2": 48.84273733453553, "alphas3": 42.00099273710177, "alphas4": 40.4950250522145, "alphas5": 34.75508569003868, "alphas6": 46.743399586867014, "alphas7": 22.660314220935753, "alphas8": 12.900265910011866, "alphas9": 46.5125763282025}, "datetime": {"datetime": "2018-12-19 19:06:04", "elapsed": 16259.523896, "delta": 136.417318}}
{"target": 0.08771805077943994, "params": {"alphas0": 4.936595461963156, "alphas1": 49.53860942685626, "alphas10": 4.036016858787816, "alphas11": 44.573606848189826, "alphas12": 3.8144007369774693, "alphas13": 46.35281786496961, "alphas2": 4.636409379037043, "alphas3": 31.507402026827556, "alphas4": 29.726057120519517, "alphas5": 48.17833215501574, "alphas6": 43.20107414782648, "alphas7": 34.26602851421449, "alphas8": 9.355733633412584, "alphas9": 2.1506163619456564}, "datetime": {"datetime": "2018-12-19 19:07:43", "elapsed": 16357.945878, "delta": 98.421982}}
{"target": 0.08559248678033081, "params": {"alphas0": 3.693446375233367, "alphas1": 3.915743504932323, "alphas10": 1.4789256998322564, "alphas11": 32.38429422986683, "alphas12": 4.14594497989329, "alphas13": 49.82401062769687, "alphas2": 42.246217873408206, "alphas3": 35.166067093417325, "alphas4": 12.684118633514958, "alphas5": 49.04083679203614, "alphas6": 32.209281267532866, "alphas7": 48.81990417697402, "alphas8": 0.7106507819232277, "alphas9": 37.053292109361756}, "datetime": {"datetime": "2018-12-19 19:09:14", "elapsed": 16449.478286, "delta": 91.532408}}
{"target": 0.08790988940879864, "params": {"alphas0": 4.584208896762193, "alphas1": 49.8804636651192, "alphas10": 6.215965566873161, "alphas11": 6.08051887616281, "alphas12": 2.5752587174284356, "alphas13": 49.36204142617905, "alphas2": 25.81553946369925, "alphas3": 42.70310185713625, "alphas4": 7.36311209800734, "alphas5": 47.565299283957565, "alphas6": 48.9848455981239, "alphas7": 2.2615893860114644, "alphas8": 6.005291188014928, "alphas9": 5.39906682358856}, "datetime": {"datetime": "2018-12-19 19:10:46", "elapsed": 16540.98591, "delta": 91.507624}}
{"target": 0.08815617287958935, "params": {"alphas0": 5.460791809931553, "alphas1": 38.57835232648913, "alphas10": 1.8305319528940545, "alphas11": 33.716474400457834, "alphas12": 5.747088448971066, "alphas13": 47.14544105220174, "alphas2": 49.960608398496326, "alphas3": 32.56002959268746, "alphas4": 36.812775814378035, "alphas5": 48.001681308528, "alphas6": 8.516179865808715, "alphas7": 4.243376933129728, "alphas8": 0.4295404842255157, "alphas9": 43.427639319952085}, "datetime": {"datetime": "2018-12-19 19:12:10", "elapsed": 16625.662127, "delta": 84.676217}}
{"target": 0.08831233289271563, "params": {"alphas0": 0.7331243440552471, "alphas1": 46.82253000872482, "alphas10": 0.9646346981363518, "alphas11": 19.47639768541956, "alphas12": 49.56264151879276, "alphas13": 45.75232841298322, "alphas2": 15.255121711622055, "alphas3": 2.67942576146023, "alphas4": 1.7672292229311104, "alphas5": 45.274230516494356, "alphas6": 44.92094632425198, "alphas7": 44.44356565223026, "alphas8": 2.356022800458435, "alphas9": 35.87787092204384}, "datetime": {"datetime": "2018-12-19 19:13:41", "elapsed": 16716.610749, "delta": 90.948622}}
{"target": 0.08818642740454001, "params": {"alphas0": 11.854073890270044, "alphas1": 47.12965498200053, "alphas10": 0.9602530829372458, "alphas11": 19.713388834560092, "alphas12": 5.860254472055554, "alphas13": 46.54051121013941, "alphas2": 23.372714703550635, "alphas3": 47.96539067025901, "alphas4": 4.270525184149965, "alphas5": 49.3564148213198, "alphas6": 12.42520594909532, "alphas7": 28.212005538027203, "alphas8": 4.470086866038125, "alphas9": 22.406187611093646}, "datetime": {"datetime": "2018-12-19 19:15:11", "elapsed": 16806.368788, "delta": 89.758039}}
{"target": 0.0872507404273878, "params": {"alphas0": 1.2794963053425035, "alphas1": 48.33313253293361, "alphas10": 5.9778304395160635, "alphas11": 46.84076448738522, "alphas12": 12.164300794090982, "alphas13": 49.4314030720849, "alphas2": 20.73613483164643, "alphas3": 45.06228041907823, "alphas4": 9.834597859787136, "alphas5": 47.85413202526598, "alphas6": 2.2224261473714533, "alphas7": 42.527649622862604, "alphas8": 18.67099790908403, "alphas9": 34.953454731090076}, "datetime": {"datetime": "2018-12-19 19:16:39", "elapsed": 16893.799382, "delta": 87.430594}}
{"target": 0.08777516943984583, "params": {"alphas0": 3.59837006895754, "alphas1": 48.06557477491147, "alphas10": 2.4955659224823403, "alphas11": 40.4060404901504, "alphas12": 24.166828752991833, "alphas13": 49.51189675223947, "alphas2": 10.393784336882582, "alphas3": 10.141902306971073, "alphas4": 5.2337013888405615, "alphas5": 49.39644231919721, "alphas6": 1.1767693092158305, "alphas7": 48.49089930672877, "alphas8": 3.7237774947556366, "alphas9": 4.401806594993629}, "datetime": {"datetime": "2018-12-19 19:18:10", "elapsed": 16985.001559, "delta": 91.202177}}
{"target": 0.08805522068670482, "params": {"alphas0": 3.208186711797556, "alphas1": 46.99237643711006, "alphas10": 3.1572585835177467, "alphas11": 41.21054585345719, "alphas12": 3.486210078463653, "alphas13": 35.18020421893459, "alphas2": 32.37105496529553, "alphas3": 16.77122347268919, "alphas4": 33.112876615348306, "alphas5": 49.774128845551495, "alphas6": 46.7952811509078, "alphas7": 30.359953924730775, "alphas8": 2.3073425706680473, "alphas9": 37.74475663447535}, "datetime": {"datetime": "2018-12-19 19:19:38", "elapsed": 17073.45494, "delta": 88.453381}}
{"target": 0.08636562017971526, "params": {"alphas0": 9.27702382050304, "alphas1": 48.90598996816357, "alphas10": 2.241469994034123, "alphas11": 37.72174310339327, "alphas12": 11.925566724303621, "alphas13": 49.25716170746032, "alphas2": 1.3264181519495655, "alphas3": 4.206288805189645, "alphas4": 10.080450248872076, "alphas5": 48.034475485207714, "alphas6": 32.83562640388092, "alphas7": 17.516192960396566, "alphas8": 0.5010194516567035, "alphas9": 17.05957093770536}, "datetime": {"datetime": "2018-12-19 19:21:12", "elapsed": 17167.185923, "delta": 93.730983}}
{"target": 0.08605152126491214, "params": {"alphas0": 0.8298320795024072, "alphas1": 48.12392931540695, "alphas10": 3.4460399994175606, "alphas11": 47.97680027768104, "alphas12": 19.51151476049985, "alphas13": 48.53881745463151, "alphas2": 22.010030355660533, "alphas3": 45.42139575460922, "alphas4": 44.332423680514815, "alphas5": 49.19884061982538, "alphas6": 23.595210862571008, "alphas7": 13.362248983949037, "alphas8": 27.30855914951304, "alphas9": 40.5529178484759}, "datetime": {"datetime": "2018-12-19 19:22:51", "elapsed": 17266.440221, "delta": 99.254298}}
{"target": 0.08762093314645417, "params": {"alphas0": 2.019596184161049, "alphas1": 49.47952215587899, "alphas10": 1.437244004902305, "alphas11": 23.479418465303354, "alphas12": 24.773274358837533, "alphas13": 36.10938056008927, "alphas2": 24.74762518120763, "alphas3": 40.01199257263633, "alphas4": 44.0818655780703, "alphas5": 49.60749169126725, "alphas6": 48.48858018030554, "alphas7": 49.112161160030645, "alphas8": 0.5534335782725941, "alphas9": 45.1584850454585}, "datetime": {"datetime": "2018-12-19 19:24:28", "elapsed": 17362.898119, "delta": 96.457898}}
{"target": 0.08765083288697682, "params": {"alphas0": 1.0533165042057202, "alphas1": 37.77501683913554, "alphas10": 10.50855039321203, "alphas11": 47.196482275454926, "alphas12": 2.8377233301019267, "alphas13": 48.10971731745583, "alphas2": 10.631042690771842, "alphas3": 34.89764424365632, "alphas4": 0.09339882227972218, "alphas5": 48.50094820328919, "alphas6": 34.30504423984937, "alphas7": 34.27927358281485, "alphas8": 11.499769310765762, "alphas9": 45.701698247370786}, "datetime": {"datetime": "2018-12-19 19:26:04", "elapsed": 17458.912994, "delta": 96.014875}}
{"target": 0.08795153128525642, "params": {"alphas0": 4.306330849170381, "alphas1": 47.353968991160436, "alphas10": 3.8448690529559517, "alphas11": 25.043083082232027, "alphas12": 15.675884252132228, "alphas13": 43.83113598168331, "alphas2": 44.61500684113284, "alphas3": 35.41218667352862, "alphas4": 2.552037527648671, "alphas5": 47.245791069999356, "alphas6": 3.748241219054327, "alphas7": 37.42589486650865, "alphas8": 15.069692763949693, "alphas9": 45.13194226105879}, "datetime": {"datetime": "2018-12-19 19:27:31", "elapsed": 17545.791233, "delta": 86.878239}}
{"target": 0.0872035852235119, "params": {"alphas0": 1.9895795331343502, "alphas1": 49.728040375978736, "alphas10": 12.234816335991594, "alphas11": 45.34958737027475, "alphas12": 12.742134056745991, "alphas13": 46.307334288105665, "alphas2": 44.450229350798935, "alphas3": 30.825589867548477, "alphas4": 30.67187193269067, "alphas5": 47.20900258592845, "alphas6": 2.892445494438034, "alphas7": 15.453633149803148, "alphas8": 1.9003785050053734, "alphas9": 12.667962777749315}, "datetime": {"datetime": "2018-12-19 19:29:03", "elapsed": 17637.779094, "delta": 91.987861}}
{"target": 0.08837397161462049, "params": {"alphas0": 2.763520444433909, "alphas1": 49.43817110034278, "alphas10": 1.2607869795216498, "alphas11": 28.82872183789772, "alphas12": 37.524088961883635, "alphas13": 49.351178073510674, "alphas2": 2.4903180356298407, "alphas3": 37.72329726910491, "alphas4": 15.59096288107456, "alphas5": 46.742042677180834, "alphas6": 15.76369843925008, "alphas7": 5.270581431219185, "alphas8": 4.384362040378259, "alphas9": 45.18376830669709}, "datetime": {"datetime": "2018-12-19 19:30:30", "elapsed": 17725.565607, "delta": 87.786513}}
{"target": 0.0876525935268659, "params": {"alphas0": 0.203176303669228, "alphas1": 49.222358971760414, "alphas10": 5.21197298542318, "alphas11": 26.295834873672447, "alphas12": 17.374796305624763, "alphas13": 46.278725824199604, "alphas2": 11.930551325897715, "alphas3": 30.24887002762317, "alphas4": 2.4790083242631433, "alphas5": 35.554176325051074, "alphas6": 30.175083467078835, "alphas7": 43.06265804652808, "alphas8": 0.7566062367574011, "alphas9": 21.01499657218507}, "datetime": {"datetime": "2018-12-19 19:32:01", "elapsed": 17816.555178, "delta": 90.989571}}
{"target": 0.08679473965932892, "params": {"alphas0": 6.335362147485219, "alphas1": 48.497900699573684, "alphas10": 0.4312412671602206, "alphas11": 36.307444837198005, "alphas12": 1.595616327886501, "alphas13": 42.93006830006753, "alphas2": 2.2087016057059317, "alphas3": 0.1458397898799868, "alphas4": 49.99398722604791, "alphas5": 49.379779636979, "alphas6": 42.8988771652864, "alphas7": 5.2516907430242235, "alphas8": 0.5773037748995125, "alphas9": 15.51734625166259}, "datetime": {"datetime": "2018-12-19 19:33:26", "elapsed": 17901.701254, "delta": 85.146076}}
{"target": 0.0868386307128593, "params": {"alphas0": 3.943305373013178, "alphas1": 42.65377120941288, "alphas10": 0.9757180748527106, "alphas11": 2.4225366323140705, "alphas12": 2.364145732085726, "alphas13": 44.83623139764628, "alphas2": 29.112105298740637, "alphas3": 29.39579946013643, "alphas4": 3.616629246068709, "alphas5": 49.17081076611411, "alphas6": 8.564872150231844, "alphas7": 3.322492281062411, "alphas8": 0.9189385881280099, "alphas9": 13.943947671181961}, "datetime": {"datetime": "2018-12-19 19:34:57", "elapsed": 17991.726529, "delta": 90.025275}}
