{"target": 0.08626555948041215, "params": {"alphas0": 44.90932298343148, "alphas1": 36.4332075268673, "alphas10": 46.683909272920474, "alphas11": 0.17531014221393582, "alphas12": 48.21116857428892, "alphas13": 31.682661563379845, "alphas2": 41.26954668685728, "alphas3": 2.413221359185158, "alphas4": 9.469353742153185, "alphas5": 44.4890868896962, "alphas6": 48.977150137245495, "alphas7": 0.9119469647906553, "alphas8": 31.218028660019016, "alphas9": 46.63574344943815}, "datetime": {"datetime": "2018-12-19 14:50:50", "elapsed": 944.76588, "delta": 34.25587}}
{"target": 0.0855845227414521, "params": {"alphas0": 37.58511147844025, "alphas1": 46.06016971456069, "alphas10": 28.768010632816804, "alphas11": 47.10614435533625, "alphas12": 48.57215073120636, "alphas13": 39.70176640636681, "alphas2": 7.421998306683841, "alphas3": 6.74698796893376, "alphas4": 1.097696311682167, "alphas5": 48.64664162305751, "alphas6": 9.84914295231951, "alphas7": 2.57856369562412, "alphas8": 44.71158958985533, "alphas9": 36.57134152898999}, "datetime": {"datetime": "2018-12-19 14:51:24", "elapsed": 979.186402, "delta": 34.420522}}
{"target": 0.08502765053223577, "params": {"alphas0": 34.85038563064899, "alphas1": 35.68239482701559, "alphas10": 48.26376972280679, "alphas11": 9.076703599900803, "alphas12": 49.402988694630814, "alphas13": 18.393840790820924, "alphas2": 7.122831082347303, "alphas3": 0.2004505714580329, "alphas4": 1.1916329833502992, "alphas5": 44.380889079074734, "alphas6": 38.0453618551587, "alphas7": 1.6403380050809657, "alphas8": 49.81197666602748, "alphas9": 41.094175993829566}, "datetime": {"datetime": "2018-12-19 14:51:58", "elapsed": 1013.67284, "delta": 34.486438}}
{"target": 0.08657216302164672, "params": {"alphas0": 48.053330652663405, "alphas1": 46.29649218837911, "alphas10": 45.470241016083115, "alphas11": 45.62172901546147, "alphas12": 44.3744792773767, "alphas13": 46.16700718811591, "alphas2": 25.22820331283318, "alphas3": 0.22178689483749459, "alphas4": 1.651564500400693, "alphas5": 47.082099100464774, "alphas6": 35.932538370589654, "alphas7": 45.11734464916161, "alphas8": 31.65201007847681, "alphas9": 47.82455493786873}, "datetime": {"datetime": "2018-12-19 14:52:34", "elapsed": 1049.278718, "delta": 35.605878}}
{"target": 0.08167263345426191, "params": {"alphas0": 49.11244828082973, "alphas1": 46.71274436338903, "alphas10": 49.75897951970344, "alphas11": 49.38211010191236, "alphas12": 36.72897966700916, "alphas13": 18.702039552008976, "alphas2": 26.409853194024436, "alphas3": 14.715091206930225, "alphas4": 3.0017342895656163, "alphas5": 49.11600526749236, "alphas6": 38.06319387139977, "alphas7": 8.102323791901506, "alphas8": 1.235192888287917, "alphas9": 18.781956379754796}, "datetime": {"datetime": "2018-12-19 14:53:09", "elapsed": 1083.851196, "delta": 34.572478}}
{"target": 0.08490836096703966, "params": {"alphas0": 0.8742581878650846, "alphas1": 49.01930928819482, "alphas10": 42.7512982890965, "alphas11": 0.8262032639855921, "alphas12": 0.692476253117591, "alphas13": 34.42703292975157, "alphas2": 20.631354896550224, "alphas3": 2.626886450085114, "alphas4": 25.459237980759674, "alphas5": 47.59895445259874, "alphas6": 11.361223606978033, "alphas7": 3.842438219901495, "alphas8": 46.05947426188302, "alphas9": 36.76866126654759}, "datetime": {"datetime": "2018-12-19 14:53:42", "elapsed": 1117.692248, "delta": 33.841052}}
{"target": 0.08719086555121842, "params": {"alphas0": 8.164672061780514, "alphas1": 47.69926548438288, "alphas10": 0.6715998662798373, "alphas11": 2.324349762335581, "alphas12": 8.598277372937574, "alphas13": 31.95863010144395, "alphas2": 44.918273805395394, "alphas3": 1.568586823909074, "alphas4": 0.6029878248029197, "alphas5": 36.03339199319615, "alphas6": 49.54993132052326, "alphas7": 6.125772021396986, "alphas8": 18.972362114938722, "alphas9": 49.9432500412353}, "datetime": {"datetime": "2018-12-19 14:54:17", "elapsed": 1151.75385, "delta": 34.061602}}
{"target": 0.0850592647759387, "params": {"alphas0": 47.378998434970065, "alphas1": 42.37201533863145, "alphas10": 3.015223502062725, "alphas11": 14.27161146035812, "alphas12": 22.116467762640223, "alphas13": 49.44503597441277, "alphas2": 43.140183358233195, "alphas3": 3.954374275358613, "alphas4": 13.388325163538545, "alphas5": 49.809056462433716, "alphas6": 48.87282819045817, "alphas7": 12.18162341362577, "alphas8": 47.893164925515194, "alphas9": 35.09513967545247}, "datetime": {"datetime": "2018-12-19 14:54:52", "elapsed": 1186.884033, "delta": 35.130183}}
{"target": 0.08543862615462733, "params": {"alphas0": 11.434614698995743, "alphas1": 42.745138629992994, "alphas10": 8.508226230379734, "alphas11": 5.161466221882888, "alphas12": 47.0071756271872, "alphas13": 47.87045427985995, "alphas2": 3.2130508638393005, "alphas3": 3.476690252804271, "alphas4": 12.730042982496048, "alphas5": 47.08868521371927, "alphas6": 28.857278552675396, "alphas7": 49.774928972816845, "alphas8": 35.101133189205, "alphas9": 49.10844610994934}, "datetime": {"datetime": "2018-12-19 14:55:28", "elapsed": 1222.90894, "delta": 36.024907}}
{"target": 0.08506077782589232, "params": {"alphas0": 8.36873568429275, "alphas1": 47.30921328690038, "alphas10": 40.15622963137574, "alphas11": 23.421954884657577, "alphas12": 41.47702610618757, "alphas13": 46.998745557361715, "alphas2": 24.66465043210027, "alphas3": 2.004633493145491, "alphas4": 1.3535467813964919, "alphas5": 47.49681019087261, "alphas6": 49.30354211477223, "alphas7": 5.169327671178886, "alphas8": 0.8237098384306751, "alphas9": 49.97119121454946}, "datetime": {"datetime": "2018-12-19 14:56:03", "elapsed": 1257.985415, "delta": 35.076475}}
{"target": 0.08438883604643889, "params": {"alphas0": 1.6636685846694366, "alphas1": 43.77860348175832, "alphas10": 19.89632098782719, "alphas11": 48.91702183251383, "alphas12": 7.383394649554714, "alphas13": 48.55397442147223, "alphas2": 22.74633941997229, "alphas3": 0.38928499516411863, "alphas4": 28.049729943245516, "alphas5": 7.689609989535318, "alphas6": 45.104273379294845, "alphas7": 4.225147156662651, "alphas8": 47.20166790573063, "alphas9": 43.14264843168135}, "datetime": {"datetime": "2018-12-19 14:56:38", "elapsed": 1293.444478, "delta": 35.459063}}
{"target": 0.08854177279358667, "params": {"alphas0": 3.7177148505368574, "alphas1": 46.09571854608669, "alphas10": 4.7106510441455365, "alphas11": 2.6939883151920476, "alphas12": 13.829733696524505, "alphas13": 47.38562083587644, "alphas2": 49.5824078363032, "alphas3": 5.478685009419376, "alphas4": 26.06387564184564, "alphas5": 49.72955699010826, "alphas6": 41.96562635607362, "alphas7": 2.2154437117731463, "alphas8": 5.560209659479715, "alphas9": 46.885069449317726}, "datetime": {"datetime": "2018-12-19 14:57:26", "elapsed": 1341.649005, "delta": 48.204527}}
{"target": 0.08801183190211609, "params": {"alphas0": 24.446360311228073, "alphas1": 49.444106757675584, "alphas10": 3.6474268794568223, "alphas11": 3.736207898318283, "alphas12": 30.49836574008716, "alphas13": 45.214284010749616, "alphas2": 43.66936317782734, "alphas3": 29.601515019536006, "alphas4": 1.2291306901011545, "alphas5": 47.540668704367825, "alphas6": 41.31674551198377, "alphas7": 38.246099864703325, "alphas8": 4.801775724316776, "alphas9": 48.424686537364806}, "datetime": {"datetime": "2018-12-19 14:58:02", "elapsed": 1376.912462, "delta": 35.263457}}
{"target": 0.08761835979188307, "params": {"alphas0": 29.049423875345216, "alphas1": 44.27463033486331, "alphas10": 7.169291534514782, "alphas11": 9.600855975788097, "alphas12": 26.068014177060068, "alphas13": 37.42177483534391, "alphas2": 48.274313589813474, "alphas3": 3.054834573060811, "alphas4": 24.025371165904748, "alphas5": 48.31559843424101, "alphas6": 27.491697159074942, "alphas7": 40.582763619407935, "alphas8": 4.208104627495612, "alphas9": 46.834031739238306}, "datetime": {"datetime": "2018-12-19 14:58:38", "elapsed": 1412.813512, "delta": 35.90105}}
{"target": 0.08710505327874915, "params": {"alphas0": 25.278848340191225, "alphas1": 43.239534697482576, "alphas10": 4.544237683919111, "alphas11": 9.222065909565307, "alphas12": 2.925099565807243, "alphas13": 5.75002037293591, "alphas2": 46.70942166292662, "alphas3": 0.003604218190078612, "alphas4": 1.8260854167481633, "alphas5": 49.20333894577526, "alphas6": 1.1053252350939735, "alphas7": 33.86418934247303, "alphas8": 14.704945913101602, "alphas9": 41.90459426296365}, "datetime": {"datetime": "2018-12-19 14:59:13", "elapsed": 1448.018107, "delta": 35.204595}}
{"target": 0.08477655476540792, "params": {"alphas0": 12.910846508790863, "alphas1": 48.97708835313383, "alphas10": 0.554898725033115, "alphas11": 15.63862880714455, "alphas12": 42.57823780204906, "alphas13": 37.362151621787135, "alphas2": 48.36145378465959, "alphas3": 10.913715253326577, "alphas4": 8.48305695618517, "alphas5": 49.67558759303504, "alphas6": 5.781551358005005, "alphas7": 45.943882172072584, "alphas8": 39.13297757634867, "alphas9": 49.90992477535535}, "datetime": {"datetime": "2018-12-19 14:59:47", "elapsed": 1482.590574, "delta": 34.572467}}
{"target": 0.088309300012772, "params": {"alphas0": 2.9884660601362745, "alphas1": 42.32557328749665, "alphas10": 2.1864287554176185, "alphas11": 1.480548481947641, "alphas12": 4.4042920946696595, "alphas13": 42.75990193524084, "alphas2": 46.04782358281304, "alphas3": 22.33942322727976, "alphas4": 0.9522930273520858, "alphas5": 47.82886192879543, "alphas6": 15.055532273369854, "alphas7": 39.7389642086046, "alphas8": 9.651952353301601, "alphas9": 40.87292498115394}, "datetime": {"datetime": "2018-12-19 15:00:22", "elapsed": 1517.379612, "delta": 34.789038}}
{"target": 0.08634455161721352, "params": {"alphas0": 41.8788192142252, "alphas1": 40.394341263262554, "alphas10": 5.49941633693879, "alphas11": 3.8464346392515782, "alphas12": 6.92411662217437, "alphas13": 46.88730417197939, "alphas2": 48.60542589127868, "alphas3": 4.300687538294556, "alphas4": 7.1855219636288385, "alphas5": 37.66093161460643, "alphas6": 1.2285963666432587, "alphas7": 13.83480091844862, "alphas8": 5.679261660986129, "alphas9": 48.08531435419107}, "datetime": {"datetime": "2018-12-19 15:00:58", "elapsed": 1553.533133, "delta": 36.153521}}
{"target": 0.08692036761240886, "params": {"alphas0": 11.146076291732715, "alphas1": 46.03106059582992, "alphas10": 25.331480779254356, "alphas11": 0.9666781643805522, "alphas12": 1.0253046427196488, "alphas13": 19.496083527532544, "alphas2": 43.50393179011871, "alphas3": 1.0353695020636433, "alphas4": 5.521294028068258, "alphas5": 48.77829574269591, "alphas6": 32.55823425834411, "alphas7": 0.8489578191639424, "alphas8": 12.294889249848312, "alphas9": 46.698718575560115}, "datetime": {"datetime": "2018-12-19 15:01:35", "elapsed": 1589.821554, "delta": 36.288421}}
{"target": 0.08703923913156988, "params": {"alphas0": 24.195058659218997, "alphas1": 30.36778219523559, "alphas10": 4.110708526337358, "alphas11": 4.38412171548066, "alphas12": 0.2802963817964077, "alphas13": 49.515901049011504, "alphas2": 32.865218758093995, "alphas3": 6.384479639003892, "alphas4": 1.0461359028329453, "alphas5": 45.47168882853326, "alphas6": 46.10921974110572, "alphas7": 34.09623686985097, "alphas8": 21.02343474618505, "alphas9": 49.176779566519286}, "datetime": {"datetime": "2018-12-19 15:02:10", "elapsed": 1624.823347, "delta": 35.001793}}
{"target": 0.0865993867424942, "params": {"alphas0": 45.76662724035278, "alphas1": 48.709997017415496, "alphas10": 8.965965654964613, "alphas11": 3.8558186789054427, "alphas12": 49.155840733273195, "alphas13": 45.42966825748034, "alphas2": 48.01766334450332, "alphas3": 6.366678114592162, "alphas4": 24.707757257168545, "alphas5": 40.17305591592872, "alphas6": 42.79704178773841, "alphas7": 46.8794699673339, "alphas8": 4.167466163428352, "alphas9": 41.087092454845056}, "datetime": {"datetime": "2018-12-19 15:02:46", "elapsed": 1661.430152, "delta": 36.606805}}
{"target": 0.08602924177922956, "params": {"alphas0": 18.33268640845627, "alphas1": 47.31211997443124, "alphas10": 31.909077114565875, "alphas11": 9.31568460374937, "alphas12": 47.27552083589025, "alphas13": 44.59889679124101, "alphas2": 46.689534463771174, "alphas3": 7.682384133030784, "alphas4": 20.253902683404277, "alphas5": 47.630992726700086, "alphas6": 47.242265357426746, "alphas7": 49.00361112954916, "alphas8": 0.5775695524781299, "alphas9": 48.63093087851545}, "datetime": {"datetime": "2018-12-19 15:03:21", "elapsed": 1696.584323, "delta": 35.154171}}
{"target": 0.08523452285832309, "params": {"alphas0": 36.278665526685764, "alphas1": 48.14859510482681, "alphas10": 2.6308697557108465, "alphas11": 5.6283206393721645, "alphas12": 7.928194771219421, "alphas13": 21.719717912119496, "alphas2": 48.67493754020456, "alphas3": 0.6792635643483258, "alphas4": 2.3917071440087643, "alphas5": 49.35433753745151, "alphas6": 43.355797022450915, "alphas7": 49.16832651762948, "alphas8": 35.45758221943947, "alphas9": 6.174969720745066}, "datetime": {"datetime": "2018-12-19 15:03:57", "elapsed": 1732.212448, "delta": 35.628125}}
{"target": 0.08692986199470297, "params": {"alphas0": 43.8540880950257, "alphas1": 48.22740729519158, "alphas10": 6.766865676399219, "alphas11": 5.312085170086012, "alphas12": 8.978736140309085, "alphas13": 44.68300678722525, "alphas2": 32.56356682086351, "alphas3": 41.7828246791241, "alphas4": 28.724978590086774, "alphas5": 49.990623760810024, "alphas6": 39.230000746571456, "alphas7": 49.15619823482979, "alphas8": 3.0500755970081785, "alphas9": 49.260664584035865}, "datetime": {"datetime": "2018-12-19 15:04:32", "elapsed": 1766.82384, "delta": 34.611392}}
{"target": 0.08752871573458626, "params": {"alphas0": 4.255522416950247, "alphas1": 48.50551964596001, "alphas10": 6.854987387148615, "alphas11": 6.200628858137291, "alphas12": 6.986151828327158, "alphas13": 4.6140857272492894, "alphas2": 49.758109237834184, "alphas3": 2.9810572071822805, "alphas4": 5.843978773672632, "alphas5": 35.43796226320831, "alphas6": 44.18826899272935, "alphas7": 30.016489791012884, "alphas8": 5.427895622449491, "alphas9": 48.47793942246182}, "datetime": {"datetime": "2018-12-19 15:05:08", "elapsed": 1802.964427, "delta": 36.140587}}
{"target": 0.08836308286421907, "params": {"alphas0": 20.371923679948186, "alphas1": 48.10309581259345, "alphas10": 3.3175435318373028, "alphas11": 2.8276412651068727, "alphas12": 1.8913895985987417, "alphas13": 46.0860451146907, "alphas2": 45.15382997006394, "alphas3": 49.128825551603185, "alphas4": 24.541048898858982, "alphas5": 45.997094009277156, "alphas6": 12.012634230800884, "alphas7": 39.913278404639094, "alphas8": 7.673064940633257, "alphas9": 43.985604624724836}, "datetime": {"datetime": "2018-12-19 15:05:43", "elapsed": 1837.846371, "delta": 34.881944}}
{"target": 0.08782478720775881, "params": {"alphas0": 10.011361951656584, "alphas1": 46.89241086817228, "alphas10": 10.32481941521876, "alphas11": 15.508985665054853, "alphas12": 5.78817021995322, "alphas13": 34.558375125766524, "alphas2": 49.01330760144728, "alphas3": 2.501091390618615, "alphas4": 4.140331416601933, "alphas5": 40.80928194054959, "alphas6": 0.7415294102747882, "alphas7": 42.23570312673888, "alphas8": 15.780137812361389, "alphas9": 49.44493966559456}, "datetime": {"datetime": "2018-12-19 15:06:18", "elapsed": 1873.324008, "delta": 35.477637}}
{"target": 0.08580762557798277, "params": {"alphas0": 35.669631331609295, "alphas1": 38.4767454188222, "alphas10": 19.263943852641596, "alphas11": 0.5133003460116359, "alphas12": 6.703165304626458, "alphas13": 33.56859438983028, "alphas2": 45.803900355676774, "alphas3": 20.273379165839255, "alphas4": 5.535101574959783, "alphas5": 46.47265875233153, "alphas6": 29.1252063258025, "alphas7": 47.40605965624178, "alphas8": 0.4235597319867057, "alphas9": 48.324887624274766}, "datetime": {"datetime": "2018-12-19 15:06:54", "elapsed": 1909.451887, "delta": 36.127879}}
{"target": 0.08560975161461745, "params": {"alphas0": 4.901443680099265, "alphas1": 48.23996526666463, "alphas10": 47.3819739189329, "alphas11": 3.9967262673575252, "alphas12": 1.1767640144997982, "alphas13": 49.8955066924713, "alphas2": 32.36810785456623, "alphas3": 0.3095118041683109, "alphas4": 37.26931373888282, "alphas5": 49.08430396936626, "alphas6": 3.09781784567586, "alphas7": 19.08531521633311, "alphas8": 7.353649398416017, "alphas9": 49.37895929208298}, "datetime": {"datetime": "2018-12-19 15:07:31", "elapsed": 1946.334295, "delta": 36.882408}}
{"target": 0.08750420148408944, "params": {"alphas0": 8.303701180280498, "alphas1": 48.61317288002695, "alphas10": 5.836802158385951, "alphas11": 3.8961407103089707, "alphas12": 17.255564287256647, "alphas13": 46.578050713242106, "alphas2": 41.987341388716594, "alphas3": 8.880214229327033, "alphas4": 39.272450580899964, "alphas5": 48.08740481861395, "alphas6": 1.169883677580058, "alphas7": 20.849695478820117, "alphas8": 0.1516377125539814, "alphas9": 48.24059933930253}, "datetime": {"datetime": "2018-12-19 15:08:06", "elapsed": 1981.531397, "delta": 35.197102}}
{"target": 0.08405584376202989, "params": {"alphas0": 2.692285401476213, "alphas1": 38.75912907105034, "alphas10": 9.436440946380753, "alphas11": 7.255959558052178, "alphas12": 1.4974495191901471, "alphas13": 48.9615562059612, "alphas2": 41.45168590792225, "alphas3": 13.814079039456706, "alphas4": 1.036594862695961, "alphas5": 48.71705456650855, "alphas6": 49.85075357097127, "alphas7": 8.556737899706668, "alphas8": 44.07667231017749, "alphas9": 47.5873130790985}, "datetime": {"datetime": "2018-12-19 15:08:42", "elapsed": 2017.049484, "delta": 35.518087}}
{"target": 0.0841769513196029, "params": {"alphas0": 46.67778462080505, "alphas1": 39.090317096658296, "alphas10": 1.7051907820877288, "alphas11": 15.965164776733133, "alphas12": 15.3473722514893, "alphas13": 47.41790390265135, "alphas2": 48.52422904679994, "alphas3": 7.311531815574762, "alphas4": 0.5610844513957491, "alphas5": 40.7142638504568, "alphas6": 17.221720335730446, "alphas7": 15.518881888657072, "alphas8": 1.0956811690887636, "alphas9": 47.35186672336221}, "datetime": {"datetime": "2018-12-19 15:09:19", "elapsed": 2054.325323, "delta": 37.275839}}
{"target": 0.08720268983421911, "params": {"alphas0": 25.491060013811996, "alphas1": 49.899019566342574, "alphas10": 10.791964556364542, "alphas11": 15.678115230249029, "alphas12": 44.502303859129206, "alphas13": 33.33662842160591, "alphas2": 42.162815393487406, "alphas3": 41.72474872363504, "alphas4": 10.817296118541526, "alphas5": 48.38377361586047, "alphas6": 0.26507966535519456, "alphas7": 33.79791203767514, "alphas8": 4.382471622061796, "alphas9": 49.926580631848935}, "datetime": {"datetime": "2018-12-19 15:09:55", "elapsed": 2089.920059, "delta": 35.594736}}
{"target": 0.08725267730451255, "params": {"alphas0": 24.252338768027986, "alphas1": 45.98181907028526, "alphas10": 6.275124384253999, "alphas11": 7.063351323384742, "alphas12": 1.964722819309983, "alphas13": 9.741326390977779, "alphas2": 47.61463354200672, "alphas3": 16.737816430417034, "alphas4": 9.172018318910746, "alphas5": 47.46538219911743, "alphas6": 39.547976984804265, "alphas7": 18.79341722563112, "alphas8": 5.574366170633599, "alphas9": 49.960146782658875}, "datetime": {"datetime": "2018-12-19 15:10:31", "elapsed": 2126.493045, "delta": 36.572986}}
{"target": 0.0858774976735133, "params": {"alphas0": 17.820900366693937, "alphas1": 47.35012131524275, "alphas10": 38.76264523996596, "alphas11": 15.696712328699231, "alphas12": 2.0251717408454164, "alphas13": 42.81685549679547, "alphas2": 43.14230788602117, "alphas3": 2.4657836085210825, "alphas4": 23.935113790642788, "alphas5": 48.38066917340555, "alphas6": 12.161799509249056, "alphas7": 47.57917029271512, "alphas8": 5.341650593230563, "alphas9": 45.391556748773105}, "datetime": {"datetime": "2018-12-19 15:11:08", "elapsed": 2163.502168, "delta": 37.009123}}
{"target": 0.08695796733874846, "params": {"alphas0": 7.945521986155812, "alphas1": 49.40437405812567, "alphas10": 2.8808747868608986, "alphas11": 7.947865884212685, "alphas12": 46.981435639538894, "alphas13": 13.925833790536313, "alphas2": 30.570931661949874, "alphas3": 18.12261017383029, "alphas4": 10.144020568198014, "alphas5": 48.34341487663387, "alphas6": 10.891609727881136, "alphas7": 49.06754673923591, "alphas8": 0.3426929210666674, "alphas9": 49.57125596246888}, "datetime": {"datetime": "2018-12-19 15:11:46", "elapsed": 2201.590092, "delta": 38.087924}}
{"target": 0.0872589891965655, "params": {"alphas0": 29.395917095388285, "alphas1": 49.901408967128084, "alphas10": 1.8507874991031237, "alphas11": 4.2307411498031575, "alphas12": 11.05734303826043, "alphas13": 7.764797671525237, "alphas2": 43.911923272581355, "alphas3": 45.01915365131077, "alphas4": 40.271219377951056, "alphas5": 48.93001350645479, "alphas6": 48.02013629887961, "alphas7": 28.57234853449934, "alphas8": 8.979350880401377, "alphas9": 46.372071206954146}, "datetime": {"datetime": "2018-12-19 15:12:24", "elapsed": 2239.526265, "delta": 37.936173}}
{"target": 0.08807029636846406, "params": {"alphas0": 1.6816234636154836, "alphas1": 49.4313420481483, "alphas10": 8.037292089688346, "alphas11": 2.5255520558470748, "alphas12": 2.935831912667691, "alphas13": 47.22744676504302, "alphas2": 25.36986717200928, "alphas3": 43.303979679369164, "alphas4": 19.185542556690027, "alphas5": 46.619051484577035, "alphas6": 24.318608289195552, "alphas7": 44.63302623228637, "alphas8": 8.973517916465957, "alphas9": 49.63093320311585}, "datetime": {"datetime": "2018-12-19 15:13:01", "elapsed": 2276.064793, "delta": 36.538528}}
