{"target": 0.08265510360422242, "params": {"alphas0": 49.11655369262334, "alphas1": 45.10233015734477, "alphas10": 0.2305079830493051, "alphas11": 5.714328497729321, "alphas12": 5.654113467404015, "alphas13": 26.651867434518362, "alphas2": 34.62055971542944, "alphas3": 0.7585610373981089, "alphas4": 2.9148450244450395, "alphas5": 30.928196844020555, "alphas6": 43.92812838141349, "alphas7": 46.25603567666667, "alphas8": 0.08429841989680553, "alphas9": 45.8399784496999}, "datetime": {"datetime": "2018-12-19 15:13:37", "elapsed": 2311.985163, "delta": 35.92037}}
{"target": 0.0861654752851001, "params": {"alphas0": 4.90983127604177, "alphas1": 49.4023542440151, "alphas10": 35.052516829254046, "alphas11": 5.063977325010121, "alphas12": 36.94957579768749, "alphas13": 48.90592127979965, "alphas2": 44.65769074308834, "alphas3": 48.81116056965455, "alphas4": 47.8605459773401, "alphas5": 43.18067640589015, "alphas6": 5.826858092789244, "alphas7": 21.47854554259481, "alphas8": 2.6757164702074454, "alphas9": 40.346561175672605}, "datetime": {"datetime": "2018-12-19 15:14:13", "elapsed": 2348.556642, "delta": 36.571479}}
{"target": 0.08721805461022333, "params": {"alphas0": 1.9954701163298505, "alphas1": 43.32589300969078, "alphas10": 25.77006931573222, "alphas11": 16.615140225425773, "alphas12": 49.367723315646, "alphas13": 42.5023833640183, "alphas2": 47.74706423491751, "alphas3": 46.05678820499375, "alphas4": 20.099296945571254, "alphas5": 47.704735257225, "alphas6": 44.575639151926104, "alphas7": 45.45547189354034, "alphas8": 13.12030287397154, "alphas9": 48.722079076111065}, "datetime": {"datetime": "2018-12-19 15:14:50", "elapsed": 2384.887718, "delta": 36.331076}}
{"target": 0.08527648968642604, "params": {"alphas0": 1.8408506513575285, "alphas1": 45.796054594429556, "alphas10": 49.551504359321896, "alphas11": 6.737402672376308, "alphas12": 24.83351784292069, "alphas13": 49.695861566963934, "alphas2": 44.20747680951994, "alphas3": 43.96179314147952, "alphas4": 32.12410817009576, "alphas5": 49.93890348873348, "alphas6": 9.547419158139341, "alphas7": 16.394195116195625, "alphas8": 2.917685105209533, "alphas9": 43.65658983751345}, "datetime": {"datetime": "2018-12-19 15:15:29", "elapsed": 2423.765495, "delta": 38.877777}}
{"target": 0.08425652807843648, "params": {"alphas0": 3.3671464215896005, "alphas1": 48.85250711338422, "alphas10": 5.139678412519072, "alphas11": 5.256326007268141, "alphas12": 48.301227659668726, "alphas13": 47.42489021034055, "alphas2": 45.520800538684284, "alphas3": 24.330625048444432, "alphas4": 17.848961201611164, "alphas5": 45.84183678481799, "alphas6": 19.65643336759645, "alphas7": 49.92452233917187, "alphas8": 44.85991399874444, "alphas9": 46.302635993211965}, "datetime": {"datetime": "2018-12-19 15:16:06", "elapsed": 2461.17534, "delta": 37.409845}}
{"target": 0.08803500435163643, "params": {"alphas0": 18.330345958932188, "alphas1": 49.64553583288164, "alphas10": 9.12894073805654, "alphas11": 2.134718342479358, "alphas12": 1.2166453445695835, "alphas13": 41.95075662787975, "alphas2": 23.29781894284514, "alphas3": 46.17287312285649, "alphas4": 11.225260850224311, "alphas5": 48.88008689322436, "alphas6": 13.60567160594221, "alphas7": 21.441177503007886, "alphas8": 7.626020418150059, "alphas9": 47.57900156833833}, "datetime": {"datetime": "2018-12-19 15:16:44", "elapsed": 2499.402491, "delta": 38.227151}}
{"target": 0.08781021728797105, "params": {"alphas0": 8.029639618283873, "alphas1": 46.45987379216859, "alphas10": 0.029275618407270665, "alphas11": 4.506284080170742, "alphas12": 13.45326951098409, "alphas13": 29.274062323714528, "alphas2": 13.993842153006552, "alphas3": 44.39174098148598, "alphas4": 13.236549870078907, "alphas5": 45.17505998112396, "alphas6": 1.8619622974946959, "alphas7": 20.65790782842949, "alphas8": 7.624158228639121, "alphas9": 48.43048516073929}, "datetime": {"datetime": "2018-12-19 15:17:21", "elapsed": 2536.565566, "delta": 37.163075}}
{"target": 0.08812628092736688, "params": {"alphas0": 3.772903070179029, "alphas1": 49.66011068536769, "alphas10": 0.9499189642403982, "alphas11": 21.154665070790905, "alphas12": 26.165693673550848, "alphas13": 49.16048813905745, "alphas2": 3.9365453257033947, "alphas3": 44.95791547838178, "alphas4": 46.421288630099106, "alphas5": 49.085021162251024, "alphas6": 2.2790919892163863, "alphas7": 21.902974150535343, "alphas8": 5.62868051117248, "alphas9": 48.76944123112643}, "datetime": {"datetime": "2018-12-19 15:17:58", "elapsed": 2573.165439, "delta": 36.599873}}
{"target": 0.0865379295863335, "params": {"alphas0": 3.619327834119168, "alphas1": 49.06659880221365, "alphas10": 3.759231574892924, "alphas11": 29.78174768252263, "alphas12": 14.64768865286133, "alphas13": 16.582689050460676, "alphas2": 38.466023899686306, "alphas3": 49.32225560558235, "alphas4": 10.66917327326612, "alphas5": 48.60009193948953, "alphas6": 38.14145152000399, "alphas7": 2.2460831337342446, "alphas8": 20.736090734599482, "alphas9": 46.67854619726235}, "datetime": {"datetime": "2018-12-19 15:18:36", "elapsed": 2611.080319, "delta": 37.91488}}
{"target": 0.08574812337592103, "params": {"alphas0": 0.39327265051600224, "alphas1": 46.95258109417714, "alphas10": 31.501162811571398, "alphas11": 1.2400019533388207, "alphas12": 13.36079042430528, "alphas13": 6.905061308147342, "alphas2": 38.54070188003863, "alphas3": 49.21017095547426, "alphas4": 39.31141947009702, "alphas5": 43.16069020082388, "alphas6": 0.161982818921802, "alphas7": 13.341220548546762, "alphas8": 3.564502724060853, "alphas9": 45.276431115056695}, "datetime": {"datetime": "2018-12-19 15:19:13", "elapsed": 2648.599367, "delta": 37.519048}}
{"target": 0.08792989303740384, "params": {"alphas0": 4.584666928749076, "alphas1": 44.40654432663293, "alphas10": 2.7245391521159625, "alphas11": 1.4307146277993676, "alphas12": 49.54292829588629, "alphas13": 24.40687792403211, "alphas2": 15.597102115598366, "alphas3": 16.3916051012634, "alphas4": 4.502907160529668, "alphas5": 49.342280359808306, "alphas6": 44.370013500403324, "alphas7": 5.053416187530541, "alphas8": 4.237355116099378, "alphas9": 44.77068055783517}, "datetime": {"datetime": "2018-12-19 15:19:49", "elapsed": 2684.64616, "delta": 36.046793}}
{"target": 0.0865887427133115, "params": {"alphas0": 28.60053498140745, "alphas1": 48.345539032729405, "alphas10": 6.0590164109941504, "alphas11": 1.5543274527752171, "alphas12": 33.950554875088805, "alphas13": 30.40740394271049, "alphas2": 49.8015561854493, "alphas3": 41.23297251453938, "alphas4": 24.957897878300685, "alphas5": 48.33058346703984, "alphas6": 49.92868325576168, "alphas7": 2.3817299424327922, "alphas8": 0.564671443682413, "alphas9": 45.99855748276149}, "datetime": {"datetime": "2018-12-19 15:20:28", "elapsed": 2723.54403, "delta": 38.89787}}
{"target": 0.08642207818616422, "params": {"alphas0": 9.718003124147456, "alphas1": 47.861758703116436, "alphas10": 2.352701908799787, "alphas11": 2.6068805317308485, "alphas12": 2.4854740907768127, "alphas13": 9.380088604738345, "alphas2": 38.86086558080857, "alphas3": 47.12966505900235, "alphas4": 3.1204069882117267, "alphas5": 47.474260429980944, "alphas6": 34.295356223758155, "alphas7": 41.62335685338914, "alphas8": 20.640759355966022, "alphas9": 49.809852860258665}, "datetime": {"datetime": "2018-12-19 15:21:06", "elapsed": 2761.708208, "delta": 38.164178}}
{"target": 0.08729140642191462, "params": {"alphas0": 3.08740876867632, "alphas1": 49.60740292415778, "alphas10": 13.160388903698994, "alphas11": 9.828677378188072, "alphas12": 26.19989465091309, "alphas13": 38.52705742553151, "alphas2": 45.62027760062573, "alphas3": 49.610275265457545, "alphas4": 6.534751087859342, "alphas5": 48.24481630553891, "alphas6": 19.806220040063526, "alphas7": 5.372438374055677, "alphas8": 0.808810015448147, "alphas9": 45.456506451632045}, "datetime": {"datetime": "2018-12-19 15:21:44", "elapsed": 2799.151465, "delta": 37.443257}}
{"target": 0.08724609598718758, "params": {"alphas0": 1.7790453849169663, "alphas1": 48.379683900049955, "alphas10": 3.0965658044290523, "alphas11": 1.357995207602164, "alphas12": 17.80071472296766, "alphas13": 44.448998960494244, "alphas2": 1.6339414164667887, "alphas3": 47.15961974319109, "alphas4": 29.222793912970047, "alphas5": 47.10945179793879, "alphas6": 33.46707056765451, "alphas7": 12.05972553542754, "alphas8": 14.63204713081933, "alphas9": 41.29889170708365}, "datetime": {"datetime": "2018-12-19 15:22:22", "elapsed": 2837.140873, "delta": 37.989408}}
{"target": 0.08513803243173897, "params": {"alphas0": 3.65048888686208, "alphas1": 48.321198440017014, "alphas10": 27.067243963177145, "alphas11": 16.566700611781883, "alphas12": 17.94705849106152, "alphas13": 22.426182421947548, "alphas2": 3.304524164589301, "alphas3": 37.300212541636576, "alphas4": 4.133850088214174, "alphas5": 49.916911486535405, "alphas6": 10.436603826250495, "alphas7": 0.32687729172121704, "alphas8": 1.2954243038005464, "alphas9": 46.4255832460645}, "datetime": {"datetime": "2018-12-19 15:23:00", "elapsed": 2874.914506, "delta": 37.773633}}
{"target": 0.0872495488610225, "params": {"alphas0": 4.30631944777784, "alphas1": 28.380991661102684, "alphas10": 0.7090210364994687, "alphas11": 4.110538497784855, "alphas12": 43.44361645998562, "alphas13": 47.687837541078196, "alphas2": 8.093394798201064, "alphas3": 49.248450333873954, "alphas4": 6.344662329062967, "alphas5": 47.35445682329113, "alphas6": 46.249694483734004, "alphas7": 0.6239471068547942, "alphas8": 8.519353198631796, "alphas9": 47.25875737272461}, "datetime": {"datetime": "2018-12-19 15:23:38", "elapsed": 2913.480801, "delta": 38.566295}}
{"target": 0.0872653413286935, "params": {"alphas0": 11.072193684013659, "alphas1": 37.769535053494984, "alphas10": 23.48240150114328, "alphas11": 0.5383537130178084, "alphas12": 28.81523131192315, "alphas13": 48.89071125466889, "alphas2": 46.72392886348687, "alphas3": 46.36180835078747, "alphas4": 1.2039330955762428, "alphas5": 48.33994832821242, "alphas6": 48.47653028404937, "alphas7": 0.4677788527897131, "alphas8": 3.890131829431348, "alphas9": 48.57114622203514}, "datetime": {"datetime": "2018-12-19 15:24:15", "elapsed": 2950.640078, "delta": 37.159277}}
{"target": 0.08790822965472213, "params": {"alphas0": 22.05994597089021, "alphas1": 45.976660337744136, "alphas10": 0.46912623049469304, "alphas11": 19.43104564929371, "alphas12": 20.719866868362825, "alphas13": 46.86453205089832, "alphas2": 47.75857166671803, "alphas3": 43.95961463555189, "alphas4": 3.705741982422328, "alphas5": 48.16510433578531, "alphas6": 32.382388487347306, "alphas7": 47.02758944479711, "alphas8": 2.686810187205607, "alphas9": 39.081134312588595}, "datetime": {"datetime": "2018-12-19 15:24:54", "elapsed": 2989.589405, "delta": 38.949327}}
{"target": 0.08769092871231046, "params": {"alphas0": 21.214752951405853, "alphas1": 45.63781413058583, "alphas10": 12.919083505479707, "alphas11": 5.950358007031692, "alphas12": 32.038986818257726, "alphas13": 48.21768519582392, "alphas2": 29.89505737978137, "alphas3": 44.77684047076427, "alphas4": 47.901709137857495, "alphas5": 45.537523570046304, "alphas6": 46.674989100877056, "alphas7": 39.11590154711599, "alphas8": 1.97862368362412, "alphas9": 49.490015270434895}, "datetime": {"datetime": "2018-12-19 15:25:32", "elapsed": 3026.887049, "delta": 37.297644}}
{"target": 0.08833632526772953, "params": {"alphas0": 1.979126747219262, "alphas1": 44.63285546809365, "alphas10": 3.6747939446245494, "alphas11": 34.98011250343025, "alphas12": 47.83802686345139, "alphas13": 31.270993691002495, "alphas2": 46.50783708614586, "alphas3": 29.164148345196715, "alphas4": 10.012590025564737, "alphas5": 49.25800006725163, "alphas6": 2.8525636092631923, "alphas7": 19.784747802278225, "alphas8": 6.345537440105087, "alphas9": 48.51290491914788}, "datetime": {"datetime": "2018-12-19 15:27:03", "elapsed": 3118.5171, "delta": 91.630051}}
{"target": 0.08775573586181383, "params": {"alphas0": 0.8840320125185541, "alphas1": 49.72072833039909, "alphas10": 7.3901289520106275, "alphas11": 1.254434545303429, "alphas12": 14.23996768414354, "alphas13": 46.936799387888506, "alphas2": 8.339950474248099, "alphas3": 45.45551390225525, "alphas4": 26.79277450720063, "alphas5": 47.45132024094628, "alphas6": 46.47998037451589, "alphas7": 19.581042208571382, "alphas8": 0.6636272508152907, "alphas9": 48.137255156737915}, "datetime": {"datetime": "2018-12-19 15:28:28", "elapsed": 3203.572292, "delta": 85.055192}}
{"target": 0.08770771977440923, "params": {"alphas0": 32.09836130912835, "alphas1": 49.318012470560596, "alphas10": 1.6596595852524765, "alphas11": 4.168344977457722, "alphas12": 11.72073448793478, "alphas13": 40.76814410511915, "alphas2": 12.994817213357518, "alphas3": 43.845968802802076, "alphas4": 22.84303413145885, "alphas5": 49.96286449231012, "alphas6": 30.76646832183953, "alphas7": 45.004472417892806, "alphas8": 7.69413996064146, "alphas9": 48.28985393143635}, "datetime": {"datetime": "2018-12-19 15:29:48", "elapsed": 3282.778627, "delta": 79.206335}}
{"target": 0.08564385017965491, "params": {"alphas0": 3.715633389137013, "alphas1": 34.423340066807306, "alphas10": 0.11456316104337949, "alphas11": 7.3103675567274315, "alphas12": 34.23281360146234, "alphas13": 47.176300803506365, "alphas2": 46.30250934252365, "alphas3": 48.92266670402998, "alphas4": 4.16630225400082, "alphas5": 46.31425686053833, "alphas6": 0.146210359314064, "alphas7": 45.22558577829188, "alphas8": 23.328433511867164, "alphas9": 48.26428867402524}, "datetime": {"datetime": "2018-12-19 15:31:00", "elapsed": 3355.411669, "delta": 72.633042}}
{"target": 0.08600595920406869, "params": {"alphas0": 41.69754662788117, "alphas1": 49.67249137767056, "alphas10": 6.9971829548116595, "alphas11": 5.531037681786927, "alphas12": 38.6064154130575, "alphas13": 13.264974725612783, "alphas2": 47.99027090186988, "alphas3": 49.52557475514983, "alphas4": 17.587119908426725, "alphas5": 47.93810633405134, "alphas6": 15.521105896443721, "alphas7": 45.02650332176552, "alphas8": 2.8752778758966313, "alphas9": 48.70478381817574}, "datetime": {"datetime": "2018-12-19 15:32:14", "elapsed": 3429.525988, "delta": 74.114319}}
{"target": 0.08785964826464204, "params": {"alphas0": 16.828048080133595, "alphas1": 49.67486366744778, "alphas10": 0.3338229757615496, "alphas11": 9.060206906926421, "alphas12": 48.35493907318987, "alphas13": 43.7144659902598, "alphas2": 3.678534572428971, "alphas3": 39.73624516275148, "alphas4": 4.764928557066023, "alphas5": 49.230409332075034, "alphas6": 22.186585849270795, "alphas7": 10.19008919339045, "alphas8": 10.454891533238714, "alphas9": 31.903208494562097}, "datetime": {"datetime": "2018-12-19 15:33:28", "elapsed": 3503.235578, "delta": 73.70959}}
{"target": 0.08752247252941878, "params": {"alphas0": 9.869062115090765, "alphas1": 49.62117610286639, "alphas10": 0.6288242784142917, "alphas11": 32.75894780657465, "alphas12": 0.1320156272717421, "alphas13": 32.519269715796575, "alphas2": 23.406948778991733, "alphas3": 37.74327119826948, "alphas4": 2.17318522483228, "alphas5": 48.10009167507025, "alphas6": 18.075331923561254, "alphas7": 5.141658496234003, "alphas8": 2.0069369077824915, "alphas9": 48.86240618497175}, "datetime": {"datetime": "2018-12-19 15:34:42", "elapsed": 3576.834216, "delta": 73.598638}}
{"target": 0.08828366856716119, "params": {"alphas0": 15.535723593166912, "alphas1": 49.77083612177623, "alphas10": 1.237917814508993, "alphas11": 4.234584767559357, "alphas12": 46.497085385580164, "alphas13": 48.73901079693777, "alphas2": 25.363142146576855, "alphas3": 43.73061163831039, "alphas4": 43.25292345474626, "alphas5": 41.39997862744249, "alphas6": 4.140029714339627, "alphas7": 35.608560171292744, "alphas8": 5.28488724703301, "alphas9": 47.40972411000454}, "datetime": {"datetime": "2018-12-19 15:35:54", "elapsed": 3649.196144, "delta": 72.361928}}
{"target": 0.08802849932220337, "params": {"alphas0": 2.6092626986810306, "alphas1": 49.56059444854555, "alphas10": 0.9715897564886333, "alphas11": 19.19137762182064, "alphas12": 38.38368176101229, "alphas13": 23.17729877148418, "alphas2": 49.324113742046684, "alphas3": 38.43330275505228, "alphas4": 0.3277427239975095, "alphas5": 47.81867327336461, "alphas6": 23.735158112355325, "alphas7": 16.790211597885786, "alphas8": 9.02859174334365, "alphas9": 47.2039230014897}, "datetime": {"datetime": "2018-12-19 15:37:06", "elapsed": 3721.212964, "delta": 72.01682}}
{"target": 0.08775044748363096, "params": {"alphas0": 9.40155182494199, "alphas1": 47.84058704381727, "alphas10": 2.3705747042335967, "alphas11": 23.14002536142215, "alphas12": 6.478716864934797, "alphas13": 49.662126150854945, "alphas2": 2.0595417804979532, "alphas3": 27.720192968141234, "alphas4": 29.009234549859634, "alphas5": 44.224676330063076, "alphas6": 2.4140142857446643, "alphas7": 22.073483013624273, "alphas8": 0.9799692399689308, "alphas9": 49.170035009129315}, "datetime": {"datetime": "2018-12-19 15:38:26", "elapsed": 3801.375259, "delta": 80.162295}}
{"target": 0.08783232706672878, "params": {"alphas0": 0.9142178685861369, "alphas1": 41.80747710624333, "alphas10": 0.24229977641874734, "alphas11": 7.272105242644145, "alphas12": 49.37944176455205, "alphas13": 49.23224433378535, "alphas2": 49.021944156955435, "alphas3": 30.91046145073172, "alphas4": 45.26023829343928, "alphas5": 47.36106574633829, "alphas6": 40.347522054689925, "alphas7": 46.40880821110779, "alphas8": 4.157438726022223, "alphas9": 47.34397229081148}, "datetime": {"datetime": "2018-12-19 15:39:36", "elapsed": 3871.454834, "delta": 70.079575}}
{"target": 0.08792035970423936, "params": {"alphas0": 13.546714207578242, "alphas1": 49.90837800338166, "alphas10": 1.6391466724782422, "alphas11": 0.6456016709831813, "alphas12": 27.448966860718876, "alphas13": 42.11503593431631, "alphas2": 47.3242469392329, "alphas3": 31.324264509590993, "alphas4": 21.11090325292531, "alphas5": 40.451153075094744, "alphas6": 28.67055550842132, "alphas7": 0.9698150683346562, "alphas8": 2.4130294963913723, "alphas9": 49.964102811450175}, "datetime": {"datetime": "2018-12-19 15:40:49", "elapsed": 3943.995531, "delta": 72.540697}}
{"target": 0.08695528522265897, "params": {"alphas0": 8.030263954361244, "alphas1": 48.41551285641183, "alphas10": 4.794777868767874, "alphas11": 1.8734009882626301, "alphas12": 47.5503418900065, "alphas13": 17.25005726304713, "alphas2": 34.10781735081526, "alphas3": 24.68919028319733, "alphas4": 1.7915575746372259, "alphas5": 46.25464889331725, "alphas6": 39.00857666881641, "alphas7": 2.954645430571884, "alphas8": 0.5733337644830194, "alphas9": 46.66819660946923}, "datetime": {"datetime": "2018-12-19 15:42:04", "elapsed": 4018.987177, "delta": 74.991646}}
{"target": 0.08630777237512775, "params": {"alphas0": 37.511432313455636, "alphas1": 45.075186861637626, "alphas10": 1.829080684101364, "alphas11": 6.904669625670406, "alphas12": 25.677446253297898, "alphas13": 48.724001371211706, "alphas2": 13.378588165245564, "alphas3": 45.300320864998014, "alphas4": 45.97072239504125, "alphas5": 45.667708513243575, "alphas6": 49.890067736639175, "alphas7": 4.61942986713022, "alphas8": 1.191527523441055, "alphas9": 31.67475159181147}, "datetime": {"datetime": "2018-12-19 15:43:15", "elapsed": 4089.869628, "delta": 70.882451}}
{"target": 0.08730269436722901, "params": {"alphas0": 15.084752447412264, "alphas1": 47.60662958341443, "alphas10": 8.147749059681797, "alphas11": 1.7271355169829916, "alphas12": 47.679902631105456, "alphas13": 37.706955609531015, "alphas2": 43.59414820933771, "alphas3": 16.749384114452237, "alphas4": 25.762945908271888, "alphas5": 46.486125997092074, "alphas6": 9.04125515859357, "alphas7": 0.46515838424648903, "alphas8": 2.535836747900672, "alphas9": 43.27208799430892}, "datetime": {"datetime": "2018-12-19 15:44:22", "elapsed": 4157.161655, "delta": 67.292027}}
{"target": 0.08793681950913446, "params": {"alphas0": 2.9941915684153164, "alphas1": 49.422525419752006, "alphas10": 0.4452143490020044, "alphas11": 0.8210655594169503, "alphas12": 42.69228831440357, "alphas13": 49.056836995503964, "alphas2": 4.390429686016367, "alphas3": 41.69794514941134, "alphas4": 37.46498742057576, "alphas5": 49.16410332178492, "alphas6": 0.9336494975955345, "alphas7": 9.529063212127209, "alphas8": 1.075648220819475, "alphas9": 39.912433626921555}, "datetime": {"datetime": "2018-12-19 15:45:43", "elapsed": 4238.176337, "delta": 81.014682}}
{"target": 0.08659808433252793, "params": {"alphas0": 2.153728101633451, "alphas1": 49.997473136843425, "alphas10": 18.281060398475418, "alphas11": 2.9869962294842676, "alphas12": 43.39463417081462, "alphas13": 29.260409834227037, "alphas2": 3.8446922180139897, "alphas3": 3.8123255742468776, "alphas4": 32.65930800484607, "alphas5": 47.14782381756735, "alphas6": 26.791884358471428, "alphas7": 0.06330015997172977, "alphas8": 2.9474531545938873, "alphas9": 46.16331910425083}, "datetime": {"datetime": "2018-12-19 15:46:58", "elapsed": 4313.36694, "delta": 75.190603}}
{"target": 0.0875259742494796, "params": {"alphas0": 3.3864636719310335, "alphas1": 47.737232669815235, "alphas10": 10.74624880055119, "alphas11": 8.637997937602554, "alphas12": 18.526808766012355, "alphas13": 38.912455085788835, "alphas2": 0.430652380307911, "alphas3": 47.661358119824285, "alphas4": 46.24271373138028, "alphas5": 47.97118851117179, "alphas6": 19.878956507741936, "alphas7": 22.645434265411073, "alphas8": 1.4343869866896175, "alphas9": 42.57364078377228}, "datetime": {"datetime": "2018-12-19 15:48:16", "elapsed": 4391.680197, "delta": 78.313257}}
