{"target": 0.08729413903553712, "params": {"alphas0": 12.290591456591116, "alphas1": 49.940029553687175, "alphas10": 4.146805892420452, "alphas11": 41.959686838532456, "alphas12": 41.261375726918345, "alphas13": 44.986490060803426, "alphas2": 42.512136113191815, "alphas3": 42.35987921026296, "alphas4": 11.69713451619553, "alphas5": 48.64775405729405, "alphas6": 26.292316260522057, "alphas7": 0.7073153870523929, "alphas8": 1.2223505362816522, "alphas9": 22.653775750951205}, "datetime": {"datetime": "2018-12-19 17:29:28", "elapsed": 10463.600265, "delta": 78.47302}}
{"target": 0.08829957742857308, "params": {"alphas0": 0.5082412206479314, "alphas1": 49.99750992156515, "alphas10": 8.208581050252011, "alphas11": 33.033740122637504, "alphas12": 45.00666078725282, "alphas13": 46.64634419115789, "alphas2": 49.580911528956406, "alphas3": 14.250118592016564, "alphas4": 4.0236228272647, "alphas5": 46.56567937297733, "alphas6": 29.697374785061488, "alphas7": 46.75814965243318, "alphas8": 2.992504083176489, "alphas9": 44.62977706031405}, "datetime": {"datetime": "2018-12-19 17:30:53", "elapsed": 10548.677784, "delta": 85.077519}}
{"target": 0.0882973347100149, "params": {"alphas0": 5.401376703549721, "alphas1": 49.470322940667785, "alphas10": 2.253353372140082, "alphas11": 48.204156724098375, "alphas12": 8.879132147058572, "alphas13": 46.433944010377374, "alphas2": 7.915368752778945, "alphas3": 45.02998476669396, "alphas4": 29.557092506407614, "alphas5": 46.31748925495844, "alphas6": 12.867442209253422, "alphas7": 46.64223656549543, "alphas8": 6.998698459917691, "alphas9": 36.234485844772856}, "datetime": {"datetime": "2018-12-19 17:32:17", "elapsed": 10632.122701, "delta": 83.444917}}
{"target": 0.08770725925325813, "params": {"alphas0": 6.3873668486424675, "alphas1": 42.38386805203645, "alphas10": 0.8270790418243912, "alphas11": 20.52274511072812, "alphas12": 1.4411077466724709, "alphas13": 35.71187683932038, "alphas2": 44.23920587218958, "alphas3": 29.53252022279848, "alphas4": 7.831260821096348, "alphas5": 46.901375779538256, "alphas6": 1.4365328482806305, "alphas7": 43.40386436135922, "alphas8": 0.24716801115778342, "alphas9": 40.51602172454526}, "datetime": {"datetime": "2018-12-19 17:33:38", "elapsed": 10713.337175, "delta": 81.214474}}
{"target": 0.0876565867371112, "params": {"alphas0": 5.511426875771036, "alphas1": 48.970166673335505, "alphas10": 9.373834508814344, "alphas11": 47.77577453830265, "alphas12": 7.75666575085091, "alphas13": 47.293329280641785, "alphas2": 32.45744943016572, "alphas3": 45.359951591888695, "alphas4": 10.075055295481484, "alphas5": 49.76826606638137, "alphas6": 25.1092746438474, "alphas7": 48.0130656352465, "alphas8": 13.090952970611552, "alphas9": 13.710843801011114}, "datetime": {"datetime": "2018-12-19 17:34:59", "elapsed": 10794.133544, "delta": 80.796369}}
{"target": 0.0879374739730295, "params": {"alphas0": 5.094638889387809, "alphas1": 48.542758488075265, "alphas10": 3.1617144789166662, "alphas11": 23.64190023388516, "alphas12": 19.708761850462846, "alphas13": 44.66120418087905, "alphas2": 24.29991092970814, "alphas3": 49.180099225600685, "alphas4": 11.693713055695392, "alphas5": 47.921579354181866, "alphas6": 28.634236433130194, "alphas7": 33.81244591605325, "alphas8": 12.043715733449472, "alphas9": 49.518588194636834}, "datetime": {"datetime": "2018-12-19 17:36:20", "elapsed": 10875.250621, "delta": 81.117077}}
{"target": 0.0869870986751835, "params": {"alphas0": 4.036955647305229, "alphas1": 49.65892795394009, "alphas10": 7.361179355112279, "alphas11": 30.274516607667717, "alphas12": 40.14619810009072, "alphas13": 48.174438112226206, "alphas2": 5.968401969499992, "alphas3": 45.200733894449534, "alphas4": 22.149054644934935, "alphas5": 49.656346201996335, "alphas6": 17.329753663775456, "alphas7": 42.51199458470341, "alphas8": 0.4356984285740384, "alphas9": 6.14464316017615}, "datetime": {"datetime": "2018-12-19 17:37:41", "elapsed": 10956.688501, "delta": 81.43788}}
{"target": 0.08758920764398304, "params": {"alphas0": 5.667315121322497, "alphas1": 49.07880939039587, "alphas10": 0.08859810313400773, "alphas11": 36.66457413635154, "alphas12": 8.358490352113506, "alphas13": 46.1295884755297, "alphas2": 18.08722327061031, "alphas3": 45.826173609131345, "alphas4": 13.170893132983148, "alphas5": 37.06573185876813, "alphas6": 5.569116354670067, "alphas7": 41.64132207215416, "alphas8": 4.326663442026729, "alphas9": 4.1227090893480645}, "datetime": {"datetime": "2018-12-19 17:39:06", "elapsed": 11041.583972, "delta": 84.895471}}
{"target": 0.0882435607675096, "params": {"alphas0": 10.140832623255685, "alphas1": 42.82726197476131, "alphas10": 2.829442174985941, "alphas11": 6.04389855320826, "alphas12": 29.503467302672693, "alphas13": 48.41491282086052, "alphas2": 0.09337973046892878, "alphas3": 21.122459082705603, "alphas4": 10.373521884919763, "alphas5": 49.63447127372661, "alphas6": 26.81252139942329, "alphas7": 49.82078895500186, "alphas8": 5.4079393723303335, "alphas9": 26.064496488361417}, "datetime": {"datetime": "2018-12-19 17:40:28", "elapsed": 11122.745228, "delta": 81.161256}}
{"target": 0.086741454229035, "params": {"alphas0": 0.8113025176952893, "alphas1": 30.618805926317638, "alphas10": 0.6399018217858155, "alphas11": 37.60445850694934, "alphas12": 1.7594740817925392, "alphas13": 42.502110474379826, "alphas2": 27.682450351700265, "alphas3": 41.25243302233571, "alphas4": 0.6291190023904158, "alphas5": 42.15777221239036, "alphas6": 39.110098656079, "alphas7": 46.56472785558653, "alphas8": 11.88818165072571, "alphas9": 42.82353575498093}, "datetime": {"datetime": "2018-12-19 17:41:46", "elapsed": 11201.254263, "delta": 78.509035}}
{"target": 0.08769764391349645, "params": {"alphas0": 3.1355693370441697, "alphas1": 47.84019362897555, "alphas10": 5.1858300012299905, "alphas11": 42.52189773967914, "alphas12": 0.11851316726628203, "alphas13": 34.05849398336283, "alphas2": 19.130069127774558, "alphas3": 39.62041436522132, "alphas4": 15.952746726672284, "alphas5": 49.17911369076424, "alphas6": 2.0847449015481576, "alphas7": 6.967863147947551, "alphas8": 1.6704396481431405, "alphas9": 49.31210260099624}, "datetime": {"datetime": "2018-12-19 17:43:03", "elapsed": 11277.804331, "delta": 76.550068}}
{"target": 0.0878137110355589, "params": {"alphas0": 2.5463489526402263, "alphas1": 32.957832803766955, "alphas10": 0.4347688883558465, "alphas11": 4.300996292639475, "alphas12": 6.784380862239009, "alphas13": 40.2606607678618, "alphas2": 15.897668059078828, "alphas3": 45.623114417725766, "alphas4": 1.268575324266702, "alphas5": 43.752708396351835, "alphas6": 48.10247708797637, "alphas7": 20.845636135333873, "alphas8": 2.414843340511802, "alphas9": 1.6756355624585884}, "datetime": {"datetime": "2018-12-19 17:44:30", "elapsed": 11364.903942, "delta": 87.099611}}
{"target": 0.0880877329418131, "params": {"alphas0": 3.3516221034866565, "alphas1": 48.22173048396275, "alphas10": 3.375793167942731, "alphas11": 48.685812349214594, "alphas12": 24.06931929130266, "alphas13": 36.692784809474766, "alphas2": 23.658668183309306, "alphas3": 49.993258432871805, "alphas4": 3.3564180384175746, "alphas5": 42.88368722691613, "alphas6": 39.114666702857654, "alphas7": 42.0093873933077, "alphas8": 4.173476820345579, "alphas9": 38.857810272527665}, "datetime": {"datetime": "2018-12-19 17:45:51", "elapsed": 11446.169003, "delta": 81.265061}}
{"target": 0.08810492280862925, "params": {"alphas0": 1.5461222728944402, "alphas1": 43.207713719578464, "alphas10": 2.2030285813924633, "alphas11": 10.807800283292684, "alphas12": 28.576383139203816, "alphas13": 40.157439329519775, "alphas2": 16.514266995392358, "alphas3": 41.92371716262643, "alphas4": 0.9243649050250435, "alphas5": 49.59846703237677, "alphas6": 38.876346201978905, "alphas7": 47.47631422277533, "alphas8": 5.690684385512551, "alphas9": 23.941266421322897}, "datetime": {"datetime": "2018-12-19 17:47:08", "elapsed": 11523.511929, "delta": 77.342926}}
{"target": 0.08687520820829185, "params": {"alphas0": 1.9523200519631412, "alphas1": 49.06277291719021, "alphas10": 4.291707565204855, "alphas11": 36.891144496220456, "alphas12": 33.484070918295316, "alphas13": 46.16480284564107, "alphas2": 44.83301935417402, "alphas3": 8.847070682762832, "alphas4": 3.106300804099776, "alphas5": 49.91081400923721, "alphas6": 42.43620723961494, "alphas7": 49.523736810751856, "alphas8": 21.29192456662529, "alphas9": 16.869805136054065}, "datetime": {"datetime": "2018-12-19 17:48:30", "elapsed": 11605.420045, "delta": 81.908116}}
{"target": 0.08713755765815329, "params": {"alphas0": 11.706587851411015, "alphas1": 48.530550288610456, "alphas10": 1.6750529797024571, "alphas11": 8.825186437179344, "alphas12": 33.16607924571869, "alphas13": 48.52376517359813, "alphas2": 31.421681954997805, "alphas3": 21.16030139219095, "alphas4": 6.844949515955989, "alphas5": 49.5544437394497, "alphas6": 7.969627167756843, "alphas7": 42.38392761283474, "alphas8": 1.1880522430367801, "alphas9": 21.01520386875011}, "datetime": {"datetime": "2018-12-19 17:49:52", "elapsed": 11687.545226, "delta": 82.125181}}
{"target": 0.08853259982932761, "params": {"alphas0": 18.806765105574097, "alphas1": 47.7552052503727, "alphas10": 1.9142425700213461, "alphas11": 46.16065218659672, "alphas12": 14.293849269960518, "alphas13": 49.53160292584033, "alphas2": 41.69049802456205, "alphas3": 31.789975804416372, "alphas4": 0.7099591955993412, "alphas5": 46.417329669915105, "alphas6": 25.135277650304662, "alphas7": 32.044921698739195, "alphas8": 7.672308080762735, "alphas9": 47.88520587210009}, "datetime": {"datetime": "2018-12-19 17:51:19", "elapsed": 11774.071085, "delta": 86.525859}}
{"target": 0.08789288931431719, "params": {"alphas0": 0.3401197949899959, "alphas1": 49.29601268727104, "alphas10": 2.7540999892030515, "alphas11": 48.09837390372963, "alphas12": 5.947154300837965, "alphas13": 30.51808225517923, "alphas2": 9.62014723980012, "alphas3": 47.17523293370543, "alphas4": 36.78827815818691, "alphas5": 47.74857086825022, "alphas6": 22.803221249426052, "alphas7": 29.318460934728975, "alphas8": 1.6603100545525606, "alphas9": 43.58096440767777}, "datetime": {"datetime": "2018-12-19 17:52:42", "elapsed": 11856.860912, "delta": 82.789827}}
{"target": 0.08838130002824, "params": {"alphas0": 0.019381776332022538, "alphas1": 49.73597418025437, "alphas10": 0.2718677465512187, "alphas11": 47.979873481703464, "alphas12": 11.570153918277454, "alphas13": 42.78221279325804, "alphas2": 24.833583922703294, "alphas3": 46.28612850804951, "alphas4": 7.961765907050933, "alphas5": 32.3899005142614, "alphas6": 16.293815793624123, "alphas7": 0.02248950478402345, "alphas8": 7.438634851651127, "alphas9": 38.78260158128852}, "datetime": {"datetime": "2018-12-19 17:54:05", "elapsed": 11939.813914, "delta": 82.953002}}
{"target": 0.08775824914813761, "params": {"alphas0": 5.855226535555075, "alphas1": 48.04944085800064, "alphas10": 6.567822980681032, "alphas11": 21.070652133960404, "alphas12": 9.351828219103586, "alphas13": 43.9073715665579, "alphas2": 6.222349388483467, "alphas3": 42.65407993020624, "alphas4": 5.425340271537005, "alphas5": 48.71341013902659, "alphas6": 36.49347900229336, "alphas7": 32.869100976502686, "alphas8": 0.6340478286196882, "alphas9": 46.78346564115591}, "datetime": {"datetime": "2018-12-19 17:55:21", "elapsed": 12016.701969, "delta": 76.888055}}
{"target": 0.08802125934560141, "params": {"alphas0": 1.9422423970596847, "alphas1": 49.893598187263386, "alphas10": 1.4677310719620862, "alphas11": 23.47230694176195, "alphas12": 15.872637009678147, "alphas13": 46.911953067339404, "alphas2": 23.180753108483508, "alphas3": 11.369288628684076, "alphas4": 1.3818818706525848, "alphas5": 48.75014271790313, "alphas6": 7.893466360374451, "alphas7": 10.00989268353364, "alphas8": 10.049348877573161, "alphas9": 8.523088993843137}, "datetime": {"datetime": "2018-12-19 17:56:41", "elapsed": 12096.292361, "delta": 79.590392}}
{"target": 0.08747252265835857, "params": {"alphas0": 4.523342082751547, "alphas1": 45.3508749803294, "alphas10": 1.0384577112688642, "alphas11": 7.312879395600364, "alphas12": 25.12580588833436, "alphas13": 49.647779422754176, "alphas2": 7.453973092396005, "alphas3": 49.7630468045346, "alphas4": 0.7620138790977726, "alphas5": 45.169090227748924, "alphas6": 47.83084387676785, "alphas7": 9.468181644496699, "alphas8": 13.66818823959462, "alphas9": 20.606303061971776}, "datetime": {"datetime": "2018-12-19 17:58:00", "elapsed": 12175.440191, "delta": 79.14783}}
{"target": 0.08827389140554533, "params": {"alphas0": 2.31709172214255, "alphas1": 47.22280166858757, "alphas10": 3.1719044873707802, "alphas11": 47.6207887281516, "alphas12": 8.48220149740832, "alphas13": 45.67357002156947, "alphas2": 43.84638840763358, "alphas3": 11.514491078696443, "alphas4": 32.0201439422845, "alphas5": 44.35275466282515, "alphas6": 30.97721689447755, "alphas7": 29.411012531123408, "alphas8": 10.011365427921698, "alphas9": 49.439650891203065}, "datetime": {"datetime": "2018-12-19 17:59:22", "elapsed": 12257.167073, "delta": 81.726882}}
{"target": 0.08729529049917512, "params": {"alphas0": 5.070225541387235, "alphas1": 47.08283003844801, "alphas10": 0.9053844572156577, "alphas11": 45.44830569711482, "alphas12": 46.52589631844123, "alphas13": 38.63997082781931, "alphas2": 48.64803102322086, "alphas3": 47.52596262531152, "alphas4": 2.882546745615083, "alphas5": 47.080855941207254, "alphas6": 33.952898228360326, "alphas7": 14.97165403495368, "alphas8": 2.0323215784374185, "alphas9": 1.1192283528256408}, "datetime": {"datetime": "2018-12-19 18:00:48", "elapsed": 12342.914826, "delta": 85.747753}}
{"target": 0.08827118382686223, "params": {"alphas0": 2.96031113024241, "alphas1": 44.4110229030546, "alphas10": 1.424691918859089, "alphas11": 44.58988005682213, "alphas12": 1.779682702922586, "alphas13": 43.28369377549868, "alphas2": 6.17995815816017, "alphas3": 30.530271813580118, "alphas4": 7.019979843566437, "alphas5": 42.491828042465954, "alphas6": 27.1424648200138, "alphas7": 46.84487899919845, "alphas8": 4.048995901026125, "alphas9": 40.44975402982266}, "datetime": {"datetime": "2018-12-19 18:02:16", "elapsed": 12431.165687, "delta": 88.250861}}
{"target": 0.08753450464300082, "params": {"alphas0": 10.293182103172072, "alphas1": 49.722544119902864, "alphas10": 6.37101556408714, "alphas11": 49.95838008878431, "alphas12": 11.616995790579843, "alphas13": 44.293613712842486, "alphas2": 3.6099413445640662, "alphas3": 45.35547571781811, "alphas4": 2.201565192416405, "alphas5": 47.37114675759629, "alphas6": 10.709494856478807, "alphas7": 30.325386006974203, "alphas8": 1.3556290541424432, "alphas9": 41.24140521480045}, "datetime": {"datetime": "2018-12-19 18:03:43", "elapsed": 12518.102765, "delta": 86.937078}}
{"target": 0.0876666250768292, "params": {"alphas0": 4.6243873952924455, "alphas1": 49.183950227181924, "alphas10": 7.518861812458394, "alphas11": 31.924742131397267, "alphas12": 47.958591308244216, "alphas13": 46.445036361010715, "alphas2": 45.32824010472212, "alphas3": 19.76072378211097, "alphas4": 23.498567215466444, "alphas5": 49.603839250251305, "alphas6": 45.56110144552363, "alphas7": 40.63757024178255, "alphas8": 0.43805188953944807, "alphas9": 26.327623567527596}, "datetime": {"datetime": "2018-12-19 18:05:13", "elapsed": 12608.374766, "delta": 90.272001}}
{"target": 0.08838663074731096, "params": {"alphas0": 13.3408789165535, "alphas1": 43.15427048206895, "alphas10": 0.25752261280674316, "alphas11": 16.23587713332097, "alphas12": 7.843976801876029, "alphas13": 48.653799112790885, "alphas2": 48.55708916700652, "alphas3": 2.450232792911755, "alphas4": 33.9445536915702, "alphas5": 49.53195426255938, "alphas6": 5.170906048297658, "alphas7": 41.633138888997216, "alphas8": 3.332505855997975, "alphas9": 45.1022385274434}, "datetime": {"datetime": "2018-12-19 18:06:41", "elapsed": 12696.298437, "delta": 87.923671}}
{"target": 0.08804841502884923, "params": {"alphas0": 8.36321097142979, "alphas1": 49.28520114419306, "alphas10": 1.5930137832052382, "alphas11": 9.278678488987024, "alphas12": 44.086252818164006, "alphas13": 48.0504834651726, "alphas2": 29.001077120284176, "alphas3": 49.80886869079957, "alphas4": 47.25313146319473, "alphas5": 47.36862331812892, "alphas6": 39.87967365643217, "alphas7": 44.347825414750005, "alphas8": 2.317703426169043, "alphas9": 39.89827428585745}, "datetime": {"datetime": "2018-12-19 18:08:06", "elapsed": 12781.281476, "delta": 84.983039}}
{"target": 0.08877209129910352, "params": {"alphas0": 1.5994533724377369, "alphas1": 42.34222364524557, "alphas10": 3.493602661066081, "alphas11": 49.54378798750116, "alphas12": 5.392847506230186, "alphas13": 48.12145701005519, "alphas2": 32.09221438033149, "alphas3": 40.49133875020246, "alphas4": 4.42687728005684, "alphas5": 48.944573240863456, "alphas6": 18.76657970733987, "alphas7": 29.878615994131152, "alphas8": 3.272232448264872, "alphas9": 26.11480634300678}, "datetime": {"datetime": "2018-12-19 18:10:08", "elapsed": 12903.705125, "delta": 122.423649}}
{"target": 0.0880330579006757, "params": {"alphas0": 4.290338220266876, "alphas1": 39.39463607510998, "alphas10": 1.6186085015589935, "alphas11": 32.50219024018533, "alphas12": 14.072112386801388, "alphas13": 48.36575876840213, "alphas2": 3.1481509531147145, "alphas3": 11.983364664861663, "alphas4": 44.10270413180265, "alphas5": 48.62794956748944, "alphas6": 45.25718584206802, "alphas7": 30.430085707959144, "alphas8": 1.7916278265463603, "alphas9": 34.15945669772586}, "datetime": {"datetime": "2018-12-19 18:11:52", "elapsed": 13007.006867, "delta": 103.301742}}
{"target": 0.0886179841697689, "params": {"alphas0": 2.3461694969747926, "alphas1": 43.0557094421603, "alphas10": 4.072679101338473, "alphas11": 46.806102591857105, "alphas12": 30.8507807623707, "alphas13": 49.181558773479765, "alphas2": 38.352056159556746, "alphas3": 38.05920303396452, "alphas4": 46.479280931558264, "alphas5": 48.90234966019238, "alphas6": 6.055756684524222, "alphas7": 5.875667973406768, "alphas8": 4.052849405955144, "alphas9": 37.13106753534218}, "datetime": {"datetime": "2018-12-19 18:13:27", "elapsed": 13101.907396, "delta": 94.900529}}
{"target": 0.08817667121358821, "params": {"alphas0": 3.8254778524001276, "alphas1": 31.43528769624965, "alphas10": 1.3369758736218762, "alphas11": 47.39061120113065, "alphas12": 2.2109329227562426, "alphas13": 43.89026495229794, "alphas2": 5.600938739037725, "alphas3": 20.341338761137006, "alphas4": 2.704491183681723, "alphas5": 47.20872635940802, "alphas6": 0.11334681421168447, "alphas7": 41.63943048133814, "alphas8": 5.639085030655289, "alphas9": 44.473734143932134}, "datetime": {"datetime": "2018-12-19 18:14:59", "elapsed": 13194.036407, "delta": 92.129011}}
{"target": 0.08823288464241086, "params": {"alphas0": 2.537451820208153, "alphas1": 45.59174186309485, "alphas10": 0.41295004457475026, "alphas11": 1.7730558934325902, "alphas12": 23.29567782617704, "alphas13": 45.36844960592021, "alphas2": 27.208613060970933, "alphas3": 6.239211885932738, "alphas4": 8.850944207283712, "alphas5": 49.18797706827522, "alphas6": 2.6235720282284323, "alphas7": 48.15807534821063, "alphas8": 5.073845734057847, "alphas9": 9.211728474452002}, "datetime": {"datetime": "2018-12-19 18:16:38", "elapsed": 13293.438527, "delta": 99.40212}}
{"target": 0.0887270237750885, "params": {"alphas0": 1.0502509191869236, "alphas1": 48.96214223281973, "alphas10": 3.3931774668011725, "alphas11": 21.21908918821751, "alphas12": 20.68167777009821, "alphas13": 49.13046206302103, "alphas2": 49.38829872268553, "alphas3": 11.176067429210846, "alphas4": 7.656683657265417, "alphas5": 44.661664926618315, "alphas6": 19.125730028055, "alphas7": 47.863449857161925, "alphas8": 4.704046398053963, "alphas9": 21.358773853741237}, "datetime": {"datetime": "2018-12-19 18:18:11", "elapsed": 13386.056226, "delta": 92.617699}}
{"target": 0.08816111665588376, "params": {"alphas0": 0.09852651943941804, "alphas1": 49.979756817087804, "alphas10": 2.700903882385952, "alphas11": 40.20077556774163, "alphas12": 18.118010379163334, "alphas13": 49.88013888884171, "alphas2": 3.130514642986315, "alphas3": 46.92567929693222, "alphas4": 1.096492831050211, "alphas5": 41.85873774027334, "alphas6": 10.401041751599122, "alphas7": 13.273139607139035, "alphas8": 9.340218031843827, "alphas9": 48.56295248387993}, "datetime": {"datetime": "2018-12-19 18:19:32", "elapsed": 13467.297203, "delta": 81.240977}}
{"target": 0.08779102103617395, "params": {"alphas0": 4.205003997636503, "alphas1": 42.510646254426874, "alphas10": 1.7242592086947728, "alphas11": 42.3979459451946, "alphas12": 36.21356066614623, "alphas13": 28.737765889733264, "alphas2": 30.77110859006394, "alphas3": 43.76536417910886, "alphas4": 18.046593779417115, "alphas5": 47.79261665125138, "alphas6": 34.891436853631966, "alphas7": 45.93129659142991, "alphas8": 1.342576665628925, "alphas9": 44.49317357470034}, "datetime": {"datetime": "2018-12-19 18:20:51", "elapsed": 13545.761654, "delta": 78.464451}}
{"target": 0.08753954561854198, "params": {"alphas0": 0.19704450375335192, "alphas1": 23.07597992920602, "alphas10": 0.8278954831355212, "alphas11": 20.548364324523728, "alphas12": 4.479594101986733, "alphas13": 47.82232071753896, "alphas2": 32.96557331797268, "alphas3": 10.216496553398413, "alphas4": 8.761917272125258, "alphas5": 42.29977349050935, "alphas6": 44.05188243532447, "alphas7": 36.93423070544857, "alphas8": 0.34636634416320145, "alphas9": 48.277125261401736}, "datetime": {"datetime": "2018-12-19 18:22:12", "elapsed": 13627.69262, "delta": 81.930966}}
