{"target": 0.08836992297477157, "params": {"alphas0": 0.03161136248105989, "alphas1": 49.66240266949076, "alphas10": 5.802256908181796, "alphas11": 15.771088467473216, "alphas12": 6.503012659023943, "alphas13": 47.43050818378378, "alphas2": 37.71528787491437, "alphas3": 32.44923653910953, "alphas4": 18.27114021150789, "alphas5": 38.26919369469645, "alphas6": 40.96832519004851, "alphas7": 46.83899387677934, "alphas8": 5.120574845392328, "alphas9": 41.18709946203131}, "datetime": {"datetime": "2018-12-19 19:36:27", "elapsed": 18082.397605, "delta": 90.671076}}
{"target": 0.0883859546072785, "params": {"alphas0": 12.60117571660468, "alphas1": 42.630686558266255, "alphas10": 1.5135831167532532, "alphas11": 48.185635046000236, "alphas12": 16.388685592635454, "alphas13": 49.46736052102585, "alphas2": 19.04131900848792, "alphas3": 49.99017888557793, "alphas4": 3.018457888649817, "alphas5": 47.23285933305043, "alphas6": 31.226883214184365, "alphas7": 1.1265990213079446, "alphas8": 3.401943012558589, "alphas9": 26.664796073250614}, "datetime": {"datetime": "2018-12-19 19:37:57", "elapsed": 18172.620369, "delta": 90.222764}}
{"target": 0.08807403947279265, "params": {"alphas0": 4.906245833734885, "alphas1": 49.771107950073414, "alphas10": 4.121134162386425, "alphas11": 41.13607223040177, "alphas12": 21.885347185472114, "alphas13": 42.21628647861257, "alphas2": 30.768265178318405, "alphas3": 10.320879817202332, "alphas4": 4.5913126373121, "alphas5": 46.35727118759697, "alphas6": 34.16290355910063, "alphas7": 0.1789094049901352, "alphas8": 2.9837162650977356, "alphas9": 34.291666759852276}, "datetime": {"datetime": "2018-12-19 19:39:32", "elapsed": 18266.963126, "delta": 94.342757}}
{"target": 0.08778776488015351, "params": {"alphas0": 2.4281740733839543, "alphas1": 47.90776329000658, "alphas10": 6.94746125216138, "alphas11": 13.759347054488186, "alphas12": 16.021069886077317, "alphas13": 49.67668617954098, "alphas2": 16.824122468935958, "alphas3": 49.94852477675394, "alphas4": 3.670585707226748, "alphas5": 19.160472488486114, "alphas6": 37.020088003579616, "alphas7": 26.259318444872985, "alphas8": 0.11849087270862646, "alphas9": 45.18240052310271}, "datetime": {"datetime": "2018-12-19 19:41:04", "elapsed": 18359.400808, "delta": 92.437682}}
{"target": 0.08802283390908604, "params": {"alphas0": 4.345825337688714, "alphas1": 48.50700076053794, "alphas10": 1.6708276694758606, "alphas11": 46.8136309832427, "alphas12": 14.060238116621854, "alphas13": 37.609677879926004, "alphas2": 38.24378374929493, "alphas3": 36.855772813123124, "alphas4": 22.82533483416815, "alphas5": 47.554315715371935, "alphas6": 26.799837097887675, "alphas7": 43.575052438594454, "alphas8": 2.7757056371580378, "alphas9": 47.82263492015823}, "datetime": {"datetime": "2018-12-19 19:42:36", "elapsed": 18450.978012, "delta": 91.577204}}
{"target": 0.08864912857133166, "params": {"alphas0": 6.229594920465548, "alphas1": 46.98706803072123, "alphas10": 1.5824819062182027, "alphas11": 40.9145929674194, "alphas12": 0.5171216379579235, "alphas13": 47.75136917583346, "alphas2": 45.57571221793566, "alphas3": 34.694705916013675, "alphas4": 30.565112343553132, "alphas5": 45.41331992784611, "alphas6": 41.04443925627381, "alphas7": 9.578999997298359, "alphas8": 4.673519875203408, "alphas9": 27.001217486262053}, "datetime": {"datetime": "2018-12-19 19:44:10", "elapsed": 18545.640661, "delta": 94.662649}}
{"target": 0.08828281267501248, "params": {"alphas0": 4.5556828659556565, "alphas1": 48.847695361301646, "alphas10": 8.842509395074206, "alphas11": 49.2567310148434, "alphas12": 2.567384918972837, "alphas13": 40.87968177159131, "alphas2": 47.067609297516896, "alphas3": 21.716844252098184, "alphas4": 0.985984768482745, "alphas5": 42.55594450573255, "alphas6": 33.67206486022565, "alphas7": 25.462681544913075, "alphas8": 6.668547370317751, "alphas9": 45.227737062802156}, "datetime": {"datetime": "2018-12-19 19:45:44", "elapsed": 18639.032475, "delta": 93.391814}}
{"target": 0.08849935785254784, "params": {"alphas0": 9.16545620786125, "alphas1": 49.765295873293994, "alphas10": 3.825083939753393, "alphas11": 38.10919907833206, "alphas12": 0.22464409392023432, "alphas13": 49.40055010192332, "alphas2": 48.10246043916267, "alphas3": 4.992598496332324, "alphas4": 19.83022644173759, "alphas5": 33.44246771149919, "alphas6": 31.635550503567277, "alphas7": 36.487567736135595, "alphas8": 3.7792469848348107, "alphas9": 47.9233975510125}, "datetime": {"datetime": "2018-12-19 19:47:16", "elapsed": 18730.722734, "delta": 91.690259}}
{"target": 0.08854518910766944, "params": {"alphas0": 6.663445323967066, "alphas1": 48.450322434188585, "alphas10": 4.283804513999511, "alphas11": 25.404759315611603, "alphas12": 1.9732970954129125, "alphas13": 46.32506398554154, "alphas2": 38.29145866860454, "alphas3": 49.945056821920936, "alphas4": 1.444889795986759, "alphas5": 38.608661307190076, "alphas6": 22.02262277014921, "alphas7": 1.5261431393394143, "alphas8": 8.62398746770196, "alphas9": 31.20004425287128}, "datetime": {"datetime": "2018-12-19 19:48:53", "elapsed": 18828.560838, "delta": 97.838104}}
{"target": 0.08765960958122689, "params": {"alphas0": 0.3897773568313334, "alphas1": 47.44005297171106, "alphas10": 5.1573669156741495, "alphas11": 27.96680447042749, "alphas12": 10.515696741716402, "alphas13": 47.8919890561602, "alphas2": 43.364643501659316, "alphas3": 2.81699695408863, "alphas4": 7.482832154079533, "alphas5": 42.582174008429185, "alphas6": 45.59824354456767, "alphas7": 37.05907028098109, "alphas8": 0.46232516301203397, "alphas9": 17.690179145549735}, "datetime": {"datetime": "2018-12-19 19:50:20", "elapsed": 18915.445602, "delta": 86.884764}}
{"target": 0.08798880122464803, "params": {"alphas0": 7.324701506197629, "alphas1": 47.36516816409585, "alphas10": 2.106863272406118, "alphas11": 43.09935931021126, "alphas12": 38.545923525989295, "alphas13": 40.95246413763047, "alphas2": 4.544718743352133, "alphas3": 31.951119734289563, "alphas4": 2.9995107349303387, "alphas5": 46.64315454374929, "alphas6": 34.32228136319214, "alphas7": 12.747700198340778, "alphas8": 2.054769785885874, "alphas9": 45.228497111692924}, "datetime": {"datetime": "2018-12-19 19:51:56", "elapsed": 19011.223857, "delta": 95.778255}}
{"target": 0.08824998142732261, "params": {"alphas0": 5.579619931314738, "alphas1": 40.83618089557346, "alphas10": 0.7648879196888114, "alphas11": 42.79691260870827, "alphas12": 2.912886305770529, "alphas13": 49.563231021546436, "alphas2": 21.000672357904023, "alphas3": 32.7978176698659, "alphas4": 11.597197688123961, "alphas5": 47.56987298466441, "alphas6": 16.939124100706003, "alphas7": 38.796536141832284, "alphas8": 1.2973528425903769, "alphas9": 38.26090774659579}, "datetime": {"datetime": "2018-12-19 19:53:28", "elapsed": 19102.71804, "delta": 91.494183}}
{"target": 0.08782085414380075, "params": {"alphas0": 5.272305684438766, "alphas1": 37.48483490503068, "alphas10": 2.3491565379156034, "alphas11": 48.07939236205027, "alphas12": 13.35898217878973, "alphas13": 34.99834870310356, "alphas2": 49.4427111324214, "alphas3": 42.437886479067664, "alphas4": 19.648609066333506, "alphas5": 47.85691443209195, "alphas6": 33.31470412591302, "alphas7": 46.7879282297664, "alphas8": 0.2720828284888843, "alphas9": 47.7414972433607}, "datetime": {"datetime": "2018-12-19 19:54:57", "elapsed": 19191.976958, "delta": 89.258918}}
{"target": 0.08829078718985789, "params": {"alphas0": 2.6407283680866147, "alphas1": 48.81575130159371, "alphas10": 0.9001538176015234, "alphas11": 4.546533118597379, "alphas12": 0.7179818464095822, "alphas13": 34.5058183376807, "alphas2": 43.861048433876135, "alphas3": 12.232345802962257, "alphas4": 16.65872600085209, "alphas5": 48.17864532113035, "alphas6": 22.086194165130486, "alphas7": 43.373454175465994, "alphas8": 3.918441022823038, "alphas9": 41.23132933888967}, "datetime": {"datetime": "2018-12-19 19:56:33", "elapsed": 19287.967869, "delta": 95.990911}}
{"target": 0.08811376779332591, "params": {"alphas0": 5.542458922422161, "alphas1": 47.35896778429537, "alphas10": 0.679273704574368, "alphas11": 25.10536063050455, "alphas12": 14.8823849087185, "alphas13": 48.98567051628092, "alphas2": 18.41022484454883, "alphas3": 46.66680198682555, "alphas4": 6.360782389834246, "alphas5": 44.371812399985366, "alphas6": 44.84328825979364, "alphas7": 38.74237833488581, "alphas8": 7.988791498409665, "alphas9": 45.3576380149635}, "datetime": {"datetime": "2018-12-19 19:58:07", "elapsed": 19381.947194, "delta": 93.979325}}
{"target": 0.08854572122500175, "params": {"alphas0": 10.661523468716428, "alphas1": 45.830639146829895, "alphas10": 1.6869052677216556, "alphas11": 45.15159655353227, "alphas12": 42.78141408230626, "alphas13": 45.6488515586599, "alphas2": 36.10539534846548, "alphas3": 36.692526690758804, "alphas4": 1.1638522418694952, "alphas5": 48.18955070874512, "alphas6": 32.21255119833559, "alphas7": 6.383524412433323, "alphas8": 4.050508321206109, "alphas9": 43.9325181071505}, "datetime": {"datetime": "2018-12-19 19:59:39", "elapsed": 19473.873069, "delta": 91.925875}}
{"target": 0.0871116262958369, "params": {"alphas0": 0.7441871695240021, "alphas1": 29.792742699530155, "alphas10": 1.0122894040548391, "alphas11": 48.50382038305604, "alphas12": 2.734387130786259, "alphas13": 49.695254248034395, "alphas2": 39.57254833401272, "alphas3": 41.90388232810211, "alphas4": 6.310154360724218, "alphas5": 49.8217896617775, "alphas6": 30.017766996001228, "alphas7": 37.13576861564684, "alphas8": 11.746139200650113, "alphas9": 15.993903200303889}, "datetime": {"datetime": "2018-12-19 20:01:11", "elapsed": 19566.181932, "delta": 92.308863}}
{"target": 0.08770161277554574, "params": {"alphas0": 2.265667250553588, "alphas1": 48.24868230476229, "alphas10": 6.047081970055745, "alphas11": 28.591660938465573, "alphas12": 10.619712781651568, "alphas13": 35.66297783415603, "alphas2": 48.4008037907315, "alphas3": 44.46884915072769, "alphas4": 8.4418768157772, "alphas5": 35.878201058275664, "alphas6": 24.131761522979573, "alphas7": 21.434146348244887, "alphas8": 0.7739980106852118, "alphas9": 43.024935518506176}, "datetime": {"datetime": "2018-12-19 20:02:27", "elapsed": 19642.06014, "delta": 75.878208}}
{"target": 0.08844245259471369, "params": {"alphas0": 0.4654557894056166, "alphas1": 43.36661250342499, "alphas10": 3.0713559116408606, "alphas11": 7.957510343162988, "alphas12": 17.930343027297585, "alphas13": 49.07694785722122, "alphas2": 38.9929422381485, "alphas3": 43.04153559101734, "alphas4": 4.031310844608105, "alphas5": 39.78843193235825, "alphas6": 43.45599715827082, "alphas7": 46.36527927067712, "alphas8": 3.8506973263975617, "alphas9": 18.820550681580418}, "datetime": {"datetime": "2018-12-19 20:03:11", "elapsed": 19686.684847, "delta": 44.624707}}
{"target": 0.0879517283433206, "params": {"alphas0": 6.209449415953544, "alphas1": 45.76855868088288, "alphas10": 0.9663956264458207, "alphas11": 13.178221310126242, "alphas12": 2.0871561431521246, "alphas13": 47.4073951167013, "alphas2": 13.748053952870592, "alphas3": 30.849585745626072, "alphas4": 40.12238181549136, "alphas5": 48.29934331534487, "alphas6": 38.92698521713572, "alphas7": 49.3118655806123, "alphas8": 6.735895473307519, "alphas9": 44.29374635315394}, "datetime": {"datetime": "2018-12-19 20:03:57", "elapsed": 19732.524709, "delta": 45.839862}}
{"target": 0.08791020818286974, "params": {"alphas0": 2.3413923961545513, "alphas1": 48.97231015103165, "alphas10": 13.855857840514712, "alphas11": 40.416555437076916, "alphas12": 0.9623307574774476, "alphas13": 49.712555733701045, "alphas2": 10.527249052416249, "alphas3": 10.690116663395777, "alphas4": 9.722938286660533, "alphas5": 45.837395746897855, "alphas6": 39.314474554916295, "alphas7": 41.047737369144855, "alphas8": 5.876903309778409, "alphas9": 35.97341673917518}, "datetime": {"datetime": "2018-12-19 20:04:44", "elapsed": 19779.029749, "delta": 46.50504}}
{"target": 0.0882789586334365, "params": {"alphas0": 1.1762543851355833, "alphas1": 42.97239234541832, "alphas10": 4.471316038321732, "alphas11": 42.28358808158151, "alphas12": 27.086452768451245, "alphas13": 49.490832155916365, "alphas2": 34.31348882085132, "alphas3": 46.729536165174466, "alphas4": 10.419070805813519, "alphas5": 45.62537546228727, "alphas6": 32.147706060482264, "alphas7": 7.8747910965284165, "alphas8": 8.5857617143126, "alphas9": 48.06387105190672}, "datetime": {"datetime": "2018-12-19 20:05:29", "elapsed": 19823.942086, "delta": 44.912337}}
{"target": 0.0862258572842437, "params": {"alphas0": 1.7219990558319687, "alphas1": 47.217024456757116, "alphas10": 0.03644665856072371, "alphas11": 38.708417129398676, "alphas12": 48.68107529924023, "alphas13": 42.100404318207296, "alphas2": 43.670605712080125, "alphas3": 47.47878433918997, "alphas4": 41.651640797133744, "alphas5": 49.769513929188754, "alphas6": 39.31918298065068, "alphas7": 41.32989644208978, "alphas8": 21.36890613760243, "alphas9": 38.57696479500315}, "datetime": {"datetime": "2018-12-19 20:06:15", "elapsed": 19870.407558, "delta": 46.465472}}
{"target": 0.08839663176249336, "params": {"alphas0": 15.0839204097115, "alphas1": 48.707407307297395, "alphas10": 2.1499316353735862, "alphas11": 1.9377749962992408, "alphas12": 25.722078481775295, "alphas13": 49.49859575860043, "alphas2": 45.626546767407724, "alphas3": 34.47024193483432, "alphas4": 0.47322793649507977, "alphas5": 38.59757712251758, "alphas6": 44.83136399862231, "alphas7": 44.27422815837163, "alphas8": 7.004006714367433, "alphas9": 20.273614942200552}, "datetime": {"datetime": "2018-12-19 20:07:01", "elapsed": 19916.653524, "delta": 46.245966}}
{"target": 0.08777668597970782, "params": {"alphas0": 12.589780227467473, "alphas1": 49.86456218288224, "alphas10": 9.291800022798679, "alphas11": 39.74127078356464, "alphas12": 3.0581504465847176, "alphas13": 49.91954325892187, "alphas2": 45.81179647334409, "alphas3": 15.626010359488502, "alphas4": 23.118331441316155, "alphas5": 49.61962083221487, "alphas6": 41.06164110782867, "alphas7": 18.122499406961758, "alphas8": 1.9986933585902977, "alphas9": 36.179007939247434}, "datetime": {"datetime": "2018-12-19 20:07:47", "elapsed": 19962.649794, "delta": 45.99627}}
{"target": 0.08812857762712463, "params": {"alphas0": 3.343955548545141, "alphas1": 48.37691011890247, "alphas10": 1.6427884745752908, "alphas11": 42.91677007960023, "alphas12": 9.325096073643675, "alphas13": 48.180265846481994, "alphas2": 24.6879828972771, "alphas3": 49.15566653403372, "alphas4": 23.006477601258485, "alphas5": 31.8414136504282, "alphas6": 41.15303069900785, "alphas7": 15.549305040382205, "alphas8": 0.7568498399906642, "alphas9": 39.44478706912894}, "datetime": {"datetime": "2018-12-19 20:08:34", "elapsed": 20009.264061, "delta": 46.614267}}
{"target": 0.08714615716933392, "params": {"alphas0": 2.3557756274925956, "alphas1": 49.88835718668505, "alphas10": 1.7279331645442209, "alphas11": 48.248480823443316, "alphas12": 17.777293046948706, "alphas13": 36.63740910650162, "alphas2": 47.52127101291134, "alphas3": 23.998295799933565, "alphas4": 42.76709917757081, "alphas5": 44.55400132607276, "alphas6": 27.64308084273112, "alphas7": 49.32818097939406, "alphas8": 0.3967610776544006, "alphas9": 5.019237873695326}, "datetime": {"datetime": "2018-12-19 20:09:20", "elapsed": 20055.031203, "delta": 45.767142}}
{"target": 0.087761056339035, "params": {"alphas0": 4.099921264255496, "alphas1": 48.01968762379864, "alphas10": 2.7788719721286825, "alphas11": 27.35850531054094, "alphas12": 0.9268258270410334, "alphas13": 43.58632233220906, "alphas2": 0.3255494607310949, "alphas3": 8.209560382141207, "alphas4": 6.698150717985996, "alphas5": 47.29240459038562, "alphas6": 1.9120504173081976, "alphas7": 16.23693781048757, "alphas8": 5.966396322131845, "alphas9": 15.399623654002365}, "datetime": {"datetime": "2018-12-19 20:10:07", "elapsed": 20102.298848, "delta": 47.267645}}
{"target": 0.08857721159257591, "params": {"alphas0": 0.2000533999309384, "alphas1": 48.28942000418447, "alphas10": 5.100054187205949, "alphas11": 49.61111404637997, "alphas12": 28.29074808711402, "alphas13": 42.88456515668461, "alphas2": 45.66255287211611, "alphas3": 40.961326459265415, "alphas4": 8.025906638291897, "alphas5": 1.1063169586490396, "alphas6": 26.76533953090084, "alphas7": 31.121351028581206, "alphas8": 3.708434075898265, "alphas9": 42.90784685956814}, "datetime": {"datetime": "2018-12-19 20:10:53", "elapsed": 20148.713815, "delta": 46.414967}}
{"target": 0.08794667534351698, "params": {"alphas0": 0.11967170691571383, "alphas1": 46.311339602728104, "alphas10": 8.571234881054846, "alphas11": 47.82274022056617, "alphas12": 18.122694519729617, "alphas13": 48.65033642328579, "alphas2": 35.058208424991435, "alphas3": 46.335310085839616, "alphas4": 5.6864921974313365, "alphas5": 41.97470730879333, "alphas6": 18.60700328486775, "alphas7": 8.520966804173192, "alphas8": 12.965928616930306, "alphas9": 49.30691965666197}, "datetime": {"datetime": "2018-12-19 20:11:39", "elapsed": 20194.212754, "delta": 45.498939}}
{"target": 0.08797776623523573, "params": {"alphas0": 1.277561867509952, "alphas1": 47.43670680687034, "alphas10": 10.672761750762072, "alphas11": 48.228441399178685, "alphas12": 9.319297216255373, "alphas13": 41.958844791243, "alphas2": 11.998725764995594, "alphas3": 48.32712313391717, "alphas4": 8.937907884400698, "alphas5": 49.426072161690634, "alphas6": 44.37464813882323, "alphas7": 26.834075708781587, "alphas8": 5.705567952604879, "alphas9": 34.7395220125263}, "datetime": {"datetime": "2018-12-19 20:12:25", "elapsed": 20240.611314, "delta": 46.39856}}
{"target": 0.08857165606473966, "params": {"alphas0": 4.785025685866068, "alphas1": 49.01884299847416, "alphas10": 4.0732196994867795, "alphas11": 21.228038690484176, "alphas12": 22.23202970111236, "alphas13": 47.555694873223416, "alphas2": 46.878472480372245, "alphas3": 3.303140338390542, "alphas4": 34.521436766584394, "alphas5": 47.733264460474246, "alphas6": 42.16246306402323, "alphas7": 35.17437403513164, "alphas8": 5.426130462913431, "alphas9": 22.198570657165146}, "datetime": {"datetime": "2018-12-19 20:13:13", "elapsed": 20288.429513, "delta": 47.818199}}
{"target": 0.08793790151173991, "params": {"alphas0": 0.6102514961469296, "alphas1": 46.84336132556429, "alphas10": 3.0017301914792904, "alphas11": 39.93388766633078, "alphas12": 10.914824895885179, "alphas13": 49.23054255002065, "alphas2": 29.804575237609992, "alphas3": 9.799491810042033, "alphas4": 10.783838828791199, "alphas5": 27.556427835512405, "alphas6": 19.332253276718212, "alphas7": 28.833269026906866, "alphas8": 0.2666924957268002, "alphas9": 39.48741614874962}, "datetime": {"datetime": "2018-12-19 20:14:00", "elapsed": 20334.947343, "delta": 46.51783}}
{"target": 0.0879244077634779, "params": {"alphas0": 5.376067051474248, "alphas1": 49.7562477175382, "alphas10": 2.5563048831430124, "alphas11": 49.875907779644024, "alphas12": 29.711745090315073, "alphas13": 44.846511028511095, "alphas2": 4.3515646850109055, "alphas3": 19.438542368216787, "alphas4": 9.101510038741761, "alphas5": 44.45264804158639, "alphas6": 38.487474715394555, "alphas7": 36.2697146266666, "alphas8": 0.8188707132842088, "alphas9": 46.18332203307845}, "datetime": {"datetime": "2018-12-19 20:14:47", "elapsed": 20382.337733, "delta": 47.39039}}
{"target": 0.08661873551076577, "params": {"alphas0": 3.4587045505768135, "alphas1": 49.456210106973884, "alphas10": 5.8850730855028734, "alphas11": 45.58847303140593, "alphas12": 1.5317948270092696, "alphas13": 48.03730208889301, "alphas2": 35.10764016918543, "alphas3": 12.925315904718742, "alphas4": 0.9147644388886877, "alphas5": 22.2533447167529, "alphas6": 31.981954610876155, "alphas7": 13.36673999338852, "alphas8": 1.7244514824866386, "alphas9": 11.649110143171882}, "datetime": {"datetime": "2018-12-19 20:15:37", "elapsed": 20432.105977, "delta": 49.768244}}
{"target": 0.08877927855249704, "params": {"alphas0": 1.4592764858662288, "alphas1": 47.918526925189695, "alphas10": 1.9990306010908288, "alphas11": 4.16184878158381, "alphas12": 41.738022450155285, "alphas13": 48.17867998901175, "alphas2": 48.525709184242984, "alphas3": 3.7416782292452377, "alphas4": 9.457482210093065, "alphas5": 33.52073668702937, "alphas6": 34.3081737178273, "alphas7": 48.3051003103756, "alphas8": 5.460566514656207, "alphas9": 15.307433759233447}, "datetime": {"datetime": "2018-12-19 20:16:38", "elapsed": 20493.44599, "delta": 61.340013}}
{"target": 0.08832138956624512, "params": {"alphas0": 7.097573589615974, "alphas1": 49.230097343714945, "alphas10": 3.4430186311029622, "alphas11": 41.5947446011018, "alphas12": 15.598634917869642, "alphas13": 49.68320573828971, "alphas2": 28.25323093782047, "alphas3": 24.670886292050305, "alphas4": 0.2814747123709105, "alphas5": 34.75014302247945, "alphas6": 49.942997606232964, "alphas7": 46.015255999754274, "alphas8": 9.878873295199837, "alphas9": 46.25507654394973}, "datetime": {"datetime": "2018-12-19 20:17:26", "elapsed": 20541.020822, "delta": 47.574832}}
{"target": 0.0875817702284855, "params": {"alphas0": 2.368547123561809, "alphas1": 47.26986637882956, "alphas10": 0.17258174253946823, "alphas11": 43.81734267368074, "alphas12": 12.482996705843451, "alphas13": 26.860636306259334, "alphas2": 4.181022358805913, "alphas3": 32.40650015418144, "alphas4": 4.328402743539161, "alphas5": 45.86156748313619, "alphas6": 39.58938567443477, "alphas7": 46.45739659719128, "alphas8": 3.074400299410568, "alphas9": 44.30272725493663}, "datetime": {"datetime": "2018-12-19 20:18:14", "elapsed": 20588.843869, "delta": 47.823047}}
