{"target": 0.0836601400865853, "params": {"alphas0": 36.826291204433815, "alphas1": 20.520846382585, "alphas10": 6.537063992709113, "alphas11": 14.446148543585702, "alphas12": 42.83454550946673, "alphas13": 30.594523809163416, "alphas2": 8.616945302891743, "alphas3": 37.40556872227949, "alphas4": 7.311357185890066, "alphas5": 8.706938570253431, "alphas6": 45.33831129887832, "alphas7": 49.70056848920012, "alphas8": 47.2266414558493, "alphas9": 47.23597870801491}, "datetime": {"datetime": "2018-12-19 14:35:05", "elapsed": 0.0, "delta": 0.0}}
{"target": 0.08241666744768437, "params": {"alphas0": 25.09155549271756, "alphas1": 42.4505459235045, "alphas10": 6.266824805970578, "alphas11": 19.618813042492363, "alphas12": 23.6180946052982, "alphas13": 14.62073072546754, "alphas2": 6.095705303075966, "alphas3": 12.01623508738004, "alphas4": 17.74435982103701, "alphas5": 8.923585958395902, "alphas6": 4.715864971789724, "alphas7": 28.45600394294828, "alphas8": 2.452851524521554, "alphas9": 15.795270063685996}, "datetime": {"datetime": "2018-12-19 14:35:17", "elapsed": 11.925048, "delta": 11.925048}}
{"target": 0.08232588211553285, "params": {"alphas0": 47.55225482170966, "alphas1": 44.793394054385374, "alphas10": 23.351420160268745, "alphas11": 39.86215938381994, "alphas12": 38.48451892481912, "alphas13": 38.150876701275415, "alphas2": 1.553658219565729, "alphas3": 22.227898338588037, "alphas4": 41.7261859922973, "alphas5": 10.247579572243232, "alphas6": 18.994573413960563, "alphas7": 0.5044937149140616, "alphas8": 1.1691773979842501, "alphas9": 25.899555731607244}, "datetime": {"datetime": "2018-12-19 14:35:29", "elapsed": 24.148969, "delta": 12.223921}}
{"target": 0.08559863473098646, "params": {"alphas0": 48.469951082175555, "alphas1": 43.278885533289895, "alphas10": 15.671421930832613, "alphas11": 35.803467658420544, "alphas12": 14.185653909710178, "alphas13": 3.61587121997648, "alphas2": 14.940768682562306, "alphas3": 28.22437232873006, "alphas4": 33.52527065350999, "alphas5": 19.869885132001542, "alphas6": 39.929042340199075, "alphas7": 9.692989009425762, "alphas8": 30.753786127571033, "alphas9": 1.0548194022988289}, "datetime": {"datetime": "2018-12-19 14:35:55", "elapsed": 50.141836, "delta": 25.992867}}
{"target": 0.0854983321916679, "params": {"alphas0": 5.920493179069947, "alphas1": 34.21095286253888, "alphas10": 48.447805797682726, "alphas11": 49.4645374672954, "alphas12": 14.134482049875224, "alphas13": 13.505456429080848, "alphas2": 23.927500532227512, "alphas3": 14.822496798196983, "alphas4": 15.709522445930629, "alphas5": 33.2874468244964, "alphas6": 21.22594738953368, "alphas7": 7.599679252346303, "alphas8": 16.352399483389153, "alphas9": 38.569729337949674}, "datetime": {"datetime": "2018-12-19 14:36:07", "elapsed": 62.141881, "delta": 12.000045}}
{"target": 0.08436480897836703, "params": {"alphas0": 45.697894897741534, "alphas1": 35.7362425470405, "alphas10": 5.609669377092508, "alphas11": 27.78652592366272, "alphas12": 26.00366533982661, "alphas13": 0.7027790774947862, "alphas2": 48.705321411245606, "alphas3": 6.149911728553476, "alphas4": 40.13694035469322, "alphas5": 3.853247424659484, "alphas6": 21.133647614209266, "alphas7": 0.23646251015016495, "alphas8": 43.36514089214359, "alphas9": 25.493850237883457}, "datetime": {"datetime": "2018-12-19 14:36:18", "elapsed": 73.666582, "delta": 11.524701}}
{"target": 0.08606823130058554, "params": {"alphas0": 8.753915089774894, "alphas1": 40.93070224768321, "alphas10": 28.199621247538037, "alphas11": 39.95363464126934, "alphas12": 41.355949835636245, "alphas13": 3.670054547689028, "alphas2": 24.33345495375489, "alphas3": 28.324850885323333, "alphas4": 9.848464734402567, "alphas5": 49.09360570648948, "alphas6": 44.935529036931904, "alphas7": 0.5771025424986254, "alphas8": 10.779873973382276, "alphas9": 6.3882144730325}, "datetime": {"datetime": "2018-12-19 14:36:44", "elapsed": 99.224509, "delta": 25.557927}}
{"target": 0.08626558823313413, "params": {"alphas0": 32.81617993219998, "alphas1": 33.070517729719015, "alphas10": 31.48396067577121, "alphas11": 45.91978477870996, "alphas12": 22.447209285173475, "alphas13": 28.494847287958546, "alphas2": 6.31029387802251, "alphas3": 34.65136414347887, "alphas4": 48.59756768990689, "alphas5": 37.593777843354665, "alphas6": 18.71972126766557, "alphas7": 7.4010859027898555, "alphas8": 26.80752297573841, "alphas9": 33.51302969117593}, "datetime": {"datetime": "2018-12-19 14:37:10", "elapsed": 124.816252, "delta": 25.591743}}
{"target": 0.08467188239920108, "params": {"alphas0": 11.770107842234673, "alphas1": 6.292961773463057, "alphas10": 29.79147194232123, "alphas11": 36.56613017069489, "alphas12": 18.42184811212375, "alphas13": 1.861628514932312, "alphas2": 1.8904656659480157, "alphas3": 1.5328830456572184, "alphas4": 5.062251221270008, "alphas5": 20.921089369149936, "alphas6": 20.71372023033443, "alphas7": 36.7146031887571, "alphas8": 19.24633413943636, "alphas9": 39.018199075909486}, "datetime": {"datetime": "2018-12-19 14:37:21", "elapsed": 136.320237, "delta": 11.503985}}
{"target": 0.08654379927144848, "params": {"alphas0": 24.796304014960462, "alphas1": 6.1958894624481395, "alphas10": 19.824595561525737, "alphas11": 12.171273752853494, "alphas12": 48.81165668257188, "alphas13": 36.96065349867003, "alphas2": 4.859859782618331, "alphas3": 19.53616690397696, "alphas4": 37.71928866610371, "alphas5": 21.15489250409763, "alphas6": 4.213616755772886, "alphas7": 12.558073428181766, "alphas8": 15.965653433158861, "alphas9": 37.613751762790855}, "datetime": {"datetime": "2018-12-19 14:37:47", "elapsed": 161.798064, "delta": 25.477827}}
{"target": 0.0852087266878036, "params": {"alphas0": 35.09385303770191, "alphas1": 40.44606932388204, "alphas10": 6.13645664319859, "alphas11": 46.979619873093064, "alphas12": 13.427958613922787, "alphas13": 32.33683018336684, "alphas2": 26.472380117085475, "alphas3": 18.36276141638588, "alphas4": 33.033818927023226, "alphas5": 42.48967263851331, "alphas6": 47.98553409693188, "alphas7": 0.20281533491412485, "alphas8": 39.13878440974437, "alphas9": 18.256474402267752}, "datetime": {"datetime": "2018-12-19 14:37:59", "elapsed": 173.76425, "delta": 11.966186}}
{"target": 0.08824672280526771, "params": {"alphas0": 15.778545400306815, "alphas1": 28.0250894592723, "alphas10": 3.9124337037309, "alphas11": 16.467561094803074, "alphas12": 37.11912324453159, "alphas13": 30.023432055576766, "alphas2": 43.67042071585017, "alphas3": 12.498797055956873, "alphas4": 9.408705932931094, "alphas5": 40.8374401354712, "alphas6": 21.920767819467756, "alphas7": 1.4817054135753516, "alphas8": 8.03465269665985, "alphas9": 45.5772892587189}, "datetime": {"datetime": "2018-12-19 14:38:24", "elapsed": 199.402499, "delta": 25.638249}}
{"target": 0.08647172216584655, "params": {"alphas0": 34.653806477147874, "alphas1": 8.62470587194517, "alphas10": 5.491291206636417, "alphas11": 16.639190353954625, "alphas12": 20.755560068857452, "alphas13": 28.101709618633375, "alphas2": 44.145769938437766, "alphas3": 27.220028030439124, "alphas4": 34.62151616436625, "alphas5": 19.720372733268725, "alphas6": 16.499468452185678, "alphas7": 0.15964454123220673, "alphas8": 18.354452006167758, "alphas9": 15.924229665851103}, "datetime": {"datetime": "2018-12-19 14:38:36", "elapsed": 211.111612, "delta": 11.709113}}
{"target": 0.08342598166144564, "params": {"alphas0": 3.946794598235659, "alphas1": 28.64049163947653, "alphas10": 6.982894238097242, "alphas11": 36.54608449917792, "alphas12": 42.33388989310289, "alphas13": 24.841718355897363, "alphas2": 6.613797508338393, "alphas3": 47.59821483657371, "alphas4": 13.849289874732202, "alphas5": 48.94275773475486, "alphas6": 34.45244993466602, "alphas7": 26.01626766549857, "alphas8": 33.809284815254536, "alphas9": 11.118911408667293}, "datetime": {"datetime": "2018-12-19 14:38:47", "elapsed": 222.70852, "delta": 11.596908}}
{"target": 0.08618591832060095, "params": {"alphas0": 34.768288399362596, "alphas1": 1.2884292952922816, "alphas10": 26.033948138603836, "alphas11": 8.086657655326073, "alphas12": 0.10059674273728003, "alphas13": 40.688081479281564, "alphas2": 6.1564358447688985, "alphas3": 20.29503983521136, "alphas4": 1.8674529671265538, "alphas5": 48.93033506718872, "alphas6": 41.23326792886514, "alphas7": 1.47160390999585, "alphas8": 19.62593089958638, "alphas9": 18.93199781449616}, "datetime": {"datetime": "2018-12-19 14:38:59", "elapsed": 234.277828, "delta": 11.569308}}
{"target": 0.08518311024130613, "params": {"alphas0": 9.04616769512397, "alphas1": 45.213834862426786, "alphas10": 43.99839558768815, "alphas11": 7.103465211197646, "alphas12": 33.375610398274155, "alphas13": 4.174262300275705, "alphas2": 28.52533378306626, "alphas3": 35.24830189991308, "alphas4": 1.307762641568655, "alphas5": 7.281251182198939, "alphas6": 37.23984765271111, "alphas7": 40.48885237751179, "alphas8": 33.419282447156576, "alphas9": 14.727408178900836}, "datetime": {"datetime": "2018-12-19 14:39:11", "elapsed": 245.743154, "delta": 11.465326}}
{"target": 0.08150188922146488, "params": {"alphas0": 9.216719397619922, "alphas1": 5.162888886791006, "alphas10": 7.02363429982345, "alphas11": 2.1759722310092213, "alphas12": 38.57518098279909, "alphas13": 0.26510634826061863, "alphas2": 32.05307907764866, "alphas3": 14.188166971939026, "alphas4": 29.064181732159422, "alphas5": 39.90217672836224, "alphas6": 30.564666255513846, "alphas7": 37.51999744171087, "alphas8": 35.73371714389659, "alphas9": 36.82552051640103}, "datetime": {"datetime": "2018-12-19 14:39:23", "elapsed": 257.81445, "delta": 12.071296}}
{"target": 0.08602026775845988, "params": {"alphas0": 36.10826653174441, "alphas1": 46.872183589615915, "alphas10": 28.043558142040315, "alphas11": 48.40346281929089, "alphas12": 37.45180848985349, "alphas13": 14.791142227621723, "alphas2": 3.8565945582183794, "alphas3": 34.99739432853185, "alphas4": 27.924703804413248, "alphas5": 20.795504371668216, "alphas6": 17.95588250434847, "alphas7": 47.65632254748064, "alphas8": 35.1742836082893, "alphas9": 35.42601700025806}, "datetime": {"datetime": "2018-12-19 14:39:34", "elapsed": 269.332509, "delta": 11.518059}}
{"target": 0.08540647506442349, "params": {"alphas0": 41.47628555752607, "alphas1": 10.331770023070236, "alphas10": 47.14205658456159, "alphas11": 37.1909127451964, "alphas12": 16.336229212976903, "alphas13": 38.012763853546296, "alphas2": 37.416125869153745, "alphas3": 23.716394814138862, "alphas4": 3.720257056306331, "alphas5": 29.533191971240353, "alphas6": 43.94589610630706, "alphas7": 49.49185125844533, "alphas8": 42.99667799285704, "alphas9": 39.17479539602885}, "datetime": {"datetime": "2018-12-19 14:39:46", "elapsed": 280.906555, "delta": 11.574046}}
{"target": 0.08413560418429891, "params": {"alphas0": 33.11321458449215, "alphas1": 45.33048990838909, "alphas10": 45.64850894794256, "alphas11": 17.444097620966986, "alphas12": 29.444532237406822, "alphas13": 30.722108204915926, "alphas2": 23.72617086732231, "alphas3": 20.011487938864832, "alphas4": 37.660606719538244, "alphas5": 30.00103999855066, "alphas6": 29.32872834430568, "alphas7": 33.46537780187448, "alphas8": 1.182176218482961, "alphas9": 41.215994094727826}, "datetime": {"datetime": "2018-12-19 14:39:57", "elapsed": 292.483443, "delta": 11.576888}}
{"target": 0.08607808174402791, "params": {"alphas0": 49.569597253543776, "alphas1": 7.718151686810565, "alphas10": 49.928940656077714, "alphas11": 3.0463938297369095, "alphas12": 5.334605456823621, "alphas13": 49.49116947399321, "alphas2": 45.2894149352164, "alphas3": 45.82815670950765, "alphas4": 1.5612849918020644, "alphas5": 39.78084200837636, "alphas6": 8.02460969261341, "alphas7": 0.04411282487463142, "alphas8": 32.80984347494053, "alphas9": 41.928149985297416}, "datetime": {"datetime": "2018-12-19 14:40:30", "elapsed": 325.564652, "delta": 33.081209}}
{"target": 0.07963419988275272, "params": {"alphas0": 1.3098304345644518, "alphas1": 1.9138283431278547, "alphas10": 4.349459536485611, "alphas11": 47.05426100031184, "alphas12": 1.5766660506560393, "alphas13": 40.39869705019466, "alphas2": 49.835609012226904, "alphas3": 43.1568600766861, "alphas4": 43.095119951972194, "alphas5": 40.69358949478629, "alphas6": 10.799174839409915, "alphas7": 3.1156417717983387, "alphas8": 49.01994916918323, "alphas9": 41.86671019231248}, "datetime": {"datetime": "2018-12-19 14:41:05", "elapsed": 359.893341, "delta": 34.328689}}
{"target": 0.08633121057896252, "params": {"alphas0": 48.74054261313198, "alphas1": 48.51530980761865, "alphas10": 38.13279897869638, "alphas11": 8.150773909546865, "alphas12": 48.320145279872214, "alphas13": 41.73277995932851, "alphas2": 23.174844556950585, "alphas3": 2.0760962157247596, "alphas4": 3.313782767238954, "alphas5": 49.27164310234505, "alphas6": 44.785759818513895, "alphas7": 3.2287306218040546, "alphas8": 36.5109292520908, "alphas9": 34.51599489171679}, "datetime": {"datetime": "2018-12-19 14:41:39", "elapsed": 394.262996, "delta": 34.369655}}
{"target": 0.0802442519353751, "params": {"alphas0": 49.424078949094984, "alphas1": 7.971130832179591, "alphas10": 49.846743111346385, "alphas11": 4.806899335951892, "alphas12": 42.07449211240773, "alphas13": 19.985710642854688, "alphas2": 45.87409946380103, "alphas3": 41.47864004308927, "alphas4": 1.9232681834943421, "alphas5": 6.2286671288103, "alphas6": 7.216660495877375, "alphas7": 2.283587302412149, "alphas8": 0.7999746939594654, "alphas9": 0.005852985303644864}, "datetime": {"datetime": "2018-12-19 14:42:12", "elapsed": 427.479146, "delta": 33.21615}}
{"target": 0.08514209987900861, "params": {"alphas0": 39.5352240888989, "alphas1": 37.37156905658669, "alphas10": 48.312755298981905, "alphas11": 2.158952298279498, "alphas12": 12.657847618676698, "alphas13": 9.269252512948217, "alphas2": 0.3871973645560134, "alphas3": 0.269281631808449, "alphas4": 40.92324674754575, "alphas5": 45.598953178850145, "alphas6": 32.676296853586564, "alphas7": 5.956511857479713, "alphas8": 48.59688291017517, "alphas9": 46.85638303202101}, "datetime": {"datetime": "2018-12-19 14:42:47", "elapsed": 462.070381, "delta": 34.591235}}
{"target": 0.08663504458472007, "params": {"alphas0": 4.710226609760876, "alphas1": 49.55120738228615, "alphas10": 20.067685967039807, "alphas11": 26.9035146325165, "alphas12": 4.849605913712773, "alphas13": 49.056564538368455, "alphas2": 3.893480600318633, "alphas3": 7.348886045562425, "alphas4": 0.4244895872760279, "alphas5": 45.46030694312302, "alphas6": 44.16076517937811, "alphas7": 1.6159170499544129, "alphas8": 2.493760330337047, "alphas9": 49.76826804910869}, "datetime": {"datetime": "2018-12-19 14:43:22", "elapsed": 497.507972, "delta": 35.437591}}
{"target": 0.08539979810863413, "params": {"alphas0": 47.04996647099327, "alphas1": 41.779063391135516, "alphas10": 18.63756957127102, "alphas11": 43.05062498721293, "alphas12": 46.06773048121365, "alphas13": 3.3920551530757903, "alphas2": 0.4494346117969228, "alphas3": 9.38576203854834, "alphas4": 1.9571024907874102, "alphas5": 44.04176528730382, "alphas6": 26.660550525677827, "alphas7": 4.677542084454639, "alphas8": 43.186884642999054, "alphas9": 49.68697459452858}, "datetime": {"datetime": "2018-12-19 14:43:57", "elapsed": 532.336375, "delta": 34.828403}}
{"target": 0.08473868688115051, "params": {"alphas0": 43.43588948618902, "alphas1": 48.971657833250426, "alphas10": 43.918493238438636, "alphas11": 12.468808933655811, "alphas12": 3.534546222722751, "alphas13": 36.507912993937346, "alphas2": 4.056895728356152, "alphas3": 1.6038679683596513, "alphas4": 48.443403348678075, "alphas5": 49.95579896389249, "alphas6": 48.58388270168538, "alphas7": 48.598765717192514, "alphas8": 4.877631914468616, "alphas9": 25.015587086083613}, "datetime": {"datetime": "2018-12-19 14:44:31", "elapsed": 566.13876, "delta": 33.802385}}
{"target": 0.0859114585838414, "params": {"alphas0": 16.66217224742136, "alphas1": 30.19291975229002, "alphas10": 48.0413052338903, "alphas11": 38.64244038850783, "alphas12": 20.363927987987797, "alphas13": 47.33326381433976, "alphas2": 0.07477461728337964, "alphas3": 10.989447134376295, "alphas4": 2.0538378307336402, "alphas5": 49.44243355438666, "alphas6": 42.53846567807376, "alphas7": 0.43628855614586404, "alphas8": 14.664053334007377, "alphas9": 46.07305249103997}, "datetime": {"datetime": "2018-12-19 14:45:05", "elapsed": 599.984749, "delta": 33.845989}}
{"target": 0.08629105101754397, "params": {"alphas0": 33.513714338288786, "alphas1": 49.500290609065715, "alphas10": 43.94385517028235, "alphas11": 22.257513592640144, "alphas12": 28.116741944358292, "alphas13": 47.39852914709837, "alphas2": 44.133711700999704, "alphas3": 1.5098859004325005, "alphas4": 3.4125202707164295, "alphas5": 49.72406732537721, "alphas6": 38.351913210601666, "alphas7": 0.8664011115088854, "alphas8": 33.73463964346838, "alphas9": 14.056825551130641}, "datetime": {"datetime": "2018-12-19 14:45:40", "elapsed": 635.473796, "delta": 35.489047}}
{"target": 0.08587835372486237, "params": {"alphas0": 11.340329289551965, "alphas1": 47.49513216996494, "alphas10": 47.84121040115558, "alphas11": 48.752553457961874, "alphas12": 45.83317028132188, "alphas13": 49.863693229391046, "alphas2": 0.6419788407973748, "alphas3": 1.0711917440065943, "alphas4": 3.548267016473922, "alphas5": 41.74895912359004, "alphas6": 41.41094275300169, "alphas7": 12.488839076866547, "alphas8": 30.707407912874046, "alphas9": 35.96992774403349}, "datetime": {"datetime": "2018-12-19 14:46:14", "elapsed": 669.480118, "delta": 34.006322}}
{"target": 0.08323478882427926, "params": {"alphas0": 46.596162898650164, "alphas1": 44.03505816305037, "alphas10": 20.383883107037835, "alphas11": 34.413495060424125, "alphas12": 10.295582112175799, "alphas13": 48.44723569256067, "alphas2": 4.442433243167959, "alphas3": 2.0827261029826962, "alphas4": 8.422602695629255, "alphas5": 18.382541568714228, "alphas6": 47.98984737845782, "alphas7": 0.3616578886366073, "alphas8": 0.6650779908328408, "alphas9": 48.97721189931534}, "datetime": {"datetime": "2018-12-19 14:46:49", "elapsed": 703.990419, "delta": 34.510301}}
{"target": 0.0855696086037288, "params": {"alphas0": 9.740494084462847, "alphas1": 43.5996395198345, "alphas10": 45.82026811904133, "alphas11": 7.030078297413439, "alphas12": 48.41323493722462, "alphas13": 48.190482436753754, "alphas2": 41.15717055595929, "alphas3": 6.002894692903682, "alphas4": 0.8655023319976418, "alphas5": 49.09018334494931, "alphas6": 47.14095128052084, "alphas7": 16.017579473795944, "alphas8": 40.91904244388846, "alphas9": 38.536536562613364}, "datetime": {"datetime": "2018-12-19 14:47:24", "elapsed": 739.134216, "delta": 35.143797}}
{"target": 0.08460929074822156, "params": {"alphas0": 43.34363557577481, "alphas1": 42.40211091929092, "alphas10": 42.4665215254915, "alphas11": 5.092640446524893, "alphas12": 0.8109546991766581, "alphas13": 6.9061978955695995, "alphas2": 3.2167803676442395, "alphas3": 3.8690665359008447, "alphas4": 2.7719786353417875, "alphas5": 47.92251304960686, "alphas6": 28.514611970027353, "alphas7": 15.36390594880886, "alphas8": 18.93399053780514, "alphas9": 0.628842174652039}, "datetime": {"datetime": "2018-12-19 14:48:00", "elapsed": 774.92646, "delta": 35.792244}}
{"target": 0.08502435026227925, "params": {"alphas0": 44.78587946783454, "alphas1": 49.44996016810958, "alphas10": 4.684584255778956, "alphas11": 1.3371816323102415, "alphas12": 7.348820496591624, "alphas13": 30.21116050857898, "alphas2": 0.698563923715817, "alphas3": 44.9299343333927, "alphas4": 0.21704965317706493, "alphas5": 42.16813119510469, "alphas6": 17.797121594909576, "alphas7": 3.7905619937092627, "alphas8": 45.47344270452102, "alphas9": 49.329209594092745}, "datetime": {"datetime": "2018-12-19 14:48:33", "elapsed": 808.384938, "delta": 33.458478}}
{"target": 0.08513519092861434, "params": {"alphas0": 4.074574973989881, "alphas1": 47.12931382889573, "alphas10": 49.543699045056584, "alphas11": 31.72310802722989, "alphas12": 6.19450014847569, "alphas13": 0.760147637763442, "alphas2": 29.662384742473325, "alphas3": 40.16141703830846, "alphas4": 7.422401046827959, "alphas5": 49.03840208021625, "alphas6": 49.466494491014465, "alphas7": 4.236011575891441, "alphas8": 8.062936345271703, "alphas9": 46.67929095600648}, "datetime": {"datetime": "2018-12-19 14:49:08", "elapsed": 843.461509, "delta": 35.076571}}
{"target": 0.08611688419320108, "params": {"alphas0": 49.47157641410236, "alphas1": 42.211349094329755, "alphas10": 48.71750069373187, "alphas11": 40.780389701172425, "alphas12": 36.751633018916095, "alphas13": 48.43038233473711, "alphas2": 41.835039606398816, "alphas3": 4.898275707872912, "alphas4": 5.507779880764785, "alphas5": 46.65209599146792, "alphas6": 2.804359061033951, "alphas7": 7.906995156630414, "alphas8": 18.098272079515876, "alphas9": 48.29971088247855}, "datetime": {"datetime": "2018-12-19 14:49:41", "elapsed": 876.35481, "delta": 32.893301}}
{"target": 0.08619877734261422, "params": {"alphas0": 48.48761218708065, "alphas1": 47.58695629963992, "alphas10": 42.0673967673517, "alphas11": 44.644473652305585, "alphas12": 14.094331724748638, "alphas13": 45.040384270524854, "alphas2": 48.786437393346965, "alphas3": 1.3572273894611409, "alphas4": 3.643110557385343, "alphas5": 42.3566677302102, "alphas6": 14.837225531286885, "alphas7": 1.6415000852034844, "alphas8": 43.92695529119693, "alphas9": 43.42249855273754}, "datetime": {"datetime": "2018-12-19 14:50:15", "elapsed": 910.51001, "delta": 34.1552}}
