{"target": 0.08826227361709539, "params": {"alphas0": 1.4852577680013856, "alphas1": 46.89004046552094, "alphas10": 1.3071983906249363, "alphas11": 0.983189103391563, "alphas12": 20.892050507973636, "alphas13": 47.50048083257501, "alphas2": 42.81483368416667, "alphas3": 44.43120769807774, "alphas4": 4.803108037013026, "alphas5": 49.83020158745874, "alphas6": 11.171022034775135, "alphas7": 6.635876530097745, "alphas8": 11.111076017237554, "alphas9": 43.56942183219423}, "datetime": {"datetime": "2018-12-19 15:49:27", "elapsed": 4462.513123, "delta": 70.832926}}
{"target": 0.08681415270371542, "params": {"alphas0": 34.710047994076156, "alphas1": 49.28237088228339, "alphas10": 15.686478069033093, "alphas11": 6.8624103987680485, "alphas12": 2.5436970172746207, "alphas13": 42.57021146066713, "alphas2": 26.519571624308075, "alphas3": 48.299721380636015, "alphas4": 19.17503122148337, "alphas5": 45.825465540150994, "alphas6": 14.609351810729137, "alphas7": 0.5802595580760239, "alphas8": 6.965008069062451, "alphas9": 48.76171118016986}, "datetime": {"datetime": "2018-12-19 15:50:43", "elapsed": 4538.48151, "delta": 75.968387}}
{"target": 0.08480077408433603, "params": {"alphas0": 28.91247173880015, "alphas1": 49.54302635634005, "alphas10": 0.7365289556662824, "alphas11": 10.413279058766117, "alphas12": 30.7714357355601, "alphas13": 28.660828330428828, "alphas2": 0.08165205099923134, "alphas3": 1.4109716235460812, "alphas4": 26.396262892057585, "alphas5": 47.088367750968466, "alphas6": 9.88325070924389, "alphas7": 3.884057389866724, "alphas8": 2.104361539607269, "alphas9": 49.512888297024745}, "datetime": {"datetime": "2018-12-19 15:51:53", "elapsed": 4608.299254, "delta": 69.817744}}
{"target": 0.08782739639787941, "params": {"alphas0": 1.6417440406053585, "alphas1": 49.23280482204479, "alphas10": 1.7852951547115081, "alphas11": 24.69046476594671, "alphas12": 46.92819366794856, "alphas13": 45.48227558771734, "alphas2": 21.431254772349927, "alphas3": 41.82578894316011, "alphas4": 6.45703714975443, "alphas5": 43.88769797502526, "alphas6": 1.4119822401290838, "alphas7": 9.450658181942762, "alphas8": 0.3691887155957696, "alphas9": 42.86443996776937}, "datetime": {"datetime": "2018-12-19 15:53:04", "elapsed": 4679.116156, "delta": 70.816902}}
{"target": 0.08777642053130703, "params": {"alphas0": 3.7709950647204895, "alphas1": 48.20069083914692, "alphas10": 8.554898431193958, "alphas11": 5.954012014610466, "alphas12": 39.749493228544026, "alphas13": 48.571785805820646, "alphas2": 24.916775425235272, "alphas3": 29.977574993298255, "alphas4": 5.5276108331435925, "alphas5": 47.92242911238077, "alphas6": 5.631586177227893, "alphas7": 26.716350568990755, "alphas8": 14.297809993664151, "alphas9": 47.34241521961832}, "datetime": {"datetime": "2018-12-19 15:54:19", "elapsed": 4753.847929, "delta": 74.731773}}
{"target": 0.08804193396365903, "params": {"alphas0": 9.01694099212737, "alphas1": 49.88618904238869, "alphas10": 0.5783969957773194, "alphas11": 0.15132540983979204, "alphas12": 37.090141805520275, "alphas13": 44.68547433894854, "alphas2": 26.746527912860486, "alphas3": 43.61098895809031, "alphas4": 19.89815664011513, "alphas5": 49.43759113634575, "alphas6": 45.98841055952483, "alphas7": 10.46363272675353, "alphas8": 9.752764965493549, "alphas9": 49.820950963928425}, "datetime": {"datetime": "2018-12-19 15:55:32", "elapsed": 4827.585105, "delta": 73.737176}}
{"target": 0.0878534553915648, "params": {"alphas0": 6.138266640272095, "alphas1": 43.21253586193209, "alphas10": 3.706706028115625, "alphas11": 10.410404834743058, "alphas12": 8.197909386508412, "alphas13": 40.05497057172749, "alphas2": 24.349131558843045, "alphas3": 47.26715551504708, "alphas4": 8.036398919431287, "alphas5": 49.98984370771854, "alphas6": 24.34287476228319, "alphas7": 49.52748600464225, "alphas8": 0.9663595969278294, "alphas9": 49.12595858354143}, "datetime": {"datetime": "2018-12-19 15:56:52", "elapsed": 4907.543686, "delta": 79.958581}}
{"target": 0.08649713399385196, "params": {"alphas0": 5.505345909354009, "alphas1": 48.228639233474055, "alphas10": 25.63660595998048, "alphas11": 44.459321414434974, "alphas12": 44.62256377462319, "alphas13": 41.23885516288136, "alphas2": 25.91368195877941, "alphas3": 45.97550703613072, "alphas4": 0.7066451972369825, "alphas5": 49.95569521893171, "alphas6": 36.75638563507273, "alphas7": 15.35951996576525, "alphas8": 0.5767319325283071, "alphas9": 48.86748935533911}, "datetime": {"datetime": "2018-12-19 15:58:06", "elapsed": 4980.968394, "delta": 73.424708}}
{"target": 0.08589016357375366, "params": {"alphas0": 3.933005538715989, "alphas1": 44.31435976564578, "alphas10": 1.7942324010178146, "alphas11": 3.745676376785856, "alphas12": 48.878741167734724, "alphas13": 49.46121493287198, "alphas2": 19.07601693139763, "alphas3": 42.51970304866269, "alphas4": 15.326882721525326, "alphas5": 48.29236600958645, "alphas6": 38.6838454914393, "alphas7": 13.478689720022514, "alphas8": 25.523597054393317, "alphas9": 46.325526786859925}, "datetime": {"datetime": "2018-12-19 15:59:17", "elapsed": 5051.868206, "delta": 70.899812}}
{"target": 0.0881686535243971, "params": {"alphas0": 3.257420791557808, "alphas1": 49.308725955927464, "alphas10": 0.629303649081614, "alphas11": 12.14440831654814, "alphas12": 20.85279129137, "alphas13": 45.046498773972885, "alphas2": 41.377584167319064, "alphas3": 49.901015972625004, "alphas4": 0.8117468802203209, "alphas5": 48.81375545957113, "alphas6": 27.284119253553246, "alphas7": 13.859255061543674, "alphas8": 11.063472186242695, "alphas9": 17.09944351952367}, "datetime": {"datetime": "2018-12-19 16:00:32", "elapsed": 5127.341574, "delta": 75.473368}}
{"target": 0.08750626291160077, "params": {"alphas0": 0.7301300999530858, "alphas1": 26.845324523766728, "alphas10": 0.3084019325354681, "alphas11": 15.161175767557244, "alphas12": 49.62148744804431, "alphas13": 49.435599090209855, "alphas2": 5.141398592489105, "alphas3": 34.84408351931808, "alphas4": 13.432938348439084, "alphas5": 47.98273947670738, "alphas6": 21.489659046822478, "alphas7": 41.75149470980726, "alphas8": 2.6267076204679887, "alphas9": 44.77641781867515}, "datetime": {"datetime": "2018-12-19 16:01:45", "elapsed": 5200.489531, "delta": 73.147957}}
{"target": 0.08848917132908611, "params": {"alphas0": 0.49797841509856, "alphas1": 43.251654711748635, "alphas10": 0.45919893473518325, "alphas11": 5.286915548889681, "alphas12": 46.914945184151414, "alphas13": 48.56604740748822, "alphas2": 46.40841975331114, "alphas3": 36.08544583002751, "alphas4": 7.304225114643942, "alphas5": 42.380819809189816, "alphas6": 2.7070922038557157, "alphas7": 43.004551223147956, "alphas8": 1.1261095421607359, "alphas9": 29.921520762167514}, "datetime": {"datetime": "2018-12-19 16:02:58", "elapsed": 5273.438522, "delta": 72.948991}}
{"target": 0.08844952894831835, "params": {"alphas0": 0.6190921288310225, "alphas1": 46.957340106567216, "alphas10": 0.04902029872024816, "alphas11": 4.280330138144955, "alphas12": 14.863571058835296, "alphas13": 49.49048617383372, "alphas2": 42.70814844878142, "alphas3": 8.34156422397867, "alphas4": 32.840755900326066, "alphas5": 47.49613812787115, "alphas6": 46.58018494531674, "alphas7": 35.35496404366354, "alphas8": 4.151775702028859, "alphas9": 23.913891321024888}, "datetime": {"datetime": "2018-12-19 16:04:10", "elapsed": 5345.215445, "delta": 71.776923}}
{"target": 0.08852958730197906, "params": {"alphas0": 8.953297320446463, "alphas1": 45.33194201755851, "alphas10": 1.518526161339545, "alphas11": 19.967911550256172, "alphas12": 44.30844129166823, "alphas13": 49.4601546970675, "alphas2": 48.57553006460964, "alphas3": 28.343879884878874, "alphas4": 12.532776845182648, "alphas5": 48.236028251235375, "alphas6": 4.554870451868876, "alphas7": 2.3985297497300664, "alphas8": 3.6150723535859353, "alphas9": 46.29379361387513}, "datetime": {"datetime": "2018-12-19 16:05:25", "elapsed": 5420.271278, "delta": 75.055833}}
{"target": 0.08865438874930928, "params": {"alphas0": 4.5031421411571735, "alphas1": 41.746654312780095, "alphas10": 0.581472806910216, "alphas11": 5.601092442457206, "alphas12": 2.0023049144263783, "alphas13": 43.91741708333848, "alphas2": 45.4494869240676, "alphas3": 46.01504864266256, "alphas4": 5.330007776073936, "alphas5": 44.33718282230875, "alphas6": 6.782278215570575, "alphas7": 19.163477956979374, "alphas8": 3.6676712115541408, "alphas9": 33.44885365074834}, "datetime": {"datetime": "2018-12-19 16:06:56", "elapsed": 5511.713127, "delta": 91.441849}}
{"target": 0.08693986394323328, "params": {"alphas0": 12.506301041653394, "alphas1": 49.78550136587642, "alphas10": 5.1328351762138515, "alphas11": 16.548762900334175, "alphas12": 4.580101710214413, "alphas13": 49.93338948242629, "alphas2": 37.449768899071145, "alphas3": 33.46362804251705, "alphas4": 19.72742823648813, "alphas5": 47.02051017031968, "alphas6": 33.33203677026738, "alphas7": 4.960588448856718, "alphas8": 3.5801316825949057, "alphas9": 2.2118334898510894}, "datetime": {"datetime": "2018-12-19 16:08:09", "elapsed": 5583.843611, "delta": 72.130484}}
{"target": 0.0875683459131621, "params": {"alphas0": 0.6465239108327858, "alphas1": 48.62904660315952, "alphas10": 9.763108819438383, "alphas11": 5.191940731486105, "alphas12": 17.7384564219225, "alphas13": 47.78799617695852, "alphas2": 40.237895351056785, "alphas3": 40.25476324967163, "alphas4": 49.11071142140336, "alphas5": 48.7213923487077, "alphas6": 9.633726700805429, "alphas7": 46.59013092697265, "alphas8": 1.477940521087684, "alphas9": 14.007403329075979}, "datetime": {"datetime": "2018-12-19 16:09:25", "elapsed": 5660.173437, "delta": 76.329826}}
{"target": 0.08801804452532552, "params": {"alphas0": 0.4931316165182553, "alphas1": 49.198602457551615, "alphas10": 5.726176737460021, "alphas11": 29.820262254506048, "alphas12": 1.6748259866426918, "alphas13": 42.44324668557024, "alphas2": 43.97740221580328, "alphas3": 34.77141719326124, "alphas4": 45.39679658890042, "alphas5": 47.99573992055402, "alphas6": 45.98097139466175, "alphas7": 31.0291424676426, "alphas8": 9.834293802238282, "alphas9": 45.85039542288014}, "datetime": {"datetime": "2018-12-19 16:10:43", "elapsed": 5738.043577, "delta": 77.87014}}
{"target": 0.08803688835259614, "params": {"alphas0": 5.563806859738907, "alphas1": 48.26838583316059, "alphas10": 3.478853331477272, "alphas11": 16.68668520533179, "alphas12": 30.639772773102585, "alphas13": 47.475497773721855, "alphas2": 33.78391512713405, "alphas3": 41.76663476771523, "alphas4": 33.79870815648983, "alphas5": 49.54789329824109, "alphas6": 45.3178040576882, "alphas7": 42.338912168771465, "alphas8": 3.1695655506964906, "alphas9": 12.55140704654441}, "datetime": {"datetime": "2018-12-19 16:11:58", "elapsed": 5813.028573, "delta": 74.984996}}
{"target": 0.08819398249986203, "params": {"alphas0": 1.1539983483531357, "alphas1": 34.326745891639106, "alphas10": 3.045621663117659, "alphas11": 2.813080669423018, "alphas12": 5.9495348680303985, "alphas13": 46.58343323314204, "alphas2": 23.01781453019155, "alphas3": 40.87974204641754, "alphas4": 3.9134681624917347, "alphas5": 49.846894492139775, "alphas6": 29.816262813291516, "alphas7": 38.170427691472334, "alphas8": 5.271757860187814, "alphas9": 11.65950329548503}, "datetime": {"datetime": "2018-12-19 16:13:12", "elapsed": 5887.095792, "delta": 74.067219}}
{"target": 0.0872064281438263, "params": {"alphas0": 9.18021372142942, "alphas1": 49.16067909962715, "alphas10": 2.3048354984620376, "alphas11": 8.360170905819936, "alphas12": 0.29797385260140197, "alphas13": 46.36578090741312, "alphas2": 10.085584818313892, "alphas3": 37.04949416153027, "alphas4": 42.32371114225247, "alphas5": 45.600213544037885, "alphas6": 6.777782118795711, "alphas7": 47.562650513291125, "alphas8": 2.836896604582495, "alphas9": 5.676002489002946}, "datetime": {"datetime": "2018-12-19 16:14:29", "elapsed": 5964.123326, "delta": 77.027534}}
{"target": 0.08825641077132615, "params": {"alphas0": 3.9821754782416674, "alphas1": 49.54730268691744, "alphas10": 3.213071567913517, "alphas11": 30.888255749130884, "alphas12": 19.33051894197716, "alphas13": 45.26719047427807, "alphas2": 16.9356314235871, "alphas3": 42.19447136223634, "alphas4": 48.56842756615461, "alphas5": 48.975331674981994, "alphas6": 19.665619037953793, "alphas7": 47.488300572264045, "alphas8": 2.665654429431724, "alphas9": 24.735957031786477}, "datetime": {"datetime": "2018-12-19 16:15:44", "elapsed": 6038.738494, "delta": 74.615168}}
{"target": 0.08830459082509975, "params": {"alphas0": 18.106178569956555, "alphas1": 46.75646832734639, "alphas10": 4.092661897307531, "alphas11": 16.628582182704516, "alphas12": 17.459814247309076, "alphas13": 49.597949872493366, "alphas2": 11.166905450446208, "alphas3": 37.531238395354286, "alphas4": 14.202609561642848, "alphas5": 49.175194296713585, "alphas6": 0.15997218684951076, "alphas7": 48.639083996438224, "alphas8": 5.832525132993716, "alphas9": 49.34421829923102}, "datetime": {"datetime": "2018-12-19 16:17:06", "elapsed": 6121.079834, "delta": 82.34134}}
{"target": 0.0878765617107614, "params": {"alphas0": 6.501681879330523, "alphas1": 44.66538982888845, "alphas10": 2.7957528641173512, "alphas11": 31.02315175783691, "alphas12": 20.58274947247391, "alphas13": 41.909331201647575, "alphas2": 17.17578065362279, "alphas3": 46.90727506975189, "alphas4": 1.6846817144543502, "alphas5": 49.648031580067794, "alphas6": 30.32669353897578, "alphas7": 43.79403110667974, "alphas8": 0.8840735481371986, "alphas9": 23.5165873459932}, "datetime": {"datetime": "2018-12-19 16:18:23", "elapsed": 6198.272454, "delta": 77.19262}}
{"target": 0.08720332791927132, "params": {"alphas0": 0.9552071978389587, "alphas1": 48.381898434869285, "alphas10": 3.269489924885777, "alphas11": 29.06279854516301, "alphas12": 20.375505246576814, "alphas13": 47.29437198748538, "alphas2": 4.222964937967022, "alphas3": 42.8184680373202, "alphas4": 1.5969981557487856, "alphas5": 45.42503472872647, "alphas6": 2.299696233141979, "alphas7": 30.253882397634563, "alphas8": 14.652106856814495, "alphas9": 4.319277702853952}, "datetime": {"datetime": "2018-12-19 16:19:38", "elapsed": 6273.694767, "delta": 75.422313}}
{"target": 0.08750542035789319, "params": {"alphas0": 7.071973682888933, "alphas1": 44.876845950875314, "alphas10": 0.4840806201681036, "alphas11": 1.1184331749808651, "alphas12": 42.45924503656931, "alphas13": 45.75461325421387, "alphas2": 21.44569228328434, "alphas3": 46.7959341681316, "alphas4": 13.238342377622281, "alphas5": 48.164502742158405, "alphas6": 16.865354406609264, "alphas7": 45.19471264854247, "alphas8": 12.073785681037474, "alphas9": 9.651308242816953}, "datetime": {"datetime": "2018-12-19 16:20:55", "elapsed": 6350.285397, "delta": 76.59063}}
{"target": 0.0884366481315483, "params": {"alphas0": 2.9332542613682735, "alphas1": 48.88610937026601, "alphas10": 0.3678334921010218, "alphas11": 3.285128633766959, "alphas12": 12.780761000287033, "alphas13": 44.984203200561424, "alphas2": 43.14729276423189, "alphas3": 14.81662360713758, "alphas4": 0.2716310563287305, "alphas5": 43.39343285771096, "alphas6": 34.37242881966353, "alphas7": 34.54650978529809, "alphas8": 6.2678661720535045, "alphas9": 46.316997647085614}, "datetime": {"datetime": "2018-12-19 16:22:11", "elapsed": 6426.288188, "delta": 76.002791}}
{"target": 0.08823152758947449, "params": {"alphas0": 10.98905686840001, "alphas1": 47.856075417400476, "alphas10": 2.3335133454732313, "alphas11": 22.662752367101035, "alphas12": 2.7056716065645303, "alphas13": 47.275416031938086, "alphas2": 42.02439699944157, "alphas3": 35.857390831508646, "alphas4": 3.4194693111066377, "alphas5": 47.900968507418284, "alphas6": 45.242515612168354, "alphas7": 16.179797985369415, "alphas8": 9.509235538568738, "alphas9": 10.108737839119241}, "datetime": {"datetime": "2018-12-19 16:23:28", "elapsed": 6503.088522, "delta": 76.800334}}
{"target": 0.0877382481041865, "params": {"alphas0": 8.650237994825288, "alphas1": 49.95028221200966, "alphas10": 6.579871106469238, "alphas11": 3.2670143199782844, "alphas12": 7.133404644700741, "alphas13": 38.64516541827518, "alphas2": 49.491812730193395, "alphas3": 42.875234860452, "alphas4": 11.72319796003411, "alphas5": 49.49818623223068, "alphas6": 9.1841480659974, "alphas7": 18.575952479779183, "alphas8": 2.098082822089337, "alphas9": 45.205430781913854}, "datetime": {"datetime": "2018-12-19 16:24:45", "elapsed": 6580.014138, "delta": 76.925616}}
{"target": 0.08784881540583618, "params": {"alphas0": 1.508385656422928, "alphas1": 49.33962468039134, "alphas10": 0.8413605648791012, "alphas11": 5.399672827467938, "alphas12": 3.929540071456228, "alphas13": 40.0235146202564, "alphas2": 48.296099544355236, "alphas3": 18.68753931914363, "alphas4": 44.16048861651998, "alphas5": 48.90798604312661, "alphas6": 41.4387489070034, "alphas7": 14.785717726365549, "alphas8": 2.529565090637603, "alphas9": 11.602812799325186}, "datetime": {"datetime": "2018-12-19 16:26:11", "elapsed": 6666.186254, "delta": 86.172116}}
{"target": 0.08586800355655197, "params": {"alphas0": 18.19585293564033, "alphas1": 48.61822463309848, "alphas10": 21.15141391370453, "alphas11": 7.483414579517056, "alphas12": 48.68202309112312, "alphas13": 48.533406776590844, "alphas2": 45.05155291742904, "alphas3": 45.0041857944418, "alphas4": 5.726353899926734, "alphas5": 49.17445582533657, "alphas6": 41.29662075624563, "alphas7": 11.054860558437424, "alphas8": 0.6864062179890995, "alphas9": 19.584634596066042}, "datetime": {"datetime": "2018-12-19 16:27:35", "elapsed": 6749.956191, "delta": 83.769937}}
{"target": 0.08799789206681286, "params": {"alphas0": 5.591102050260449, "alphas1": 48.71103443077971, "alphas10": 5.450243341727646, "alphas11": 3.5258014055220666, "alphas12": 1.7847211735637636, "alphas13": 46.870890647776854, "alphas2": 41.91126100419148, "alphas3": 48.69783311670655, "alphas4": 10.62701394422698, "alphas5": 44.64033928673053, "alphas6": 0.6298827909645754, "alphas7": 38.37387163618011, "alphas8": 7.166089311533047, "alphas9": 3.3282402331903604}, "datetime": {"datetime": "2018-12-19 16:28:49", "elapsed": 6824.216388, "delta": 74.260197}}
{"target": 0.08819860319432793, "params": {"alphas0": 1.8542305386691382, "alphas1": 48.62295630604328, "alphas10": 1.713448740793283, "alphas11": 34.48670918055392, "alphas12": 0.1680088107232358, "alphas13": 42.63940283833277, "alphas2": 40.54117403807459, "alphas3": 28.588052253465396, "alphas4": 47.04884682103134, "alphas5": 49.026404778610186, "alphas6": 24.791341200846485, "alphas7": 32.297982658543845, "alphas8": 5.211503246104937, "alphas9": 6.926546429434543}, "datetime": {"datetime": "2018-12-19 16:30:09", "elapsed": 6904.372, "delta": 80.155612}}
{"target": 0.08834722747207013, "params": {"alphas0": 5.478612628377578, "alphas1": 49.966357025518846, "alphas10": 1.2524281602164622, "alphas11": 48.548603282700995, "alphas12": 29.915652609091044, "alphas13": 48.876885825588104, "alphas2": 34.22726359899173, "alphas3": 45.76718262171456, "alphas4": 4.683013205549985, "alphas5": 47.247946906660296, "alphas6": 14.470711892114219, "alphas7": 25.762056571597853, "alphas8": 9.9867586419222, "alphas9": 32.08586056279695}, "datetime": {"datetime": "2018-12-19 16:31:25", "elapsed": 6980.128416, "delta": 75.756416}}
{"target": 0.0880157760257734, "params": {"alphas0": 3.0632514635242805, "alphas1": 33.284126233163704, "alphas10": 2.376079704359224, "alphas11": 40.59997974687647, "alphas12": 4.070623648923877, "alphas13": 49.231556212112984, "alphas2": 20.960620296114747, "alphas3": 48.410554957313934, "alphas4": 15.131701789688695, "alphas5": 49.95176828752056, "alphas6": 31.019621670096793, "alphas7": 42.03740567264752, "alphas8": 1.3576168313140013, "alphas9": 41.8856043447819}, "datetime": {"datetime": "2018-12-19 16:32:43", "elapsed": 7057.938774, "delta": 77.810358}}
{"target": 0.08844733732039067, "params": {"alphas0": 6.122167892711489, "alphas1": 49.93322546914721, "alphas10": 4.294721192537343, "alphas11": 39.403110201776336, "alphas12": 37.477123549270445, "alphas13": 40.16549123697796, "alphas2": 47.61031019461225, "alphas3": 31.26548895060996, "alphas4": 0.9790904013439072, "alphas5": 47.551878415783584, "alphas6": 37.16366632676653, "alphas7": 39.11609499498641, "alphas8": 6.772567241021954, "alphas9": 24.921883892980706}, "datetime": {"datetime": "2018-12-19 16:34:03", "elapsed": 7138.473056, "delta": 80.534282}}
{"target": 0.08770202278043387, "params": {"alphas0": 6.655772724016446, "alphas1": 49.8814209569984, "alphas10": 6.187773543233799, "alphas11": 29.475359613943642, "alphas12": 10.874161294769703, "alphas13": 46.81690925933623, "alphas2": 12.513455658649287, "alphas3": 48.7694426886366, "alphas4": 5.66482371801123, "alphas5": 46.69655879861049, "alphas6": 18.206721922702908, "alphas7": 7.170654056084514, "alphas8": 4.838002109179174, "alphas9": 11.79811369148201}, "datetime": {"datetime": "2018-12-19 16:35:22", "elapsed": 7217.462715, "delta": 78.989659}}
{"target": 0.08818871513604445, "params": {"alphas0": 1.8919752739768203, "alphas1": 39.50073199192663, "alphas10": 2.197854485870349, "alphas11": 18.673588635404688, "alphas12": 46.93896489850241, "alphas13": 47.997061433890224, "alphas2": 32.255253969269695, "alphas3": 49.573729212703164, "alphas4": 15.38669709710706, "alphas5": 48.45005498298898, "alphas6": 26.533019031476186, "alphas7": 49.31749015223949, "alphas8": 3.2865062508067644, "alphas9": 8.648512264588337}, "datetime": {"datetime": "2018-12-19 16:36:41", "elapsed": 7296.032426, "delta": 78.569711}}
