{"target": 0.08804046297989651, "params": {"alphas0": 7.551824487296277, "alphas1": 42.33715968235387, "alphas10": 9.599217915923097, "alphas11": 40.99653119720815, "alphas12": 1.6479431832660485, "alphas13": 49.98390798474157, "alphas2": 42.74507687237979, "alphas3": 36.874464918125874, "alphas4": 37.82154258052581, "alphas5": 49.12550109263008, "alphas6": 0.9669815817425098, "alphas7": 34.51674915525357, "alphas8": 1.7269142548655747, "alphas9": 33.40824565447031}, "datetime": {"datetime": "2018-12-19 16:38:00", "elapsed": 7374.964559, "delta": 78.932133}}
{"target": 0.08803670572552029, "params": {"alphas0": 3.720170284977015, "alphas1": 47.38477845277228, "alphas10": 3.3098337521527634, "alphas11": 41.21456532702862, "alphas12": 8.557602971781558, "alphas13": 49.711782615681464, "alphas2": 36.596254171775826, "alphas3": 1.760100182478097, "alphas4": 4.500880179606148, "alphas5": 43.02990129045756, "alphas6": 11.213833235385273, "alphas7": 47.55784823925177, "alphas8": 14.374395812316049, "alphas9": 43.13530570307146}, "datetime": {"datetime": "2018-12-19 16:39:18", "elapsed": 7453.297943, "delta": 78.333384}}
{"target": 0.08805463010560785, "params": {"alphas0": 2.6339693259539443, "alphas1": 42.8358012692219, "alphas10": 2.436830759074099, "alphas11": 30.272027210922335, "alphas12": 34.80283867006358, "alphas13": 43.300524520794475, "alphas2": 48.79939915393025, "alphas3": 43.90418094410652, "alphas4": 2.0956687243970484, "alphas5": 44.731034885810935, "alphas6": 20.968874513248366, "alphas7": 26.131696346094106, "alphas8": 9.333669794500727, "alphas9": 1.8827936014495839}, "datetime": {"datetime": "2018-12-19 16:40:36", "elapsed": 7530.715876, "delta": 77.417933}}
{"target": 0.08761137082957214, "params": {"alphas0": 2.035098505199795, "alphas1": 46.72454785526312, "alphas10": 14.021526413755664, "alphas11": 7.611344717441177, "alphas12": 31.73430690228261, "alphas13": 48.19476485751847, "alphas2": 44.10425110086498, "alphas3": 47.335765023247674, "alphas4": 0.10827591863830088, "alphas5": 36.82868485940804, "alphas6": 7.333106830284287, "alphas7": 29.715138239549194, "alphas8": 3.601471801510364, "alphas9": 14.831723381775014}, "datetime": {"datetime": "2018-12-19 16:41:53", "elapsed": 7608.361639, "delta": 77.645763}}
{"target": 0.08775850391454801, "params": {"alphas0": 9.889814712819389, "alphas1": 47.98236589106234, "alphas10": 3.5184352980914824, "alphas11": 38.69570846883267, "alphas12": 28.8985164126147, "alphas13": 48.363206807729625, "alphas2": 46.720958792641554, "alphas3": 36.668258198999695, "alphas4": 0.8881690443160006, "alphas5": 49.94587595625481, "alphas6": 46.754566075327794, "alphas7": 31.887228233944548, "alphas8": 3.658301336398223, "alphas9": 2.760159155466857}, "datetime": {"datetime": "2018-12-19 16:43:20", "elapsed": 7694.815373, "delta": 86.453734}}
{"target": 0.08811358236620802, "params": {"alphas0": 12.7501531484284, "alphas1": 45.682910602470656, "alphas10": 2.765415525380827, "alphas11": 46.44202538653751, "alphas12": 47.9862767987153, "alphas13": 48.311709734516924, "alphas2": 20.55574280775194, "alphas3": 45.33035487906717, "alphas4": 13.896863005852012, "alphas5": 49.470643029687686, "alphas6": 45.43171505460038, "alphas7": 44.50801379986742, "alphas8": 1.5513685310323821, "alphas9": 27.623052191208625}, "datetime": {"datetime": "2018-12-19 16:44:41", "elapsed": 7775.877541, "delta": 81.062168}}
{"target": 0.0877705612066618, "params": {"alphas0": 1.4785898050111324, "alphas1": 46.965410352879935, "alphas10": 0.7790726129547065, "alphas11": 15.436366226476023, "alphas12": 6.878794844100455, "alphas13": 46.68870671881616, "alphas2": 25.407988678189536, "alphas3": 22.94103732245286, "alphas4": 38.371293092096614, "alphas5": 46.40734355704338, "alphas6": 46.21368244961584, "alphas7": 44.47381503242675, "alphas8": 0.0064604950832714, "alphas9": 40.29597874256419}, "datetime": {"datetime": "2018-12-19 16:45:54", "elapsed": 7849.444212, "delta": 73.566671}}
{"target": 0.08819751316930391, "params": {"alphas0": 0.7432042207321798, "alphas1": 38.68287668997016, "alphas10": 2.122321991213194, "alphas11": 2.937906237982385, "alphas12": 5.712936399091944, "alphas13": 42.2782995861256, "alphas2": 49.90108850710217, "alphas3": 36.50221930302493, "alphas4": 1.5966684616728344, "alphas5": 42.53209080575937, "alphas6": 48.82507039422057, "alphas7": 28.23137179256225, "alphas8": 2.0517855977479016, "alphas9": 44.01110642472809}, "datetime": {"datetime": "2018-12-19 16:47:20", "elapsed": 7935.266216, "delta": 85.822004}}
{"target": 0.08754189249743348, "params": {"alphas0": 2.2761988922443352, "alphas1": 47.58666450641632, "alphas10": 8.660677134866496, "alphas11": 24.21695082981521, "alphas12": 7.101218237402984, "alphas13": 45.16300473737239, "alphas2": 46.70562472445885, "alphas3": 34.202168125930896, "alphas4": 4.8941464501464305, "alphas5": 48.57695745368814, "alphas6": 14.379034048564149, "alphas7": 49.90930396037679, "alphas8": 16.990677782814945, "alphas9": 40.036374976252596}, "datetime": {"datetime": "2018-12-19 16:48:47", "elapsed": 8021.935822, "delta": 86.669606}}
{"target": 0.08819518716430863, "params": {"alphas0": 4.972480283278347, "alphas1": 44.31247345400446, "alphas10": 2.7992103598035945, "alphas11": 36.30688792562437, "alphas12": 6.793439687147712, "alphas13": 49.00739686163794, "alphas2": 25.153349249627244, "alphas3": 23.79706604901135, "alphas4": 34.70490337869144, "alphas5": 47.329637072172964, "alphas6": 11.735268488240052, "alphas7": 45.06612038020272, "alphas8": 5.873968732400092, "alphas9": 0.8747688561935696}, "datetime": {"datetime": "2018-12-19 16:50:13", "elapsed": 8107.917972, "delta": 85.98215}}
{"target": 0.08769286427837875, "params": {"alphas0": 10.35131657739392, "alphas1": 49.755732540831126, "alphas10": 1.9269176025602186, "alphas11": 49.36115240836405, "alphas12": 47.726684857413744, "alphas13": 36.08276283079096, "alphas2": 15.826585138041583, "alphas3": 47.32696837622326, "alphas4": 19.83327381695276, "alphas5": 48.618700179251, "alphas6": 12.232188006758266, "alphas7": 48.378695955899445, "alphas8": 7.299754326484415, "alphas9": 3.5088739961580795}, "datetime": {"datetime": "2018-12-19 16:51:41", "elapsed": 8195.866125, "delta": 87.948153}}
{"target": 0.0882562730635497, "params": {"alphas0": 1.7593060497991642, "alphas1": 49.53338587112089, "alphas10": 5.336471612408877, "alphas11": 11.81130121325249, "alphas12": 13.117879581862946, "alphas13": 45.10111867345732, "alphas2": 21.269959848394613, "alphas3": 44.136766490219166, "alphas4": 0.9472661548252326, "alphas5": 49.508406715939884, "alphas6": 37.0678323365761, "alphas7": 35.71080222574084, "alphas8": 7.492173351211945, "alphas9": 32.33547487402076}, "datetime": {"datetime": "2018-12-19 16:53:10", "elapsed": 8285.195191, "delta": 89.329066}}
{"target": 0.08770229884839399, "params": {"alphas0": 2.2993515068245096, "alphas1": 43.570648510820085, "alphas10": 0.02818585882068958, "alphas11": 0.7037453901245383, "alphas12": 0.5820688035842625, "alphas13": 36.12014012426929, "alphas2": 10.948053796162688, "alphas3": 29.24984279509819, "alphas4": 5.115696365946393, "alphas5": 49.427092902174806, "alphas6": 33.12230973674212, "alphas7": 46.3538090490946, "alphas8": 8.783152569265674, "alphas9": 24.45820688562323}, "datetime": {"datetime": "2018-12-19 16:54:37", "elapsed": 8372.28386, "delta": 87.088669}}
{"target": 0.08525178865717334, "params": {"alphas0": 3.726054981504723, "alphas1": 49.303074367283976, "alphas10": 24.047009808984303, "alphas11": 17.90956614378194, "alphas12": 0.19286963450409478, "alphas13": 39.63920401194292, "alphas2": 43.700937849378924, "alphas3": 46.78154835024076, "alphas4": 22.12461531723589, "alphas5": 47.74805760210123, "alphas6": 12.56083197821891, "alphas7": 43.95351444082407, "alphas8": 0.5351873492658588, "alphas9": 1.8147480984450293}, "datetime": {"datetime": "2018-12-19 16:55:56", "elapsed": 8451.293987, "delta": 79.010127}}
{"target": 0.08845980451750304, "params": {"alphas0": 4.044376224897439, "alphas1": 48.55470009967773, "alphas10": 1.7897119598466182, "alphas11": 37.470133726424265, "alphas12": 33.07029910270487, "alphas13": 47.72020289991244, "alphas2": 45.13336684112087, "alphas3": 7.5332859941922905, "alphas4": 13.065076876179289, "alphas5": 47.31919892263418, "alphas6": 24.77591333301791, "alphas7": 30.381159026480343, "alphas8": 5.863307353460723, "alphas9": 9.929100889931242}, "datetime": {"datetime": "2018-12-19 16:57:14", "elapsed": 8528.918582, "delta": 77.624595}}
{"target": 0.0874687908103875, "params": {"alphas0": 4.504752845720161, "alphas1": 47.91727055360697, "alphas10": 1.0934322356693449, "alphas11": 11.421537441839169, "alphas12": 26.24634559693806, "alphas13": 21.41023944048014, "alphas2": 49.94212279380117, "alphas3": 43.6730274698938, "alphas4": 11.874354923784741, "alphas5": 48.30706248164312, "alphas6": 5.829732394367931, "alphas7": 41.81530755537695, "alphas8": 1.279092543963667, "alphas9": 30.373303824193766}, "datetime": {"datetime": "2018-12-19 16:58:29", "elapsed": 8604.001937, "delta": 75.083355}}
{"target": 0.08746066608590325, "params": {"alphas0": 9.627322099659057, "alphas1": 48.45680118966763, "alphas10": 10.23956410807157, "alphas11": 23.611594568588234, "alphas12": 37.47286111712585, "alphas13": 47.805808092076305, "alphas2": 47.23982977554378, "alphas3": 18.163374411274706, "alphas4": 1.3917746965318223, "alphas5": 49.55472518760332, "alphas6": 1.3906749591848622, "alphas7": 47.078640054677315, "alphas8": 0.28448302482974586, "alphas9": 47.67356905753669}, "datetime": {"datetime": "2018-12-19 16:59:48", "elapsed": 8682.981002, "delta": 78.979065}}
{"target": 0.08866495692761905, "params": {"alphas0": 0.5069216191675163, "alphas1": 49.816428162129604, "alphas10": 0.8285099731361878, "alphas11": 42.70901507196787, "alphas12": 1.6146300801460178, "alphas13": 45.427224562844614, "alphas2": 45.73992759516472, "alphas3": 27.19270169796137, "alphas4": 10.694613051424112, "alphas5": 40.91922698925302, "alphas6": 11.804024131626273, "alphas7": 39.47308095470555, "alphas8": 6.122285137320627, "alphas9": 38.65663126445876}, "datetime": {"datetime": "2018-12-19 17:01:21", "elapsed": 8775.997823, "delta": 93.016821}}
{"target": 0.08776258606438117, "params": {"alphas0": 14.331509787805807, "alphas1": 48.583720039549014, "alphas10": 3.61120272164393, "alphas11": 44.90290033345787, "alphas12": 32.56989295587607, "alphas13": 39.869847064411395, "alphas2": 28.246081168417348, "alphas3": 49.61129990746328, "alphas4": 9.160147027730947, "alphas5": 48.72997887218973, "alphas6": 30.111355946770622, "alphas7": 48.958096502837925, "alphas8": 8.3416019824123, "alphas9": 1.5529793744798903}, "datetime": {"datetime": "2018-12-19 17:02:40", "elapsed": 8855.180483, "delta": 79.18266}}
{"target": 0.08748292920834932, "params": {"alphas0": 8.495693649457614, "alphas1": 49.434786134402735, "alphas10": 5.1744759568542795, "alphas11": 46.82225260321606, "alphas12": 9.695453337702348, "alphas13": 44.97092347658407, "alphas2": 40.83766124509756, "alphas3": 45.607933117880286, "alphas4": 1.1608525327228336, "alphas5": 44.929638226323895, "alphas6": 48.48918671103949, "alphas7": 39.58479791353063, "alphas8": 19.076824078702355, "alphas9": 44.19460396145268}, "datetime": {"datetime": "2018-12-19 17:03:59", "elapsed": 8934.342397, "delta": 79.161914}}
{"target": 0.08838094679522815, "params": {"alphas0": 8.003740189373437, "alphas1": 47.68342798764621, "alphas10": 1.2579748021272708, "alphas11": 5.086268415411455, "alphas12": 0.33081471173511123, "alphas13": 49.795981733315145, "alphas2": 18.98031501541537, "alphas3": 49.84071929284341, "alphas4": 17.32105599091383, "alphas5": 43.44659866679734, "alphas6": 0.4812577285484565, "alphas7": 45.765748323446616, "alphas8": 3.412152367774551, "alphas9": 31.833253389254203}, "datetime": {"datetime": "2018-12-19 17:05:19", "elapsed": 9013.843355, "delta": 79.500958}}
{"target": 0.08827891362361108, "params": {"alphas0": 0.5342920570908904, "alphas1": 43.67656628369529, "alphas10": 5.7104082508561635, "alphas11": 38.66781734643846, "alphas12": 32.272741069254515, "alphas13": 44.38724951369062, "alphas2": 37.996052692543174, "alphas3": 44.546306151345696, "alphas4": 0.44532613494092654, "alphas5": 42.911982611446284, "alphas6": 44.45733477277619, "alphas7": 41.44189796700419, "alphas8": 5.808603980412236, "alphas9": 39.80363669902048}, "datetime": {"datetime": "2018-12-19 17:06:35", "elapsed": 9090.209286, "delta": 76.365931}}
{"target": 0.0872065875776852, "params": {"alphas0": 2.1400048953229502, "alphas1": 47.672083671598465, "alphas10": 13.497950423605342, "alphas11": 40.99850731078819, "alphas12": 44.83792924850595, "alphas13": 45.155681313936384, "alphas2": 2.5592282703009896, "alphas3": 9.77448658579248, "alphas4": 13.460112957445814, "alphas5": 44.04900264741498, "alphas6": 2.15513500327042, "alphas7": 49.56178926645428, "alphas8": 0.9986605792993541, "alphas9": 46.57413526127582}, "datetime": {"datetime": "2018-12-19 17:07:54", "elapsed": 9169.198009, "delta": 78.988723}}
{"target": 0.08724257140791648, "params": {"alphas0": 9.47901150003671, "alphas1": 49.57482760890639, "alphas10": 2.0108732051462685, "alphas11": 8.349135775400423, "alphas12": 2.7560611875074468, "alphas13": 46.707922860580894, "alphas2": 37.988069804053715, "alphas3": 33.379787130432526, "alphas4": 3.9089912883021105, "alphas5": 42.75986019971017, "alphas6": 31.450281537646994, "alphas7": 9.411715122313053, "alphas8": 5.1992678119437645, "alphas9": 2.6086664372160397}, "datetime": {"datetime": "2018-12-19 17:09:15", "elapsed": 9250.221888, "delta": 81.023879}}
{"target": 0.08653966971130726, "params": {"alphas0": 16.01929567656378, "alphas1": 49.005886939020876, "alphas10": 3.4105016349889663, "alphas11": 32.65716970576046, "alphas12": 49.76241641673558, "alphas13": 47.03621940091255, "alphas2": 42.16555989273197, "alphas3": 38.863232045980986, "alphas4": 1.8316041470714972, "alphas5": 49.528203227584505, "alphas6": 4.426655121492473, "alphas7": 32.442001683148554, "alphas8": 0.00921177000638429, "alphas9": 22.424370655954046}, "datetime": {"datetime": "2018-12-19 17:10:33", "elapsed": 9328.103896, "delta": 77.882008}}
{"target": 0.08480012790507083, "params": {"alphas0": 24.602361151601947, "alphas1": 49.04718192016475, "alphas10": 2.446657246126971, "alphas11": 37.53115846800414, "alphas12": 25.866099442198248, "alphas13": 42.69536611707878, "alphas2": 49.375552361255465, "alphas3": 17.13583428208124, "alphas4": 44.03347691359705, "alphas5": 49.81220489258628, "alphas6": 5.440891879048837, "alphas7": 38.05763817925257, "alphas8": 0.7579711973607406, "alphas9": 3.8001983581686547}, "datetime": {"datetime": "2018-12-19 17:11:55", "elapsed": 9410.637071, "delta": 82.533175}}
{"target": 0.08803890099319056, "params": {"alphas0": 3.46620528588385, "alphas1": 46.27203964051982, "alphas10": 0.17909869371750542, "alphas11": 0.7565547323174326, "alphas12": 7.921223015780482, "alphas13": 49.17773997689134, "alphas2": 45.22257866067887, "alphas3": 35.518108725297736, "alphas4": 40.43626972544342, "alphas5": 47.255775663443785, "alphas6": 36.100039919510806, "alphas7": 47.77829704767454, "alphas8": 1.5814525765109388, "alphas9": 28.399516557219002}, "datetime": {"datetime": "2018-12-19 17:13:16", "elapsed": 9491.094774, "delta": 80.457703}}
{"target": 0.08800300454488856, "params": {"alphas0": 1.8493999822289886, "alphas1": 48.58334336571594, "alphas10": 12.290456340076094, "alphas11": 19.375191639490176, "alphas12": 32.07293813308137, "alphas13": 47.75823913940249, "alphas2": 40.88179896263389, "alphas3": 3.472400805982312, "alphas4": 5.3923888593064735, "alphas5": 48.94980627136611, "alphas6": 19.501040008331362, "alphas7": 41.163644931609326, "alphas8": 3.676171386767735, "alphas9": 34.137002920834576}, "datetime": {"datetime": "2018-12-19 17:14:34", "elapsed": 9569.445481, "delta": 78.350707}}
{"target": 0.08809824289359725, "params": {"alphas0": 3.370538854087962, "alphas1": 47.15720443740066, "alphas10": 0.23105175448369097, "alphas11": 42.941656546262514, "alphas12": 7.968062479836796, "alphas13": 49.8779845546651, "alphas2": 45.275207922037175, "alphas3": 37.20917856814009, "alphas4": 36.67259424862984, "alphas5": 47.61616514483544, "alphas6": 28.088369274708867, "alphas7": 36.81284645027888, "alphas8": 4.493867542238872, "alphas9": 3.1480404533898776}, "datetime": {"datetime": "2018-12-19 17:15:51", "elapsed": 9646.040877, "delta": 76.595396}}
{"target": 0.0878476364100073, "params": {"alphas0": 0.6739984894148565, "alphas1": 46.66391384253855, "alphas10": 1.023350638499021, "alphas11": 20.010594013914414, "alphas12": 2.5888728039127287, "alphas13": 45.042011566119115, "alphas2": 0.5821217489817287, "alphas3": 34.08834322345918, "alphas4": 11.775631585806723, "alphas5": 48.47991969385254, "alphas6": 12.473262937489132, "alphas7": 0.5437256386161049, "alphas8": 11.080579768066068, "alphas9": 46.08641023343618}, "datetime": {"datetime": "2018-12-19 17:17:17", "elapsed": 9732.619018, "delta": 86.578141}}
{"target": 0.08767749603119614, "params": {"alphas0": 3.0089869660651747, "alphas1": 42.578388477510636, "alphas10": 14.892240299525533, "alphas11": 38.404936036882894, "alphas12": 1.4942721780954016, "alphas13": 46.05776339529604, "alphas2": 24.667952015186216, "alphas3": 43.08091257266602, "alphas4": 0.20872527510936711, "alphas5": 49.63474241740186, "alphas6": 49.41175686693071, "alphas7": 19.07229379191516, "alphas8": 2.870464542541873, "alphas9": 31.024997116850077}, "datetime": {"datetime": "2018-12-19 17:18:37", "elapsed": 9812.463292, "delta": 79.844274}}
{"target": 0.08797072682845865, "params": {"alphas0": 2.9773612823186912, "alphas1": 43.62321370067176, "alphas10": 2.9750976447951216, "alphas11": 15.667345263082044, "alphas12": 22.364439189059325, "alphas13": 47.373740606529026, "alphas2": 0.4378135304280939, "alphas3": 32.52087643116473, "alphas4": 8.795196967483337, "alphas5": 45.887650526314836, "alphas6": 38.20083032376903, "alphas7": 46.64675150909655, "alphas8": 0.31391530251880795, "alphas9": 40.92916178729527}, "datetime": {"datetime": "2018-12-19 17:19:57", "elapsed": 9891.908283, "delta": 79.444991}}
{"target": 0.08734917931209808, "params": {"alphas0": 23.346533629724465, "alphas1": 49.10673049399736, "alphas10": 6.197633341053399, "alphas11": 49.48740796841773, "alphas12": 6.872979322183104, "alphas13": 47.03258446726002, "alphas2": 41.02452346790359, "alphas3": 38.18521450699466, "alphas4": 14.775991566686407, "alphas5": 49.75920075385765, "alphas6": 19.805751320397313, "alphas7": 43.99828203115405, "alphas8": 1.0969025896971851, "alphas9": 41.969127666808994}, "datetime": {"datetime": "2018-12-19 17:21:18", "elapsed": 9973.242115, "delta": 81.333832}}
{"target": 0.08832401466385396, "params": {"alphas0": 2.3567462228858806, "alphas1": 31.32242628405683, "alphas10": 1.5360754292453038, "alphas11": 3.8089879654455205, "alphas12": 4.0376796266602515, "alphas13": 44.12465983632642, "alphas2": 21.60923530382874, "alphas3": 36.87939155937221, "alphas4": 0.3668912761409182, "alphas5": 48.86450934684144, "alphas6": 34.9002164475268, "alphas7": 36.27933141944335, "alphas8": 3.685349562538004, "alphas9": 24.19268782128283}, "datetime": {"datetime": "2018-12-19 17:22:40", "elapsed": 10054.99167, "delta": 81.749555}}
{"target": 0.08809781861692104, "params": {"alphas0": 3.018567282164547, "alphas1": 29.775296528958368, "alphas10": 1.6192398181410883, "alphas11": 13.97158559253507, "alphas12": 45.22892082548884, "alphas13": 46.25120633437842, "alphas2": 45.97460491929225, "alphas3": 45.515965933378354, "alphas4": 7.588959992954281, "alphas5": 47.10107727759251, "alphas6": 41.881109613272194, "alphas7": 36.44263533731802, "alphas8": 2.3263494299252843, "alphas9": 34.36067794399348}, "datetime": {"datetime": "2018-12-19 17:24:04", "elapsed": 10139.56771, "delta": 84.57604}}
{"target": 0.08787584635140416, "params": {"alphas0": 2.308474440085728, "alphas1": 44.34069615878386, "alphas10": 8.100586871064086, "alphas11": 47.80406609997033, "alphas12": 10.989982236643876, "alphas13": 48.33311912720822, "alphas2": 5.101910312752144, "alphas3": 33.81146576461626, "alphas4": 15.847963717507852, "alphas5": 44.882024144393725, "alphas6": 32.142401477055174, "alphas7": 45.85873495911375, "alphas8": 0.2247932717608203, "alphas9": 41.50181439743125}, "datetime": {"datetime": "2018-12-19 17:25:23", "elapsed": 10218.117309, "delta": 78.549599}}
{"target": 0.08705438203620014, "params": {"alphas0": 7.027031012710516, "alphas1": 43.32409713859211, "alphas10": 0.3724716653442761, "alphas11": 43.28503639021025, "alphas12": 34.960963428310684, "alphas13": 37.55769453629307, "alphas2": 39.74595275814956, "alphas3": 47.87917640736746, "alphas4": 2.158645593744729, "alphas5": 46.400192262459015, "alphas6": 49.38681474180589, "alphas7": 45.86789861467394, "alphas8": 14.813138679478094, "alphas9": 49.819421321117616}, "datetime": {"datetime": "2018-12-19 17:26:46", "elapsed": 10301.240888, "delta": 83.123579}}
{"target": 0.08775132385323683, "params": {"alphas0": 0.34184730228900007, "alphas1": 44.62447941879032, "alphas10": 0.4453062306716049, "alphas11": 16.941878505862533, "alphas12": 5.839033993020765, "alphas13": 46.48544349053669, "alphas2": 23.76876326409785, "alphas3": 24.29854891425598, "alphas4": 10.440011659041875, "alphas5": 49.716490865378006, "alphas6": 43.43609868724482, "alphas7": 6.043669457966471, "alphas8": 11.490071245163424, "alphas9": 45.326047396757254}, "datetime": {"datetime": "2018-12-19 17:28:10", "elapsed": 10385.127245, "delta": 83.886357}}
