{"target": 0.05714398269400342, "params": {"lambda_i": 2.6848219911013573, "lambda_j": 1.5589078242324819, "learning_rate": 0.554813300681525, "sgd_mode": 1.4082720359439822}, "datetime": {"datetime": "2018-12-12 22:57:56", "elapsed": 0.0, "delta": 0.0}}
{"target": 0.05672948009574193, "params": {"lambda_i": 1.6640817552680245, "lambda_j": 2.1620320038066847, "learning_rate": 0.4843082248398882, "sgd_mode": 0.9628959861071611}, "datetime": {"datetime": "2018-12-12 23:07:44", "elapsed": 588.129034, "delta": 588.129034}}
{"target": 0.0206536018990929, "params": {"lambda_i": 0.034538518669789964, "lambda_j": 2.463478791832808, "learning_rate": 1.4385527483835938, "sgd_mode": 2.7209739465062532}, "datetime": {"datetime": "2018-12-12 23:16:48", "elapsed": 1132.493474, "delta": 544.36444}}
{"target": 0.011068358985260766, "params": {"lambda_i": 0.0, "lambda_j": 0.0, "learning_rate": 0.0, "sgd_mode": 0.0}, "datetime": {"datetime": "2018-12-12 23:29:30", "elapsed": 1893.805231, "delta": 761.311757}}
{"target": 0.062377165186444816, "params": {"lambda_i": 3.0, "lambda_j": 3.0, "learning_rate": 2.0, "sgd_mode": 0.0}, "datetime": {"datetime": "2018-12-12 23:49:58", "elapsed": 3122.00284, "delta": 1228.197609}}
{"target": 0.0615876850907028, "params": {"lambda_i": 3.0, "lambda_j": 3.0, "learning_rate": 1.889227791016514e-08, "sgd_mode": 0.0}, "datetime": {"datetime": "2018-12-13 00:12:24", "elapsed": 4468.564615, "delta": 1346.561775}}
{"target": 0.05397144127928938, "params": {"lambda_i": 3.0, "lambda_j": 3.0, "learning_rate": 0.0, "sgd_mode": 3.0}, "datetime": {"datetime": "2018-12-13 00:53:19", "elapsed": 6923.070822, "delta": 2454.506207}}
