{"target": 0.062098709829302164, "params": {"lambda_i": 2.412949869112207, "lambda_j": 3.7495377276911626, "learning_rate": 0.5929678340934528, "sgd_mode": 1.1702257008283117, "topK": 3.0613590702490265}, "datetime": {"datetime": "2018-12-12 23:25:05", "elapsed": 0.0, "delta": 0.0}}
{"target": 0.06290126998299328, "params": {"lambda_i": 0.8996079824750891, "lambda_j": 1.4094660391343705, "learning_rate": 0.17010788310700464, "sgd_mode": 1.498407237653463, "topK": 4.310175790415208}, "datetime": {"datetime": "2018-12-12 23:31:27", "elapsed": 381.493705, "delta": 381.493705}}
{"target": 0.0575066424162257, "params": {"lambda_i": 1.6153896085622443, "lambda_j": 4.50225421213949, "learning_rate": 3.203633196520112, "sgd_mode": 1.2078223519482185, "topK": 4.5841956136851465}, "datetime": {"datetime": "2018-12-12 23:37:31", "elapsed": 746.049189, "delta": 364.555484}}
{"target": 0.06577097091521776, "params": {"lambda_i": 4.57315186121593, "lambda_j": 2.139514865142163, "learning_rate": 1.8079736686964076, "sgd_mode": 2.0104865779032153, "topK": 4.0573599366263995}, "datetime": {"datetime": "2018-12-13 00:18:02", "elapsed": 3176.522134, "delta": 2430.472945}}
{"target": 0.06521449045729388, "params": {"lambda_i": 1.1845325010024954, "lambda_j": 3.124981997248274, "learning_rate": 0.64707955743651, "sgd_mode": 2.908457379863445, "topK": 2.8932874042035}, "datetime": {"datetime": "2018-12-13 00:25:55", "elapsed": 3650.247637, "delta": 473.725503}}
{"target": 0.05875408344356247, "params": {"lambda_i": 4.705561718314165, "lambda_j": 0.035038914613300665, "learning_rate": 0.29784611739671796, "sgd_mode": 2.8602239803446854, "topK": 0.6991944919637422}, "datetime": {"datetime": "2018-12-13 00:31:26", "elapsed": 3980.606497, "delta": 330.35886}}
{"target": 0.06237760991433602, "params": {"lambda_i": 5.0, "lambda_j": 5.0, "learning_rate": 0.0, "sgd_mode": 3.0, "topK": 9.0}, "datetime": {"datetime": "2018-12-13 00:37:36", "elapsed": 4351.070138, "delta": 370.463641}}
