{"target": 0.06752346941924904, "params": {"alphas0": 12.056832553710608, "alphas1": 23.468314131202778, "alphas10": 5.7373210338968805, "alphas11": 23.967836897151162, "alphas12": 13.639880199932888, "alphas13": 3.0205211778842944, "alphas14": 26.72783778850419, "alphas2": 30.488538779430083, "alphas3": 4.864474030701098, "alphas4": 27.368670887264766, "alphas5": 16.050095279718146, "alphas6": 2.747008671029283, "alphas7": 39.85997598111362, "alphas8": 15.03660625139846, "alphas9": 37.47598883948885}, "datetime": {"datetime": "2018-12-18 12:38:08", "elapsed": 0.0, "delta": 0.0}}
{"target": 0.06852767630385476, "params": {"alphas0": 19.98762099325091, "alphas1": 32.732741922870396, "alphas10": 4.567022604438593, "alphas11": 26.540415015030593, "alphas12": 16.23740258364847, "alphas13": 29.033480688678573, "alphas14": 30.72017706113105, "alphas2": 7.385259444585723, "alphas3": 8.362615691835206, "alphas4": 10.492472352680995, "alphas5": 28.275351809691763, "alphas6": 9.045581682268695, "alphas7": 34.83783492374889, "alphas8": 3.5180317655176463, "alphas9": 31.86365134720529}, "datetime": {"datetime": "2018-12-18 12:38:18", "elapsed": 9.615944, "delta": 9.615944}}
{"target": 0.06821705750818838, "params": {"alphas0": 24.275849125734943, "alphas1": 18.15545253526521, "alphas10": 10.992591094438842, "alphas11": 18.1434062191496, "alphas12": 6.51290662348579, "alphas13": 16.6647839184367, "alphas14": 1.1914554076614303, "alphas2": 13.657104375526599, "alphas3": 21.594533720998324, "alphas4": 17.169698633295887, "alphas5": 5.4798499177027615, "alphas6": 25.45173392848881, "alphas7": 32.657525011362736, "alphas8": 35.007398521829245, "alphas9": 30.595792832481692}, "datetime": {"datetime": "2018-12-18 12:38:21", "elapsed": 13.350756, "delta": 3.734812}}
{"target": 0.06799484385235555, "params": {"alphas0": 16.09279793380995, "alphas1": 39.91721525971039, "alphas10": 8.477642180880212, "alphas11": 11.218678392616134, "alphas12": 8.404812364712493, "alphas13": 22.674716839901514, "alphas14": 37.212822325367135, "alphas2": 30.568962607157566, "alphas3": 12.380107287574162, "alphas4": 8.528307166634882, "alphas5": 10.542307203952648, "alphas6": 28.81525054906413, "alphas7": 17.305902901227945, "alphas8": 23.743151039613668, "alphas9": 38.470331359084526}, "datetime": {"datetime": "2018-12-18 12:38:25", "elapsed": 16.917627, "delta": 3.566871}}
{"target": 0.06809093565759634, "params": {"alphas0": 28.149779763389148, "alphas1": 16.252881770288848, "alphas10": 17.024237374787248, "alphas11": 31.357960120605426, "alphas12": 37.545007095852355, "alphas13": 2.164384291927499, "alphas14": 17.48501642750357, "alphas2": 26.297458689226346, "alphas3": 26.028068608299833, "alphas4": 27.466191566495084, "alphas5": 30.17293968689294, "alphas6": 31.517652498039133, "alphas7": 25.343967499338234, "alphas8": 17.978148468742766, "alphas9": 39.68597835770706}, "datetime": {"datetime": "2018-12-18 12:38:29", "elapsed": 20.873431, "delta": 3.955804}}
{"target": 0.06855561051272345, "params": {"alphas0": 10.409048290792144, "alphas1": 38.4979538147407, "alphas10": 20.245528197832733, "alphas11": 27.815621703842957, "alphas12": 33.501181453932205, "alphas13": 5.569957372145491, "alphas14": 19.124950694785895, "alphas2": 8.53343612873449, "alphas3": 4.560638508183006, "alphas4": 11.192776186414605, "alphas5": 27.889489329376115, "alphas6": 31.876458679665095, "alphas7": 18.16338613904503, "alphas8": 24.092017525958184, "alphas9": 29.49836527613718}, "datetime": {"datetime": "2018-12-18 12:38:39", "elapsed": 30.806681, "delta": 9.93325}}
{"target": 0.06769570571932466, "params": {"alphas0": 25.283497460742236, "alphas1": 25.954368472092764, "alphas10": 30.392875481981605, "alphas11": 23.599806513670774, "alphas12": 3.57817095576598, "alphas13": 10.6960893330943, "alphas14": 39.77752673045536, "alphas2": 7.398755570560223, "alphas3": 1.6649460303049235, "alphas4": 2.4945460093576033, "alphas5": 6.069049426943476, "alphas6": 2.046151877204081, "alphas7": 19.587587764785248, "alphas8": 22.895842029377036, "alphas9": 38.77212012939321}, "datetime": {"datetime": "2018-12-18 12:38:43", "elapsed": 35.15327, "delta": 4.346589}}
{"target": 0.06791969803476927, "params": {"alphas0": 2.796142480748358, "alphas1": 8.760061903815991, "alphas10": 38.18992584316843, "alphas11": 35.60572152820575, "alphas12": 3.0430788029287603, "alphas13": 5.703137762883119, "alphas14": 30.161876089941977, "alphas2": 20.80653857259904, "alphas3": 8.5231671436363, "alphas4": 36.216873318785105, "alphas5": 2.457647248273651, "alphas6": 1.0168051466056571, "alphas7": 23.698068952037556, "alphas8": 15.595723308127853, "alphas9": 10.83562987024215}, "datetime": {"datetime": "2018-12-18 12:38:47", "elapsed": 38.712474, "delta": 3.559204}}
{"target": 0.06919237414965976, "params": {"alphas0": 12.670403778981374, "alphas1": 24.502802907973514, "alphas10": 13.311568063486611, "alphas11": 15.40389608686894, "alphas12": 30.677534107933198, "alphas13": 25.604627986625662, "alphas14": 17.3790645082427, "alphas2": 17.224967617250133, "alphas3": 7.935280106537359, "alphas4": 3.744751802629578, "alphas5": 11.493040363022512, "alphas6": 29.27703927148952, "alphas7": 26.189248879237436, "alphas8": 6.320327074750645, "alphas9": 21.780991583150016}, "datetime": {"datetime": "2018-12-18 12:38:57", "elapsed": 48.648352, "delta": 9.935878}}
{"target": 0.06741317605190207, "params": {"alphas0": 26.80073873985572, "alphas1": 16.87011815721332, "alphas10": 9.710926655559575, "alphas11": 26.91710214201814, "alphas12": 10.801033032990786, "alphas13": 14.617685752191383, "alphas14": 1.2850781819323398, "alphas2": 9.673945661370077, "alphas3": 37.04153061641081, "alphas4": 31.747677837568283, "alphas5": 35.190825293500765, "alphas6": 22.06701738778918, "alphas7": 5.1663930168260785, "alphas8": 11.526391198778882, "alphas9": 0.503730072351849}, "datetime": {"datetime": "2018-12-18 12:39:02", "elapsed": 53.928252, "delta": 5.2799}}
{"target": 0.06942603155706711, "params": {"alphas0": 4.579048763365252, "alphas1": 1.7629248990457569, "alphas10": 27.678064686768277, "alphas11": 14.376969767967168, "alphas12": 33.80772295732574, "alphas13": 25.887203276387876, "alphas14": 35.416771495121885, "alphas2": 28.40177526322347, "alphas3": 9.704473930667557, "alphas4": 20.529204350321052, "alphas5": 14.942778522841195, "alphas6": 29.50357606673102, "alphas7": 28.433098476928183, "alphas8": 39.30481423414933, "alphas9": 11.533774805065367}, "datetime": {"datetime": "2018-12-18 12:39:12", "elapsed": 64.311937, "delta": 10.383685}}
{"target": 0.06895740025825127, "params": {"alphas0": 32.17961790630474, "alphas1": 0.2856562567431009, "alphas10": 28.20575672372183, "alphas11": 24.957963376522876, "alphas12": 15.318082751535993, "alphas13": 18.2232398543902, "alphas14": 1.725738050401917, "alphas2": 29.873995045114974, "alphas3": 14.815639244550072, "alphas4": 17.68607791402615, "alphas5": 16.26050370252402, "alphas6": 6.514296821361758, "alphas7": 24.34652904980784, "alphas8": 6.425323891947308, "alphas9": 17.885257086949263}, "datetime": {"datetime": "2018-12-18 12:39:16", "elapsed": 67.976886, "delta": 3.664949}}
{"target": 0.06791560780423274, "params": {"alphas0": 34.047461568332324, "alphas1": 0.3357735134461448, "alphas10": 17.56269995484752, "alphas11": 28.74460281905671, "alphas12": 16.941101413816515, "alphas13": 19.378379225150034, "alphas14": 31.432352530689975, "alphas2": 24.98175755191945, "alphas3": 3.6180524788564172, "alphas4": 33.34431338307617, "alphas5": 7.411200092668886, "alphas6": 15.485111875546638, "alphas7": 39.95205147063008, "alphas8": 35.17473446047114, "alphas9": 39.70944817002829}, "datetime": {"datetime": "2018-12-18 12:39:20", "elapsed": 71.896651, "delta": 3.919765}}
{"target": 0.06846259744268066, "params": {"alphas0": 11.31791995093181, "alphas1": 8.097560552093945, "alphas10": 11.226119448659052, "alphas11": 32.959816219667864, "alphas12": 25.856998632680558, "alphas13": 20.040110011721914, "alphas14": 28.217368694107332, "alphas2": 9.955525636821822, "alphas3": 13.795310658799593, "alphas4": 38.12161208687647, "alphas5": 7.171133427733438, "alphas6": 18.498176472788543, "alphas7": 22.62041301813241, "alphas8": 21.814805995518114, "alphas9": 11.39344940110476}, "datetime": {"datetime": "2018-12-18 12:39:24", "elapsed": 75.468011, "delta": 3.57136}}
{"target": 0.06773881087805486, "params": {"alphas0": 7.161536651197773, "alphas1": 8.873640359187709, "alphas10": 16.30365202209593, "alphas11": 2.498656681514495, "alphas12": 29.452771317725855, "alphas13": 5.9090728293773775, "alphas14": 34.17404861773109, "alphas2": 26.95068062604204, "alphas3": 9.04877130514187, "alphas4": 31.280439708161442, "alphas5": 1.6565195299878654, "alphas6": 10.613667064823362, "alphas7": 16.10486793952527, "alphas8": 5.139267457862018, "alphas9": 31.94333432353273}, "datetime": {"datetime": "2018-12-18 12:39:27", "elapsed": 79.053895, "delta": 3.585884}}
{"target": 0.0692959205089442, "params": {"alphas0": 32.21213515201458, "alphas1": 36.066086082326414, "alphas10": 39.281943861487825, "alphas11": 16.434592857366827, "alphas12": 33.39275865613239, "alphas13": 1.4078040448264861, "alphas14": 30.921942334039727, "alphas2": 1.6399591281234072, "alphas3": 35.141225706272174, "alphas4": 38.09153885595531, "alphas5": 0.2677519712200427, "alphas6": 31.16564741595228, "alphas7": 37.44604273532584, "alphas8": 24.731909442084493, "alphas9": 3.793168717009907}, "datetime": {"datetime": "2018-12-18 12:39:31", "elapsed": 83.104241, "delta": 4.050346}}
{"target": 0.0694292634164776, "params": {"alphas0": 28.582724383442763, "alphas1": 13.667625075173868, "alphas10": 1.9318450657853736, "alphas11": 7.195751205511143, "alphas12": 28.7458384989364, "alphas13": 19.66851526673652, "alphas14": 15.989459940856339, "alphas2": 29.461945597171734, "alphas3": 7.22182101834659, "alphas4": 9.617747905258106, "alphas5": 19.43151418939027, "alphas6": 25.07820720416609, "alphas7": 23.583853181007647, "alphas8": 2.772063735220427, "alphas9": 8.321350971940799}, "datetime": {"datetime": "2018-12-18 12:39:42", "elapsed": 93.464586, "delta": 10.360345}}
{"target": 0.06799760109599393, "params": {"alphas0": 34.347925971123495, "alphas1": 9.239800474618498, "alphas10": 15.336313143777058, "alphas11": 28.07822803796338, "alphas12": 29.27187208807643, "alphas13": 24.24383066978603, "alphas14": 16.05512083998574, "alphas2": 23.753178594312413, "alphas3": 1.1510801751093958, "alphas4": 34.85158849712005, "alphas5": 2.546208877584961, "alphas6": 37.0880585608521, "alphas7": 14.030441635079605, "alphas8": 4.917729787019942, "alphas9": 5.279268648160498}, "datetime": {"datetime": "2018-12-18 12:39:45", "elapsed": 97.391941, "delta": 3.927355}}
{"target": 0.06780088375535383, "params": {"alphas0": 5.214143251881942, "alphas1": 28.058514855361636, "alphas10": 36.830587176646596, "alphas11": 30.756532414152918, "alphas12": 9.65335708165532, "alphas13": 29.551461852805197, "alphas14": 29.821245646026387, "alphas2": 24.988294387800906, "alphas3": 0.7898340248881608, "alphas4": 20.539363085985975, "alphas5": 38.01740516760707, "alphas6": 8.07243209607449, "alphas7": 17.724083045127607, "alphas8": 12.882914856307387, "alphas9": 1.9574095809379166}, "datetime": {"datetime": "2018-12-18 12:39:49", "elapsed": 100.883996, "delta": 3.492055}}
{"target": 0.07013660903250173, "params": {"alphas0": 14.008500703716065, "alphas1": 4.816927070850965, "alphas10": 11.457839616011762, "alphas11": 9.483396432106833, "alphas12": 1.07237205253647, "alphas13": 32.76519822798299, "alphas14": 14.562546774578973, "alphas2": 26.39960247817691, "alphas3": 36.093877278448005, "alphas4": 24.368212212997115, "alphas5": 4.226429972574022, "alphas6": 15.193750784972831, "alphas7": 38.89294852397257, "alphas8": 39.32931142307119, "alphas9": 14.497080684263182}, "datetime": {"datetime": "2018-12-18 12:39:59", "elapsed": 110.422151, "delta": 9.538155}}
{"target": 0.06941765321869481, "params": {"alphas0": 14.239626483899329, "alphas1": 38.15623000239829, "alphas10": 39.23500596674004, "alphas11": 5.760430462764261, "alphas12": 39.9848715134569, "alphas13": 26.381718476756188, "alphas14": 0.7315887173367353, "alphas2": 38.84668050534883, "alphas3": 36.76382485355657, "alphas4": 18.904908445535472, "alphas5": 33.99478794627547, "alphas6": 11.513447038368492, "alphas7": 35.558564003876086, "alphas8": 39.53383403587214, "alphas9": 5.08619648489097}, "datetime": {"datetime": "2018-12-18 12:40:28", "elapsed": 139.707558, "delta": 29.285407}}
{"target": 0.06684838788107822, "params": {"alphas0": 39.125844880860235, "alphas1": 33.04683100092455, "alphas10": 27.40213524633779, "alphas11": 38.225833443727645, "alphas12": 38.16174472323043, "alphas13": 39.88947116632271, "alphas14": 24.568581080177054, "alphas2": 16.678101169531647, "alphas3": 39.778792646338765, "alphas4": 2.6711248056094083, "alphas5": 0.6017859435546091, "alphas6": 35.38102034030294, "alphas7": 0.14023127281526993, "alphas8": 35.17448447791158, "alphas9": 1.632044188163726}, "datetime": {"datetime": "2018-12-18 12:40:56", "elapsed": 168.055286, "delta": 28.347728}}
{"target": 0.06833822067901225, "params": {"alphas0": 7.518171992390106, "alphas1": 4.354058732591262, "alphas10": 34.80341741956417, "alphas11": 6.306824790023158, "alphas12": 20.144346590043966, "alphas13": 39.39884168667695, "alphas14": 35.97689667598636, "alphas2": 4.090294437516997, "alphas3": 31.320879312008326, "alphas4": 5.36656074127706, "alphas5": 39.50317891651813, "alphas6": 38.91442587929723, "alphas7": 38.039907105324595, "alphas8": 26.578160915961384, "alphas9": 27.04491289309374}, "datetime": {"datetime": "2018-12-18 12:41:24", "elapsed": 196.103494, "delta": 28.048208}}
{"target": 0.07018119138951877, "params": {"alphas0": 6.789179056018311, "alphas1": 1.4681940506418956, "alphas10": 33.22869251200611, "alphas11": 3.022980947072207, "alphas12": 32.65519501092446, "alphas13": 11.374597275906044, "alphas14": 34.87627316805276, "alphas2": 0.7023463029038535, "alphas3": 36.3761065486463, "alphas4": 3.162863109954892, "alphas5": 33.59190406849242, "alphas6": 2.7873635017964826, "alphas7": 39.926496933197924, "alphas8": 3.399124701028571, "alphas9": 0.9383177960026634}, "datetime": {"datetime": "2018-12-18 12:41:59", "elapsed": 230.433154, "delta": 34.32966}}
{"target": 0.06543232262534632, "params": {"alphas0": 8.956629954101132, "alphas1": 3.500069317740966, "alphas10": 4.790379043696791, "alphas11": 0.004506996794324536, "alphas12": 35.337050815427865, "alphas13": 7.896979169782181, "alphas14": 1.1937284381849844, "alphas2": 6.518763876418161, "alphas3": 36.5256558263101, "alphas4": 4.847770064488617, "alphas5": 34.82824136425024, "alphas6": 2.625324095236228, "alphas7": 22.371960968499298, "alphas8": 39.15312480782643, "alphas9": 38.922844335562466}, "datetime": {"datetime": "2018-12-18 12:42:28", "elapsed": 260.214933, "delta": 29.781779}}
{"target": 0.06928090970647495, "params": {"alphas0": 0.6725541920805789, "alphas1": 6.2278064245667775, "alphas10": 38.334358624338336, "alphas11": 5.617864071119771, "alphas12": 22.769261156485783, "alphas13": 1.9754304124625444, "alphas14": 1.1889179146368445, "alphas2": 36.30621397416708, "alphas3": 1.927478134978382, "alphas4": 0.30814512032062424, "alphas5": 1.8127836009691212, "alphas6": 32.355227114022625, "alphas7": 37.97369884993782, "alphas8": 15.368264662966386, "alphas9": 2.4001123280802084}, "datetime": {"datetime": "2018-12-18 12:42:55", "elapsed": 286.842731, "delta": 26.627798}}
{"target": 0.06974112676366839, "params": {"alphas0": 24.752339325623296, "alphas1": 36.53145431053628, "alphas10": 35.86024465309231, "alphas11": 4.807954993629657, "alphas12": 14.078214829333131, "alphas13": 35.42252835268754, "alphas14": 34.77883666038582, "alphas2": 35.66458588133791, "alphas3": 35.248619124288425, "alphas4": 34.8094726782642, "alphas5": 33.87550432874818, "alphas6": 36.93220109310962, "alphas7": 39.14532686991404, "alphas8": 0.5753812400876024, "alphas9": 2.9479129129869763}, "datetime": {"datetime": "2018-12-18 12:43:24", "elapsed": 315.617552, "delta": 28.774821}}
{"target": 0.06868215605316179, "params": {"alphas0": 2.0314288375094103, "alphas1": 39.786367535198266, "alphas10": 0.3973486133152626, "alphas11": 2.2193766711891616, "alphas12": 38.008426445269976, "alphas13": 24.670396523426295, "alphas14": 2.4764366409792293, "alphas2": 36.7598532176764, "alphas3": 0.20229916986233665, "alphas4": 26.471964746632683, "alphas5": 24.11808330014441, "alphas6": 39.01967518607168, "alphas7": 39.583765296625224, "alphas8": 4.087822222331625, "alphas9": 7.731382529958606}, "datetime": {"datetime": "2018-12-18 12:43:51", "elapsed": 343.296523, "delta": 27.678971}}
{"target": 0.07099194425548, "params": {"alphas0": 2.7275926014775864, "alphas1": 13.252443827536883, "alphas10": 10.503069836052262, "alphas11": 0.7189740218227492, "alphas12": 4.017384862675755, "alphas13": 38.65262117113541, "alphas14": 39.25043975846514, "alphas2": 37.356695480477825, "alphas3": 39.31653898054356, "alphas4": 30.213051244459407, "alphas5": 29.31300013530005, "alphas6": 36.75676323091505, "alphas7": 26.655138973272333, "alphas8": 0.03248617119089303, "alphas9": 1.5988689769008113}, "datetime": {"datetime": "2018-12-18 12:44:27", "elapsed": 378.654699, "delta": 35.358176}}
{"target": 0.0698292917296547, "params": {"alphas0": 4.515325486018784, "alphas1": 37.42495216661158, "alphas10": 20.663026697116337, "alphas11": 1.4062308931995293, "alphas12": 0.7607187243125679, "alphas13": 1.6340453468894411, "alphas14": 39.97539351913181, "alphas2": 38.55600081106086, "alphas3": 39.875742318673076, "alphas4": 17.521507392872625, "alphas5": 31.35179126346946, "alphas6": 32.2871088671766, "alphas7": 38.395057342455516, "alphas8": 39.526934155202746, "alphas9": 2.6759253047175324}, "datetime": {"datetime": "2018-12-18 12:44:55", "elapsed": 407.187157, "delta": 28.532458}}
{"target": 0.0692572933043588, "params": {"alphas0": 24.125952755337636, "alphas1": 1.3542027637202958, "alphas10": 26.538530457064443, "alphas11": 18.60544244716545, "alphas12": 0.7001598111431484, "alphas13": 0.3939612624791211, "alphas14": 30.05156473063067, "alphas2": 38.10959273983333, "alphas3": 33.99877175680756, "alphas4": 29.15686303274874, "alphas5": 2.8299168578816447, "alphas6": 39.489424375380516, "alphas7": 39.721120626925355, "alphas8": 0.6315840042312582, "alphas9": 5.693250169957507}, "datetime": {"datetime": "2018-12-18 12:45:24", "elapsed": 435.686487, "delta": 28.49933}}
{"target": 0.06946924436255983, "params": {"alphas0": 39.88870357458883, "alphas1": 36.07429950916906, "alphas10": 39.758171332871306, "alphas11": 2.165391490509876, "alphas12": 3.494920827517447, "alphas13": 37.5584220578645, "alphas14": 39.089820254737255, "alphas2": 39.420943407969105, "alphas3": 23.105111792715505, "alphas4": 6.927569569946996, "alphas5": 32.8715381112033, "alphas6": 4.550256082154718, "alphas7": 33.36124100354791, "alphas8": 17.062238348288442, "alphas9": 10.441129185599575}, "datetime": {"datetime": "2018-12-18 12:45:52", "elapsed": 463.543686, "delta": 27.857199}}
{"target": 0.06635183046737186, "params": {"alphas0": 1.6848029376236129, "alphas1": 8.571112000502023, "alphas10": 5.605404635832936, "alphas11": 34.632011036735875, "alphas12": 38.551940730053076, "alphas13": 22.980843852037857, "alphas14": 36.93060506226785, "alphas2": 34.354649594301414, "alphas3": 39.56157582370022, "alphas4": 2.039176547085746, "alphas5": 14.859504494154518, "alphas6": 7.582951018851198, "alphas7": 38.253682826975414, "alphas8": 3.7964936629509305, "alphas9": 0.4536655150337987}, "datetime": {"datetime": "2018-12-18 12:46:19", "elapsed": 491.112705, "delta": 27.569019}}
{"target": 0.07026624288233797, "params": {"alphas0": 33.65463899843493, "alphas1": 21.784638501458776, "alphas10": 33.80273713762932, "alphas11": 1.5629250811299533, "alphas12": 7.4924368543665665, "alphas13": 36.07087481696237, "alphas14": 1.9337170371186518, "alphas2": 7.393795219905783, "alphas3": 8.890874628753966, "alphas4": 26.94584449888259, "alphas5": 37.24854777991675, "alphas6": 38.20640429487791, "alphas7": 39.40290184343404, "alphas8": 36.8815026516587, "alphas9": 1.0714187171765266}, "datetime": {"datetime": "2018-12-18 12:46:48", "elapsed": 520.141509, "delta": 29.028804}}
{"target": 0.0694640999937011, "params": {"alphas0": 26.00407494616997, "alphas1": 33.95951806441346, "alphas10": 37.440831264573944, "alphas11": 5.195372583353968, "alphas12": 1.8304629951482632, "alphas13": 4.7962561565424755, "alphas14": 1.4054094426632835, "alphas2": 8.87194422137937, "alphas3": 1.195184760699619, "alphas4": 39.436965231498306, "alphas5": 39.48721996971982, "alphas6": 24.16231201688025, "alphas7": 35.45550168298475, "alphas8": 3.2716232670766443, "alphas9": 4.94235163242287}, "datetime": {"datetime": "2018-12-18 12:47:16", "elapsed": 547.736396, "delta": 27.594887}}
{"target": 0.06836133824640965, "params": {"alphas0": 0.679595988516124, "alphas1": 11.787029737490023, "alphas10": 37.87954004554504, "alphas11": 3.702159773454219, "alphas12": 1.7002327046612287, "alphas13": 38.515653798157835, "alphas14": 3.190918760993724, "alphas2": 22.209576654254718, "alphas3": 11.439691344376746, "alphas4": 38.227957119800415, "alphas5": 3.491548180440085, "alphas6": 37.05798607059667, "alphas7": 32.8240788056241, "alphas8": 1.6273880440910693, "alphas9": 25.206871514437367}, "datetime": {"datetime": "2018-12-18 12:47:44", "elapsed": 576.399111, "delta": 28.662715}}
