{"target": 0.07044268455530354, "params": {"alphas0": 37.40934253948454, "alphas1": 37.78223384551105, "alphas10": 3.16505162148895, "alphas11": 2.3821914984161907, "alphas12": 3.024593464227401, "alphas13": 37.775543472897645, "alphas14": 38.464842698301666, "alphas2": 10.703234735256535, "alphas3": 31.027528633325897, "alphas4": 34.05383529035456, "alphas5": 23.810103916431924, "alphas6": 3.414931735280815, "alphas7": 36.37290754808612, "alphas8": 39.296449376156815, "alphas9": 4.439381976039072}, "datetime": {"datetime": "2018-12-18 12:48:13", "elapsed": 605.19095, "delta": 28.791839}}
{"target": 0.06995326949483482, "params": {"alphas0": 37.697286791966896, "alphas1": 3.1053792534988744, "alphas10": 29.516451524953865, "alphas11": 13.431862571524306, "alphas12": 1.6564363199225118, "alphas13": 22.571770178437763, "alphas14": 24.269702349583522, "alphas2": 4.9476756271695566, "alphas3": 3.9528713601076237, "alphas4": 2.0937262707154547, "alphas5": 36.66766570452474, "alphas6": 37.22767287380777, "alphas7": 36.98347456889953, "alphas8": 32.69135911520284, "alphas9": 0.798007904560678}, "datetime": {"datetime": "2018-12-18 12:48:42", "elapsed": 634.229566, "delta": 29.038616}}
{"target": 0.069427251228269, "params": {"alphas0": 26.421093364215725, "alphas1": 7.929422786842633, "alphas10": 36.555950306406174, "alphas11": 1.6436354907506168, "alphas12": 0.07688507623345497, "alphas13": 2.204850101464304, "alphas14": 32.65056376534918, "alphas2": 39.446654314402984, "alphas3": 32.79077630166954, "alphas4": 19.1678709309365, "alphas5": 32.74852675102798, "alphas6": 37.60555186953707, "alphas7": 36.50645079965212, "alphas8": 1.3093357000548078, "alphas9": 1.9957363778726034}, "datetime": {"datetime": "2018-12-18 12:49:10", "elapsed": 662.113952, "delta": 27.884386}}
