{"target": 0.06381716322764446, "params": {"lambda_i": 0.6982419755231775, "lambda_j": 0.17427667384776824, "learning_rate": 0.0043050349661584025, "sgd_mode": 0.4038821280428786, "topK": 514.634445618175}, "datetime": {"datetime": "2018-12-17 17:30:45", "elapsed": 0.0, "delta": 0.0}}
{"target": 0.07054537735730639, "params": {"lambda_i": 0.671638261688263, "lambda_j": 0.6430894310395693, "learning_rate": 0.0022737364962471486, "sgd_mode": 2.936664955433745, "topK": 202.7038153903285}, "datetime": {"datetime": "2018-12-17 17:35:56", "elapsed": 311.225864, "delta": 311.225864}}
{"target": 0.06155771174936841, "params": {"lambda_i": 0.2552745617317763, "lambda_j": 0.9695339506670795, "learning_rate": 0.00896865915620831, "sgd_mode": 0.4762136037804313, "topK": 92.4678332259958}, "datetime": {"datetime": "2018-12-17 17:39:50", "elapsed": 545.131293, "delta": 233.905429}}
{"target": 0.07335118518389383, "params": {"lambda_i": 0.3432876296634616, "lambda_j": 0.24559335907200408, "learning_rate": 0.0031324304605140152, "sgd_mode": 0.6479468416330723, "topK": 942.4941834395277}, "datetime": {"datetime": "2018-12-17 18:05:48", "elapsed": 2103.763112, "delta": 1558.631819}}
{"target": 0.07582578313262536, "params": {"lambda_i": 0.3392180379210187, "lambda_j": 0.9618432860875424, "learning_rate": 0.00106671799508962, "sgd_mode": 1.5021181878671335, "topK": 544.5801919127965}, "datetime": {"datetime": "2018-12-17 18:15:40", "elapsed": 2695.653671, "delta": 591.890559}}
