{"target": 0.06294851001511717, "params": {"lambda_i": 2.7366742786454266, "lambda_j": 2.372152362962133, "learning_rate": 1.0741538056217153, "sgd_mode": 0.1901564689218922}, "datetime": {"datetime": "2018-12-11 13:32:04", "elapsed": 0.0, "delta": 0.0}}
{"target": 0.05673295343600394, "params": {"lambda_i": 2.4398116212585794, "lambda_j": 0.6702713385049308, "learning_rate": 1.1052335827349733, "sgd_mode": 0.8894784188753893}, "datetime": {"datetime": "2018-12-11 13:39:54", "elapsed": 470.243407, "delta": 470.243407}}
{"target": 0.05705562670068026, "params": {"lambda_i": 2.043424756996977, "lambda_j": 2.0561012903583347, "learning_rate": 0.8963989381637807, "sgd_mode": 1.0538050330500073}, "datetime": {"datetime": "2018-12-11 13:46:50", "elapsed": 886.623516, "delta": 416.380109}}
{"target": 0.043415269148399896, "params": {"lambda_i": 0.5795068113876414, "lambda_j": 0.7674886141069197, "learning_rate": 0.3190865572755943, "sgd_mode": 2.8030420013948554}, "datetime": {"datetime": "2018-12-11 14:01:32", "elapsed": 1767.932613, "delta": 881.309097}}
{"target": 0.05974954966616251, "params": {"lambda_i": 0.49815468770768145, "lambda_j": 0.47191164284770126, "learning_rate": 1.711195709610046, "sgd_mode": 0.24316990770180025}, "datetime": {"datetime": "2018-12-11 14:09:52", "elapsed": 2268.651335, "delta": 500.718722}}
{"target": 0.06209073590639921, "params": {"lambda_i": 2.9165541474089083, "lambda_j": 2.9906925537907356, "learning_rate": 1.9926539879722553, "sgd_mode": 0.15185695600703863}, "datetime": {"datetime": "2018-12-11 14:35:49", "elapsed": 3825.093479, "delta": 1556.442144}}
{"target": 0.01690412550390522, "params": {"lambda_i": 0.024978085545554474, "lambda_j": 2.984628098460526, "learning_rate": 0.023205501616109903, "sgd_mode": 0.05126483847476426}, "datetime": {"datetime": "2018-12-11 14:43:02", "elapsed": 4258.250114, "delta": 433.156635}}
{"target": 0.05300568132716038, "params": {"lambda_i": 3.0, "lambda_j": 3.0, "learning_rate": 4.269586732306406e-10, "sgd_mode": 2.9821415182353452}, "datetime": {"datetime": "2018-12-11 15:15:28", "elapsed": 6204.516719, "delta": 1946.266605}}
{"target": 0.0529506678949357, "params": {"lambda_i": 0.0, "lambda_j": 2.9999999994232107, "learning_rate": 2.0, "sgd_mode": 3.0}, "datetime": {"datetime": "2018-12-11 15:21:26", "elapsed": 6562.73219, "delta": 358.215471}}
{"target": 0.0523091279761904, "params": {"lambda_i": 0.015823597976305614, "lambda_j": 0.08974569373799712, "learning_rate": 1.9836962837355852, "sgd_mode": 2.8998632356646006}, "datetime": {"datetime": "2018-12-11 15:32:34", "elapsed": 7229.918053, "delta": 667.185863}}
