{"target": 0.058782410840261846, "params": {"lambda_i": 1.5118916745888464, "lambda_j": 0.5940087091426616, "learning_rate": 1.0454705268638196, "sgd_mode": 1.249342004875746}, "datetime": {"datetime": "2018-12-12 15:33:37", "elapsed": 0.0, "delta": 0.0}}
{"target": 0.03714746852166783, "params": {"lambda_i": 2.969705434890034, "lambda_j": 0.2852878220475171, "learning_rate": 0.31089401401471384, "sgd_mode": 1.7606865653609658}, "datetime": {"datetime": "2018-12-12 15:49:58", "elapsed": 980.260982, "delta": 980.260982}}
{"target": 0.06361552987213392, "params": {"lambda_i": 1.556343319686774, "lambda_j": 1.7583055606464748, "learning_rate": 1.802996606795348, "sgd_mode": 1.6855995797063468}, "datetime": {"datetime": "2018-12-12 16:09:56", "elapsed": 2178.484581, "delta": 1198.223599}}
{"target": 0.008103091883975812, "params": {"lambda_i": 0.0, "lambda_j": 3.0, "learning_rate": 0.0, "sgd_mode": 0.0}, "datetime": {"datetime": "2018-12-12 16:26:59", "elapsed": 3201.065112, "delta": 1022.580531}}
{"target": 0.045530204569790796, "params": {"lambda_i": 0.0, "lambda_j": 0.0, "learning_rate": 2.0, "sgd_mode": 3.0}, "datetime": {"datetime": "2018-12-12 16:46:11", "elapsed": 4353.845146, "delta": 1152.780034}}
{"target": 0.06437832204270583, "params": {"lambda_i": 3.0, "lambda_j": 6.938893903907228e-18, "learning_rate": 2.0, "sgd_mode": 0.0}, "datetime": {"datetime": "2018-12-12 17:23:37", "elapsed": 6599.603229, "delta": 2245.758083}}
{"target": 0.05752366466679256, "params": {"lambda_i": 0.0, "lambda_j": 0.0, "learning_rate": 2.0, "sgd_mode": 0.0}, "datetime": {"datetime": "2018-12-12 17:47:30", "elapsed": 8032.541805, "delta": 1432.938576}}
{"target": 0.0653104762377172, "params": {"lambda_i": 3.0, "lambda_j": 3.0, "learning_rate": 2.0, "sgd_mode": 1.5852058383587107e-09}, "datetime": {"datetime": "2018-12-12 18:49:11", "elapsed": 11733.109413, "delta": 3700.567608}}
