{"target": 0.07336145552133738, "params": {"alpha": 0.46108023533735243, "normalize_similarity": 0.03407715032991254, "topK": 679.2064005666746}, "datetime": {"datetime": "2018-12-20 16:42:41", "elapsed": 0.0, "delta": 0.0}}
{"target": 0.0760217414548621, "params": {"alpha": 0.6610170319036497, "normalize_similarity": 0.4039489891673147, "topK": 340.73630122207527}, "datetime": {"datetime": "2018-12-20 16:43:32", "elapsed": 50.176632, "delta": 50.176632}}
{"target": 0.05439492922926051, "params": {"alpha": 1.3333599849745261, "normalize_similarity": 0.9980005579601934, "topK": 896.759180340689}, "datetime": {"datetime": "2018-12-20 16:44:11", "elapsed": 89.927216, "delta": 39.750584}}
{"target": 0.07271612179674979, "params": {"alpha": 0.00012404227021733938, "normalize_similarity": 0.4188157821644607, "topK": 366.5800727499177}, "datetime": {"datetime": "2018-12-20 16:44:47", "elapsed": 125.182126, "delta": 35.25491}}
{"target": 0.06761722256569618, "params": {"alpha": 0.1497314468755011, "normalize_similarity": 0.9427202768707884, "topK": 173.93410895549985}, "datetime": {"datetime": "2018-12-20 16:45:26", "elapsed": 164.145529, "delta": 38.963403}}
{"target": 0.02786033103487374, "params": {"alpha": 1.9669614212980167, "normalize_similarity": 0.9813772422846804, "topK": 512.2983349506569}, "datetime": {"datetime": "2018-12-20 16:46:35", "elapsed": 233.765519, "delta": 69.61999}}
{"target": 0.023810472608769073, "params": {"alpha": 1.3579692585441043, "normalize_similarity": 0.6794757056531932, "topK": 10.006630499902498}, "datetime": {"datetime": "2018-12-20 16:47:31", "elapsed": 289.659765, "delta": 55.894246}}
{"target": 0.0700631190141728, "params": {"alpha": 0.11529088710516922, "normalize_similarity": 0.251309612688728, "topK": 999.9243305448265}, "datetime": {"datetime": "2018-12-20 16:48:30", "elapsed": 348.678562, "delta": 59.018797}}
{"target": 0.06975792763395729, "params": {"alpha": 0.0027624098275933484, "normalize_similarity": 0.14482254730431543, "topK": 766.5027874157098}, "datetime": {"datetime": "2018-12-20 16:49:07", "elapsed": 385.049201, "delta": 36.370639}}
{"target": 0.07418775150500281, "params": {"alpha": 0.005319484241200545, "normalize_similarity": 0.209089955833078, "topK": 260.3424310153315}, "datetime": {"datetime": "2018-12-20 16:49:38", "elapsed": 416.674614, "delta": 31.625413}}
{"target": 0.028177990629830365, "params": {"alpha": 1.987217249782738, "normalize_similarity": 0.9160144765282378, "topK": 718.6187235726997}, "datetime": {"datetime": "2018-12-20 16:50:15", "elapsed": 453.28564, "delta": 36.611026}}
{"target": 0.07078554304110928, "params": {"alpha": 0.0, "normalize_similarity": 0.0, "topK": 598.3399237026712}, "datetime": {"datetime": "2018-12-20 16:50:50", "elapsed": 488.295762, "delta": 35.010122}}
{"target": 0.07655639994349606, "params": {"alpha": 0.0, "normalize_similarity": 3.2815639439210294e-09, "topK": 84.83244872283119}, "datetime": {"datetime": "2018-12-20 16:51:30", "elapsed": 528.763745, "delta": 40.467983}}
