{"target": 0.04426807646762397, "params": {"lambda_i": 2.6742555298390838, "lambda_j": 2.3019616779295635, "learning_rate": 1.8453962655400906, "sgd_mode": 0.23726231413561072}, "datetime": {"datetime": "2018-12-11 06:30:26", "elapsed": 0.0, "delta": 0.0}}
{"target": 0.0403529143046106, "params": {"lambda_i": 2.745543772640091, "lambda_j": 0.6530490708820188, "learning_rate": 0.7514628806683699, "sgd_mode": 2.4762158839484374}, "datetime": {"datetime": "2018-12-11 06:38:29", "elapsed": 483.054525, "delta": 483.054525}}
{"target": 0.03985061520534128, "params": {"lambda_i": 1.325462253692748, "lambda_j": 2.8851090862807975, "learning_rate": 1.1764315046461555, "sgd_mode": 1.6413001301119043}, "datetime": {"datetime": "2018-12-11 06:47:27", "elapsed": 1021.254664, "delta": 538.200139}}
{"target": 0.044370327947845685, "params": {"lambda_i": 0.6226289058639185, "lambda_j": 2.76936002630801, "learning_rate": 1.1162093743115924, "sgd_mode": 0.8612528265139217}, "datetime": {"datetime": "2018-12-11 07:06:33", "elapsed": 2166.82944, "delta": 1145.574776}}
{"target": 0.045887250409422854, "params": {"lambda_i": 1.73565644009216, "lambda_j": 1.7229742307214226, "learning_rate": 1.5842627749824063, "sgd_mode": 0.8250074560999572}, "datetime": {"datetime": "2018-12-11 07:18:50", "elapsed": 2903.730928, "delta": 736.901488}}
{"target": 0.01731806204333584, "params": {"lambda_i": 0.0, "lambda_j": 0.0, "learning_rate": 0.0, "sgd_mode": 0.0}, "datetime": {"datetime": "2018-12-11 07:27:32", "elapsed": 3426.326669, "delta": 522.595741}}
{"target": 0.039104093190980044, "params": {"lambda_i": 0.003680463298215253, "lambda_j": 0.22233000536452885, "learning_rate": 1.9767195824195087, "sgd_mode": 2.9438363537294725}, "datetime": {"datetime": "2018-12-11 10:33:25", "elapsed": 14579.219132, "delta": 11152.892463}}
{"target": 0.04525601782564863, "params": {"lambda_i": 0.0, "lambda_j": 2.9999999840693348, "learning_rate": 2.0, "sgd_mode": 3.009802015346192e-08}, "datetime": {"datetime": "2018-12-11 10:44:48", "elapsed": 15262.053657, "delta": 682.834525}}
{"target": 0.04465144025573175, "params": {"lambda_i": 2.998426664688994, "lambda_j": 0.06336802273407915, "learning_rate": 1.988708568322443, "sgd_mode": 0.33369686974587565}, "datetime": {"datetime": "2018-12-11 10:59:24", "elapsed": 16138.351302, "delta": 876.297645}}
{"target": 0.03967110972537157, "params": {"lambda_i": 2.9999999906876136, "lambda_j": 0.3515327412460749, "learning_rate": 1.9999999935918573, "sgd_mode": 2.9999999999504268}, "datetime": {"datetime": "2018-12-11 11:10:03", "elapsed": 16776.537389, "delta": 638.186087}}
{"target": 0.039331305209120565, "params": {"lambda_i": 2.999999927467525, "lambda_j": 3.0, "learning_rate": 0.012257547217283114, "sgd_mode": 0.11373998681852718}, "datetime": {"datetime": "2018-12-11 12:27:04", "elapsed": 21397.456388, "delta": 4620.918999}}
{"target": 0.03957955442176866, "params": {"lambda_i": 0.0005804008004792749, "lambda_j": 2.6916745377138738, "learning_rate": 1.9851289506984253, "sgd_mode": 2.861912560198211}, "datetime": {"datetime": "2018-12-11 12:36:22", "elapsed": 21955.640138, "delta": 558.18375}}
{"target": 0.009998711356764946, "params": {"lambda_i": 0.13452763831389003, "lambda_j": 2.6363822484936783, "learning_rate": 0.0070674431008965755, "sgd_mode": 2.9780524506611425}, "datetime": {"datetime": "2018-12-11 12:45:16", "elapsed": 22490.007848, "delta": 534.36771}}
{"target": 0.03952627607709737, "params": {"lambda_i": 3.0, "lambda_j": 0.0, "learning_rate": 0.0, "sgd_mode": 0.08123604376983493}, "datetime": {"datetime": "2018-12-11 12:55:23", "elapsed": 23096.760766, "delta": 606.752918}}
{"target": 0.045819434303350934, "params": {"lambda_i": 0.0001957254257307639, "lambda_j": 2.143718162295665, "learning_rate": 1.9900478514594793, "sgd_mode": 1.218843690022882}, "datetime": {"datetime": "2018-12-11 13:12:08", "elapsed": 24101.956094, "delta": 1005.195328}}
{"target": 0.04502419935752062, "params": {"lambda_i": 1.6714783866170126, "lambda_j": 0.0002911504460300085, "learning_rate": 1.98513222067509, "sgd_mode": 1.4662342804423636}, "datetime": {"datetime": "2018-12-11 13:26:34", "elapsed": 24967.753977, "delta": 865.797883}}
{"target": 0.0445483289241622, "params": {"lambda_i": 2.9862085550960757, "lambda_j": 0.03854949490224213, "learning_rate": 1.293165313863635, "sgd_mode": 1.250605437482661}, "datetime": {"datetime": "2018-12-11 13:48:16", "elapsed": 26270.26781, "delta": 1302.513833}}
{"target": 0.04486943915343906, "params": {"lambda_i": 1.3116555489067971, "lambda_j": 2.98901515397933, "learning_rate": 1.9558524689092258, "sgd_mode": 0.44945512674890054}, "datetime": {"datetime": "2018-12-11 14:07:19", "elapsed": 27413.328246, "delta": 1143.060436}}
{"target": 0.045521045036533016, "params": {"lambda_i": 1.0368735638105315, "lambda_j": 1.535866694466098, "learning_rate": 1.981540022126931, "sgd_mode": 0.01352117805810904}, "datetime": {"datetime": "2018-12-11 15:12:53", "elapsed": 31347.055526, "delta": 3933.72728}}
{"target": 0.041613036218190916, "params": {"lambda_i": 2.985782823555601, "lambda_j": 1.2627244405518976, "learning_rate": 1.1398808097274584, "sgd_mode": 0.004432025157450115}, "datetime": {"datetime": "2018-12-11 15:26:14", "elapsed": 32147.672815, "delta": 800.617289}}
