{"target": 0.07124929878432847, "params": {"alphas0": 33.5075779145658, "alphas1": 6.70211045303861, "alphas10": 0.25699558898871544, "alphas11": 38.7109799239716, "alphas12": 34.14492123864513, "alphas13": 47.21398693417938, "alphas2": 56.28970616679409, "alphas3": 57.984905050832644, "alphas4": 50.129712762583026, "alphas5": 32.28977384925034, "alphas6": 0.6447893094211055, "alphas7": 54.45141230397011, "alphas8": 0.6456456045323034, "alphas9": 52.355715618091914}, "datetime": {"datetime": "2018-12-18 19:04:02", "elapsed": 15881.381031, "delta": 124.622124}}
{"target": 0.06876996321491556, "params": {"alphas0": 2.0335800326977815, "alphas1": 0.09181171276353428, "alphas10": 2.879180111216837, "alphas11": 15.613835540342468, "alphas12": 21.461117759599446, "alphas13": 50.06720989922064, "alphas2": 45.205488831564566, "alphas3": 55.57016634257903, "alphas4": 56.335930577036606, "alphas5": 10.1378008278129, "alphas6": 41.27581769498851, "alphas7": 42.74355410120181, "alphas8": 0.4503113070045184, "alphas9": 46.920971592300944}, "datetime": {"datetime": "2018-12-18 19:06:10", "elapsed": 16009.071635, "delta": 127.690604}}
{"target": 0.07098756185437143, "params": {"alphas0": 52.20708224273478, "alphas1": 9.090279669064431, "alphas10": 0.4758972408985862, "alphas11": 0.47819968080287323, "alphas12": 48.58010216541449, "alphas13": 58.55829273911683, "alphas2": 50.55437488155807, "alphas3": 56.783418458656584, "alphas4": 49.73701280995322, "alphas5": 6.221917985277621, "alphas6": 51.4344761126258, "alphas7": 50.96417962449954, "alphas8": 10.768560919154977, "alphas9": 46.48142401576383}, "datetime": {"datetime": "2018-12-18 19:08:20", "elapsed": 16138.941371, "delta": 129.869736}}
{"target": 0.07129031090954899, "params": {"alphas0": 59.185252272934214, "alphas1": 23.040223925257084, "alphas10": 0.9891524556008413, "alphas11": 8.727282112192984, "alphas12": 46.28570470177002, "alphas13": 46.70723668218596, "alphas2": 59.074570817475134, "alphas3": 56.49055252806139, "alphas4": 51.78591696437139, "alphas5": 56.948547036703346, "alphas6": 51.707036716474946, "alphas7": 54.35911296591967, "alphas8": 11.42427534860647, "alphas9": 54.59119863885935}, "datetime": {"datetime": "2018-12-18 19:10:19", "elapsed": 16258.310146, "delta": 119.368775}}
{"target": 0.0710354428697405, "params": {"alphas0": 59.39230461357027, "alphas1": 0.9250349344265896, "alphas10": 0.04879422493630603, "alphas11": 22.33563063287108, "alphas12": 18.899841728363626, "alphas13": 59.409835394114566, "alphas2": 44.2324698767512, "alphas3": 55.61985813998953, "alphas4": 28.768317247552126, "alphas5": 34.34541314372096, "alphas6": 15.984125498291231, "alphas7": 17.87952434513158, "alphas8": 0.002521605731520271, "alphas9": 50.85473863042767}, "datetime": {"datetime": "2018-12-18 19:12:25", "elapsed": 16384.506602, "delta": 126.196456}}
{"target": 0.0708832705971276, "params": {"alphas0": 59.020592496571226, "alphas1": 2.257297823171762, "alphas10": 0.7674683085481759, "alphas11": 16.55353440355938, "alphas12": 43.999162455553034, "alphas13": 55.64242696966172, "alphas2": 49.16769266015293, "alphas3": 28.994965206629285, "alphas4": 28.546214632533445, "alphas5": 9.077516655912659, "alphas6": 33.41298366078046, "alphas7": 47.9842418378064, "alphas8": 6.591753668855917, "alphas9": 9.425700777535882}, "datetime": {"datetime": "2018-12-18 19:14:43", "elapsed": 16522.082846, "delta": 137.576244}}
{"target": 0.0713267603930461, "params": {"alphas0": 58.138476122941576, "alphas1": 2.18089501007368, "alphas10": 0.36154252455416147, "alphas11": 9.954084435170639, "alphas12": 0.2621684097693744, "alphas13": 16.653273146228965, "alphas2": 53.592309419556486, "alphas3": 56.279957839449914, "alphas4": 51.925078004765446, "alphas5": 10.878183615566993, "alphas6": 22.862198591883672, "alphas7": 0.8953215218206356, "alphas8": 4.047364063740968, "alphas9": 54.97156052558639}, "datetime": {"datetime": "2018-12-18 19:16:46", "elapsed": 16645.304031, "delta": 123.221185}}
{"target": 0.07053648003275383, "params": {"alphas0": 52.79136152201762, "alphas1": 4.260996815342892, "alphas10": 5.021215590196382, "alphas11": 7.166152182646222, "alphas12": 46.9141059398846, "alphas13": 21.20022269801175, "alphas2": 59.74355914377051, "alphas3": 56.5267109690205, "alphas4": 43.20513626170604, "alphas5": 6.179603741829409, "alphas6": 46.02091551702345, "alphas7": 49.80815437847458, "alphas8": 0.4318407865173013, "alphas9": 43.01905183033972}, "datetime": {"datetime": "2018-12-18 19:19:00", "elapsed": 16779.07435, "delta": 133.770319}}
{"target": 0.0706711904761902, "params": {"alphas0": 58.62841045762992, "alphas1": 3.8382474551547707, "alphas10": 0.9792202278271867, "alphas11": 10.143104825293754, "alphas12": 16.85226010944514, "alphas13": 57.42173431667671, "alphas2": 57.42094006699682, "alphas3": 48.01468489827611, "alphas4": 32.84869210903302, "alphas5": 29.47820569079975, "alphas6": 57.87599093212293, "alphas7": 53.99872138182128, "alphas8": 8.4602449843667, "alphas9": 0.32966832621665887}, "datetime": {"datetime": "2018-12-18 19:21:03", "elapsed": 16901.832109, "delta": 122.757759}}
{"target": 0.07095255158730156, "params": {"alphas0": 56.128767334760795, "alphas1": 21.114301812029893, "alphas10": 0.3173136740572935, "alphas11": 49.46750982598155, "alphas12": 8.7352180474996, "alphas13": 58.46629742490845, "alphas2": 55.86649223578933, "alphas3": 59.19994245690728, "alphas4": 40.86967247292034, "alphas5": 9.290024328224478, "alphas6": 57.80653412089542, "alphas7": 27.581444281137806, "alphas8": 1.0452929408131983, "alphas9": 57.80890051463916}, "datetime": {"datetime": "2018-12-18 19:23:09", "elapsed": 17028.372654, "delta": 126.540545}}
{"target": 0.07087198450491301, "params": {"alphas0": 43.34482399856504, "alphas1": 3.9112993566695886, "alphas10": 0.8712896350446986, "alphas11": 30.577546360892544, "alphas12": 6.10921222987143, "alphas13": 59.27864838030889, "alphas2": 32.223852227685114, "alphas3": 42.574929361375595, "alphas4": 48.55944990877459, "alphas5": 10.751585867299756, "alphas6": 59.484357342712926, "alphas7": 41.06572693753606, "alphas8": 0.5386421408900821, "alphas9": 56.38345181009469}, "datetime": {"datetime": "2018-12-18 19:25:16", "elapsed": 17155.300726, "delta": 126.928072}}
{"target": 0.07068419450743255, "params": {"alphas0": 59.54325742619051, "alphas1": 16.156718000947343, "alphas10": 7.436432289011041, "alphas11": 0.7593314278890362, "alphas12": 23.721689230140385, "alphas13": 47.5049561984044, "alphas2": 55.76156213364582, "alphas3": 58.41546284037373, "alphas4": 52.368693836728134, "alphas5": 11.820729057081415, "alphas6": 6.181172724037658, "alphas7": 57.01450918121836, "alphas8": 3.875486045001846, "alphas9": 36.92081957944749}, "datetime": {"datetime": "2018-12-18 19:27:25", "elapsed": 17284.685379, "delta": 129.384653}}
{"target": 0.07088592813051134, "params": {"alphas0": 54.71231003098161, "alphas1": 1.1647165618811628, "alphas10": 1.4255263005152519, "alphas11": 57.77675587771404, "alphas12": 31.404923467676685, "alphas13": 56.63377570737045, "alphas2": 26.300272638108112, "alphas3": 55.1468220705152, "alphas4": 47.64378403817132, "alphas5": 29.287663708884676, "alphas6": 36.42543824429567, "alphas7": 50.22493550589589, "alphas8": 1.0679096781490305, "alphas9": 56.55606803338977}, "datetime": {"datetime": "2018-12-18 19:29:33", "elapsed": 17411.971793, "delta": 127.286414}}
{"target": 0.07123678930461054, "params": {"alphas0": 57.42541328363368, "alphas1": 1.4605133840679496, "alphas10": 5.925617706507205, "alphas11": 54.900575668762684, "alphas12": 46.075632255033184, "alphas13": 52.191755740450816, "alphas2": 57.566082718186806, "alphas3": 56.06911790755842, "alphas4": 51.352662675664575, "alphas5": 8.776539525944054, "alphas6": 56.6080908670634, "alphas7": 28.964840573852836, "alphas8": 7.107574444138933, "alphas9": 8.543032594238607}, "datetime": {"datetime": "2018-12-18 19:31:37", "elapsed": 17536.122692, "delta": 124.150899}}
{"target": 0.07072120811287462, "params": {"alphas0": 49.996352973588984, "alphas1": 14.250861749882196, "alphas10": 2.67754226163029, "alphas11": 3.152331997302955, "alphas12": 52.5973435550248, "alphas13": 54.18237690810968, "alphas2": 31.539444147079404, "alphas3": 55.67107539858763, "alphas4": 55.83270419992212, "alphas5": 33.07740113150803, "alphas6": 55.75619870254703, "alphas7": 51.970795920437354, "alphas8": 0.3881655890734237, "alphas9": 53.42284120588208}, "datetime": {"datetime": "2018-12-18 19:33:53", "elapsed": 17672.071746, "delta": 135.949054}}
{"target": 0.07041779399722849, "params": {"alphas0": 59.14218536046961, "alphas1": 3.155485906362938, "alphas10": 0.9487737795651308, "alphas11": 9.051500419045503, "alphas12": 48.9818801590124, "alphas13": 41.57714157129845, "alphas2": 58.5691679068154, "alphas3": 24.835836047161045, "alphas4": 58.09277440309383, "alphas5": 2.277953850807588, "alphas6": 38.559770555015085, "alphas7": 44.10909443511117, "alphas8": 0.67225415137673, "alphas9": 24.09009626307453}, "datetime": {"datetime": "2018-12-18 19:36:10", "elapsed": 17809.472336, "delta": 137.40059}}
{"target": 0.0712387738410179, "params": {"alphas0": 52.97308384766558, "alphas1": 0.2836526466318934, "alphas10": 3.222485276111473, "alphas11": 26.5456390012319, "alphas12": 49.48300256258309, "alphas13": 45.56158510025061, "alphas2": 48.83416158458263, "alphas3": 47.19283349317869, "alphas4": 51.841573079295415, "alphas5": 7.123443023318831, "alphas6": 5.852497154605512, "alphas7": 51.97923734908152, "alphas8": 7.948577775748536, "alphas9": 41.98547577670008}, "datetime": {"datetime": "2018-12-18 19:38:19", "elapsed": 17938.724018, "delta": 129.251682}}
{"target": 0.0713305220773494, "params": {"alphas0": 59.16192845142172, "alphas1": 9.537066042748751, "alphas10": 1.1002803295139008, "alphas11": 30.79776817774013, "alphas12": 9.14700239132565, "alphas13": 50.77641213855471, "alphas2": 55.646982860489786, "alphas3": 59.83186722399182, "alphas4": 52.718912006958305, "alphas5": 48.877230152256175, "alphas6": 45.74518525219359, "alphas7": 41.867964741068526, "alphas8": 1.5550098955909752, "alphas9": 38.91791554523215}, "datetime": {"datetime": "2018-12-18 19:40:23", "elapsed": 18062.302135, "delta": 123.578117}}
{"target": 0.07086464588057444, "params": {"alphas0": 59.06410490625745, "alphas1": 1.046422121737336, "alphas10": 0.12705729195934934, "alphas11": 56.934812205750575, "alphas12": 33.5029143126859, "alphas13": 55.00121133622603, "alphas2": 55.22618614248423, "alphas3": 11.808093046032278, "alphas4": 50.89728738907552, "alphas5": 24.149952029546963, "alphas6": 22.82241010792272, "alphas7": 40.21171108723641, "alphas8": 15.937776383876512, "alphas9": 53.919163752565844}, "datetime": {"datetime": "2018-12-18 19:42:36", "elapsed": 18194.857327, "delta": 132.555192}}
{"target": 0.07118811630763415, "params": {"alphas0": 39.744152498096675, "alphas1": 10.924416910694703, "alphas10": 1.9863688794392553, "alphas11": 21.13083287951548, "alphas12": 24.153294903947554, "alphas13": 48.66028141624454, "alphas2": 59.09909801561815, "alphas3": 57.437543199700784, "alphas4": 43.391091068155504, "alphas5": 3.7932664885157896, "alphas6": 9.618300506120502, "alphas7": 47.84189638457186, "alphas8": 4.244271300149918, "alphas9": 53.248727094322454}, "datetime": {"datetime": "2018-12-18 19:44:36", "elapsed": 18315.133188, "delta": 120.275861}}
{"target": 0.07075193087049628, "params": {"alphas0": 57.34800742688199, "alphas1": 3.2703811722796194, "alphas10": 0.6694859184143653, "alphas11": 26.943562689831325, "alphas12": 3.6128291285405068, "alphas13": 58.52479841297544, "alphas2": 51.96616097546741, "alphas3": 56.232463812280436, "alphas4": 53.78577158062729, "alphas5": 5.089763226945423, "alphas6": 37.0662867857368, "alphas7": 21.22492421318694, "alphas8": 1.1945685658560912, "alphas9": 6.20717921320394}, "datetime": {"datetime": "2018-12-18 19:46:53", "elapsed": 18452.635254, "delta": 137.502066}}
{"target": 0.07074790214789616, "params": {"alphas0": 57.341766435877865, "alphas1": 1.0439913922033628, "alphas10": 4.790440504929112, "alphas11": 13.412854266032914, "alphas12": 43.90937162456182, "alphas13": 57.583731736546326, "alphas2": 2.7955966707526714, "alphas3": 56.3854809703058, "alphas4": 50.12318517466589, "alphas5": 25.235504547176063, "alphas6": 56.82491432635126, "alphas7": 45.03832984781524, "alphas8": 8.489871901287128, "alphas9": 39.51331372904999}, "datetime": {"datetime": "2018-12-18 19:48:56", "elapsed": 18575.299936, "delta": 122.664682}}
{"target": 0.07088495716805226, "params": {"alphas0": 59.773110703778016, "alphas1": 3.627753316841813, "alphas10": 1.0124783792737224, "alphas11": 1.2898492798876737, "alphas12": 2.341025872060196, "alphas13": 58.795281109864646, "alphas2": 46.03516778220113, "alphas3": 59.710733166283156, "alphas4": 54.700935948045085, "alphas5": 10.671660163280325, "alphas6": 57.29176147675853, "alphas7": 57.54162151075192, "alphas8": 17.902123659209067, "alphas9": 24.50506780229902}, "datetime": {"datetime": "2018-12-18 19:51:05", "elapsed": 18703.931817, "delta": 128.631881}}
{"target": 0.07060542614638453, "params": {"alphas0": 58.75842740335736, "alphas1": 0.5085518960964408, "alphas10": 2.0328798440278106, "alphas11": 41.56103954914706, "alphas12": 22.297690090756994, "alphas13": 6.800587498844104, "alphas2": 46.48126135863656, "alphas3": 53.04992207505148, "alphas4": 49.33412757442459, "alphas5": 13.182866844647943, "alphas6": 55.912521820635845, "alphas7": 47.98654597121141, "alphas8": 11.528055981133932, "alphas9": 54.977196823501295}, "datetime": {"datetime": "2018-12-18 19:53:11", "elapsed": 18830.017882, "delta": 126.086065}}
{"target": 0.07120860622952879, "params": {"alphas0": 50.11445310432991, "alphas1": 1.587031918223103, "alphas10": 0.22230349376490155, "alphas11": 15.14848523472711, "alphas12": 53.67516826287845, "alphas13": 52.65965289254568, "alphas2": 33.097224805457685, "alphas3": 35.66070843191822, "alphas4": 18.17368023537516, "alphas5": 12.79788980675618, "alphas6": 41.91990204489642, "alphas7": 53.395605714733385, "alphas8": 0.7504424585279801, "alphas9": 36.28928868948149}, "datetime": {"datetime": "2018-12-18 19:55:15", "elapsed": 18954.187181, "delta": 124.169299}}
{"target": 0.07034388054295783, "params": {"alphas0": 38.26533438411621, "alphas1": 2.5764465167991113, "alphas10": 1.7936415349900137, "alphas11": 40.71083465033914, "alphas12": 51.35161210861773, "alphas13": 21.580254350766875, "alphas2": 49.763393591379476, "alphas3": 32.74406238924406, "alphas4": 57.637507634117696, "alphas5": 9.21168959573027, "alphas6": 53.90706063242483, "alphas7": 56.47559266995139, "alphas8": 1.0808948354656533, "alphas9": 57.372458256625215}, "datetime": {"datetime": "2018-12-18 19:57:22", "elapsed": 19081.154996, "delta": 126.967815}}
{"target": 0.07121716704459562, "params": {"alphas0": 54.142703661072396, "alphas1": 0.8955398315974583, "alphas10": 0.04292403995969751, "alphas11": 44.48182969555404, "alphas12": 43.628331707881934, "alphas13": 58.33548583193075, "alphas2": 47.25017301142571, "alphas3": 57.85602619027201, "alphas4": 15.183574480075357, "alphas5": 50.55718252955204, "alphas6": 28.651712411324503, "alphas7": 58.28579517859793, "alphas8": 10.324117887362767, "alphas9": 57.8232394389787}, "datetime": {"datetime": "2018-12-18 19:59:37", "elapsed": 19216.021061, "delta": 134.866065}}
{"target": 0.07120191534391528, "params": {"alphas0": 54.74334327883058, "alphas1": 0.456915669794018, "alphas10": 3.2759928787626524, "alphas11": 53.0640147705018, "alphas12": 4.8344790242625235, "alphas13": 54.63264046445317, "alphas2": 52.87571923248618, "alphas3": 39.772936926375806, "alphas4": 29.874391156793514, "alphas5": 8.744041308305793, "alphas6": 25.552331771099265, "alphas7": 59.075087014154384, "alphas8": 6.899653952659291, "alphas9": 50.16162623844735}, "datetime": {"datetime": "2018-12-18 20:02:22", "elapsed": 19381.20078, "delta": 165.179719}}
{"target": 0.07086434725371621, "params": {"alphas0": 38.64364336476777, "alphas1": 2.5847265767013994, "alphas10": 0.9584683297139773, "alphas11": 31.501266585476067, "alphas12": 46.27052392030902, "alphas13": 56.93146690819871, "alphas2": 56.918977073674846, "alphas3": 53.32181171781658, "alphas4": 56.20187357503047, "alphas5": 12.4001929866436, "alphas6": 6.835086239773169, "alphas7": 47.43136638536171, "alphas8": 11.481378206406074, "alphas9": 50.867933323871604}, "datetime": {"datetime": "2018-12-18 20:04:51", "elapsed": 19530.317028, "delta": 149.116248}}
{"target": 0.0711817018770471, "params": {"alphas0": 54.41743832055914, "alphas1": 4.973276074815507, "alphas10": 0.11902847797728322, "alphas11": 32.78142884570999, "alphas12": 42.98778747250717, "alphas13": 42.76709074279458, "alphas2": 38.294555466410664, "alphas3": 40.21073079965385, "alphas4": 29.885715518978195, "alphas5": 11.584575134141183, "alphas6": 50.11075974426879, "alphas7": 53.40124601271326, "alphas8": 1.2508114593032138, "alphas9": 46.38030469348406}, "datetime": {"datetime": "2018-12-18 20:07:11", "elapsed": 19669.875596, "delta": 139.558568}}
{"target": 0.07117890438397566, "params": {"alphas0": 38.73382950546627, "alphas1": 2.2150431275138893, "alphas10": 2.328496756466445, "alphas11": 18.704758989968255, "alphas12": 18.375477975459294, "alphas13": 58.1950205746432, "alphas2": 56.55173678200965, "alphas3": 56.37662608194594, "alphas4": 55.63328288729072, "alphas5": 13.03739985842093, "alphas6": 55.009447604554815, "alphas7": 42.59308543670551, "alphas8": 2.9489492313894594, "alphas9": 35.153231957331094}, "datetime": {"datetime": "2018-12-18 20:09:49", "elapsed": 19827.97644, "delta": 158.100844}}
{"target": 0.07079793175233053, "params": {"alphas0": 55.433774182820265, "alphas1": 9.968541861073692, "alphas10": 0.43611280594161306, "alphas11": 12.237783901809236, "alphas12": 10.244848917759466, "alphas13": 55.26907816495091, "alphas2": 51.15803794866514, "alphas3": 23.631647929985785, "alphas4": 7.519293265236, "alphas5": 2.1946978602123024, "alphas6": 51.27176012207565, "alphas7": 38.4054695269314, "alphas8": 1.1017616986155998, "alphas9": 53.13141027567091}, "datetime": {"datetime": "2018-12-18 20:12:22", "elapsed": 19981.3864, "delta": 153.40996}}
{"target": 0.07124911967750058, "params": {"alphas0": 56.05382266099084, "alphas1": 9.285910324170455, "alphas10": 0.5293731848821781, "alphas11": 53.47247756442408, "alphas12": 57.70462157887012, "alphas13": 4.922049143542133, "alphas2": 55.96502326998604, "alphas3": 46.24922196249104, "alphas4": 19.495413435957747, "alphas5": 5.36685764049561, "alphas6": 42.02821947849349, "alphas7": 57.21497530102515, "alphas8": 1.740475617904229, "alphas9": 49.179170422758496}, "datetime": {"datetime": "2018-12-18 20:14:56", "elapsed": 20134.877134, "delta": 153.490734}}
{"target": 0.07099843030360285, "params": {"alphas0": 57.121076711604076, "alphas1": 12.902094669681219, "alphas10": 0.6140310438683017, "alphas11": 4.105718992032605, "alphas12": 0.2974051058163063, "alphas13": 46.82901372485627, "alphas2": 40.004127476856034, "alphas3": 39.62893084525734, "alphas4": 36.852570206796386, "alphas5": 4.0060864903007065, "alphas6": 23.106421978561954, "alphas7": 56.098653064068955, "alphas8": 7.94715234641203, "alphas9": 58.396900110677365}, "datetime": {"datetime": "2018-12-18 20:16:59", "elapsed": 20258.314542, "delta": 123.437408}}
{"target": 0.07095166613126717, "params": {"alphas0": 54.73750189891941, "alphas1": 3.427470809648576, "alphas10": 5.21715580322522, "alphas11": 17.08171775634465, "alphas12": 46.34864361459618, "alphas13": 59.15799517987901, "alphas2": 37.50616544478308, "alphas3": 32.251841151303445, "alphas4": 56.20677261043171, "alphas5": 13.73168104806766, "alphas6": 57.68824009894375, "alphas7": 54.09566044740529, "alphas8": 2.990845164722118, "alphas9": 17.12979560605429}, "datetime": {"datetime": "2018-12-18 20:19:22", "elapsed": 20401.462122, "delta": 143.14758}}
{"target": 0.07018207448349703, "params": {"alphas0": 57.58500986986856, "alphas1": 38.424913238686855, "alphas10": 1.0362169595931703, "alphas11": 36.99009721223031, "alphas12": 47.26255497221507, "alphas13": 49.60819933457999, "alphas2": 57.00322827355366, "alphas3": 48.57204221839665, "alphas4": 59.88030517890625, "alphas5": 8.475768553754683, "alphas6": 50.6023025427084, "alphas7": 51.69501862150023, "alphas8": 0.13481027962989778, "alphas9": 37.0178388248381}, "datetime": {"datetime": "2018-12-18 20:21:59", "elapsed": 20558.115817, "delta": 156.653695}}
{"target": 0.07052032464096727, "params": {"alphas0": 58.47239789652625, "alphas1": 0.5685757364101773, "alphas10": 9.953987147135177, "alphas11": 19.945687988001183, "alphas12": 17.16920678985987, "alphas13": 58.48072198124034, "alphas2": 53.72720614454254, "alphas3": 8.809232260738192, "alphas4": 38.6810503051213, "alphas5": 2.9968026468646825, "alphas6": 6.645515271793753, "alphas7": 57.24444256581555, "alphas8": 2.1412238196692157, "alphas9": 48.81650307648719}, "datetime": {"datetime": "2018-12-18 20:24:31", "elapsed": 20710.509164, "delta": 152.393347}}
{"target": 0.06996756040564375, "params": {"alphas0": 56.5757542117475, "alphas1": 0.3168640077199214, "alphas10": 2.6909032921573828, "alphas11": 53.53929013593091, "alphas12": 49.89830228481914, "alphas13": 57.22476114092214, "alphas2": 57.13096108972962, "alphas3": 49.85769561819952, "alphas4": 58.660260352025176, "alphas5": 46.47044302052956, "alphas6": 55.894850025401865, "alphas7": 43.83714086730752, "alphas8": 28.24499252289342, "alphas9": 59.542874720361404}, "datetime": {"datetime": "2018-12-18 20:26:54", "elapsed": 20852.924209, "delta": 142.415045}}
