{"target": 0.07077906226379434, "params": {"alphas0": 46.79943559857632, "alphas1": 18.61119401033316, "alphas10": 2.11068335304206, "alphas11": 10.250793623556895, "alphas12": 9.49743168855856, "alphas13": 24.172226158884243, "alphas2": 47.75839825895064, "alphas3": 59.61622810137685, "alphas4": 12.799356725554924, "alphas5": 1.4962180333491504, "alphas6": 58.08158984392987, "alphas7": 58.53217387673202, "alphas8": 1.0090769511958975, "alphas9": 58.66324272190702}, "datetime": {"datetime": "2018-12-18 17:32:07", "elapsed": 10366.785425, "delta": 111.154511}}
{"target": 0.07138937849584275, "params": {"alphas0": 58.457420209857965, "alphas1": 3.1188402845578245, "alphas10": 0.10027985294182917, "alphas11": 22.62937582744446, "alphas12": 43.45532674182184, "alphas13": 56.69405199347025, "alphas2": 59.778654019352885, "alphas3": 42.43104062163758, "alphas4": 59.89408900903731, "alphas5": 4.146778137977735, "alphas6": 5.847678961259943, "alphas7": 31.851951217512465, "alphas8": 7.656902287900024, "alphas9": 31.14940639162153}, "datetime": {"datetime": "2018-12-18 17:34:20", "elapsed": 10499.096742, "delta": 132.311317}}
{"target": 0.07052731865709243, "params": {"alphas0": 56.09052392331598, "alphas1": 2.156565171800109, "alphas10": 8.678766998196672, "alphas11": 42.80401699731111, "alphas12": 16.39502214173104, "alphas13": 52.56487952687144, "alphas2": 54.15666577027876, "alphas3": 59.773742721114765, "alphas4": 43.626196335665085, "alphas5": 2.7035854906939827, "alphas6": 8.331439758089385, "alphas7": 57.00413639866369, "alphas8": 1.2112478175937524, "alphas9": 59.37840805104087}, "datetime": {"datetime": "2018-12-18 17:36:23", "elapsed": 10622.740069, "delta": 123.643327}}
{"target": 0.07122272943436635, "params": {"alphas0": 45.983325400213005, "alphas1": 0.7054883441396953, "alphas10": 2.1128408208806015, "alphas11": 21.705843476684667, "alphas12": 40.96075284405387, "alphas13": 40.39204332721118, "alphas2": 59.288813135596556, "alphas3": 38.19582662446315, "alphas4": 4.221900200073218, "alphas5": 7.579608245520442, "alphas6": 58.35711459851445, "alphas7": 56.24381766091754, "alphas8": 3.613783153273913, "alphas9": 32.497430666569805}, "datetime": {"datetime": "2018-12-18 17:38:26", "elapsed": 10745.28456, "delta": 122.544491}}
{"target": 0.07108920833333325, "params": {"alphas0": 58.74859644750893, "alphas1": 4.332950316050141, "alphas10": 5.948805528702879, "alphas11": 26.277942568847816, "alphas12": 54.90321192816477, "alphas13": 44.930698309369106, "alphas2": 52.26146059718547, "alphas3": 44.51069461901675, "alphas4": 50.88457258743325, "alphas5": 1.9686928749589971, "alphas6": 25.76339156669401, "alphas7": 56.528640621842136, "alphas8": 4.539562269388522, "alphas9": 47.260164717807925}, "datetime": {"datetime": "2018-12-18 17:40:33", "elapsed": 10872.011235, "delta": 126.726675}}
{"target": 0.07034292831947597, "params": {"alphas0": 58.63343904857798, "alphas1": 0.6994650464963947, "alphas10": 2.8956120187980616, "alphas11": 58.62949901521644, "alphas12": 21.35969605876244, "alphas13": 32.12108813315028, "alphas2": 54.032806339031396, "alphas3": 54.023019378371956, "alphas4": 20.211205195099257, "alphas5": 1.701337004315393, "alphas6": 29.394188127823625, "alphas7": 57.09431078954601, "alphas8": 18.444101739884292, "alphas9": 59.68358765496173}, "datetime": {"datetime": "2018-12-18 17:43:03", "elapsed": 11022.081118, "delta": 150.069883}}
{"target": 0.07118588444822359, "params": {"alphas0": 54.4447046575743, "alphas1": 0.07735415314151783, "alphas10": 3.1972106998781324, "alphas11": 4.059530164791035, "alphas12": 53.265194012342995, "alphas13": 55.023561791435725, "alphas2": 59.99847856759226, "alphas3": 50.561940520292964, "alphas4": 59.61904248816638, "alphas5": 46.63367238565999, "alphas6": 51.80251356037515, "alphas7": 30.883038913774964, "alphas8": 4.958345163475142, "alphas9": 36.632776093359794}, "datetime": {"datetime": "2018-12-18 17:45:30", "elapsed": 11168.899279, "delta": 146.818161}}
{"target": 0.07050903643864946, "params": {"alphas0": 31.73653692396581, "alphas1": 0.6267871843168416, "alphas10": 8.852728826079693, "alphas11": 52.8446589238658, "alphas12": 42.63918162073733, "alphas13": 50.36483442792757, "alphas2": 52.3685582405874, "alphas3": 57.58321900677686, "alphas4": 55.03440641517895, "alphas5": 11.561569953663364, "alphas6": 56.23607841231039, "alphas7": 51.689180200390496, "alphas8": 4.855619091335508, "alphas9": 52.692435557426954}, "datetime": {"datetime": "2018-12-18 17:47:49", "elapsed": 11307.831859, "delta": 138.93258}}
{"target": 0.07154800554295777, "params": {"alphas0": 52.79796031232992, "alphas1": 1.8573626799229292, "alphas10": 2.939225951180242, "alphas11": 51.34618038962807, "alphas12": 30.963011922221682, "alphas13": 59.755315868265654, "alphas2": 58.91344396900042, "alphas3": 47.98376465009351, "alphas4": 57.387288702847556, "alphas5": 23.926453569906197, "alphas6": 34.17561800336655, "alphas7": 57.86853603748091, "alphas8": 3.7667201580154996, "alphas9": 19.60878567259851}, "datetime": {"datetime": "2018-12-18 17:50:13", "elapsed": 11452.275968, "delta": 144.444109}}
{"target": 0.07051339777021912, "params": {"alphas0": 59.721225190257954, "alphas1": 27.763489031046518, "alphas10": 2.1546294458307003, "alphas11": 48.324371886233735, "alphas12": 23.218489178154332, "alphas13": 16.34597158658467, "alphas2": 56.15041906130848, "alphas3": 59.67345255748753, "alphas4": 49.43048763878225, "alphas5": 8.627653582795254, "alphas6": 59.11774981487881, "alphas7": 36.47413235920838, "alphas8": 1.5558262586881644, "alphas9": 59.43998688208081}, "datetime": {"datetime": "2018-12-18 17:52:36", "elapsed": 11595.7036, "delta": 143.427632}}
{"target": 0.07100685216679256, "params": {"alphas0": 53.65348951356262, "alphas1": 3.3534363151019586, "alphas10": 2.1297406793644935, "alphas11": 23.2542043529815, "alphas12": 17.739636697146164, "alphas13": 46.13492195587271, "alphas2": 46.7438718909313, "alphas3": 53.28543056669281, "alphas4": 50.751811338379866, "alphas5": 23.612722779097258, "alphas6": 52.217359841304905, "alphas7": 25.799832266075885, "alphas8": 0.8105712708193669, "alphas9": 58.128941567870456}, "datetime": {"datetime": "2018-12-18 17:55:03", "elapsed": 11742.11652, "delta": 146.41292}}
{"target": 0.0708898536155202, "params": {"alphas0": 51.49254101055161, "alphas1": 7.8242377160853005, "alphas10": 3.4278271371908153, "alphas11": 21.692396081993557, "alphas12": 59.76040201768405, "alphas13": 34.25067917233469, "alphas2": 27.888034464816013, "alphas3": 48.03975207408333, "alphas4": 59.43361438393627, "alphas5": 3.765290585230776, "alphas6": 47.81501759527394, "alphas7": 57.35221532538592, "alphas8": 9.436059423127233, "alphas9": 54.15135052530985}, "datetime": {"datetime": "2018-12-18 17:57:30", "elapsed": 11889.528078, "delta": 147.411558}}
{"target": 0.07094722530864188, "params": {"alphas0": 53.521328191007676, "alphas1": 14.120358025679927, "alphas10": 4.276509407477156, "alphas11": 11.350570867694199, "alphas12": 29.818741369087192, "alphas13": 59.53652750406224, "alphas2": 41.20777752578758, "alphas3": 20.43437887402828, "alphas4": 56.95112137886937, "alphas5": 4.825695729570889, "alphas6": 36.05668531858459, "alphas7": 56.154673448221054, "alphas8": 3.311009937173892, "alphas9": 40.830369141896696}, "datetime": {"datetime": "2018-12-18 18:00:06", "elapsed": 12045.29774, "delta": 155.769662}}
{"target": 0.07126958534895429, "params": {"alphas0": 56.96951559298171, "alphas1": 28.004161432599755, "alphas10": 0.8630830235925457, "alphas11": 28.812840051230687, "alphas12": 37.926083623088566, "alphas13": 58.00940508903787, "alphas2": 53.79438394212101, "alphas3": 54.056009047080906, "alphas4": 31.17909356274349, "alphas5": 6.6497273583831245, "alphas6": 54.23311020106393, "alphas7": 59.86515118809873, "alphas8": 5.00564234266993, "alphas9": 51.815339524554936}, "datetime": {"datetime": "2018-12-18 18:02:44", "elapsed": 12203.078694, "delta": 157.780954}}
{"target": 0.07067619756235818, "params": {"alphas0": 58.68539761346609, "alphas1": 5.33652561076978, "alphas10": 2.3828030479828555, "alphas11": 26.04988693225247, "alphas12": 43.240743668870444, "alphas13": 55.89697458554838, "alphas2": 44.64333340838403, "alphas3": 38.39869093255985, "alphas4": 46.984520188151905, "alphas5": 13.444857225975902, "alphas6": 59.81066551364157, "alphas7": 55.25985140827218, "alphas8": 0.6098274649002722, "alphas9": 21.106648373712346}, "datetime": {"datetime": "2018-12-18 18:05:17", "elapsed": 12355.822795, "delta": 152.744101}}
{"target": 0.07060500299193748, "params": {"alphas0": 51.464135783864414, "alphas1": 2.6411637703367274, "alphas10": 2.052911790584282, "alphas11": 9.358526959147433, "alphas12": 38.185879095197976, "alphas13": 19.017219918826342, "alphas2": 58.52177457606031, "alphas3": 55.57572760268309, "alphas4": 26.204755959818215, "alphas5": 29.04583875078563, "alphas6": 15.788742852220404, "alphas7": 55.54876594477565, "alphas8": 0.15781467371486446, "alphas9": 47.97691583427263}, "datetime": {"datetime": "2018-12-18 18:07:34", "elapsed": 12493.162717, "delta": 137.339922}}
{"target": 0.07085386489040053, "params": {"alphas0": 55.36123416102748, "alphas1": 0.002484261984019298, "alphas10": 4.120384159793309, "alphas11": 34.51106690100382, "alphas12": 59.719099219700475, "alphas13": 40.066269350561555, "alphas2": 55.99912820519796, "alphas3": 30.66882622899975, "alphas4": 59.44267636013288, "alphas5": 54.06365823918125, "alphas6": 44.8855836397221, "alphas7": 44.39755561654806, "alphas8": 1.6065686429004766, "alphas9": 37.37274709265586}, "datetime": {"datetime": "2018-12-18 18:09:53", "elapsed": 12631.956771, "delta": 138.794054}}
{"target": 0.07102000547996967, "params": {"alphas0": 56.934905833819364, "alphas1": 3.7310867115436874, "alphas10": 1.5807900844179157, "alphas11": 8.995279662648928, "alphas12": 37.798063836850254, "alphas13": 44.08377179399703, "alphas2": 14.542074587168965, "alphas3": 34.95596718545001, "alphas4": 47.441126535009474, "alphas5": 2.7845931451939276, "alphas6": 22.019456888005475, "alphas7": 53.94958849576988, "alphas8": 4.9958919534665895, "alphas9": 59.5242190906132}, "datetime": {"datetime": "2018-12-18 18:12:45", "elapsed": 12804.275478, "delta": 172.318707}}
{"target": 0.07081082388510952, "params": {"alphas0": 49.51869553507872, "alphas1": 0.550784574727119, "alphas10": 4.031969084458622, "alphas11": 16.4420283975923, "alphas12": 43.57159882294775, "alphas13": 38.365053655849515, "alphas2": 47.63789264202742, "alphas3": 31.99709562477994, "alphas4": 58.39219777851583, "alphas5": 3.7846768163968636, "alphas6": 55.88596022142439, "alphas7": 56.14784040741051, "alphas8": 1.5262249536811412, "alphas9": 37.450757154404414}, "datetime": {"datetime": "2018-12-18 18:15:42", "elapsed": 12981.073564, "delta": 176.798086}}
{"target": 0.07124226892794147, "params": {"alphas0": 51.76614006962475, "alphas1": 1.006796459074235, "alphas10": 0.17745511801324998, "alphas11": 3.5238525875694227, "alphas12": 6.579736759118589, "alphas13": 57.99827271345273, "alphas2": 52.857763068650605, "alphas3": 32.17093675401168, "alphas4": 57.18092298478378, "alphas5": 13.83908647204228, "alphas6": 7.480483133663524, "alphas7": 39.19264330966171, "alphas8": 4.4889229660214625, "alphas9": 17.908052455952234}, "datetime": {"datetime": "2018-12-18 18:19:02", "elapsed": 13181.233062, "delta": 200.159498}}
{"target": 0.07129662922020662, "params": {"alphas0": 59.211901415961314, "alphas1": 4.073123965233842, "alphas10": 0.7334830811612592, "alphas11": 4.466279500609264, "alphas12": 50.066975926301176, "alphas13": 22.23817361996955, "alphas2": 59.38388026567986, "alphas3": 28.181986614150226, "alphas4": 39.204891683601865, "alphas5": 41.89337965484304, "alphas6": 53.04770180028635, "alphas7": 46.68100524816985, "alphas8": 4.4882906578989745, "alphas9": 53.88510197927031}, "datetime": {"datetime": "2018-12-18 18:22:22", "elapsed": 13381.299773, "delta": 200.066711}}
{"target": 0.0708397277966741, "params": {"alphas0": 57.24866682321666, "alphas1": 17.187707316186092, "alphas10": 0.016022176466954363, "alphas11": 1.8418205867474824, "alphas12": 25.98632711175614, "alphas13": 58.911740456605344, "alphas2": 47.6179066638297, "alphas3": 38.3641649861846, "alphas4": 47.261036508481354, "alphas5": 33.083101157409395, "alphas6": 58.13118303780297, "alphas7": 48.07128742412375, "alphas8": 1.987056119565882, "alphas9": 14.432371478376076}, "datetime": {"datetime": "2018-12-18 18:25:34", "elapsed": 13573.431437, "delta": 192.131664}}
{"target": 0.07071916893424034, "params": {"alphas0": 53.267311623876495, "alphas1": 9.786076708977964, "alphas10": 0.25344531094992684, "alphas11": 33.93737514282396, "alphas12": 52.15766419531188, "alphas13": 52.99604062642437, "alphas2": 27.543923559143565, "alphas3": 56.027002764406284, "alphas4": 49.18739169476618, "alphas5": 2.793863069078897, "alphas6": 33.48547860726498, "alphas7": 4.181041154006476, "alphas8": 0.19814510774740945, "alphas9": 45.521186433774204}, "datetime": {"datetime": "2018-12-18 18:28:40", "elapsed": 13759.161311, "delta": 185.729874}}
{"target": 0.07147475535399335, "params": {"alphas0": 42.59701100351653, "alphas1": 2.617244686916693, "alphas10": 0.6889280386474739, "alphas11": 27.758118771605652, "alphas12": 59.02752282997024, "alphas13": 49.56591818733729, "alphas2": 49.37056792949056, "alphas3": 53.32893330031596, "alphas4": 34.46423119722397, "alphas5": 17.85916880422438, "alphas6": 49.952715231536786, "alphas7": 59.35768473946814, "alphas8": 3.5323778856197263, "alphas9": 23.69288924988397}, "datetime": {"datetime": "2018-12-18 18:32:13", "elapsed": 13972.148107, "delta": 212.986796}}
{"target": 0.07062914156588557, "params": {"alphas0": 56.518543111741444, "alphas1": 15.378057183211645, "alphas10": 0.26774831290889534, "alphas11": 16.85549369034857, "alphas12": 53.1230071190181, "alphas13": 59.42774855631879, "alphas2": 44.28711958160227, "alphas3": 53.28115222563751, "alphas4": 8.443611139277486, "alphas5": 1.3320087340171027, "alphas6": 41.71231370862951, "alphas7": 42.7653681785515, "alphas8": 0.2909736345477665, "alphas9": 55.489627861288554}, "datetime": {"datetime": "2018-12-18 18:35:14", "elapsed": 14153.437038, "delta": 181.288931}}
{"target": 0.07108756922398582, "params": {"alphas0": 58.17243686743785, "alphas1": 1.5997890013254112, "alphas10": 2.8061952058614192, "alphas11": 49.70219590651145, "alphas12": 11.310877410595971, "alphas13": 48.25112354020014, "alphas2": 57.62433272093372, "alphas3": 55.74035762873046, "alphas4": 42.395109391757074, "alphas5": 45.42943805246834, "alphas6": 29.855758866108168, "alphas7": 41.92479734534062, "alphas8": 4.0454880524695795, "alphas9": 46.51570253906191}, "datetime": {"datetime": "2018-12-18 18:37:18", "elapsed": 14277.236723, "delta": 123.799685}}
{"target": 0.07089634265558073, "params": {"alphas0": 50.98568221568742, "alphas1": 1.2470229379811104, "alphas10": 4.803817825342391, "alphas11": 29.12669201908097, "alphas12": 4.032530946210226, "alphas13": 54.78102173153775, "alphas2": 34.118808891889614, "alphas3": 51.90274289231871, "alphas4": 42.08242825966488, "alphas5": 3.01343535837693, "alphas6": 59.078146142171065, "alphas7": 38.7845342305384, "alphas8": 7.464421261380316, "alphas9": 53.797537298549805}, "datetime": {"datetime": "2018-12-18 18:39:30", "elapsed": 14409.458974, "delta": 132.222251}}
{"target": 0.0709210867976821, "params": {"alphas0": 57.47520872169736, "alphas1": 4.798482889012881, "alphas10": 0.3125173754233823, "alphas11": 9.818568465469395, "alphas12": 7.082671104857758, "alphas13": 40.08910770572241, "alphas2": 52.10426753831716, "alphas3": 34.56926020973431, "alphas4": 59.881051866995435, "alphas5": 4.617505393003785, "alphas6": 52.11545980480123, "alphas7": 11.710080440077055, "alphas8": 10.129520084392109, "alphas9": 47.307682705107005}, "datetime": {"datetime": "2018-12-18 18:41:22", "elapsed": 14521.274625, "delta": 111.815651}}
{"target": 0.07118350047241118, "params": {"alphas0": 59.977693110637524, "alphas1": 2.278925527976028, "alphas10": 3.7079682516512946, "alphas11": 2.165014271236294, "alphas12": 47.00220023484993, "alphas13": 54.477958345034125, "alphas2": 56.12772923263647, "alphas3": 32.807794271130014, "alphas4": 53.29238478200206, "alphas5": 0.8491095995796849, "alphas6": 44.69695431353696, "alphas7": 44.056405716237286, "alphas8": 2.968440754943882, "alphas9": 38.87887894309854}, "datetime": {"datetime": "2018-12-18 18:43:28", "elapsed": 14646.866115, "delta": 125.59149}}
{"target": 0.07077802232930198, "params": {"alphas0": 49.76138606745594, "alphas1": 4.423872290159583, "alphas10": 0.33643082729277074, "alphas11": 43.60639896065492, "alphas12": 10.365648581366198, "alphas13": 4.150335446962936, "alphas2": 52.622720806869985, "alphas3": 49.90547414595276, "alphas4": 25.808413335501935, "alphas5": 2.359403622235361, "alphas6": 10.562943021937468, "alphas7": 57.2259301181207, "alphas8": 0.771598960364035, "alphas9": 32.762398936762466}, "datetime": {"datetime": "2018-12-18 18:45:34", "elapsed": 14773.683507, "delta": 126.817392}}
{"target": 0.07073181081506674, "params": {"alphas0": 53.87602507569395, "alphas1": 11.528599702103865, "alphas10": 1.2160920371271455, "alphas11": 19.11662381470952, "alphas12": 0.3755349347783987, "alphas13": 46.58409107963543, "alphas2": 56.17849406733218, "alphas3": 52.572422518771646, "alphas4": 49.38960785055334, "alphas5": 23.397047490286806, "alphas6": 25.65067388685038, "alphas7": 52.269304040398396, "alphas8": 1.4099229802264124, "alphas9": 23.580641430584034}, "datetime": {"datetime": "2018-12-18 18:47:49", "elapsed": 14908.69147, "delta": 135.007963}}
{"target": 0.0706496685563114, "params": {"alphas0": 28.56003044110527, "alphas1": 0.3030055942288268, "alphas10": 1.6810179689412363, "alphas11": 26.36042828492019, "alphas12": 49.6054642002236, "alphas13": 44.080374917223594, "alphas2": 55.48578983376897, "alphas3": 30.6490858755651, "alphas4": 58.444416676207474, "alphas5": 50.86537051194203, "alphas6": 46.01104428843319, "alphas7": 57.445565840348536, "alphas8": 2.023447300608996, "alphas9": 51.11289767045629}, "datetime": {"datetime": "2018-12-18 18:49:43", "elapsed": 15022.632111, "delta": 113.940641}}
{"target": 0.07151319233434096, "params": {"alphas0": 50.33556539095628, "alphas1": 1.1279833640040682, "alphas10": 0.397879619453545, "alphas11": 29.427981433241634, "alphas12": 45.53643286688823, "alphas13": 59.27267760400274, "alphas2": 39.77361056897068, "alphas3": 36.799130455410804, "alphas4": 34.45325390973209, "alphas5": 28.42818317701547, "alphas6": 55.76509990998135, "alphas7": 54.52738184869039, "alphas8": 6.673846442306703, "alphas9": 49.0125775059853}, "datetime": {"datetime": "2018-12-18 18:51:47", "elapsed": 15145.992209, "delta": 123.360098}}
{"target": 0.07108709571050627, "params": {"alphas0": 29.541695782970077, "alphas1": 0.8491647452905093, "alphas10": 1.8177885668134408, "alphas11": 42.720131494912806, "alphas12": 54.161001888515585, "alphas13": 52.67222313396599, "alphas2": 53.80402126936468, "alphas3": 37.19437042947478, "alphas4": 55.28342480865127, "alphas5": 6.646806094087607, "alphas6": 57.21984271531987, "alphas7": 5.7840838879410565, "alphas8": 4.195041097125241, "alphas9": 51.984498993626744}, "datetime": {"datetime": "2018-12-18 18:53:43", "elapsed": 15262.13344, "delta": 116.141231}}
{"target": 0.07082459092340632, "params": {"alphas0": 46.35027612317496, "alphas1": 0.4858319544221734, "alphas10": 2.320766933723979, "alphas11": 5.821479077815996, "alphas12": 30.37470527888059, "alphas13": 29.62227904776276, "alphas2": 46.15072374785335, "alphas3": 5.427723043791747, "alphas4": 58.789393378751576, "alphas5": 14.59001804915241, "alphas6": 20.57790869200512, "alphas7": 44.746509375133506, "alphas8": 2.769516734181725, "alphas9": 57.979630105245526}, "datetime": {"datetime": "2018-12-18 18:55:43", "elapsed": 15382.63135, "delta": 120.49791}}
{"target": 0.07092730668934225, "params": {"alphas0": 53.14127124913893, "alphas1": 1.900432018590359, "alphas10": 0.053391794354094024, "alphas11": 14.93078419883495, "alphas12": 18.348443927643263, "alphas13": 57.28777901462745, "alphas2": 49.84356732272063, "alphas3": 23.479059305742215, "alphas4": 54.554715316471786, "alphas5": 9.76014503296449, "alphas6": 40.9594109498501, "alphas7": 6.040833958760663, "alphas8": 6.405208835507827, "alphas9": 9.480025147332984}, "datetime": {"datetime": "2018-12-18 18:57:50", "elapsed": 15509.490943, "delta": 126.859593}}
{"target": 0.07097725207860917, "params": {"alphas0": 50.01779724273657, "alphas1": 6.345422266540708, "alphas10": 6.867544532010119, "alphas11": 4.167045559082407, "alphas12": 59.67969089582946, "alphas13": 57.90039734608215, "alphas2": 52.911465257833825, "alphas3": 36.96956691956503, "alphas4": 56.80986795754771, "alphas5": 4.998086544917594, "alphas6": 28.35201731740468, "alphas7": 49.544845922920715, "alphas8": 3.218631133890688, "alphas9": 57.13040359186485}, "datetime": {"datetime": "2018-12-18 18:59:53", "elapsed": 15632.111464, "delta": 122.620521}}
{"target": 0.07121476171579733, "params": {"alphas0": 26.25929297988659, "alphas1": 1.9159602268255949, "alphas10": 0.18170547702300643, "alphas11": 23.92699226788973, "alphas12": 4.856053688026282, "alphas13": 58.12424495932656, "alphas2": 53.4607786536894, "alphas3": 23.158275060681206, "alphas4": 54.562233830201954, "alphas5": 45.16204543469487, "alphas6": 11.176014903680318, "alphas7": 58.16235945527589, "alphas8": 3.775023543117133, "alphas9": 57.951803161692574}, "datetime": {"datetime": "2018-12-18 19:01:57", "elapsed": 15756.758907, "delta": 124.647443}}
