{"target": 0.07100244850718063, "params": {"alphas0": 51.07930011529988, "alphas1": 0.7379926242574619, "alphas10": 1.6584789962899227, "alphas11": 4.015063712303384, "alphas12": 28.65230165801268, "alphas13": 46.27623008480252, "alphas2": 11.42712743239926, "alphas3": 9.706900714234754, "alphas4": 53.09246565840395, "alphas5": 0.9224286177308594, "alphas6": 45.18464875274101, "alphas7": 49.457373903382795, "alphas8": 4.599065100761708, "alphas9": 35.37873711636051}, "datetime": {"datetime": "2018-12-18 16:16:40", "elapsed": 5838.944098, "delta": 61.614452}}
{"target": 0.07062334841899713, "params": {"alphas0": 32.259611558610146, "alphas1": 2.949723664714048, "alphas10": 2.530916437529258, "alphas11": 7.360174997533173, "alphas12": 31.290974552875078, "alphas13": 50.64421158627832, "alphas2": 56.84399778818348, "alphas3": 44.62818704043766, "alphas4": 51.58343579087012, "alphas5": 7.000952307351365, "alphas6": 51.04193417361, "alphas7": 55.258570115909976, "alphas8": 0.052882160645386644, "alphas9": 57.83021221181446}, "datetime": {"datetime": "2018-12-18 16:17:46", "elapsed": 5905.465482, "delta": 66.521384}}
{"target": 0.07102021828546225, "params": {"alphas0": 55.63702869860877, "alphas1": 10.542984106811339, "alphas10": 4.1361820865277465, "alphas11": 5.8486177760755105, "alphas12": 39.09884604548304, "alphas13": 22.92462438414431, "alphas2": 51.80120478997985, "alphas3": 25.447457606735608, "alphas4": 59.33690294967457, "alphas5": 8.669012109061258, "alphas6": 45.64847925540792, "alphas7": 55.42225655176378, "alphas8": 4.277396550165873, "alphas9": 59.502213953185255}, "datetime": {"datetime": "2018-12-18 16:19:01", "elapsed": 5980.619029, "delta": 75.153547}}
{"target": 0.07076209986772485, "params": {"alphas0": 58.2346808645478, "alphas1": 2.2825797878279097, "alphas10": 0.21964935777040395, "alphas11": 59.17205897510093, "alphas12": 55.89069031821034, "alphas13": 16.3385301941563, "alphas2": 45.677782960281405, "alphas3": 46.60529418887005, "alphas4": 56.92457425570883, "alphas5": 2.1317799769622425, "alphas6": 1.441024367305741, "alphas7": 52.437830840390376, "alphas8": 16.112995806357425, "alphas9": 56.475712601994324}, "datetime": {"datetime": "2018-12-18 16:20:11", "elapsed": 6050.494072, "delta": 69.875043}}
{"target": 0.07121976455026453, "params": {"alphas0": 48.606102918349215, "alphas1": 0.34001227017043556, "alphas10": 1.2529365341256926, "alphas11": 22.24467623218263, "alphas12": 50.55198453328113, "alphas13": 52.58965235818371, "alphas2": 58.05908845803368, "alphas3": 17.008486015981433, "alphas4": 35.369106839976176, "alphas5": 0.7743349901772323, "alphas6": 11.097618293337392, "alphas7": 52.33163362464113, "alphas8": 5.66058338601843, "alphas9": 52.65770496821872}, "datetime": {"datetime": "2018-12-18 16:21:22", "elapsed": 6121.429439, "delta": 70.935367}}
{"target": 0.07086153732048377, "params": {"alphas0": 51.931929874606446, "alphas1": 3.081504668938466, "alphas10": 7.970453067611842, "alphas11": 48.544467009759, "alphas12": 1.5927022756476994, "alphas13": 32.95122567335099, "alphas2": 50.873258189048855, "alphas3": 1.8170392917230815, "alphas4": 56.782338159227315, "alphas5": 0.10739025916451261, "alphas6": 49.147535628686825, "alphas7": 48.163346532897826, "alphas8": 1.6861373686695003, "alphas9": 56.2119046232177}, "datetime": {"datetime": "2018-12-18 16:22:31", "elapsed": 6190.447811, "delta": 69.018372}}
{"target": 0.07034612663769202, "params": {"alphas0": 30.002841596816317, "alphas1": 9.009942724897574, "alphas10": 4.961545980271913, "alphas11": 46.73066901541377, "alphas12": 46.36175179626982, "alphas13": 32.45251110020339, "alphas2": 58.49967772773118, "alphas3": 20.72407574899633, "alphas4": 55.82005849855956, "alphas5": 1.949948863002049, "alphas6": 2.01588296323306, "alphas7": 57.02907013399294, "alphas8": 1.039540694112595, "alphas9": 56.42809356482634}, "datetime": {"datetime": "2018-12-18 16:24:16", "elapsed": 6295.002994, "delta": 104.555183}}
{"target": 0.0710739907722348, "params": {"alphas0": 53.749690493264175, "alphas1": 5.74682196256841, "alphas10": 1.1533206775976823, "alphas11": 14.085613466268786, "alphas12": 50.731645438448616, "alphas13": 46.69766462822867, "alphas2": 35.36092996919663, "alphas3": 54.603061865267115, "alphas4": 8.785991539445767, "alphas5": 6.523820704133268, "alphas6": 39.84266194091866, "alphas7": 50.57355894565745, "alphas8": 0.39807263908084645, "alphas9": 49.736912009497004}, "datetime": {"datetime": "2018-12-18 16:27:13", "elapsed": 6472.392117, "delta": 177.389123}}
{"target": 0.07103294444444448, "params": {"alphas0": 54.876080025173636, "alphas1": 1.1776366891110568, "alphas10": 2.2477036005250883, "alphas11": 0.9167642932385034, "alphas12": 50.49865948988568, "alphas13": 52.36789426189409, "alphas2": 56.76226870469549, "alphas3": 9.749201209157768, "alphas4": 54.56827423930752, "alphas5": 21.089282374164327, "alphas6": 41.05549435274132, "alphas7": 57.187616062932584, "alphas8": 2.8994421295595307, "alphas9": 40.83577622613735}, "datetime": {"datetime": "2018-12-18 16:30:53", "elapsed": 6692.039863, "delta": 219.647746}}
{"target": 0.07037450132275126, "params": {"alphas0": 57.080135989692934, "alphas1": 2.965680156953585, "alphas10": 1.3788581174087589, "alphas11": 11.739024448969914, "alphas12": 54.72337685655661, "alphas13": 36.30517986990462, "alphas2": 55.27739927159719, "alphas3": 0.7725471813124818, "alphas4": 46.17045523170798, "alphas5": 11.230207888674624, "alphas6": 4.608168839844504, "alphas7": 20.448327267554383, "alphas8": 2.683619949558913, "alphas9": 39.66055399963187}, "datetime": {"datetime": "2018-12-18 16:34:57", "elapsed": 6936.540699, "delta": 244.500836}}
{"target": 0.07041326798311906, "params": {"alphas0": 53.603328111786325, "alphas1": 14.364759439484196, "alphas10": 4.2226701283532435, "alphas11": 23.474002004251396, "alphas12": 59.44530317627832, "alphas13": 56.05013027125204, "alphas2": 43.52215700393579, "alphas3": 3.6997479582492487, "alphas4": 36.733649236327324, "alphas5": 1.3229443359321658, "alphas6": 2.8498971832844844, "alphas7": 49.96212724158208, "alphas8": 1.5671220497681793, "alphas9": 54.514600488764074}, "datetime": {"datetime": "2018-12-18 16:37:54", "elapsed": 7113.723348, "delta": 177.182649}}
{"target": 0.07077810673343411, "params": {"alphas0": 59.81098086740422, "alphas1": 14.790986507451112, "alphas10": 0.41719590580776345, "alphas11": 51.00025353450267, "alphas12": 53.89535815080172, "alphas13": 34.28231367561609, "alphas2": 4.1074358776824145, "alphas3": 55.6064975105148, "alphas4": 57.40702285972411, "alphas5": 20.137728483440306, "alphas6": 29.147152450807393, "alphas7": 58.18156165614989, "alphas8": 6.400744654823985, "alphas9": 53.09816180808495}, "datetime": {"datetime": "2018-12-18 16:39:49", "elapsed": 7228.603489, "delta": 114.880141}}
{"target": 0.07116956062610222, "params": {"alphas0": 59.37413408972542, "alphas1": 2.057222729668955, "alphas10": 0.15227110252794995, "alphas11": 8.33451318115867, "alphas12": 11.857880604760318, "alphas13": 52.422308077087806, "alphas2": 55.179703869244435, "alphas3": 54.19190530606729, "alphas4": 52.9596596518851, "alphas5": 6.510824082138704, "alphas6": 48.98260038672603, "alphas7": 43.850959127454104, "alphas8": 3.327031457512022, "alphas9": 27.698623190162067}, "datetime": {"datetime": "2018-12-18 16:41:47", "elapsed": 7346.057228, "delta": 117.453739}}
{"target": 0.07123538139329791, "params": {"alphas0": 25.281270046115104, "alphas1": 3.912022010328602, "alphas10": 1.5459368449680655, "alphas11": 2.4271595153710313, "alphas12": 35.82785583096131, "alphas13": 50.9925522012626, "alphas2": 46.30660699501783, "alphas3": 58.545765073127654, "alphas4": 52.887534734591995, "alphas5": 2.204901937263306, "alphas6": 35.66468599654663, "alphas7": 55.50567278324766, "alphas8": 2.634246330418959, "alphas9": 33.405832072102996}, "datetime": {"datetime": "2018-12-18 16:43:51", "elapsed": 7469.947029, "delta": 123.889801}}
{"target": 0.06954326351095991, "params": {"alphas0": 56.37246547150959, "alphas1": 3.7666026608027336, "alphas10": 3.766847266833784, "alphas11": 24.139775593309036, "alphas12": 58.50235101157616, "alphas13": 29.47111572876381, "alphas2": 57.45875713286472, "alphas3": 21.73444087661402, "alphas4": 25.48267979050539, "alphas5": 2.5998559936250687, "alphas6": 6.326562626241785, "alphas7": 58.81646262178283, "alphas8": 0.24830403175988724, "alphas9": 24.91093173404747}, "datetime": {"datetime": "2018-12-18 16:46:54", "elapsed": 7653.000201, "delta": 183.053172}}
{"target": 0.0715846506046863, "params": {"alphas0": 52.92963373108122, "alphas1": 2.5713423307968597, "alphas10": 0.2596950788460384, "alphas11": 8.621155888516052, "alphas12": 25.899971782865496, "alphas13": 55.4510947713008, "alphas2": 36.2342525370369, "alphas3": 48.3846806785401, "alphas4": 51.04297602934688, "alphas5": 4.906761914900457, "alphas6": 57.39362137210505, "alphas7": 15.565581043008972, "alphas8": 6.933969498806299, "alphas9": 49.02772639651358}, "datetime": {"datetime": "2018-12-18 16:50:08", "elapsed": 7846.88494, "delta": 193.884739}}
{"target": 0.07126458002645492, "params": {"alphas0": 51.83718626477276, "alphas1": 3.340352249686338, "alphas10": 1.447910109783277, "alphas11": 39.45482557254129, "alphas12": 48.7953375266435, "alphas13": 58.77454723846424, "alphas2": 59.8923523768706, "alphas3": 54.22719348396111, "alphas4": 21.363840599846647, "alphas5": 0.19552800297915063, "alphas6": 7.43084670002167, "alphas7": 29.295183928520846, "alphas8": 1.5062824702927102, "alphas9": 38.22754860603682}, "datetime": {"datetime": "2018-12-18 16:53:26", "elapsed": 8044.859009, "delta": 197.974069}}
{"target": 0.07165353278533626, "params": {"alphas0": 44.487577277001385, "alphas1": 10.883913223201773, "alphas10": 0.2711211202774111, "alphas11": 34.08042286309645, "alphas12": 17.501805366822797, "alphas13": 53.57904740409301, "alphas2": 56.81125437365464, "alphas3": 46.39939454195283, "alphas4": 17.595242339917135, "alphas5": 3.0392782060805112, "alphas6": 53.2642554026772, "alphas7": 46.385447246882094, "alphas8": 3.1501682019060895, "alphas9": 58.70282570196338}, "datetime": {"datetime": "2018-12-18 16:56:11", "elapsed": 8209.977351, "delta": 165.118342}}
{"target": 0.07070093647644232, "params": {"alphas0": 57.93901079914605, "alphas1": 25.365702463732028, "alphas10": 2.40818610266452, "alphas11": 17.898315341583174, "alphas12": 23.800086200316734, "alphas13": 48.39987638201522, "alphas2": 49.040560108544604, "alphas3": 56.14443813637057, "alphas4": 56.16769836803696, "alphas5": 6.39530449394047, "alphas6": 37.63803999473036, "alphas7": 35.31281799432403, "alphas8": 0.8517392605128915, "alphas9": 58.53358292105049}, "datetime": {"datetime": "2018-12-18 16:57:41", "elapsed": 8300.104949, "delta": 90.127598}}
{"target": 0.07050863674729145, "params": {"alphas0": 58.191203766314295, "alphas1": 4.435597408360086, "alphas10": 4.917330763215175, "alphas11": 24.08550109404856, "alphas12": 0.6360532787241224, "alphas13": 50.5764119337267, "alphas2": 54.48346276745875, "alphas3": 8.517664879969269, "alphas4": 57.96442661085831, "alphas5": 1.9440689920218146, "alphas6": 52.672166945505154, "alphas7": 48.685208440742244, "alphas8": 1.2206164931069163, "alphas9": 38.92364127489752}, "datetime": {"datetime": "2018-12-18 16:59:26", "elapsed": 8404.908106, "delta": 104.803157}}
{"target": 0.07000165769085404, "params": {"alphas0": 57.51598788860454, "alphas1": 12.756718683751584, "alphas10": 0.7465429371210597, "alphas11": 3.861221779452124, "alphas12": 57.1627802773027, "alphas13": 10.105202237529415, "alphas2": 27.568365873274267, "alphas3": 51.27601786161157, "alphas4": 48.941805333053345, "alphas5": 11.623703705677988, "alphas6": 36.467961047268204, "alphas7": 56.649383008040836, "alphas8": 0.1817565082659045, "alphas9": 27.24084549604331}, "datetime": {"datetime": "2018-12-18 17:01:04", "elapsed": 8503.392175, "delta": 98.484069}}
{"target": 0.07147402853363566, "params": {"alphas0": 38.129074758612155, "alphas1": 16.757694552933785, "alphas10": 0.05228033781185193, "alphas11": 1.4069944450513105, "alphas12": 13.971183647082794, "alphas13": 40.365634069129285, "alphas2": 58.98509701412055, "alphas3": 51.748958971933, "alphas4": 40.37466992528639, "alphas5": 4.764586673842242, "alphas6": 26.817245982700733, "alphas7": 59.85805427788384, "alphas8": 5.763776915024192, "alphas9": 58.99390760213973}, "datetime": {"datetime": "2018-12-18 17:02:52", "elapsed": 8611.734551, "delta": 108.342376}}
{"target": 0.07119973015873016, "params": {"alphas0": 50.517584031024555, "alphas1": 2.918145766301341, "alphas10": 2.971998281389352, "alphas11": 7.314005872793512, "alphas12": 2.4146613111609927, "alphas13": 50.459432863735785, "alphas2": 51.39286225397733, "alphas3": 47.769552577158954, "alphas4": 43.59709873579913, "alphas5": 11.13598310115804, "alphas6": 33.07864311036168, "alphas7": 57.99103467404942, "alphas8": 8.503571644623506, "alphas9": 34.222533429630445}, "datetime": {"datetime": "2018-12-18 17:04:47", "elapsed": 8726.0097, "delta": 114.275149}}
{"target": 0.07142613970773487, "params": {"alphas0": 51.615738349221516, "alphas1": 5.440886496275061, "alphas10": 2.3281471370637563, "alphas11": 46.547483753227176, "alphas12": 46.01298704484213, "alphas13": 52.338142403203946, "alphas2": 29.84918948863151, "alphas3": 48.37545074344882, "alphas4": 56.45378813272458, "alphas5": 1.0797118172392328, "alphas6": 42.778398223836774, "alphas7": 59.62310216823168, "alphas8": 5.855006068649498, "alphas9": 44.973518567116265}, "datetime": {"datetime": "2018-12-18 17:06:33", "elapsed": 8831.890141, "delta": 105.880441}}
{"target": 0.06955093200428313, "params": {"alphas0": 58.683367904281305, "alphas1": 1.796076326239091, "alphas10": 1.058347256519263, "alphas11": 54.18317038126298, "alphas12": 59.004913083194396, "alphas13": 59.121597065314226, "alphas2": 40.073246830224015, "alphas3": 24.18555907560504, "alphas4": 8.905867191639409, "alphas5": 3.453993938026836, "alphas6": 12.862148675177744, "alphas7": 15.50932571290108, "alphas8": 0.46920916646682187, "alphas9": 53.12895233408576}, "datetime": {"datetime": "2018-12-18 17:08:18", "elapsed": 8937.091475, "delta": 105.201334}}
{"target": 0.07105050349584277, "params": {"alphas0": 56.52705414291822, "alphas1": 5.063454884533383, "alphas10": 0.4780113493590066, "alphas11": 13.24055311750713, "alphas12": 36.06042018919452, "alphas13": 56.24907526492749, "alphas2": 42.041543768376414, "alphas3": 30.08470132783972, "alphas4": 32.840351974334176, "alphas5": 5.250004085113895, "alphas6": 27.144451566120196, "alphas7": 48.747525410276175, "alphas8": 0.2613955111585953, "alphas9": 50.645825714859065}, "datetime": {"datetime": "2018-12-18 17:10:02", "elapsed": 9041.37851, "delta": 104.287035}}
{"target": 0.07064449354371372, "params": {"alphas0": 59.44489379223384, "alphas1": 11.32971980405873, "alphas10": 1.3513327869343006, "alphas11": 19.862978492993847, "alphas12": 31.343315650149822, "alphas13": 46.061783073782145, "alphas2": 56.62873345309412, "alphas3": 44.247204227423126, "alphas4": 52.05306242888403, "alphas5": 36.384852927865765, "alphas6": 24.436129589628703, "alphas7": 58.375631431826264, "alphas8": 0.621727438106976, "alphas9": 5.946866283326484}, "datetime": {"datetime": "2018-12-18 17:11:37", "elapsed": 9136.538442, "delta": 95.159932}}
{"target": 0.07095299319727895, "params": {"alphas0": 59.71060456436543, "alphas1": 4.747973073835173, "alphas10": 2.806831409527102, "alphas11": 51.57395891264535, "alphas12": 0.4233578931166826, "alphas13": 33.50402336834086, "alphas2": 58.802102039737875, "alphas3": 39.17033380370399, "alphas4": 55.84693412987319, "alphas5": 29.172640544971816, "alphas6": 10.472369265063865, "alphas7": 59.49685244710595, "alphas8": 0.8125798191128264, "alphas9": 42.66103068630075}, "datetime": {"datetime": "2018-12-18 17:13:20", "elapsed": 9238.793143, "delta": 102.254701}}
{"target": 0.07087941868228755, "params": {"alphas0": 42.892402846403776, "alphas1": 4.21088211341371, "alphas10": 2.141538394717599, "alphas11": 1.719704583450361, "alphas12": 57.187605549721134, "alphas13": 17.529490505637327, "alphas2": 58.09577393498799, "alphas3": 59.585659076998034, "alphas4": 56.67768345404652, "alphas5": 31.22252584965681, "alphas6": 42.49204056925228, "alphas7": 10.688065848989943, "alphas8": 1.531626307817986, "alphas9": 57.73432371830258}, "datetime": {"datetime": "2018-12-18 17:14:51", "elapsed": 9330.531738, "delta": 91.738595}}
{"target": 0.07096081062610222, "params": {"alphas0": 56.82017296660615, "alphas1": 1.1084425904608186, "alphas10": 4.966339538817602, "alphas11": 15.383653453788178, "alphas12": 1.5407038321469946, "alphas13": 43.27347965465953, "alphas2": 51.838555942777006, "alphas3": 45.031147626692494, "alphas4": 19.25279577973452, "alphas5": 7.182349000556769, "alphas6": 57.99556215451601, "alphas7": 32.44788676634167, "alphas8": 7.001065779445779, "alphas9": 50.767936083224974}, "datetime": {"datetime": "2018-12-18 17:16:36", "elapsed": 9435.426807, "delta": 104.895069}}
{"target": 0.07030607035777262, "params": {"alphas0": 50.02028309873743, "alphas1": 0.8978714686169442, "alphas10": 3.6913044233805836, "alphas11": 44.471142101628345, "alphas12": 42.61187363132679, "alphas13": 4.7942276658461935, "alphas2": 52.83542284102577, "alphas3": 54.39743034522111, "alphas4": 59.57681332956744, "alphas5": 9.775022640235623, "alphas6": 50.69601221558883, "alphas7": 50.03348611760742, "alphas8": 0.37489158543867696, "alphas9": 23.027747468694663}, "datetime": {"datetime": "2018-12-18 17:18:17", "elapsed": 9535.91213, "delta": 100.485323}}
{"target": 0.07111614235323752, "params": {"alphas0": 55.42601055424548, "alphas1": 0.03148809268514574, "alphas10": 2.783788643280447, "alphas11": 24.606493554358938, "alphas12": 15.48047341542824, "alphas13": 23.637044051679446, "alphas2": 52.322229854503625, "alphas3": 42.372764318879746, "alphas4": 10.732170202373252, "alphas5": 1.781130176857697, "alphas6": 35.178715176832775, "alphas7": 56.78099010799479, "alphas8": 4.834996873854185, "alphas9": 57.81738639610525}, "datetime": {"datetime": "2018-12-18 17:20:01", "elapsed": 9639.804737, "delta": 103.892607}}
{"target": 0.0706587861237086, "params": {"alphas0": 58.42612331538712, "alphas1": 3.7602985107858555, "alphas10": 2.7454365242832046, "alphas11": 7.684910331192254, "alphas12": 4.202722094928301, "alphas13": 30.520131832172822, "alphas2": 2.3514536444457557, "alphas3": 37.32111209632726, "alphas4": 54.97576434787402, "alphas5": 0.030412014611225224, "alphas6": 36.81743961079284, "alphas7": 55.662917054512455, "alphas8": 8.210708602704596, "alphas9": 56.82764495188858}, "datetime": {"datetime": "2018-12-18 17:21:40", "elapsed": 9739.195167, "delta": 99.39043}}
{"target": 0.07117615876165276, "params": {"alphas0": 56.498984174767145, "alphas1": 5.6889181490316565, "alphas10": 2.5764377216718914, "alphas11": 52.9882368587339, "alphas12": 45.40319745608868, "alphas13": 49.763550470861176, "alphas2": 55.54918218793783, "alphas3": 46.49068831249362, "alphas4": 48.92859042744618, "alphas5": 10.07685608064688, "alphas6": 42.25197675493579, "alphas7": 11.407211317484707, "alphas8": 3.103564319518619, "alphas9": 57.86026464902971}, "datetime": {"datetime": "2018-12-18 17:23:29", "elapsed": 9848.020671, "delta": 108.825504}}
{"target": 0.07079319104308392, "params": {"alphas0": 52.747141953097824, "alphas1": 1.1980842041969564, "alphas10": 2.730878643625323, "alphas11": 6.390278729096139, "alphas12": 26.603972141472983, "alphas13": 5.102076160786595, "alphas2": 53.39914828122447, "alphas3": 42.847809938114146, "alphas4": 51.883052914716195, "alphas5": 1.9748103801407813, "alphas6": 48.48822253962769, "alphas7": 27.84563314004567, "alphas8": 10.382935732016062, "alphas9": 56.630147794687595}, "datetime": {"datetime": "2018-12-18 17:25:06", "elapsed": 9945.380134, "delta": 97.359463}}
{"target": 0.07070815454144612, "params": {"alphas0": 51.16665366808354, "alphas1": 6.110907633145182, "alphas10": 4.893918211595278, "alphas11": 28.096372249614856, "alphas12": 7.202010475635272, "alphas13": 48.94029322988692, "alphas2": 58.98769127961211, "alphas3": 55.7768521752288, "alphas4": 57.41787047528009, "alphas5": 24.15199888149884, "alphas6": 46.679527209109835, "alphas7": 51.98312373452195, "alphas8": 0.2842055157581469, "alphas9": 49.19605981370403}, "datetime": {"datetime": "2018-12-18 17:26:49", "elapsed": 10048.61724, "delta": 103.237106}}
{"target": 0.07098848144998729, "params": {"alphas0": 51.0270066904519, "alphas1": 10.123427379716814, "alphas10": 2.8451297298468647, "alphas11": 29.742985341658088, "alphas12": 36.90952706775212, "alphas13": 53.18064619250509, "alphas2": 36.93031530891228, "alphas3": 46.55831850914331, "alphas4": 58.55778621418939, "alphas5": 6.686694424090627, "alphas6": 39.91254186954393, "alphas7": 54.685793419497244, "alphas8": 3.3402601774333363, "alphas9": 56.7023123065389}, "datetime": {"datetime": "2018-12-18 17:28:37", "elapsed": 10156.284188, "delta": 107.666948}}
{"target": 0.0709230147392289, "params": {"alphas0": 58.99925693922681, "alphas1": 8.151536298888134, "alphas10": 1.9189219522600909, "alphas11": 21.344361184362505, "alphas12": 55.54493651405123, "alphas13": 48.53241185366707, "alphas2": 28.242162230316886, "alphas3": 56.77819432384442, "alphas4": 38.51461910928029, "alphas5": 0.7705673202439045, "alphas6": 34.414078847841786, "alphas7": 57.90812038552555, "alphas8": 5.48206507761388, "alphas9": 55.91054629645952}, "datetime": {"datetime": "2018-12-18 17:30:16", "elapsed": 10255.630914, "delta": 99.346726}}
