{"target": 0.07099030901990416, "params": {"alphas0": 59.120448779247134, "alphas1": 18.686402181059897, "alphas10": 3.269702447679137, "alphas11": 13.630069720993996, "alphas12": 19.249846275835594, "alphas13": 57.95972092247776, "alphas2": 45.56942720900114, "alphas3": 6.060371163931768, "alphas4": 56.60577126757197, "alphas5": 11.141843020312523, "alphas6": 38.34330603897788, "alphas7": 49.5230755149735, "alphas8": 2.7645175096343677, "alphas9": 59.37197683849006}, "datetime": {"datetime": "2018-12-18 15:08:01", "elapsed": 1720.68002, "delta": 28.828249}}
{"target": 0.07127646730914583, "params": {"alphas0": 51.75041351293715, "alphas1": 5.5900136190095235, "alphas10": 0.9987980223909521, "alphas11": 38.69036446380085, "alphas12": 39.90717720508216, "alphas13": 50.472549472240466, "alphas2": 46.9665434874718, "alphas3": 16.982120954429092, "alphas4": 12.431923622180195, "alphas5": 2.807164005145948, "alphas6": 47.426237115671924, "alphas7": 49.47549719177979, "alphas8": 5.8583550645222715, "alphas9": 58.124540511903014}, "datetime": {"datetime": "2018-12-18 15:08:30", "elapsed": 1749.619762, "delta": 28.939742}}
{"target": 0.07107174089821103, "params": {"alphas0": 40.67014002872367, "alphas1": 0.014411904999140912, "alphas10": 2.0229629991023845, "alphas11": 3.3450347524725177, "alphas12": 2.2724766001629715, "alphas13": 46.26483660095042, "alphas2": 54.904572535856964, "alphas3": 45.031948581423585, "alphas4": 52.83940083076559, "alphas5": 7.274976449466342, "alphas6": 43.14411297230686, "alphas7": 57.708748318314136, "alphas8": 7.223420319070573, "alphas9": 43.00512760785744}, "datetime": {"datetime": "2018-12-18 15:08:59", "elapsed": 1778.087048, "delta": 28.467286}}
{"target": 0.07136027569916856, "params": {"alphas0": 47.22946777361884, "alphas1": 7.489885739738089, "alphas10": 0.19140346518721874, "alphas11": 1.6795724506859289, "alphas12": 58.19917487211865, "alphas13": 40.23486693414509, "alphas2": 57.05738354707085, "alphas3": 54.68376206645564, "alphas4": 41.21780963178229, "alphas5": 0.3232262778993822, "alphas6": 20.532551467255164, "alphas7": 37.79314778565803, "alphas8": 5.61184147869771, "alphas9": 57.94678658910123}, "datetime": {"datetime": "2018-12-18 15:09:28", "elapsed": 1807.697272, "delta": 29.610224}}
{"target": 0.07066292176870731, "params": {"alphas0": 56.68003927694953, "alphas1": 7.012785218162558, "alphas10": 8.951283354960967, "alphas11": 32.549244108731024, "alphas12": 37.25785261557592, "alphas13": 59.79795597655064, "alphas2": 58.79559283515165, "alphas3": 0.21812946391972066, "alphas4": 58.23999474808583, "alphas5": 12.502815605112083, "alphas6": 44.828717288926256, "alphas7": 53.2837728556876, "alphas8": 1.2774306622282983, "alphas9": 49.39394496272276}, "datetime": {"datetime": "2018-12-18 15:09:57", "elapsed": 1836.322706, "delta": 28.625434}}
{"target": 0.07107540920256977, "params": {"alphas0": 40.62312549078675, "alphas1": 0.632966387479037, "alphas10": 0.8261215552079215, "alphas11": 58.12760882605117, "alphas12": 5.698930084603493, "alphas13": 42.292122413953955, "alphas2": 56.14472579857068, "alphas3": 52.33837780008923, "alphas4": 57.47819727652863, "alphas5": 29.548079209040644, "alphas6": 56.955083402777326, "alphas7": 56.74559473188859, "alphas8": 4.55874520809491, "alphas9": 46.558518046053386}, "datetime": {"datetime": "2018-12-18 15:10:26", "elapsed": 1865.079715, "delta": 28.757009}}
{"target": 0.07083415473041062, "params": {"alphas0": 23.82777444536657, "alphas1": 4.146429226459192, "alphas10": 3.747898861956307, "alphas11": 12.804966750045173, "alphas12": 47.95414193026419, "alphas13": 54.45753480103224, "alphas2": 47.353463872782996, "alphas3": 54.252225714171935, "alphas4": 12.560803380616868, "alphas5": 3.3651753081764446, "alphas6": 33.61994089654752, "alphas7": 59.81638378517026, "alphas8": 3.2536312239952947, "alphas9": 57.904141831831375}, "datetime": {"datetime": "2018-12-18 15:10:54", "elapsed": 1893.598617, "delta": 28.518902}}
{"target": 0.07007255961829158, "params": {"alphas0": 59.329292428449875, "alphas1": 5.857047105795852, "alphas10": 20.98432703608744, "alphas11": 58.46049753728511, "alphas12": 35.981339763594285, "alphas13": 51.62370715124259, "alphas2": 59.849339035458456, "alphas3": 42.32380186900189, "alphas4": 40.40227492426465, "alphas5": 2.1957051671063987, "alphas6": 59.917128760284704, "alphas7": 58.28784995779873, "alphas8": 3.2226961965631373, "alphas9": 42.9740088407524}, "datetime": {"datetime": "2018-12-18 15:11:24", "elapsed": 1922.820228, "delta": 29.221611}}
{"target": 0.07052051341647765, "params": {"alphas0": 49.80246944334929, "alphas1": 5.9688701158288975, "alphas10": 0.03716683274584076, "alphas11": 40.90216066911797, "alphas12": 58.719414474383804, "alphas13": 58.026015913012, "alphas2": 59.7210975756323, "alphas3": 0.3878153075060853, "alphas4": 48.65781867123528, "alphas5": 1.8487691103789805, "alphas6": 4.718641370391083, "alphas7": 52.4190433313084, "alphas8": 19.320162860492744, "alphas9": 9.69405700126999}, "datetime": {"datetime": "2018-12-18 15:11:52", "elapsed": 1951.721949, "delta": 28.901721}}
{"target": 0.07094864827412448, "params": {"alphas0": 58.92755163679397, "alphas1": 3.4857255920218355, "alphas10": 2.0403871615870584, "alphas11": 38.3034577199325, "alphas12": 37.22842474878895, "alphas13": 0.8839673735821885, "alphas2": 41.755841948479656, "alphas3": 34.39585323161872, "alphas4": 54.48019834920747, "alphas5": 2.5268691000470245, "alphas6": 46.600954811218685, "alphas7": 32.3742911174568, "alphas8": 3.025853130690972, "alphas9": 54.761956986183286}, "datetime": {"datetime": "2018-12-18 15:12:22", "elapsed": 1981.554987, "delta": 29.833038}}
{"target": 0.07056081125598387, "params": {"alphas0": 59.66900223915387, "alphas1": 7.134096380759107, "alphas10": 2.217833464345975, "alphas11": 53.84771334367304, "alphas12": 23.483519067932335, "alphas13": 57.460574241516994, "alphas2": 51.65171715328074, "alphas3": 15.720405388130413, "alphas4": 41.93450643676107, "alphas5": 1.0981884300663158, "alphas6": 32.52756276890112, "alphas7": 51.754179415698445, "alphas8": 21.59363449620041, "alphas9": 53.14435006389059}, "datetime": {"datetime": "2018-12-18 15:12:50", "elapsed": 2009.085911, "delta": 27.530924}}
{"target": 0.07074089808515999, "params": {"alphas0": 54.558515804708954, "alphas1": 1.4332054144461215, "alphas10": 0.7251465682570313, "alphas11": 41.05822952840788, "alphas12": 50.86681636329961, "alphas13": 52.912981981304824, "alphas2": 54.08993139190221, "alphas3": 7.331925070430023, "alphas4": 52.563467711479056, "alphas5": 13.682413325254089, "alphas6": 21.69738283757041, "alphas7": 52.5323736505973, "alphas8": 0.25961541659601517, "alphas9": 53.006294406243235}, "datetime": {"datetime": "2018-12-18 15:13:19", "elapsed": 2038.498003, "delta": 29.412092}}
{"target": 0.07119271075837748, "params": {"alphas0": 52.61391002350327, "alphas1": 9.542142406652305, "alphas10": 3.0229392499931818, "alphas11": 48.563240556254776, "alphas12": 56.598250816726306, "alphas13": 42.48996585351398, "alphas2": 50.94418821282632, "alphas3": 58.82270172092089, "alphas4": 40.94456338277887, "alphas5": 9.146001128891639, "alphas6": 4.703333594095442, "alphas7": 59.722840073174694, "alphas8": 3.3470161783385866, "alphas9": 46.73678314103584}, "datetime": {"datetime": "2018-12-18 15:13:48", "elapsed": 2067.122719, "delta": 28.624716}}
{"target": 0.07146563246409673, "params": {"alphas0": 46.986717535146084, "alphas1": 9.301412735049059, "alphas10": 0.592604813519122, "alphas11": 3.7608616732910116, "alphas12": 43.16820964304712, "alphas13": 33.002998939122534, "alphas2": 56.92188136024975, "alphas3": 44.64699830968894, "alphas4": 58.85942744526425, "alphas5": 8.296245578616215, "alphas6": 1.4447859554072373, "alphas7": 45.10197069352169, "alphas8": 3.2800987325592, "alphas9": 38.32826889514774}, "datetime": {"datetime": "2018-12-18 15:14:17", "elapsed": 2096.663785, "delta": 29.541066}}
{"target": 0.07057373478835968, "params": {"alphas0": 9.810659218090514, "alphas1": 6.659149946532983, "alphas10": 1.3673395867501026, "alphas11": 42.667470190633246, "alphas12": 55.26485402850986, "alphas13": 58.564430367984166, "alphas2": 56.86394233557379, "alphas3": 39.65274314547084, "alphas4": 56.84629409598575, "alphas5": 9.977558999709576, "alphas6": 28.9905531276453, "alphas7": 58.69430252588707, "alphas8": 1.8314018826314649, "alphas9": 44.41205368610421}, "datetime": {"datetime": "2018-12-18 15:14:47", "elapsed": 2126.145196, "delta": 29.481411}}
{"target": 0.07129749669312153, "params": {"alphas0": 26.571121478235057, "alphas1": 0.2374593363619404, "alphas10": 0.3627111659434812, "alphas11": 54.370457814537076, "alphas12": 46.27008008735112, "alphas13": 57.39505834563343, "alphas2": 57.5080715034566, "alphas3": 15.414572775233864, "alphas4": 59.11115033910175, "alphas5": 0.0842768045543485, "alphas6": 8.485923325826487, "alphas7": 24.267865803679797, "alphas8": 2.0778844243119643, "alphas9": 55.813329481719045}, "datetime": {"datetime": "2018-12-18 15:15:15", "elapsed": 2154.605616, "delta": 28.46042}}
{"target": 0.07080855335096997, "params": {"alphas0": 55.57742942808218, "alphas1": 0.14299687117904192, "alphas10": 0.09479921926816237, "alphas11": 53.90701903639591, "alphas12": 51.13187871720778, "alphas13": 43.70140473707774, "alphas2": 46.24445064823528, "alphas3": 58.21421891472177, "alphas4": 54.29796207316424, "alphas5": 0.2433379573184702, "alphas6": 5.407245126231763, "alphas7": 59.102909193814945, "alphas8": 0.06755595910530543, "alphas9": 28.61999090862117}, "datetime": {"datetime": "2018-12-18 15:15:45", "elapsed": 2183.806299, "delta": 29.200683}}
{"target": 0.07132940110859154, "params": {"alphas0": 54.67697788721809, "alphas1": 2.09601495671758, "alphas10": 0.37909734693593045, "alphas11": 40.938978649318116, "alphas12": 11.85505012686069, "alphas13": 11.743914516347601, "alphas2": 53.39422335930927, "alphas3": 12.364910042893326, "alphas4": 50.77608653046906, "alphas5": 1.2939390016670527, "alphas6": 56.71032541347932, "alphas7": 54.27124159217125, "alphas8": 2.177402362943124, "alphas9": 58.39068706425664}, "datetime": {"datetime": "2018-12-18 15:16:14", "elapsed": 2213.518176, "delta": 29.711877}}
{"target": 0.07107123475686568, "params": {"alphas0": 51.86658657139297, "alphas1": 3.9139031476096475, "alphas10": 2.756905644747565, "alphas11": 43.15384824101414, "alphas12": 2.1046580629359113, "alphas13": 41.2569107657014, "alphas2": 50.40008746928409, "alphas3": 34.725484439390144, "alphas4": 50.75320451175669, "alphas5": 5.415021475706969, "alphas6": 48.18623023517342, "alphas7": 51.00601614326445, "alphas8": 5.482959397405896, "alphas9": 46.33489794140278}, "datetime": {"datetime": "2018-12-18 15:16:44", "elapsed": 2243.344953, "delta": 29.826777}}
{"target": 0.07081174502393545, "params": {"alphas0": 55.850325269442784, "alphas1": 17.857310854315013, "alphas10": 1.4576567979596255, "alphas11": 57.43481632855534, "alphas12": 41.97396029835874, "alphas13": 46.777651302944186, "alphas2": 57.602467058792215, "alphas3": 8.523509955982135, "alphas4": 46.64253224943959, "alphas5": 32.18637701665331, "alphas6": 50.75754338992602, "alphas7": 59.54898482618042, "alphas8": 0.7482295864016875, "alphas9": 51.45107176704729}, "datetime": {"datetime": "2018-12-18 15:17:27", "elapsed": 2286.12194, "delta": 42.776987}}
{"target": 0.07072390854119423, "params": {"alphas0": 36.7805605116157, "alphas1": 5.189492887551415, "alphas10": 1.3757606880281292, "alphas11": 29.936131481179064, "alphas12": 15.528910836952969, "alphas13": 52.39432300467581, "alphas2": 56.04239894811752, "alphas3": 37.87959341830238, "alphas4": 55.1077346065176, "alphas5": 0.2187445145998601, "alphas6": 54.99540297418582, "alphas7": 58.34479144593971, "alphas8": 14.538358360407905, "alphas9": 48.77103591510674}, "datetime": {"datetime": "2018-12-18 15:18:12", "elapsed": 2331.632527, "delta": 45.510587}}
{"target": 0.07122783390022668, "params": {"alphas0": 51.67926336779516, "alphas1": 0.0636895796263004, "alphas10": 0.5368723605252779, "alphas11": 35.373937796280316, "alphas12": 59.912415372091395, "alphas13": 45.48326721454103, "alphas2": 58.864547011241264, "alphas3": 10.284936554254235, "alphas4": 59.710059059516325, "alphas5": 35.265044479100425, "alphas6": 48.932327650289295, "alphas7": 59.683625030042066, "alphas8": 4.1746993167931805, "alphas9": 32.553886855201085}, "datetime": {"datetime": "2018-12-18 15:18:57", "elapsed": 2376.460516, "delta": 44.827989}}
{"target": 0.0706180987024438, "params": {"alphas0": 58.87962540060513, "alphas1": 7.17340243394916, "alphas10": 2.851354561264261, "alphas11": 27.390134564140805, "alphas12": 16.30857372803116, "alphas13": 31.125070737580362, "alphas2": 59.45871500876328, "alphas3": 21.116020756945627, "alphas4": 55.5610716042453, "alphas5": 2.7154887518539828, "alphas6": 25.165292526547724, "alphas7": 56.469353054349845, "alphas8": 2.323786261562708, "alphas9": 41.89181139971063}, "datetime": {"datetime": "2018-12-18 15:19:41", "elapsed": 2420.173007, "delta": 43.712491}}
{"target": 0.07129395039682532, "params": {"alphas0": 54.537540062284435, "alphas1": 0.17612244893934204, "alphas10": 0.5708540678838658, "alphas11": 4.725549629480694, "alphas12": 23.630559423381648, "alphas13": 53.474992407184885, "alphas2": 59.29521279336881, "alphas3": 36.92780128077909, "alphas4": 30.174415439855004, "alphas5": 12.697969805655788, "alphas6": 37.345545887640924, "alphas7": 23.649781135582124, "alphas8": 6.111800127627108, "alphas9": 54.06022134634151}, "datetime": {"datetime": "2018-12-18 15:20:27", "elapsed": 2466.734979, "delta": 46.561972}}
{"target": 0.07071807747543456, "params": {"alphas0": 59.359081378062655, "alphas1": 10.833183895688943, "alphas10": 0.5231542863810135, "alphas11": 54.447823843606194, "alphas12": 10.03793447196928, "alphas13": 10.896187351121409, "alphas2": 57.98408264474861, "alphas3": 11.25892056487632, "alphas4": 55.73196609791376, "alphas5": 6.379731939201938, "alphas6": 30.365598930746252, "alphas7": 57.50617462710916, "alphas8": 13.483347758833403, "alphas9": 59.20014967643828}, "datetime": {"datetime": "2018-12-18 15:21:13", "elapsed": 2512.71805, "delta": 45.983071}}
{"target": 0.07089944164147136, "params": {"alphas0": 59.20988414911822, "alphas1": 2.9155972585940604, "alphas10": 7.406390750297329, "alphas11": 21.85854901836882, "alphas12": 39.476366027947535, "alphas13": 13.523861181469725, "alphas2": 59.22624708087257, "alphas3": 28.575944994591737, "alphas4": 53.409576835259614, "alphas5": 16.605895883440382, "alphas6": 56.00996058980365, "alphas7": 59.249401528542485, "alphas8": 8.196660631718979, "alphas9": 52.62910336679389}, "datetime": {"datetime": "2018-12-18 15:22:00", "elapsed": 2559.208374, "delta": 46.490324}}
{"target": 0.06978131950743262, "params": {"alphas0": 54.37503452834894, "alphas1": 10.211566883528953, "alphas10": 1.4507427067150824, "alphas11": 25.238620422147335, "alphas12": 59.88535058166745, "alphas13": 52.311832689543564, "alphas2": 40.330309634814526, "alphas3": 52.02667654996078, "alphas4": 53.396202727499784, "alphas5": 6.042822271815225, "alphas6": 50.334757854951405, "alphas7": 54.91374001551156, "alphas8": 31.88487507008775, "alphas9": 55.1602160577632}, "datetime": {"datetime": "2018-12-18 15:22:47", "elapsed": 2606.499701, "delta": 47.291327}}
{"target": 0.07042744457042055, "params": {"alphas0": 50.939715079930885, "alphas1": 5.392891815081942, "alphas10": 10.676492622170073, "alphas11": 56.86641393106706, "alphas12": 44.273311490916306, "alphas13": 38.65405772677017, "alphas2": 56.318946640611884, "alphas3": 46.73303921798828, "alphas4": 51.2287048997138, "alphas5": 6.0775276688132, "alphas6": 59.71132950910588, "alphas7": 56.78655268332492, "alphas8": 0.5300267131394953, "alphas9": 9.640943659541366}, "datetime": {"datetime": "2018-12-18 15:23:36", "elapsed": 2655.275285, "delta": 48.775584}}
{"target": 0.07057723818972021, "params": {"alphas0": 54.309573582159814, "alphas1": 11.86223168673044, "alphas10": 5.659439779388416, "alphas11": 28.196812467751375, "alphas12": 57.860472589545914, "alphas13": 17.100147814429352, "alphas2": 45.94234229708564, "alphas3": 42.74688792712715, "alphas4": 56.74491684010406, "alphas5": 5.627594731583554, "alphas6": 20.043085401703454, "alphas7": 54.34696723772649, "alphas8": 0.9115113732074853, "alphas9": 57.962105399781976}, "datetime": {"datetime": "2018-12-18 15:24:22", "elapsed": 2701.446552, "delta": 46.171267}}
{"target": 0.06937279437515735, "params": {"alphas0": 4.580228052921543, "alphas1": 1.045355884325747, "alphas10": 0.9587730274084794, "alphas11": 38.5456393656768, "alphas12": 5.478108758577913, "alphas13": 59.93627827900053, "alphas2": 56.055844810191886, "alphas3": 49.642875151811836, "alphas4": 12.142204996760222, "alphas5": 36.17316397299456, "alphas6": 55.387940990154355, "alphas7": 56.530941981643075, "alphas8": 0.2830316631773422, "alphas9": 56.793637175456624}, "datetime": {"datetime": "2018-12-18 15:25:10", "elapsed": 2749.348315, "delta": 47.901763}}
{"target": 0.07091162311035519, "params": {"alphas0": 59.87605329388055, "alphas1": 4.942018108540262, "alphas10": 0.1161087038962183, "alphas11": 43.39685439224056, "alphas12": 52.431492075954594, "alphas13": 1.8360208079056761, "alphas2": 52.36446353976222, "alphas3": 6.566893053550973, "alphas4": 56.5278754085295, "alphas5": 27.439029359110172, "alphas6": 15.133720276589617, "alphas7": 58.625043519151845, "alphas8": 6.6382205544689965, "alphas9": 34.77488341604566}, "datetime": {"datetime": "2018-12-18 15:25:57", "elapsed": 2795.950584, "delta": 46.602269}}
{"target": 0.07082441559586793, "params": {"alphas0": 22.98376949485365, "alphas1": 0.4935845798504257, "alphas10": 0.5598324489079243, "alphas11": 54.89213852036697, "alphas12": 58.76955712236517, "alphas13": 59.08440961053099, "alphas2": 47.97699526509265, "alphas3": 41.09238901920493, "alphas4": 32.260315662226326, "alphas5": 4.424465222721146, "alphas6": 19.814204764029583, "alphas7": 59.94314591550844, "alphas8": 1.4586484862404392, "alphas9": 57.927854008752604}, "datetime": {"datetime": "2018-12-18 15:26:47", "elapsed": 2846.765257, "delta": 50.814673}}
{"target": 0.07107664263668424, "params": {"alphas0": 58.35647965124764, "alphas1": 1.274677771718562, "alphas10": 2.146203411698928, "alphas11": 1.069915819410563, "alphas12": 48.328744928914084, "alphas13": 15.026162319713654, "alphas2": 57.519567976292926, "alphas3": 5.555360358601254, "alphas4": 39.81984207326607, "alphas5": 0.954191523036525, "alphas6": 46.716050526811024, "alphas7": 39.86995989871744, "alphas8": 4.808642795604241, "alphas9": 26.32519972602076}, "datetime": {"datetime": "2018-12-18 15:27:35", "elapsed": 2894.056575, "delta": 47.291318}}
{"target": 0.07090992510707983, "params": {"alphas0": 42.806079939233975, "alphas1": 16.39389547568852, "alphas10": 3.0370019281118954, "alphas11": 36.39136417767484, "alphas12": 6.640496060855821, "alphas13": 56.47007954916175, "alphas2": 56.909241460309836, "alphas3": 50.87053289347037, "alphas4": 52.54554410365366, "alphas5": 3.6680712414320027, "alphas6": 58.73724003159595, "alphas7": 47.751673348028405, "alphas8": 0.17917533599379087, "alphas9": 41.935986711458554}, "datetime": {"datetime": "2018-12-18 15:28:19", "elapsed": 2938.303168, "delta": 44.246593}}
{"target": 0.07076377894305852, "params": {"alphas0": 57.59499231576579, "alphas1": 1.9326475580076763, "alphas10": 0.3190013875884623, "alphas11": 22.726204001863337, "alphas12": 13.86047803930107, "alphas13": 44.26032911691616, "alphas2": 1.1186101763491907, "alphas3": 12.98780387474763, "alphas4": 50.059270992864775, "alphas5": 0.13617352753408696, "alphas6": 2.2775128256791177, "alphas7": 50.895697183102484, "alphas8": 2.4208110744164557, "alphas9": 36.133843681608475}, "datetime": {"datetime": "2018-12-18 15:29:04", "elapsed": 2982.926969, "delta": 44.623801}}
{"target": 0.0709390732867221, "params": {"alphas0": 53.32138348250704, "alphas1": 1.9743076265228843, "alphas10": 7.833708218692255, "alphas11": 51.737276270615446, "alphas12": 30.82400140683336, "alphas13": 57.231491800142585, "alphas2": 33.02900941950234, "alphas3": 4.512564695731638, "alphas4": 47.86740598063773, "alphas5": 14.151591882077131, "alphas6": 58.56562340576173, "alphas7": 56.935436423385255, "alphas8": 5.0129093098536615, "alphas9": 46.52820515650524}, "datetime": {"datetime": "2018-12-18 15:29:56", "elapsed": 3035.356208, "delta": 52.429239}}
{"target": 0.0708088275699167, "params": {"alphas0": 59.71568508734011, "alphas1": 9.290553535791219, "alphas10": 1.8659967077746553, "alphas11": 42.20214347736546, "alphas12": 59.56310017745825, "alphas13": 30.310569069685414, "alphas2": 58.559213180078714, "alphas3": 16.55451185290413, "alphas4": 56.88624954797389, "alphas5": 19.146214432310117, "alphas6": 58.36656572471912, "alphas7": 54.58377491968365, "alphas8": 2.639876714600613, "alphas9": 23.89129954167116}, "datetime": {"datetime": "2018-12-18 15:30:47", "elapsed": 3086.147372, "delta": 50.791164}}
{"target": 0.07119507908163257, "params": {"alphas0": 54.684708230510665, "alphas1": 9.323192832666301, "alphas10": 1.4961709278277868, "alphas11": 10.305872664806081, "alphas12": 43.933017757735946, "alphas13": 47.71067801411712, "alphas2": 42.170928552438845, "alphas3": 23.582800963356473, "alphas4": 39.051252684578586, "alphas5": 7.89413985980959, "alphas6": 50.22998489406299, "alphas7": 48.98837040992819, "alphas8": 3.146624659034838, "alphas9": 54.84012516910589}, "datetime": {"datetime": "2018-12-18 15:31:52", "elapsed": 3151.186551, "delta": 65.039179}}
