{"target": 0.06666441861929949, "params": {"alphas0": 10.090969316778157, "alphas1": 31.716757567049896, "alphas10": 38.52072454907915, "alphas11": 29.762737165479813, "alphas12": 2.147152375628578, "alphas13": 6.07678102434297, "alphas2": 43.278783597629214, "alphas3": 16.41633494896476, "alphas4": 41.592144311001285, "alphas5": 34.75756253788219, "alphas6": 32.02983725022021, "alphas7": 53.58444388255731, "alphas8": 55.17204990560062, "alphas9": 23.85268775185198}, "datetime": {"datetime": "2018-12-18 14:39:21", "elapsed": 0.0, "delta": 0.0}}
{"target": 0.06825714566011572, "params": {"alphas0": 45.770450145935, "alphas1": 50.99127685976259, "alphas10": 39.177640060019826, "alphas11": 0.007470915430496383, "alphas12": 18.62304324711848, "alphas13": 17.449329496143246, "alphas2": 12.676330325991842, "alphas3": 15.900032336484845, "alphas4": 29.042530392738108, "alphas5": 9.519295117724422, "alphas6": 20.766748282027606, "alphas7": 18.46962979463369, "alphas8": 35.660254804068884, "alphas9": 8.448594587395068}, "datetime": {"datetime": "2018-12-18 14:39:31", "elapsed": 9.809487, "delta": 9.809487}}
{"target": 0.06710488164525066, "params": {"alphas0": 5.470357129733962, "alphas1": 29.68653560845629, "alphas10": 36.903757016829246, "alphas11": 2.6820131804770675, "alphas12": 44.92242687880997, "alphas13": 14.820868741183684, "alphas2": 42.120364524430876, "alphas3": 5.313740904653423, "alphas4": 38.27246341363569, "alphas5": 55.077246987456704, "alphas6": 19.95671906038545, "alphas7": 46.322175477740764, "alphas8": 50.64706283880003, "alphas9": 42.46824528884206}, "datetime": {"datetime": "2018-12-18 14:39:34", "elapsed": 13.190444, "delta": 3.380957}}
{"target": 0.06906846009700154, "params": {"alphas0": 30.016730289597348, "alphas1": 51.76131066073435, "alphas10": 41.59576966065031, "alphas11": 25.725326557027635, "alphas12": 59.02625682542204, "alphas13": 11.17579550939432, "alphas2": 58.85134389332534, "alphas3": 49.828611103559176, "alphas4": 16.398261615612633, "alphas5": 6.226558570654963, "alphas6": 37.51196875127559, "alphas7": 37.546376952206806, "alphas8": 30.237006333202622, "alphas9": 25.93262275445033}, "datetime": {"datetime": "2018-12-18 14:39:43", "elapsed": 22.582014, "delta": 9.39157}}
{"target": 0.06822464988032244, "params": {"alphas0": 5.812414900890617, "alphas1": 59.69706882418043, "alphas10": 32.68772414524744, "alphas11": 20.764598785905065, "alphas12": 51.240416548074535, "alphas13": 27.321136199754836, "alphas2": 26.722850693724258, "alphas3": 40.64572412393384, "alphas4": 52.86159266722728, "alphas5": 9.689512516900091, "alphas6": 45.477297084582084, "alphas7": 30.381307164108954, "alphas8": 45.07040691047234, "alphas9": 54.18146794603992}, "datetime": {"datetime": "2018-12-18 14:39:47", "elapsed": 26.679991, "delta": 4.097977}}
{"target": 0.06859326193625591, "params": {"alphas0": 59.486558891024686, "alphas1": 53.90751662556447, "alphas10": 20.68438955146917, "alphas11": 51.078696024053016, "alphas12": 13.03190216795332, "alphas13": 38.027681445595036, "alphas2": 49.6857843789823, "alphas3": 1.7123702195350865, "alphas4": 0.9525242835072234, "alphas5": 38.09371044418382, "alphas6": 55.622188297630665, "alphas7": 42.259113421124404, "alphas8": 49.30517210407022, "alphas9": 41.55430035466593}, "datetime": {"datetime": "2018-12-18 14:39:51", "elapsed": 30.13128, "delta": 3.451289}}
{"target": 0.0691821014424288, "params": {"alphas0": 27.427298168098197, "alphas1": 55.420255681607735, "alphas10": 26.61706242598788, "alphas11": 17.069849749430233, "alphas12": 19.522942585863376, "alphas13": 44.67659463516933, "alphas2": 46.44743843205123, "alphas3": 24.66814742176224, "alphas4": 53.232566609661546, "alphas5": 9.200546667992652, "alphas6": 28.32399148975999, "alphas7": 34.80539288198882, "alphas8": 8.073608334586208, "alphas9": 36.54226893130533}, "datetime": {"datetime": "2018-12-18 14:40:00", "elapsed": 39.230906, "delta": 9.099626}}
{"target": 0.0671114863315696, "params": {"alphas0": 17.72922030526012, "alphas1": 6.409777452914054, "alphas10": 41.377611779649996, "alphas11": 24.662143946983953, "alphas12": 20.797830209989343, "alphas13": 10.15693692915536, "alphas2": 1.1932448152328279, "alphas3": 32.287173336568756, "alphas4": 32.78707260587629, "alphas5": 53.557527205829956, "alphas6": 41.3198999687026, "alphas7": 4.672099783804045, "alphas8": 29.515081111632636, "alphas9": 3.4256215243262544}, "datetime": {"datetime": "2018-12-18 14:40:03", "elapsed": 42.718181, "delta": 3.487275}}
{"target": 0.069234515526581, "params": {"alphas0": 47.55768088796154, "alphas1": 4.125825366251689, "alphas10": 9.491901779000953, "alphas11": 3.340483736499462, "alphas12": 3.201358631021507, "alphas13": 26.399098987876897, "alphas2": 20.806319099743757, "alphas3": 58.62107779285436, "alphas4": 16.726858195284613, "alphas5": 20.054497196771084, "alphas6": 54.81041688216753, "alphas7": 24.902168085851393, "alphas8": 28.03056433738792, "alphas9": 49.76696551036953}, "datetime": {"datetime": "2018-12-18 14:40:17", "elapsed": 56.309977, "delta": 13.591796}}
{"target": 0.06779410692239848, "params": {"alphas0": 10.159745018404182, "alphas1": 49.56311178779669, "alphas10": 42.7537535123465, "alphas11": 23.822212604061164, "alphas12": 13.277097286265679, "alphas13": 11.71746489410592, "alphas2": 7.542739790287964, "alphas3": 40.42237465693935, "alphas4": 21.250469941066946, "alphas5": 22.517806258980578, "alphas6": 39.903560270679854, "alphas7": 41.76427752369329, "alphas8": 45.52968663027736, "alphas9": 20.462997419353787}, "datetime": {"datetime": "2018-12-18 14:40:20", "elapsed": 59.723462, "delta": 3.413485}}
{"target": 0.06952100220458554, "params": {"alphas0": 22.20310589560535, "alphas1": 59.2393219456674, "alphas10": 17.836242708929554, "alphas11": 1.5488608292556072, "alphas12": 22.251084312489024, "alphas13": 59.93668269610662, "alphas2": 4.34348184179256, "alphas3": 7.006444044080846, "alphas4": 19.720584670582948, "alphas5": 29.013831147232473, "alphas6": 42.44619409608752, "alphas7": 40.357719565110266, "alphas8": 12.443779977367996, "alphas9": 33.46228552505595}, "datetime": {"datetime": "2018-12-18 14:40:29", "elapsed": 68.771676, "delta": 9.048214}}
{"target": 0.06750015595867975, "params": {"alphas0": 13.718278180243335, "alphas1": 35.77984727445156, "alphas10": 20.200633413382725, "alphas11": 35.574237191495826, "alphas12": 51.06100208051351, "alphas13": 40.23037147613609, "alphas2": 35.18234909803136, "alphas3": 57.398263977232695, "alphas4": 18.24603629758299, "alphas5": 18.833309082150883, "alphas6": 31.54469595329964, "alphas7": 50.46238252736641, "alphas8": 44.32865118722256, "alphas9": 4.4821630012783675}, "datetime": {"datetime": "2018-12-18 14:40:33", "elapsed": 72.129315, "delta": 3.357639}}
{"target": 0.06848454692617784, "params": {"alphas0": 31.991160547616396, "alphas1": 55.38065872661512, "alphas10": 26.549528124509607, "alphas11": 58.09050571915581, "alphas12": 9.149026583414315, "alphas13": 20.901109483771286, "alphas2": 27.6836061954325, "alphas3": 9.993961961584894, "alphas4": 58.2416782116412, "alphas5": 54.49805648715479, "alphas6": 34.966485918510074, "alphas7": 4.240167747569901, "alphas8": 45.31059353243806, "alphas9": 50.76710780429565}, "datetime": {"datetime": "2018-12-18 14:40:36", "elapsed": 75.372934, "delta": 3.243619}}
{"target": 0.06772035443436607, "params": {"alphas0": 7.9311532810077185, "alphas1": 38.210673886979315, "alphas10": 42.25294240930892, "alphas11": 45.04874370571052, "alphas12": 6.75879393428599, "alphas13": 26.1404502738186, "alphas2": 35.275408493005386, "alphas3": 44.75284602481601, "alphas4": 12.676736320344332, "alphas5": 0.563101962573922, "alphas6": 16.216103006097743, "alphas7": 24.382171067250653, "alphas8": 41.17388761501648, "alphas9": 35.517701534943726}, "datetime": {"datetime": "2018-12-18 14:40:40", "elapsed": 78.991203, "delta": 3.618269}}
{"target": 0.06834282527084887, "params": {"alphas0": 35.9277944648689, "alphas1": 36.83515640138643, "alphas10": 33.3288857845158, "alphas11": 59.41105602005219, "alphas12": 30.95721333330613, "alphas13": 28.33817336137407, "alphas2": 28.272927198620884, "alphas3": 0.7477754746866627, "alphas4": 22.09492877894842, "alphas5": 10.836860900870338, "alphas6": 2.258248433504173, "alphas7": 0.42760015286461117, "alphas8": 24.54116623961868, "alphas9": 29.079914573055376}, "datetime": {"datetime": "2018-12-18 14:40:43", "elapsed": 82.566381, "delta": 3.575178}}
{"target": 0.069297650100781, "params": {"alphas0": 36.60424669507329, "alphas1": 56.14059324739552, "alphas10": 19.061597414421925, "alphas11": 40.92049672258153, "alphas12": 12.261521512838463, "alphas13": 7.471970396587628, "alphas2": 52.02844342058387, "alphas3": 8.50599086464134, "alphas4": 45.21138621665007, "alphas5": 21.7680841200243, "alphas6": 3.573606384587209, "alphas7": 40.947937118690746, "alphas8": 12.767199859680698, "alphas9": 50.85025107973266}, "datetime": {"datetime": "2018-12-18 14:40:47", "elapsed": 85.895941, "delta": 3.32956}}
{"target": 0.0694431356135045, "params": {"alphas0": 49.88404306502118, "alphas1": 38.988424678141236, "alphas10": 18.354817220037273, "alphas11": 16.850603164030858, "alphas12": 42.64387834331707, "alphas13": 11.950756065870287, "alphas2": 23.10089775002298, "alphas3": 14.671935690741225, "alphas4": 7.345004725339777, "alphas5": 58.7128527024852, "alphas6": 44.15441921119443, "alphas7": 58.93978556043817, "alphas8": 17.824072497850132, "alphas9": 48.618768951223856}, "datetime": {"datetime": "2018-12-18 14:40:50", "elapsed": 89.338236, "delta": 3.442295}}
{"target": 0.0686859408541193, "params": {"alphas0": 31.196096434416994, "alphas1": 42.832112223388435, "alphas10": 43.825812429219106, "alphas11": 18.22871869421188, "alphas12": 17.64783970539089, "alphas13": 40.33790233898889, "alphas2": 35.72868950977941, "alphas3": 42.72015744510514, "alphas4": 32.63756527260663, "alphas5": 39.87311985634488, "alphas6": 42.19803439489814, "alphas7": 56.35216520194598, "alphas8": 4.619359613634555, "alphas9": 50.44030059942362}, "datetime": {"datetime": "2018-12-18 14:40:54", "elapsed": 93.10648, "delta": 3.768244}}
{"target": 0.06775931875157465, "params": {"alphas0": 40.85266492409198, "alphas1": 43.43411615424033, "alphas10": 6.9066819527526, "alphas11": 56.16692029780802, "alphas12": 2.4540920882626316, "alphas13": 44.76200022976812, "alphas2": 13.574727759019511, "alphas3": 3.8325186412284085, "alphas4": 4.585322677591808, "alphas5": 33.84430736406057, "alphas6": 50.03908451571655, "alphas7": 45.190945539439895, "alphas8": 0.2661225036868853, "alphas9": 5.8287097926527505}, "datetime": {"datetime": "2018-12-18 14:40:57", "elapsed": 96.370967, "delta": 3.264487}}
{"target": 0.06583632404257991, "params": {"alphas0": 21.96035172904367, "alphas1": 4.838120060815156, "alphas10": 38.657796759345494, "alphas11": 27.492993785022104, "alphas12": 4.145272479901799, "alphas13": 7.4303355251226, "alphas2": 8.669569973838332, "alphas3": 47.08536199961533, "alphas4": 44.01581790947245, "alphas5": 6.433057263116339, "alphas6": 2.7202444522117863, "alphas7": 7.9879507742301925, "alphas8": 59.46475027385356, "alphas9": 25.401758123254307}, "datetime": {"datetime": "2018-12-18 14:41:00", "elapsed": 99.697106, "delta": 3.326139}}
{"target": 0.0687882133723859, "params": {"alphas0": 58.55891933024851, "alphas1": 52.30161385148231, "alphas10": 15.32266973373714, "alphas11": 0.730043585794633, "alphas12": 43.49219128082279, "alphas13": 28.164461039835366, "alphas2": 59.30006656277495, "alphas3": 10.579651663527422, "alphas4": 55.17816987186346, "alphas5": 0.4484284740358091, "alphas6": 54.44864776804449, "alphas7": 37.88322082179699, "alphas8": 5.551502762786011, "alphas9": 55.894665100077816}, "datetime": {"datetime": "2018-12-18 14:41:27", "elapsed": 126.151049, "delta": 26.453943}}
{"target": 0.06982599571680509, "params": {"alphas0": 59.542255644064205, "alphas1": 50.098812399440384, "alphas10": 4.174210671307739, "alphas11": 6.590576548455445, "alphas12": 47.33555048295563, "alphas13": 56.305270192119224, "alphas2": 9.725596773243744, "alphas3": 57.56776088473166, "alphas4": 47.11111373766944, "alphas5": 59.21677595704223, "alphas6": 33.55817581556937, "alphas7": 1.5193204989195963, "alphas8": 3.7801974147405515, "alphas9": 58.537665732457654}, "datetime": {"datetime": "2018-12-18 14:41:59", "elapsed": 158.308223, "delta": 32.157174}}
{"target": 0.06636064358150644, "params": {"alphas0": 50.29994011702201, "alphas1": 58.707501659515586, "alphas10": 58.910956642365406, "alphas11": 17.43865524310714, "alphas12": 27.649454625909197, "alphas13": 57.801172255741335, "alphas2": 49.18507674782639, "alphas3": 59.616763817089186, "alphas4": 17.49869686483327, "alphas5": 52.56622193050758, "alphas6": 0.38125614565405863, "alphas7": 8.294795276032161, "alphas8": 1.0633911104250626, "alphas9": 53.1584483130872}, "datetime": {"datetime": "2018-12-18 14:42:24", "elapsed": 183.753914, "delta": 25.445691}}
{"target": 0.06851209010456026, "params": {"alphas0": 54.396142020705646, "alphas1": 57.546426966434744, "alphas10": 3.9715582059532695, "alphas11": 1.7655206547951963, "alphas12": 50.155275778706404, "alphas13": 3.038489550501162, "alphas2": 43.64436253754344, "alphas3": 2.2335145636115072, "alphas4": 17.653145963020073, "alphas5": 53.9912409089578, "alphas6": 56.60198471938539, "alphas7": 29.949091947918657, "alphas8": 2.537943083505989, "alphas9": 50.362913639471586}, "datetime": {"datetime": "2018-12-18 14:42:52", "elapsed": 211.543577, "delta": 27.789663}}
{"target": 0.06981958607331809, "params": {"alphas0": 58.599197658938564, "alphas1": 35.91007340563294, "alphas10": 1.776485830730823, "alphas11": 55.497249166976, "alphas12": 45.24244802066775, "alphas13": 47.797427866524714, "alphas2": 7.709678515342362, "alphas3": 22.6008740644979, "alphas4": 6.649797480009263, "alphas5": 10.682363754620209, "alphas6": 59.2118398758113, "alphas7": 15.014729792960042, "alphas8": 7.7641120200612646, "alphas9": 59.49393425693216}, "datetime": {"datetime": "2018-12-18 14:43:18", "elapsed": 237.657607, "delta": 26.11403}}
{"target": 0.06955295115268319, "params": {"alphas0": 55.64938688034016, "alphas1": 46.558013341884624, "alphas10": 0.16684828678614982, "alphas11": 54.61791170227598, "alphas12": 41.63148011410445, "alphas13": 3.4793011971694154, "alphas2": 3.9723214646837413, "alphas3": 26.046585857729724, "alphas4": 58.374964932825016, "alphas5": 31.639048824909295, "alphas6": 57.3452616211345, "alphas7": 39.22240875769345, "alphas8": 0.8064956843083504, "alphas9": 59.01646830930367}, "datetime": {"datetime": "2018-12-18 14:43:45", "elapsed": 264.627232, "delta": 26.969625}}
{"target": 0.06928672030108325, "params": {"alphas0": 29.179079501178023, "alphas1": 53.56406304586304, "alphas10": 8.243004553448337, "alphas11": 17.01967706382082, "alphas12": 57.90692714498618, "alphas13": 23.28966295667521, "alphas2": 5.948072551080448, "alphas3": 1.7358675866773554, "alphas4": 3.3590531922092004, "alphas5": 3.132721767383415, "alphas6": 56.76838497474666, "alphas7": 59.856546710484416, "alphas8": 3.8140545785913527, "alphas9": 59.403864236767475}, "datetime": {"datetime": "2018-12-18 14:44:11", "elapsed": 290.513502, "delta": 25.88627}}
{"target": 0.06994036004031218, "params": {"alphas0": 59.943751714209114, "alphas1": 32.4256965359473, "alphas10": 7.969956305792576, "alphas11": 22.577739829110673, "alphas12": 59.406315265589306, "alphas13": 57.03061787725718, "alphas2": 2.34610561363803, "alphas3": 22.84192275673595, "alphas4": 53.40438466811966, "alphas5": 2.778492248546771, "alphas6": 45.53950127006077, "alphas7": 59.74697394992665, "alphas8": 6.628853239976649, "alphas9": 35.56356017622518}, "datetime": {"datetime": "2018-12-18 14:44:44", "elapsed": 322.801585, "delta": 32.288083}}
{"target": 0.07006772187578712, "params": {"alphas0": 24.295460817151067, "alphas1": 56.33413866128146, "alphas10": 2.6269033310562873, "alphas11": 7.718073538845003, "alphas12": 50.59494352040535, "alphas13": 57.331707107506084, "alphas2": 1.083320944853594, "alphas3": 55.388911950269026, "alphas4": 56.40842204828626, "alphas5": 6.422169464421668, "alphas6": 56.93389239355129, "alphas7": 42.381015894246346, "alphas8": 0.08311637942451489, "alphas9": 47.43356531019107}, "datetime": {"datetime": "2018-12-18 14:45:16", "elapsed": 355.763294, "delta": 32.961709}}
{"target": 0.06994042406777512, "params": {"alphas0": 42.039589893935045, "alphas1": 59.02923777708245, "alphas10": 8.835368654632674, "alphas11": 53.450244475042545, "alphas12": 36.838074725481164, "alphas13": 51.57211944031549, "alphas2": 1.3898168739741035, "alphas3": 42.786082014525114, "alphas4": 44.626365683334285, "alphas5": 0.21908855635430546, "alphas6": 54.50499141427166, "alphas7": 50.9573711390076, "alphas8": 10.181844159838375, "alphas9": 56.7598627772235}, "datetime": {"datetime": "2018-12-18 14:45:43", "elapsed": 382.492232, "delta": 26.728938}}
{"target": 0.0707222995401863, "params": {"alphas0": 35.74800499848509, "alphas1": 43.08321287888812, "alphas10": 3.8719703728074206, "alphas11": 56.72375421006372, "alphas12": 59.81116378599569, "alphas13": 40.749886362793134, "alphas2": 34.303854357887445, "alphas3": 6.1114901146832645, "alphas4": 57.01455102500696, "alphas5": 0.1630489645106481, "alphas6": 53.39642547308282, "alphas7": 56.74389832547215, "alphas8": 13.56227564622571, "alphas9": 47.96293947279479}, "datetime": {"datetime": "2018-12-18 14:46:16", "elapsed": 414.849324, "delta": 32.357092}}
{"target": 0.07134372152935246, "params": {"alphas0": 56.13234217566595, "alphas1": 3.4446862924679156, "alphas10": 0.9639286295999971, "alphas11": 13.804766926820829, "alphas12": 2.3014345310215245, "alphas13": 56.00542678073815, "alphas2": 46.88166632579791, "alphas3": 9.65713971633086, "alphas4": 53.037842667632766, "alphas5": 2.5485512678101863, "alphas6": 57.28003126704903, "alphas7": 48.07930583610651, "alphas8": 9.289914237749382, "alphas9": 58.31999970871309}, "datetime": {"datetime": "2018-12-18 14:46:49", "elapsed": 448.048592, "delta": 33.199268}}
{"target": 0.07026322672587532, "params": {"alphas0": 55.434428010949524, "alphas1": 52.68544895089215, "alphas10": 2.409271994181199, "alphas11": 50.8461422006223, "alphas12": 33.271350341898916, "alphas13": 54.32406022431953, "alphas2": 54.34377706179337, "alphas3": 12.155269318680997, "alphas4": 57.52135471152292, "alphas5": 5.149811529621655, "alphas6": 57.93946560394976, "alphas7": 8.907319023532702, "alphas8": 15.2769902698805, "alphas9": 55.844551877676814}, "datetime": {"datetime": "2018-12-18 14:47:15", "elapsed": 474.325869, "delta": 26.277277}}
{"target": 0.07025212333081375, "params": {"alphas0": 0.8804769772400745, "alphas1": 15.267403087148976, "alphas10": 0.30867872537535535, "alphas11": 53.20443518422282, "alphas12": 44.03144875494631, "alphas13": 58.11979242640612, "alphas2": 31.143212984328308, "alphas3": 55.86147721792687, "alphas4": 48.40394324212028, "alphas5": 5.074305467817668, "alphas6": 57.0077921712757, "alphas7": 37.80041819741405, "alphas8": 6.512677982932431, "alphas9": 57.01136961639743}, "datetime": {"datetime": "2018-12-18 14:47:40", "elapsed": 499.704902, "delta": 25.379033}}
{"target": 0.07107828845427054, "params": {"alphas0": 52.81795615636602, "alphas1": 16.93304857806994, "alphas10": 3.3766806332271737, "alphas11": 55.96234901629138, "alphas12": 58.95392338666562, "alphas13": 58.20341388081013, "alphas2": 45.79686101362128, "alphas3": 13.489626240129, "alphas4": 58.566797220409384, "alphas5": 29.02268873707883, "alphas6": 31.551192723092093, "alphas7": 54.406910006059206, "alphas8": 12.074904008519585, "alphas9": 58.48244772670255}, "datetime": {"datetime": "2018-12-18 14:48:07", "elapsed": 526.71389, "delta": 27.008988}}
{"target": 0.07072528927311657, "params": {"alphas0": 39.86697052721845, "alphas1": 4.800964576747953, "alphas10": 3.1733336046511273, "alphas11": 6.079894739486518, "alphas12": 40.31852519886807, "alphas13": 58.497354463078736, "alphas2": 36.73382994814998, "alphas3": 23.641023108652178, "alphas4": 51.530406501683004, "alphas5": 0.6655319412118788, "alphas6": 56.844446142628996, "alphas7": 49.73478466466987, "alphas8": 0.38970939684958683, "alphas9": 56.19507877036899}, "datetime": {"datetime": "2018-12-18 14:48:33", "elapsed": 552.778633, "delta": 26.064743}}
{"target": 0.07051542551650285, "params": {"alphas0": 48.698552640803676, "alphas1": 17.089876416812206, "alphas10": 5.671370062035184, "alphas11": 27.186186020089963, "alphas12": 13.781951915007447, "alphas13": 58.30980938472668, "alphas2": 0.5414562845020021, "alphas3": 5.3295498224675875, "alphas4": 53.10906711824201, "alphas5": 4.277256880482254, "alphas6": 58.88645818015863, "alphas7": 58.860267364797075, "alphas8": 16.728370585280214, "alphas9": 57.43163459774544}, "datetime": {"datetime": "2018-12-18 14:49:00", "elapsed": 579.20307, "delta": 26.424437}}
{"target": 0.07096822697782816, "params": {"alphas0": 44.43962081544415, "alphas1": 4.681530047330078, "alphas10": 1.063071534779696, "alphas11": 45.07163890190043, "alphas12": 51.44596363948987, "alphas13": 59.803942269686985, "alphas2": 28.16492191020027, "alphas3": 5.929756007653366, "alphas4": 50.31734079172426, "alphas5": 24.841676279587148, "alphas6": 49.676007089585305, "alphas7": 40.144318613487215, "alphas8": 13.523204695323495, "alphas9": 44.648729803867894}, "datetime": {"datetime": "2018-12-18 14:49:26", "elapsed": 605.328991, "delta": 26.125921}}
{"target": 0.07014439084152164, "params": {"alphas0": 57.47451954550955, "alphas1": 0.8131921933795216, "alphas10": 1.5863464269680305, "alphas11": 7.151609253539737, "alphas12": 50.924530937737934, "alphas13": 53.471205433520055, "alphas2": 56.848420997960936, "alphas3": 5.082801804504491, "alphas4": 58.58171666423514, "alphas5": 23.435478926230722, "alphas6": 55.80586337575666, "alphas7": 1.5721159072239388, "alphas8": 25.544683010908674, "alphas9": 30.438148528636383}, "datetime": {"datetime": "2018-12-18 14:49:53", "elapsed": 632.086237, "delta": 26.757246}}
