{"target": 0.07050119535777272, "params": {"alphas0": 56.2992913202688, "alphas1": 9.394290659149407, "alphas10": 0.24275479797956523, "alphas11": 31.230114995900568, "alphas12": 43.62657620836436, "alphas13": 51.62780672986724, "alphas2": 49.168267225533235, "alphas3": 6.80633960814006, "alphas4": 19.412081758860914, "alphas5": 0.2773821502727758, "alphas6": 13.032062445689355, "alphas7": 55.67242911681382, "alphas8": 1.135781504146598, "alphas9": 56.182849627265554}, "datetime": {"datetime": "2018-12-18 15:32:58", "elapsed": 3216.815418, "delta": 65.628867}}
{"target": 0.070435093978332, "params": {"alphas0": 58.869954066090656, "alphas1": 13.081437979446022, "alphas10": 0.1944120891938006, "alphas11": 58.79089663817695, "alphas12": 0.34874636201942977, "alphas13": 54.92625649065678, "alphas2": 24.334793276468798, "alphas3": 8.823355481194355, "alphas4": 19.664368100480164, "alphas5": 3.823651813673401, "alphas6": 38.01387784840853, "alphas7": 51.336508199453526, "alphas8": 1.0466174256906857, "alphas9": 52.40073997565291}, "datetime": {"datetime": "2018-12-18 15:34:02", "elapsed": 3281.145212, "delta": 64.329794}}
{"target": 0.07124413592844543, "params": {"alphas0": 27.827671114031595, "alphas1": 14.005459792003695, "alphas10": 1.623535485775669, "alphas11": 27.79740981619233, "alphas12": 40.85071222420006, "alphas13": 52.05648527948902, "alphas2": 56.882814402030924, "alphas3": 3.6036053030891413, "alphas4": 56.222339494747416, "alphas5": 2.963620005952665, "alphas6": 34.469517135418165, "alphas7": 42.298840223835, "alphas8": 4.125293762798692, "alphas9": 57.55315557025786}, "datetime": {"datetime": "2018-12-18 15:35:07", "elapsed": 3346.44239, "delta": 65.297178}}
{"target": 0.06995730272108823, "params": {"alphas0": 56.84824575510786, "alphas1": 20.04093128377103, "alphas10": 14.809142792114514, "alphas11": 7.108103091488902, "alphas12": 52.07139274274982, "alphas13": 45.78747448542983, "alphas2": 59.06820106431015, "alphas3": 40.04533240985916, "alphas4": 58.696075792440844, "alphas5": 7.471131527362845, "alphas6": 11.221289194586394, "alphas7": 56.9617891378237, "alphas8": 2.660782527736383, "alphas9": 56.34923676661868}, "datetime": {"datetime": "2018-12-18 15:36:12", "elapsed": 3411.466147, "delta": 65.023757}}
{"target": 0.07063188876291247, "params": {"alphas0": 58.04743715752407, "alphas1": 4.530191617182435, "alphas10": 4.466521815042497, "alphas11": 10.892888669371835, "alphas12": 4.563620874949457, "alphas13": 40.80105614514356, "alphas2": 18.238958776700162, "alphas3": 0.928319955551784, "alphas4": 59.19406286601132, "alphas5": 5.927030964746807, "alphas6": 55.021767158404586, "alphas7": 35.31529991798466, "alphas8": 4.692717171233882, "alphas9": 55.87431433079797}, "datetime": {"datetime": "2018-12-18 15:37:19", "elapsed": 3478.317375, "delta": 66.851228}}
{"target": 0.070751638951877, "params": {"alphas0": 56.27244918220964, "alphas1": 11.53374290063142, "alphas10": 1.5266884164995442, "alphas11": 9.98326607259391, "alphas12": 36.05097122265495, "alphas13": 54.33861446211992, "alphas2": 34.85321359569216, "alphas3": 11.30638307268496, "alphas4": 59.220170402991926, "alphas5": 29.526907560200517, "alphas6": 43.7402958143102, "alphas7": 49.55433427469645, "alphas8": 1.7037565285255973, "alphas9": 56.995173755242085}, "datetime": {"datetime": "2018-12-18 15:38:28", "elapsed": 3547.01425, "delta": 68.696875}}
{"target": 0.0712257245212899, "params": {"alphas0": 49.23128464983572, "alphas1": 5.97114953278806, "alphas10": 3.139798054007019, "alphas11": 2.720293391314297, "alphas12": 4.427335689541216, "alphas13": 43.16393129546648, "alphas2": 52.36546725483107, "alphas3": 15.127295406305763, "alphas4": 46.634506772722226, "alphas5": 10.034954976078364, "alphas6": 53.84449799313642, "alphas7": 36.48115205848521, "alphas8": 6.060895438943758, "alphas9": 56.113464555418226}, "datetime": {"datetime": "2018-12-18 15:39:33", "elapsed": 3611.864904, "delta": 64.850654}}
{"target": 0.0706118238536154, "params": {"alphas0": 58.83055785314001, "alphas1": 20.0432110245031, "alphas10": 1.3582066779084112, "alphas11": 24.50683261538235, "alphas12": 3.3049250909368366, "alphas13": 59.60669163191673, "alphas2": 22.67602540405869, "alphas3": 21.268630772236833, "alphas4": 52.056678878872546, "alphas5": 14.134928358590578, "alphas6": 7.212090853467455, "alphas7": 58.040167049317105, "alphas8": 0.6193620682554024, "alphas9": 56.56694970373107}, "datetime": {"datetime": "2018-12-18 15:40:43", "elapsed": 3682.657726, "delta": 70.792822}}
{"target": 0.07078550812547225, "params": {"alphas0": 27.57393682872441, "alphas1": 0.9289670463709387, "alphas10": 4.013917670627405, "alphas11": 10.04986761152862, "alphas12": 33.95290290301441, "alphas13": 56.560358924613716, "alphas2": 58.05916587896836, "alphas3": 20.138448723334605, "alphas4": 36.030164934844336, "alphas5": 23.371349283002324, "alphas6": 41.71077049272489, "alphas7": 58.24509009073677, "alphas8": 2.520384659693846, "alphas9": 55.55083968455422}, "datetime": {"datetime": "2018-12-18 15:41:52", "elapsed": 3750.887175, "delta": 68.229449}}
{"target": 0.07104756018518503, "params": {"alphas0": 31.716265879462146, "alphas1": 17.417113428118046, "alphas10": 1.2323099694844242, "alphas11": 9.622093426505485, "alphas12": 41.08306082223355, "alphas13": 48.427065169286166, "alphas2": 57.05432477390387, "alphas3": 26.054217077443663, "alphas4": 56.212265751758764, "alphas5": 1.040941825955204, "alphas6": 37.68619255266802, "alphas7": 48.6851099871617, "alphas8": 0.2696990988386827, "alphas9": 49.13217455274139}, "datetime": {"datetime": "2018-12-18 15:42:57", "elapsed": 3816.031828, "delta": 65.144653}}
{"target": 0.07081291997354493, "params": {"alphas0": 57.425421627816014, "alphas1": 7.487079494798592, "alphas10": 5.138855327801752, "alphas11": 19.343060232666296, "alphas12": 4.103918951288186, "alphas13": 51.54477513447735, "alphas2": 55.872288672332196, "alphas3": 36.386812563668144, "alphas4": 55.043572362650636, "alphas5": 7.653691016020994, "alphas6": 56.14757470869014, "alphas7": 56.32809461049125, "alphas8": 1.8538052057162657, "alphas9": 2.7046296405092995}, "datetime": {"datetime": "2018-12-18 15:44:04", "elapsed": 3883.712575, "delta": 67.680747}}
{"target": 0.07003584848198537, "params": {"alphas0": 51.130727914108206, "alphas1": 37.349034068906235, "alphas10": 1.4660771878118273, "alphas11": 23.62445632620783, "alphas12": 10.731058613396074, "alphas13": 47.09843260024874, "alphas2": 52.31150702413063, "alphas3": 37.27584915456092, "alphas4": 48.98012634326784, "alphas5": 2.550484636760608, "alphas6": 2.022321623612513, "alphas7": 52.407725501916865, "alphas8": 1.50880683004738, "alphas9": 59.65341471950462}, "datetime": {"datetime": "2018-12-18 15:45:15", "elapsed": 3954.778949, "delta": 71.066374}}
{"target": 0.07097278505291002, "params": {"alphas0": 59.951721136611084, "alphas1": 4.201273327461488, "alphas10": 1.1521612087038124, "alphas11": 18.703465256714445, "alphas12": 59.64383995494735, "alphas13": 54.46308222028319, "alphas2": 57.455914327875576, "alphas3": 48.403212316407824, "alphas4": 39.46187225535452, "alphas5": 5.014988176173983, "alphas6": 4.253117790006334, "alphas7": 29.953468201455177, "alphas8": 12.168568138305334, "alphas9": 57.71637619447375}, "datetime": {"datetime": "2018-12-18 15:46:22", "elapsed": 4020.917862, "delta": 66.138913}}
{"target": 0.07144030716175348, "params": {"alphas0": 53.11882917946571, "alphas1": 15.769342119513501, "alphas10": 0.8133331758572737, "alphas11": 17.739658047651787, "alphas12": 40.60459363258292, "alphas13": 42.668701974643014, "alphas2": 55.15335173212008, "alphas3": 30.755887503699746, "alphas4": 45.382799207701396, "alphas5": 2.0839509554461455, "alphas6": 44.658189523462504, "alphas7": 59.94898806273678, "alphas8": 9.24511165620429, "alphas9": 57.409439224579266}, "datetime": {"datetime": "2018-12-18 15:47:29", "elapsed": 4087.989789, "delta": 67.071927}}
{"target": 0.07121386586671698, "params": {"alphas0": 53.930244932225776, "alphas1": 1.2160182269937603, "alphas10": 1.800774553454576, "alphas11": 59.64403366671726, "alphas12": 58.80858190236624, "alphas13": 59.06284424679946, "alphas2": 48.15983922955281, "alphas3": 0.03071565657329911, "alphas4": 13.277733551859992, "alphas5": 7.424974633182235, "alphas6": 57.212269053127756, "alphas7": 37.54783198287302, "alphas8": 2.3915239495931817, "alphas9": 46.10028127497397}, "datetime": {"datetime": "2018-12-18 15:48:37", "elapsed": 4156.638227, "delta": 68.648438}}
{"target": 0.07086873104056432, "params": {"alphas0": 43.61609301194224, "alphas1": 0.6837678817372272, "alphas10": 2.3071644800150404, "alphas11": 22.520837350296613, "alphas12": 48.850190817192725, "alphas13": 54.324581361134896, "alphas2": 56.80158738219838, "alphas3": 47.00913839539304, "alphas4": 16.625387480949374, "alphas5": 18.2439712912375, "alphas6": 47.00110484911204, "alphas7": 55.64395548957694, "alphas8": 1.2622887969698993, "alphas9": 54.732102423434924}, "datetime": {"datetime": "2018-12-18 15:49:48", "elapsed": 4226.853798, "delta": 70.215571}}
{"target": 0.07168515592718559, "params": {"alphas0": 42.1124015383131, "alphas1": 7.231612178643467, "alphas10": 0.22091732812169917, "alphas11": 19.789822237969503, "alphas12": 11.876898269728745, "alphas13": 56.656783985872785, "alphas2": 56.69263829501754, "alphas3": 43.29698791431598, "alphas4": 52.53338913039207, "alphas5": 18.61035404231639, "alphas6": 9.686574467719947, "alphas7": 55.9318239508137, "alphas8": 3.206352440103475, "alphas9": 55.561227326775295}, "datetime": {"datetime": "2018-12-18 15:51:04", "elapsed": 4303.042984, "delta": 76.189186}}
{"target": 0.07110686322121436, "params": {"alphas0": 56.93730331462202, "alphas1": 6.106611170319194, "alphas10": 0.11047303927880225, "alphas11": 24.602154922076522, "alphas12": 23.293735345103702, "alphas13": 55.252607668646576, "alphas2": 56.1093678977176, "alphas3": 57.58657214243579, "alphas4": 58.24291618111521, "alphas5": 24.652260086709653, "alphas6": 54.67161808679165, "alphas7": 56.362882362752636, "alphas8": 10.92726688028947, "alphas9": 58.60470459997225}, "datetime": {"datetime": "2018-12-18 15:52:09", "elapsed": 4368.333899, "delta": 65.290915}}
{"target": 0.07143890800579483, "params": {"alphas0": 42.374052738723435, "alphas1": 14.478009881885148, "alphas10": 0.059431989328808665, "alphas11": 9.820928216679743, "alphas12": 49.73282813509267, "alphas13": 59.9553620920427, "alphas2": 29.298167114531037, "alphas3": 54.56562830209478, "alphas4": 41.05812157792621, "alphas5": 4.379724379198482, "alphas6": 40.879540306318404, "alphas7": 55.76742552683726, "alphas8": 3.0293064010945825, "alphas9": 39.45201681671553}, "datetime": {"datetime": "2018-12-18 15:53:17", "elapsed": 4436.459495, "delta": 68.125596}}
{"target": 0.07049613671579737, "params": {"alphas0": 59.29558743383562, "alphas1": 1.6255291871273259, "alphas10": 6.3474577396378535, "alphas11": 16.892060456359463, "alphas12": 52.556234317985954, "alphas13": 34.722857432954775, "alphas2": 53.74194920791833, "alphas3": 9.122684738216236, "alphas4": 54.06365864641891, "alphas5": 19.811861442687153, "alphas6": 51.562707908355286, "alphas7": 41.05621685428548, "alphas8": 2.500695806395792, "alphas9": 2.1141334462182892}, "datetime": {"datetime": "2018-12-18 15:54:26", "elapsed": 4505.414783, "delta": 68.955288}}
{"target": 0.0685016510141093, "params": {"alphas0": 58.60759300565704, "alphas1": 14.179424295518391, "alphas10": 5.191926051606812, "alphas11": 1.2976090656218875, "alphas12": 49.17697041612791, "alphas13": 50.10155015291569, "alphas2": 57.667794611438346, "alphas3": 7.3981908691771086, "alphas4": 59.66891783777454, "alphas5": 14.032460062271939, "alphas6": 59.531959919353326, "alphas7": 57.518208164166, "alphas8": 48.408443355511075, "alphas9": 56.49178415274734}, "datetime": {"datetime": "2018-12-18 15:55:40", "elapsed": 4579.33095, "delta": 73.916167}}
{"target": 0.06973503215545473, "params": {"alphas0": 57.89488132926888, "alphas1": 1.3741340416636105, "alphas10": 6.234493340791111, "alphas11": 5.862611292977132, "alphas12": 0.8195673334874987, "alphas13": 50.43452069682691, "alphas2": 53.64030699202791, "alphas3": 6.422028238616477, "alphas4": 6.350038282636994, "alphas5": 6.482475669521184, "alphas6": 21.43616432660484, "alphas7": 39.24348438740442, "alphas8": 0.12996969181816143, "alphas9": 51.27684087057874}, "datetime": {"datetime": "2018-12-18 15:56:48", "elapsed": 4647.491317, "delta": 68.160367}}
{"target": 0.07114692425673969, "params": {"alphas0": 59.56347624473446, "alphas1": 3.423283239722106, "alphas10": 0.41367615311451944, "alphas11": 34.03241125215642, "alphas12": 24.652350083259613, "alphas13": 54.467691668570964, "alphas2": 58.55493619338121, "alphas3": 16.89098905777557, "alphas4": 21.016320319057563, "alphas5": 21.821445888753228, "alphas6": 36.136470929416184, "alphas7": 58.10042697129006, "alphas8": 1.653835081525541, "alphas9": 49.91531967733367}, "datetime": {"datetime": "2018-12-18 15:58:00", "elapsed": 4719.385746, "delta": 71.894429}}
{"target": 0.0710558581506676, "params": {"alphas0": 55.31579285699076, "alphas1": 1.5055386569537088, "alphas10": 2.51289673177308, "alphas11": 5.8394960031913286, "alphas12": 28.64376608650469, "alphas13": 32.724548612615926, "alphas2": 57.50779719680291, "alphas3": 44.80130985111906, "alphas4": 50.44822283188759, "alphas5": 5.4012602970064005, "alphas6": 35.78183182650589, "alphas7": 55.68454299215777, "alphas8": 4.625727143299809, "alphas9": 56.68061160727656}, "datetime": {"datetime": "2018-12-18 15:59:04", "elapsed": 4783.097662, "delta": 63.711916}}
{"target": 0.07097823434744265, "params": {"alphas0": 54.20966601163735, "alphas1": 3.635122071633148, "alphas10": 1.545884212312385, "alphas11": 59.659341181867674, "alphas12": 58.501207348814184, "alphas13": 0.6699253146332218, "alphas2": 51.88358915259159, "alphas3": 49.76991332818675, "alphas4": 56.96584137521619, "alphas5": 1.8837745646659387, "alphas6": 14.233245193050081, "alphas7": 35.429195218743466, "alphas8": 8.963273377818355, "alphas9": 49.148913600033964}, "datetime": {"datetime": "2018-12-18 16:00:15", "elapsed": 4854.760161, "delta": 71.662499}}
{"target": 0.0708027963592844, "params": {"alphas0": 55.84892204213185, "alphas1": 0.2547857453607749, "alphas10": 0.6897498740288421, "alphas11": 51.839133142554495, "alphas12": 47.650952173340485, "alphas13": 36.829801487883714, "alphas2": 37.0614872714864, "alphas3": 49.87561045412073, "alphas4": 43.84580284774149, "alphas5": 1.150367304853659, "alphas6": 11.134876420353038, "alphas7": 45.70726792740195, "alphas8": 2.06520424610636, "alphas9": 13.985613000320662}, "datetime": {"datetime": "2018-12-18 16:01:30", "elapsed": 4928.910987, "delta": 74.150826}}
{"target": 0.07053470266439904, "params": {"alphas0": 59.419803185804696, "alphas1": 19.358802407234524, "alphas10": 1.838600269528201, "alphas11": 17.645272834841048, "alphas12": 46.04654386731966, "alphas13": 55.896097988384696, "alphas2": 55.794874154080105, "alphas3": 15.301921655809299, "alphas4": 53.01926273759982, "alphas5": 2.135340643921495, "alphas6": 51.672507361212595, "alphas7": 40.6883002933602, "alphas8": 0.9769697773958264, "alphas9": 55.32991333799542}, "datetime": {"datetime": "2018-12-18 16:02:37", "elapsed": 4996.157334, "delta": 67.246347}}
{"target": 0.07127304831191732, "params": {"alphas0": 51.0761276873827, "alphas1": 1.3969394242480448, "alphas10": 0.5133572318889201, "alphas11": 45.71216255217888, "alphas12": 59.52539141010915, "alphas13": 50.149796870463554, "alphas2": 18.635748417755423, "alphas3": 39.25820335047563, "alphas4": 10.189954246238598, "alphas5": 1.834186089422476, "alphas6": 37.636279506268274, "alphas7": 56.140611046830834, "alphas8": 4.51648820492808, "alphas9": 57.29944787263979}, "datetime": {"datetime": "2018-12-18 16:03:44", "elapsed": 5063.2484, "delta": 67.091066}}
{"target": 0.0703835522486772, "params": {"alphas0": 59.501784439705034, "alphas1": 2.7807228223578284, "alphas10": 6.768089278239049, "alphas11": 51.322444561894734, "alphas12": 37.844539625166064, "alphas13": 22.303729963775773, "alphas2": 53.233673028617865, "alphas3": 2.0260156422624287, "alphas4": 43.17070441434673, "alphas5": 8.634228857331333, "alphas6": 48.62699313790805, "alphas7": 36.75688731850658, "alphas8": 0.7560488373617646, "alphas9": 59.871563508204645}, "datetime": {"datetime": "2018-12-18 16:04:57", "elapsed": 5136.337836, "delta": 73.089436}}
{"target": 0.0711494505857898, "params": {"alphas0": 59.013711920478045, "alphas1": 16.293765730740965, "alphas10": 0.6517231192604522, "alphas11": 15.074545464234006, "alphas12": 58.77497823700637, "alphas13": 30.45849027147578, "alphas2": 54.5538376803063, "alphas3": 57.230324095724626, "alphas4": 46.17265765314304, "alphas5": 23.381220445196526, "alphas6": 57.93206116294287, "alphas7": 56.66432560119288, "alphas8": 2.885171785042193, "alphas9": 48.63114029586779}, "datetime": {"datetime": "2018-12-18 16:06:11", "elapsed": 5210.665512, "delta": 74.327676}}
{"target": 0.07093439465230512, "params": {"alphas0": 57.65714225096412, "alphas1": 4.680931789897931, "alphas10": 0.3239362877732699, "alphas11": 16.818844924155766, "alphas12": 47.275159593570066, "alphas13": 50.03808810616692, "alphas2": 56.274204321686625, "alphas3": 37.243872958563834, "alphas4": 53.99943212927493, "alphas5": 7.1975432588574995, "alphas6": 53.07323159002949, "alphas7": 39.9129866439182, "alphas8": 7.126504505211022, "alphas9": 9.8886529345224}, "datetime": {"datetime": "2018-12-18 16:07:27", "elapsed": 5286.409551, "delta": 75.744039}}
{"target": 0.07071448941798944, "params": {"alphas0": 51.99787852595061, "alphas1": 0.9543755502832596, "alphas10": 0.2704284175488003, "alphas11": 53.92533242257434, "alphas12": 51.34891058108141, "alphas13": 35.349148334004745, "alphas2": 55.355847798371265, "alphas3": 35.660110590055766, "alphas4": 53.12822222288192, "alphas5": 7.91691356610797, "alphas6": 53.782693617197545, "alphas7": 56.509967277390714, "alphas8": 15.475482681051748, "alphas9": 55.57163884298645}, "datetime": {"datetime": "2018-12-18 16:08:35", "elapsed": 5354.119982, "delta": 67.710431}}
{"target": 0.07129106969639705, "params": {"alphas0": 49.3883168689735, "alphas1": 9.712587757176951, "alphas10": 1.0113076995316894, "alphas11": 55.132982325793435, "alphas12": 5.940315999903289, "alphas13": 37.018439560566286, "alphas2": 54.00536832579307, "alphas3": 50.55777033148378, "alphas4": 57.64813204448744, "alphas5": 5.743365319352249, "alphas6": 32.317237046934245, "alphas7": 47.13262819540542, "alphas8": 3.8209446453123053, "alphas9": 58.8764870328768}, "datetime": {"datetime": "2018-12-18 16:09:45", "elapsed": 5423.885097, "delta": 69.765115}}
{"target": 0.07083373554421771, "params": {"alphas0": 53.12414795993476, "alphas1": 0.4216399499902068, "alphas10": 2.516945901350962, "alphas11": 0.2225462173539028, "alphas12": 59.632942452268, "alphas13": 58.99236548330527, "alphas2": 55.468147591398164, "alphas3": 14.951204971691611, "alphas4": 44.8748468666821, "alphas5": 8.17489235021344, "alphas6": 40.51159514941559, "alphas7": 8.967411229990619, "alphas8": 0.8165408663265827, "alphas9": 19.07774814697754}, "datetime": {"datetime": "2018-12-18 16:10:52", "elapsed": 5491.276403, "delta": 67.391306}}
{"target": 0.07136325166918613, "params": {"alphas0": 54.84954655980828, "alphas1": 2.582903611470664, "alphas10": 1.3898394669463232, "alphas11": 12.765056670800226, "alphas12": 37.37602112622384, "alphas13": 58.79946527331523, "alphas2": 25.370581236819426, "alphas3": 59.9897682580445, "alphas4": 40.028136642949406, "alphas5": 43.760980989194444, "alphas6": 2.1095256369035575, "alphas7": 58.778577399313605, "alphas8": 4.967111013140673, "alphas9": 54.13693382802893}, "datetime": {"datetime": "2018-12-18 16:12:08", "elapsed": 5567.777457, "delta": 76.501054}}
{"target": 0.07096890781683038, "params": {"alphas0": 59.63607163540924, "alphas1": 0.5216176381184257, "alphas10": 5.742949588896595, "alphas11": 46.85042042048133, "alphas12": 10.624071175822351, "alphas13": 29.293575551154127, "alphas2": 47.57836158165552, "alphas3": 27.174092101592404, "alphas4": 47.15631424471832, "alphas5": 6.431457631244124, "alphas6": 47.11973580521297, "alphas7": 58.25568676204891, "alphas8": 3.3572658853466097, "alphas9": 59.46501108133437}, "datetime": {"datetime": "2018-12-18 16:13:20", "elapsed": 5639.610153, "delta": 71.832696}}
{"target": 0.06918084404132013, "params": {"alphas0": 0.7363432538825032, "alphas1": 10.364596549960194, "alphas10": 1.5837168611053287, "alphas11": 59.8279744244259, "alphas12": 42.45858973685037, "alphas13": 43.15762924696533, "alphas2": 15.362288416507344, "alphas3": 53.85987142927467, "alphas4": 59.20797473992566, "alphas5": 2.096837947282617, "alphas6": 55.58654367219145, "alphas7": 57.81018249833603, "alphas8": 1.1128011099703983, "alphas9": 57.81455124766694}, "datetime": {"datetime": "2018-12-18 16:14:27", "elapsed": 5706.608864, "delta": 66.998711}}
{"target": 0.07116900393675978, "params": {"alphas0": 55.121673784344445, "alphas1": 6.799319920495299, "alphas10": 0.2730597837069948, "alphas11": 53.83882325673003, "alphas12": 20.735820102055932, "alphas13": 6.55978201848823, "alphas2": 42.47096762656224, "alphas3": 40.61617259917435, "alphas4": 48.37938276116698, "alphas5": 6.956646912158768, "alphas6": 45.54922650957277, "alphas7": 52.57470260186622, "alphas8": 1.515288561869419, "alphas9": 46.94739738052689}, "datetime": {"datetime": "2018-12-18 16:15:38", "elapsed": 5777.329646, "delta": 70.720782}}
