{"target": 0.0709690870181405, "params": {"alphas0": 52.42271059683938, "alphas1": 2.0280879653202044, "alphas10": 0.5448057169335785, "alphas11": 1.1123125210158435, "alphas12": 49.59492117678645, "alphas13": 43.64081278104767, "alphas2": 20.098679094992338, "alphas3": 50.89221540550339, "alphas4": 51.99752866676796, "alphas5": 33.61653434232376, "alphas6": 4.682798017345742, "alphas7": 45.03250790114146, "alphas8": 1.6033859657161242, "alphas9": 44.6535701798897}, "datetime": {"datetime": "2018-12-18 20:29:09", "elapsed": 20988.25366, "delta": 135.329451}}
{"target": 0.07108437156714527, "params": {"alphas0": 45.632312361956735, "alphas1": 10.15383051780062, "alphas10": 0.7234708982419336, "alphas11": 40.89551300634645, "alphas12": 24.749649640069038, "alphas13": 58.95220324469179, "alphas2": 18.125527053534352, "alphas3": 55.37038147428536, "alphas4": 52.420739021257035, "alphas5": 1.822148884427779, "alphas6": 34.47932174685084, "alphas7": 52.58123885219451, "alphas8": 8.30261344707744, "alphas9": 55.7155247495131}, "datetime": {"datetime": "2018-12-18 20:31:37", "elapsed": 21136.752875, "delta": 148.499215}}
{"target": 0.07143395231796415, "params": {"alphas0": 35.24320894113538, "alphas1": 12.787728018956038, "alphas10": 0.8867320202944029, "alphas11": 55.932994996661314, "alphas12": 4.773530371026425, "alphas13": 59.08126064850947, "alphas2": 51.64371846051494, "alphas3": 56.607883234964426, "alphas4": 32.15427600782865, "alphas5": 0.27568167829501444, "alphas6": 38.21063774823612, "alphas7": 49.53012169641197, "alphas8": 1.5299018873583203, "alphas9": 45.08312255822004}, "datetime": {"datetime": "2018-12-18 20:33:53", "elapsed": 21271.972482, "delta": 135.219607}}
{"target": 0.0709024737339381, "params": {"alphas0": 59.86168561769678, "alphas1": 9.234591469052631, "alphas10": 1.7266119649670042, "alphas11": 13.099398979831836, "alphas12": 55.54481510732023, "alphas13": 53.00178884532901, "alphas2": 59.74741991257603, "alphas3": 43.48269746743556, "alphas4": 44.521070046792325, "alphas5": 47.44237223996816, "alphas6": 43.889240682208914, "alphas7": 13.444892529489167, "alphas8": 0.955046768318053, "alphas9": 29.119150342413477}, "datetime": {"datetime": "2018-12-18 20:36:09", "elapsed": 21408.466657, "delta": 136.494175}}
{"target": 0.07102125522801693, "params": {"alphas0": 37.06356392847716, "alphas1": 7.6047789526891, "alphas10": 1.9354131909349204, "alphas11": 52.15322086327145, "alphas12": 9.459782543444748, "alphas13": 57.96444693085749, "alphas2": 57.003932191529366, "alphas3": 39.31595462377873, "alphas4": 51.86377658394297, "alphas5": 58.64984568940544, "alphas6": 17.338163608002702, "alphas7": 45.92894903954379, "alphas8": 0.964816882528281, "alphas9": 49.66530909483454}, "datetime": {"datetime": "2018-12-18 20:38:28", "elapsed": 21547.054357, "delta": 138.5877}}
{"target": 0.0707238601033005, "params": {"alphas0": 54.81638514911204, "alphas1": 6.930710881506403, "alphas10": 2.419131319008707, "alphas11": 17.920556423172297, "alphas12": 42.43811193637417, "alphas13": 43.03245764197339, "alphas2": 47.4520010762047, "alphas3": 29.11990589390783, "alphas4": 55.037850256883836, "alphas5": 11.34850272772735, "alphas6": 48.981687284504986, "alphas7": 33.57385422969043, "alphas8": 0.23396052691615266, "alphas9": 57.79318567821596}, "datetime": {"datetime": "2018-12-18 20:40:32", "elapsed": 21671.191271, "delta": 124.136914}}
{"target": 0.07110177229780805, "params": {"alphas0": 57.06256389907958, "alphas1": 9.099974689018532, "alphas10": 2.6330291120469296, "alphas11": 2.1882958327833224, "alphas12": 43.942596585116696, "alphas13": 41.51518534066897, "alphas2": 41.678848767476296, "alphas3": 54.38878206886135, "alphas4": 58.17113548868068, "alphas5": 2.287561838728829, "alphas6": 48.581838708051, "alphas7": 10.637912209373193, "alphas8": 3.735756797189398, "alphas9": 45.395157631624556}, "datetime": {"datetime": "2018-12-18 20:42:46", "elapsed": 21805.12996, "delta": 133.938689}}
{"target": 0.07105133147518258, "params": {"alphas0": 53.12588378805229, "alphas1": 23.11492273715258, "alphas10": 1.207005510292023, "alphas11": 13.473034653840658, "alphas12": 25.174422726865792, "alphas13": 57.27007977685089, "alphas2": 55.93194432328453, "alphas3": 57.308620002713845, "alphas4": 59.23533645725897, "alphas5": 3.4473014305400684, "alphas6": 11.967257828420914, "alphas7": 48.452703590429174, "alphas8": 4.089487991748866, "alphas9": 36.048094647416384}, "datetime": {"datetime": "2018-12-18 20:45:04", "elapsed": 21943.563357, "delta": 138.433397}}
{"target": 0.07111397647392285, "params": {"alphas0": 59.14333892601073, "alphas1": 3.4302275255510684, "alphas10": 0.21976553674660337, "alphas11": 6.752865418812528, "alphas12": 25.677564182267986, "alphas13": 24.83742379343654, "alphas2": 18.4960303068211, "alphas3": 55.367535781872526, "alphas4": 2.3067545834455405, "alphas5": 1.9165908676672228, "alphas6": 50.466477854836505, "alphas7": 53.53426603879874, "alphas8": 7.643685135681633, "alphas9": 55.37622146499807}, "datetime": {"datetime": "2018-12-18 20:47:24", "elapsed": 22083.020343, "delta": 139.456986}}
{"target": 0.07086782612118918, "params": {"alphas0": 54.419571662431444, "alphas1": 5.067044393705567, "alphas10": 3.1987951194706454, "alphas11": 12.174433573687377, "alphas12": 33.76388493315993, "alphas13": 56.51026115077698, "alphas2": 59.879737911322465, "alphas3": 56.196413208617706, "alphas4": 54.340562265952784, "alphas5": 58.24302079142752, "alphas6": 2.8185377069143702, "alphas7": 12.917003331367978, "alphas8": 0.7974677350305925, "alphas9": 44.46120691313047}, "datetime": {"datetime": "2018-12-18 20:49:45", "elapsed": 22223.976014, "delta": 140.955671}}
