{"target": 0.0710297404572939, "params": {"alphas0": 11.05431876784586, "alphas1": 23.036576305395194, "alphas10": 4.8192543108544434, "alphas11": 51.87484154821003, "alphas12": 38.16655326615783, "alphas13": 57.60440923565305, "alphas2": 56.080447804720784, "alphas3": 0.4194605699841114, "alphas4": 35.3749082012597, "alphas5": 1.67725727009852, "alphas6": 58.24490341437522, "alphas7": 44.2897331733548, "alphas8": 4.844237996367173, "alphas9": 46.43922259176733}, "datetime": {"datetime": "2018-12-18 14:50:19", "elapsed": 658.25333, "delta": 26.167093}}
{"target": 0.0705259978584024, "params": {"alphas0": 59.36720235683642, "alphas1": 21.280143500768723, "alphas10": 4.589877788804577, "alphas11": 59.58264152193576, "alphas12": 47.689066540496746, "alphas13": 58.83930818992427, "alphas2": 5.455747134325346, "alphas3": 4.343462009970709, "alphas4": 52.419754782381446, "alphas5": 19.37694252845726, "alphas6": 48.433362970654855, "alphas7": 53.6460019793309, "alphas8": 9.071985567989667, "alphas9": 52.79451117875762}, "datetime": {"datetime": "2018-12-18 14:50:44", "elapsed": 683.641955, "delta": 25.388625}}
{"target": 0.07077004884731677, "params": {"alphas0": 57.36315549827699, "alphas1": 1.9193606250044004, "alphas10": 3.727451806589197, "alphas11": 52.91153025366976, "alphas12": 55.286697320680815, "alphas13": 52.81937724171238, "alphas2": 53.074668178064144, "alphas3": 44.51588181445328, "alphas4": 34.0762920075538, "alphas5": 5.883619785727632, "alphas6": 58.69518800453122, "alphas7": 18.148976015213304, "alphas8": 0.3670302357530475, "alphas9": 53.84539666385147}, "datetime": {"datetime": "2018-12-18 14:51:11", "elapsed": 709.978652, "delta": 26.336697}}
{"target": 0.07059975072436366, "params": {"alphas0": 59.730316814860984, "alphas1": 6.655986100908635, "alphas10": 2.712510020863823, "alphas11": 23.637551642176927, "alphas12": 54.64008801541776, "alphas13": 49.47284996248008, "alphas2": 9.021325702079286, "alphas3": 9.709613891271813, "alphas4": 39.62722189542807, "alphas5": 2.0958206612986197, "alphas6": 37.58324784869686, "alphas7": 49.85176737428155, "alphas8": 1.5016059200407361, "alphas9": 55.121994095832974}, "datetime": {"datetime": "2018-12-18 14:51:38", "elapsed": 736.976349, "delta": 26.997697}}
{"target": 0.06824237704711508, "params": {"alphas0": 56.910947373642614, "alphas1": 18.241802600989537, "alphas10": 15.48493585373263, "alphas11": 45.05535750397069, "alphas12": 58.68063401901832, "alphas13": 59.01005262029771, "alphas2": 40.23112186691502, "alphas3": 3.214826354114848, "alphas4": 54.58618132451703, "alphas5": 3.3536211022219042, "alphas6": 58.88143676037061, "alphas7": 6.106305003073618, "alphas8": 49.830857952956535, "alphas9": 55.01111140855387}, "datetime": {"datetime": "2018-12-18 14:52:05", "elapsed": 764.072349, "delta": 27.096}}
{"target": 0.07046181327160482, "params": {"alphas0": 57.26997256704382, "alphas1": 46.66780398375496, "alphas10": 3.63780874370244, "alphas11": 54.68804639457334, "alphas12": 51.74727796671857, "alphas13": 58.48268662202714, "alphas2": 44.029913872276175, "alphas3": 52.118143771573905, "alphas4": 57.49418386117441, "alphas5": 18.245050862397697, "alphas6": 58.24465061313623, "alphas7": 49.95203095955625, "alphas8": 1.751398634651482, "alphas9": 49.0363579018222}, "datetime": {"datetime": "2018-12-18 14:52:32", "elapsed": 791.445816, "delta": 27.373467}}
{"target": 0.07082797099395306, "params": {"alphas0": 57.55825758545535, "alphas1": 8.60041082586671, "alphas10": 8.274576995205509, "alphas11": 53.68706428559139, "alphas12": 59.56963137689421, "alphas13": 59.017586503766545, "alphas2": 44.474581740400744, "alphas3": 40.309762397628866, "alphas4": 52.39561887574894, "alphas5": 52.57132783574375, "alphas6": 41.26002575164008, "alphas7": 53.97568930943186, "alphas8": 2.7687045930169063, "alphas9": 55.76085367610452}, "datetime": {"datetime": "2018-12-18 14:52:59", "elapsed": 817.929285, "delta": 26.483469}}
{"target": 0.07136968984630881, "params": {"alphas0": 59.77423259442954, "alphas1": 1.4325346230903668, "alphas10": 2.4241490850954084, "alphas11": 0.02378296151041681, "alphas12": 57.12298067748368, "alphas13": 34.182639405191885, "alphas2": 42.605025860564396, "alphas3": 17.222020604672025, "alphas4": 44.24332888674484, "alphas5": 0.8156151269771184, "alphas6": 50.52668693767216, "alphas7": 55.43100289131863, "alphas8": 6.1467073514044195, "alphas9": 57.81542799133407}, "datetime": {"datetime": "2018-12-18 14:53:32", "elapsed": 851.460123, "delta": 33.530838}}
{"target": 0.07040055939783306, "params": {"alphas0": 12.978183215126172, "alphas1": 13.479925602485752, "alphas10": 5.5469965318094205, "alphas11": 42.60309057269492, "alphas12": 58.30930788036198, "alphas13": 37.80900200974749, "alphas2": 53.19257023559867, "alphas3": 4.162410796452289, "alphas4": 40.1066432969438, "alphas5": 0.07368013948722218, "alphas6": 5.173989395162368, "alphas7": 57.21869441222089, "alphas8": 3.0089797848310096, "alphas9": 58.81803070774051}, "datetime": {"datetime": "2018-12-18 14:53:58", "elapsed": 877.286959, "delta": 25.826836}}
{"target": 0.07156693433484496, "params": {"alphas0": 59.73403596373195, "alphas1": 0.817338111642294, "alphas10": 1.3727712587686192, "alphas11": 53.72463977113666, "alphas12": 36.28895277725459, "alphas13": 32.869692336321435, "alphas2": 50.810511758984205, "alphas3": 45.312006043671275, "alphas4": 58.96608752349535, "alphas5": 29.484850882720053, "alphas6": 17.583377843620895, "alphas7": 57.7258996258295, "alphas8": 6.276048202845317, "alphas9": 58.76697591993309}, "datetime": {"datetime": "2018-12-18 14:54:32", "elapsed": 910.910343, "delta": 33.623384}}
{"target": 0.07072343436633899, "params": {"alphas0": 57.73554818870797, "alphas1": 1.9665400736316463, "alphas10": 2.639444953350314, "alphas11": 3.435263432109781, "alphas12": 55.41215485317133, "alphas13": 48.21028635135096, "alphas2": 57.193020243929816, "alphas3": 6.288075378857176, "alphas4": 57.896021659368614, "alphas5": 47.78397751685782, "alphas6": 36.52679371097673, "alphas7": 45.286946623258906, "alphas8": 1.6156322343408225, "alphas9": 23.809281598677824}, "datetime": {"datetime": "2018-12-18 14:54:58", "elapsed": 937.655046, "delta": 26.744703}}
{"target": 0.07087176675484999, "params": {"alphas0": 7.41953056369095, "alphas1": 27.74239556140061, "alphas10": 2.2365778374244427, "alphas11": 54.55662826615476, "alphas12": 43.013564548340995, "alphas13": 51.00842411312302, "alphas2": 57.53939442839244, "alphas3": 16.9102829646075, "alphas4": 37.62447706563019, "alphas5": 0.9553415245019403, "alphas6": 56.929234933850175, "alphas7": 59.68163417429312, "alphas8": 3.3020476523769737, "alphas9": 58.43029121553664}, "datetime": {"datetime": "2018-12-18 14:55:26", "elapsed": 965.494615, "delta": 27.839569}}
{"target": 0.07061108991559582, "params": {"alphas0": 46.77809055316168, "alphas1": 0.5944781025619084, "alphas10": 9.62946441057586, "alphas11": 51.85559068019703, "alphas12": 1.1070826786078447, "alphas13": 54.17561252944235, "alphas2": 54.091514102659424, "alphas3": 51.224075396507715, "alphas4": 55.933243574266754, "alphas5": 0.6334638643296175, "alphas6": 9.189820621736636, "alphas7": 53.85810547396004, "alphas8": 2.3351946892168507, "alphas9": 49.63943179093885}, "datetime": {"datetime": "2018-12-18 14:55:53", "elapsed": 991.901551, "delta": 26.406936}}
{"target": 0.07095727632905008, "params": {"alphas0": 57.7770049332865, "alphas1": 6.578472546709618, "alphas10": 5.366552839272769, "alphas11": 36.244800161581914, "alphas12": 49.319232326398094, "alphas13": 58.339533557298715, "alphas2": 59.05703314037198, "alphas3": 58.35439281442825, "alphas4": 55.389738782880805, "alphas5": 3.0045768232424597, "alphas6": 43.54783147492042, "alphas7": 51.00337304738525, "alphas8": 4.92088290030555, "alphas9": 31.485101646541665}, "datetime": {"datetime": "2018-12-18 14:56:21", "elapsed": 1020.556439, "delta": 28.654888}}
{"target": 0.0699913430650037, "params": {"alphas0": 59.53747513593473, "alphas1": 4.109056077352622, "alphas10": 17.313635790429256, "alphas11": 46.494080784652404, "alphas12": 48.77108096480764, "alphas13": 57.669994553060626, "alphas2": 47.49222376920963, "alphas3": 43.967580580184766, "alphas4": 58.203377593972036, "alphas5": 34.89463303836319, "alphas6": 48.812836235423816, "alphas7": 50.15767284942087, "alphas8": 0.24891397439655183, "alphas9": 57.911291764637554}, "datetime": {"datetime": "2018-12-18 14:56:49", "elapsed": 1048.066931, "delta": 27.510492}}
{"target": 0.07120091115520275, "params": {"alphas0": 52.11384376738812, "alphas1": 0.3318896402193028, "alphas10": 1.8146571365087283, "alphas11": 15.667086763238666, "alphas12": 51.153326347338876, "alphas13": 42.224124292996564, "alphas2": 58.561172717229766, "alphas3": 27.223256871172065, "alphas4": 58.968013303690256, "alphas5": 47.151551771575804, "alphas6": 36.51087315890533, "alphas7": 59.12881980301494, "alphas8": 3.591374432686254, "alphas9": 30.014995116964922}, "datetime": {"datetime": "2018-12-18 14:57:15", "elapsed": 1074.477334, "delta": 26.410403}}
{"target": 0.07120631386999242, "params": {"alphas0": 53.28126531759375, "alphas1": 3.1786563237009635, "alphas10": 3.4659190927739925, "alphas11": 10.82047510589532, "alphas12": 10.905819593085191, "alphas13": 54.89971050604095, "alphas2": 49.8800600445875, "alphas3": 14.524167316524528, "alphas4": 59.63411599612345, "alphas5": 20.61752462272132, "alphas6": 45.8898153302325, "alphas7": 34.646482538417395, "alphas8": 3.502194275232402, "alphas9": 57.717472062251474}, "datetime": {"datetime": "2018-12-18 14:57:43", "elapsed": 1102.280753, "delta": 27.803419}}
{"target": 0.07051918436633894, "params": {"alphas0": 56.2244853863222, "alphas1": 6.4678422192012, "alphas10": 7.660224629582384, "alphas11": 0.2175720727501873, "alphas12": 45.20647714809911, "alphas13": 57.812178795575065, "alphas2": 11.337961495991841, "alphas3": 43.835894592187245, "alphas4": 57.379560502287084, "alphas5": 5.012773037348848, "alphas6": 15.195065216158739, "alphas7": 55.85182929786644, "alphas8": 2.299979105306098, "alphas9": 56.6039163290736}, "datetime": {"datetime": "2018-12-18 14:58:09", "elapsed": 1128.080766, "delta": 25.800013}}
{"target": 0.0704953793776769, "params": {"alphas0": 57.764100540238395, "alphas1": 37.28081759157852, "alphas10": 4.124344630045201, "alphas11": 44.98938233667809, "alphas12": 56.72684947223279, "alphas13": 59.48270219082004, "alphas2": 56.27906260726172, "alphas3": 50.46492589784032, "alphas4": 49.26128945817005, "alphas5": 30.15016505297742, "alphas6": 58.78689204282888, "alphas7": 56.731670893141086, "alphas8": 0.03635442609564832, "alphas9": 53.65712687696801}, "datetime": {"datetime": "2018-12-18 14:58:37", "elapsed": 1156.044356, "delta": 27.96359}}
{"target": 0.07066205073696129, "params": {"alphas0": 51.443404377264514, "alphas1": 22.035699806628216, "alphas10": 0.7217860357580297, "alphas11": 59.46536451266389, "alphas12": 0.9564590653400828, "alphas13": 59.98620808329595, "alphas2": 37.651267260112114, "alphas3": 25.937312665807678, "alphas4": 54.536525111249574, "alphas5": 8.973414368378315, "alphas6": 59.61946683671691, "alphas7": 58.0876185873071, "alphas8": 2.1654102307759437, "alphas9": 0.9017939359877403}, "datetime": {"datetime": "2018-12-18 14:59:04", "elapsed": 1183.349892, "delta": 27.305536}}
{"target": 0.07061532747543448, "params": {"alphas0": 36.01578911391675, "alphas1": 3.759489502860458, "alphas10": 3.2123364042314972, "alphas11": 58.40563613952932, "alphas12": 45.52769398633275, "alphas13": 55.13449828247468, "alphas2": 8.441387123007866, "alphas3": 33.06960184447445, "alphas4": 55.32715376059646, "alphas5": 1.5942902023495553, "alphas6": 0.5847570083297371, "alphas7": 59.29062591542749, "alphas8": 1.0492633052403955, "alphas9": 55.02558949048637}, "datetime": {"datetime": "2018-12-18 14:59:33", "elapsed": 1212.355279, "delta": 29.005387}}
{"target": 0.07132096916729655, "params": {"alphas0": 50.51704221786935, "alphas1": 4.133045791821665, "alphas10": 0.6655303931376833, "alphas11": 1.1173157661512634, "alphas12": 55.04272435719748, "alphas13": 26.191260662827148, "alphas2": 57.95504841815456, "alphas3": 2.5704489219757765, "alphas4": 59.90974127169664, "alphas5": 8.373145190529655, "alphas6": 0.5150052591199694, "alphas7": 39.4057316061827, "alphas8": 4.198655543811465, "alphas9": 54.31738096310592}, "datetime": {"datetime": "2018-12-18 15:00:01", "elapsed": 1239.908366, "delta": 27.553087}}
{"target": 0.07087742715419482, "params": {"alphas0": 44.68519920004797, "alphas1": 12.391207201484457, "alphas10": 3.769542904730183, "alphas11": 56.38588130109933, "alphas12": 50.17791316154642, "alphas13": 38.88692145162726, "alphas2": 31.99773983070847, "alphas3": 4.5784324388985915, "alphas4": 59.96318674058321, "alphas5": 1.4343815252193393, "alphas6": 43.005949209199194, "alphas7": 54.19403367274872, "alphas8": 0.587746225226693, "alphas9": 50.529208692485945}, "datetime": {"datetime": "2018-12-18 15:00:29", "elapsed": 1268.465734, "delta": 28.557368}}
{"target": 0.06919877396699414, "params": {"alphas0": 6.333263741118634, "alphas1": 3.5733245063230124, "alphas10": 5.300810512999052, "alphas11": 52.73567016169186, "alphas12": 57.099962068588184, "alphas13": 5.9409397850715155, "alphas2": 55.55616356318558, "alphas3": 5.004784030802803, "alphas4": 56.75251554878824, "alphas5": 11.766138317730112, "alphas6": 51.609219992962664, "alphas7": 59.324856120847116, "alphas8": 8.062321049816909, "alphas9": 57.72455798054152}, "datetime": {"datetime": "2018-12-18 15:00:57", "elapsed": 1295.938202, "delta": 27.472468}}
{"target": 0.07057652465986387, "params": {"alphas0": 55.6501463068963, "alphas1": 7.134241420038514, "alphas10": 6.626970294879446, "alphas11": 52.10481396303833, "alphas12": 7.736665158278004, "alphas13": 55.7198155578273, "alphas2": 45.03348643857462, "alphas3": 20.274605125631943, "alphas4": 58.795590095464796, "alphas5": 59.819013164074114, "alphas6": 7.5310062380250065, "alphas7": 56.904963619914554, "alphas8": 0.9420490821303962, "alphas9": 59.975560940230785}, "datetime": {"datetime": "2018-12-18 15:01:24", "elapsed": 1323.141071, "delta": 27.202869}}
{"target": 0.0706160829868983, "params": {"alphas0": 54.2722677784674, "alphas1": 3.9242908188696735, "alphas10": 3.4838743230294322, "alphas11": 8.647503602426227, "alphas12": 41.394856823820305, "alphas13": 54.52644324513273, "alphas2": 55.57212062345429, "alphas3": 1.4855600583304551, "alphas4": 34.24053608405653, "alphas5": 1.5244047230197366, "alphas6": 57.38038383949152, "alphas7": 59.80945059179422, "alphas8": 19.27492773993819, "alphas9": 11.437794215114208}, "datetime": {"datetime": "2018-12-18 15:01:52", "elapsed": 1350.858084, "delta": 27.717013}}
{"target": 0.07090481585411917, "params": {"alphas0": 58.728006102536575, "alphas1": 20.324532433060675, "alphas10": 6.046134344637688, "alphas11": 27.369146854107356, "alphas12": 35.70807809098687, "alphas13": 49.62069119931535, "alphas2": 59.039728537750065, "alphas3": 50.134346859554206, "alphas4": 59.96515320347483, "alphas5": 26.15068974682584, "alphas6": 56.11976768457132, "alphas7": 59.05248540432167, "alphas8": 4.848498749957493, "alphas9": 2.5113546685558075}, "datetime": {"datetime": "2018-12-18 15:02:20", "elapsed": 1379.26238, "delta": 28.404296}}
{"target": 0.07083768458679768, "params": {"alphas0": 38.0003488920302, "alphas1": 27.52636280564829, "alphas10": 9.038033015115431, "alphas11": 4.30151053387287, "alphas12": 53.41770545234443, "alphas13": 57.20236968636786, "alphas2": 59.47633924555232, "alphas3": 2.152620074776468, "alphas4": 53.414154660794175, "alphas5": 2.107318124626163, "alphas6": 49.3947784535673, "alphas7": 59.34549997763296, "alphas8": 10.071570334769595, "alphas9": 46.74812179855749}, "datetime": {"datetime": "2018-12-18 15:02:47", "elapsed": 1406.069025, "delta": 26.806645}}
{"target": 0.07098627229780799, "params": {"alphas0": 56.468147597871564, "alphas1": 4.016387395111954, "alphas10": 3.2405907213673846, "alphas11": 52.15550811556583, "alphas12": 23.26294555506578, "alphas13": 34.44741827717903, "alphas2": 59.71202486931214, "alphas3": 22.081217957353985, "alphas4": 54.70698886455896, "alphas5": 3.547419953274804, "alphas6": 10.198902466706535, "alphas7": 50.36591835261432, "alphas8": 1.71970789672804, "alphas9": 50.32209888993865}, "datetime": {"datetime": "2018-12-18 15:03:16", "elapsed": 1435.408246, "delta": 29.339221}}
{"target": 0.06981026536911052, "params": {"alphas0": 53.574906166974735, "alphas1": 25.69863834756134, "alphas10": 1.2981537506503416, "alphas11": 18.362465897459813, "alphas12": 56.93845413632999, "alphas13": 51.88990490560373, "alphas2": 58.072269823749714, "alphas3": 33.080379056805555, "alphas4": 52.950219350178195, "alphas5": 5.655522851093124, "alphas6": 3.4373871413122625, "alphas7": 53.511893682040736, "alphas8": 1.0372236988532335, "alphas9": 21.91049806466262}, "datetime": {"datetime": "2018-12-18 15:03:43", "elapsed": 1462.475685, "delta": 27.067439}}
{"target": 0.0709784121000251, "params": {"alphas0": 55.54647659127008, "alphas1": 24.579357925786606, "alphas10": 3.8384161671103234, "alphas11": 55.312593697391435, "alphas12": 21.929050894265945, "alphas13": 59.164700222579384, "alphas2": 58.84644781560574, "alphas3": 37.99877306415936, "alphas4": 57.53611415798766, "alphas5": 3.5083657752162853, "alphas6": 49.40038228947577, "alphas7": 58.50124932246922, "alphas8": 4.045145980378586, "alphas9": 38.26399483108699}, "datetime": {"datetime": "2018-12-18 15:04:12", "elapsed": 1491.168537, "delta": 28.692852}}
{"target": 0.07134202078609216, "params": {"alphas0": 57.305372314077715, "alphas1": 3.6666082562499303, "alphas10": 0.9192977938347568, "alphas11": 0.8577406131259258, "alphas12": 28.83659984631257, "alphas13": 18.604222645380016, "alphas2": 47.09349445863861, "alphas3": 22.757020900736112, "alphas4": 41.65425392719529, "alphas5": 0.4097613181011961, "alphas6": 59.63939494110795, "alphas7": 46.19359329535958, "alphas8": 4.308821690629077, "alphas9": 56.496432953682685}, "datetime": {"datetime": "2018-12-18 15:04:40", "elapsed": 1519.118647, "delta": 27.95011}}
{"target": 0.07087986060720577, "params": {"alphas0": 51.54484833456475, "alphas1": 17.392575288093592, "alphas10": 4.95303649481178, "alphas11": 0.9275350989165609, "alphas12": 6.817246219048252, "alphas13": 27.63308442180275, "alphas2": 52.592672309622074, "alphas3": 17.370165405968514, "alphas4": 55.59190602550056, "alphas5": 3.1118080717514895, "alphas6": 51.52758454997448, "alphas7": 58.71640654134068, "alphas8": 12.34993097677992, "alphas9": 57.7467049209407}, "datetime": {"datetime": "2018-12-18 15:05:09", "elapsed": 1548.006007, "delta": 28.88736}}
{"target": 0.06971774077223468, "params": {"alphas0": 16.302973224282425, "alphas1": 6.845375745965314, "alphas10": 10.760684966388736, "alphas11": 20.478986791058343, "alphas12": 4.069941784203069, "alphas13": 59.64058106273152, "alphas2": 54.70752800924001, "alphas3": 9.230869724411866, "alphas4": 40.65661787702687, "alphas5": 12.899034977917195, "alphas6": 57.209867269295444, "alphas7": 50.60756818861102, "alphas8": 0.04378734807244822, "alphas9": 56.11897127520624}, "datetime": {"datetime": "2018-12-18 15:05:38", "elapsed": 1577.119023, "delta": 29.113016}}
{"target": 0.07069824858276627, "params": {"alphas0": 35.940500324616345, "alphas1": 2.631834441747962, "alphas10": 1.53900987361832, "alphas11": 29.05500275385283, "alphas12": 59.84321378632081, "alphas13": 53.99519631462679, "alphas2": 54.647183604130525, "alphas3": 4.205152738798599, "alphas4": 46.24728829277411, "alphas5": 40.931389723571776, "alphas6": 50.73988071434847, "alphas7": 49.100803369556424, "alphas8": 2.9605270144947315, "alphas9": 52.807113395596836}, "datetime": {"datetime": "2018-12-18 15:06:07", "elapsed": 1606.402058, "delta": 29.283035}}
{"target": 0.07080180335096997, "params": {"alphas0": 49.74263007334781, "alphas1": 3.420416786040643, "alphas10": 0.15753912218031463, "alphas11": 59.76076042783422, "alphas12": 22.818090022322586, "alphas13": 35.9129537123192, "alphas2": 4.077883809708995, "alphas3": 0.25592806791842726, "alphas4": 56.115291962733735, "alphas5": 2.283373729124216, "alphas6": 30.521821799039273, "alphas7": 47.26758053361847, "alphas8": 6.626613694706522, "alphas9": 58.256309128194225}, "datetime": {"datetime": "2018-12-18 15:06:36", "elapsed": 1635.642677, "delta": 29.240619}}
{"target": 0.07083541134416736, "params": {"alphas0": 56.76189216087071, "alphas1": 3.1067271752435044, "alphas10": 0.7230706560287214, "alphas11": 59.067654630709065, "alphas12": 45.2186703848498, "alphas13": 50.33640271080145, "alphas2": 56.069318582854606, "alphas3": 19.041525791995124, "alphas4": 37.21933820610182, "alphas5": 3.097624959063685, "alphas6": 58.25467190322967, "alphas7": 56.6919500085367, "alphas8": 22.435331864058845, "alphas9": 46.42138464055749}, "datetime": {"datetime": "2018-12-18 15:07:04", "elapsed": 1663.075119, "delta": 27.432442}}
{"target": 0.07095952551020392, "params": {"alphas0": 50.372166866965216, "alphas1": 4.1100261081192135, "alphas10": 2.028778077929343, "alphas11": 49.34575637328344, "alphas12": 42.613580414754466, "alphas13": 30.607763881361205, "alphas2": 51.24954909034357, "alphas3": 49.90531651789845, "alphas4": 56.92786623149241, "alphas5": 4.829470213707832, "alphas6": 52.05928295155745, "alphas7": 47.795766383087404, "alphas8": 2.966985972578502, "alphas9": 38.61357974525025}, "datetime": {"datetime": "2018-12-18 15:07:33", "elapsed": 1691.851771, "delta": 28.776652}}
