{"target": 0.07138791122142579, "params": {"lambda_i": 0.9114233328033486, "lambda_j": 0.9359009313793256, "learning_rate": 0.0016404526004800309, "sgd_mode": 1.2641924309946035, "topK": 377.1131798121469}, "datetime": {"datetime": "2018-12-18 00:12:20", "elapsed": 0.0, "delta": 0.0}}
{"target": 0.07025451489031975, "params": {"lambda_i": 0.023969512423741568, "lambda_j": 0.97099037664173, "learning_rate": 0.0049207690187049995, "sgd_mode": 2.3354467391037246, "topK": 761.652789460054}, "datetime": {"datetime": "2018-12-18 00:40:54", "elapsed": 1713.571209, "delta": 1713.571209}}
{"target": 0.07268708318323833, "params": {"lambda_i": 0.4806610330165806, "lambda_j": 0.1586013076565822, "learning_rate": 0.00676799712752775, "sgd_mode": 2.1084313777536545, "topK": 347.769893665168}, "datetime": {"datetime": "2018-12-18 00:51:02", "elapsed": 2321.280724, "delta": 607.709515}}
{"target": 0.07312841404158603, "params": {"lambda_i": 0.9629311635084418, "lambda_j": 0.48265085983391587, "learning_rate": 0.009156853368823803, "sgd_mode": 2.996800352872301, "topK": 214.4248584834913}, "datetime": {"datetime": "2018-12-18 00:57:35", "elapsed": 2714.569429, "delta": 393.288705}}
{"target": 0.07066204031717827, "params": {"lambda_i": 0.9108675899521385, "lambda_j": 0.7554535025920646, "learning_rate": 0.004595051026644566, "sgd_mode": 1.4379177396302958, "topK": 966.668496204276}, "datetime": {"datetime": "2018-12-18 01:05:24", "elapsed": 3183.684451, "delta": 469.115022}}
{"target": 0.06834478667469512, "params": {"lambda_i": 1.0, "lambda_j": 1.0, "learning_rate": 0.01, "sgd_mode": 0.14436758357797508, "topK": 20.015847873515593}, "datetime": {"datetime": "2018-12-18 01:10:23", "elapsed": 3482.231619, "delta": 298.547168}}
{"target": 0.07023603859906466, "params": {"lambda_i": 1.0, "lambda_j": 1.0, "learning_rate": 0.01, "sgd_mode": 2.861784059466866, "topK": 999.8235340290381}, "datetime": {"datetime": "2018-12-18 01:17:05", "elapsed": 3884.881124, "delta": 402.649505}}
{"target": 0.07126807591639328, "params": {"lambda_i": 1.0, "lambda_j": 1.0, "learning_rate": 0.01, "sgd_mode": 2.9902905156038746, "topK": 521.7915667101825}, "datetime": {"datetime": "2018-12-18 01:23:52", "elapsed": 4291.621328, "delta": 406.740204}}
