{"target": 0.04158245634920624, "params": {"epochs": 3.7196111660435935, "lambda_i": 2.3808052515746265, "lambda_j": 1.0966925224121302, "learning_rate": 0.60884802461537, "sgd_mode": 2.5687233470441893, "topK": 5.1055843266930765}, "datetime": {"datetime": "2018-12-10 20:01:28", "elapsed": 0.0, "delta": 0.0}}
{"target": 0.043778783163265174, "params": {"epochs": 4.3729141000537055, "lambda_i": 1.8004779028120768, "lambda_j": 1.83646398653995, "learning_rate": 0.06867111020143635, "sgd_mode": 2.076283129481857, "topK": 4.704234999066244}, "datetime": {"datetime": "2018-12-10 20:05:04", "elapsed": 216.45118, "delta": 216.45118}}
{"target": 0.043602426681783685, "params": {"epochs": 8.304414911988477, "lambda_i": 1.522624657602364, "lambda_j": 1.7973326191835455, "learning_rate": 0.8568679727914321, "sgd_mode": 2.4154156309469714, "topK": 4.291594814918387}, "datetime": {"datetime": "2018-12-10 20:09:28", "elapsed": 479.836221, "delta": 263.385041}}
{"target": 0.0430201211892163, "params": {"epochs": 8.253644609142054, "lambda_i": 1.3323111578660123, "lambda_j": 0.5782145041038552, "learning_rate": 1.3992095755367477, "sgd_mode": 2.474343420189433, "topK": 2.973339688361473}, "datetime": {"datetime": "2018-12-10 20:13:47", "elapsed": 739.161819, "delta": 259.325598}}
{"target": 0.04496541657218431, "params": {"epochs": 5.594900005225058, "lambda_i": 0.6507057082150016, "lambda_j": 2.4363135094460002, "learning_rate": 1.1516037733108535, "sgd_mode": 0.1984302212993595, "topK": 2.206042092887909}, "datetime": {"datetime": "2018-12-10 20:17:41", "elapsed": 972.891489, "delta": 233.72967}}
{"target": 0.041700281305114606, "params": {"epochs": 0.24525536843271745, "lambda_i": 0.08242944817448317, "lambda_j": 2.896619657356272, "learning_rate": 1.1531373891738417, "sgd_mode": 1.1681755402656755, "topK": 0.041607201770343494}, "datetime": {"datetime": "2018-12-10 20:21:07", "elapsed": 1179.492567, "delta": 206.601078}}
{"target": 0.03465202658100269, "params": {"epochs": 9.994246658740748, "lambda_i": 0.14784400307283985, "lambda_j": 2.5206141100046535, "learning_rate": 0.24617404285939726, "sgd_mode": 0.28764953602759213, "topK": 7.735143486845467}, "datetime": {"datetime": "2018-12-10 20:29:11", "elapsed": 1663.386976, "delta": 483.894409}}
{"target": 0.04057740158100266, "params": {"epochs": 9.943281706988918, "lambda_i": 2.667951629553632, "lambda_j": 1.796134108327693, "learning_rate": 0.2783592550287324, "sgd_mode": 0.34639483006722926, "topK": 0.001422842537220248}, "datetime": {"datetime": "2018-12-10 20:37:20", "elapsed": 2152.249534, "delta": 488.862558}}
{"target": 0.04294886281179126, "params": {"epochs": 3.99187877818181, "lambda_i": 3.0, "lambda_j": 2.9652956625769504, "learning_rate": 2.0, "sgd_mode": 2.9999998722459567, "topK": 1.117432932816652}, "datetime": {"datetime": "2018-12-10 20:41:08", "elapsed": 2379.865125, "delta": 227.615591}}
{"target": 0.026109016817838233, "params": {"epochs": 7.5958550076732445, "lambda_i": 0.08940469939284867, "lambda_j": 2.81163601801102, "learning_rate": 0.5097673819066488, "sgd_mode": 2.928467012626569, "topK": 0.5837600668179084}, "datetime": {"datetime": "2018-12-10 20:46:19", "elapsed": 2691.72066, "delta": 311.855535}}
{"target": 0.04582635534769451, "params": {"epochs": 0.0, "lambda_i": 2.9999997941748084, "lambda_j": 0.11202033924351955, "learning_rate": 1.715614120793699, "sgd_mode": 0.0, "topK": 0.37923425967594454}, "datetime": {"datetime": "2018-12-10 20:50:46", "elapsed": 2958.68165, "delta": 266.96099}}
{"target": 0.047024605032753755, "params": {"epochs": 0.6087401574652759, "lambda_i": 2.9999996050844686, "lambda_j": 3.0, "learning_rate": 1.8136927712765765, "sgd_mode": 0.0, "topK": 5.701069361050353}, "datetime": {"datetime": "2018-12-10 20:54:08", "elapsed": 3159.850541, "delta": 201.168891}}
{"target": 0.045910292800453376, "params": {"epochs": 9.687878538657282, "lambda_i": 2.9278282558735977, "lambda_j": 0.031022802301839292, "learning_rate": 1.588524466661875, "sgd_mode": 0.07143606949600778, "topK": 7.927920921588297}, "datetime": {"datetime": "2018-12-10 21:02:34", "elapsed": 3666.221131, "delta": 506.37059}}
{"target": 0.043236876133786725, "params": {"epochs": 0.22318183721724227, "lambda_i": 2.7216965450158104, "lambda_j": 2.9987038125236287, "learning_rate": 0.16540937345727946, "sgd_mode": 0.0989390005382923, "topK": 0.823346985725852}, "datetime": {"datetime": "2018-12-10 21:06:02", "elapsed": 3874.62202, "delta": 208.400889}}
{"target": 0.04626841739103035, "params": {"epochs": 9.54748095802258, "lambda_i": 2.99707040951846, "lambda_j": 2.9217538372482403, "learning_rate": 1.8042744264155983, "sgd_mode": 0.384811805326416, "topK": 6.23890169388154}, "datetime": {"datetime": "2018-12-10 21:14:39", "elapsed": 4391.357749, "delta": 516.735729}}
{"target": 0.04151617551650284, "params": {"epochs": 9.981968991851794, "lambda_i": 2.8478893925482307, "lambda_j": 0.09004147819904917, "learning_rate": 1.288098567789787, "sgd_mode": 0.04032374974129549, "topK": 3.785479737771423}, "datetime": {"datetime": "2018-12-10 21:22:36", "elapsed": 4867.833743, "delta": 476.475994}}
{"target": 0.04789769589317196, "params": {"epochs": 1.7063165027799299, "lambda_i": 0.13326425515476092, "lambda_j": 0.6398545185397525, "learning_rate": 1.9956135818011649, "sgd_mode": 0.29089676669025866, "topK": 7.826709685608595}, "datetime": {"datetime": "2018-12-10 21:26:02", "elapsed": 5073.783246, "delta": 205.949503}}
{"target": 0.04255664742378421, "params": {"epochs": 6.468365213219348, "lambda_i": 2.705919985343733, "lambda_j": 2.8539728166556952, "learning_rate": 1.8057891232807397, "sgd_mode": 2.682496787734623, "topK": 7.9430477911972055}, "datetime": {"datetime": "2018-12-10 21:30:05", "elapsed": 5316.827347, "delta": 243.044101}}
{"target": 0.026565802122700943, "params": {"epochs": 9.476196876497585, "lambda_i": 2.996505719575488, "lambda_j": 0.22847286992973548, "learning_rate": 0.20361313996062447, "sgd_mode": 2.6599049236764882, "topK": 7.948825983077715}, "datetime": {"datetime": "2018-12-10 21:34:48", "elapsed": 5600.676954, "delta": 283.849607}}
{"target": 0.047091929957167926, "params": {"epochs": 5.426776695229432, "lambda_i": 0.001902313573156511, "lambda_j": 2.0294954713159763, "learning_rate": 1.9857743112146033, "sgd_mode": 0.016183949105026074, "topK": 7.282375206101336}, "datetime": {"datetime": "2018-12-10 21:38:11", "elapsed": 5802.807339, "delta": 202.130385}}
{"target": 0.04598223302469129, "params": {"epochs": 0.09850385513874182, "lambda_i": 0.1673044181244442, "lambda_j": 1.2920762457080759, "learning_rate": 1.9157152339901793, "sgd_mode": 2.469293596412168, "topK": 3.7696578058108425}, "datetime": {"datetime": "2018-12-10 21:41:18", "elapsed": 5990.735902, "delta": 187.928563}}
{"target": 0.04545625431468873, "params": {"epochs": 0.030352925170942235, "lambda_i": 0.05783921550656501, "lambda_j": 0.03797240757164966, "learning_rate": 1.8101935129470705, "sgd_mode": 0.30504616261322504, "topK": 2.7981253910952253}, "datetime": {"datetime": "2018-12-10 21:44:15", "elapsed": 6167.691741, "delta": 176.955839}}
{"target": 0.04711373141849321, "params": {"epochs": 5.423691998482427, "lambda_i": 2.9599629180827085, "lambda_j": 0.6700877802858626, "learning_rate": 1.9818206358254171, "sgd_mode": 0.061177407849242416, "topK": 6.886078409207947}, "datetime": {"datetime": "2018-12-10 21:46:47", "elapsed": 6319.138058, "delta": 151.446317}}
{"target": 0.03935156566515476, "params": {"epochs": 0.1056924614328314, "lambda_i": 0.31462224628195523, "lambda_j": 2.930291436039231, "learning_rate": 0.3174144833591581, "sgd_mode": 0.10363604478560251, "topK": 7.160100910759811}, "datetime": {"datetime": "2018-12-10 21:48:57", "elapsed": 6448.822621, "delta": 129.684563}}
{"target": 0.040561840608465516, "params": {"epochs": 9.398869358442505, "lambda_i": 0.05815477769297883, "lambda_j": 0.02642971965829477, "learning_rate": 1.9158101670485506, "sgd_mode": 0.24763600908915917, "topK": 7.8409611859025095}, "datetime": {"datetime": "2018-12-10 21:52:24", "elapsed": 6656.118986, "delta": 207.296365}}
{"target": 0.04088081727135285, "params": {"epochs": 5.032161184936824, "lambda_i": 2.8184687197655336, "lambda_j": 0.11613439526345859, "learning_rate": 0.3677677956856409, "sgd_mode": 0.43435456470915446, "topK": 0.08186646787947804}, "datetime": {"datetime": "2018-12-10 21:55:54", "elapsed": 6866.207061, "delta": 210.088075}}
{"target": 0.04774515898211122, "params": {"epochs": 2.2228977233185665, "lambda_i": 1.7011421452459712, "lambda_j": 1.814077522028366, "learning_rate": 1.9997971745301621, "sgd_mode": 0.2487314278544671, "topK": 3.9630169907087156}, "datetime": {"datetime": "2018-12-10 21:58:47", "elapsed": 7039.578394, "delta": 173.371333}}
{"target": 0.04449848135550508, "params": {"epochs": 0.025082521266130975, "lambda_i": 1.3114662596586615, "lambda_j": 0.06754000057574461, "learning_rate": 1.8554360495928175, "sgd_mode": 2.9113122392707496, "topK": 0.03465300359999546}, "datetime": {"datetime": "2018-12-10 22:01:50", "elapsed": 7221.839978, "delta": 182.261584}}
{"target": 0.04587386341017882, "params": {"epochs": 0.06217032172478709, "lambda_i": 1.499599336484219, "lambda_j": 2.073697763188114, "learning_rate": 1.9883040913860144, "sgd_mode": 0.8804104324353106, "topK": 7.855772941231763}, "datetime": {"datetime": "2018-12-10 22:04:23", "elapsed": 7375.350344, "delta": 153.510366}}
{"target": 0.04725694639707728, "params": {"epochs": 5.443891688685599, "lambda_i": 2.883464753379548, "lambda_j": 2.999284110980903, "learning_rate": 1.903150164918476, "sgd_mode": 0.008800762484186153, "topK": 2.662779889548287}, "datetime": {"datetime": "2018-12-10 22:07:13", "elapsed": 7544.986408, "delta": 169.636064}}
{"target": 0.047109614166036665, "params": {"epochs": 5.7627223646891785, "lambda_i": 2.636809233098375, "lambda_j": 2.7795395428340006, "learning_rate": 1.9141227104137581, "sgd_mode": 0.05757553933836279, "topK": 7.868968940768758}, "datetime": {"datetime": "2018-12-10 22:10:44", "elapsed": 7756.043363, "delta": 211.056955}}
{"target": 0.04525525916477689, "params": {"epochs": 0.022018263195041632, "lambda_i": 2.6158560302612015, "lambda_j": 2.9259827000703766, "learning_rate": 1.9677417313189736, "sgd_mode": 1.6583509456953447, "topK": 0.9135527631561207}, "datetime": {"datetime": "2018-12-10 22:13:49", "elapsed": 7941.080485, "delta": 185.037122}}
{"target": 0.04471379519400344, "params": {"epochs": 5.059778875890046, "lambda_i": 0.6204891421996281, "lambda_j": 0.8457101837480253, "learning_rate": 1.971359277079428, "sgd_mode": 1.9545249835357663, "topK": 5.632988172800919}, "datetime": {"datetime": "2018-12-10 22:18:53", "elapsed": 8245.467137, "delta": 304.386652}}
{"target": 0.046406971686822784, "params": {"epochs": 6.837156360104808, "lambda_i": 2.898134093020756, "lambda_j": 2.3161670727855217, "learning_rate": 1.9690256278997145, "sgd_mode": 1.1308914632797733, "topK": 3.9954002636773778}, "datetime": {"datetime": "2018-12-10 22:25:25", "elapsed": 8636.793973, "delta": 391.326836}}
{"target": 0.04329380297304098, "params": {"epochs": 7.555798406877251, "lambda_i": 2.8200701364717258, "lambda_j": 2.981155157839612, "learning_rate": 0.038645674567940214, "sgd_mode": 0.004909337401630687, "topK": 4.5048107029842335}, "datetime": {"datetime": "2018-12-10 22:31:29", "elapsed": 9001.526909, "delta": 364.732936}}
