{"target": -65000.0, "params": {"aa": 0.571587657212273}, "datetime": {"datetime": "2018-12-12 00:37:17", "elapsed": 0.0, "delta": 0.0}}
{"target": -65000.0, "params": {"aa": 0.20267983534938372}, "datetime": {"datetime": "2018-12-12 00:37:17", "elapsed": 0.000463, "delta": 0.000463}}
{"target": -65000.0, "params": {"aa": 0.9798022890875377}, "datetime": {"datetime": "2018-12-12 00:37:17", "elapsed": 0.000807, "delta": 0.000344}}
{"target": -65000.0, "params": {"aa": 0.9914866497370813}, "datetime": {"datetime": "2018-12-12 00:37:17", "elapsed": 0.001139, "delta": 0.000332}}
{"target": -65000.0, "params": {"aa": 0.7395532770351753}, "datetime": {"datetime": "2018-12-12 00:37:17", "elapsed": 0.001471, "delta": 0.000332}}
{"target": -65000.0, "params": {"aa": 0.30571474810019483}, "datetime": {"datetime": "2018-12-12 00:37:17", "elapsed": 0.001828, "delta": 0.000357}}
{"target": -65000.0, "params": {"aa": 0.2867514509928234}, "datetime": {"datetime": "2018-12-12 00:37:17", "elapsed": 0.002176, "delta": 0.000348}}
{"target": -65000.0, "params": {"aa": 0.42282479690964425}, "datetime": {"datetime": "2018-12-12 00:37:17", "elapsed": 0.002513, "delta": 0.000337}}
{"target": -65000.0, "params": {"aa": 0.27590674222246503}, "datetime": {"datetime": "2018-12-12 00:37:17", "elapsed": 0.002893, "delta": 0.00038}}
{"target": -65000.0, "params": {"aa": 0.7409597832136471}, "datetime": {"datetime": "2018-12-12 00:37:17", "elapsed": 0.003258, "delta": 0.000365}}
{"target": -65000.0, "params": {"aa": 0.32292536299064445}, "datetime": {"datetime": "2018-12-12 00:37:18", "elapsed": 0.796249, "delta": 0.792991}}
{"target": -65000.0, "params": {"aa": 0.7024214646890439}, "datetime": {"datetime": "2018-12-12 00:37:19", "elapsed": 1.579832, "delta": 0.783583}}
{"target": -65000.0, "params": {"aa": 0.2951801643155946}, "datetime": {"datetime": "2018-12-12 00:37:20", "elapsed": 2.420188, "delta": 0.840356}}
{"target": -65000.0, "params": {"aa": 0.9716544967640105}, "datetime": {"datetime": "2018-12-12 00:37:21", "elapsed": 3.298996, "delta": 0.878808}}
{"target": -65000.0, "params": {"aa": 0.9877789114129286}, "datetime": {"datetime": "2018-12-12 00:37:21", "elapsed": 4.179717, "delta": 0.880721}}
