{"target": 0.07172360923030884, "params": {"alpha": 97.24828284718238, "factors": 371.077275493361, "iterations": 10.431454842114753, "regularization": 0.9576456498273733}, "datetime": {"datetime": "2018-12-20 04:16:11", "elapsed": 0.0, "delta": 0.0}}
{"target": 0.06905831555653043, "params": {"alpha": 174.04288702968316, "factors": 204.75574852279584, "iterations": 15.201237457160408, "regularization": 0.19363873137596543}, "datetime": {"datetime": "2018-12-20 04:20:59", "elapsed": 287.453197, "delta": 287.453197}}
{"target": 0.0783469203632819, "params": {"alpha": 75.16388567861024, "factors": 424.99468904248766, "iterations": 73.08496795814389, "regularization": 0.6093003553689587}, "datetime": {"datetime": "2018-12-20 04:42:56", "elapsed": 1605.26756, "delta": 1317.814363}}
{"target": 0.058305098659789965, "params": {"alpha": 134.60563194441943, "factors": 40.41594787434432, "iterations": 20.891487484943976, "regularization": 0.6721730685814811}, "datetime": {"datetime": "2018-12-20 04:45:04", "elapsed": 1732.831474, "delta": 127.563914}}
{"target": 0.07249344098624905, "params": {"alpha": 10.10961518447862, "factors": 189.30401630151175, "iterations": 21.89278834449285, "regularization": 0.7152407343274544}, "datetime": {"datetime": "2018-12-20 04:50:39", "elapsed": 2067.922295, "delta": 335.090821}}
{"target": 0.06790354390999295, "params": {"alpha": 197.13543375024778, "factors": 999.4405011914847, "iterations": 94.45811449440373, "regularization": 1.0}, "datetime": {"datetime": "2018-12-20 05:48:35", "elapsed": 5544.254648, "delta": 3476.332353}}
{"target": 0.060730266290500344, "params": {"alpha": 2.00323173115205, "factors": 999.1251778487905, "iterations": 99.70557578147435, "regularization": 1.0}, "datetime": {"datetime": "2018-12-20 06:48:43", "elapsed": 9151.710045, "delta": 3607.455397}}
{"target": 0.0752024675564182, "params": {"alpha": 199.69752174807425, "factors": 516.2364968329161, "iterations": 99.988005326548, "regularization": 1.0}, "datetime": {"datetime": "2018-12-20 07:10:01", "elapsed": 10429.673916, "delta": 1277.963871}}
{"target": 0.06455687997067397, "params": {"alpha": 3.407477059548263, "factors": 207.08470497472936, "iterations": 99.9557302499515, "regularization": 1.0}, "datetime": {"datetime": "2018-12-20 07:17:06", "elapsed": 10854.774498, "delta": 425.100582}}
{"target": 0.07077024437045681, "params": {"alpha": 3.7619562030813887, "factors": 707.2930532786659, "iterations": 99.29576335725102, "regularization": 1.0}, "datetime": {"datetime": "2018-12-20 07:50:11", "elapsed": 12839.32255, "delta": 1984.548052}}
{"target": 0.06078344284689977, "params": {"alpha": 1.784561054528711, "factors": 467.1775881063558, "iterations": 99.48081094711063, "regularization": 1.0}, "datetime": {"datetime": "2018-12-20 08:09:23", "elapsed": 13991.311503, "delta": 1151.988953}}
{"target": 0.05925573697433871, "params": {"alpha": 64.41370085644765, "factors": 996.3161186233609, "iterations": 5.08689847567462, "regularization": 1.0}, "datetime": {"datetime": "2018-12-20 08:28:34", "elapsed": 15143.184077, "delta": 1151.872574}}
{"target": 0.07254788969529827, "params": {"alpha": 161.41331903107513, "factors": 807.5690822275626, "iterations": 99.06203183490557, "regularization": 1.0}, "datetime": {"datetime": "2018-12-20 09:06:05", "elapsed": 17393.511148, "delta": 2250.327071}}
{"target": 0.07501664847532025, "params": {"alpha": 197.74544056139175, "factors": 240.69701310573546, "iterations": 99.95803088194444, "regularization": 1.0}, "datetime": {"datetime": "2018-12-20 09:14:29", "elapsed": 17897.629174, "delta": 504.118026}}
{"target": 0.030297429253432883, "params": {"alpha": 2.724015442338965, "factors": 14.682368297222796, "iterations": 9.934523908596269, "regularization": 1.0}, "datetime": {"datetime": "2018-12-20 09:15:01", "elapsed": 17930.038651, "delta": 32.409477}}
{"target": 0.06124261352217825, "params": {"alpha": 83.44764570547082, "factors": 658.6746453785296, "iterations": 5.118591888923533, "regularization": 1.0}, "datetime": {"datetime": "2018-12-20 09:27:19", "elapsed": 18667.392681, "delta": 737.35403}}
{"target": 0.07734679127539133, "params": {"alpha": 114.10206199073039, "factors": 295.1889068819821, "iterations": 99.34465459078599, "regularization": 1.0}, "datetime": {"datetime": "2018-12-20 09:38:05", "elapsed": 19314.004037, "delta": 646.611356}}
{"target": 0.07571865662435939, "params": {"alpha": 116.26388833536345, "factors": 623.2255078014213, "iterations": 99.22984713509504, "regularization": 1.0}, "datetime": {"datetime": "2018-12-20 10:05:50", "elapsed": 20978.729991, "delta": 1664.725954}}
{"target": 0.04093682376319921, "params": {"alpha": 198.43738823330185, "factors": 10.453291783616308, "iterations": 99.37647373941842, "regularization": 1.0}, "datetime": {"datetime": "2018-12-20 10:06:45", "elapsed": 21033.978879, "delta": 55.248888}}
{"target": 0.07372851403762898, "params": {"alpha": 78.58398433319202, "factors": 880.495557510877, "iterations": 99.89222915536727, "regularization": 1.0}, "datetime": {"datetime": "2018-12-20 10:49:45", "elapsed": 23613.647496, "delta": 2579.668617}}
{"target": 0.07344730845217154, "params": {"alpha": 113.58005200994883, "factors": 161.81136037144194, "iterations": 83.62225079958814, "regularization": 1.0}, "datetime": {"datetime": "2018-12-20 10:54:50", "elapsed": 23918.75932, "delta": 305.111824}}
{"target": 0.07664427294112498, "params": {"alpha": 162.8131440608131, "factors": 413.18287188959295, "iterations": 99.14702218740972, "regularization": 1.0}, "datetime": {"datetime": "2018-12-20 11:11:15", "elapsed": 24903.7233, "delta": 984.96398}}
{"target": 0.06023399148392184, "params": {"alpha": 1.743714102784694, "factors": 837.1219457692112, "iterations": 10.289136355346258, "regularization": 1.0}, "datetime": {"datetime": "2018-12-20 11:28:29", "elapsed": 25937.584158, "delta": 1033.860858}}
{"target": 0.0782809337434722, "params": {"alpha": 68.7436473298879, "factors": 266.1619336588745, "iterations": 54.7096411603246, "regularization": 1.0}, "datetime": {"datetime": "2018-12-20 11:35:44", "elapsed": 26372.597544, "delta": 435.013386}}
{"target": 0.07720769366315504, "params": {"alpha": 118.35733638828258, "factors": 509.1429435044424, "iterations": 98.75263141613327, "regularization": 1.0}, "datetime": {"datetime": "2018-12-20 11:54:58", "elapsed": 27526.928814, "delta": 1154.33127}}
{"target": 0.07507404429623352, "params": {"alpha": 87.09356107584446, "factors": 753.57656834491, "iterations": 99.91969835819272, "regularization": 1.0}, "datetime": {"datetime": "2018-12-20 12:24:22", "elapsed": 29290.842686, "delta": 1763.913872}}
{"target": 0.0753818349119024, "params": {"alpha": 8.382666135139251, "factors": 310.8881869854753, "iterations": 5.978804174736232, "regularization": 1.0}, "datetime": {"datetime": "2018-12-20 12:28:28", "elapsed": 29537.1636, "delta": 246.320914}}
{"target": 0.07744549469700499, "params": {"alpha": 109.171673141371, "factors": 365.512301789682, "iterations": 99.91434502539536, "regularization": 1.0}, "datetime": {"datetime": "2018-12-20 12:39:54", "elapsed": 30222.384804, "delta": 685.221204}}
{"target": 0.07488073421175613, "params": {"alpha": 57.031273220302005, "factors": 241.08557524205338, "iterations": 5.5590985740467165, "regularization": 1.0}, "datetime": {"datetime": "2018-12-20 12:43:07", "elapsed": 30415.609188, "delta": 193.224384}}
{"target": 0.07807826635704322, "params": {"alpha": 68.34561940410957, "factors": 310.6580433948345, "iterations": 52.18329892902806, "regularization": 1.0}, "datetime": {"datetime": "2018-12-20 12:49:45", "elapsed": 30814.006623, "delta": 398.397435}}
