{"target": 0.04532851634542692, "params": {"lambda_i": 1.8705401655148974, "lambda_j": 2.0083265718387047, "learning_rate": 1.640652703937194, "sgd_mode": 2.339841842036399}, "datetime": {"datetime": "2018-12-12 15:22:59", "elapsed": 0.0, "delta": 0.0}}
{"target": 0.0439838617409926, "params": {"lambda_i": 2.047439262104286, "lambda_j": 0.8514475006837022, "learning_rate": 0.9496756404048139, "sgd_mode": 1.6498065124873742}, "datetime": {"datetime": "2018-12-12 15:34:08", "elapsed": 668.893875, "delta": 668.893875}}
{"target": 0.0450459600340134, "params": {"lambda_i": 1.7278998859362624, "lambda_j": 1.4748150989539326, "learning_rate": 0.4523919210526388, "sgd_mode": 0.8766738117139247}, "datetime": {"datetime": "2018-12-12 15:45:55", "elapsed": 1375.675427, "delta": 706.781552}}
{"target": 0.04710467979969757, "params": {"lambda_i": 0.007424897164866273, "lambda_j": 2.9812757799074454, "learning_rate": 1.9944182950386313, "sgd_mode": 0.10864622094329712}, "datetime": {"datetime": "2018-12-12 16:00:50", "elapsed": 2270.763495, "delta": 895.088068}}
{"target": 0.01700229563492064, "params": {"lambda_i": 0.06725046171776927, "lambda_j": 2.9251736391645355, "learning_rate": 0.030772827529470304, "sgd_mode": 2.857593623953655}, "datetime": {"datetime": "2018-12-12 16:10:20", "elapsed": 2840.726477, "delta": 569.962982}}
{"target": 0.04737777875409413, "params": {"lambda_i": 2.976392256910469, "lambda_j": 2.9978108303944206, "learning_rate": 1.9314864160318563, "sgd_mode": 0.010269414623244932}, "datetime": {"datetime": "2018-12-12 16:46:44", "elapsed": 5024.944013, "delta": 2184.217536}}
{"target": 0.04681777897455268, "params": {"lambda_i": 0.005964309431614634, "lambda_j": 0.21924241364471186, "learning_rate": 1.9841587393122697, "sgd_mode": 0.003557063553297213}, "datetime": {"datetime": "2018-12-12 17:08:21", "elapsed": 6322.231506, "delta": 1297.287493}}
{"target": 0.047042482174351044, "params": {"lambda_i": 2.9999999163146893, "lambda_j": 0.0, "learning_rate": 1.999999846626908, "sgd_mode": 6.195484626915779e-09}, "datetime": {"datetime": "2018-12-12 17:29:19", "elapsed": 7579.444302, "delta": 1257.212796}}
{"target": 0.043755446302595036, "params": {"lambda_i": 3.0, "lambda_j": 2.9999999402399076, "learning_rate": 1.999999901090781, "sgd_mode": 3.0}, "datetime": {"datetime": "2018-12-12 17:44:01", "elapsed": 8461.429221, "delta": 881.984919}}
{"target": 0.04386575129125709, "params": {"lambda_i": 2.99999999981388, "lambda_j": 0.0, "learning_rate": 1.9936987901369188, "sgd_mode": 2.9999999995241065}, "datetime": {"datetime": "2018-12-12 17:59:44", "elapsed": 9404.940815, "delta": 943.511594}}
