{"target": 0.08365146419074349, "params": {"alphas0": 19.605077827808948, "alphas1": 28.808114562212076, "alphas10": 23.44191193690051, "alphas11": 1.884407935525072, "alphas12": 43.47114470443466, "alphas13": 25.296017868523894, "alphas14": 23.680382619548794, "alphas2": 36.23812674230513, "alphas3": 56.61996453220316, "alphas4": 44.11425859438219, "alphas5": 8.578181956768148, "alphas6": 0.6332874345274164, "alphas7": 0.9140797396427081, "alphas8": 58.478220332044174, "alphas9": 56.76047517029049}, "datetime": {"datetime": "2018-12-17 19:33:16", "elapsed": 0.0, "delta": 0.0}}
{"target": 0.08616411899382598, "params": {"alphas0": 51.04562548965888, "alphas1": 14.878645721876643, "alphas10": 26.811889682675535, "alphas11": 44.508717435369164, "alphas12": 8.5697141683162, "alphas13": 11.031688502780192, "alphas14": 58.63238870706056, "alphas2": 48.732096763781286, "alphas3": 42.72991144777086, "alphas4": 8.023992192800575, "alphas5": 11.431872272431612, "alphas6": 59.11585897989869, "alphas7": 24.06887732536984, "alphas8": 58.433364549182784, "alphas9": 50.59683942730637}, "datetime": {"datetime": "2018-12-17 19:33:48", "elapsed": 32.107663, "delta": 32.107663}}
{"target": 0.08480043028156868, "params": {"alphas0": 43.4018623111068, "alphas1": 56.19703438813502, "alphas10": 40.427834023639456, "alphas11": 37.783014641318154, "alphas12": 47.775055049302146, "alphas13": 18.83184673443052, "alphas14": 31.863653091925507, "alphas2": 45.40210613363491, "alphas3": 55.12623932244589, "alphas4": 45.20019061143011, "alphas5": 25.519789998759716, "alphas6": 16.64862286589486, "alphas7": 53.9292916228424, "alphas8": 27.631719405610138, "alphas9": 10.549362336622117}, "datetime": {"datetime": "2018-12-17 19:34:01", "elapsed": 44.770291, "delta": 12.662628}}
{"target": 0.08548674922425915, "params": {"alphas0": 2.4901419819284865, "alphas1": 20.90153970375131, "alphas10": 12.71905013414604, "alphas11": 54.31684948088263, "alphas12": 19.919904055604796, "alphas13": 26.196246071297704, "alphas14": 43.25396464257088, "alphas2": 57.02915790853483, "alphas3": 55.614835542110214, "alphas4": 40.254278487215664, "alphas5": 57.63865892615169, "alphas6": 44.43733469353273, "alphas7": 21.281370281283834, "alphas8": 45.86095635679791, "alphas9": 54.048103249791176}, "datetime": {"datetime": "2018-12-17 19:34:13", "elapsed": 56.515277, "delta": 11.744986}}
{"target": 0.08576810354909836, "params": {"alphas0": 46.312168398047596, "alphas1": 22.57110044167321, "alphas10": 19.36692960082093, "alphas11": 55.125020970479, "alphas12": 34.58406394377005, "alphas13": 52.16646287257366, "alphas14": 35.07881376397699, "alphas2": 34.456729096203055, "alphas3": 10.18723980842957, "alphas4": 41.288036113370595, "alphas5": 48.56122680870032, "alphas6": 12.2069727862253, "alphas7": 21.81323876221658, "alphas8": 41.69998338095111, "alphas9": 46.20243231407884}, "datetime": {"datetime": "2018-12-17 19:34:25", "elapsed": 68.638578, "delta": 12.123301}}
{"target": 0.08644169853046624, "params": {"alphas0": 32.347443749445105, "alphas1": 58.18869587731983, "alphas10": 47.58494277751912, "alphas11": 27.403685771902925, "alphas12": 50.791978426641116, "alphas13": 33.952381404874856, "alphas14": 26.41380404812557, "alphas2": 0.9316848511980691, "alphas3": 5.367582923051357, "alphas4": 16.229226181918325, "alphas5": 33.40065729746621, "alphas6": 51.98397276827912, "alphas7": 18.811905320359294, "alphas8": 9.629561166516801, "alphas9": 33.84472949631538}, "datetime": {"datetime": "2018-12-17 19:34:55", "elapsed": 98.763431, "delta": 30.124853}}
{"target": 0.08663410342706268, "params": {"alphas0": 5.137769775000843, "alphas1": 18.74915671263588, "alphas10": 44.39796092805329, "alphas11": 34.066016819092674, "alphas12": 10.033604153485054, "alphas13": 16.94095561863864, "alphas14": 42.057803331477906, "alphas2": 23.740862557435733, "alphas3": 31.02341303124749, "alphas4": 16.39336968114491, "alphas5": 50.20909184091044, "alphas6": 51.2616031520445, "alphas7": 39.685124894986465, "alphas8": 57.00789303582623, "alphas9": 20.187131954155923}, "datetime": {"datetime": "2018-12-17 19:35:21", "elapsed": 124.59714, "delta": 25.833709}}
{"target": 0.08741945048080134, "params": {"alphas0": 13.051351068389794, "alphas1": 46.389407170801974, "alphas10": 46.08454378759487, "alphas11": 7.30507666403676, "alphas12": 25.53332775788396, "alphas13": 51.13748180801722, "alphas14": 26.517537570532852, "alphas2": 18.098713955662827, "alphas3": 22.926638775539196, "alphas4": 7.422212134399215, "alphas5": 28.926731613283373, "alphas6": 3.48137057383187, "alphas7": 31.9153863720641, "alphas8": 25.890707364204463, "alphas9": 9.384827583662078}, "datetime": {"datetime": "2018-12-17 19:35:47", "elapsed": 150.355763, "delta": 25.758623}}
{"target": 0.0856700751968205, "params": {"alphas0": 23.162298571723344, "alphas1": 54.27261038146408, "alphas10": 10.839530309989447, "alphas11": 10.02735452989379, "alphas12": 7.651758491144962, "alphas13": 44.67620816553466, "alphas14": 34.338659602595285, "alphas2": 56.94934349654909, "alphas3": 57.67760088614881, "alphas4": 7.75926040296445, "alphas5": 23.30495993610627, "alphas6": 53.62955175491249, "alphas7": 17.82305216057305, "alphas8": 41.66625886628729, "alphas9": 20.19842552277214}, "datetime": {"datetime": "2018-12-17 19:35:58", "elapsed": 161.958487, "delta": 11.602724}}
{"target": 0.08445017247300715, "params": {"alphas0": 2.9500659685980457, "alphas1": 5.209831017297455, "alphas10": 44.81666850055871, "alphas11": 49.91234277846411, "alphas12": 15.070487309068117, "alphas13": 43.92861870711587, "alphas14": 31.563826035293033, "alphas2": 14.161432648025764, "alphas3": 43.90850223669415, "alphas4": 49.65761792821782, "alphas5": 59.38459207063994, "alphas6": 53.387811020775814, "alphas7": 30.479482441058803, "alphas8": 34.02397383562095, "alphas9": 41.64829070280832}, "datetime": {"datetime": "2018-12-17 19:36:10", "elapsed": 173.663706, "delta": 11.705219}}
{"target": 0.07849480933799646, "params": {"alphas0": 48.68143833617742, "alphas1": 54.35938613010987, "alphas10": 0.3483294377174073, "alphas11": 45.90061515436646, "alphas12": 0.3950890088780312, "alphas13": 18.52775200122307, "alphas14": 30.053949376734828, "alphas2": 49.262613376551656, "alphas3": 42.46338384710722, "alphas4": 38.43201956481582, "alphas5": 6.104143235768014, "alphas6": 30.380528530477708, "alphas7": 59.311707112410005, "alphas8": 24.91014845853412, "alphas9": 0.9538643039817929}, "datetime": {"datetime": "2018-12-17 19:36:22", "elapsed": 185.222073, "delta": 11.558367}}
{"target": 0.08711151593295663, "params": {"alphas0": 47.38545499397705, "alphas1": 48.587372518672915, "alphas10": 7.878893606037098, "alphas11": 7.61686326600576, "alphas12": 56.74645049545099, "alphas13": 0.9265856908838965, "alphas14": 51.967243668751536, "alphas2": 4.837137133814878, "alphas3": 17.276389851205785, "alphas4": 58.425743923394236, "alphas5": 48.32931013386601, "alphas6": 56.45300560943025, "alphas7": 34.02783136176756, "alphas8": 35.5633962511011, "alphas9": 21.077793862190255}, "datetime": {"datetime": "2018-12-17 19:36:33", "elapsed": 196.729637, "delta": 11.507564}}
{"target": 0.08231901066448226, "params": {"alphas0": 43.87072905827611, "alphas1": 3.2182745995854556, "alphas10": 50.04739700212113, "alphas11": 0.7424877448586131, "alphas12": 14.599897401689297, "alphas13": 25.795120504891962, "alphas14": 0.8700584637102704, "alphas2": 16.34982092282148, "alphas3": 3.621949980482786, "alphas4": 0.34407111721150185, "alphas5": 59.25772668864172, "alphas6": 55.922643195384644, "alphas7": 23.76935126888669, "alphas8": 17.622634424660852, "alphas9": 48.96318049607555}, "datetime": {"datetime": "2018-12-17 19:36:46", "elapsed": 209.223843, "delta": 12.494206}}
{"target": 0.08622137230911842, "params": {"alphas0": 52.50560049631054, "alphas1": 48.16526292188778, "alphas10": 51.939585546026386, "alphas11": 54.73124574952479, "alphas12": 6.524840363124708, "alphas13": 3.6954428155489616, "alphas14": 53.423609958614215, "alphas2": 47.29286831102216, "alphas3": 1.7750199823030965, "alphas4": 3.3356677238767363, "alphas5": 38.95400296400237, "alphas6": 38.70337428013392, "alphas7": 27.225693661124392, "alphas8": 47.68639007726251, "alphas9": 31.447624338277144}, "datetime": {"datetime": "2018-12-17 19:36:57", "elapsed": 220.834869, "delta": 11.611026}}
{"target": 0.08376078153093815, "params": {"alphas0": 7.9230931058403975, "alphas1": 33.43230917281894, "alphas10": 0.46463945706732623, "alphas11": 1.5851640423807645, "alphas12": 51.139199176342665, "alphas13": 34.79775126442733, "alphas14": 50.688241519342775, "alphas2": 37.584169047295006, "alphas3": 18.29923290778584, "alphas4": 34.62159025601113, "alphas5": 51.82233486324232, "alphas6": 39.865027746839395, "alphas7": 24.23588238672261, "alphas8": 32.672429380364946, "alphas9": 50.38884215400546}, "datetime": {"datetime": "2018-12-17 19:37:09", "elapsed": 232.527967, "delta": 11.693098}}
{"target": 0.0867700589015095, "params": {"alphas0": 11.560559101661754, "alphas1": 36.527063497949456, "alphas10": 51.58882545643394, "alphas11": 40.57893504135451, "alphas12": 55.476305038040515, "alphas13": 12.165606353774516, "alphas14": 27.90779995624856, "alphas2": 39.475865274358725, "alphas3": 50.22849783830143, "alphas4": 8.872934541413624, "alphas5": 19.04853379797158, "alphas6": 35.22513782265518, "alphas7": 41.829910134742455, "alphas8": 35.383154981590025, "alphas9": 23.799129767867313}, "datetime": {"datetime": "2018-12-17 19:37:20", "elapsed": 244.104054, "delta": 11.576087}}
{"target": 0.08610935220057066, "params": {"alphas0": 13.437249198420657, "alphas1": 14.154553688154026, "alphas10": 9.751388836961056, "alphas11": 38.16739472414034, "alphas12": 5.201774771782011, "alphas13": 11.46023020013288, "alphas14": 36.56790063772875, "alphas2": 13.278207597212756, "alphas3": 46.80030590188883, "alphas4": 0.1640472833767026, "alphas5": 17.284787189112603, "alphas6": 25.185757058453657, "alphas7": 45.39721548257654, "alphas8": 34.16875346845896, "alphas9": 15.222218709144258}, "datetime": {"datetime": "2018-12-17 19:37:32", "elapsed": 255.667985, "delta": 11.563931}}
{"target": 0.08466578027621928, "params": {"alphas0": 29.32762888714222, "alphas1": 36.42776617161799, "alphas10": 27.22038038873599, "alphas11": 43.10477704938962, "alphas12": 31.63422730937327, "alphas13": 21.397770535053564, "alphas14": 9.436081602403348, "alphas2": 4.69779322820469, "alphas3": 4.1433500972335, "alphas4": 16.915568244284202, "alphas5": 56.75685033649367, "alphas6": 0.3306260209752221, "alphas7": 51.72454242949515, "alphas8": 58.248234054188046, "alphas9": 3.9730185624034364}, "datetime": {"datetime": "2018-12-17 19:37:44", "elapsed": 267.39194, "delta": 11.723955}}
{"target": 0.08437278242876045, "params": {"alphas0": 43.483009412047835, "alphas1": 49.07328339547718, "alphas10": 31.984063621935157, "alphas11": 2.945537190697207, "alphas12": 24.708777532178324, "alphas13": 41.34923632945673, "alphas14": 5.858234428462223, "alphas2": 11.958691487139216, "alphas3": 20.650208255002546, "alphas4": 26.430131172782062, "alphas5": 59.97005804224995, "alphas6": 27.865752779880268, "alphas7": 58.89033715897367, "alphas8": 14.683956747636458, "alphas9": 3.5449203037647847}, "datetime": {"datetime": "2018-12-17 19:37:55", "elapsed": 279.019559, "delta": 11.627619}}
{"target": 0.08858865539131572, "params": {"alphas0": 10.912827675205044, "alphas1": 0.12202233653822558, "alphas10": 16.152533219186942, "alphas11": 5.1241815290633035, "alphas12": 56.196475495904444, "alphas13": 53.03170520979531, "alphas14": 52.01869336690987, "alphas2": 21.70117468990466, "alphas3": 14.032812914532169, "alphas4": 56.24408969469419, "alphas5": 8.10652495922962, "alphas6": 37.70607331520919, "alphas7": 21.87418062546261, "alphas8": 3.80800521094413, "alphas9": 4.962076744634567}, "datetime": {"datetime": "2018-12-17 19:38:22", "elapsed": 305.708431, "delta": 26.688872}}
{"target": 0.084469992154114, "params": {"alphas0": 54.672268354340034, "alphas1": 4.812671708066379, "alphas10": 30.52457571591073, "alphas11": 34.11262031995187, "alphas12": 52.814567997075315, "alphas13": 56.70598395636492, "alphas14": 48.94808786071056, "alphas2": 16.690406649595666, "alphas3": 59.09680168353491, "alphas4": 15.350544042963987, "alphas5": 59.005855910072974, "alphas6": 12.301147331298685, "alphas7": 13.999363619210886, "alphas8": 22.47442760994904, "alphas9": 0.22641134958534925}, "datetime": {"datetime": "2018-12-17 19:38:57", "elapsed": 340.321901, "delta": 34.61347}}
{"target": 0.0856741872262604, "params": {"alphas0": 17.546304146940898, "alphas1": 29.461748252773493, "alphas10": 56.4217066243361, "alphas11": 5.5229867064798865, "alphas12": 59.67472901943949, "alphas13": 56.56893391687224, "alphas14": 46.748586944481275, "alphas2": 11.43978695151899, "alphas3": 4.641254603110989, "alphas4": 15.774624639867312, "alphas5": 5.456689543492004, "alphas6": 32.877436577767064, "alphas7": 49.352754248609905, "alphas8": 56.55603639437995, "alphas9": 33.09238905379245}, "datetime": {"datetime": "2018-12-17 19:39:31", "elapsed": 374.961389, "delta": 34.639488}}
{"target": 0.08620168179206737, "params": {"alphas0": 11.82827350915069, "alphas1": 25.816003269280348, "alphas10": 52.23870665009841, "alphas11": 38.34635590700166, "alphas12": 54.589868978793014, "alphas13": 4.413293666533578, "alphas14": 46.956466014340606, "alphas2": 11.012473216563947, "alphas3": 2.9930829388054003, "alphas4": 48.95798810754134, "alphas5": 42.781105078842515, "alphas6": 53.785426993896046, "alphas7": 4.105518075445751, "alphas8": 49.87551318457642, "alphas9": 3.005696596743237}, "datetime": {"datetime": "2018-12-17 19:40:07", "elapsed": 411.015718, "delta": 36.054329}}
{"target": 0.08365183946823744, "params": {"alphas0": 4.607251250313807, "alphas1": 59.0488307887911, "alphas10": 56.607878843489, "alphas11": 56.03924246276308, "alphas12": 45.11214588068105, "alphas13": 41.28595985454613, "alphas14": 50.80206055301742, "alphas2": 10.667762717958569, "alphas3": 3.224575733639601, "alphas4": 3.6100971980336105, "alphas5": 42.157515353646524, "alphas6": 10.96649546035319, "alphas7": 8.81457330781675, "alphas8": 14.888058516419695, "alphas9": 2.3482203716584427}, "datetime": {"datetime": "2018-12-17 19:40:42", "elapsed": 445.878335, "delta": 34.862617}}
{"target": 0.08652553038624093, "params": {"alphas0": 6.089789469079325, "alphas1": 10.916169704993294, "alphas10": 50.28741692973946, "alphas11": 5.279234461828704, "alphas12": 51.59343949947958, "alphas13": 3.6619799103502126, "alphas14": 55.85648259127338, "alphas2": 8.950691376224164, "alphas3": 16.285123443190713, "alphas4": 0.6350096873687838, "alphas5": 0.38091132488924373, "alphas6": 52.75361423862906, "alphas7": 51.93173002999544, "alphas8": 52.16515908498292, "alphas9": 14.058707897817023}, "datetime": {"datetime": "2018-12-17 19:41:17", "elapsed": 481.050056, "delta": 35.171721}}
{"target": 0.08837435197401973, "params": {"alphas0": 3.3634712859324223, "alphas1": 24.106176198589335, "alphas10": 55.60054812690213, "alphas11": 0.17725970811547365, "alphas12": 49.871342261791085, "alphas13": 2.173970289424534, "alphas14": 57.198768870706225, "alphas2": 19.669734125525903, "alphas3": 52.940174659867274, "alphas4": 33.0582938136499, "alphas5": 3.8730099097895554, "alphas6": 43.22506437382497, "alphas7": 2.697013549675684, "alphas8": 44.27589686558785, "alphas9": 0.8198506207445977}, "datetime": {"datetime": "2018-12-17 19:41:52", "elapsed": 515.679428, "delta": 34.629372}}
{"target": 0.08615676929738594, "params": {"alphas0": 0.1633047180730296, "alphas1": 58.10251861305204, "alphas10": 55.05727331247164, "alphas11": 56.269758674713714, "alphas12": 57.61671543446402, "alphas13": 22.257829672075616, "alphas14": 54.610478396245256, "alphas2": 5.71578635559349, "alphas3": 51.525701726729906, "alphas4": 3.5155553360841774, "alphas5": 2.8265386260964798, "alphas6": 51.882442596442466, "alphas7": 2.8749971917446815, "alphas8": 57.550827388403306, "alphas9": 35.67104637815548}, "datetime": {"datetime": "2018-12-17 19:42:28", "elapsed": 551.336174, "delta": 35.656746}}
{"target": 0.08785741035641322, "params": {"alphas0": 2.1050340498195386, "alphas1": 2.1152116023867196, "alphas10": 49.583138519999025, "alphas11": 5.6497541426919256, "alphas12": 31.40208264306048, "alphas13": 56.47512090079117, "alphas14": 53.43426413057032, "alphas2": 27.408442075764494, "alphas3": 0.8832428844812434, "alphas4": 59.89188589916503, "alphas5": 6.6971202908833956, "alphas6": 35.38972089625064, "alphas7": 13.971164591699988, "alphas8": 47.217175193158404, "alphas9": 2.8218265664087605}, "datetime": {"datetime": "2018-12-17 19:43:02", "elapsed": 585.817995, "delta": 34.481821}}
{"target": 0.08759414248636299, "params": {"alphas0": 3.3447212418681005, "alphas1": 6.807576621644202, "alphas10": 43.3561594921991, "alphas11": 20.743520396914327, "alphas12": 53.16560008639327, "alphas13": 0.18580136242509093, "alphas14": 57.87014957625717, "alphas2": 52.54570311920964, "alphas3": 8.257204197553596, "alphas4": 56.84767121314031, "alphas5": 5.458288260631143, "alphas6": 22.51775721519349, "alphas7": 11.103902838419495, "alphas8": 54.11874401193278, "alphas9": 15.22374671268231}, "datetime": {"datetime": "2018-12-17 19:43:38", "elapsed": 621.444227, "delta": 35.626232}}
{"target": 0.08821782848915333, "params": {"alphas0": 14.792789149082424, "alphas1": 9.307144358191735, "alphas10": 59.85547323011563, "alphas11": 8.027565688774152, "alphas12": 59.16415712656105, "alphas13": 59.82623117660707, "alphas14": 56.0276784986894, "alphas2": 17.517395013520197, "alphas3": 25.661562749145126, "alphas4": 54.59213320847191, "alphas5": 13.446806589193194, "alphas6": 1.23793347648941, "alphas7": 6.484623111770819, "alphas8": 59.29300727020333, "alphas9": 2.849386262150757}, "datetime": {"datetime": "2018-12-17 19:44:13", "elapsed": 656.393132, "delta": 34.948905}}
{"target": 0.08721261190818079, "params": {"alphas0": 16.9103568628171, "alphas1": 1.850496690023693, "alphas10": 44.68177116089371, "alphas11": 20.449112562015568, "alphas12": 55.14762615762761, "alphas13": 56.85457888712753, "alphas14": 51.66336822483387, "alphas2": 12.344557083549084, "alphas3": 43.54141613322206, "alphas4": 48.972970262012375, "alphas5": 57.73673354029054, "alphas6": 58.50970117310955, "alphas7": 3.6837001008225956, "alphas8": 50.51025592549745, "alphas9": 4.508484801731097}, "datetime": {"datetime": "2018-12-17 19:44:47", "elapsed": 690.293356, "delta": 33.900224}}
{"target": 0.08648545384592718, "params": {"alphas0": 33.403758749651445, "alphas1": 4.0122427630961095, "alphas10": 25.395311501474335, "alphas11": 0.28921540920687994, "alphas12": 50.12207010146392, "alphas13": 20.262421950866532, "alphas14": 59.99508025666407, "alphas2": 56.959512087859956, "alphas3": 3.5000035530174145, "alphas4": 40.38612543866683, "alphas5": 7.522639751486803, "alphas6": 51.501320466817596, "alphas7": 12.659097415092997, "alphas8": 56.06974356231839, "alphas9": 5.2137964929867175}, "datetime": {"datetime": "2018-12-17 19:45:22", "elapsed": 725.876481, "delta": 35.583125}}
{"target": 0.08261015115664827, "params": {"alphas0": 0.45112061361035627, "alphas1": 12.142323917261674, "alphas10": 56.902188689031824, "alphas11": 8.245981432763836, "alphas12": 59.32336593975855, "alphas13": 26.81648918965253, "alphas14": 58.3076912251816, "alphas2": 23.440729466553563, "alphas3": 7.538846936202899, "alphas4": 14.773133023928944, "alphas5": 21.926846476017303, "alphas6": 41.02008500082918, "alphas7": 3.5441192320426618, "alphas8": 6.645881019445479, "alphas9": 53.386188683763585}, "datetime": {"datetime": "2018-12-17 19:45:57", "elapsed": 761.154695, "delta": 35.278214}}
{"target": 0.08524102780347412, "params": {"alphas0": 32.212312789676915, "alphas1": 26.35604854417285, "alphas10": 56.3634615205623, "alphas11": 58.276814253033514, "alphas12": 51.80514018223746, "alphas13": 44.35162504326643, "alphas14": 48.59852235770431, "alphas2": 2.5651694127631886, "alphas3": 27.69228981740848, "alphas4": 58.27876775988695, "alphas5": 6.660125834765593, "alphas6": 57.26275781169721, "alphas7": 0.8468681175539428, "alphas8": 51.60201274190464, "alphas9": 2.671489165358365}, "datetime": {"datetime": "2018-12-17 19:46:33", "elapsed": 797.166089, "delta": 36.011394}}
{"target": 0.08637777842007283, "params": {"alphas0": 4.4019876396667845, "alphas1": 12.630479401716546, "alphas10": 56.06113832240536, "alphas11": 25.662668893872148, "alphas12": 33.92434202325099, "alphas13": 27.347593529018358, "alphas14": 53.821513163234414, "alphas2": 2.11854487759477, "alphas3": 58.722199556330075, "alphas4": 58.26423540763255, "alphas5": 2.852746599865057, "alphas6": 7.757654845998225, "alphas7": 4.684817404643569, "alphas8": 58.038995468048086, "alphas9": 0.2565544947983289}, "datetime": {"datetime": "2018-12-17 19:47:08", "elapsed": 831.945212, "delta": 34.779123}}
{"target": 0.08760600926320909, "params": {"alphas0": 0.6169203942313484, "alphas1": 41.509332796981354, "alphas10": 56.71346496325209, "alphas11": 5.5747900028825175, "alphas12": 33.33326285178816, "alphas13": 21.824632220023755, "alphas14": 51.46157830116279, "alphas2": 47.29960060199211, "alphas3": 14.653746650209678, "alphas4": 48.01151512195966, "alphas5": 56.15858205281651, "alphas6": 30.716860821193535, "alphas7": 58.07549028643983, "alphas8": 58.778494329266316, "alphas9": 2.1195493855217085}, "datetime": {"datetime": "2018-12-17 19:47:44", "elapsed": 867.932255, "delta": 35.987043}}
