{"target": 0.08731753677766452, "params": {"alphas0": 0.6710806112223433, "alphas1": 36.89533454453384, "alphas10": 52.92018754395803, "alphas11": 9.755448201323953, "alphas12": 51.6416030980318, "alphas13": 34.12248270447166, "alphas14": 55.14506174704506, "alphas2": 57.37594446279661, "alphas3": 11.457218478727134, "alphas4": 39.983089562684015, "alphas5": 58.234827818653514, "alphas6": 48.688193127033955, "alphas7": 31.609536575781544, "alphas8": 57.97370183440225, "alphas9": 2.127234639105784}, "datetime": {"datetime": "2018-12-17 19:48:20", "elapsed": 903.881096, "delta": 35.948841}}
{"target": 0.08735627678620111, "params": {"alphas0": 2.269751565324405, "alphas1": 0.2804072968663629, "alphas10": 59.72775367089702, "alphas11": 3.8062697752431585, "alphas12": 55.28728968917188, "alphas13": 35.320104097648525, "alphas14": 1.5656046467467455, "alphas2": 57.611145913539794, "alphas3": 30.870270556705755, "alphas4": 57.17795219302787, "alphas5": 9.649412352937885, "alphas6": 58.95899326053655, "alphas7": 34.50409344122776, "alphas8": 44.17108525841036, "alphas9": 4.019816794656448}, "datetime": {"datetime": "2018-12-17 19:48:57", "elapsed": 940.379662, "delta": 36.498566}}
{"target": 0.08779293367748003, "params": {"alphas0": 3.3807599849210757, "alphas1": 23.037524464138038, "alphas10": 53.89018760119679, "alphas11": 1.7863882371436834, "alphas12": 55.606234604273105, "alphas13": 42.77037907946667, "alphas14": 52.173761583180536, "alphas2": 46.5350464756948, "alphas3": 23.59369409506662, "alphas4": 59.931484768974094, "alphas5": 6.314327431815445, "alphas6": 54.155474502768186, "alphas7": 57.71414828463954, "alphas8": 45.09477217306636, "alphas9": 0.600209244445844}, "datetime": {"datetime": "2018-12-17 19:49:32", "elapsed": 976.056389, "delta": 35.676727}}
{"target": 0.08851618091691583, "params": {"alphas0": 1.3351643232163268, "alphas1": 9.033348642678305, "alphas10": 48.07083822148918, "alphas11": 1.5381422858766713, "alphas12": 59.783143542231244, "alphas13": 39.59314330144637, "alphas14": 57.93746935988936, "alphas2": 49.512894065510196, "alphas3": 9.844124504202515, "alphas4": 17.63424280209987, "alphas5": 59.61421637627637, "alphas6": 0.7328063430419229, "alphas7": 2.395597424183027, "alphas8": 54.734161131047834, "alphas9": 7.84416121919866}, "datetime": {"datetime": "2018-12-17 19:50:08", "elapsed": 1011.614449, "delta": 35.55806}}
{"target": 0.08807235760868122, "params": {"alphas0": 5.513462476642934, "alphas1": 10.077707100930265, "alphas10": 56.769010042148615, "alphas11": 1.658278058431304, "alphas12": 4.847310939667326, "alphas13": 1.1158699813886663, "alphas14": 58.590082161736866, "alphas2": 26.6022720131398, "alphas3": 15.343366146164497, "alphas4": 53.48167827046095, "alphas5": 40.551404052161445, "alphas6": 10.413623517720161, "alphas7": 21.75276901839364, "alphas8": 57.4799246724842, "alphas9": 1.4310525222020165}, "datetime": {"datetime": "2018-12-17 19:50:43", "elapsed": 1046.955306, "delta": 35.340857}}
{"target": 0.08655957800111831, "params": {"alphas0": 3.3871628072911486, "alphas1": 8.128740891073056, "alphas10": 40.546369374814006, "alphas11": 0.36470086001600954, "alphas12": 0.08897918929124726, "alphas13": 49.80552275246171, "alphas14": 58.671121136057025, "alphas2": 17.272720649927003, "alphas3": 34.424327795111054, "alphas4": 52.820301972762394, "alphas5": 59.04164743343624, "alphas6": 51.26951243026062, "alphas7": 59.69232493173395, "alphas8": 54.4138336059535, "alphas9": 3.348242138903925}, "datetime": {"datetime": "2018-12-17 19:51:19", "elapsed": 1082.752219, "delta": 35.796913}}
{"target": 0.08616614732964159, "params": {"alphas0": 1.2943268657969997, "alphas1": 0.29236858446306524, "alphas10": 16.869944530321142, "alphas11": 12.875666446560778, "alphas12": 59.08825309087714, "alphas13": 58.36750079952001, "alphas14": 7.188057692558725, "alphas2": 44.21469314688691, "alphas3": 21.09949708283279, "alphas4": 9.200577966092258, "alphas5": 43.15677865505243, "alphas6": 41.07977716540254, "alphas7": 2.616709491575402, "alphas8": 59.35163537059313, "alphas9": 0.5028819982541366}, "datetime": {"datetime": "2018-12-17 19:51:56", "elapsed": 1119.405406, "delta": 36.653187}}
{"target": 0.08679255323504746, "params": {"alphas0": 53.66730395607906, "alphas1": 7.3021271301674755, "alphas10": 56.01371961306069, "alphas11": 9.200370323073878, "alphas12": 47.658877214256634, "alphas13": 11.143072602641556, "alphas14": 59.5842859266024, "alphas2": 51.82400084363713, "alphas3": 6.243466649888663, "alphas4": 57.99680836796089, "alphas5": 50.7708050265827, "alphas6": 30.392345367800075, "alphas7": 58.192235121500495, "alphas8": 58.15228179386254, "alphas9": 3.2125937220975653}, "datetime": {"datetime": "2018-12-17 19:52:31", "elapsed": 1154.721787, "delta": 35.316381}}
{"target": 0.08631847209300458, "params": {"alphas0": 4.0049959354439, "alphas1": 57.39101184520561, "alphas10": 58.521275757870484, "alphas11": 6.075106841470667, "alphas12": 59.14980076812949, "alphas13": 49.57425495063453, "alphas14": 53.524929242712474, "alphas2": 58.17340278530122, "alphas3": 14.472623504853965, "alphas4": 48.750012743791025, "alphas5": 29.856386879512748, "alphas6": 9.572088418896636, "alphas7": 32.43179438241091, "alphas8": 59.30235588031933, "alphas9": 4.700378533468759}, "datetime": {"datetime": "2018-12-17 19:53:06", "elapsed": 1189.848489, "delta": 35.126702}}
