{"target": 0.08575644571723125, "params": {"alphas0": 33.87239033397171, "alphas1": 5.848742906528934, "alphas10": 15.624828028064286, "alphas11": 20.22025666988217, "alphas12": 3.695945160142027, "alphas13": 6.102201695360283, "alphas14": 16.924819939485257, "alphas2": 16.91662990372422, "alphas3": 10.371462769612116, "alphas4": 37.4030612070812, "alphas5": 17.11113788174159, "alphas6": 21.85839919010702, "alphas7": 3.7831571962849653, "alphas8": 28.959049082221906, "alphas9": 22.639706736520168}, "datetime": {"datetime": "2018-12-20 14:25:14", "elapsed": 0.0, "delta": 0.0}}
{"target": 0.0859918187271453, "params": {"alphas0": 29.478613154137825, "alphas1": 12.464995942677724, "alphas10": 5.722727492344699, "alphas11": 9.874739946443064, "alphas12": 25.282607094476024, "alphas13": 32.83654351892273, "alphas14": 30.875678019239047, "alphas2": 32.79302413643713, "alphas3": 33.11379330575731, "alphas4": 37.90834615497475, "alphas5": 25.084408077781156, "alphas6": 3.7008766775490187, "alphas7": 24.712051591373644, "alphas8": 35.554802352190016, "alphas9": 32.04799065159471}, "datetime": {"datetime": "2018-12-20 14:25:42", "elapsed": 27.551895, "delta": 27.551895}}
{"target": 0.08734287078197017, "params": {"alphas0": 36.51405495598968, "alphas1": 17.356834002106037, "alphas10": 8.533915982567857, "alphas11": 21.334663457216365, "alphas12": 13.966992996584322, "alphas13": 8.863972237312776, "alphas14": 5.108250431676851, "alphas2": 27.446229152584635, "alphas3": 39.25431152141463, "alphas4": 27.859278799762052, "alphas5": 25.77413826943947, "alphas6": 3.481945309562904, "alphas7": 30.644584924445184, "alphas8": 6.74393033657072, "alphas9": 21.239560563338916}, "datetime": {"datetime": "2018-12-20 14:26:10", "elapsed": 55.179574, "delta": 27.627679}}
{"target": 0.08611995773775263, "params": {"alphas0": 9.47411649501114, "alphas1": 38.98075560900375, "alphas10": 28.923850494469928, "alphas11": 39.12928493552351, "alphas12": 33.286890986899046, "alphas13": 2.179636703591501, "alphas14": 4.593110505819773, "alphas2": 25.451530712794952, "alphas3": 7.7203605880790205, "alphas4": 4.324599887914409, "alphas5": 28.1473030304941, "alphas6": 23.24636528446596, "alphas7": 16.01723652232147, "alphas8": 19.510048768393673, "alphas9": 11.420269249393566}, "datetime": {"datetime": "2018-12-20 14:26:21", "elapsed": 66.18124, "delta": 11.001666}}
{"target": 0.08685312445713116, "params": {"alphas0": 31.52967980647301, "alphas1": 8.618260596124312, "alphas10": 22.26859397458754, "alphas11": 21.99693011272238, "alphas12": 13.877614227925573, "alphas13": 38.04309435937584, "alphas14": 2.7462871028088687, "alphas2": 14.671732869004286, "alphas3": 5.010760362726132, "alphas4": 35.95565641213296, "alphas5": 23.5570374780495, "alphas6": 34.04640943756014, "alphas7": 9.202751529814055, "alphas8": 18.249881668956345, "alphas9": 38.545134388988544}, "datetime": {"datetime": "2018-12-20 14:26:32", "elapsed": 77.210625, "delta": 11.029385}}
{"target": 0.08763201791231813, "params": {"alphas0": 21.942305253338237, "alphas1": 11.219760949363415, "alphas10": 0.07265472510607385, "alphas11": 24.948183067936924, "alphas12": 2.8864878309192354, "alphas13": 16.927123900642087, "alphas14": 2.544103391858612, "alphas2": 30.479807228079938, "alphas3": 20.54116499424798, "alphas4": 14.64709434617185, "alphas5": 3.5278496240800283, "alphas6": 39.176299979181046, "alphas7": 2.51888049717528, "alphas8": 1.0936268550281758, "alphas9": 27.73172846038505}, "datetime": {"datetime": "2018-12-20 14:26:59", "elapsed": 104.521461, "delta": 27.310836}}
{"target": 0.0851381367887309, "params": {"alphas0": 36.317690668118374, "alphas1": 0.0586841070634625, "alphas10": 2.6425572421604437, "alphas11": 33.17892388137333, "alphas12": 21.046718712079745, "alphas13": 8.61193480201103, "alphas14": 6.429641399469119, "alphas2": 10.822268547781452, "alphas3": 13.814925003295295, "alphas4": 6.7726459201478395, "alphas5": 30.24848642126466, "alphas6": 23.3462223441469, "alphas7": 22.693634637693183, "alphas8": 21.089116488513447, "alphas9": 15.654354904528951}, "datetime": {"datetime": "2018-12-20 14:27:10", "elapsed": 115.523626, "delta": 11.002165}}
{"target": 0.08700972138614528, "params": {"alphas0": 21.399672402856016, "alphas1": 39.83691878654203, "alphas10": 31.59987035666699, "alphas11": 23.109639346006183, "alphas12": 17.68257254317584, "alphas13": 29.404891308522064, "alphas14": 19.962998970588167, "alphas2": 25.812759825350632, "alphas3": 36.47853161214827, "alphas4": 1.3362362404842454, "alphas5": 8.77845756080446, "alphas6": 33.185798056369585, "alphas7": 3.170096534472897, "alphas8": 26.70866603557265, "alphas9": 30.66818380618677}, "datetime": {"datetime": "2018-12-20 14:27:21", "elapsed": 126.585919, "delta": 11.062293}}
{"target": 0.08745089818908758, "params": {"alphas0": 7.320644220999046, "alphas1": 7.298703534536193, "alphas10": 15.245353412717249, "alphas11": 35.787041952203175, "alphas12": 6.042791914648333, "alphas13": 33.213178532756906, "alphas14": 37.5093741067719, "alphas2": 4.320394022270779, "alphas3": 18.221925840825307, "alphas4": 32.09924311910043, "alphas5": 15.515113906001403, "alphas6": 24.880864747142514, "alphas7": 21.92941561235799, "alphas8": 14.447914696925368, "alphas9": 13.586031476906113}, "datetime": {"datetime": "2018-12-20 14:27:32", "elapsed": 137.640312, "delta": 11.054393}}
{"target": 0.08673562855796717, "params": {"alphas0": 29.874321441670197, "alphas1": 36.59486994604434, "alphas10": 37.6543281062252, "alphas11": 39.275016112076784, "alphas12": 38.11878385307287, "alphas13": 32.0512791020904, "alphas14": 37.42165283313841, "alphas2": 32.17838661575201, "alphas3": 3.215048873120838, "alphas4": 24.515257846161987, "alphas5": 19.469085522734396, "alphas6": 0.9213323543270846, "alphas7": 12.68343915284162, "alphas8": 11.761930830200246, "alphas9": 10.078233770957787}, "datetime": {"datetime": "2018-12-20 14:27:43", "elapsed": 148.733381, "delta": 11.093069}}
{"target": 0.08644203830953814, "params": {"alphas0": 11.3128717339575, "alphas1": 29.5302340441464, "alphas10": 25.521086145193852, "alphas11": 23.609172108965755, "alphas12": 39.46672443945407, "alphas13": 36.42151370258353, "alphas14": 16.71050595251931, "alphas2": 15.690621725978012, "alphas3": 29.884990394238574, "alphas4": 19.64606142390839, "alphas5": 10.753819101994386, "alphas6": 5.210536563582022, "alphas7": 34.1964641170557, "alphas8": 26.49523848499197, "alphas9": 0.081038899417889}, "datetime": {"datetime": "2018-12-20 14:27:54", "elapsed": 159.766997, "delta": 11.033616}}
{"target": 0.08729615332119603, "params": {"alphas0": 29.409743743170893, "alphas1": 8.312480894007756, "alphas10": 19.348503311349514, "alphas11": 19.640181903525228, "alphas12": 24.88413001863636, "alphas13": 0.755984554122735, "alphas14": 39.34752991456372, "alphas2": 8.780791594684256, "alphas3": 24.597010691743037, "alphas4": 35.466722973584986, "alphas5": 26.56409556173221, "alphas6": 26.133715483937152, "alphas7": 25.841637824534317, "alphas8": 8.667616273338732, "alphas9": 6.233724513338386}, "datetime": {"datetime": "2018-12-20 14:28:05", "elapsed": 170.8292, "delta": 11.062203}}
{"target": 0.08603530444564693, "params": {"alphas0": 25.28947112225918, "alphas1": 38.28898179352006, "alphas10": 9.79352496568775, "alphas11": 12.931977870060267, "alphas12": 30.24970895593022, "alphas13": 0.7709012392526038, "alphas14": 12.07759112516218, "alphas2": 3.417320118959828, "alphas3": 8.376446813733565, "alphas4": 4.8266203485265535, "alphas5": 39.126149333185644, "alphas6": 33.093804687575606, "alphas7": 15.376221008935701, "alphas8": 2.9806188291501234, "alphas9": 34.11913651623471}, "datetime": {"datetime": "2018-12-20 14:28:16", "elapsed": 181.888637, "delta": 11.059437}}
{"target": 0.08669692211560272, "params": {"alphas0": 3.541694751411706, "alphas1": 38.06241524604434, "alphas10": 3.622172458423303, "alphas11": 3.8606325592477786, "alphas12": 13.107942607848218, "alphas13": 6.476796444656094, "alphas14": 9.471276824838014, "alphas2": 24.47733482500383, "alphas3": 17.698917852631034, "alphas4": 9.575132197653598, "alphas5": 14.47854172282617, "alphas6": 12.167350014328164, "alphas7": 15.283910488312674, "alphas8": 17.800471343651644, "alphas9": 26.88104102643143}, "datetime": {"datetime": "2018-12-20 14:28:27", "elapsed": 192.953908, "delta": 11.065271}}
{"target": 0.08619380747629103, "params": {"alphas0": 34.676523685167815, "alphas1": 13.188957927678779, "alphas10": 9.0806521253363, "alphas11": 21.493228138570068, "alphas12": 13.189329579073782, "alphas13": 29.734047181447565, "alphas14": 11.394277581297185, "alphas2": 33.63237341873416, "alphas3": 34.98496585168156, "alphas4": 21.313440068571094, "alphas5": 7.747941393230775, "alphas6": 28.122819341421238, "alphas7": 23.586447680109192, "alphas8": 26.111809339271655, "alphas9": 1.9883456122504084}, "datetime": {"datetime": "2018-12-20 14:28:38", "elapsed": 204.014667, "delta": 11.060759}}
{"target": 0.08673551830434184, "params": {"alphas0": 7.8018741998769015, "alphas1": 39.28553458970169, "alphas10": 38.13908389569762, "alphas11": 26.367460531130348, "alphas12": 5.135001777918764, "alphas13": 1.8773299228262363, "alphas14": 36.76398301581506, "alphas2": 0.28683831541013394, "alphas3": 33.254849613399315, "alphas4": 34.95355773531054, "alphas5": 1.5947294542661172, "alphas6": 29.552643839830374, "alphas7": 3.3132248942343523, "alphas8": 7.674185761324526, "alphas9": 34.86113848413914}, "datetime": {"datetime": "2018-12-20 14:29:14", "elapsed": 239.318479, "delta": 35.303812}}
{"target": 0.08517656658252311, "params": {"alphas0": 8.405232545739256, "alphas1": 3.049385332156862, "alphas10": 39.138986933163686, "alphas11": 1.9958386274250595, "alphas12": 9.628969387257285, "alphas13": 34.200607558205974, "alphas14": 7.084213513190298, "alphas2": 4.130154063713394, "alphas3": 39.80437722276975, "alphas4": 39.42925467427138, "alphas5": 11.289431970410293, "alphas6": 19.606370323275, "alphas7": 38.47395864203744, "alphas8": 1.5525502636627797, "alphas9": 31.323839772053557}, "datetime": {"datetime": "2018-12-20 14:29:48", "elapsed": 273.785999, "delta": 34.46752}}
{"target": 0.08800785835460083, "params": {"alphas0": 4.038651452171322, "alphas1": 37.1859400269804, "alphas10": 5.006250022722112, "alphas11": 39.966180592313535, "alphas12": 3.8207676806426782, "alphas13": 22.887868935315133, "alphas14": 37.10262611537925, "alphas2": 39.17729538352853, "alphas3": 4.925099303609977, "alphas4": 30.063552576291826, "alphas5": 38.29142382501547, "alphas6": 26.699812063028915, "alphas7": 2.3818948009488405, "alphas8": 3.779503804906219, "alphas9": 31.87446251772496}, "datetime": {"datetime": "2018-12-20 14:30:38", "elapsed": 323.559795, "delta": 49.773796}}
{"target": 0.08771024538466594, "params": {"alphas0": 3.2717914070347653, "alphas1": 2.8018523335480694, "alphas10": 11.029735853775072, "alphas11": 2.6319866314350815, "alphas12": 6.6808959297857795, "alphas13": 33.21074617872599, "alphas14": 38.96742428689814, "alphas2": 39.28977145938059, "alphas3": 37.83088533874012, "alphas4": 4.65445849966033, "alphas5": 32.90859159247894, "alphas6": 12.609990767878628, "alphas7": 8.804210714928043, "alphas8": 1.5761875584644436, "alphas9": 0.05667700616418969}, "datetime": {"datetime": "2018-12-20 14:31:13", "elapsed": 358.67526, "delta": 35.115465}}
{"target": 0.08726879890360352, "params": {"alphas0": 5.435786084281475, "alphas1": 1.0718782439564345, "alphas10": 8.665619774284732, "alphas11": 35.95745810851564, "alphas12": 19.17271675056132, "alphas13": 1.5791512619593417, "alphas14": 35.16876673234613, "alphas2": 39.99622036678346, "alphas3": 35.66164925162081, "alphas4": 21.101411440089972, "alphas5": 2.5486309634495363, "alphas6": 39.46606971993252, "alphas7": 3.9781272353669106, "alphas8": 2.5016684256959953, "alphas9": 1.2133537596693067}, "datetime": {"datetime": "2018-12-20 14:31:48", "elapsed": 393.370133, "delta": 34.694873}}
{"target": 0.0866422316352122, "params": {"alphas0": 38.11348360391992, "alphas1": 37.92447557166906, "alphas10": 1.68874369508063, "alphas11": 27.946288811513433, "alphas12": 0.7062550518573918, "alphas13": 7.266781079394358, "alphas14": 38.59697009424218, "alphas2": 39.67182530558314, "alphas3": 1.1402816404931881, "alphas4": 35.15173107489608, "alphas5": 10.569056563345555, "alphas6": 36.80032014179269, "alphas7": 38.87725948004193, "alphas8": 19.28543166074464, "alphas9": 1.2402398691879535}, "datetime": {"datetime": "2018-12-20 14:32:23", "elapsed": 428.858582, "delta": 35.488449}}
{"target": 0.08740565177138657, "params": {"alphas0": 5.150738449937724, "alphas1": 2.88823546182039, "alphas10": 0.527097517593309, "alphas11": 37.90742674241591, "alphas12": 7.424537230927308, "alphas13": 34.491494045894946, "alphas14": 36.59083710960828, "alphas2": 39.28764381322306, "alphas3": 32.11083981331133, "alphas4": 1.0133137047795104, "alphas5": 8.399017662496192, "alphas6": 37.17677960575075, "alphas7": 32.14383891080578, "alphas8": 4.172719331703001, "alphas9": 6.9595607366353995}, "datetime": {"datetime": "2018-12-20 14:32:59", "elapsed": 464.565262, "delta": 35.70668}}
{"target": 0.08725098168367174, "params": {"alphas0": 11.212520878603062, "alphas1": 35.555260000903395, "alphas10": 4.822047591383467, "alphas11": 17.595825565290212, "alphas12": 1.7664876739433577, "alphas13": 12.40386523575593, "alphas14": 37.93082971368718, "alphas2": 39.227843842419134, "alphas3": 30.48818139904445, "alphas4": 33.45422458544863, "alphas5": 1.7376050989015557, "alphas6": 1.0527059122345284, "alphas7": 0.08423485738898062, "alphas8": 0.6216770486500911, "alphas9": 37.93731654069407}, "datetime": {"datetime": "2018-12-20 14:33:35", "elapsed": 500.198606, "delta": 35.633344}}
{"target": 0.08522490737497093, "params": {"alphas0": 4.173657507801334, "alphas1": 34.759537146372125, "alphas10": 1.5418249730539069, "alphas11": 5.897649360909112, "alphas12": 31.963743079280324, "alphas13": 39.6608411443401, "alphas14": 32.91449073323474, "alphas2": 37.50611575836811, "alphas3": 24.73441635843205, "alphas4": 39.8971124505274, "alphas5": 39.61779023682928, "alphas6": 29.699658947639172, "alphas7": 8.335391992271992, "alphas8": 38.406265405683754, "alphas9": 1.5567570699571576}, "datetime": {"datetime": "2018-12-20 14:34:09", "elapsed": 534.197681, "delta": 33.999075}}
{"target": 0.08836806534790335, "params": {"alphas0": 15.078243607634395, "alphas1": 5.834748770231237, "alphas10": 0.2521262131098334, "alphas11": 38.79813986699098, "alphas12": 1.5936553631232409, "alphas13": 36.129495457083024, "alphas14": 29.558805150860962, "alphas2": 10.097765999512092, "alphas3": 16.033572847358517, "alphas4": 0.15614784891924138, "alphas5": 0.5290549462839023, "alphas6": 2.39389398494247, "alphas7": 5.184097844231812, "alphas8": 2.0673857755827685, "alphas9": 21.84473339229593}, "datetime": {"datetime": "2018-12-20 14:35:00", "elapsed": 585.313858, "delta": 51.116177}}
{"target": 0.08769219597659317, "params": {"alphas0": 0.4228585600094181, "alphas1": 34.89838897433995, "alphas10": 13.767166457593287, "alphas11": 37.434458449474576, "alphas12": 3.474992336986995, "alphas13": 33.87641634279425, "alphas14": 38.55953268523471, "alphas2": 1.5689040454004122, "alphas3": 2.135087507873723, "alphas4": 3.1136958808561532, "alphas5": 1.3958848342818797, "alphas6": 12.658691747427424, "alphas7": 1.9989414368076641, "alphas8": 14.181277389575229, "alphas9": 11.515440079498983}, "datetime": {"datetime": "2018-12-20 14:35:34", "elapsed": 619.738456, "delta": 34.424598}}
{"target": 0.08722245023995723, "params": {"alphas0": 0.06863834681039904, "alphas1": 2.556267690764118, "alphas10": 20.86039981450922, "alphas11": 1.546392317077152, "alphas12": 16.930470875907048, "alphas13": 11.622840301915822, "alphas14": 32.02388716080731, "alphas2": 36.18655954948696, "alphas3": 1.4217444657306988, "alphas4": 10.781893718637821, "alphas5": 1.947022727086689, "alphas6": 2.938572555650736, "alphas7": 5.882593168853263, "alphas8": 2.2254609273065995, "alphas9": 38.85816200950819}, "datetime": {"datetime": "2018-12-20 14:36:09", "elapsed": 654.637177, "delta": 34.898721}}
{"target": 0.08821670059019908, "params": {"alphas0": 7.257750180601921, "alphas1": 32.13689788445898, "alphas10": 3.223509226457395, "alphas11": 38.67428216466162, "alphas12": 1.6498840630933742, "alphas13": 39.97962107333192, "alphas14": 38.74278060542592, "alphas2": 28.280690265659203, "alphas3": 21.534811049655556, "alphas4": 5.58943866728141, "alphas5": 1.2693521554659437, "alphas6": 10.268511886652378, "alphas7": 31.10671803020209, "alphas8": 2.30374091215229, "alphas9": 33.80157535165602}, "datetime": {"datetime": "2018-12-20 14:36:43", "elapsed": 689.009351, "delta": 34.372174}}
{"target": 0.08691625287345169, "params": {"alphas0": 5.188633112973107, "alphas1": 1.9234432030917947, "alphas10": 36.02958485099957, "alphas11": 38.946626128476545, "alphas12": 37.5838558017246, "alphas13": 24.825807724956775, "alphas14": 38.768896230528036, "alphas2": 31.575034744372438, "alphas3": 19.217058118571725, "alphas4": 1.6402096513323006, "alphas5": 1.0735278758363576, "alphas6": 22.67622077299238, "alphas7": 5.817008581834502, "alphas8": 2.062378227381627, "alphas9": 36.413412004360815}, "datetime": {"datetime": "2018-12-20 14:37:19", "elapsed": 724.242227, "delta": 35.232876}}
{"target": 0.08550699879773573, "params": {"alphas0": 23.046435502234907, "alphas1": 38.01665357282138, "alphas10": 8.5846158420512, "alphas11": 39.56730018250168, "alphas12": 0.6442105398655684, "alphas13": 10.228401224720054, "alphas14": 39.64349967203024, "alphas2": 3.2295552871021593, "alphas3": 39.0052688083192, "alphas4": 38.5415324896229, "alphas5": 5.34929118285167, "alphas6": 1.5961372726023981, "alphas7": 10.394619596324116, "alphas8": 0.3133933109889364, "alphas9": 3.0039912995644213}, "datetime": {"datetime": "2018-12-20 14:37:54", "elapsed": 760.03766, "delta": 35.795433}}
{"target": 0.08782707938437016, "params": {"alphas0": 0.4895690085605864, "alphas1": 0.9251997979266324, "alphas10": 2.272147654629708, "alphas11": 24.199693853321133, "alphas12": 4.770880441638967, "alphas13": 37.5463319549803, "alphas14": 36.696241332270255, "alphas2": 28.63539042199651, "alphas3": 4.213435739043554, "alphas4": 5.928499409230574, "alphas5": 25.14506950368454, "alphas6": 32.64147313690147, "alphas7": 33.488875323454835, "alphas8": 3.6085676193798744, "alphas9": 37.34820015592512}, "datetime": {"datetime": "2018-12-20 14:38:31", "elapsed": 796.43958, "delta": 36.40192}}
{"target": 0.08580156545876086, "params": {"alphas0": 30.804733610663888, "alphas1": 2.906691644952253, "alphas10": 35.927805847133534, "alphas11": 21.89927247749955, "alphas12": 2.225252742167516, "alphas13": 38.54733619797899, "alphas14": 35.81868552085437, "alphas2": 36.911155941499366, "alphas3": 0.7416239885477216, "alphas4": 5.969403806547451, "alphas5": 3.4605119701720577, "alphas6": 4.219970692373138, "alphas7": 5.392640877781023, "alphas8": 0.9404467155832519, "alphas9": 9.260114718534602}, "datetime": {"datetime": "2018-12-20 14:39:06", "elapsed": 831.629631, "delta": 35.190051}}
{"target": 0.08773165941372839, "params": {"alphas0": 30.24152256133918, "alphas1": 37.66092752909101, "alphas10": 3.1381165686594503, "alphas11": 38.358157077346895, "alphas12": 0.6019687322013878, "alphas13": 39.9281504893623, "alphas14": 26.542253751448655, "alphas2": 12.638283027920947, "alphas3": 30.838492565109078, "alphas4": 1.6918801274784157, "alphas5": 38.78843018184752, "alphas6": 37.59124518818656, "alphas7": 16.218732640922585, "alphas8": 4.246452489890378, "alphas9": 34.150812456689565}, "datetime": {"datetime": "2018-12-20 14:39:42", "elapsed": 867.936136, "delta": 36.306505}}
{"target": 0.08714777909006043, "params": {"alphas0": 36.54876195073171, "alphas1": 34.41918465111085, "alphas10": 3.0140496868511413, "alphas11": 39.791617768145755, "alphas12": 4.440789392897555, "alphas13": 36.445803953793686, "alphas14": 12.252830870190117, "alphas2": 36.68169199117129, "alphas3": 39.405128472495676, "alphas4": 5.284777403648717, "alphas5": 37.024958417307744, "alphas6": 8.81822645831301, "alphas7": 37.717160746880495, "alphas8": 2.5986086627980054, "alphas9": 34.793204723487925}, "datetime": {"datetime": "2018-12-20 14:40:18", "elapsed": 903.216395, "delta": 35.280259}}
{"target": 0.08537663139966824, "params": {"alphas0": 9.793648936832401, "alphas1": 0.8253482285382896, "alphas10": 14.770657521291941, "alphas11": 38.295059716442964, "alphas12": 1.3343734810378516, "alphas13": 38.601809864743586, "alphas14": 38.16091864814829, "alphas2": 37.85895945944277, "alphas3": 9.602861554048099, "alphas4": 2.790646773852803, "alphas5": 37.338597294625686, "alphas6": 11.886569341961053, "alphas7": 15.521363576527051, "alphas8": 39.682667078780554, "alphas9": 32.399198571929794}, "datetime": {"datetime": "2018-12-20 14:40:53", "elapsed": 938.195762, "delta": 34.979367}}
{"target": 0.08704167312393571, "params": {"alphas0": 35.745314453358084, "alphas1": 37.44419114398758, "alphas10": 1.2018044891172375, "alphas11": 35.417439389969815, "alphas12": 32.44537553002764, "alphas13": 31.306892326925023, "alphas14": 38.30187523075081, "alphas2": 15.119332425238078, "alphas3": 6.9789618189639935, "alphas4": 28.923868333361007, "alphas5": 0.7291054416905096, "alphas6": 34.553597480188955, "alphas7": 35.56215150094996, "alphas8": 1.9514032683322924, "alphas9": 33.28536731226862}, "datetime": {"datetime": "2018-12-20 14:41:28", "elapsed": 974.117156, "delta": 35.921394}}
