{"target": 0.08844611738525637, "params": {"alphas0": 4.912840272278083, "alphas1": 18.66780565697601, "alphas10": 0.6817334939952424, "alphas11": 28.613763107938706, "alphas12": 13.700629425103674, "alphas13": 37.78912500995811, "alphas14": 37.56059253568909, "alphas2": 3.2345385068301447, "alphas3": 32.41095419961694, "alphas4": 5.374713644932574, "alphas5": 17.733726535274013, "alphas6": 0.04914033468235157, "alphas7": 28.61441070151419, "alphas8": 0.37026705867559073, "alphas9": 36.61529315437251}, "datetime": {"datetime": "2018-12-20 16:17:44", "elapsed": 6749.482824, "delta": 42.725389}}
{"target": 0.08823125069117847, "params": {"alphas0": 6.779009176727446, "alphas1": 13.975751577657135, "alphas10": 1.2761181514388698, "alphas11": 35.62562027323447, "alphas12": 8.967794186519438, "alphas13": 39.7487107086387, "alphas14": 39.67225457405214, "alphas2": 32.50786957926483, "alphas3": 34.988155765385955, "alphas4": 5.670966746756987, "alphas5": 0.3171742721139781, "alphas6": 23.583931117403722, "alphas7": 36.421289914541205, "alphas8": 0.07417854734825813, "alphas9": 36.857510055442695}, "datetime": {"datetime": "2018-12-20 16:18:28", "elapsed": 6793.989932, "delta": 44.507108}}
{"target": 0.0881839624244127, "params": {"alphas0": 0.7877616666369525, "alphas1": 2.3164384732763166, "alphas10": 0.5232112189907001, "alphas11": 10.745647490253596, "alphas12": 13.330072721181367, "alphas13": 39.24983898977554, "alphas14": 39.543396779611015, "alphas2": 5.615515079390252, "alphas3": 1.4551604214264868, "alphas4": 1.0298622022405146, "alphas5": 27.508449631620458, "alphas6": 18.34430629334763, "alphas7": 25.69378223325237, "alphas8": 0.054737463963272504, "alphas9": 23.664769206704083}, "datetime": {"datetime": "2018-12-20 16:19:14", "elapsed": 6839.587912, "delta": 45.59798}}
{"target": 0.08805331811556247, "params": {"alphas0": 3.4381630691217735, "alphas1": 20.786067896857624, "alphas10": 2.6813138081517174, "alphas11": 13.585763492426764, "alphas12": 34.67087189473945, "alphas13": 39.49282853240541, "alphas14": 23.983032670211113, "alphas2": 35.79698344529112, "alphas3": 33.885859561809475, "alphas4": 23.911849761033643, "alphas5": 35.609086668398284, "alphas6": 35.38894359565835, "alphas7": 36.53191809884024, "alphas8": 1.8309414492157217, "alphas9": 39.2018992098468}, "datetime": {"datetime": "2018-12-20 16:20:04", "elapsed": 6889.376084, "delta": 49.788172}}
{"target": 0.0881061793191255, "params": {"alphas0": 1.9442840169464937, "alphas1": 39.97151397169148, "alphas10": 7.710635349055366, "alphas11": 29.963634220099188, "alphas12": 30.52747471498584, "alphas13": 39.931376832958065, "alphas14": 29.984417474673183, "alphas2": 15.280811911743047, "alphas3": 5.273933006514837, "alphas4": 33.2134607316403, "alphas5": 11.40119441506478, "alphas6": 0.893506760989129, "alphas7": 10.489557977095366, "alphas8": 0.7198330765573635, "alphas9": 39.955142346039906}, "datetime": {"datetime": "2018-12-20 16:21:07", "elapsed": 6952.391636, "delta": 63.015552}}
{"target": 0.08818191655477488, "params": {"alphas0": 0.41857582429831286, "alphas1": 39.48609894299373, "alphas10": 0.07510047488056948, "alphas11": 33.419237903979095, "alphas12": 39.68541205031539, "alphas13": 38.29458294103894, "alphas14": 37.60071853801703, "alphas2": 33.21020467633834, "alphas3": 14.538299391448376, "alphas4": 9.711500597490389, "alphas5": 9.264260789784867, "alphas6": 36.44920205827323, "alphas7": 18.287205974149924, "alphas8": 2.019808614828116, "alphas9": 35.73442661351579}, "datetime": {"datetime": "2018-12-20 16:22:10", "elapsed": 7015.938246, "delta": 63.54661}}
{"target": 0.08809143787878457, "params": {"alphas0": 2.4977410516890464, "alphas1": 39.8189200859477, "alphas10": 0.5969969412071752, "alphas11": 37.2584182125779, "alphas12": 32.59149578229178, "alphas13": 30.00779686588412, "alphas14": 35.4874994392926, "alphas2": 7.45636821369541, "alphas3": 38.61053019754044, "alphas4": 1.8112355761194898, "alphas5": 6.919764780722235, "alphas6": 1.9093717811333288, "alphas7": 39.911988585427444, "alphas8": 6.646336275588509, "alphas9": 35.14466305940615}, "datetime": {"datetime": "2018-12-20 16:22:58", "elapsed": 7063.336956, "delta": 47.39871}}
{"target": 0.08804382101750832, "params": {"alphas0": 12.22716255434024, "alphas1": 39.35162042078012, "alphas10": 4.649929976658136, "alphas11": 15.542199214397856, "alphas12": 32.153568927724706, "alphas13": 35.88657117428634, "alphas14": 39.80532591063501, "alphas2": 1.207638921458103, "alphas3": 16.16839974339627, "alphas4": 8.399902112198667, "alphas5": 35.10680160584792, "alphas6": 35.567898981349146, "alphas7": 36.49779258562897, "alphas8": 0.30931117431565625, "alphas9": 36.103067593428804}, "datetime": {"datetime": "2018-12-20 16:23:46", "elapsed": 7112.15945, "delta": 48.822494}}
{"target": 0.08839931161857047, "params": {"alphas0": 1.1373389691368674, "alphas1": 20.988157913643228, "alphas10": 2.945294578006834, "alphas11": 19.48534929380255, "alphas12": 27.66818788846681, "alphas13": 38.78059489483532, "alphas14": 38.16597648420556, "alphas2": 23.86143138847022, "alphas3": 14.65010657235306, "alphas4": 1.2226769037862217, "alphas5": 13.702974628242943, "alphas6": 36.67754126409595, "alphas7": 33.588886690958056, "alphas8": 0.27352816465114227, "alphas9": 37.84533860351991}, "datetime": {"datetime": "2018-12-20 16:24:40", "elapsed": 7165.597723, "delta": 53.438273}}
{"target": 0.08856909433799365, "params": {"alphas0": 4.2420360437750615, "alphas1": 5.158936111605907, "alphas10": 2.7659008097564985, "alphas11": 31.332494780108288, "alphas12": 33.78401467333561, "alphas13": 37.32248719321315, "alphas14": 38.92225533180149, "alphas2": 3.6296111926033925, "alphas3": 4.1255892467742905, "alphas4": 5.902335737429079, "alphas5": 5.227231204327918, "alphas6": 14.251645356160832, "alphas7": 5.509811677329117, "alphas8": 1.1233726574925562, "alphas9": 39.29835096079994}, "datetime": {"datetime": "2018-12-20 16:25:35", "elapsed": 7221.168986, "delta": 55.571263}}
