{"target": 0.08796108369741788, "params": {"alphas0": 3.6845365553973197, "alphas1": 39.317200459925516, "alphas10": 2.760843043441068, "alphas11": 28.976217809422437, "alphas12": 2.3449087224183573, "alphas13": 38.600100082734514, "alphas14": 39.650917412325754, "alphas2": 27.49329513768314, "alphas3": 1.8722942627830141, "alphas4": 18.27880372477638, "alphas5": 1.749004506630678, "alphas6": 1.7510091611581835, "alphas7": 28.543130299375584, "alphas8": 1.5540071122880006, "alphas9": 36.48790546351643}, "datetime": {"datetime": "2018-12-20 15:52:18", "elapsed": 5224.143489, "delta": 41.01388}}
{"target": 0.08851403278485481, "params": {"alphas0": 0.3911120979452898, "alphas1": 30.084453346013497, "alphas10": 0.5062483138631668, "alphas11": 19.31581122895258, "alphas12": 39.09628380184519, "alphas13": 36.69008188355635, "alphas14": 29.28257928573131, "alphas2": 9.585015039302496, "alphas3": 33.439589706613454, "alphas4": 22.974146275565346, "alphas5": 0.7486540962365851, "alphas6": 39.299218093799524, "alphas7": 17.3871004669107, "alphas8": 1.9319391571708167, "alphas9": 36.79202305264147}, "datetime": {"datetime": "2018-12-20 15:53:00", "elapsed": 5265.359311, "delta": 41.215822}}
{"target": 0.08803903444315515, "params": {"alphas0": 4.348916226664459, "alphas1": 34.3166281994587, "alphas10": 0.9802314007299628, "alphas11": 17.47343595450339, "alphas12": 39.11146529093384, "alphas13": 35.9169525656058, "alphas14": 37.85196116514407, "alphas2": 38.402979287102454, "alphas3": 19.734056226009884, "alphas4": 11.786830368935593, "alphas5": 33.23641237134754, "alphas6": 34.14260812961116, "alphas7": 1.8828551034644647, "alphas8": 0.6842914836626779, "alphas9": 28.406725986710835}, "datetime": {"datetime": "2018-12-20 15:53:41", "elapsed": 5306.26117, "delta": 40.901859}}
{"target": 0.08812372432310678, "params": {"alphas0": 10.246523538058817, "alphas1": 39.19579474739994, "alphas10": 1.9165305563411605, "alphas11": 1.4041661765815094, "alphas12": 39.370198085609786, "alphas13": 29.71849867338936, "alphas14": 39.089589106764976, "alphas2": 0.14192005476261205, "alphas3": 24.85585150100162, "alphas4": 12.242881520031684, "alphas5": 39.605199103488644, "alphas6": 1.3782076068568028, "alphas7": 29.699065170553418, "alphas8": 2.683853887089831, "alphas9": 39.93276298372853}, "datetime": {"datetime": "2018-12-20 15:54:22", "elapsed": 5348.101741, "delta": 41.840571}}
{"target": 0.08830297800997498, "params": {"alphas0": 0.07649578080836328, "alphas1": 39.22916807560993, "alphas10": 2.5013755844763885, "alphas11": 12.894622511151624, "alphas12": 27.298029335215706, "alphas13": 33.45430675590769, "alphas14": 39.97291457117405, "alphas2": 11.284858386500094, "alphas3": 30.71566862039013, "alphas4": 38.38560619980231, "alphas5": 39.96113007467324, "alphas6": 4.217480811232033, "alphas7": 21.01201020676392, "alphas8": 1.996141962641147, "alphas9": 36.55416696547255}, "datetime": {"datetime": "2018-12-20 15:55:03", "elapsed": 5388.369323, "delta": 40.267582}}
{"target": 0.08805455976117345, "params": {"alphas0": 0.6877188839664594, "alphas1": 37.42211409297945, "alphas10": 1.9955156708319421, "alphas11": 12.01903355509867, "alphas12": 38.641691938007945, "alphas13": 34.15989266554391, "alphas14": 33.045397742014885, "alphas2": 31.46252404394317, "alphas3": 4.7505939461919855, "alphas4": 1.4688445122544769, "alphas5": 4.895325568943387, "alphas6": 6.789435480312123, "alphas7": 19.706794630483056, "alphas8": 0.6108366039198554, "alphas9": 39.24293845144085}, "datetime": {"datetime": "2018-12-20 15:55:43", "elapsed": 5429.038376, "delta": 40.669053}}
{"target": 0.08847538397279785, "params": {"alphas0": 0.7287644997953491, "alphas1": 35.2441273919583, "alphas10": 0.39575524601770606, "alphas11": 21.78863693147276, "alphas12": 35.71604096222093, "alphas13": 38.76493246488177, "alphas14": 30.70183974209581, "alphas2": 2.4699703642455617, "alphas3": 11.454241869276597, "alphas4": 34.29254038758351, "alphas5": 12.061522998984993, "alphas6": 22.656778044289187, "alphas7": 5.155726454987248, "alphas8": 4.67915501870416, "alphas9": 39.26365626824224}, "datetime": {"datetime": "2018-12-20 15:56:24", "elapsed": 5469.890741, "delta": 40.852365}}
{"target": 0.0882852022381641, "params": {"alphas0": 2.3309014783853144, "alphas1": 37.79796809146593, "alphas10": 1.138160695088155, "alphas11": 21.978009520713368, "alphas12": 19.44506252221617, "alphas13": 37.41281750965049, "alphas14": 32.203680503446115, "alphas2": 7.243500865517398, "alphas3": 38.236945409999244, "alphas4": 4.122933367638848, "alphas5": 17.475109416667735, "alphas6": 8.87716847020033, "alphas7": 19.451849661350067, "alphas8": 0.5554127008189225, "alphas9": 36.248252199846256}, "datetime": {"datetime": "2018-12-20 15:57:06", "elapsed": 5511.580323, "delta": 41.689582}}
{"target": 0.08847981916210564, "params": {"alphas0": 0.8927312827979339, "alphas1": 31.316830665182444, "alphas10": 3.0420029094025303, "alphas11": 12.687311634860382, "alphas12": 27.68171674708502, "alphas13": 39.31763420517411, "alphas14": 31.723422046010565, "alphas2": 18.18292342196778, "alphas3": 34.75775235969866, "alphas4": 36.57606737704259, "alphas5": 33.895852757701086, "alphas6": 8.23735283474591, "alphas7": 1.6037224323677446, "alphas8": 1.516876259297768, "alphas9": 38.05114533830007}, "datetime": {"datetime": "2018-12-20 15:57:48", "elapsed": 5553.570483, "delta": 41.99016}}
{"target": 0.08835822732203973, "params": {"alphas0": 2.49723926105204, "alphas1": 31.621461098301815, "alphas10": 3.770386953002638, "alphas11": 0.3185950300102647, "alphas12": 6.915830062401205, "alphas13": 38.8479923634848, "alphas14": 13.353057926933891, "alphas2": 3.668970486891885, "alphas3": 2.5432524540177415, "alphas4": 36.59119202060048, "alphas5": 27.95526793556483, "alphas6": 38.0061580793396, "alphas7": 38.76938355262161, "alphas8": 1.1470618907721297, "alphas9": 38.648006340016124}, "datetime": {"datetime": "2018-12-20 15:58:29", "elapsed": 5594.973659, "delta": 41.403176}}
{"target": 0.08835799078868264, "params": {"alphas0": 3.1044732240729545, "alphas1": 4.262079949849591, "alphas10": 7.6768881229177, "alphas11": 1.2927187971490595, "alphas12": 5.148581498864733, "alphas13": 39.34819165484064, "alphas14": 34.47684405756016, "alphas2": 17.577626809258973, "alphas3": 10.880757894452202, "alphas4": 28.845679541328515, "alphas5": 7.046747183541293, "alphas6": 33.79657851609355, "alphas7": 8.991529551618171, "alphas8": 2.4087108846851724, "alphas9": 39.40675125991741}, "datetime": {"datetime": "2018-12-20 15:59:11", "elapsed": 5636.315963, "delta": 41.342304}}
{"target": 0.08769570100551059, "params": {"alphas0": 2.5778509243662784, "alphas1": 3.0860340700160727, "alphas10": 0.4056235304597777, "alphas11": 4.536426830201208, "alphas12": 35.1931738061196, "alphas13": 39.54126645711968, "alphas14": 24.847585653745096, "alphas2": 8.524887616803603, "alphas3": 20.200496825776213, "alphas4": 14.168553230717883, "alphas5": 36.35275557627978, "alphas6": 35.621701935238804, "alphas7": 39.28270567515293, "alphas8": 0.04544833879610799, "alphas9": 34.92354281299368}, "datetime": {"datetime": "2018-12-20 15:59:53", "elapsed": 5678.908793, "delta": 42.59283}}
{"target": 0.08793130549185096, "params": {"alphas0": 19.356175499766614, "alphas1": 38.79604366991292, "alphas10": 1.819057193788387, "alphas11": 3.3287902016971405, "alphas12": 35.225001200671905, "alphas13": 39.796552808919984, "alphas14": 39.34269916953782, "alphas2": 6.410484321476146, "alphas3": 32.87535762160044, "alphas4": 27.7475923367254, "alphas5": 39.71928660278623, "alphas6": 6.640436791359061, "alphas7": 9.2937998303278, "alphas8": 1.1197735282392385, "alphas9": 39.024170631739814}, "datetime": {"datetime": "2018-12-20 16:00:37", "elapsed": 5722.421856, "delta": 43.513063}}
{"target": 0.08786775297678238, "params": {"alphas0": 1.694206727265808, "alphas1": 18.021406918003947, "alphas10": 2.0261480197801074, "alphas11": 5.117220026869966, "alphas12": 12.631612318467397, "alphas13": 38.820068088481705, "alphas14": 5.223965160255393, "alphas2": 6.7425525716590995, "alphas3": 38.742520280717, "alphas4": 24.78533519679598, "alphas5": 33.3488071836694, "alphas6": 7.583070636539224, "alphas7": 38.497303518395064, "alphas8": 0.6781310175449073, "alphas9": 36.35659969987532}, "datetime": {"datetime": "2018-12-20 16:01:19", "elapsed": 5764.641003, "delta": 42.219147}}
{"target": 0.08827130250246673, "params": {"alphas0": 3.711417071878129, "alphas1": 33.9331951298052, "alphas10": 3.2237827071196934, "alphas11": 10.217226656874514, "alphas12": 39.969195410623065, "alphas13": 39.02251246589958, "alphas14": 35.670500722783196, "alphas2": 36.92204741242558, "alphas3": 35.53485865523391, "alphas4": 8.200689948395222, "alphas5": 9.177312483542313, "alphas6": 10.84120414264634, "alphas7": 23.601014271150905, "alphas8": 0.5466258365707644, "alphas9": 32.658758357080515}, "datetime": {"datetime": "2018-12-20 16:02:01", "elapsed": 5807.074645, "delta": 42.433642}}
{"target": 0.08839034765235705, "params": {"alphas0": 2.5693477572437473, "alphas1": 13.813962911020607, "alphas10": 3.196527370085427, "alphas11": 10.133615274941196, "alphas12": 39.87388546394847, "alphas13": 35.17404609216505, "alphas14": 39.38523362904899, "alphas2": 33.93625596368329, "alphas3": 2.504191044702986, "alphas4": 3.300805045502413, "alphas5": 4.64471008914733, "alphas6": 1.5696893389736388, "alphas7": 38.65784296818798, "alphas8": 2.4052259442246227, "alphas9": 35.11645136379744}, "datetime": {"datetime": "2018-12-20 16:02:44", "elapsed": 5849.976279, "delta": 42.901634}}
{"target": 0.08831993294479562, "params": {"alphas0": 4.145154482061009, "alphas1": 26.506533592983367, "alphas10": 3.70139096028383, "alphas11": 32.83271953286405, "alphas12": 38.40944642908831, "alphas13": 33.72668820337816, "alphas14": 20.234442713306812, "alphas2": 19.06577616989682, "alphas3": 36.86373474121769, "alphas4": 27.4163545365195, "alphas5": 10.14946586832647, "alphas6": 6.814904518122478, "alphas7": 37.86732303147715, "alphas8": 0.0461769943874879, "alphas9": 39.83944387749974}, "datetime": {"datetime": "2018-12-20 16:03:27", "elapsed": 5892.964919, "delta": 42.98864}}
{"target": 0.08820137197438718, "params": {"alphas0": 4.169389049141383, "alphas1": 24.12237390742542, "alphas10": 0.789567398789246, "alphas11": 27.32110394695491, "alphas12": 1.694392869651602, "alphas13": 38.501899744656164, "alphas14": 39.1119879653875, "alphas2": 3.7735354992041437, "alphas3": 30.636961671872353, "alphas4": 15.305759618567283, "alphas5": 4.0792997550289645, "alphas6": 0.4943484402099996, "alphas7": 8.517862851073822, "alphas8": 3.189659325747156, "alphas9": 24.27266688449326}, "datetime": {"datetime": "2018-12-20 16:04:10", "elapsed": 5935.276109, "delta": 42.31119}}
{"target": 0.08779878505462337, "params": {"alphas0": 1.905511273138596, "alphas1": 0.6593395317805051, "alphas10": 2.340463533191297, "alphas11": 37.38677869997675, "alphas12": 31.36663196103212, "alphas13": 34.95737914250373, "alphas14": 34.08185668477037, "alphas2": 17.692316376885945, "alphas3": 37.52405675985055, "alphas4": 18.351463796574823, "alphas5": 38.00842674717516, "alphas6": 5.583952957891016, "alphas7": 37.20059269690458, "alphas8": 1.6158725066992297, "alphas9": 32.022622175471064}, "datetime": {"datetime": "2018-12-20 16:04:54", "elapsed": 5979.189682, "delta": 43.913573}}
{"target": 0.08834724013313165, "params": {"alphas0": 5.534515913857736, "alphas1": 25.785971149402386, "alphas10": 0.13982111841888578, "alphas11": 16.809113205466595, "alphas12": 25.939674932854587, "alphas13": 39.21818158389274, "alphas14": 3.1243434449165264, "alphas2": 6.8579635538854955, "alphas3": 30.744264334043173, "alphas4": 0.9238674228865973, "alphas5": 0.9567365131031869, "alphas6": 2.4480894413536847, "alphas7": 33.37429677258851, "alphas8": 0.5450152729520719, "alphas9": 37.41793781834392}, "datetime": {"datetime": "2018-12-20 16:05:37", "elapsed": 6022.923022, "delta": 43.73334}}
{"target": 0.08856035611701317, "params": {"alphas0": 1.4674347127733611, "alphas1": 39.93815638722124, "alphas10": 0.8138141518871578, "alphas11": 39.47216482331528, "alphas12": 36.83169181859059, "alphas13": 38.419064704022176, "alphas14": 13.153028666773299, "alphas2": 10.960291851873816, "alphas3": 5.079539441701031, "alphas4": 36.01713547657089, "alphas5": 31.27473898021004, "alphas6": 8.46665606443449, "alphas7": 29.83926758073156, "alphas8": 5.640407877247271, "alphas9": 37.58302521753582}, "datetime": {"datetime": "2018-12-20 16:06:21", "elapsed": 6066.624509, "delta": 43.701487}}
{"target": 0.08832689569533872, "params": {"alphas0": 0.06463769398846075, "alphas1": 39.69651720114402, "alphas10": 2.0120723415726394, "alphas11": 6.0266977325113436, "alphas12": 38.96663782991191, "alphas13": 36.821076641205316, "alphas14": 34.459604883973626, "alphas2": 38.40821508081036, "alphas3": 17.93863065167804, "alphas4": 0.01787229751090358, "alphas5": 27.260505069219512, "alphas6": 11.731256770551033, "alphas7": 30.219221175464295, "alphas8": 2.4932359195324105, "alphas9": 36.05474135298461}, "datetime": {"datetime": "2018-12-20 16:07:02", "elapsed": 6107.714851, "delta": 41.090342}}
{"target": 0.08834046718614087, "params": {"alphas0": 1.89397261363065, "alphas1": 39.95623357404164, "alphas10": 7.83163285136804, "alphas11": 36.33588356461043, "alphas12": 38.61815370171342, "alphas13": 38.306505468948764, "alphas14": 37.400722893007824, "alphas2": 0.7511360810218326, "alphas3": 22.756103892049925, "alphas4": 25.262776689774164, "alphas5": 39.41698615590732, "alphas6": 21.481516413347137, "alphas7": 39.94477458864601, "alphas8": 4.40934000047605, "alphas9": 35.321502279663505}, "datetime": {"datetime": "2018-12-20 16:07:45", "elapsed": 6150.880874, "delta": 43.166023}}
{"target": 0.08746038045347186, "params": {"alphas0": 0.8788042325312162, "alphas1": 12.71071089207259, "alphas10": 0.10731029330997899, "alphas11": 38.24458768953634, "alphas12": 27.572215153624967, "alphas13": 16.122903824027183, "alphas14": 31.944472670310745, "alphas2": 9.860308557476113, "alphas3": 35.81716973205194, "alphas4": 37.65360804283808, "alphas5": 24.043992344830865, "alphas6": 38.84340321708332, "alphas7": 37.4714268600006, "alphas8": 1.2735518739689766, "alphas9": 38.371600655673504}, "datetime": {"datetime": "2018-12-20 16:08:27", "elapsed": 6193.068521, "delta": 42.187647}}
{"target": 0.08807466668855934, "params": {"alphas0": 0.8304540319238995, "alphas1": 20.139906666595998, "alphas10": 1.9982951105889057, "alphas11": 30.809290237095112, "alphas12": 28.787703844715345, "alphas13": 36.092051598954285, "alphas14": 37.95171421326109, "alphas2": 32.06630022761452, "alphas3": 38.76408436634355, "alphas4": 38.42616909107871, "alphas5": 17.494201025616704, "alphas6": 21.618381407516974, "alphas7": 37.360051282068575, "alphas8": 1.8687269817411734, "alphas9": 34.189720652239664}, "datetime": {"datetime": "2018-12-20 16:09:10", "elapsed": 6235.651561, "delta": 42.58304}}
{"target": 0.08816537509601981, "params": {"alphas0": 0.49258047359638457, "alphas1": 36.99049783087288, "alphas10": 0.30258336379053397, "alphas11": 20.891315832015543, "alphas12": 1.9162576427735445, "alphas13": 33.332859393470684, "alphas14": 24.776729678835704, "alphas2": 34.40754749426642, "alphas3": 1.0018770012067257, "alphas4": 35.22488545675089, "alphas5": 34.558918784854605, "alphas6": 8.625137665844704, "alphas7": 37.9557635949039, "alphas8": 0.5332224374835492, "alphas9": 31.16015489949649}, "datetime": {"datetime": "2018-12-20 16:09:52", "elapsed": 6277.383017, "delta": 41.731456}}
{"target": 0.08816769057822535, "params": {"alphas0": 2.885318335091389, "alphas1": 22.486608759048345, "alphas10": 0.08286197125385808, "alphas11": 37.02145107125087, "alphas12": 15.899046497333646, "alphas13": 31.3677323730441, "alphas14": 37.157888823367315, "alphas2": 13.286465349847742, "alphas3": 24.770845534992347, "alphas4": 31.030711557126093, "alphas5": 34.32886822315919, "alphas6": 4.094203716036295, "alphas7": 6.110429568661071, "alphas8": 0.5521925525160665, "alphas9": 37.696723584153496}, "datetime": {"datetime": "2018-12-20 16:10:35", "elapsed": 6321.14167, "delta": 43.758653}}
{"target": 0.08816805971560308, "params": {"alphas0": 4.275385010931445, "alphas1": 38.93195621109798, "alphas10": 6.162713055544358, "alphas11": 21.486965632842832, "alphas12": 39.98206039000801, "alphas13": 38.389361100600766, "alphas14": 38.30150477049266, "alphas2": 11.987359144032933, "alphas3": 24.35067489303178, "alphas4": 3.8721002706571417, "alphas5": 38.92823083176139, "alphas6": 16.136058619477154, "alphas7": 17.361480597706333, "alphas8": 0.051066152254524155, "alphas9": 39.4583799668919}, "datetime": {"datetime": "2018-12-20 16:11:18", "elapsed": 6363.333094, "delta": 42.191424}}
{"target": 0.08830951485750599, "params": {"alphas0": 6.061441435710986, "alphas1": 34.27548983501809, "alphas10": 2.2924582154121076, "alphas11": 0.3365759198999907, "alphas12": 16.86506021828677, "alphas13": 36.470893811130466, "alphas14": 29.84412858927296, "alphas2": 28.90904137372815, "alphas3": 1.407216250425325, "alphas4": 34.24465158138417, "alphas5": 36.94900725217508, "alphas6": 8.635910872757142, "alphas7": 29.70309156649314, "alphas8": 0.9844095288122867, "alphas9": 39.190924269264194}, "datetime": {"datetime": "2018-12-20 16:12:00", "elapsed": 6405.291943, "delta": 41.958849}}
{"target": 0.08829766978489127, "params": {"alphas0": 1.283283931728958, "alphas1": 34.01102654891552, "alphas10": 1.3449807899094157, "alphas11": 1.049980672185149, "alphas12": 32.09080839196663, "alphas13": 38.731809235781974, "alphas14": 36.85022048590708, "alphas2": 14.21675692220527, "alphas3": 27.106762909783964, "alphas4": 1.828987055550253, "alphas5": 7.135848118290573, "alphas6": 39.52367731363101, "alphas7": 11.56223221252926, "alphas8": 0.17134643801647087, "alphas9": 36.71020183482782}, "datetime": {"datetime": "2018-12-20 16:12:42", "elapsed": 6447.6972, "delta": 42.405257}}
{"target": 0.08808216809611072, "params": {"alphas0": 11.803619143323898, "alphas1": 28.798595166116915, "alphas10": 0.9555836807198848, "alphas11": 10.341144005725354, "alphas12": 16.29912197751199, "alphas13": 39.25184445303739, "alphas14": 34.19969425271216, "alphas2": 33.79825981118658, "alphas3": 11.35036263354026, "alphas4": 35.12226282418689, "alphas5": 16.769476266071976, "alphas6": 4.752925538562867, "alphas7": 0.949568427243106, "alphas8": 0.6257943814354672, "alphas9": 38.80625261976404}, "datetime": {"datetime": "2018-12-20 16:13:25", "elapsed": 6490.744621, "delta": 43.047421}}
{"target": 0.08824240825502612, "params": {"alphas0": 1.3989047100621654, "alphas1": 29.69216036540277, "alphas10": 0.8385863972976582, "alphas11": 2.953653972383079, "alphas12": 33.938839221020075, "alphas13": 39.282055372517505, "alphas14": 1.7567298004784337, "alphas2": 9.447246976448858, "alphas3": 21.564852317019024, "alphas4": 1.7078311057660356, "alphas5": 19.579668097821468, "alphas6": 26.730350431977495, "alphas7": 37.89112919654675, "alphas8": 0.3197020619840707, "alphas9": 39.345754823537966}, "datetime": {"datetime": "2018-12-20 16:14:10", "elapsed": 6535.563611, "delta": 44.81899}}
{"target": 0.08788624932720514, "params": {"alphas0": 1.1815168620598104, "alphas1": 10.171257075090967, "alphas10": 0.8505501180071873, "alphas11": 5.94302581057478, "alphas12": 2.182175391801291, "alphas13": 19.76997504736037, "alphas14": 39.435414477570234, "alphas2": 24.688149428069423, "alphas3": 6.359651800212092, "alphas4": 11.544411811127087, "alphas5": 37.77551240373094, "alphas6": 1.6426491647221608, "alphas7": 39.65387350314861, "alphas8": 0.2784171185007134, "alphas9": 36.30252034626943}, "datetime": {"datetime": "2018-12-20 16:14:52", "elapsed": 6577.50952, "delta": 41.945909}}
{"target": 0.08806920037813147, "params": {"alphas0": 4.373499532046843, "alphas1": 7.550216786735766, "alphas10": 2.084832610072498, "alphas11": 0.07825998146587132, "alphas12": 32.10560026640886, "alphas13": 31.484026832586256, "alphas14": 37.24354962263945, "alphas2": 1.1736231080937198, "alphas3": 38.357223427795205, "alphas4": 38.63259043721443, "alphas5": 15.078246175336023, "alphas6": 0.5398906056763897, "alphas7": 11.915805818093927, "alphas8": 1.0217867963416172, "alphas9": 33.23710786365611}, "datetime": {"datetime": "2018-12-20 16:15:36", "elapsed": 6621.416826, "delta": 43.907306}}
{"target": 0.08787099810119797, "params": {"alphas0": 10.626106684528839, "alphas1": 38.796781286330024, "alphas10": 4.027283988836761, "alphas11": 33.410933824981484, "alphas12": 1.8595441491173892, "alphas13": 29.275902638688564, "alphas14": 38.28254991526872, "alphas2": 37.702231390634424, "alphas3": 38.528537856938094, "alphas4": 29.474282249825823, "alphas5": 28.527448486319166, "alphas6": 2.9032133597166965, "alphas7": 32.31277515086564, "alphas8": 0.10910185923433513, "alphas9": 39.92974012782423}, "datetime": {"datetime": "2018-12-20 16:16:19", "elapsed": 6664.764314, "delta": 43.347488}}
{"target": 0.0884239034898671, "params": {"alphas0": 14.567523743155547, "alphas1": 27.090635196509957, "alphas10": 1.5067381296056714, "alphas11": 28.58836632738081, "alphas12": 35.9100197234677, "alphas13": 38.89489379806293, "alphas14": 37.80296079717763, "alphas2": 4.968317408081049, "alphas3": 12.291495644329956, "alphas4": 11.665298260260219, "alphas5": 27.65922313019623, "alphas6": 39.78182349336123, "alphas7": 31.303642796160943, "alphas8": 0.1491459232327541, "alphas9": 37.35471312787454}, "datetime": {"datetime": "2018-12-20 16:17:01", "elapsed": 6706.757435, "delta": 41.993121}}
