{"target": 0.08770465719903182, "params": {"alphas0": 3.0730294339250275, "alphas1": 39.03845890054327, "alphas10": 3.168245840836672, "alphas11": 27.61419664401324, "alphas12": 37.63424953368223, "alphas13": 13.479441624021433, "alphas14": 37.93924478887281, "alphas2": 0.7529493333651871, "alphas3": 29.74816508053963, "alphas4": 4.8823272248538885, "alphas5": 14.034216728603223, "alphas6": 2.967790839219049, "alphas7": 35.18035770340768, "alphas8": 0.413273271029313, "alphas9": 29.80234913314222}, "datetime": {"datetime": "2018-12-20 15:04:26", "elapsed": 2351.722165, "delta": 36.930361}}
{"target": 0.0882775732210949, "params": {"alphas0": 6.218644786313843, "alphas1": 34.730172096823374, "alphas10": 2.3911050706524195, "alphas11": 4.664934675759076, "alphas12": 8.550909947583945, "alphas13": 38.37013448454614, "alphas14": 38.80165035156086, "alphas2": 31.956871372687857, "alphas3": 31.33784511107595, "alphas4": 33.2825803396119, "alphas5": 37.48396274775871, "alphas6": 36.596390945518735, "alphas7": 30.82732875622584, "alphas8": 5.285239865334952, "alphas9": 36.08779711960593}, "datetime": {"datetime": "2018-12-20 15:05:04", "elapsed": 2389.220219, "delta": 37.498054}}
{"target": 0.08804533501017418, "params": {"alphas0": 2.8824061159645797, "alphas1": 22.767265735863646, "alphas10": 6.252357761376799, "alphas11": 38.63829434320384, "alphas12": 37.56736239957221, "alphas13": 39.794562434018445, "alphas14": 7.7646151276738395, "alphas2": 5.720862142784808, "alphas3": 36.16324468560172, "alphas4": 31.252436771434358, "alphas5": 29.61486298357203, "alphas6": 1.4753109403775966, "alphas7": 36.43963178061152, "alphas8": 0.32190154166326757, "alphas9": 39.07903605644211}, "datetime": {"datetime": "2018-12-20 15:05:42", "elapsed": 2428.001613, "delta": 38.781394}}
{"target": 0.08817951475821503, "params": {"alphas0": 0.05391608212753418, "alphas1": 34.464069493936705, "alphas10": 3.2011375981561674, "alphas11": 18.427430265052568, "alphas12": 20.78694601868918, "alphas13": 35.115176229967915, "alphas14": 35.24926963740682, "alphas2": 35.032217245008084, "alphas3": 19.535892841037356, "alphas4": 37.10517172343884, "alphas5": 0.7274318107209377, "alphas6": 38.96745255364038, "alphas7": 39.891049317575906, "alphas8": 1.6392651869143249, "alphas9": 31.215286590083867}, "datetime": {"datetime": "2018-12-20 15:06:20", "elapsed": 2465.32828, "delta": 37.326667}}
{"target": 0.08814875657834768, "params": {"alphas0": 2.429985896543121, "alphas1": 39.171628056575784, "alphas10": 8.256815438416766, "alphas11": 2.606367796980229, "alphas12": 0.6351297679476353, "alphas13": 38.17204251489913, "alphas14": 32.31504213186391, "alphas2": 11.731277029607652, "alphas3": 29.431425793942836, "alphas4": 37.869116943111564, "alphas5": 28.55400054211207, "alphas6": 6.414973150203833, "alphas7": 32.06596684860489, "alphas8": 0.4136187686955273, "alphas9": 39.07414219485544}, "datetime": {"datetime": "2018-12-20 15:06:57", "elapsed": 2502.558613, "delta": 37.230333}}
{"target": 0.08813905353513668, "params": {"alphas0": 8.195677420745145, "alphas1": 36.73160155178148, "alphas10": 0.8151211307119377, "alphas11": 2.4228419189897066, "alphas12": 36.85002215184953, "alphas13": 37.971540776257726, "alphas14": 28.24579078027345, "alphas2": 4.696753274396137, "alphas3": 35.88921617629761, "alphas4": 33.1197293762412, "alphas5": 35.88938960688852, "alphas6": 14.386043920460567, "alphas7": 7.187700246173407, "alphas8": 1.3233438275442921, "alphas9": 25.145564781215434}, "datetime": {"datetime": "2018-12-20 15:07:34", "elapsed": 2539.84534, "delta": 37.286727}}
{"target": 0.08803496140516398, "params": {"alphas0": 3.9106726911984824, "alphas1": 4.591308121424378, "alphas10": 1.2885163655941323, "alphas11": 28.638938733890626, "alphas12": 29.93850237836235, "alphas13": 39.0795416345495, "alphas14": 36.88131135156608, "alphas2": 2.4990288990832843, "alphas3": 13.307424689896404, "alphas4": 7.443947857985567, "alphas5": 36.270863530419575, "alphas6": 35.225574192325574, "alphas7": 34.13134090246099, "alphas8": 1.7963636848455078, "alphas9": 26.081364214541665}, "datetime": {"datetime": "2018-12-20 15:08:12", "elapsed": 2577.220803, "delta": 37.375463}}
{"target": 0.08830884554121046, "params": {"alphas0": 1.3103149636658973, "alphas1": 37.46579290002869, "alphas10": 0.7378935601586267, "alphas11": 10.120116431411589, "alphas12": 20.859954217979183, "alphas13": 33.23123347312871, "alphas14": 24.21007161962262, "alphas2": 2.0569016443069277, "alphas3": 0.6009090368672698, "alphas4": 10.29898159108495, "alphas5": 20.57926878000641, "alphas6": 22.151053912512012, "alphas7": 38.49800128886618, "alphas8": 0.0007028908802952927, "alphas9": 37.83117757633978}, "datetime": {"datetime": "2018-12-20 15:08:49", "elapsed": 2614.63893, "delta": 37.418127}}
{"target": 0.08669689937189072, "params": {"alphas0": 8.752150545690643, "alphas1": 39.19088063205909, "alphas10": 1.7995851544128616, "alphas11": 34.90786199546709, "alphas12": 1.9420670610133328, "alphas13": 35.70199259672987, "alphas14": 33.83715907269884, "alphas2": 1.4734090012481094, "alphas3": 2.0039030485298337, "alphas4": 1.9185119337988032, "alphas5": 23.556851903046354, "alphas6": 25.656834261739775, "alphas7": 34.2510277117652, "alphas8": 0.6566150655848402, "alphas9": 1.3213695408814408}, "datetime": {"datetime": "2018-12-20 15:09:28", "elapsed": 2653.55252, "delta": 38.91359}}
{"target": 0.0880199032010409, "params": {"alphas0": 10.415681016352387, "alphas1": 33.041430793153594, "alphas10": 2.415423355680093, "alphas11": 1.0196124148734897, "alphas12": 30.048588578167372, "alphas13": 35.65817185093895, "alphas14": 39.39782246765688, "alphas2": 38.95969877857802, "alphas3": 18.561357932924636, "alphas4": 29.231899957148006, "alphas5": 12.78245246052029, "alphas6": 2.9216229461224996, "alphas7": 34.0444215710686, "alphas8": 0.6363039218427424, "alphas9": 35.97508411674951}, "datetime": {"datetime": "2018-12-20 15:10:06", "elapsed": 2691.275079, "delta": 37.722559}}
{"target": 0.08812495844262629, "params": {"alphas0": 8.05146392565133, "alphas1": 27.932020352085996, "alphas10": 0.6823346764325589, "alphas11": 0.7947449962604258, "alphas12": 33.67269273016644, "alphas13": 39.883985935462334, "alphas14": 36.117615596357695, "alphas2": 26.332209706068156, "alphas3": 11.431390751184543, "alphas4": 39.66415816052129, "alphas5": 31.077015344632596, "alphas6": 38.83330980481845, "alphas7": 34.956243896144485, "alphas8": 1.737911942297643, "alphas9": 29.70616888898882}, "datetime": {"datetime": "2018-12-20 15:10:44", "elapsed": 2729.244547, "delta": 37.969468}}
{"target": 0.08742421372771095, "params": {"alphas0": 24.178636332963475, "alphas1": 39.78170198076258, "alphas10": 18.71958086612626, "alphas11": 31.953121232370304, "alphas12": 0.6244324568524728, "alphas13": 39.143371618711626, "alphas14": 39.612531750536995, "alphas2": 1.4447517651134767, "alphas3": 17.728173453561933, "alphas4": 38.01477975422581, "alphas5": 37.510236783447326, "alphas6": 4.892295644354547, "alphas7": 33.824788953988566, "alphas8": 0.7417127030316673, "alphas9": 39.516031722749}, "datetime": {"datetime": "2018-12-20 15:11:22", "elapsed": 2767.338989, "delta": 38.094442}}
{"target": 0.08800698272168257, "params": {"alphas0": 0.8020985315831641, "alphas1": 13.39042745561651, "alphas10": 1.204099024342895, "alphas11": 7.314629145958853, "alphas12": 29.145784222580975, "alphas13": 36.17630228912863, "alphas14": 36.208549937820834, "alphas2": 3.0503017220282924, "alphas3": 14.726001281372735, "alphas4": 31.755688850218235, "alphas5": 26.87531673105187, "alphas6": 37.752254270042116, "alphas7": 35.32691890120956, "alphas8": 1.1441350161421138, "alphas9": 33.28210527013013}, "datetime": {"datetime": "2018-12-20 15:11:59", "elapsed": 2804.848529, "delta": 37.50954}}
{"target": 0.08834285900930436, "params": {"alphas0": 2.8109336608536495, "alphas1": 38.91979645185157, "alphas10": 3.282436514609066, "alphas11": 26.557281990691834, "alphas12": 0.09392016666197822, "alphas13": 35.40788546547936, "alphas14": 35.201986323661906, "alphas2": 24.58255196117641, "alphas3": 24.49698306795202, "alphas4": 25.353139100041112, "alphas5": 39.033611382989136, "alphas6": 9.576436517829578, "alphas7": 39.38800198251758, "alphas8": 2.951521201215228, "alphas9": 36.6429207852362}, "datetime": {"datetime": "2018-12-20 15:12:38", "elapsed": 2843.881768, "delta": 39.033239}}
{"target": 0.08806669660009016, "params": {"alphas0": 3.370406186994659, "alphas1": 11.63339276048983, "alphas10": 3.2711339380128246, "alphas11": 5.470823695969966, "alphas12": 23.484427765015678, "alphas13": 39.924016086358975, "alphas14": 37.263523124135666, "alphas2": 3.662754692968644, "alphas3": 33.183334469033, "alphas4": 38.388463430511585, "alphas5": 17.12302324222085, "alphas6": 31.244322606515993, "alphas7": 33.79921459260582, "alphas8": 2.284346430205937, "alphas9": 39.54761456580461}, "datetime": {"datetime": "2018-12-20 15:13:15", "elapsed": 2880.477542, "delta": 36.595774}}
{"target": 0.08848797243016746, "params": {"alphas0": 4.009227262899331, "alphas1": 19.29565441804033, "alphas10": 2.6529429640099123, "alphas11": 24.653669279412767, "alphas12": 38.81492728723309, "alphas13": 39.893957145738156, "alphas14": 27.10122064296514, "alphas2": 0.21783239520567044, "alphas3": 10.893356988746374, "alphas4": 32.15576389321825, "alphas5": 36.641879310820975, "alphas6": 38.032245872731515, "alphas7": 4.436844714662471, "alphas8": 0.5245240923386651, "alphas9": 32.086465513475936}, "datetime": {"datetime": "2018-12-20 15:13:52", "elapsed": 2917.341383, "delta": 36.863841}}
{"target": 0.08792310117685953, "params": {"alphas0": 24.05838817679683, "alphas1": 36.059927394792176, "alphas10": 4.390280113133467, "alphas11": 25.008181614187585, "alphas12": 6.04662503626455, "alphas13": 39.878895022104885, "alphas14": 39.07922073929571, "alphas2": 27.98207602783108, "alphas3": 34.96989731381037, "alphas4": 24.036131577683875, "alphas5": 36.405380301422746, "alphas6": 37.07339107125501, "alphas7": 33.45830003450319, "alphas8": 0.5479573998155551, "alphas9": 38.625160329477325}, "datetime": {"datetime": "2018-12-20 15:14:31", "elapsed": 2956.311013, "delta": 38.96963}}
{"target": 0.0883257716702432, "params": {"alphas0": 5.781701785587563, "alphas1": 12.895433047561324, "alphas10": 1.0197404809460586, "alphas11": 6.649434555075904, "alphas12": 28.63589412025737, "alphas13": 35.287592259098986, "alphas14": 39.63391127649852, "alphas2": 12.863182227015194, "alphas3": 1.9534661027156686, "alphas4": 10.882671155354902, "alphas5": 39.66755777248512, "alphas6": 20.351706651134226, "alphas7": 16.782531529510045, "alphas8": 0.9286477508555757, "alphas9": 39.97218225646987}, "datetime": {"datetime": "2018-12-20 15:15:08", "elapsed": 2993.482553, "delta": 37.17154}}
{"target": 0.08842881815758172, "params": {"alphas0": 7.058952604756112, "alphas1": 24.318847795331322, "alphas10": 1.5947104814167012, "alphas11": 0.7321623204289374, "alphas12": 30.256644100215382, "alphas13": 38.48256700992358, "alphas14": 34.49269589989611, "alphas2": 0.899677665039138, "alphas3": 39.04997956840377, "alphas4": 2.9795599637107584, "alphas5": 35.569223751084984, "alphas6": 35.15849208206618, "alphas7": 10.408101381387684, "alphas8": 3.1000436557851607, "alphas9": 36.186423531035494}, "datetime": {"datetime": "2018-12-20 15:15:46", "elapsed": 3031.18271, "delta": 37.700157}}
{"target": 0.08832989859266285, "params": {"alphas0": 0.5092673898957356, "alphas1": 36.556104075770854, "alphas10": 3.1719255909092103, "alphas11": 32.67686597087352, "alphas12": 32.05543188056785, "alphas13": 34.22835857642925, "alphas14": 29.622069568885717, "alphas2": 0.6567015277968968, "alphas3": 28.629795706902502, "alphas4": 38.82127506588547, "alphas5": 37.94543455320956, "alphas6": 21.74464898717615, "alphas7": 11.744359111243735, "alphas8": 2.8298063246290273, "alphas9": 32.254809374615604}, "datetime": {"datetime": "2018-12-20 15:16:23", "elapsed": 3068.512482, "delta": 37.329772}}
{"target": 0.08671718118799794, "params": {"alphas0": 2.71092402889229, "alphas1": 37.93004049078743, "alphas10": 38.652397825427066, "alphas11": 2.6311009262848595, "alphas12": 33.88904928595285, "alphas13": 34.342882819907004, "alphas14": 39.277181353251976, "alphas2": 5.677240091939297, "alphas3": 15.360447858795672, "alphas4": 39.46738618578745, "alphas5": 0.719660145612262, "alphas6": 39.86820092137333, "alphas7": 30.489706515973083, "alphas8": 0.40333368255622837, "alphas9": 33.161918688584116}, "datetime": {"datetime": "2018-12-20 15:17:00", "elapsed": 3105.329199, "delta": 36.816717}}
{"target": 0.0880636692234636, "params": {"alphas0": 2.1994964130864636, "alphas1": 24.477371787545774, "alphas10": 3.561938862746352, "alphas11": 3.3208537797494975, "alphas12": 5.716418408310608, "alphas13": 31.39811067847578, "alphas14": 39.12986387052158, "alphas2": 3.4209082074404495, "alphas3": 6.774781254978217, "alphas4": 18.131782205995442, "alphas5": 36.970267034190364, "alphas6": 38.04301840932651, "alphas7": 39.16607199840253, "alphas8": 7.112030801753106, "alphas9": 37.28554842485659}, "datetime": {"datetime": "2018-12-20 15:17:38", "elapsed": 3143.320334, "delta": 37.991135}}
{"target": 0.08712442076391615, "params": {"alphas0": 1.067283299066828, "alphas1": 24.983261712825424, "alphas10": 35.95225955468493, "alphas11": 27.823515001505204, "alphas12": 38.70474686550561, "alphas13": 37.72399439689835, "alphas14": 37.057914553616044, "alphas2": 20.29590146747196, "alphas3": 39.75032599085901, "alphas4": 28.651604706537658, "alphas5": 32.35959132596203, "alphas6": 38.05186814448196, "alphas7": 39.57470002551887, "alphas8": 0.9430039253055078, "alphas9": 33.85469065474464}, "datetime": {"datetime": "2018-12-20 15:18:16", "elapsed": 3181.989416, "delta": 38.669082}}
{"target": 0.08743205469582412, "params": {"alphas0": 1.2867676741027845, "alphas1": 1.1428299712078038, "alphas10": 0.59265116900443, "alphas11": 29.882788479257915, "alphas12": 26.95147106551989, "alphas13": 34.4363171673441, "alphas14": 39.20943947140861, "alphas2": 38.98871329358692, "alphas3": 36.537816326710505, "alphas4": 8.255068005111589, "alphas5": 39.63529582011189, "alphas6": 20.54496613783902, "alphas7": 9.35608263772866, "alphas8": 4.274292000321536, "alphas9": 35.433827495900054}, "datetime": {"datetime": "2018-12-20 15:18:54", "elapsed": 3219.243598, "delta": 37.254182}}
{"target": 0.08818043084035271, "params": {"alphas0": 4.449705888017905, "alphas1": 38.503240525873196, "alphas10": 6.151753077847286, "alphas11": 22.909264378153576, "alphas12": 10.462133323877598, "alphas13": 39.89421237193598, "alphas14": 19.91117518004868, "alphas2": 15.856817056477768, "alphas3": 4.753063434689353, "alphas4": 6.9006423999985245, "alphas5": 35.95036208824338, "alphas6": 1.961350919155267, "alphas7": 37.618377117749986, "alphas8": 0.6920115904988844, "alphas9": 38.54780049213014}, "datetime": {"datetime": "2018-12-20 15:19:36", "elapsed": 3262.14065, "delta": 42.897052}}
{"target": 0.08820271015122749, "params": {"alphas0": 0.6242470886864693, "alphas1": 33.15349340216208, "alphas10": 4.224486651359944, "alphas11": 20.123183439329154, "alphas12": 37.97249738515841, "alphas13": 35.23072762534677, "alphas14": 37.97332025298437, "alphas2": 0.5033226086181886, "alphas3": 31.88121413793199, "alphas4": 38.43236087083112, "alphas5": 33.33096549077527, "alphas6": 37.056250079127054, "alphas7": 0.5043501996633948, "alphas8": 3.0590799655628897, "alphas9": 17.036789584063918}, "datetime": {"datetime": "2018-12-20 15:20:25", "elapsed": 3310.691249, "delta": 48.550599}}
{"target": 0.08830461806074219, "params": {"alphas0": 3.714994907478162, "alphas1": 28.950646755932592, "alphas10": 1.24428227280585, "alphas11": 6.8211942717884755, "alphas12": 23.121008336657304, "alphas13": 36.636922493678256, "alphas14": 9.478257267299078, "alphas2": 0.18951028890328736, "alphas3": 1.5306539001797814, "alphas4": 34.40321882122638, "alphas5": 7.73068858241162, "alphas6": 8.718604789903384, "alphas7": 39.521488097239825, "alphas8": 0.35788060147083467, "alphas9": 39.040522991443545}, "datetime": {"datetime": "2018-12-20 15:21:07", "elapsed": 3353.074386, "delta": 42.383137}}
{"target": 0.08839300414665262, "params": {"alphas0": 1.08000062821632, "alphas1": 37.27228656934474, "alphas10": 1.5944925903680351, "alphas11": 17.419125521974692, "alphas12": 37.025897860042306, "alphas13": 39.04892568113026, "alphas14": 36.24085446137971, "alphas2": 30.63975592991078, "alphas3": 36.02826467651348, "alphas4": 18.081788773145494, "alphas5": 37.10850655741369, "alphas6": 1.7675066861598765, "alphas7": 7.455753688412714, "alphas8": 4.140419462056335, "alphas9": 36.10877413526453}, "datetime": {"datetime": "2018-12-20 15:21:47", "elapsed": 3392.314065, "delta": 39.239679}}
{"target": 0.0886323055194492, "params": {"alphas0": 2.0355447214635713, "alphas1": 19.893054160059727, "alphas10": 3.1211140432638595, "alphas11": 16.08983080680361, "alphas12": 37.70848479374215, "alphas13": 39.62978619238247, "alphas14": 21.51689582689478, "alphas2": 1.3689069152702382, "alphas3": 32.784279237530534, "alphas4": 5.324251559984012, "alphas5": 37.232120678846094, "alphas6": 6.057053558275918, "alphas7": 0.33302203995080326, "alphas8": 1.847976642446234, "alphas9": 37.649900413233745}, "datetime": {"datetime": "2018-12-20 15:22:41", "elapsed": 3447.151868, "delta": 54.837803}}
{"target": 0.08813419430014828, "params": {"alphas0": 3.024481203760274, "alphas1": 30.274570560040104, "alphas10": 11.250873959168132, "alphas11": 0.1443862896963921, "alphas12": 38.15609125438167, "alphas13": 37.596344957708105, "alphas14": 38.96713960052351, "alphas2": 23.154301604232582, "alphas3": 33.06646716132269, "alphas4": 10.149100121765882, "alphas5": 37.42300933821546, "alphas6": 35.04661800811935, "alphas7": 3.008125367651635, "alphas8": 0.4509963838150899, "alphas9": 35.27499478575516}, "datetime": {"datetime": "2018-12-20 15:23:20", "elapsed": 3485.857822, "delta": 38.705954}}
{"target": 0.0882565537951251, "params": {"alphas0": 2.229038093123754, "alphas1": 25.50791068923557, "alphas10": 5.1126666543984856, "alphas11": 21.11852051608618, "alphas12": 33.67297989062972, "alphas13": 34.89304058628331, "alphas14": 38.691802555789764, "alphas2": 8.702747168747722, "alphas3": 38.86690241225657, "alphas4": 34.45730731841196, "alphas5": 30.59213863219609, "alphas6": 7.590519901099446, "alphas7": 22.002564042262144, "alphas8": 1.41780731944269, "alphas9": 38.47607845592894}, "datetime": {"datetime": "2018-12-20 15:23:59", "elapsed": 3524.848478, "delta": 38.990656}}
{"target": 0.08827671599603812, "params": {"alphas0": 3.38576738702427, "alphas1": 21.807622733129808, "alphas10": 1.2146973408817363, "alphas11": 20.782082156273418, "alphas12": 39.374627144123096, "alphas13": 33.13732051335972, "alphas14": 26.453518862959903, "alphas2": 19.641433074342935, "alphas3": 25.846786172219364, "alphas4": 39.61465057540546, "alphas5": 38.46400190792086, "alphas6": 5.554552139491333, "alphas7": 14.73803189246067, "alphas8": 0.627937148568396, "alphas9": 38.67777178674691}, "datetime": {"datetime": "2018-12-20 15:24:38", "elapsed": 3563.651753, "delta": 38.803275}}
{"target": 0.08838593925855018, "params": {"alphas0": 10.400180964344493, "alphas1": 7.763879813524057, "alphas10": 3.007844651932463, "alphas11": 37.41353182860239, "alphas12": 10.551882489556533, "alphas13": 38.85075596963586, "alphas14": 39.367707377803946, "alphas2": 3.9333347973104127, "alphas3": 26.946512167662704, "alphas4": 35.73312053436188, "alphas5": 37.01444962988697, "alphas6": 4.555872573775841, "alphas7": 10.432691710924882, "alphas8": 0.3174124170891224, "alphas9": 28.516586844325897}, "datetime": {"datetime": "2018-12-20 15:25:16", "elapsed": 3601.843861, "delta": 38.192108}}
{"target": 0.08840159622851226, "params": {"alphas0": 1.5921953475829342, "alphas1": 31.200551828323533, "alphas10": 1.0409521265623356, "alphas11": 4.272729403468771, "alphas12": 27.019477275984137, "alphas13": 38.63771659218493, "alphas14": 34.441867623471076, "alphas2": 4.412277596933487, "alphas3": 2.3070572388513133, "alphas4": 36.6920690835656, "alphas5": 12.845794246436334, "alphas6": 1.1865849094384462, "alphas7": 3.510491587128959, "alphas8": 2.5207802746504537, "alphas9": 33.84050057971146}, "datetime": {"datetime": "2018-12-20 15:25:54", "elapsed": 3639.701597, "delta": 37.857736}}
{"target": 0.08814170741044083, "params": {"alphas0": 2.7070128037112795, "alphas1": 36.26840347108614, "alphas10": 2.6096888602300883, "alphas11": 1.0709352713328757, "alphas12": 28.12096935410242, "alphas13": 35.35590117382568, "alphas14": 32.57618639295116, "alphas2": 36.42005830771404, "alphas3": 25.830796337676315, "alphas4": 38.568169889895955, "alphas5": 3.1642275190337754, "alphas6": 2.8214902202169956, "alphas7": 4.078101868045478, "alphas8": 0.5821389815599298, "alphas9": 37.747915923247376}, "datetime": {"datetime": "2018-12-20 15:26:33", "elapsed": 3678.820199, "delta": 39.118602}}
{"target": 0.08831803080443056, "params": {"alphas0": 5.776934662615805, "alphas1": 18.107578624652856, "alphas10": 1.6316553020109836, "alphas11": 27.046563079471092, "alphas12": 13.383637479868833, "alphas13": 37.24068762086871, "alphas14": 38.90113818504489, "alphas2": 26.525758549068556, "alphas3": 32.40571594899795, "alphas4": 37.12623265880241, "alphas5": 36.54378595409356, "alphas6": 2.0685370647078516, "alphas7": 1.8355873900896658, "alphas8": 1.290811064347821, "alphas9": 38.91237596895929}, "datetime": {"datetime": "2018-12-20 15:27:13", "elapsed": 3718.778834, "delta": 39.958635}}
