{"target": 0.0879931957524687, "params": {"alphas0": 1.026904831801021, "alphas1": 31.303141420596845, "alphas10": 5.09221381882381, "alphas11": 6.415353400797992, "alphas12": 15.476888540252208, "alphas13": 24.79876092931289, "alphas14": 26.527321883159182, "alphas2": 25.0828866519152, "alphas3": 20.333759468119066, "alphas4": 38.616538835285716, "alphas5": 38.03901809527103, "alphas6": 36.093242783854876, "alphas7": 39.4278842014111, "alphas8": 0.48368157817131774, "alphas9": 39.586194005541046}, "datetime": {"datetime": "2018-12-20 15:27:52", "elapsed": 3757.698175, "delta": 38.919341}}
{"target": 0.08837966931406917, "params": {"alphas0": 0.8739405818111523, "alphas1": 12.692806434397053, "alphas10": 2.320246494477032, "alphas11": 11.668179451151065, "alphas12": 0.1150168354700476, "alphas13": 31.887458593753397, "alphas14": 37.32921376028765, "alphas2": 1.4916442968526988, "alphas3": 5.768135422769665, "alphas4": 27.015692416243976, "alphas5": 5.3690835833248896, "alphas6": 4.046900815698109, "alphas7": 38.52962638371751, "alphas8": 0.9959268987629377, "alphas9": 37.570735314674025}, "datetime": {"datetime": "2018-12-20 15:28:32", "elapsed": 3798.031032, "delta": 40.332857}}
{"target": 0.08822369902333334, "params": {"alphas0": 8.599016878992604, "alphas1": 29.703820197053265, "alphas10": 0.37155003757355587, "alphas11": 11.525919376052013, "alphas12": 22.82542729119422, "alphas13": 38.18968709059958, "alphas14": 39.41525168731618, "alphas2": 14.217090275471591, "alphas3": 3.9166729021961277, "alphas4": 33.568622955306324, "alphas5": 9.900202590305769, "alphas6": 38.45943766350209, "alphas7": 28.106349381841838, "alphas8": 0.04932181659243362, "alphas9": 39.082680778676064}, "datetime": {"datetime": "2018-12-20 15:29:13", "elapsed": 3838.40312, "delta": 40.372088}}
{"target": 0.08834963267737582, "params": {"alphas0": 1.1978932264450348, "alphas1": 30.32349924613508, "alphas10": 1.9744347486154235, "alphas11": 2.8453648563262934, "alphas12": 2.743470235508285, "alphas13": 32.249747751982, "alphas14": 22.899291759575465, "alphas2": 4.99154622651004, "alphas3": 32.49978177008455, "alphas4": 29.866471529015634, "alphas5": 37.86354507144074, "alphas6": 1.656476868846064, "alphas7": 8.764430440594904, "alphas8": 1.5447856676084415, "alphas9": 32.320951273146456}, "datetime": {"datetime": "2018-12-20 15:29:53", "elapsed": 3878.557712, "delta": 40.154592}}
{"target": 0.08770852110162713, "params": {"alphas0": 2.3475295879785696, "alphas1": 38.54828170262144, "alphas10": 3.2279229005954813, "alphas11": 2.738702318223778, "alphas12": 35.150911568413335, "alphas13": 38.33308654481914, "alphas14": 35.52948740326567, "alphas2": 2.475530399700805, "alphas3": 9.261762589937227, "alphas4": 27.19744487737743, "alphas5": 37.20228109124336, "alphas6": 14.206523966739253, "alphas7": 8.046025008370536, "alphas8": 1.4555884123671836, "alphas9": 6.3800600115992}, "datetime": {"datetime": "2018-12-20 15:30:33", "elapsed": 3918.566384, "delta": 40.008672}}
{"target": 0.08769515136996418, "params": {"alphas0": 0.4074248257628721, "alphas1": 39.377007367735985, "alphas10": 1.4080512994913486, "alphas11": 12.189449485084666, "alphas12": 0.08408641618572243, "alphas13": 19.475159427788768, "alphas14": 37.82781801234749, "alphas2": 10.153671630626505, "alphas3": 9.509215948594182, "alphas4": 16.225285172818964, "alphas5": 25.312378143125333, "alphas6": 0.4241136557296832, "alphas7": 16.084708407600093, "alphas8": 0.0850988946803799, "alphas9": 39.51555895818937}, "datetime": {"datetime": "2018-12-20 15:31:13", "elapsed": 3958.446799, "delta": 39.880415}}
{"target": 0.08799834810227711, "params": {"alphas0": 5.153946805910223, "alphas1": 38.232284964364716, "alphas10": 8.79060063923962, "alphas11": 6.338555299473354, "alphas12": 0.4783639866713507, "alphas13": 39.416891891147856, "alphas14": 33.998966336130756, "alphas2": 33.34517083991276, "alphas3": 27.117558163864132, "alphas4": 31.783270912454764, "alphas5": 35.57998244904695, "alphas6": 32.3556288147192, "alphas7": 8.667177793599588, "alphas8": 0.07212120162804148, "alphas9": 38.302738298920225}, "datetime": {"datetime": "2018-12-20 15:31:53", "elapsed": 3998.259597, "delta": 39.812798}}
{"target": 0.0882174071561107, "params": {"alphas0": 0.7655258863079073, "alphas1": 28.314232017007775, "alphas10": 0.7281378036906005, "alphas11": 3.52965494210705, "alphas12": 12.497123786657598, "alphas13": 35.736079567278296, "alphas14": 38.427689800602266, "alphas2": 1.3263868545131752, "alphas3": 31.582788400118098, "alphas4": 33.77424026764959, "alphas5": 13.742166023675333, "alphas6": 38.247100946123275, "alphas7": 22.283711284183028, "alphas8": 3.3862657671543905, "alphas9": 39.99178109297545}, "datetime": {"datetime": "2018-12-20 15:32:32", "elapsed": 4037.905824, "delta": 39.646227}}
{"target": 0.08833619233282426, "params": {"alphas0": 3.078699863965193, "alphas1": 36.87768936833195, "alphas10": 5.106849869215737, "alphas11": 36.81880843577456, "alphas12": 32.095478142164325, "alphas13": 39.38862528439988, "alphas14": 39.85824479943062, "alphas2": 34.972236791673986, "alphas3": 12.455194163166773, "alphas4": 9.753791340803875, "alphas5": 29.559476042771273, "alphas6": 0.7096446226827302, "alphas7": 5.104219720421868, "alphas8": 5.170670685919072, "alphas9": 35.9586974371928}, "datetime": {"datetime": "2018-12-20 15:33:12", "elapsed": 4077.203513, "delta": 39.297689}}
{"target": 0.08753977721358504, "params": {"alphas0": 3.6586458612873862, "alphas1": 15.282568004526137, "alphas10": 0.01764799028802333, "alphas11": 27.72888484070945, "alphas12": 5.680753084261911, "alphas13": 19.84403075223744, "alphas14": 33.95346125671759, "alphas2": 6.0688787955452295, "alphas3": 36.37598435161451, "alphas4": 35.58713218447407, "alphas5": 37.53569823405116, "alphas6": 34.72352704263365, "alphas7": 38.136969249823714, "alphas8": 2.979760549268078, "alphas9": 39.726213621445886}, "datetime": {"datetime": "2018-12-20 15:33:51", "elapsed": 4116.894179, "delta": 39.690666}}
{"target": 0.08798664356245342, "params": {"alphas0": 38.89484246941712, "alphas1": 19.99079764901002, "alphas10": 1.8053613694434745, "alphas11": 2.4480740821044966, "alphas12": 29.69922722614774, "alphas13": 39.47472880870911, "alphas14": 37.9114640715282, "alphas2": 2.038653110683075, "alphas3": 37.23134512643919, "alphas4": 12.06802053881316, "alphas5": 36.61384089299802, "alphas6": 10.63756250649297, "alphas7": 22.532910497165055, "alphas8": 4.901325572693764, "alphas9": 38.869190690125016}, "datetime": {"datetime": "2018-12-20 15:34:31", "elapsed": 4156.220007, "delta": 39.325828}}
{"target": 0.08755525690058774, "params": {"alphas0": 1.7843740061740077, "alphas1": 35.376507032501266, "alphas10": 3.3835031682119654, "alphas11": 3.5005934216240098, "alphas12": 26.10110392919857, "alphas13": 7.135700474950042, "alphas14": 39.38418890227102, "alphas2": 7.491318190794538, "alphas3": 8.57467506184828, "alphas4": 37.91373268110478, "alphas5": 39.781958941174274, "alphas6": 9.40484557142284, "alphas7": 23.54750538072357, "alphas8": 0.037107770100055504, "alphas9": 29.855597965836814}, "datetime": {"datetime": "2018-12-20 15:35:09", "elapsed": 4195.03762, "delta": 38.817613}}
{"target": 0.08849626101800974, "params": {"alphas0": 17.082292964548223, "alphas1": 2.6223698320938027, "alphas10": 3.382099386246362, "alphas11": 25.198916728482406, "alphas12": 39.855304337325, "alphas13": 34.11676646607958, "alphas14": 33.35914809068396, "alphas2": 8.47687934516447, "alphas3": 3.4568751011272525, "alphas4": 33.41647176121205, "alphas5": 36.257407582089805, "alphas6": 21.468033242779484, "alphas7": 4.01560879771365, "alphas8": 1.4426400157502206, "alphas9": 36.57907590302276}, "datetime": {"datetime": "2018-12-20 15:35:50", "elapsed": 4235.283142, "delta": 40.245522}}
{"target": 0.08762415609528144, "params": {"alphas0": 5.331026123279892, "alphas1": 32.49327398017722, "alphas10": 0.26989532085566204, "alphas11": 3.4929598616300073, "alphas12": 32.704162789819264, "alphas13": 38.30128106586465, "alphas14": 38.80255847397453, "alphas2": 4.8397440690672155, "alphas3": 26.1783746233562, "alphas4": 10.614409468296868, "alphas5": 6.7143360107939065, "alphas6": 35.69342095368542, "alphas7": 5.285887913880853, "alphas8": 0.07036883671942551, "alphas9": 13.529895706453662}, "datetime": {"datetime": "2018-12-20 15:36:30", "elapsed": 4276.045889, "delta": 40.762747}}
{"target": 0.08759153456671888, "params": {"alphas0": 8.07683212333532, "alphas1": 37.45896295349492, "alphas10": 0.201360782249127, "alphas11": 3.028618281895503, "alphas12": 7.876899645370128, "alphas13": 38.03691455454444, "alphas14": 6.793408747676382, "alphas2": 10.825276130444337, "alphas3": 5.312866073418032, "alphas4": 36.2611678709488, "alphas5": 6.265180525845633, "alphas6": 3.363153512410957, "alphas7": 0.27058325638184666, "alphas8": 1.4001443421278337, "alphas9": 38.06429030767866}, "datetime": {"datetime": "2018-12-20 15:37:09", "elapsed": 4314.98658, "delta": 38.940691}}
{"target": 0.08810380842916585, "params": {"alphas0": 9.932956612009146, "alphas1": 2.021629651412984, "alphas10": 0.6763754510964803, "alphas11": 32.38594197991053, "alphas12": 5.562302174551452, "alphas13": 37.795824670729836, "alphas14": 37.79992689750258, "alphas2": 0.817324787047724, "alphas3": 15.67843720434626, "alphas4": 35.150082636764736, "alphas5": 33.493243627304864, "alphas6": 31.769868967025253, "alphas7": 14.608181216055126, "alphas8": 0.7210346359496755, "alphas9": 31.88113651822183}, "datetime": {"datetime": "2018-12-20 15:37:50", "elapsed": 4355.771335, "delta": 40.784755}}
{"target": 0.08839108389809575, "params": {"alphas0": 11.625030717976376, "alphas1": 0.8048993187456244, "alphas10": 3.3468256789843887, "alphas11": 38.80388452919903, "alphas12": 27.33178108049767, "alphas13": 37.3789852248348, "alphas14": 32.34538023359461, "alphas2": 13.44913758914318, "alphas3": 2.5784676830260578, "alphas4": 29.118011956443514, "alphas5": 34.72728258839668, "alphas6": 17.15023036579329, "alphas7": 2.7554048816683707, "alphas8": 2.219693536746714, "alphas9": 39.39795432166156}, "datetime": {"datetime": "2018-12-20 15:38:29", "elapsed": 4394.593859, "delta": 38.822524}}
{"target": 0.08822060955568556, "params": {"alphas0": 2.575645131471669, "alphas1": 5.693160197993943, "alphas10": 2.0404084535664024, "alphas11": 14.256434471428063, "alphas12": 17.835819147951113, "alphas13": 34.57619849668116, "alphas14": 38.93834915873848, "alphas2": 25.84080646955072, "alphas3": 13.405010459432475, "alphas4": 7.682115296416141, "alphas5": 38.580048756459604, "alphas6": 10.45226191299455, "alphas7": 1.5499710072143502, "alphas8": 0.5528003141986826, "alphas9": 38.16513020968993}, "datetime": {"datetime": "2018-12-20 15:39:11", "elapsed": 4436.788726, "delta": 42.194867}}
{"target": 0.08826367947879929, "params": {"alphas0": 10.73583188561999, "alphas1": 0.08922473316382629, "alphas10": 1.1118030901132103, "alphas11": 36.40985040399576, "alphas12": 38.89772232537444, "alphas13": 29.461228014721854, "alphas14": 39.45351649392015, "alphas2": 1.2287213140064468, "alphas3": 39.21746636159704, "alphas4": 6.460531647945467, "alphas5": 0.5174410794480755, "alphas6": 10.26407859519399, "alphas7": 2.3567358688706053, "alphas8": 0.2466303801121894, "alphas9": 38.46224825063381}, "datetime": {"datetime": "2018-12-20 15:39:51", "elapsed": 4476.920547, "delta": 40.131821}}
{"target": 0.0868194433887346, "params": {"alphas0": 34.69898988846145, "alphas1": 28.863956188544215, "alphas10": 7.7132318943129485, "alphas11": 7.127104205485497, "alphas12": 38.161052626634394, "alphas13": 31.373200367442656, "alphas14": 39.71829185324334, "alphas2": 14.212220605358311, "alphas3": 0.19978969391094115, "alphas4": 11.237648114528334, "alphas5": 39.34853837729844, "alphas6": 0.04771523918242426, "alphas7": 11.920614406818641, "alphas8": 0.7514424012511078, "alphas9": 34.27267520752024}, "datetime": {"datetime": "2018-12-20 15:40:32", "elapsed": 4517.915814, "delta": 40.995267}}
{"target": 0.08757127030940728, "params": {"alphas0": 0.5656307872223687, "alphas1": 39.93958847603376, "alphas10": 12.443288209353511, "alphas11": 19.26603862792302, "alphas12": 38.430920187686176, "alphas13": 33.46347365600211, "alphas14": 38.658061243427646, "alphas2": 0.3113389275891443, "alphas3": 2.631874036577373, "alphas4": 22.916338346278394, "alphas5": 37.24916069403122, "alphas6": 37.14558932318167, "alphas7": 1.2886360603903446, "alphas8": 0.28853219750353265, "alphas9": 17.132423785278064}, "datetime": {"datetime": "2018-12-20 15:41:11", "elapsed": 4557.073945, "delta": 39.158131}}
{"target": 0.0880161899794391, "params": {"alphas0": 1.3419400849170415, "alphas1": 14.791670922181686, "alphas10": 2.9656150463187902, "alphas11": 8.017785860690791, "alphas12": 37.58427956655202, "alphas13": 32.57417278943741, "alphas14": 34.338327231156704, "alphas2": 0.8065225602919135, "alphas3": 35.23388238304706, "alphas4": 30.5866775745389, "alphas5": 33.42646934460801, "alphas6": 0.6745377445805945, "alphas7": 29.079714434208327, "alphas8": 5.021661243759006, "alphas9": 34.33987601199248}, "datetime": {"datetime": "2018-12-20 15:41:54", "elapsed": 4599.301258, "delta": 42.227313}}
{"target": 0.08836765349817108, "params": {"alphas0": 4.124966448733649, "alphas1": 38.54867257922891, "alphas10": 4.956487936075313, "alphas11": 31.8722129627611, "alphas12": 29.485545273671416, "alphas13": 39.48870905438892, "alphas14": 36.94660547137588, "alphas2": 28.19818415612186, "alphas3": 26.941555294700642, "alphas4": 35.646381585175504, "alphas5": 36.238526233831344, "alphas6": 0.9600025878214336, "alphas7": 0.24851717282995178, "alphas8": 5.757116810643397, "alphas9": 33.97326735160999}, "datetime": {"datetime": "2018-12-20 15:42:36", "elapsed": 4641.936758, "delta": 42.6355}}
{"target": 0.08839986607069152, "params": {"alphas0": 0.3225829987661166, "alphas1": 22.39250349953169, "alphas10": 2.2972553769903836, "alphas11": 21.702471866924565, "alphas12": 8.871238634781298, "alphas13": 33.32528345025844, "alphas14": 39.071961601838105, "alphas2": 9.326274376610733, "alphas3": 37.99703100300594, "alphas4": 8.170993262560383, "alphas5": 3.71301034978873, "alphas6": 1.3296892151001716, "alphas7": 22.051803594248437, "alphas8": 1.1985771088641872, "alphas9": 37.268482402840405}, "datetime": {"datetime": "2018-12-20 15:43:18", "elapsed": 4683.535677, "delta": 41.598919}}
{"target": 0.08789366476689453, "params": {"alphas0": 4.807929776923108, "alphas1": 1.582011090159332, "alphas10": 0.8000286436214488, "alphas11": 38.828987276483375, "alphas12": 22.800715558408072, "alphas13": 30.77188370787304, "alphas14": 29.558998726256082, "alphas2": 29.521606300096714, "alphas3": 12.474201382698823, "alphas4": 37.41032498958135, "alphas5": 34.42577456723493, "alphas6": 13.510618700572191, "alphas7": 4.704396765713916, "alphas8": 0.328770805499925, "alphas9": 39.79373821090354}, "datetime": {"datetime": "2018-12-20 15:43:59", "elapsed": 4724.903828, "delta": 41.368151}}
{"target": 0.08828712074488763, "params": {"alphas0": 7.0832331857472175, "alphas1": 3.1283700388121005, "alphas10": 0.8213793829207416, "alphas11": 0.47365783250290505, "alphas12": 33.43144704711162, "alphas13": 38.55761348829479, "alphas14": 32.05653902337651, "alphas2": 5.7313046101432, "alphas3": 1.0249330066416107, "alphas4": 0.28095543216345664, "alphas5": 39.38678313153053, "alphas6": 9.40308990559437, "alphas7": 23.910105389937975, "alphas8": 0.34278677329584895, "alphas9": 11.990786550888286}, "datetime": {"datetime": "2018-12-20 15:44:42", "elapsed": 4767.675457, "delta": 42.771629}}
{"target": 0.08761246587094902, "params": {"alphas0": 0.9079771282539095, "alphas1": 3.304679907719268, "alphas10": 0.5273592767445523, "alphas11": 0.2458095398813276, "alphas12": 34.32545591000126, "alphas13": 34.167372716982484, "alphas14": 34.21204298186277, "alphas2": 1.8260236608689784, "alphas3": 4.171676563574778, "alphas4": 39.78211215404934, "alphas5": 0.9250488953600611, "alphas6": 26.136676882008558, "alphas7": 17.21018712528991, "alphas8": 4.818257679001792, "alphas9": 37.81004703482376}, "datetime": {"datetime": "2018-12-20 15:45:24", "elapsed": 4809.961789, "delta": 42.286332}}
{"target": 0.08769685386448875, "params": {"alphas0": 20.617256823071656, "alphas1": 39.231809643816916, "alphas10": 2.2818572072667687, "alphas11": 38.42378011694005, "alphas12": 38.38187203762489, "alphas13": 39.39696632501096, "alphas14": 35.88701420711984, "alphas2": 0.06401077480139516, "alphas3": 18.947449650988194, "alphas4": 35.68457192141748, "alphas5": 30.7174462954158, "alphas6": 12.224740735208766, "alphas7": 16.349785040631474, "alphas8": 0.6641717789900348, "alphas9": 31.18764900918283}, "datetime": {"datetime": "2018-12-20 15:46:06", "elapsed": 4851.711609, "delta": 41.74982}}
{"target": 0.08836065311405884, "params": {"alphas0": 0.14219096800091702, "alphas1": 29.21643053865087, "alphas10": 2.2555624840076494, "alphas11": 4.0430197528901335, "alphas12": 38.709168148145885, "alphas13": 31.368162726864348, "alphas14": 36.095297346234986, "alphas2": 7.33066014549109, "alphas3": 39.942469913104986, "alphas4": 12.802605514860335, "alphas5": 19.05232761957005, "alphas6": 9.050201911187354, "alphas7": 0.14214983008018933, "alphas8": 0.9447806769532319, "alphas9": 39.1335170534583}, "datetime": {"datetime": "2018-12-20 15:46:48", "elapsed": 4893.183261, "delta": 41.471652}}
{"target": 0.08793967715698524, "params": {"alphas0": 5.609208821963656, "alphas1": 3.334500225865047, "alphas10": 1.0110254008427821, "alphas11": 11.819837635348737, "alphas12": 38.56780565135252, "alphas13": 36.512411146184036, "alphas14": 39.5321757991914, "alphas2": 30.864453350385574, "alphas3": 36.38937627435949, "alphas4": 6.120795670280508, "alphas5": 34.27572686953566, "alphas6": 13.387608866246072, "alphas7": 6.644127661274375, "alphas8": 0.2501616064546086, "alphas9": 12.957134752249821}, "datetime": {"datetime": "2018-12-20 15:47:29", "elapsed": 4934.643751, "delta": 41.46049}}
{"target": 0.08820981554786055, "params": {"alphas0": 17.49044480049394, "alphas1": 23.242653300131888, "alphas10": 2.5851589942674424, "alphas11": 10.754714976619045, "alphas12": 14.517160684724884, "alphas13": 37.95489941406376, "alphas14": 37.57334236444172, "alphas2": 0.7285943063231315, "alphas3": 37.38028539725983, "alphas4": 5.6735226038357345, "alphas5": 38.13696653942093, "alphas6": 2.3674659267520815, "alphas7": 14.768887545414966, "alphas8": 0.530435967667553, "alphas9": 37.94052598612974}, "datetime": {"datetime": "2018-12-20 15:48:10", "elapsed": 4975.259463, "delta": 40.615712}}
{"target": 0.08850975371430542, "params": {"alphas0": 2.06195753660404, "alphas1": 18.14709718901647, "alphas10": 2.410126830011783, "alphas11": 14.46720427507017, "alphas12": 33.29313591032628, "alphas13": 36.38604645699206, "alphas14": 38.90220302765505, "alphas2": 0.10970958137807241, "alphas3": 1.559421901725293, "alphas4": 20.268836531802606, "alphas5": 9.96952448081609, "alphas6": 10.980797918530909, "alphas7": 34.349766613161165, "alphas8": 0.7120056036198941, "alphas9": 35.13368936149878}, "datetime": {"datetime": "2018-12-20 15:48:50", "elapsed": 5016.096155, "delta": 40.836692}}
{"target": 0.08815789438443601, "params": {"alphas0": 1.4999272131972763, "alphas1": 29.18492567899613, "alphas10": 1.2663153343236333, "alphas11": 11.822626915577779, "alphas12": 39.47867697571828, "alphas13": 33.49903895142892, "alphas14": 36.381595862844584, "alphas2": 34.46843668292607, "alphas3": 38.88211885993271, "alphas4": 39.91958564933539, "alphas5": 6.104361857258711, "alphas6": 35.471983754502375, "alphas7": 0.8932037568803297, "alphas8": 1.1846816571303709, "alphas9": 32.18544910817015}, "datetime": {"datetime": "2018-12-20 15:49:33", "elapsed": 5058.276629, "delta": 42.180474}}
{"target": 0.08738755742528398, "params": {"alphas0": 0.3949126635107847, "alphas1": 4.749328134906574, "alphas10": 4.207837413133868, "alphas11": 38.09984441039755, "alphas12": 39.93657411677615, "alphas13": 39.678104374641585, "alphas14": 39.24549660327, "alphas2": 12.557490361390196, "alphas3": 20.562537917972037, "alphas4": 35.828108629438916, "alphas5": 33.84673407277603, "alphas6": 2.203760792645868, "alphas7": 26.495525277494064, "alphas8": 10.205243085936498, "alphas9": 39.543158673804854}, "datetime": {"datetime": "2018-12-20 15:50:15", "elapsed": 5100.88195, "delta": 42.605321}}
{"target": 0.08849770038033439, "params": {"alphas0": 1.9134245875424094, "alphas1": 30.875592914897496, "alphas10": 2.2711235630942284, "alphas11": 34.346806730603284, "alphas12": 23.792768487728036, "alphas13": 39.917382587448515, "alphas14": 26.576834217108146, "alphas2": 28.67329625411847, "alphas3": 32.841611258997894, "alphas4": 13.00354391495472, "alphas5": 36.33169429850409, "alphas6": 8.692711147586172, "alphas7": 29.228735648429932, "alphas8": 0.6649864501458813, "alphas9": 37.48892521875129}, "datetime": {"datetime": "2018-12-20 15:50:56", "elapsed": 5141.899423, "delta": 41.017473}}
{"target": 0.08811027067757093, "params": {"alphas0": 2.072417030872251, "alphas1": 32.259338181221445, "alphas10": 2.892090398789109, "alphas11": 35.81512111225176, "alphas12": 6.794079607573216, "alphas13": 27.446388957690424, "alphas14": 39.8994244625891, "alphas2": 1.8912106236203918, "alphas3": 11.304406210827892, "alphas4": 33.82816024350301, "alphas5": 38.66836547765911, "alphas6": 1.1122626157319981, "alphas7": 33.78296030190753, "alphas8": 7.770809699890693, "alphas9": 38.22108501608351}, "datetime": {"datetime": "2018-12-20 15:51:37", "elapsed": 5183.129609, "delta": 41.230186}}
