{"target": 0.08555983634608934, "params": {"alphas0": 29.4244072876687, "alphas1": 35.32586452028765, "alphas10": 38.58103449369378, "alphas11": 5.501339544257489, "alphas12": 5.76783952890549, "alphas13": 1.1713000145841468, "alphas14": 37.88336800539881, "alphas2": 39.515794303899966, "alphas3": 36.85660518543456, "alphas4": 0.9896739388196174, "alphas5": 4.850189444680915, "alphas6": 38.94804642076578, "alphas7": 29.406505535116843, "alphas8": 0.34375472376675376, "alphas9": 30.881826627965758}, "datetime": {"datetime": "2018-12-20 14:42:03", "elapsed": 1008.186274, "delta": 34.069118}}
{"target": 0.08826953303167394, "params": {"alphas0": 3.96119326045683, "alphas1": 37.82693634606779, "alphas10": 1.8884605834901746, "alphas11": 39.93325060534931, "alphas12": 0.9114030927249361, "alphas13": 29.036536412162945, "alphas14": 3.9761213861902434, "alphas2": 33.24199719859273, "alphas3": 13.244867389466837, "alphas4": 3.5253481106147477, "alphas5": 9.964337138585204, "alphas6": 33.3071549862843, "alphas7": 4.682331925238463, "alphas8": 9.98105338633183, "alphas9": 36.9232061262297}, "datetime": {"datetime": "2018-12-20 14:42:39", "elapsed": 1044.357596, "delta": 36.171322}}
{"target": 0.08693639440337057, "params": {"alphas0": 39.7903192829052, "alphas1": 37.41121377087948, "alphas10": 5.016507071507501, "alphas11": 35.39014284509164, "alphas12": 1.9974056980609989, "alphas13": 39.63463839529412, "alphas14": 5.356282724541064, "alphas2": 20.294778232520088, "alphas3": 37.828616321840286, "alphas4": 0.7348658389616203, "alphas5": 2.3723528632021518, "alphas6": 38.78224840916738, "alphas7": 2.2693145823568983, "alphas8": 7.113196000571507, "alphas9": 37.11612721697941}, "datetime": {"datetime": "2018-12-20 14:43:14", "elapsed": 1079.530804, "delta": 35.173208}}
{"target": 0.08823980536109863, "params": {"alphas0": 1.1944603642505003, "alphas1": 33.134606230581824, "alphas10": 3.2631564263187363, "alphas11": 37.60884866733842, "alphas12": 28.231127477705975, "alphas13": 26.481073401588286, "alphas14": 19.973905086067912, "alphas2": 2.3474597795799523, "alphas3": 35.754947290140436, "alphas4": 12.449260422621728, "alphas5": 38.52625256892779, "alphas6": 35.974624631544465, "alphas7": 0.18728411086311514, "alphas8": 0.5142497983486338, "alphas9": 37.174189080784814}, "datetime": {"datetime": "2018-12-20 14:43:49", "elapsed": 1114.273936, "delta": 34.743132}}
{"target": 0.08731704891786003, "params": {"alphas0": 6.625848107987942, "alphas1": 36.843653847590886, "alphas10": 0.4842381136388729, "alphas11": 39.40966032881446, "alphas12": 37.337925090430346, "alphas13": 38.63565908780054, "alphas14": 39.13053470469014, "alphas2": 4.270733768181327, "alphas3": 19.535758633896627, "alphas4": 8.80065168120225, "alphas5": 11.982142081550942, "alphas6": 20.788431419086212, "alphas7": 37.21139274933562, "alphas8": 0.22890116670338578, "alphas9": 2.2209225715307968}, "datetime": {"datetime": "2018-12-20 14:44:24", "elapsed": 1149.941946, "delta": 35.66801}}
{"target": 0.08851878179119148, "params": {"alphas0": 1.9256868819459116, "alphas1": 6.9437169242404995, "alphas10": 0.9159658239176194, "alphas11": 33.510414808800824, "alphas12": 38.458533526536186, "alphas13": 36.368491038099734, "alphas14": 23.62215425240202, "alphas2": 16.97859029465421, "alphas3": 14.41608704588309, "alphas4": 5.040861347968968, "alphas5": 0.2816806753886869, "alphas6": 14.591859932106983, "alphas7": 9.784021333994426, "alphas8": 0.5004136132193127, "alphas9": 39.11760310679437}, "datetime": {"datetime": "2018-12-20 14:45:16", "elapsed": 1201.956628, "delta": 52.014682}}
{"target": 0.08825245278480458, "params": {"alphas0": 4.018866492111992, "alphas1": 34.03118199765125, "alphas10": 0.7765763910995993, "alphas11": 32.55125120844548, "alphas12": 39.92245246352341, "alphas13": 37.369029891736346, "alphas14": 37.8619917055302, "alphas2": 0.6826862282134538, "alphas3": 29.731833237843922, "alphas4": 2.2909951349622792, "alphas5": 35.68596582353631, "alphas6": 28.124725053815474, "alphas7": 4.125446904425285, "alphas8": 6.850185833457987, "alphas9": 35.65200670246761}, "datetime": {"datetime": "2018-12-20 14:45:53", "elapsed": 1238.256816, "delta": 36.300188}}
{"target": 0.0870243619781316, "params": {"alphas0": 2.934378950418055, "alphas1": 39.688354156499116, "alphas10": 1.8081217838618846, "alphas11": 11.001707244266385, "alphas12": 5.487737930393788, "alphas13": 5.847992606547083, "alphas14": 31.850139316839815, "alphas2": 3.9990597581993104, "alphas3": 5.225847989589898, "alphas4": 0.15978067273278995, "alphas5": 2.6915370441305875, "alphas6": 31.894518883661448, "alphas7": 4.668012626928699, "alphas8": 0.3485212518552183, "alphas9": 39.41105996616964}, "datetime": {"datetime": "2018-12-20 14:46:29", "elapsed": 1275.013233, "delta": 36.756417}}
{"target": 0.08847103091494857, "params": {"alphas0": 2.4275640732130155, "alphas1": 31.094653571930312, "alphas10": 2.116437088410139, "alphas11": 23.023785444947077, "alphas12": 32.41117947634396, "alphas13": 35.8185241918783, "alphas14": 19.916408019846795, "alphas2": 34.3329452092565, "alphas3": 0.7620611335131899, "alphas4": 33.69592175306046, "alphas5": 21.997425270495768, "alphas6": 36.84514105950052, "alphas7": 2.781710547582006, "alphas8": 0.5594087784698054, "alphas9": 30.52475535581481}, "datetime": {"datetime": "2018-12-20 14:47:04", "elapsed": 1309.852193, "delta": 34.83896}}
{"target": 0.0866158048620286, "params": {"alphas0": 26.634149554591705, "alphas1": 36.80460639457771, "alphas10": 5.129095663427754, "alphas11": 38.65717718958847, "alphas12": 39.22655023429436, "alphas13": 29.566219325977535, "alphas14": 1.1019144725900043, "alphas2": 38.12312238435111, "alphas3": 39.0866897185919, "alphas4": 39.444853643823706, "alphas5": 8.47835414881693, "alphas6": 23.136800160374097, "alphas7": 0.799384184516998, "alphas8": 0.7432304418931146, "alphas9": 36.30346529117449}, "datetime": {"datetime": "2018-12-20 14:47:40", "elapsed": 1345.885246, "delta": 36.033053}}
{"target": 0.08708612428898126, "params": {"alphas0": 5.990444888538806, "alphas1": 39.561223625865914, "alphas10": 1.310661588321782, "alphas11": 39.305150811563074, "alphas12": 31.579981443489736, "alphas13": 36.40062063861007, "alphas14": 4.498407941116871, "alphas2": 37.80376419597366, "alphas3": 2.2525787755955973, "alphas4": 21.877501519772103, "alphas5": 8.358822410693797, "alphas6": 22.82217331650802, "alphas7": 15.887370148739578, "alphas8": 1.3529679495440217, "alphas9": 12.347857416936044}, "datetime": {"datetime": "2018-12-20 14:48:17", "elapsed": 1382.617843, "delta": 36.732597}}
{"target": 0.08853922235129276, "params": {"alphas0": 5.234493385157921, "alphas1": 27.088020967986463, "alphas10": 4.0745371860051405, "alphas11": 4.690292235544402, "alphas12": 39.521956647322874, "alphas13": 39.86208267370044, "alphas14": 37.77210225151932, "alphas2": 1.192768608894701, "alphas3": 8.973396319690323, "alphas4": 5.359440491837133, "alphas5": 0.15851071719915844, "alphas6": 25.006207977880145, "alphas7": 22.014094882788733, "alphas8": 4.423123821897734, "alphas9": 35.427938811566044}, "datetime": {"datetime": "2018-12-20 14:49:10", "elapsed": 1435.343674, "delta": 52.725831}}
{"target": 0.08823073151584822, "params": {"alphas0": 0.6957958425815081, "alphas1": 19.943151891353175, "alphas10": 1.244733009284893, "alphas11": 30.304109848129226, "alphas12": 35.73684576751922, "alphas13": 35.718205675600785, "alphas14": 32.95597847852317, "alphas2": 34.76656714305114, "alphas3": 30.22998815804687, "alphas4": 3.966443809568152, "alphas5": 25.152182875128645, "alphas6": 37.66632658281119, "alphas7": 37.68568893408101, "alphas8": 0.7591791330081232, "alphas9": 28.04187316451977}, "datetime": {"datetime": "2018-12-20 14:49:46", "elapsed": 1471.377668, "delta": 36.033994}}
{"target": 0.08307001916737629, "params": {"alphas0": 3.3177316985888927, "alphas1": 26.338976299766475, "alphas10": 1.3034399968267607, "alphas11": 37.583902830631665, "alphas12": 39.35271561377948, "alphas13": 29.1226947769147, "alphas14": 10.453250107950169, "alphas2": 10.440203609819925, "alphas3": 1.1825367179040214, "alphas4": 0.09972771038243344, "alphas5": 1.0604375653396447, "alphas6": 31.518988853403158, "alphas7": 0.3024184373978178, "alphas8": 38.329313294809936, "alphas9": 38.765103586052916}, "datetime": {"datetime": "2018-12-20 14:50:21", "elapsed": 1506.957147, "delta": 35.579479}}
{"target": 0.08786091980546594, "params": {"alphas0": 1.1838380019678318, "alphas1": 31.49355931279765, "alphas10": 2.680037630424348, "alphas11": 0.8952172120365898, "alphas12": 9.26687750273135, "alphas13": 38.27304488602886, "alphas14": 21.88003934948, "alphas2": 0.9945197593397559, "alphas3": 6.341255008849367, "alphas4": 10.102115698743312, "alphas5": 39.21628452382429, "alphas6": 32.83594469110482, "alphas7": 6.0918422591598675, "alphas8": 0.8205224126396926, "alphas9": 3.6934611308053666}, "datetime": {"datetime": "2018-12-20 14:50:58", "elapsed": 1543.619572, "delta": 36.662425}}
{"target": 0.08814091440531001, "params": {"alphas0": 2.3821787447940945, "alphas1": 5.887938718777064, "alphas10": 1.4735333272748319, "alphas11": 33.84643593075647, "alphas12": 4.7062006648428545, "alphas13": 38.48320792582498, "alphas14": 39.16509205294826, "alphas2": 4.506464853207186, "alphas3": 1.336456937086079, "alphas4": 31.13287120431691, "alphas5": 35.45978204690793, "alphas6": 23.71425575014152, "alphas7": 36.814431133484845, "alphas8": 0.7479713031754143, "alphas9": 37.16695655446688}, "datetime": {"datetime": "2018-12-20 14:51:32", "elapsed": 1577.286101, "delta": 33.666529}}
{"target": 0.08764675328121804, "params": {"alphas0": 1.501021829896927, "alphas1": 38.67628715580152, "alphas10": 4.520792830167899, "alphas11": 35.73689798714287, "alphas12": 2.0757307747692355, "alphas13": 37.35624373575274, "alphas14": 38.598584456966776, "alphas2": 29.518376575385915, "alphas3": 0.62741049394194, "alphas4": 24.336754416775094, "alphas5": 34.33015274178746, "alphas6": 26.066750296352268, "alphas7": 11.591089624203024, "alphas8": 0.01975917195552679, "alphas9": 14.354281011992246}, "datetime": {"datetime": "2018-12-20 14:52:09", "elapsed": 1614.771657, "delta": 37.485556}}
{"target": 0.08836426105780616, "params": {"alphas0": 11.447966195670247, "alphas1": 19.76221702654982, "alphas10": 0.3677412295451532, "alphas11": 2.023195033727383, "alphas12": 33.26905030071598, "alphas13": 36.89475733397848, "alphas14": 27.71986575888134, "alphas2": 8.610149289751753, "alphas3": 39.029090408085416, "alphas4": 8.920444419356146, "alphas5": 33.24431807409869, "alphas6": 2.784938596761708, "alphas7": 35.15761689562237, "alphas8": 1.3764138602278875, "alphas9": 38.32615339930691}, "datetime": {"datetime": "2018-12-20 14:52:46", "elapsed": 1651.180125, "delta": 36.408468}}
{"target": 0.08835983263292593, "params": {"alphas0": 3.8516168695772324, "alphas1": 31.867175358937423, "alphas10": 0.009415171490259056, "alphas11": 9.849578283676381, "alphas12": 14.301790487619424, "alphas13": 36.628822449511574, "alphas14": 26.2618451901359, "alphas2": 2.743754363082185, "alphas3": 39.45484797747342, "alphas4": 3.7590380494423226, "alphas5": 35.4880465759743, "alphas6": 11.634689800604026, "alphas7": 36.69193232801989, "alphas8": 0.6055234377149077, "alphas9": 33.42296683464149}, "datetime": {"datetime": "2018-12-20 14:53:22", "elapsed": 1687.875112, "delta": 36.694987}}
{"target": 0.08794779980250791, "params": {"alphas0": 9.014092443566305, "alphas1": 0.061383999828961144, "alphas10": 1.1090297433453689, "alphas11": 6.395301512153275, "alphas12": 9.116444966411414, "alphas13": 30.10339408988269, "alphas14": 34.01686634677826, "alphas2": 1.513606578875546, "alphas3": 36.469674545528015, "alphas4": 2.974114121766802, "alphas5": 38.763003875426556, "alphas6": 4.380236175368717, "alphas7": 18.41394598115757, "alphas8": 2.8617203160092908, "alphas9": 36.746321587699455}, "datetime": {"datetime": "2018-12-20 14:53:57", "elapsed": 1723.056487, "delta": 35.181375}}
{"target": 0.08826600205631803, "params": {"alphas0": 0.37899494366510744, "alphas1": 30.019170263390308, "alphas10": 0.46548425562166873, "alphas11": 37.615062352681186, "alphas12": 33.49282507558134, "alphas13": 30.932498416617932, "alphas14": 0.9856087690643323, "alphas2": 15.456506188793583, "alphas3": 35.488193970172674, "alphas4": 0.22165347685458414, "alphas5": 39.639449793488645, "alphas6": 5.664786255019969, "alphas7": 32.698757352451736, "alphas8": 1.5158060630145576, "alphas9": 6.521956487768006}, "datetime": {"datetime": "2018-12-20 14:54:34", "elapsed": 1759.956714, "delta": 36.900227}}
{"target": 0.08724921481938384, "params": {"alphas0": 2.469237112657776, "alphas1": 4.3718740722398675, "alphas10": 2.417099392143043, "alphas11": 0.3646493040839749, "alphas12": 27.25132932317919, "alphas13": 5.134226494404164, "alphas14": 37.66697668523283, "alphas2": 23.856202744862273, "alphas3": 38.87902684518525, "alphas4": 2.673004596622328, "alphas5": 39.877699124769684, "alphas6": 35.44618082838979, "alphas7": 37.60195576866969, "alphas8": 1.6950314909039221, "alphas9": 34.47974102031943}, "datetime": {"datetime": "2018-12-20 14:55:11", "elapsed": 1796.535089, "delta": 36.578375}}
{"target": 0.08562288816236138, "params": {"alphas0": 1.1967015279118431, "alphas1": 1.194909793928578, "alphas10": 1.320870267613481, "alphas11": 39.0710303096288, "alphas12": 1.97629799907451, "alphas13": 39.80585262672706, "alphas14": 0.9781236048882036, "alphas2": 25.758166367216933, "alphas3": 39.644288264450246, "alphas4": 21.815135553200633, "alphas5": 32.97493650284612, "alphas6": 1.6657449812549974, "alphas7": 20.59661552308688, "alphas8": 3.1479287603879014, "alphas9": 13.920106482255905}, "datetime": {"datetime": "2018-12-20 14:55:47", "elapsed": 1832.624087, "delta": 36.088998}}
{"target": 0.08835547046011209, "params": {"alphas0": 1.0900547618832102, "alphas1": 29.73357792807612, "alphas10": 2.6522892825402744, "alphas11": 6.2219704589962666, "alphas12": 13.470764145485532, "alphas13": 38.060977546769806, "alphas14": 31.811243309870495, "alphas2": 14.799079169152915, "alphas3": 0.4134873053832733, "alphas4": 5.829808032184429, "alphas5": 37.304047254811906, "alphas6": 3.369123272025245, "alphas7": 33.86255871364578, "alphas8": 0.09276135094344884, "alphas9": 24.991094944878952}, "datetime": {"datetime": "2018-12-20 14:56:25", "elapsed": 1870.916021, "delta": 38.291934}}
{"target": 0.08707384059922747, "params": {"alphas0": 5.89990706613535, "alphas1": 36.68458803807567, "alphas10": 11.789403880698558, "alphas11": 3.1546348109302302, "alphas12": 37.78767804425709, "alphas13": 26.217783249828916, "alphas14": 37.44403079300891, "alphas2": 37.13068177668137, "alphas3": 4.519199272272103, "alphas4": 4.8124949749129975, "alphas5": 38.562296405060756, "alphas6": 4.954666830447585, "alphas7": 19.021328690269947, "alphas8": 0.21062415310575844, "alphas9": 13.416010006034016}, "datetime": {"datetime": "2018-12-20 14:57:01", "elapsed": 1907.072361, "delta": 36.15634}}
{"target": 0.0870477304462362, "params": {"alphas0": 39.78011789430502, "alphas1": 29.118466439691993, "alphas10": 0.6204334859139893, "alphas11": 28.94505976863808, "alphas12": 17.06638687841516, "alphas13": 33.11053369739487, "alphas14": 37.18178471074464, "alphas2": 2.363036937154792, "alphas3": 37.834243753104964, "alphas4": 1.1662496883855988, "alphas5": 34.47280470349548, "alphas6": 6.147732985140881, "alphas7": 7.560030632790884, "alphas8": 2.346595741790032, "alphas9": 38.04214682632123}, "datetime": {"datetime": "2018-12-20 14:57:37", "elapsed": 1943.077383, "delta": 36.005022}}
{"target": 0.08790454435550746, "params": {"alphas0": 0.04631588619034677, "alphas1": 30.470479127342422, "alphas10": 16.856446896900167, "alphas11": 23.980168306372253, "alphas12": 3.972847640687629, "alphas13": 38.83727522523564, "alphas14": 34.287077594567045, "alphas2": 39.992456001770236, "alphas3": 6.723545121421264, "alphas4": 9.110807342933125, "alphas5": 39.77751838470836, "alphas6": 35.507833755720355, "alphas7": 6.565857960531716, "alphas8": 0.6522783676875044, "alphas9": 35.36324346135828}, "datetime": {"datetime": "2018-12-20 14:58:14", "elapsed": 1979.557681, "delta": 36.480298}}
{"target": 0.08786721399513095, "params": {"alphas0": 4.167907554264629, "alphas1": 1.5089261574467105, "alphas10": 3.082311755098175, "alphas11": 1.3679890007086382, "alphas12": 32.11531059930959, "alphas13": 37.844387290927074, "alphas14": 38.92563201763643, "alphas2": 26.053763546295848, "alphas3": 12.510253966560692, "alphas4": 36.052199742492334, "alphas5": 35.25427477359851, "alphas6": 11.435166524504353, "alphas7": 33.51251348997769, "alphas8": 3.209972219317665, "alphas9": 39.96954481240107}, "datetime": {"datetime": "2018-12-20 14:58:51", "elapsed": 2016.483097, "delta": 36.925416}}
{"target": 0.08812357489698013, "params": {"alphas0": 1.4905391333269558, "alphas1": 35.623110713961665, "alphas10": 4.24485305695554, "alphas11": 17.201295334125163, "alphas12": 20.513603062068736, "alphas13": 32.31494514487262, "alphas14": 37.800000487402706, "alphas2": 37.47162174375341, "alphas3": 29.287935575162663, "alphas4": 36.86545976942758, "alphas5": 39.55138978750896, "alphas6": 3.127093645147907, "alphas7": 38.592996855887826, "alphas8": 1.9337557873101119, "alphas9": 35.27979130343436}, "datetime": {"datetime": "2018-12-20 14:59:28", "elapsed": 2053.371266, "delta": 36.888169}}
{"target": 0.08841000007384517, "params": {"alphas0": 0.45439810971897643, "alphas1": 18.53726280201478, "alphas10": 7.235996463394838, "alphas11": 18.788155304986766, "alphas12": 36.602366577619144, "alphas13": 37.78130781138527, "alphas14": 34.77944807835701, "alphas2": 24.023325017875564, "alphas3": 31.01278804064981, "alphas4": 4.663597253144456, "alphas5": 34.80198930012247, "alphas6": 34.498072229101055, "alphas7": 33.17687032593387, "alphas8": 0.007243654044462033, "alphas9": 36.27863898538139}, "datetime": {"datetime": "2018-12-20 15:00:06", "elapsed": 2091.603335, "delta": 38.232069}}
{"target": 0.08810127908239872, "params": {"alphas0": 10.570761598705136, "alphas1": 37.277879918995254, "alphas10": 6.591325280119937, "alphas11": 32.76855456315664, "alphas12": 0.8925022312047748, "alphas13": 31.402677003089657, "alphas14": 31.545639439997643, "alphas2": 11.566881956191617, "alphas3": 4.318744814421409, "alphas4": 0.4047825131242533, "alphas5": 31.823841669762075, "alphas6": 37.78222228828533, "alphas7": 39.209131012071104, "alphas8": 1.2300378001452428, "alphas9": 38.578299967384964}, "datetime": {"datetime": "2018-12-20 15:00:43", "elapsed": 2128.312653, "delta": 36.709318}}
{"target": 0.08804868250314433, "params": {"alphas0": 14.090559678338263, "alphas1": 2.571511436130396, "alphas10": 0.5592305019867272, "alphas11": 29.08370371543689, "alphas12": 33.619582463437155, "alphas13": 31.584346713965893, "alphas14": 38.82464780638256, "alphas2": 30.348086805815427, "alphas3": 1.9224005091022756, "alphas4": 25.937224725601958, "alphas5": 37.465116440146254, "alphas6": 39.44935727212611, "alphas7": 39.92227847464096, "alphas8": 0.16576043573604426, "alphas9": 34.89459367939063}, "datetime": {"datetime": "2018-12-20 15:01:20", "elapsed": 2165.629815, "delta": 37.317162}}
{"target": 0.08729991569181483, "params": {"alphas0": 5.845480833203771, "alphas1": 38.91803752109064, "alphas10": 3.0899820654197585, "alphas11": 1.2331701026411457, "alphas12": 1.0130242265397005, "alphas13": 37.83772428516462, "alphas14": 33.31714433241914, "alphas2": 24.411050498976582, "alphas3": 6.8661081953229885, "alphas4": 1.0635810359486797, "alphas5": 32.279729083378314, "alphas6": 34.80293282312746, "alphas7": 10.530740759068475, "alphas8": 0.5407385436782297, "alphas9": 13.968501475650722}, "datetime": {"datetime": "2018-12-20 15:01:57", "elapsed": 2203.145048, "delta": 37.515233}}
{"target": 0.08773032818236567, "params": {"alphas0": 6.67906971500245, "alphas1": 4.600139094583362, "alphas10": 2.298301212994258, "alphas11": 12.76839200255402, "alphas12": 6.362474780614664, "alphas13": 30.805256716211073, "alphas14": 39.45226054271935, "alphas2": 39.04807292120134, "alphas3": 37.467355664176544, "alphas4": 2.615344172786327, "alphas5": 35.73358905254188, "alphas6": 38.75679171594403, "alphas7": 37.185714697194925, "alphas8": 2.0402365915299425, "alphas9": 30.868084736245507}, "datetime": {"datetime": "2018-12-20 15:02:34", "elapsed": 2240.068039, "delta": 36.922991}}
{"target": 0.08790058139945639, "params": {"alphas0": 1.3852048565404607, "alphas1": 3.636268325527965, "alphas10": 1.2297801960233912, "alphas11": 29.803521523420876, "alphas12": 4.905192504235676, "alphas13": 38.94347223100007, "alphas14": 36.97719765569383, "alphas2": 1.4724695876685345, "alphas3": 31.881059832071795, "alphas4": 38.36926043647952, "alphas5": 1.0698895243109252, "alphas6": 33.87674425984877, "alphas7": 14.010197036473606, "alphas8": 1.9783874531211287, "alphas9": 32.12763825072284}, "datetime": {"datetime": "2018-12-20 15:03:13", "elapsed": 2278.507558, "delta": 38.439519}}
{"target": 0.08836972392514987, "params": {"alphas0": 0.24785345971638062, "alphas1": 31.619101150722866, "alphas10": 1.375541832416225, "alphas11": 34.03790464519139, "alphas12": 39.859105297969556, "alphas13": 34.66527354035753, "alphas14": 39.70919965789489, "alphas2": 12.929089756954548, "alphas3": 11.718758231402049, "alphas4": 34.94631625223295, "alphas5": 1.3141283805086257, "alphas6": 0.39994536445602247, "alphas7": 37.84376799516209, "alphas8": 4.633463524181098, "alphas9": 32.64649843382963}, "datetime": {"datetime": "2018-12-20 15:03:49", "elapsed": 2314.791804, "delta": 36.284246}}
