{"target": 0.05305552322688335, "params": {"alpha": 1.932481785489276, "l1_ratio": 3.259637700353136, "max_iter": 2.715843476312917, "topK": 1.1853043041081972}, "datetime": {"datetime": "2018-12-10 17:31:43", "elapsed": 0.0, "delta": 0.0}}
{"target": 4.0480599647266316e-05, "params": {"alpha": 1.3855035973028005, "l1_ratio": 5.475786275298989, "max_iter": 3.3435340178008195, "topK": 7.889755009505459}, "datetime": {"datetime": "2018-12-10 18:01:46", "elapsed": 1803.057331, "delta": 1803.057331}}
{"target": 0.02394543768896438, "params": {"alpha": 3.0973607694395415, "l1_ratio": 3.4105847694391476, "max_iter": 0.6463408217719633, "topK": 0.29004623989049294}, "datetime": {"datetime": "2018-12-11 00:38:34", "elapsed": 25610.707972, "delta": 23807.650641}}
{"target": 0.045263781683043465, "params": {"alpha": 2.678881135482471, "l1_ratio": 2.1150889681168406, "max_iter": 1.1695147404911475, "topK": 1.9032359708684212}, "datetime": {"datetime": "2018-12-13 04:05:08", "elapsed": 210805.12443, "delta": 185194.416458}}
{"target": 0.06075134706475165, "params": {"alpha": 2.989696923608488, "l1_ratio": 5.883372211007799, "max_iter": 0.3341540527107929, "topK": 8.805831013079445}, "datetime": {"datetime": "2018-12-13 05:46:38", "elapsed": 216894.369587, "delta": 6089.245157}}
