{"target": 0.07148652706916092, "params": {"alphas0": 2.2828200883017757, "alphas1": 19.62517010055973, "alphas10": 17.335448855975624, "alphas11": 0.5453796061284533, "alphas12": 8.254081302370288, "alphas13": 9.169709724750723, "alphas14": 0.3862854125114956, "alphas15": 1.0785016586048424, "alphas16": 0.8513434233695483, "alphas17": 13.500954657420527, "alphas18": 16.2133838176331, "alphas19": 5.645986705989438, "alphas2": 19.57095966354608, "alphas20": 19.526345079584612, "alphas21": 0.11160629226215857, "alphas22": 5.727715308037585, "alphas23": 7.98544835600262, "alphas24": 0.10088663964201716, "alphas25": 18.75023269146965, "alphas26": 17.467883217410144, "alphas27": 16.895278511643227, "alphas28": 16.9677084627766, "alphas29": 6.180892068031023, "alphas3": 14.16298245783848, "alphas30": 2.6172484368114657, "alphas31": 2.2868337935556093, "alphas32": 19.80611038591457, "alphas33": 19.22595175354216, "alphas34": 16.927388717205627, "alphas35": 16.2141302691059, "alphas36": 0.7185713407439831, "alphas4": 19.218863540684595, "alphas5": 18.780937223951106, "alphas6": 9.680647103118844, "alphas7": 11.23046032738465, "alphas8": 17.991860455942252, "alphas9": 13.231534874315196}, "datetime": {"datetime": "2018-12-12 22:07:55", "elapsed": 1785.223297, "delta": 70.823708}}
{"target": 0.07091128029730406, "params": {"alphas0": 17.860816650289873, "alphas1": 11.014656673167146, "alphas10": 0.9702672935791523, "alphas11": 0.16040639161807313, "alphas12": 2.7931671907938105, "alphas13": 0.36387903743455574, "alphas14": 12.125501351878603, "alphas15": 10.007302410580241, "alphas16": 0.4342572249066534, "alphas17": 19.2421325510499, "alphas18": 19.583751330563402, "alphas19": 19.604484153640527, "alphas2": 19.4957749173664, "alphas20": 17.044736065723633, "alphas21": 0.48016222190099267, "alphas22": 16.437391015103383, "alphas23": 18.497889630098392, "alphas24": 12.322831884960232, "alphas25": 6.383195411314948, "alphas26": 5.720423896885418, "alphas27": 1.4593300629542028, "alphas28": 7.7378224426657205, "alphas29": 0.19280384370477632, "alphas3": 14.295076958559868, "alphas30": 13.324116673222612, "alphas31": 0.4101068700168131, "alphas32": 3.4844671618941425, "alphas33": 15.74028027684193, "alphas34": 16.782568229708385, "alphas35": 0.34606440695279295, "alphas36": 10.34101041778703, "alphas4": 12.839771957769399, "alphas5": 9.344626673882141, "alphas6": 0.021653944526751623, "alphas7": 19.110549935043387, "alphas8": 7.540344389509683, "alphas9": 7.675967624800554}, "datetime": {"datetime": "2018-12-12 22:09:07", "elapsed": 1857.125694, "delta": 71.902397}}
{"target": 0.07143347340325001, "params": {"alphas0": 13.859772472544075, "alphas1": 17.41074176106189, "alphas10": 14.261445502057114, "alphas11": 14.259876703465778, "alphas12": 17.93495044374713, "alphas13": 1.2065600400311682, "alphas14": 1.5728212816340004, "alphas15": 0.48453063141358, "alphas16": 0.919541201001628, "alphas17": 2.081233215189795, "alphas18": 11.433666840359471, "alphas19": 4.405540587737642, "alphas2": 3.0999464156304257, "alphas20": 19.087751265264387, "alphas21": 15.961168044685774, "alphas22": 5.996843153026514, "alphas23": 15.614724368919845, "alphas24": 12.204322477887805, "alphas25": 18.42214693743953, "alphas26": 0.8914710325678588, "alphas27": 12.185553488532442, "alphas28": 9.588183720413088, "alphas29": 18.474987670919006, "alphas3": 19.484561180669044, "alphas30": 19.143077873699752, "alphas31": 0.684093006218589, "alphas32": 19.62244883792984, "alphas33": 8.677633752646098, "alphas34": 4.194971450253398, "alphas35": 3.041807518513391, "alphas36": 9.660632531849167, "alphas4": 14.147619300228962, "alphas5": 18.010065249840586, "alphas6": 19.658877355201025, "alphas7": 15.926335182850625, "alphas8": 18.29888077486699, "alphas9": 19.827636484795}, "datetime": {"datetime": "2018-12-12 22:10:18", "elapsed": 1928.432449, "delta": 71.306755}}
{"target": 0.07123074971655326, "params": {"alphas0": 19.996791880191694, "alphas1": 19.460129362723634, "alphas10": 17.338991019356193, "alphas11": 19.884476575853075, "alphas12": 2.9031714213111304, "alphas13": 15.175179013264358, "alphas14": 19.45691977589575, "alphas15": 17.62109285685427, "alphas16": 15.25934906913685, "alphas17": 1.1720979310573298, "alphas18": 19.842233127895984, "alphas19": 18.044642633999242, "alphas2": 11.850011758057876, "alphas20": 14.543535866289982, "alphas21": 0.6421134518547911, "alphas22": 17.423534462156795, "alphas23": 5.991836763037133, "alphas24": 0.15703979266001422, "alphas25": 0.3043380891810932, "alphas26": 15.012143273826688, "alphas27": 8.922796823846848, "alphas28": 19.48013444005158, "alphas29": 0.10003913435693734, "alphas3": 18.26998502055781, "alphas30": 18.34523016644874, "alphas31": 1.2915238531461415, "alphas32": 15.508790264461593, "alphas33": 6.583895094817757, "alphas34": 0.23760048888561203, "alphas35": 0.6958165916392556, "alphas36": 18.31672500404165, "alphas4": 13.684496067488023, "alphas5": 15.390603124993923, "alphas6": 8.647577729987235, "alphas7": 16.068174122968944, "alphas8": 18.669201872492135, "alphas9": 7.729151685491191}, "datetime": {"datetime": "2018-12-12 22:11:31", "elapsed": 2001.869114, "delta": 73.436665}}
{"target": 0.0718849900793649, "params": {"alphas0": 19.113259019477702, "alphas1": 2.052520879707007, "alphas10": 6.507896061931573, "alphas11": 13.421008048495196, "alphas12": 1.0730414262865229, "alphas13": 0.02859753099525575, "alphas14": 3.169518074035631, "alphas15": 7.916576526560675, "alphas16": 16.486531208481406, "alphas17": 19.726021907699796, "alphas18": 0.9112237125193112, "alphas19": 5.243198033563051, "alphas2": 17.423998234035906, "alphas20": 19.732048028518584, "alphas21": 16.65725618420003, "alphas22": 9.695815988544638, "alphas23": 0.016826161207821322, "alphas24": 4.941666668382978, "alphas25": 13.747629056099077, "alphas26": 4.9720319296496545, "alphas27": 0.8499124665603675, "alphas28": 0.10489016284211505, "alphas29": 15.513580558135923, "alphas3": 16.98638242730856, "alphas30": 2.278032528913718, "alphas31": 0.08167076528537764, "alphas32": 2.5913725142696697, "alphas33": 3.3693533490770866, "alphas34": 4.267132681924506, "alphas35": 17.935967392062054, "alphas36": 6.673269141129088, "alphas4": 15.48218278799261, "alphas5": 17.998974902411465, "alphas6": 1.9549218982911598, "alphas7": 14.185712681844366, "alphas8": 0.3374478214051768, "alphas9": 18.748544543116324}, "datetime": {"datetime": "2018-12-12 22:12:42", "elapsed": 2072.786878, "delta": 70.917764}}
{"target": 0.07114315293524826, "params": {"alphas0": 1.6217637294367182, "alphas1": 18.429439142880717, "alphas10": 15.298600743077582, "alphas11": 16.096019673394334, "alphas12": 4.7347577143444886, "alphas13": 7.107064381335652, "alphas14": 2.4395930870361737, "alphas15": 10.421663002240988, "alphas16": 19.680297396637773, "alphas17": 14.645387290361393, "alphas18": 2.937573023336244, "alphas19": 1.572988811962046, "alphas2": 15.998536945861655, "alphas20": 18.399499544150288, "alphas21": 18.837852651338217, "alphas22": 13.409195405268283, "alphas23": 9.647942576097579, "alphas24": 4.354066831277454, "alphas25": 17.33106130615279, "alphas26": 18.42292905986005, "alphas27": 18.319445043516836, "alphas28": 0.07819344196447364, "alphas29": 0.01191361943633451, "alphas3": 18.97866896390193, "alphas30": 0.5397741354627539, "alphas31": 11.876108678549503, "alphas32": 10.830326095141409, "alphas33": 1.1647036090557061, "alphas34": 10.459638674796308, "alphas35": 0.5558140921339771, "alphas36": 18.383257198522912, "alphas4": 19.805944925957256, "alphas5": 16.588377330264837, "alphas6": 6.381826156507833, "alphas7": 17.64587098905969, "alphas8": 16.55388269454963, "alphas9": 0.5809687874816194}, "datetime": {"datetime": "2018-12-12 22:13:54", "elapsed": 2144.534645, "delta": 71.747767}}
{"target": 0.07124528643864951, "params": {"alphas0": 0.2752851412861812, "alphas1": 15.955805088204729, "alphas10": 17.21608564967155, "alphas11": 7.372651595309911, "alphas12": 0.313193027946419, "alphas13": 0.6603554344235896, "alphas14": 14.430370904761157, "alphas15": 15.24197007757297, "alphas16": 4.979890592230616, "alphas17": 17.824402043652597, "alphas18": 0.006103930690739556, "alphas19": 13.284174065870118, "alphas2": 4.1099926346120945, "alphas20": 9.847411225814735, "alphas21": 19.392243549425192, "alphas22": 1.6147306314295484, "alphas23": 1.3635708626987353, "alphas24": 19.84125824976368, "alphas25": 1.9282304153368512, "alphas26": 0.14371352291603134, "alphas27": 0.6284273619625225, "alphas28": 0.010775693879077064, "alphas29": 0.2277703704667089, "alphas3": 7.2818235131556985, "alphas30": 11.110761951513503, "alphas31": 4.858998765057332, "alphas32": 1.6083027955870777, "alphas33": 1.1971546302065073, "alphas34": 17.821142284831463, "alphas35": 7.376375879761891, "alphas36": 13.991513683152734, "alphas4": 1.7271362139652813, "alphas5": 12.411697472923668, "alphas6": 19.76605304455076, "alphas7": 17.385579494771967, "alphas8": 19.201639355625115, "alphas9": 15.799026331858165}, "datetime": {"datetime": "2018-12-12 22:15:08", "elapsed": 2218.338918, "delta": 73.804273}}
{"target": 0.07096369926303868, "params": {"alphas0": 4.2412659451655905, "alphas1": 15.791812494308752, "alphas10": 19.205847239311552, "alphas11": 6.517643360772638, "alphas12": 14.026027760483066, "alphas13": 1.3365600698177516, "alphas14": 1.4317501125143495, "alphas15": 9.246438572269478, "alphas16": 19.279276108310576, "alphas17": 4.679147585977887, "alphas18": 19.55912480355777, "alphas19": 18.183597131096334, "alphas2": 17.390094700076048, "alphas20": 0.45997789143203516, "alphas21": 17.358861955817186, "alphas22": 18.09030084591603, "alphas23": 2.0576915359245485, "alphas24": 19.20094519777375, "alphas25": 19.15980728254942, "alphas26": 0.9380137528490051, "alphas27": 16.12361570347834, "alphas28": 16.661508094514915, "alphas29": 1.0375096750547308, "alphas3": 13.990869132746047, "alphas30": 10.84828322526311, "alphas31": 3.5378896646937474, "alphas32": 8.872376988648282, "alphas33": 19.57338651157451, "alphas34": 18.612064912882037, "alphas35": 10.566153476871767, "alphas36": 18.219378093223206, "alphas4": 13.819879919119952, "alphas5": 13.110275503218094, "alphas6": 3.3563196144146, "alphas7": 8.449709353316335, "alphas8": 10.764485901194345, "alphas9": 18.5147488936287}, "datetime": {"datetime": "2018-12-12 22:16:22", "elapsed": 2292.369141, "delta": 74.030223}}
{"target": 0.07133555627991929, "params": {"alphas0": 19.71480492575323, "alphas1": 7.417025893128189, "alphas10": 19.368164372592112, "alphas11": 4.434972667250705, "alphas12": 14.697254566945674, "alphas13": 14.366767843788491, "alphas14": 0.908567351014089, "alphas15": 11.635410575948978, "alphas16": 1.0618712894322901, "alphas17": 19.636813195455318, "alphas18": 18.56726769790282, "alphas19": 3.8376403171824447, "alphas2": 9.268026229276906, "alphas20": 18.754058567861694, "alphas21": 5.097271127067129, "alphas22": 19.775325194543264, "alphas23": 4.342053955409417, "alphas24": 3.5401694157063823, "alphas25": 2.1282679696597584, "alphas26": 13.740219777747582, "alphas27": 1.6980693710432182, "alphas28": 11.803116576813526, "alphas29": 18.712945140480432, "alphas3": 18.679634652532865, "alphas30": 18.450780398163207, "alphas31": 0.318404002131496, "alphas32": 14.292898273831419, "alphas33": 14.609356691479276, "alphas34": 14.381383119471014, "alphas35": 17.39283653629069, "alphas36": 1.608887892667028, "alphas4": 0.7144008225799636, "alphas5": 19.979486037222237, "alphas6": 12.223909085415396, "alphas7": 19.836429765207797, "alphas8": 5.341359425815035, "alphas9": 18.900240016922293}, "datetime": {"datetime": "2018-12-12 22:17:42", "elapsed": 2372.365541, "delta": 79.9964}}
{"target": 0.07184413117283944, "params": {"alphas0": 18.212339254103796, "alphas1": 17.936576973135516, "alphas10": 6.658387946433672, "alphas11": 14.815369121186855, "alphas12": 8.184565194005707, "alphas13": 0.3270749424686836, "alphas14": 17.767961378455045, "alphas15": 2.1818180074540416, "alphas16": 0.3265776498632911, "alphas17": 15.938663202502195, "alphas18": 3.266317578692286, "alphas19": 16.651473413052265, "alphas2": 19.612179952009786, "alphas20": 0.49823608108582773, "alphas21": 19.01073101732241, "alphas22": 18.28502092643624, "alphas23": 1.777736610908378, "alphas24": 0.9034131325482497, "alphas25": 17.13498463602004, "alphas26": 4.199199841671765, "alphas27": 19.913016361529287, "alphas28": 17.6157142805781, "alphas29": 0.16993058651318727, "alphas3": 12.736393639118937, "alphas30": 4.209472543207678, "alphas31": 11.524072083449553, "alphas32": 3.6259282142661853, "alphas33": 14.205172688959278, "alphas34": 17.99454670048731, "alphas35": 0.12029827838077711, "alphas36": 2.4595573200825083, "alphas4": 8.579060141391746, "alphas5": 19.730355032430516, "alphas6": 0.7863111383341126, "alphas7": 17.75166940865603, "alphas8": 14.48442098537573, "alphas9": 18.85090935282548}, "datetime": {"datetime": "2018-12-12 22:18:55", "elapsed": 2445.262068, "delta": 72.896527}}
{"target": 0.07113606234252944, "params": {"alphas0": 19.99118681928024, "alphas1": 9.40394892763154, "alphas10": 8.327230806823236, "alphas11": 19.953594532765347, "alphas12": 1.2727977306912175, "alphas13": 18.326538750882037, "alphas14": 6.820622940684949, "alphas15": 18.693995535337113, "alphas16": 10.057208788522448, "alphas17": 10.096272721069845, "alphas18": 19.914115684951728, "alphas19": 13.082223518727766, "alphas2": 19.233106484694066, "alphas20": 19.140491412581714, "alphas21": 17.07687804704459, "alphas22": 0.7968297475055408, "alphas23": 18.227816078671122, "alphas24": 4.503284364552815, "alphas25": 17.59752350281337, "alphas26": 0.035926562384280825, "alphas27": 4.416250121475835, "alphas28": 4.249317618987655, "alphas29": 2.1629198825569262, "alphas3": 18.760504508927262, "alphas30": 11.702236481883679, "alphas31": 1.6980454368469222, "alphas32": 5.006881706954869, "alphas33": 9.487007224821692, "alphas34": 12.060620471327745, "alphas35": 0.9851441133398575, "alphas36": 3.2837411019367613, "alphas4": 3.10686200078772, "alphas5": 19.275508557967022, "alphas6": 17.656068803191857, "alphas7": 12.891625451071667, "alphas8": 19.190977484334713, "alphas9": 4.070540197596177}, "datetime": {"datetime": "2018-12-12 22:20:09", "elapsed": 2518.906286, "delta": 73.644218}}
{"target": 0.0719566442901234, "params": {"alphas0": 16.258935204989847, "alphas1": 18.268782892405937, "alphas10": 17.304849033904553, "alphas11": 3.873307737625684, "alphas12": 0.3556401421319255, "alphas13": 2.0258008926065596, "alphas14": 5.332866598601074, "alphas15": 1.1498779422749128, "alphas16": 0.19132351466175646, "alphas17": 19.288393446374535, "alphas18": 18.610623424271935, "alphas19": 1.7935530702835267, "alphas2": 19.286701386736695, "alphas20": 14.013275194141324, "alphas21": 10.284504297035749, "alphas22": 1.2157056137315103, "alphas23": 1.187004303402246, "alphas24": 10.746719533453996, "alphas25": 15.45269645060809, "alphas26": 7.66659518021926, "alphas27": 8.264714156994886, "alphas28": 8.451876419187123, "alphas29": 6.764127945649312, "alphas3": 16.902361646913807, "alphas30": 4.864473774841125, "alphas31": 2.3454697829943116, "alphas32": 1.7266954879231422, "alphas33": 0.044667112294023426, "alphas34": 11.941679035041119, "alphas35": 16.015933145403586, "alphas36": 15.303141455107259, "alphas4": 0.8810312781554597, "alphas5": 18.108076512752433, "alphas6": 10.011514986081165, "alphas7": 3.7341006069619365, "alphas8": 13.775853918814487, "alphas9": 10.234768537707303}, "datetime": {"datetime": "2018-12-12 22:21:22", "elapsed": 2592.67447, "delta": 73.768184}}
{"target": 0.07222855291005285, "params": {"alphas0": 19.649497420464456, "alphas1": 17.329047969208368, "alphas10": 15.171271115845293, "alphas11": 13.839409151762146, "alphas12": 12.492394788128431, "alphas13": 0.1226310887871862, "alphas14": 12.333009318203382, "alphas15": 5.178374813179294, "alphas16": 19.756941926896015, "alphas17": 6.522094054484442, "alphas18": 1.9738035292107248, "alphas19": 15.943607967921622, "alphas2": 18.27887535544597, "alphas20": 16.677067340859146, "alphas21": 19.660519186306693, "alphas22": 14.61801182888035, "alphas23": 6.1062512480250515, "alphas24": 0.6422326863189864, "alphas25": 4.425750441657157, "alphas26": 5.184540775333186, "alphas27": 13.248537537618576, "alphas28": 18.349690766674275, "alphas29": 1.8652383941779682, "alphas3": 18.081546904542765, "alphas30": 3.174095222582569, "alphas31": 2.1174823006563592, "alphas32": 17.293830680109405, "alphas33": 2.840609813629258, "alphas34": 3.289353398692181, "alphas35": 18.611321446553028, "alphas36": 14.513697467518313, "alphas4": 17.900806177614466, "alphas5": 14.779811075385297, "alphas6": 5.1611221191523065, "alphas7": 2.518444626755949, "alphas8": 2.140117269676838, "alphas9": 13.887313488751474}, "datetime": {"datetime": "2018-12-12 22:22:42", "elapsed": 2672.055555, "delta": 79.381085}}
{"target": 0.07179493890148642, "params": {"alphas0": 19.49140326807062, "alphas1": 15.425080466812627, "alphas10": 5.710035339879727, "alphas11": 19.013905833086287, "alphas12": 6.723802013252387, "alphas13": 1.6180806225228728, "alphas14": 12.564026820172327, "alphas15": 0.4901374896273758, "alphas16": 3.1802620167246043, "alphas17": 19.445051678015496, "alphas18": 9.397303424512469, "alphas19": 7.532213680498037, "alphas2": 19.562645451710324, "alphas20": 16.07300099023266, "alphas21": 17.862795226648235, "alphas22": 2.668261014222515, "alphas23": 15.377903333990282, "alphas24": 9.56256369507431, "alphas25": 0.287849929479862, "alphas26": 5.648003323927798, "alphas27": 6.270015880589024, "alphas28": 0.2801737145786154, "alphas29": 11.765740443365956, "alphas3": 4.415766819034282, "alphas30": 18.24260706760203, "alphas31": 4.614092714775053, "alphas32": 1.4055170662658467, "alphas33": 9.060885999198419, "alphas34": 0.2957976192229639, "alphas35": 16.13748173141651, "alphas36": 18.109142468535666, "alphas4": 18.451617836676512, "alphas5": 18.127173811220178, "alphas6": 2.5584454759239983, "alphas7": 3.7999059072565067, "alphas8": 11.033650592040686, "alphas9": 13.205449964159932}, "datetime": {"datetime": "2018-12-12 22:23:55", "elapsed": 2745.197975, "delta": 73.14242}}
{"target": 0.07133067961073315, "params": {"alphas0": 19.453832611855475, "alphas1": 17.961829787918532, "alphas10": 8.269602202066444, "alphas11": 13.619647436795312, "alphas12": 19.687939673335965, "alphas13": 3.7443112139611645, "alphas14": 19.822251086197728, "alphas15": 0.3028935024151602, "alphas16": 4.493514861841501, "alphas17": 19.89978579328228, "alphas18": 17.31199671004712, "alphas19": 14.21030449726802, "alphas2": 8.839000713732158, "alphas20": 6.508876974898872, "alphas21": 19.55247143732404, "alphas22": 4.476973968054214, "alphas23": 0.8963032978550145, "alphas24": 8.75684223494114, "alphas25": 0.6843380715257408, "alphas26": 15.466042381337248, "alphas27": 0.15328142527574862, "alphas28": 1.37620317628119, "alphas29": 18.495307089064806, "alphas3": 15.193313553762662, "alphas30": 0.4562776866729057, "alphas31": 4.080112482810192, "alphas32": 15.000497537847435, "alphas33": 15.027888048292834, "alphas34": 1.05414939546157, "alphas35": 3.2367454234519966, "alphas36": 14.753996069017672, "alphas4": 0.6891715817422939, "alphas5": 12.010197683362378, "alphas6": 9.540843063468039, "alphas7": 1.8331665979470224, "alphas8": 11.747102543817093, "alphas9": 16.337517730597526}, "datetime": {"datetime": "2018-12-12 22:25:10", "elapsed": 2820.441824, "delta": 75.243849}}
{"target": 0.07196243013038525, "params": {"alphas0": 12.822666053604692, "alphas1": 19.195462458144753, "alphas10": 0.5939177033853138, "alphas11": 19.421613523243213, "alphas12": 1.3711804806699268, "alphas13": 0.24147657063023464, "alphas14": 2.435607399215447, "alphas15": 6.87982134152052, "alphas16": 8.569497737115451, "alphas17": 14.634736860400432, "alphas18": 16.851322632530167, "alphas19": 1.0886513212310778, "alphas2": 14.206890148042453, "alphas20": 18.035755645470886, "alphas21": 17.101901681685465, "alphas22": 15.651737943115059, "alphas23": 0.9424114266760886, "alphas24": 1.6362621331018157, "alphas25": 17.220886741567142, "alphas26": 3.252361428578343, "alphas27": 3.17501941522786, "alphas28": 1.4473760686305925, "alphas29": 3.587293903971729, "alphas3": 4.68404171898154, "alphas30": 2.7235677090673227, "alphas31": 3.7075017548362155, "alphas32": 2.471123610969004, "alphas33": 18.455145381178923, "alphas34": 10.011479412889937, "alphas35": 4.353721782075746, "alphas36": 3.266493794974885, "alphas4": 8.976216044337189, "alphas5": 1.9667363080530498, "alphas6": 3.275577385460857, "alphas7": 0.8721990026810378, "alphas8": 19.97761097145547, "alphas9": 0.579337411659151}, "datetime": {"datetime": "2018-12-12 22:26:27", "elapsed": 2897.796096, "delta": 77.354272}}
