{"target": 0.07045390677752568, "params": {"alphas0": 17.3189763008202, "alphas1": 10.651037445479464, "alphas10": 1.2490458389956172, "alphas11": 15.06850359224169, "alphas12": 18.72479719864988, "alphas13": 1.6430170686058188, "alphas14": 19.52225638415023, "alphas15": 1.1685814364970204, "alphas16": 13.164054106418693, "alphas17": 15.018608851295042, "alphas18": 2.9958940252826016, "alphas19": 1.9065030435342378, "alphas2": 6.584782185268729, "alphas20": 2.4724848416185474, "alphas21": 1.349213741823394, "alphas22": 18.17540483452153, "alphas23": 17.46438052542601, "alphas24": 19.595731358961075, "alphas25": 13.741872830750648, "alphas26": 19.031040046633912, "alphas27": 9.904871932742934, "alphas28": 0.05368116110494814, "alphas29": 0.026584507565787785, "alphas3": 19.67878201229955, "alphas30": 19.94592595403408, "alphas31": 14.83181216071214, "alphas32": 8.482976939660201, "alphas33": 18.076456748119302, "alphas34": 18.70091441631191, "alphas35": 17.653454470807837, "alphas36": 8.91911215370461, "alphas4": 12.473115890327763, "alphas5": 14.043731715567791, "alphas6": 0.9610424009709062, "alphas7": 3.2444966590643043, "alphas8": 10.638131898185337, "alphas9": 0.19398911354566506}, "datetime": {"datetime": "2018-12-12 21:48:52", "elapsed": 642.279998, "delta": 67.987346}}
{"target": 0.07097002385676487, "params": {"alphas0": 16.209439626216135, "alphas1": 0.24273810386441497, "alphas10": 17.6033490607163, "alphas11": 1.005653431012612, "alphas12": 2.2944419657960635, "alphas13": 17.246101681886184, "alphas14": 19.842103232637424, "alphas15": 17.183865522304934, "alphas16": 19.667239174887033, "alphas17": 19.005949930871147, "alphas18": 14.479202451492935, "alphas19": 5.816491814135869, "alphas2": 9.772188014633794, "alphas20": 16.65166145833084, "alphas21": 17.66421930209231, "alphas22": 15.037086015710733, "alphas23": 2.534479893135577, "alphas24": 4.344733681568, "alphas25": 5.995251733806204, "alphas26": 7.6892383255065555, "alphas27": 0.27455129064722916, "alphas28": 1.0496731510455248, "alphas29": 4.120341594442882, "alphas3": 0.8246154860955968, "alphas30": 2.0870483081679025, "alphas31": 11.611167526310215, "alphas32": 16.40271125390737, "alphas33": 18.95905921012059, "alphas34": 0.5198769512241075, "alphas35": 5.324962449018022, "alphas36": 7.8091289009577824, "alphas4": 8.26502586972017, "alphas5": 17.58195687134341, "alphas6": 19.289964553878313, "alphas7": 1.0432202995138251, "alphas8": 1.5280597931505424, "alphas9": 14.32732296939288}, "datetime": {"datetime": "2018-12-12 21:50:00", "elapsed": 710.583304, "delta": 68.303306}}
{"target": 0.07169831999559079, "params": {"alphas0": 17.901592673875196, "alphas1": 19.048232276019114, "alphas10": 19.67823756562475, "alphas11": 8.6379089988285, "alphas12": 4.36855272656789, "alphas13": 5.556464686324832, "alphas14": 8.99530820290272, "alphas15": 2.3985248428694694, "alphas16": 17.13113605816956, "alphas17": 18.849552812405058, "alphas18": 12.021738829110276, "alphas19": 17.563054141265745, "alphas2": 19.91182226697487, "alphas20": 19.247489919336807, "alphas21": 19.40328154052033, "alphas22": 19.048211510022604, "alphas23": 11.257124025602874, "alphas24": 19.831437355101393, "alphas25": 19.58088057775702, "alphas26": 15.123888450393103, "alphas27": 0.8063283366189755, "alphas28": 5.671129774492389, "alphas29": 19.58453325093672, "alphas3": 19.525532776986488, "alphas30": 0.48912969633676084, "alphas31": 7.749004337449761, "alphas32": 7.9332709784358375, "alphas33": 18.932131992580995, "alphas34": 18.21342008435326, "alphas35": 3.070479244855009, "alphas36": 19.431612498050058, "alphas4": 13.58421360163916, "alphas5": 7.7077505035881515, "alphas6": 18.813925260950644, "alphas7": 1.9481647586190376, "alphas8": 15.675267205834782, "alphas9": 17.011538709231647}, "datetime": {"datetime": "2018-12-12 21:51:16", "elapsed": 786.350291, "delta": 75.766987}}
{"target": 0.07151097738725107, "params": {"alphas0": 9.612526988635278, "alphas1": 18.551009951111272, "alphas10": 15.276495166061192, "alphas11": 1.0338089504193482, "alphas12": 14.52681575842615, "alphas13": 0.014867041269979175, "alphas14": 10.97782455563989, "alphas15": 17.966010586743092, "alphas16": 8.50281005701758, "alphas17": 18.057052824535663, "alphas18": 19.25032820732197, "alphas19": 13.342992115076877, "alphas2": 19.209703229915867, "alphas20": 1.3150059744131215, "alphas21": 8.674801212452849, "alphas22": 0.32408476139894615, "alphas23": 10.743101535802456, "alphas24": 0.15568457651879974, "alphas25": 19.639290148087593, "alphas26": 1.4937380613485107, "alphas27": 19.570304796380864, "alphas28": 12.882890165530029, "alphas29": 8.202502354775266, "alphas3": 14.774338119483968, "alphas30": 16.166197826704774, "alphas31": 1.634528365676693, "alphas32": 1.1313107588293558, "alphas33": 17.92952107588555, "alphas34": 17.756612068838066, "alphas35": 4.033253281369351, "alphas36": 13.390159392581014, "alphas4": 1.9703961811573478, "alphas5": 15.446662449260597, "alphas6": 10.51783967377564, "alphas7": 19.291788920981098, "alphas8": 2.1061721460324145, "alphas9": 3.149892707298434}, "datetime": {"datetime": "2018-12-12 21:52:27", "elapsed": 857.662992, "delta": 71.312701}}
{"target": 0.07199442483938022, "params": {"alphas0": 12.893050094433855, "alphas1": 19.987766426166242, "alphas10": 3.0662122187525664, "alphas11": 0.25140692428981204, "alphas12": 0.745383709548364, "alphas13": 1.1338259077969326, "alphas14": 10.557217880875225, "alphas15": 13.817358598373819, "alphas16": 19.920844907751636, "alphas17": 11.906621468887597, "alphas18": 13.00877131195535, "alphas19": 7.028253505453024, "alphas2": 18.457540228568377, "alphas20": 1.4324088246510769, "alphas21": 18.73960822825133, "alphas22": 1.0349569068863973, "alphas23": 0.8871254305563392, "alphas24": 18.065904004873516, "alphas25": 14.324543191494572, "alphas26": 9.683907817708668, "alphas27": 1.4906564487101504, "alphas28": 19.405824138308954, "alphas29": 1.6634345287708463, "alphas3": 14.54434646589148, "alphas30": 14.817729075563994, "alphas31": 1.0722011521862207, "alphas32": 0.0921462469515455, "alphas33": 5.762284712018671, "alphas34": 14.618644536331198, "alphas35": 18.02504833124943, "alphas36": 7.169874565067578, "alphas4": 7.19034311216356, "alphas5": 19.89427154485615, "alphas6": 5.1711491893697055, "alphas7": 10.972739045052279, "alphas8": 18.335763163247528, "alphas9": 18.714812086723647}, "datetime": {"datetime": "2018-12-12 21:53:46", "elapsed": 936.40956, "delta": 78.746568}}
{"target": 0.07092937833837228, "params": {"alphas0": 5.9154177529998275, "alphas1": 11.453947845288344, "alphas10": 2.390873515339864, "alphas11": 3.2149244890858553, "alphas12": 19.975767483817663, "alphas13": 17.450303048370944, "alphas14": 19.958356523013336, "alphas15": 19.492534101043706, "alphas16": 19.182132792134805, "alphas17": 0.4784802998272797, "alphas18": 18.08765413443472, "alphas19": 0.9201505437615842, "alphas2": 16.557874511008915, "alphas20": 18.958063622640047, "alphas21": 15.004925289359685, "alphas22": 0.31238302789216243, "alphas23": 2.5957118056564155, "alphas24": 16.716100623410295, "alphas25": 8.093758702973808, "alphas26": 18.253076576682307, "alphas27": 3.369620306443577, "alphas28": 17.554880999958556, "alphas29": 18.688713925616923, "alphas3": 12.373829870696852, "alphas30": 15.839677067935988, "alphas31": 9.459611021655707, "alphas32": 0.3524272550371954, "alphas33": 18.019294423681128, "alphas34": 14.116498888317487, "alphas35": 17.697203867740548, "alphas36": 15.908029050208006, "alphas4": 13.843866706766097, "alphas5": 19.492014070125784, "alphas6": 0.13325922759318765, "alphas7": 14.553056203509563, "alphas8": 2.296536308107935, "alphas9": 17.907429388173796}, "datetime": {"datetime": "2018-12-12 21:54:56", "elapsed": 1005.980827, "delta": 69.571267}}
{"target": 0.07159669932602666, "params": {"alphas0": 19.763102352502987, "alphas1": 0.8029557123643594, "alphas10": 19.865904602790593, "alphas11": 12.308964392246214, "alphas12": 5.415608992958562, "alphas13": 3.1275183573784626, "alphas14": 0.8528202732604018, "alphas15": 14.824589551656205, "alphas16": 4.078138602649406, "alphas17": 1.448383767787178, "alphas18": 9.400825395360606, "alphas19": 7.223538958614544, "alphas2": 2.7463218690334434, "alphas20": 16.28220289698427, "alphas21": 8.602013510404714, "alphas22": 18.152519331804974, "alphas23": 1.7686444217886055, "alphas24": 2.3173815839245426, "alphas25": 17.967867878257174, "alphas26": 3.714328314888875, "alphas27": 2.4368722480520155, "alphas28": 17.48572768285685, "alphas29": 1.649777733103357, "alphas3": 6.255172576095336, "alphas30": 0.8623260240672725, "alphas31": 0.23241559468234252, "alphas32": 3.9904024133185834, "alphas33": 16.81080050541195, "alphas34": 0.8128562008971585, "alphas35": 6.946146026698548, "alphas36": 17.445242812358835, "alphas4": 17.98435762761252, "alphas5": 19.634241277962982, "alphas6": 3.25425857225518, "alphas7": 0.4255146895916617, "alphas8": 16.836683187358435, "alphas9": 17.541594766199577}, "datetime": {"datetime": "2018-12-12 21:56:06", "elapsed": 1075.90952, "delta": 69.928693}}
{"target": 0.07168536900037811, "params": {"alphas0": 7.848471166652217, "alphas1": 17.046490502017225, "alphas10": 2.764212247564486, "alphas11": 19.12471827262785, "alphas12": 1.6223364592182032, "alphas13": 4.4960588847516, "alphas14": 0.9091947979037496, "alphas15": 18.608036322977778, "alphas16": 4.978433103882594, "alphas17": 9.375142920258778, "alphas18": 9.077067099010996, "alphas19": 2.556568925736886, "alphas2": 19.570259817292282, "alphas20": 19.293278776067005, "alphas21": 14.123437124836, "alphas22": 17.97764231212791, "alphas23": 9.742364912816896, "alphas24": 0.03181565407241349, "alphas25": 17.66445053149656, "alphas26": 9.909030048031715, "alphas27": 11.831576067945663, "alphas28": 16.500976158515517, "alphas29": 0.9813645958074746, "alphas3": 0.13323975625720408, "alphas30": 0.357323950346653, "alphas31": 2.799098893000971, "alphas32": 1.56939548647123, "alphas33": 16.218707628294588, "alphas34": 17.290810198624364, "alphas35": 19.29164701699331, "alphas36": 2.6961449052020314, "alphas4": 9.77563128461718, "alphas5": 18.818846009262884, "alphas6": 19.55331852629333, "alphas7": 13.658327507993466, "alphas8": 10.150520544522532, "alphas9": 18.18005772210604}, "datetime": {"datetime": "2018-12-12 21:57:12", "elapsed": 1142.785973, "delta": 66.876453}}
{"target": 0.07144277574640966, "params": {"alphas0": 8.774754361888368, "alphas1": 7.736935189083976, "alphas10": 19.248113495213847, "alphas11": 5.864636544529899, "alphas12": 5.200961128665675, "alphas13": 2.1176267329402543, "alphas14": 0.6111895236345877, "alphas15": 15.729390624046989, "alphas16": 3.5412985758417403, "alphas17": 16.102659131608014, "alphas18": 19.32266149810314, "alphas19": 1.2223111189790181, "alphas2": 16.267365704166057, "alphas20": 14.078220534188162, "alphas21": 19.77665555505496, "alphas22": 1.9673812484453612, "alphas23": 16.643704428675832, "alphas24": 12.612896701738945, "alphas25": 1.0530442620267189, "alphas26": 14.626881291804326, "alphas27": 16.400459297477884, "alphas28": 19.06466432167307, "alphas29": 3.061371615752886, "alphas3": 19.634899261535224, "alphas30": 13.944666899617573, "alphas31": 4.871668551067745, "alphas32": 0.5740196414648757, "alphas33": 4.061392602592129, "alphas34": 13.589857958215852, "alphas35": 0.21474096620285987, "alphas36": 19.67340450032104, "alphas4": 19.970944632863393, "alphas5": 16.87072908464023, "alphas6": 4.942582731014684, "alphas7": 19.081104781419572, "alphas8": 13.47387075755256, "alphas9": 19.905955205864558}, "datetime": {"datetime": "2018-12-12 21:58:21", "elapsed": 1211.570084, "delta": 68.784111}}
{"target": 0.07163983796296279, "params": {"alphas0": 19.7423407389298, "alphas1": 17.35070749953184, "alphas10": 0.36580941405077727, "alphas11": 17.25040939011883, "alphas12": 16.042505133045204, "alphas13": 17.414638348178308, "alphas14": 16.612742029298154, "alphas15": 18.45455505192994, "alphas16": 10.068403590111629, "alphas17": 1.0166336108235563, "alphas18": 15.570022264741697, "alphas19": 12.26503236099602, "alphas2": 10.462185635434656, "alphas20": 0.31576745184914934, "alphas21": 19.066576910065262, "alphas22": 4.616525268210614, "alphas23": 11.160513480144829, "alphas24": 4.349370578956697, "alphas25": 15.978084321493162, "alphas26": 1.5282813190515476, "alphas27": 0.3359968581707662, "alphas28": 16.514405351045788, "alphas29": 0.4262939097090568, "alphas3": 19.550571752379582, "alphas30": 16.020092829786584, "alphas31": 1.674163057440754, "alphas32": 3.9005896031509812, "alphas33": 3.7782786711793315, "alphas34": 11.89940150069966, "alphas35": 3.2246297985989436, "alphas36": 15.28609395110621, "alphas4": 10.450673867747685, "alphas5": 19.04913135088496, "alphas6": 14.240723509827884, "alphas7": 18.64550836215968, "alphas8": 3.6940254800443806, "alphas9": 17.553276899360924}, "datetime": {"datetime": "2018-12-12 21:59:34", "elapsed": 1284.187515, "delta": 72.617431}}
{"target": 0.07116452614008556, "params": {"alphas0": 14.280288085380956, "alphas1": 19.761528923516156, "alphas10": 0.17570101717708564, "alphas11": 0.38137306581275343, "alphas12": 2.6268496850052725, "alphas13": 1.6210510070931128, "alphas14": 7.063024379657352, "alphas15": 15.684338054297111, "alphas16": 19.815702727049075, "alphas17": 0.5910461980901283, "alphas18": 18.13631467291705, "alphas19": 15.22850325296194, "alphas2": 13.150080517914642, "alphas20": 19.791940884630435, "alphas21": 1.509516196398577, "alphas22": 16.68686039951242, "alphas23": 6.854705471908584, "alphas24": 4.74654892411624, "alphas25": 15.86684263706636, "alphas26": 13.228607962951326, "alphas27": 0.8499021131945028, "alphas28": 14.764915391842134, "alphas29": 6.228393562818448, "alphas3": 2.225825210795549, "alphas30": 0.6420683825632212, "alphas31": 3.0909574915840277, "alphas32": 19.643247180624666, "alphas33": 15.925029887491045, "alphas34": 18.91562952998329, "alphas35": 0.1633406415688765, "alphas36": 17.041352808894363, "alphas4": 5.349399943760529, "alphas5": 18.94276826973011, "alphas6": 4.784091081987705, "alphas7": 9.178065435602251, "alphas8": 19.053607681473366, "alphas9": 8.350598748562554}, "datetime": {"datetime": "2018-12-12 22:00:45", "elapsed": 1354.985995, "delta": 70.79848}}
{"target": 0.07032769031871987, "params": {"alphas0": 18.82395355027073, "alphas1": 2.4804936082488727, "alphas10": 3.783872455260686, "alphas11": 0.11196892327626884, "alphas12": 15.988482053455185, "alphas13": 2.2043261719719287, "alphas14": 3.6197115654192946, "alphas15": 19.767139926963075, "alphas16": 18.685760421901506, "alphas17": 9.620922680841852, "alphas18": 0.5649070827342828, "alphas19": 1.2571966988482708, "alphas2": 13.758975792371071, "alphas20": 3.936340800498066, "alphas21": 9.723752210790845, "alphas22": 0.025589923454027996, "alphas23": 15.397492975106939, "alphas24": 3.933724981215927, "alphas25": 0.8338728305457588, "alphas26": 16.850724359751446, "alphas27": 2.9510823871773106, "alphas28": 17.80445856757214, "alphas29": 2.0139152874947475, "alphas3": 15.482148630952562, "alphas30": 2.6827421141772634, "alphas31": 18.038363381048065, "alphas32": 4.506894638190698, "alphas33": 17.87760247830362, "alphas34": 13.135391384879993, "alphas35": 2.5121216624854203, "alphas36": 4.42645911992156, "alphas4": 18.853788296976408, "alphas5": 4.252256583426082, "alphas6": 19.86104543892313, "alphas7": 2.275697656535711, "alphas8": 0.8653170508859853, "alphas9": 17.824282624059155}, "datetime": {"datetime": "2018-12-12 22:01:58", "elapsed": 1427.891076, "delta": 72.905081}}
{"target": 0.07114042546926161, "params": {"alphas0": 14.826793205910542, "alphas1": 16.11541944884501, "alphas10": 7.619509500525277, "alphas11": 15.95099062207246, "alphas12": 13.3864555507337, "alphas13": 11.03886188750755, "alphas14": 4.119608335636151, "alphas15": 18.95413777895102, "alphas16": 0.21567926393490255, "alphas17": 3.8870249917707023, "alphas18": 19.228047773456304, "alphas19": 19.166117676150108, "alphas2": 9.678402588116725, "alphas20": 6.278771800360747, "alphas21": 19.519549191036244, "alphas22": 19.415851267837848, "alphas23": 4.665401328642038, "alphas24": 0.23128779054478743, "alphas25": 18.644935273085686, "alphas26": 16.849031613956278, "alphas27": 17.679350263646082, "alphas28": 18.435007618641368, "alphas29": 17.470681516660985, "alphas3": 19.316968134342233, "alphas30": 7.142403590758153, "alphas31": 0.6114576842712038, "alphas32": 0.19104880537734292, "alphas33": 17.62513317147652, "alphas34": 6.0543631629182615, "alphas35": 4.557859234894417, "alphas36": 13.426856803396994, "alphas4": 17.73924588785156, "alphas5": 16.3358559009319, "alphas6": 8.29658384266597, "alphas7": 2.0417300402271943, "alphas8": 18.633901357728234, "alphas9": 0.21470167523763184}, "datetime": {"datetime": "2018-12-12 22:03:12", "elapsed": 1502.168401, "delta": 74.277325}}
{"target": 0.07111744118480715, "params": {"alphas0": 13.820769562481683, "alphas1": 18.67242791582814, "alphas10": 7.576483856511147, "alphas11": 11.546263677829023, "alphas12": 0.3802623894312229, "alphas13": 16.83113274497462, "alphas14": 3.7622519280727174, "alphas15": 13.011667445246498, "alphas16": 13.849305050990687, "alphas17": 19.84843619311225, "alphas18": 9.125707230632106, "alphas19": 17.998948462046222, "alphas2": 5.106140896681442, "alphas20": 0.9097979992246419, "alphas21": 19.697864728595636, "alphas22": 2.062910105598985, "alphas23": 3.4240588787093285, "alphas24": 1.0860676387127643, "alphas25": 18.99732808685749, "alphas26": 17.848126425488534, "alphas27": 8.636982751428102, "alphas28": 6.860537545653487, "alphas29": 0.33664646672314724, "alphas3": 16.044032678525216, "alphas30": 3.7821891881812486, "alphas31": 0.6417141489676204, "alphas32": 1.64002265568167, "alphas33": 6.29846647419722, "alphas34": 11.183787744224663, "alphas35": 19.336869457752435, "alphas36": 14.223869642881555, "alphas4": 1.5032193616250744, "alphas5": 17.26469256796149, "alphas6": 16.138525725129373, "alphas7": 18.723084711365868, "alphas8": 14.093761690996981, "alphas9": 19.720982370538014}, "datetime": {"datetime": "2018-12-12 22:04:22", "elapsed": 1572.34363, "delta": 70.175229}}
{"target": 0.07169346282123948, "params": {"alphas0": 17.37603154474245, "alphas1": 19.279228378936345, "alphas10": 19.455526816033753, "alphas11": 19.144227375436646, "alphas12": 2.993434498975811, "alphas13": 0.21604218229390515, "alphas14": 9.912275959850327, "alphas15": 15.330332472986896, "alphas16": 12.722597364285555, "alphas17": 15.202622908625056, "alphas18": 18.888032828739945, "alphas19": 12.229793332415188, "alphas2": 12.692789006602752, "alphas20": 2.2323026402830237, "alphas21": 17.67906090416607, "alphas22": 0.6463006169675101, "alphas23": 5.220876952035029, "alphas24": 18.80501495142793, "alphas25": 11.187380508405054, "alphas26": 19.184788576443175, "alphas27": 5.266287506504548, "alphas28": 19.612780491258942, "alphas29": 9.597907475218967, "alphas3": 19.48788551899098, "alphas30": 0.9092370016661566, "alphas31": 2.402693098334008, "alphas32": 18.977742888860995, "alphas33": 10.953974940659956, "alphas34": 15.801884655579883, "alphas35": 1.573978811234702, "alphas36": 19.44257777420534, "alphas4": 19.33070706441246, "alphas5": 12.287823620567192, "alphas6": 19.63001704307524, "alphas7": 13.811934414836166, "alphas8": 9.903646765960023, "alphas9": 4.900344229919789}, "datetime": {"datetime": "2018-12-12 22:05:33", "elapsed": 1643.141339, "delta": 70.797709}}
{"target": 0.07111273680398082, "params": {"alphas0": 5.84111357119885, "alphas1": 12.142635708544184, "alphas10": 13.719845594461093, "alphas11": 11.233408347949332, "alphas12": 0.18597361923136546, "alphas13": 2.1848105074408353, "alphas14": 12.668434705492789, "alphas15": 10.209354858472889, "alphas16": 19.33653741343303, "alphas17": 3.1279999849224205, "alphas18": 16.98668004152375, "alphas19": 16.033039331253732, "alphas2": 19.74108324989484, "alphas20": 5.4075214390437125, "alphas21": 6.757997798454287, "alphas22": 18.286508914778363, "alphas23": 1.332813773704964, "alphas24": 18.59568014117706, "alphas25": 6.095307124571445, "alphas26": 0.7750959175214289, "alphas27": 0.21298232993546495, "alphas28": 18.2362816561678, "alphas29": 4.297275738394082, "alphas3": 1.8559971557847121, "alphas30": 16.827615103569514, "alphas31": 1.7309675720580264, "alphas32": 1.163358459626318, "alphas33": 18.70774748644211, "alphas34": 7.9711064361447885, "alphas35": 18.343927352200634, "alphas36": 16.70470312359327, "alphas4": 5.088842912246823, "alphas5": 18.78998913143512, "alphas6": 18.485490529535898, "alphas7": 1.0999467628492088, "alphas8": 9.193372365597147, "alphas9": 1.8852362330561356}, "datetime": {"datetime": "2018-12-12 22:06:44", "elapsed": 1714.399589, "delta": 71.25825}}
