{"target": 0.0717280811602418, "params": {"alphas0": 13.596206894296824, "alphas1": 19.250522067139006, "alphas10": 18.478383245363016, "alphas11": 5.958700838897933, "alphas12": 19.35318716209742, "alphas13": 3.1963669750604162, "alphas14": 7.7182002010861055, "alphas15": 6.1086778537186515, "alphas16": 0.4564987003066734, "alphas17": 2.311776149543976, "alphas18": 19.485801328728655, "alphas19": 4.4084311370821005, "alphas2": 17.321508446422996, "alphas20": 8.945328143630501, "alphas21": 19.838867441896884, "alphas22": 19.19089500923297, "alphas23": 2.064157015552075, "alphas24": 18.826533821742814, "alphas25": 7.237679383799803, "alphas26": 0.3651534047461902, "alphas27": 0.15163898252836594, "alphas28": 6.361033455262238, "alphas29": 0.37755862374861504, "alphas3": 2.418202783879295, "alphas30": 0.4533245712870726, "alphas31": 2.2914013719729875, "alphas32": 0.6296340771249898, "alphas33": 16.421940233411256, "alphas34": 17.233823453907156, "alphas35": 1.1694178035463398, "alphas36": 4.760826536960345, "alphas4": 11.576394578963711, "alphas5": 13.731803986671911, "alphas6": 9.584443743269901, "alphas7": 4.44910047647709, "alphas8": 1.633547068654988, "alphas9": 9.55388362755842}, "datetime": {"datetime": "2018-12-12 23:30:41", "elapsed": 6751.079858, "delta": 88.521882}}
{"target": 0.07151782742819342, "params": {"alphas0": 18.916932046945846, "alphas1": 15.322700949458632, "alphas10": 2.1941679849122386, "alphas11": 19.979882383097628, "alphas12": 11.533377781531094, "alphas13": 3.314525058196327, "alphas14": 4.562892313972526, "alphas15": 3.839212659908926, "alphas16": 18.804744605202718, "alphas17": 15.840670208047413, "alphas18": 2.6589992040916344, "alphas19": 18.65752189338912, "alphas2": 14.474589462276072, "alphas20": 19.230853079253944, "alphas21": 18.41927307156051, "alphas22": 14.154099385331563, "alphas23": 14.595153533742625, "alphas24": 18.58213172107021, "alphas25": 18.160098473248244, "alphas26": 8.698417870266555, "alphas27": 19.127730699600686, "alphas28": 17.749793975180513, "alphas29": 4.382797631232458, "alphas3": 6.68258539588694, "alphas30": 1.468831152869563, "alphas31": 1.4297868909980105, "alphas32": 19.893900346292178, "alphas33": 5.87180582450098, "alphas34": 17.355332373956678, "alphas35": 5.162592747214401, "alphas36": 4.854657231321888, "alphas4": 2.6793323152714033, "alphas5": 16.841579568811408, "alphas6": 9.17698164614482, "alphas7": 16.26012260429797, "alphas8": 1.1202356675583602, "alphas9": 14.022992979183478}, "datetime": {"datetime": "2018-12-12 23:32:05", "elapsed": 6835.080005, "delta": 84.000147}}
{"target": 0.07208001256613752, "params": {"alphas0": 15.220883150254181, "alphas1": 16.969734689510908, "alphas10": 9.328650027369106, "alphas11": 17.690694035036508, "alphas12": 18.431589602349725, "alphas13": 0.2482603674012518, "alphas14": 6.516781755702028, "alphas15": 11.585835827702837, "alphas16": 17.95919437056035, "alphas17": 7.110633993288626, "alphas18": 3.1240797996932312, "alphas19": 9.496062618457753, "alphas2": 17.669000835029216, "alphas20": 19.708724677090977, "alphas21": 17.64970943073135, "alphas22": 17.092411371927973, "alphas23": 0.273214302399456, "alphas24": 10.336351331768688, "alphas25": 7.985854666087661, "alphas26": 0.23295920740205034, "alphas27": 18.743808919251716, "alphas28": 16.41684099905428, "alphas29": 7.574240609875284, "alphas3": 17.099201792756123, "alphas30": 5.921446264480785, "alphas31": 4.10118667015404, "alphas32": 12.847780371637649, "alphas33": 0.3779115463385607, "alphas34": 0.108134822933037, "alphas35": 13.850690378040078, "alphas36": 15.620508636878528, "alphas4": 2.9303223725623617, "alphas5": 13.590336282787677, "alphas6": 18.040183009853582, "alphas7": 19.482566713329327, "alphas8": 1.801377379827469, "alphas9": 1.2469558107693524}, "datetime": {"datetime": "2018-12-12 23:33:29", "elapsed": 6919.151357, "delta": 84.071352}}
{"target": 0.07221639750251933, "params": {"alphas0": 16.171238166420412, "alphas1": 19.957862663203912, "alphas10": 5.358973681970403, "alphas11": 18.579765503339548, "alphas12": 19.93015184086322, "alphas13": 1.3736318410970139, "alphas14": 0.7706570858438422, "alphas15": 4.760546916935957, "alphas16": 18.497143220114197, "alphas17": 17.981572477570097, "alphas18": 1.930941288072665, "alphas19": 13.721770391090802, "alphas2": 18.862004749391858, "alphas20": 7.082847582132478, "alphas21": 17.063637879360755, "alphas22": 15.933861485918504, "alphas23": 5.270079539079003, "alphas24": 3.2710912723326935, "alphas25": 16.910691307007106, "alphas26": 0.38981725684478663, "alphas27": 8.579768345107727, "alphas28": 0.20886466673153192, "alphas29": 3.1897051828177703, "alphas3": 19.827254083515015, "alphas30": 11.610560278903527, "alphas31": 3.666783977626673, "alphas32": 4.879640194571935, "alphas33": 0.687622635138041, "alphas34": 10.028760145273196, "alphas35": 6.352541721240108, "alphas36": 14.715324927780408, "alphas4": 12.910377820432169, "alphas5": 14.238373428358086, "alphas6": 13.198017139821888, "alphas7": 5.591348224281321, "alphas8": 4.98624640120058, "alphas9": 12.898295095352614}, "datetime": {"datetime": "2018-12-12 23:34:57", "elapsed": 7007.106242, "delta": 87.954885}}
{"target": 0.07200392724867713, "params": {"alphas0": 19.093876888488182, "alphas1": 17.424364952600214, "alphas10": 0.8478678350273738, "alphas11": 18.55825838139814, "alphas12": 1.8712458922362463, "alphas13": 4.151735550226037, "alphas14": 16.173264998231815, "alphas15": 4.414006086722326, "alphas16": 8.075815529508258, "alphas17": 12.732203281806518, "alphas18": 8.129044848346172, "alphas19": 5.189760545114157, "alphas2": 19.768487074378392, "alphas20": 14.074838163672155, "alphas21": 18.062438669183795, "alphas22": 1.9577206988189788, "alphas23": 3.09842992184727, "alphas24": 19.051119788119035, "alphas25": 10.137398312989333, "alphas26": 0.23422152657712747, "alphas27": 18.586987680397158, "alphas28": 19.736617256094124, "alphas29": 13.047148136880182, "alphas3": 19.401746291530444, "alphas30": 6.115205230565078, "alphas31": 3.435332256823471, "alphas32": 17.28260479933472, "alphas33": 1.255018649412436, "alphas34": 13.433583980082291, "alphas35": 2.8655195640517217, "alphas36": 17.11266965280599, "alphas4": 14.426094759883464, "alphas5": 17.374428227319875, "alphas6": 3.3388803213123475, "alphas7": 7.812386694361814, "alphas8": 3.25521634375441, "alphas9": 8.827714904900766}, "datetime": {"datetime": "2018-12-12 23:36:19", "elapsed": 7088.92456, "delta": 81.818318}}
{"target": 0.07224986032375919, "params": {"alphas0": 18.517452987523576, "alphas1": 19.055361797550464, "alphas10": 15.945776900137215, "alphas11": 19.25594478672194, "alphas12": 18.74374209909035, "alphas13": 9.880917499207191, "alphas14": 8.989570573382931, "alphas15": 8.706508105885607, "alphas16": 2.729848709399514, "alphas17": 13.278049892471477, "alphas18": 10.008331591345623, "alphas19": 0.732361191162314, "alphas2": 15.304161279568522, "alphas20": 0.023069987794444025, "alphas21": 18.89936440853624, "alphas22": 10.871867960910542, "alphas23": 2.985297005767096, "alphas24": 16.44255661356992, "alphas25": 11.557290528145687, "alphas26": 17.42146533883631, "alphas27": 8.427685972242768, "alphas28": 16.89713695230678, "alphas29": 0.09306339981681067, "alphas3": 14.702293354803832, "alphas30": 0.6118744279010846, "alphas31": 1.1840563031855145, "alphas32": 15.133094060630937, "alphas33": 0.6328863834636578, "alphas34": 2.986261246765207, "alphas35": 11.061469890461769, "alphas36": 19.67098244937294, "alphas4": 7.380120265518166, "alphas5": 4.697873216437991, "alphas6": 7.189175703873629, "alphas7": 18.112651139716235, "alphas8": 16.8048222940801, "alphas9": 19.497681429509207}, "datetime": {"datetime": "2018-12-12 23:37:45", "elapsed": 7174.928906, "delta": 86.004346}}
{"target": 0.07226127261274874, "params": {"alphas0": 17.488156240001643, "alphas1": 18.259583334527814, "alphas10": 4.627557934103638, "alphas11": 10.01529343195916, "alphas12": 9.597948855136133, "alphas13": 14.736148410636778, "alphas14": 0.0550001322315774, "alphas15": 2.549531358175019, "alphas16": 4.412528550945205, "alphas17": 17.52389113351941, "alphas18": 13.560669875252891, "alphas19": 1.4286283633490404, "alphas2": 19.542484335414684, "alphas20": 6.454505019713562, "alphas21": 18.62595140772748, "alphas22": 17.402918670587113, "alphas23": 5.266535235247865, "alphas24": 14.410278974086552, "alphas25": 4.871355308836529, "alphas26": 11.132828156420677, "alphas27": 4.129666578946889, "alphas28": 19.589685083808497, "alphas29": 18.833395905114074, "alphas3": 14.579313499470139, "alphas30": 1.071454740895843, "alphas31": 0.5692621196985281, "alphas32": 19.020461026536456, "alphas33": 13.163098262283404, "alphas34": 2.8687454578141147, "alphas35": 5.290911907386628, "alphas36": 14.405710441129774, "alphas4": 0.9349043318561501, "alphas5": 0.9611500209930823, "alphas6": 17.850065371726323, "alphas7": 19.510608403369535, "alphas8": 0.03008195224061261, "alphas9": 0.21280622280912098}, "datetime": {"datetime": "2018-12-12 23:39:10", "elapsed": 7260.646962, "delta": 85.718056}}
{"target": 0.07175662881078348, "params": {"alphas0": 15.167386090793013, "alphas1": 7.995602974335707, "alphas10": 2.6382878636973617, "alphas11": 19.947078287039137, "alphas12": 14.784727257312412, "alphas13": 0.7450117360657038, "alphas14": 13.753599885072836, "alphas15": 10.685705730162915, "alphas16": 5.966377137938665, "alphas17": 1.3594119486714673, "alphas18": 19.306680410137776, "alphas19": 3.0073823745266948, "alphas2": 19.64540411023146, "alphas20": 17.028556749499316, "alphas21": 18.63777251879638, "alphas22": 9.684902366356178, "alphas23": 5.908246810434945, "alphas24": 8.419633970815902, "alphas25": 8.8088557902771, "alphas26": 0.9575017361864369, "alphas27": 1.6089370659513236, "alphas28": 19.852223279211024, "alphas29": 10.890651049562756, "alphas3": 19.245662251911494, "alphas30": 2.4341793319062455, "alphas31": 2.697048744734436, "alphas32": 3.782821736337114, "alphas33": 0.5757678784475329, "alphas34": 5.240870013162984, "alphas35": 2.7871798667782977, "alphas36": 15.631091476727033, "alphas4": 2.9002823906319786, "alphas5": 13.769644724169483, "alphas6": 6.239193378570532, "alphas7": 3.9359925376806015, "alphas8": 18.597644096349196, "alphas9": 1.2279273431282722}, "datetime": {"datetime": "2018-12-12 23:40:42", "elapsed": 7352.330008, "delta": 91.683046}}
{"target": 0.07198894685374138, "params": {"alphas0": 18.020498353967874, "alphas1": 12.56422852447298, "alphas10": 8.773378600918347, "alphas11": 18.285670304986255, "alphas12": 6.392083741665651, "alphas13": 3.7288810377916293, "alphas14": 0.11236164513166225, "alphas15": 1.6556671950538537, "alphas16": 2.7489863061923403, "alphas17": 10.57113130108961, "alphas18": 1.9314272944069466, "alphas19": 0.7277188063866746, "alphas2": 18.969783622997426, "alphas20": 18.565948094768785, "alphas21": 19.31184305202717, "alphas22": 15.793937752320604, "alphas23": 10.954594162569737, "alphas24": 1.4358794481240555, "alphas25": 5.885837501565387, "alphas26": 4.082389471178285, "alphas27": 15.67703142042605, "alphas28": 9.905884503176843, "alphas29": 0.3142311238390949, "alphas3": 1.786106002646839, "alphas30": 5.077580146504865, "alphas31": 5.916105953294313, "alphas32": 6.246640616292725, "alphas33": 12.947773175761249, "alphas34": 11.890229284213534, "alphas35": 18.32618036522447, "alphas36": 13.379929761826528, "alphas4": 16.581102811652237, "alphas5": 17.77278906113281, "alphas6": 0.26678918820827846, "alphas7": 16.994346522084292, "alphas8": 1.933365009355581, "alphas9": 14.266847045554726}, "datetime": {"datetime": "2018-12-12 23:42:07", "elapsed": 7437.35793, "delta": 85.027922}}
{"target": 0.07174262734630879, "params": {"alphas0": 16.91402106422729, "alphas1": 0.12141479546168066, "alphas10": 2.708797075016387, "alphas11": 12.357439082964044, "alphas12": 17.240797704014398, "alphas13": 5.327867517042872, "alphas14": 0.6842770488888439, "alphas15": 1.3381538683829852, "alphas16": 14.9943417828323, "alphas17": 16.27306256592227, "alphas18": 4.94317301133631, "alphas19": 10.922773809875634, "alphas2": 19.25310177901342, "alphas20": 19.504246817229365, "alphas21": 0.8893436184760928, "alphas22": 19.36032590557709, "alphas23": 15.410934134402645, "alphas24": 18.1511534162363, "alphas25": 15.012875803511395, "alphas26": 0.6317302270712433, "alphas27": 19.062285094552685, "alphas28": 13.31573555819066, "alphas29": 14.094076553313073, "alphas3": 18.030322291008755, "alphas30": 1.9755970101430598, "alphas31": 5.897581846007027, "alphas32": 1.539840248734896, "alphas33": 17.603361519150457, "alphas34": 7.582266473224866, "alphas35": 4.244539150586641, "alphas36": 14.619929219329158, "alphas4": 13.48951401253166, "alphas5": 3.140448894162542, "alphas6": 3.3314671851583633, "alphas7": 19.837293344401903, "alphas8": 18.899656265144163, "alphas9": 18.015454848005433}, "datetime": {"datetime": "2018-12-12 23:43:34", "elapsed": 7524.797874, "delta": 87.439944}}
{"target": 0.07235723502456512, "params": {"alphas0": 19.869818708933373, "alphas1": 15.18869136292511, "alphas10": 11.399935531046753, "alphas11": 18.48190214486696, "alphas12": 6.592222539096857, "alphas13": 15.712828090278425, "alphas14": 16.295400357834236, "alphas15": 0.9770200807671681, "alphas16": 5.088639021556036, "alphas17": 3.93544319698802, "alphas18": 4.041965579831642, "alphas19": 7.371228409144672, "alphas2": 14.61478102544168, "alphas20": 19.445339431263, "alphas21": 18.04801423416938, "alphas22": 16.359303607687032, "alphas23": 5.546792653562198, "alphas24": 15.069138214902312, "alphas25": 9.374039957539926, "alphas26": 2.4891285505847205, "alphas27": 2.262313756827339, "alphas28": 1.0555445634599425, "alphas29": 2.6796181008823905, "alphas3": 19.53584144035547, "alphas30": 0.41929242597799066, "alphas31": 2.6934204062732703, "alphas32": 0.1740960332245156, "alphas33": 17.186484750955774, "alphas34": 3.417879361223435, "alphas35": 0.614052350564569, "alphas36": 15.514372651714696, "alphas4": 1.5186448436278588, "alphas5": 0.017705342396556745, "alphas6": 14.695866739418474, "alphas7": 11.108262931886234, "alphas8": 11.471041667334141, "alphas9": 0.648626072591465}, "datetime": {"datetime": "2018-12-12 23:45:02", "elapsed": 7612.109052, "delta": 87.311178}}
{"target": 0.07175926239292005, "params": {"alphas0": 12.334411902841735, "alphas1": 17.963508724785274, "alphas10": 6.814026933368029, "alphas11": 0.8319148069993054, "alphas12": 4.036494097689218, "alphas13": 2.3778641302316506, "alphas14": 9.883535746078842, "alphas15": 1.144369780702461, "alphas16": 1.8175558240535294, "alphas17": 19.4815659637881, "alphas18": 0.6304721118273315, "alphas19": 7.952382222062775, "alphas2": 16.632117163944994, "alphas20": 17.011448162675094, "alphas21": 18.76267065790853, "alphas22": 6.502968556739182, "alphas23": 17.230110783385438, "alphas24": 11.176661846545482, "alphas25": 16.022650493366772, "alphas26": 16.877768052760317, "alphas27": 17.013984483880293, "alphas28": 16.775866050169775, "alphas29": 4.233909659933515, "alphas3": 15.96654475683739, "alphas30": 12.166441285829567, "alphas31": 0.8413885995447323, "alphas32": 16.51625853911536, "alphas33": 19.307015584854366, "alphas34": 1.0434270049992245, "alphas35": 19.648217755680907, "alphas36": 19.941320293879738, "alphas4": 19.95471405696641, "alphas5": 13.038062153612328, "alphas6": 19.89500192500181, "alphas7": 19.181014683759024, "alphas8": 11.059960366411804, "alphas9": 13.458748478122715}, "datetime": {"datetime": "2018-12-12 23:46:27", "elapsed": 7697.498742, "delta": 85.38969}}
{"target": 0.07182830881519252, "params": {"alphas0": 17.552525349782254, "alphas1": 18.78308672656341, "alphas10": 16.343286450314995, "alphas11": 11.527515248594717, "alphas12": 11.564101724366921, "alphas13": 7.848222227453898, "alphas14": 2.632175810461952, "alphas15": 7.6741856776099215, "alphas16": 5.636837613166827, "alphas17": 19.682640158945407, "alphas18": 1.332857137219421, "alphas19": 0.9774968714196963, "alphas2": 17.68967358944504, "alphas20": 12.797232971952335, "alphas21": 13.317254102761666, "alphas22": 19.530490484582582, "alphas23": 2.0979646716313494, "alphas24": 1.021161761228675, "alphas25": 0.7860966681743564, "alphas26": 0.5911912667972552, "alphas27": 1.1609251273499877, "alphas28": 4.2981707396559, "alphas29": 3.707373245884933, "alphas3": 8.867848686115646, "alphas30": 14.523811514491305, "alphas31": 0.819796700751998, "alphas32": 11.655972606276631, "alphas33": 13.433020003940104, "alphas34": 4.133488645160179, "alphas35": 1.4875671136668212, "alphas36": 11.804230982396769, "alphas4": 4.934524031946525, "alphas5": 7.27304250724562, "alphas6": 17.600371232538492, "alphas7": 18.259064089843257, "alphas8": 13.456448077488954, "alphas9": 14.327242416329675}, "datetime": {"datetime": "2018-12-12 23:48:02", "elapsed": 7792.144404, "delta": 94.645662}}
