{"target": 0.07137390422650516, "params": {"alphas0": 19.38347038715863, "alphas1": 3.576019997144766, "alphas10": 5.359524692231348, "alphas11": 0.8563209420890661, "alphas12": 3.094608593400816, "alphas13": 1.9772414373834768, "alphas14": 17.49118934824792, "alphas15": 7.7515871485207954, "alphas16": 5.527222208000937, "alphas17": 11.235364929706114, "alphas18": 4.399145012632639, "alphas19": 11.602475724322916, "alphas2": 18.064725790053547, "alphas20": 3.1938802467837135, "alphas21": 19.533641758136753, "alphas22": 0.5990369051055144, "alphas23": 5.8621399319121625, "alphas24": 1.4508625903604622, "alphas25": 18.24526782660469, "alphas26": 0.21359209280379154, "alphas27": 19.279206808046126, "alphas28": 3.2526482022184267, "alphas29": 10.555438681854133, "alphas3": 17.702871555380273, "alphas30": 19.803922342996746, "alphas31": 2.2344201466935254, "alphas32": 0.3152373114335183, "alphas33": 19.561515756582008, "alphas34": 19.49053393073376, "alphas35": 6.191870215740163, "alphas36": 15.41253305666946, "alphas4": 5.6161202592859265, "alphas5": 0.7753771474143512, "alphas6": 0.2912003005211905, "alphas7": 0.47757164469194313, "alphas8": 19.848226713817127, "alphas9": 7.1110209964749345}, "datetime": {"datetime": "2018-12-12 22:48:03", "elapsed": 4193.240283, "delta": 79.097702}}
{"target": 0.07190564753401361, "params": {"alphas0": 19.744465820037377, "alphas1": 13.26920576799708, "alphas10": 15.738689199474205, "alphas11": 1.941759166941197, "alphas12": 3.7063754548500905, "alphas13": 4.0895916778602315, "alphas14": 5.508494555425298, "alphas15": 1.9852648792926453, "alphas16": 15.47676343327309, "alphas17": 16.153398140788344, "alphas18": 18.438715335593244, "alphas19": 1.974929566462238, "alphas2": 16.318899175257346, "alphas20": 19.970187560739706, "alphas21": 13.915962073052604, "alphas22": 10.043654407236062, "alphas23": 7.785229810552368, "alphas24": 0.025352640787339453, "alphas25": 12.299475596210046, "alphas26": 5.715614807431724, "alphas27": 0.7756244490370023, "alphas28": 1.3023292461072966, "alphas29": 3.366860870387114, "alphas3": 3.8707953688929786, "alphas30": 4.151939163106466, "alphas31": 3.446678878899112, "alphas32": 8.48974787701935, "alphas33": 5.974616699789741, "alphas34": 17.210861417446708, "alphas35": 14.535368534131333, "alphas36": 18.867008839656865, "alphas4": 18.10853968268458, "alphas5": 1.8191864401696867, "alphas6": 3.340431169717488, "alphas7": 15.63894717331737, "alphas8": 0.4886718001220691, "alphas9": 0.5884564462486752}, "datetime": {"datetime": "2018-12-12 22:49:20", "elapsed": 4270.840376, "delta": 77.600093}}
{"target": 0.07171946474237834, "params": {"alphas0": 14.775333328341254, "alphas1": 6.695013512685728, "alphas10": 17.953641372739206, "alphas11": 13.974305674756556, "alphas12": 15.606089534234169, "alphas13": 0.43401415574747526, "alphas14": 15.4849678836683, "alphas15": 5.305616773959185, "alphas16": 1.0202879139609977, "alphas17": 15.61960573521301, "alphas18": 3.5673160646729496, "alphas19": 1.5677383939410294, "alphas2": 19.79587775226694, "alphas20": 0.9413765151066356, "alphas21": 19.375518180004978, "alphas22": 2.992103967741737, "alphas23": 13.82218371392996, "alphas24": 9.473265610837354, "alphas25": 2.0606033322751705, "alphas26": 2.674574589005325, "alphas27": 0.9839774503734078, "alphas28": 11.624906654609353, "alphas29": 19.847907337516585, "alphas3": 18.919700086723477, "alphas30": 3.6311450406756385, "alphas31": 1.369978501541993, "alphas32": 13.080554936507362, "alphas33": 19.868987542913757, "alphas34": 11.830692937680494, "alphas35": 19.716262659158133, "alphas36": 2.532970736259339, "alphas4": 19.849293534514103, "alphas5": 19.003585923186407, "alphas6": 3.0057892820424015, "alphas7": 18.98537368641619, "alphas8": 16.65692121785719, "alphas9": 11.841942767244918}, "datetime": {"datetime": "2018-12-12 22:50:38", "elapsed": 4348.619277, "delta": 77.778901}}
{"target": 0.0718977345521543, "params": {"alphas0": 18.484559664781774, "alphas1": 6.88977359537803, "alphas10": 9.921417607459757, "alphas11": 3.022122509927625, "alphas12": 2.3006556631736874, "alphas13": 3.389540159049702, "alphas14": 0.8531182692288719, "alphas15": 11.91585774657809, "alphas16": 15.43793284394457, "alphas17": 2.7425853919924803, "alphas18": 16.619609988979743, "alphas19": 1.476458441254762, "alphas2": 19.076637018599534, "alphas20": 4.043190500639529, "alphas21": 14.593795419974247, "alphas22": 5.888775496399479, "alphas23": 0.8373270757545903, "alphas24": 7.576756212122884, "alphas25": 16.851394296506093, "alphas26": 1.9262347106257205, "alphas27": 4.476478318610841, "alphas28": 17.763255901745328, "alphas29": 17.717619124237846, "alphas3": 19.13715155510788, "alphas30": 2.324462294920757, "alphas31": 0.1912522590241328, "alphas32": 8.580073130096688, "alphas33": 1.9851154858105424, "alphas34": 7.990091548614757, "alphas35": 2.349222600513572, "alphas36": 19.38613178491353, "alphas4": 18.115636375703435, "alphas5": 19.956975654704372, "alphas6": 4.010861141653155, "alphas7": 13.559810980971614, "alphas8": 15.995780402392182, "alphas9": 14.224692937772945}, "datetime": {"datetime": "2018-12-12 22:51:57", "elapsed": 4427.479657, "delta": 78.86038}}
{"target": 0.07159945393990913, "params": {"alphas0": 17.05961197920687, "alphas1": 18.013056246760662, "alphas10": 8.501441043686473, "alphas11": 16.918462307216927, "alphas12": 18.932160318203376, "alphas13": 3.536845499277257, "alphas14": 19.886531381264078, "alphas15": 3.1037536294879153, "alphas16": 4.087875879143681, "alphas17": 1.2888272446577664, "alphas18": 18.15661607516591, "alphas19": 5.773761799659756, "alphas2": 15.169895885815706, "alphas20": 4.658406394086356, "alphas21": 19.88829860128014, "alphas22": 0.8723702089694374, "alphas23": 0.5297151224581387, "alphas24": 0.9006735256278597, "alphas25": 7.221383656815128, "alphas26": 4.888209009255822, "alphas27": 17.876844468635845, "alphas28": 10.249148957767337, "alphas29": 1.0290382849828172, "alphas3": 11.363290051994447, "alphas30": 4.657291594514296, "alphas31": 1.199958855752834, "alphas32": 19.049202393111162, "alphas33": 7.079569218863416, "alphas34": 9.060071543475917, "alphas35": 18.773682256952092, "alphas36": 19.744332960073905, "alphas4": 18.49279785879053, "alphas5": 13.321553304845313, "alphas6": 17.008567510961033, "alphas7": 1.0782743936500938, "alphas8": 18.401694675292934, "alphas9": 14.593887031578172}, "datetime": {"datetime": "2018-12-12 22:53:16", "elapsed": 4505.898301, "delta": 78.418644}}
{"target": 0.07176283464033754, "params": {"alphas0": 13.86088510031757, "alphas1": 10.429063469292421, "alphas10": 14.16182679546452, "alphas11": 17.889298617850976, "alphas12": 17.9315980919391, "alphas13": 6.66222144994868, "alphas14": 0.44890037255086224, "alphas15": 1.907309378415556, "alphas16": 8.499182734013814, "alphas17": 17.762027036941355, "alphas18": 0.1868411591736674, "alphas19": 10.138428897471348, "alphas2": 6.074226772526261, "alphas20": 18.729880413892307, "alphas21": 8.896006839741153, "alphas22": 5.880257100945732, "alphas23": 0.2682614091170654, "alphas24": 18.74812898622414, "alphas25": 14.369398218095512, "alphas26": 4.595184987627807, "alphas27": 19.850705253141324, "alphas28": 18.354929386681206, "alphas29": 1.67957179056474, "alphas3": 5.857256608150823, "alphas30": 0.21313572002320758, "alphas31": 0.10765621482017096, "alphas32": 1.5402498454673186, "alphas33": 5.26545215405428, "alphas34": 17.877617001794064, "alphas35": 14.3000501597883, "alphas36": 16.692300009876252, "alphas4": 0.40586324429041865, "alphas5": 10.375104558111927, "alphas6": 19.564785946830764, "alphas7": 0.4919223989366728, "alphas8": 14.420066739482078, "alphas9": 19.961907862744933}, "datetime": {"datetime": "2018-12-12 22:54:32", "elapsed": 4582.182724, "delta": 76.284423}}
{"target": 0.07149965014802205, "params": {"alphas0": 19.791344168570355, "alphas1": 6.536628026454934, "alphas10": 2.3971924931740918, "alphas11": 19.092208821444427, "alphas12": 17.85774309604122, "alphas13": 17.51705404946647, "alphas14": 15.161342372527468, "alphas15": 0.21906667856805173, "alphas16": 8.644523319893043, "alphas17": 17.807935752699887, "alphas18": 2.074288829363944, "alphas19": 17.884690558715285, "alphas2": 19.7949362165754, "alphas20": 18.006238602887727, "alphas21": 18.151683819162873, "alphas22": 16.238410270187188, "alphas23": 7.086878368669867, "alphas24": 13.573878255476991, "alphas25": 17.178608174002477, "alphas26": 0.6655119386172381, "alphas27": 18.009052806023565, "alphas28": 10.15175850875577, "alphas29": 11.959729523817298, "alphas3": 14.831465618292555, "alphas30": 0.6912890539707783, "alphas31": 17.518207244866353, "alphas32": 18.45064366699778, "alphas33": 1.0984013963391392, "alphas34": 16.679503756969876, "alphas35": 19.471200852595643, "alphas36": 15.611575120111292, "alphas4": 4.581190701757785, "alphas5": 19.92608682835981, "alphas6": 1.2689870426052496, "alphas7": 1.1824874510012484, "alphas8": 18.729244468121756, "alphas9": 19.70619100304934}, "datetime": {"datetime": "2018-12-12 22:55:49", "elapsed": 4659.476134, "delta": 77.29341}}
{"target": 0.07108555919312172, "params": {"alphas0": 17.8666728658155, "alphas1": 19.787263887721494, "alphas10": 19.69893362512552, "alphas11": 17.0180982969025, "alphas12": 13.845969187815037, "alphas13": 1.4502879995706563, "alphas14": 17.686854717914365, "alphas15": 17.34674438718855, "alphas16": 14.171436138830483, "alphas17": 13.031299174254112, "alphas18": 19.30753537627661, "alphas19": 17.06718485734149, "alphas2": 18.024362372907518, "alphas20": 13.845155001904848, "alphas21": 15.24565345079047, "alphas22": 19.106345667336427, "alphas23": 4.787297899176551, "alphas24": 13.235373339446031, "alphas25": 5.540960691839887, "alphas26": 13.013177879724138, "alphas27": 13.32243335258676, "alphas28": 14.725015528123697, "alphas29": 0.22218513169800502, "alphas3": 19.89360897173081, "alphas30": 0.3737026136704502, "alphas31": 2.1685926949873746, "alphas32": 16.769487783383056, "alphas33": 3.5890839057828816, "alphas34": 1.53858169580394, "alphas35": 16.27089700332723, "alphas36": 1.1966564636685595, "alphas4": 0.28701705016992207, "alphas5": 12.479231874211168, "alphas6": 16.557994433822376, "alphas7": 13.787732082148986, "alphas8": 16.052728114337743, "alphas9": 0.8253893749874441}, "datetime": {"datetime": "2018-12-12 22:57:05", "elapsed": 4734.927871, "delta": 75.451737}}
{"target": 0.07135928470647517, "params": {"alphas0": 14.568508692853337, "alphas1": 19.61269555393006, "alphas10": 6.691922216816328, "alphas11": 4.763574795197698, "alphas12": 5.79328198733386, "alphas13": 2.6925729609657023, "alphas14": 17.82810493950693, "alphas15": 2.310278501152445, "alphas16": 15.31867632200605, "alphas17": 17.234098283701417, "alphas18": 19.673772935565193, "alphas19": 16.316762810197076, "alphas2": 19.664643028509662, "alphas20": 5.647902464929906, "alphas21": 16.97980129722122, "alphas22": 17.678260803031694, "alphas23": 2.4944832544708695, "alphas24": 18.45529799381112, "alphas25": 5.240669314599577, "alphas26": 14.396110133277835, "alphas27": 6.547194988935557, "alphas28": 5.25693988669742, "alphas29": 17.846491487602115, "alphas3": 0.033676965080020604, "alphas30": 2.1070025531753145, "alphas31": 1.4383469522264347, "alphas32": 14.065532461915833, "alphas33": 15.396345868715127, "alphas34": 0.8597141681991927, "alphas35": 14.710705744243167, "alphas36": 17.736198364172427, "alphas4": 0.6408196367202668, "alphas5": 16.97312747877781, "alphas6": 9.248023608510001, "alphas7": 19.48530421975719, "alphas8": 18.471716218325803, "alphas9": 18.616905654720664}, "datetime": {"datetime": "2018-12-12 22:58:25", "elapsed": 4815.826071, "delta": 80.8982}}
{"target": 0.07174621751385725, "params": {"alphas0": 14.7724152558886, "alphas1": 3.0157016691416483, "alphas10": 9.70131891369374, "alphas11": 15.657737248347585, "alphas12": 1.9287507186508157, "alphas13": 3.9786234612573645, "alphas14": 18.801367213994588, "alphas15": 19.21287608489749, "alphas16": 4.885530874614079, "alphas17": 0.2113294530237142, "alphas18": 2.477252641123273, "alphas19": 9.634272732294109, "alphas2": 19.692472132770927, "alphas20": 18.14875508118564, "alphas21": 18.56662413521408, "alphas22": 19.26614225588819, "alphas23": 5.88672935004559, "alphas24": 3.0848701867080353, "alphas25": 0.24249129022721805, "alphas26": 12.213444424268038, "alphas27": 17.412145831673918, "alphas28": 1.7581857569854087, "alphas29": 6.813235772116169, "alphas3": 19.405849307473016, "alphas30": 4.599691908722344, "alphas31": 0.8209473734996475, "alphas32": 1.5962904574778891, "alphas33": 17.71656763994966, "alphas34": 16.523513217224213, "alphas35": 19.839775936147145, "alphas36": 14.41207520579157, "alphas4": 0.6602126889797266, "alphas5": 16.932025697870603, "alphas6": 17.137510984695872, "alphas7": 13.029904808725352, "alphas8": 14.348655093486997, "alphas9": 18.8334639242229}, "datetime": {"datetime": "2018-12-12 22:59:44", "elapsed": 4894.621297, "delta": 78.795226}}
{"target": 0.07191981448412699, "params": {"alphas0": 17.78702058178672, "alphas1": 10.197025910689133, "alphas10": 16.375792365497674, "alphas11": 15.614495942246558, "alphas12": 5.1515657585132875, "alphas13": 0.08280371250995122, "alphas14": 15.78439873788003, "alphas15": 1.4530421328186693, "alphas16": 2.869736959081566, "alphas17": 12.65051882290242, "alphas18": 6.851100925178645, "alphas19": 16.036189544275466, "alphas2": 17.3802638792352, "alphas20": 14.226691433156798, "alphas21": 15.868068117243654, "alphas22": 19.494689014216448, "alphas23": 13.073979527398766, "alphas24": 7.286854281325265, "alphas25": 18.863274995926318, "alphas26": 1.7290078209464865, "alphas27": 0.0333976251132051, "alphas28": 19.94683144472746, "alphas29": 6.227257478953865, "alphas3": 17.862867458265917, "alphas30": 18.94989757969131, "alphas31": 1.958633610572802, "alphas32": 2.9763175352783366, "alphas33": 4.134243431247286, "alphas34": 12.945914123161382, "alphas35": 17.68762891923953, "alphas36": 18.334512867791798, "alphas4": 3.2090787700549073, "alphas5": 19.47868202466158, "alphas6": 4.969466152285915, "alphas7": 8.505300576881496, "alphas8": 6.558904615860768, "alphas9": 12.911901890333814}, "datetime": {"datetime": "2018-12-12 23:01:05", "elapsed": 4975.745607, "delta": 81.12431}}
{"target": 0.07148985523746533, "params": {"alphas0": 17.35057443814525, "alphas1": 15.37732426072212, "alphas10": 19.794513827195534, "alphas11": 10.213054161000263, "alphas12": 19.35446497626861, "alphas13": 0.5577352878803432, "alphas14": 19.110896394803238, "alphas15": 5.120855637930393, "alphas16": 16.581888176288924, "alphas17": 1.6964949683511366, "alphas18": 0.8628667293138026, "alphas19": 10.603615062056518, "alphas2": 13.880017687998606, "alphas20": 19.839141297563938, "alphas21": 11.19423608898719, "alphas22": 19.669455373666395, "alphas23": 19.342037391702384, "alphas24": 0.28556758410577476, "alphas25": 19.25153669765145, "alphas26": 12.641758055398551, "alphas27": 4.534474493585883, "alphas28": 0.1173836993880828, "alphas29": 3.055025638414419, "alphas3": 16.452991983670316, "alphas30": 6.8022217226336075, "alphas31": 10.418492673296969, "alphas32": 0.2907642569069613, "alphas33": 2.023034325632711, "alphas34": 18.231204449560792, "alphas35": 13.845042419208163, "alphas36": 19.279474632729666, "alphas4": 13.478432144940385, "alphas5": 18.65260299121342, "alphas6": 14.237586917100838, "alphas7": 16.59471565971485, "alphas8": 4.4058369762426, "alphas9": 16.64785849769881}, "datetime": {"datetime": "2018-12-12 23:02:21", "elapsed": 5051.620122, "delta": 75.874515}}
{"target": 0.0715122312610229, "params": {"alphas0": 14.874590471887554, "alphas1": 1.1703791235603633, "alphas10": 10.35587786035273, "alphas11": 19.583068676632877, "alphas12": 13.86311265210277, "alphas13": 1.6136925141004665, "alphas14": 0.2939090429181834, "alphas15": 4.60317432072499, "alphas16": 18.27629469931967, "alphas17": 1.1045926517297122, "alphas18": 15.094234178732682, "alphas19": 1.9321351768291373, "alphas2": 18.917928397561344, "alphas20": 4.200625325449625, "alphas21": 19.433198443395316, "alphas22": 1.2671672493014041, "alphas23": 1.4694495133745855, "alphas24": 4.502565764499893, "alphas25": 5.845321642126673, "alphas26": 18.63541975989658, "alphas27": 12.918299212259257, "alphas28": 17.703647860211824, "alphas29": 4.11550511757593, "alphas3": 17.051458212336055, "alphas30": 0.5439643587288301, "alphas31": 1.9816932259525144, "alphas32": 12.534350057883723, "alphas33": 5.366457656283727, "alphas34": 15.495090627219362, "alphas35": 15.180535557078256, "alphas36": 4.953498296307348, "alphas4": 8.532185267270002, "alphas5": 2.654414808387997, "alphas6": 1.7912245370239588, "alphas7": 18.372648515640485, "alphas8": 5.577087519555177, "alphas9": 13.349631234322315}, "datetime": {"datetime": "2018-12-12 23:03:41", "elapsed": 5130.901047, "delta": 79.280925}}
{"target": 0.0706647634164777, "params": {"alphas0": 16.038822440867094, "alphas1": 14.732813339548285, "alphas10": 14.993624138630725, "alphas11": 5.59158731672003, "alphas12": 6.326672920740282, "alphas13": 1.1055069449320376, "alphas14": 19.765990664052044, "alphas15": 4.490240232603671, "alphas16": 7.060564444993533, "alphas17": 16.61062715779761, "alphas18": 18.48181140579631, "alphas19": 8.780106646961938, "alphas2": 2.1942112118283186, "alphas20": 13.419502429629764, "alphas21": 7.311880739453804, "alphas22": 0.14196934671401262, "alphas23": 3.491401426969294, "alphas24": 4.8671362699124465, "alphas25": 15.851823729417422, "alphas26": 0.8319579603838845, "alphas27": 0.17647617697236884, "alphas28": 0.8020850861722728, "alphas29": 3.7337165769121716, "alphas3": 1.8373984188316372, "alphas30": 10.898311022445554, "alphas31": 0.2157627338364776, "alphas32": 3.249525147781609, "alphas33": 9.341086552303741, "alphas34": 19.79684189126287, "alphas35": 17.66079478441224, "alphas36": 17.838071247963892, "alphas4": 17.651611724496792, "alphas5": 15.5398129087433, "alphas6": 17.84683566728835, "alphas7": 18.523134921653675, "alphas8": 18.78443351027562, "alphas9": 14.447702111030392}, "datetime": {"datetime": "2018-12-12 23:05:00", "elapsed": 5210.262087, "delta": 79.36104}}
{"target": 0.07201614970710483, "params": {"alphas0": 18.03517360252505, "alphas1": 11.256681202822927, "alphas10": 4.059671274893555, "alphas11": 17.811789495250153, "alphas12": 1.730826282135458, "alphas13": 1.773010510736861, "alphas14": 16.523316013300466, "alphas15": 1.4883031690270676, "alphas16": 19.052959096390396, "alphas17": 16.960831925816645, "alphas18": 1.4587969270709378, "alphas19": 19.998265834144934, "alphas2": 18.861117369885434, "alphas20": 17.6212081561408, "alphas21": 3.4184858352011904, "alphas22": 14.608241347205396, "alphas23": 6.079145602759906, "alphas24": 8.729640826342065, "alphas25": 2.5414197248405124, "alphas26": 6.937961249437745, "alphas27": 2.0380102839942293, "alphas28": 13.794978548864595, "alphas29": 14.284167809223634, "alphas3": 16.92376325369682, "alphas30": 0.8752000419805439, "alphas31": 0.4327488523176748, "alphas32": 1.811766734505047, "alphas33": 8.423663648309994, "alphas34": 2.55069482486858, "alphas35": 2.8380583219024746, "alphas36": 16.39280231165761, "alphas4": 18.840101733717585, "alphas5": 18.784099636995776, "alphas6": 0.09006241694951012, "alphas7": 6.4186337230305535, "alphas8": 15.881828660525912, "alphas9": 4.801471995339268}, "datetime": {"datetime": "2018-12-12 23:06:16", "elapsed": 5286.44461, "delta": 76.182523}}
{"target": 0.07173767482363298, "params": {"alphas0": 18.734656473382223, "alphas1": 1.0619650108595824, "alphas10": 13.643653342020539, "alphas11": 19.731445488336014, "alphas12": 15.919706728696251, "alphas13": 7.9085326287144415, "alphas14": 19.94788932999578, "alphas15": 0.3863338894727497, "alphas16": 1.3870129798289965, "alphas17": 6.658124282670959, "alphas18": 1.049635491950165, "alphas19": 1.3084408421903304, "alphas2": 11.165604241752362, "alphas20": 13.683170032850153, "alphas21": 16.923371830604815, "alphas22": 13.615802132450774, "alphas23": 3.592139506519554, "alphas24": 5.7989615623172375, "alphas25": 1.377174284223217, "alphas26": 2.455061031011201, "alphas27": 3.089358741168393, "alphas28": 17.445980325525298, "alphas29": 1.2778041664237971, "alphas3": 16.282087930957335, "alphas30": 6.43756158209735, "alphas31": 4.922300883853607, "alphas32": 0.728053490285161, "alphas33": 1.9553203608187508, "alphas34": 4.274798900653172, "alphas35": 0.07563263032479339, "alphas36": 12.809879886233395, "alphas4": 2.2626467424984464, "alphas5": 18.133811503749953, "alphas6": 2.1045102822589734, "alphas7": 1.210361702432472, "alphas8": 15.029020130724412, "alphas9": 6.793815265988337}, "datetime": {"datetime": "2018-12-12 23:07:33", "elapsed": 5363.112437, "delta": 76.667827}}
