{"target": 0.07192175565318724, "params": {"alphas0": 9.65053134409519, "alphas1": 15.486359173291344, "alphas10": 17.362885191822134, "alphas11": 4.6897728087620365, "alphas12": 12.501671472841823, "alphas13": 8.812874614605953, "alphas14": 1.3068428716500313, "alphas15": 1.9598769958750384, "alphas16": 8.767697681139019, "alphas17": 18.41656278474752, "alphas18": 6.731547454278248, "alphas19": 2.4919183245395327, "alphas2": 19.558947371303148, "alphas20": 19.39338766224359, "alphas21": 17.024763846087797, "alphas22": 11.785332439370999, "alphas23": 5.359900787981475, "alphas24": 19.026463246463397, "alphas25": 15.057702392108009, "alphas26": 1.6155045272017121, "alphas27": 10.290827736346731, "alphas28": 18.191252001702896, "alphas29": 18.369662887606026, "alphas3": 19.23996767274447, "alphas30": 5.718323662155473, "alphas31": 0.2437264554596652, "alphas32": 3.694276246320478, "alphas33": 3.219543076511926, "alphas34": 0.8087110429751965, "alphas35": 10.261221969781909, "alphas36": 5.385217244215226, "alphas4": 0.7794397169013156, "alphas5": 19.275895440167943, "alphas6": 9.41746753586046, "alphas7": 0.20477765932970238, "alphas8": 19.148522240338476, "alphas9": 2.1853719324805687}, "datetime": {"datetime": "2018-12-12 23:08:51", "elapsed": 5441.477805, "delta": 78.365368}}
{"target": 0.07135083830939776, "params": {"alphas0": 19.29382756434849, "alphas1": 14.356453649257318, "alphas10": 17.840500890271784, "alphas11": 15.179594805935828, "alphas12": 16.317697641332302, "alphas13": 18.64289318618742, "alphas14": 2.0029199344709103, "alphas15": 0.13540183919075854, "alphas16": 17.903504482047026, "alphas17": 19.156912096028375, "alphas18": 10.76676568991498, "alphas19": 2.8712754843360067, "alphas2": 11.299739366591744, "alphas20": 0.9596277143294341, "alphas21": 18.930132938679247, "alphas22": 13.92035202474419, "alphas23": 4.948569607566049, "alphas24": 3.3736093291918245, "alphas25": 17.92690907478378, "alphas26": 2.983244764263686, "alphas27": 3.46602611647145, "alphas28": 15.39003058197004, "alphas29": 18.600496895887666, "alphas3": 18.545698321865686, "alphas30": 19.525826942115668, "alphas31": 2.6598099603487557, "alphas32": 0.02324878507653283, "alphas33": 0.11281063574816175, "alphas34": 18.73521038229593, "alphas35": 15.975516343174956, "alphas36": 16.435662511247234, "alphas4": 18.927119365042152, "alphas5": 16.964354087241873, "alphas6": 5.233265388840717, "alphas7": 5.738707754995924, "alphas8": 3.4410732727335924, "alphas9": 16.367337971301243}, "datetime": {"datetime": "2018-12-12 23:10:08", "elapsed": 5518.704816, "delta": 77.227011}}
{"target": 0.07207726242441413, "params": {"alphas0": 19.139828305439476, "alphas1": 14.494489003977742, "alphas10": 5.2447211538940515, "alphas11": 18.409770774519828, "alphas12": 1.1493593968698246, "alphas13": 12.487018590846128, "alphas14": 4.780326798560452, "alphas15": 0.5193516780507257, "alphas16": 5.080397905391678, "alphas17": 8.107814441669188, "alphas18": 0.3857388405623352, "alphas19": 6.682020749198112, "alphas2": 14.515839765727206, "alphas20": 1.584231368485114, "alphas21": 18.147614003135523, "alphas22": 19.844780685082196, "alphas23": 1.3043872540047463, "alphas24": 1.7793851533995086, "alphas25": 18.299120412851387, "alphas26": 5.196938787812792, "alphas27": 18.525672472414, "alphas28": 2.848617134965268, "alphas29": 19.267463919986582, "alphas3": 5.252653946974886, "alphas30": 0.042541716734019186, "alphas31": 1.5917879504588206, "alphas32": 9.778205597578589, "alphas33": 2.0075715509166536, "alphas34": 19.769820198193784, "alphas35": 4.7687502399653825, "alphas36": 12.665451291033934, "alphas4": 13.752116850971758, "alphas5": 16.922923786424114, "alphas6": 3.3513124191977117, "alphas7": 19.006475044075213, "alphas8": 7.8522383492372505, "alphas9": 18.892609789222423}, "datetime": {"datetime": "2018-12-12 23:11:25", "elapsed": 5595.363507, "delta": 76.658691}}
{"target": 0.07191401467624066, "params": {"alphas0": 16.736287975955488, "alphas1": 9.163788009486602, "alphas10": 6.667122162960439, "alphas11": 2.6142808153470267, "alphas12": 1.976867337674335, "alphas13": 2.3305637402405415, "alphas14": 19.910624222785167, "alphas15": 0.6242705083691757, "alphas16": 2.6023834967162047, "alphas17": 8.118183541363349, "alphas18": 6.321524500250459, "alphas19": 3.7761615751494464, "alphas2": 19.598431347330525, "alphas20": 0.821687395142189, "alphas21": 10.944481267193042, "alphas22": 1.4117838940794238, "alphas23": 9.96833587002875, "alphas24": 10.252147038482274, "alphas25": 19.77359239886285, "alphas26": 14.461836382753617, "alphas27": 15.670625558089018, "alphas28": 1.5390026071621896, "alphas29": 0.19533371727479173, "alphas3": 14.766878297316463, "alphas30": 0.13655471128444702, "alphas31": 2.3760283791779484, "alphas32": 6.084010610904808, "alphas33": 5.092580320899977, "alphas34": 8.722697015776248, "alphas35": 2.8330901870566803, "alphas36": 4.362333171726347, "alphas4": 18.663679491352514, "alphas5": 18.2964084406914, "alphas6": 19.585233768040602, "alphas7": 5.7561614020101945, "alphas8": 9.068309960326037, "alphas9": 16.923177458576674}, "datetime": {"datetime": "2018-12-12 23:12:45", "elapsed": 5675.591964, "delta": 80.228457}}
{"target": 0.07213344061791374, "params": {"alphas0": 18.876528882403772, "alphas1": 2.599319282938175, "alphas10": 19.851978632793713, "alphas11": 6.280064407862338, "alphas12": 9.417125057077953, "alphas13": 2.236449810248673, "alphas14": 3.7743528533989323, "alphas15": 1.5925869800556436, "alphas16": 0.47648901075041383, "alphas17": 11.99120004027334, "alphas18": 2.8849931868640333, "alphas19": 10.46222421863912, "alphas2": 11.374517187193721, "alphas20": 18.909551504374168, "alphas21": 17.016823882651607, "alphas22": 4.061003116112212, "alphas23": 1.2570421090816941, "alphas24": 10.578920090928971, "alphas25": 8.380990758602353, "alphas26": 0.5823609876208913, "alphas27": 5.918719300705728, "alphas28": 19.373574695086255, "alphas29": 1.7413310100051493, "alphas3": 14.463643898020717, "alphas30": 1.9237608547233886, "alphas31": 3.430586760302572, "alphas32": 18.5127762731734, "alphas33": 2.4493651678518247, "alphas34": 12.78383324989477, "alphas35": 11.352559282478987, "alphas36": 13.575922896907901, "alphas4": 6.837525400052071, "alphas5": 17.5838127177266, "alphas6": 0.16096835421605338, "alphas7": 7.671646952378602, "alphas8": 1.4638717195269946, "alphas9": 7.754897067861803}, "datetime": {"datetime": "2018-12-12 23:14:03", "elapsed": 5753.46474, "delta": 77.872776}}
{"target": 0.07180265902935244, "params": {"alphas0": 19.834360447606308, "alphas1": 9.177168780852938, "alphas10": 13.845133390278379, "alphas11": 7.465947200367484, "alphas12": 11.411645771425762, "alphas13": 3.418111934097363, "alphas14": 4.354581111408877, "alphas15": 0.11164183481533696, "alphas16": 4.553521486275582, "alphas17": 1.8747880922487092, "alphas18": 1.1509545953735478, "alphas19": 18.625520761231588, "alphas2": 18.12960923204577, "alphas20": 10.27969164504821, "alphas21": 19.91448456620898, "alphas22": 11.119683667749428, "alphas23": 3.04192692022776, "alphas24": 18.722277158912505, "alphas25": 19.477430517913575, "alphas26": 17.038434961864308, "alphas27": 0.3573210133745053, "alphas28": 19.37108749707351, "alphas29": 0.8370936342791224, "alphas3": 14.467912013837939, "alphas30": 3.655657680186102, "alphas31": 2.2537128506108584, "alphas32": 9.78456887941347, "alphas33": 10.745079214536846, "alphas34": 19.930820355694788, "alphas35": 19.54837287264062, "alphas36": 19.866482450924035, "alphas4": 3.288765222256478, "alphas5": 18.617919435532574, "alphas6": 19.164476421452502, "alphas7": 16.967030634823292, "alphas8": 13.685730865401373, "alphas9": 4.600042048147124}, "datetime": {"datetime": "2018-12-12 23:15:23", "elapsed": 5833.075747, "delta": 79.611007}}
{"target": 0.07195183574263038, "params": {"alphas0": 17.38156289282036, "alphas1": 1.429897815060488, "alphas10": 18.383178944655732, "alphas11": 12.978714528996543, "alphas12": 19.070358003766025, "alphas13": 2.1742065320502957, "alphas14": 5.551842877206954, "alphas15": 2.5459749840762624, "alphas16": 15.798173030797152, "alphas17": 2.1586808684878056, "alphas18": 11.929668426957434, "alphas19": 1.3772678664209836, "alphas2": 19.477684513958838, "alphas20": 0.23741627615055494, "alphas21": 18.82729283951635, "alphas22": 13.773660049098513, "alphas23": 3.185212624021687, "alphas24": 2.8239338254987545, "alphas25": 18.087451265816018, "alphas26": 1.738821863402813, "alphas27": 9.93257735570152, "alphas28": 5.719304315019206, "alphas29": 14.38446159494026, "alphas3": 16.497146131933683, "alphas30": 0.9260045589175636, "alphas31": 4.221670345719295, "alphas32": 11.353112979885005, "alphas33": 11.261230194112905, "alphas34": 2.844580144768083, "alphas35": 7.596511889982038, "alphas36": 19.901205059501745, "alphas4": 3.036298802794135, "alphas5": 0.7783665824045438, "alphas6": 7.831818770028383, "alphas7": 9.835364817945283, "alphas8": 0.07541611376086665, "alphas9": 17.219212709563777}, "datetime": {"datetime": "2018-12-12 23:16:43", "elapsed": 5913.052012, "delta": 79.976265}}
{"target": 0.07173307038926689, "params": {"alphas0": 14.7022118092932, "alphas1": 12.957408148324582, "alphas10": 11.58828212290742, "alphas11": 3.5332077325382927, "alphas12": 9.412491879689854, "alphas13": 4.584886615472168, "alphas14": 17.949787576402034, "alphas15": 2.748356049760947, "alphas16": 0.2574574207121816, "alphas17": 1.8766021129273613, "alphas18": 18.653873529739915, "alphas19": 2.4320808020488216, "alphas2": 18.94340729288433, "alphas20": 18.046717045129647, "alphas21": 8.54742842490073, "alphas22": 17.209326191563456, "alphas23": 1.6072701705524106, "alphas24": 18.736190284616384, "alphas25": 18.433778717523634, "alphas26": 3.0729502036867973, "alphas27": 10.304494847222065, "alphas28": 3.1215795038679928, "alphas29": 18.78692433045366, "alphas3": 19.546243408104253, "alphas30": 3.3590707262049535, "alphas31": 4.018941960155993, "alphas32": 19.800023341416196, "alphas33": 0.1358263562722506, "alphas34": 3.2403390593230674, "alphas35": 2.429267923212699, "alphas36": 16.659638679558558, "alphas4": 14.835166378235865, "alphas5": 8.478261693188585, "alphas6": 9.528342374294212, "alphas7": 1.2307368050852463, "alphas8": 5.2902073238753395, "alphas9": 16.789763907660816}, "datetime": {"datetime": "2018-12-12 23:18:03", "elapsed": 5993.875692, "delta": 80.82368}}
{"target": 0.07184244951499108, "params": {"alphas0": 18.865002929083133, "alphas1": 4.417307864174949, "alphas10": 16.196707857123936, "alphas11": 17.355285937266757, "alphas12": 0.545177350892323, "alphas13": 0.3127364505550645, "alphas14": 9.457883292819469, "alphas15": 0.2987969648553124, "alphas16": 19.02958629764154, "alphas17": 11.730895371880523, "alphas18": 2.5497425371801974, "alphas19": 17.40248117949509, "alphas2": 5.06775193299196, "alphas20": 15.323771088483833, "alphas21": 12.59366947243651, "alphas22": 16.90367016435975, "alphas23": 10.031680759300327, "alphas24": 2.2996884605821055, "alphas25": 7.3829761436280705, "alphas26": 9.743996818104513, "alphas27": 8.923217158006969, "alphas28": 11.939022031057343, "alphas29": 12.766541297679181, "alphas3": 18.471258159732045, "alphas30": 0.2594607519248271, "alphas31": 1.1016573952351894, "alphas32": 16.643429234912578, "alphas33": 1.8935776933541493, "alphas34": 14.931810734835535, "alphas35": 0.1077223533544136, "alphas36": 16.628581329626794, "alphas4": 0.08826148271043888, "alphas5": 16.493058021900566, "alphas6": 0.5915738962594652, "alphas7": 9.892632046439127, "alphas8": 19.5432578251161, "alphas9": 10.693681156447177}, "datetime": {"datetime": "2018-12-12 23:19:22", "elapsed": 6072.072139, "delta": 78.196447}}
{"target": 0.07220863865268329, "params": {"alphas0": 16.301481468959004, "alphas1": 11.113821203579228, "alphas10": 7.754702037218795, "alphas11": 0.9549341150221013, "alphas12": 17.99698254752554, "alphas13": 0.858948712361316, "alphas14": 14.769140534503126, "alphas15": 12.17948160867916, "alphas16": 5.023831118833629, "alphas17": 19.9128211465151, "alphas18": 3.219508024467934, "alphas19": 14.653977476217667, "alphas2": 18.22183157504351, "alphas20": 10.922501785702579, "alphas21": 18.331015965469998, "alphas22": 8.780327564236792, "alphas23": 5.435731215871371, "alphas24": 5.120134476625129, "alphas25": 18.095019189264107, "alphas26": 0.6489992362596753, "alphas27": 2.9942927715040546, "alphas28": 19.643917936812457, "alphas29": 5.073233546050073, "alphas3": 19.159048165163878, "alphas30": 1.9475394633405951, "alphas31": 0.5739420677190354, "alphas32": 3.0079433666164546, "alphas33": 0.069974621745863, "alphas34": 8.394831879142002, "alphas35": 11.085389377147365, "alphas36": 11.79821573659643, "alphas4": 19.258872995341704, "alphas5": 19.749864140431438, "alphas6": 19.108574017045335, "alphas7": 18.39152701098937, "alphas8": 5.142456382660228, "alphas9": 17.596589715622475}, "datetime": {"datetime": "2018-12-12 23:20:45", "elapsed": 6155.472113, "delta": 83.399974}}
{"target": 0.07180943767321746, "params": {"alphas0": 19.573068003918152, "alphas1": 9.145125462311729, "alphas10": 4.545176801384361, "alphas11": 5.871504116487937, "alphas12": 11.692646132315005, "alphas13": 18.851777473758446, "alphas14": 1.3996091448630055, "alphas15": 0.07237565375623367, "alphas16": 5.719898335170106, "alphas17": 7.366045357655233, "alphas18": 13.064709621771433, "alphas19": 7.7910277441456754, "alphas2": 10.975356248062537, "alphas20": 10.48441315084994, "alphas21": 19.440425225686106, "alphas22": 18.296513332420908, "alphas23": 10.629506928903844, "alphas24": 10.322555202751998, "alphas25": 0.824923425230899, "alphas26": 2.7775061806494428, "alphas27": 19.4209753570508, "alphas28": 11.875167173743844, "alphas29": 1.273277303221605, "alphas3": 19.4709567342344, "alphas30": 1.6071059251116937, "alphas31": 0.689875514607885, "alphas32": 0.03193212114783073, "alphas33": 5.407527121166411, "alphas34": 19.397463876088306, "alphas35": 16.72195142126845, "alphas36": 7.069646065716054, "alphas4": 0.8605632607727309, "alphas5": 1.4122172526298105, "alphas6": 0.38371593345605914, "alphas7": 0.4391231651614591, "alphas8": 6.498878413602833, "alphas9": 16.458029399565206}, "datetime": {"datetime": "2018-12-12 23:22:06", "elapsed": 6236.444296, "delta": 80.972183}}
{"target": 0.07235837832262526, "params": {"alphas0": 16.46879337343726, "alphas1": 19.290205549814253, "alphas10": 1.3762974968040287, "alphas11": 10.963855108672512, "alphas12": 5.938205986436033, "alphas13": 0.528231427181256, "alphas14": 14.677043860326275, "alphas15": 14.039165687639123, "alphas16": 2.3617879772030914, "alphas17": 18.379651193888012, "alphas18": 6.788288622140506, "alphas19": 8.977720747163726, "alphas2": 14.465427418088714, "alphas20": 19.744024874355297, "alphas21": 4.751191262724268, "alphas22": 19.692190431266916, "alphas23": 8.998101265227644, "alphas24": 9.370468528673424, "alphas25": 19.31505596321069, "alphas26": 3.4015057714127894, "alphas27": 6.392417239076038, "alphas28": 19.011413147552744, "alphas29": 10.09581795472873, "alphas3": 0.8411115100800259, "alphas30": 0.18828475939425937, "alphas31": 0.8573986471083117, "alphas32": 2.7815518440985754, "alphas33": 11.683353476725317, "alphas34": 19.65902556631257, "alphas35": 0.12931436588237144, "alphas36": 19.461629673052958, "alphas4": 0.498675778505524, "alphas5": 1.9448304981920317, "alphas6": 1.338413714039508, "alphas7": 2.8097382168845497, "alphas8": 5.838428989584652, "alphas9": 16.305020660408967}, "datetime": {"datetime": "2018-12-12 23:23:37", "elapsed": 6327.669746, "delta": 91.22545}}
{"target": 0.07155392148526067, "params": {"alphas0": 19.67792973124291, "alphas1": 13.94209694626012, "alphas10": 13.113016104837772, "alphas11": 9.376276222614703, "alphas12": 2.973086136497556, "alphas13": 2.185569018359126, "alphas14": 11.487093280686365, "alphas15": 0.6958040133105037, "alphas16": 14.743826063712559, "alphas17": 13.457761050751484, "alphas18": 5.898824008532211, "alphas19": 19.585782292069496, "alphas2": 19.412763262629387, "alphas20": 15.249133760273999, "alphas21": 12.55659960849699, "alphas22": 1.7463638127694847, "alphas23": 1.726123264916608, "alphas24": 14.339061622989849, "alphas25": 16.01997986954365, "alphas26": 15.462511628828949, "alphas27": 1.2903817540071283, "alphas28": 8.591157705042601, "alphas29": 0.47556517611372584, "alphas3": 2.4495922350419774, "alphas30": 0.3448186434756395, "alphas31": 0.32661645543727635, "alphas32": 9.481581150120311, "alphas33": 0.051423930605378754, "alphas34": 3.993311640435935, "alphas35": 17.543859188289797, "alphas36": 18.869038319063264, "alphas4": 4.881976834905677, "alphas5": 17.222633461290606, "alphas6": 8.381568671477185, "alphas7": 7.93076375655875, "alphas8": 3.4079752042724554, "alphas9": 19.136983791831252}, "datetime": {"datetime": "2018-12-12 23:25:02", "elapsed": 6412.238163, "delta": 84.568417}}
{"target": 0.07197911539430583, "params": {"alphas0": 11.889655263191091, "alphas1": 15.927716895205998, "alphas10": 4.416585934889737, "alphas11": 16.911828420017414, "alphas12": 0.7557488459666084, "alphas13": 7.9855307536640545, "alphas14": 8.378989541509412, "alphas15": 0.6835945168465885, "alphas16": 3.5014084544700697, "alphas17": 3.8271967843695975, "alphas18": 8.390123954467958, "alphas19": 11.016961491078956, "alphas2": 19.233970399166015, "alphas20": 16.637704891275558, "alphas21": 19.316000568433346, "alphas22": 17.20922454731091, "alphas23": 0.2921490122062598, "alphas24": 7.230869209083486, "alphas25": 13.209124434095525, "alphas26": 0.35967456142067533, "alphas27": 10.91051106083581, "alphas28": 2.8080048834898075, "alphas29": 0.6355280491102233, "alphas3": 1.2724034141757556, "alphas30": 19.254482132382673, "alphas31": 0.5636415793103455, "alphas32": 11.46293101192211, "alphas33": 3.766443772544208, "alphas34": 0.9714205087822458, "alphas35": 1.1443452261992149, "alphas36": 18.228995490537912, "alphas4": 14.080374511126115, "alphas5": 15.101167275043327, "alphas6": 3.389915850554841, "alphas7": 12.266045048212806, "alphas8": 2.289357417446447, "alphas9": 17.52661826978553}, "datetime": {"datetime": "2018-12-12 23:26:22", "elapsed": 6492.596927, "delta": 80.358764}}
{"target": 0.07156897589128226, "params": {"alphas0": 19.05554204738843, "alphas1": 3.2185227215961465, "alphas10": 18.612890841779773, "alphas11": 0.1511188901151428, "alphas12": 17.68824669542457, "alphas13": 15.954611236742423, "alphas14": 16.471268205599266, "alphas15": 1.8029471294856658, "alphas16": 18.396517640082482, "alphas17": 16.039897977713593, "alphas18": 19.108029442252445, "alphas19": 6.445750189492063, "alphas2": 18.367566238596662, "alphas20": 4.434289481700089, "alphas21": 3.189171380159457, "alphas22": 14.317894230735808, "alphas23": 18.870037178452524, "alphas24": 6.566769213871185, "alphas25": 19.646489141242004, "alphas26": 2.3048088295599967, "alphas27": 17.01128787524194, "alphas28": 18.51655425996804, "alphas29": 6.850298600550833, "alphas3": 1.9878750334926698, "alphas30": 5.285004848682009, "alphas31": 1.1589240817283097, "alphas32": 17.822168753209077, "alphas33": 8.162016678567001, "alphas34": 1.5925760051430315, "alphas35": 3.13713646326933, "alphas36": 17.59598866397984, "alphas4": 8.015348582099586, "alphas5": 19.295344552643773, "alphas6": 1.3547074134292303, "alphas7": 18.50270868539836, "alphas8": 0.38134027380937185, "alphas9": 8.093132040683074}, "datetime": {"datetime": "2018-12-12 23:27:45", "elapsed": 6575.176574, "delta": 82.579647}}
{"target": 0.07095022845804982, "params": {"alphas0": 19.56466546884544, "alphas1": 14.60289440003272, "alphas10": 18.947021411612866, "alphas11": 18.661542962536988, "alphas12": 0.38887011724992426, "alphas13": 14.149512689211083, "alphas14": 15.238058262034375, "alphas15": 11.426071547938205, "alphas16": 2.0281403258393427, "alphas17": 0.3807199042277021, "alphas18": 14.694366754274878, "alphas19": 1.599169372667828, "alphas2": 19.934507307961468, "alphas20": 15.03533888486578, "alphas21": 9.947850681412886, "alphas22": 0.46012742835195963, "alphas23": 16.242965311762912, "alphas24": 1.470179318822069, "alphas25": 19.50622914024707, "alphas26": 6.251492294327903, "alphas27": 5.430077424859179, "alphas28": 19.694966829217677, "alphas29": 0.24595522344745158, "alphas3": 3.1212274009727903, "alphas30": 4.070747514577453, "alphas31": 19.764424772432225, "alphas32": 2.599053546747503, "alphas33": 0.32321379990451593, "alphas34": 6.792036602957083, "alphas35": 0.5428868076677129, "alphas36": 19.60215129088428, "alphas4": 2.448786392825164, "alphas5": 19.575115213373966, "alphas6": 2.8184111819609936, "alphas7": 3.5334517975378765, "alphas8": 5.884016641156419, "alphas9": 11.460036517854695}, "datetime": {"datetime": "2018-12-12 23:29:12", "elapsed": 6662.557976, "delta": 87.381402}}
