{"target": 0.07115524505542953, "params": {"alphas0": 5.874126056799662, "alphas1": 6.289230520984819, "alphas10": 16.343624542739658, "alphas11": 16.359654272500478, "alphas12": 3.527616776237412, "alphas13": 17.230398310725814, "alphas14": 17.715455432120375, "alphas15": 17.155182437156316, "alphas16": 15.371653620888042, "alphas17": 19.96260261422011, "alphas18": 7.189112597323753, "alphas19": 8.263457351103272, "alphas2": 10.631485336026483, "alphas20": 1.2942833728872394, "alphas21": 0.2697380668685434, "alphas22": 14.77752962261235, "alphas23": 7.379840883874545, "alphas24": 5.213447007007968, "alphas25": 0.8525210621950019, "alphas26": 5.655968975708678, "alphas27": 19.4268080588297, "alphas28": 6.287198693721578, "alphas29": 15.254069415681856, "alphas3": 18.228484918131915, "alphas30": 3.830725147386642, "alphas31": 3.494789733582788, "alphas32": 19.87952929342005, "alphas33": 10.493390672233069, "alphas34": 11.642086909154067, "alphas35": 13.550141598545146, "alphas36": 12.779104325730653, "alphas4": 12.574474645273748, "alphas5": 1.412930752571453, "alphas6": 15.676267120112575, "alphas7": 5.871570128878294, "alphas8": 15.319923817917742, "alphas9": 19.17595991905311}, "datetime": {"datetime": "2018-12-12 21:38:10", "elapsed": 0.0, "delta": 0.0}}
{"target": 0.07111854434366337, "params": {"alphas0": 8.761704744237077, "alphas1": 11.28300012403491, "alphas10": 4.912720658929008, "alphas11": 1.8076325160697815, "alphas12": 9.558718047829476, "alphas13": 10.089392214415934, "alphas14": 16.56643358217079, "alphas15": 16.29876783096549, "alphas16": 3.7692780208493692, "alphas17": 15.359582238858744, "alphas18": 8.986491932615632, "alphas19": 4.640908142003324, "alphas2": 0.9866296405459396, "alphas20": 2.7438057650439207, "alphas21": 5.8312020703901695, "alphas22": 15.528346719326482, "alphas23": 8.087150668815973, "alphas24": 5.75924368416212, "alphas25": 13.813954780483222, "alphas26": 8.450908934637857, "alphas27": 15.33397837504575, "alphas28": 8.910902620526697, "alphas29": 3.0320785792887106, "alphas3": 9.131724530445911, "alphas30": 5.593366490815441, "alphas31": 2.2322210213702243, "alphas32": 17.973300665556135, "alphas33": 4.500401400561531, "alphas34": 15.611062761965613, "alphas35": 18.721139985529774, "alphas36": 10.614292983916698, "alphas4": 4.881159956023633, "alphas5": 14.556580923506818, "alphas6": 6.877014778236907, "alphas7": 5.2030916908666995, "alphas8": 14.439004545305147, "alphas9": 18.301589792573914}, "datetime": {"datetime": "2018-12-12 21:38:19", "elapsed": 9.482684, "delta": 9.482684}}
{"target": 0.07085469526329029, "params": {"alphas0": 0.29138986550004686, "alphas1": 15.05911801557148, "alphas10": 9.003822839900668, "alphas11": 10.26583502833878, "alphas12": 5.070434407588653, "alphas13": 8.033007067185933, "alphas14": 11.307278086107022, "alphas15": 10.758233108661535, "alphas16": 4.470037123379404, "alphas17": 1.603974808205717, "alphas18": 10.318422785842534, "alphas19": 14.012170736524718, "alphas2": 6.22631027265953, "alphas20": 18.626349804770864, "alphas21": 15.069062579840631, "alphas22": 15.40645628975102, "alphas23": 14.955735110818775, "alphas24": 17.471391625879072, "alphas25": 13.966499174964309, "alphas26": 5.918435044156782, "alphas27": 18.48244242961453, "alphas28": 5.196253910160021, "alphas29": 4.777612085674361, "alphas3": 19.052294185064426, "alphas30": 8.714891126524888, "alphas31": 7.915309105324939, "alphas32": 14.698548039211799, "alphas33": 4.282788736799326, "alphas34": 9.365883420181586, "alphas35": 15.862276077123887, "alphas36": 6.883282228523004, "alphas4": 14.095076026190851, "alphas5": 10.661609988033128, "alphas6": 3.8498882610089136, "alphas7": 7.101338323564517, "alphas8": 17.343011938344382, "alphas9": 5.961558825600526}, "datetime": {"datetime": "2018-12-12 21:38:29", "elapsed": 19.034655, "delta": 9.551971}}
{"target": 0.0703185178099017, "params": {"alphas0": 6.6231013437511965, "alphas1": 13.758726313087667, "alphas10": 6.658148082131423, "alphas11": 11.529771483692581, "alphas12": 13.943964884072852, "alphas13": 19.03100529046661, "alphas14": 4.968442085095317, "alphas15": 9.869665903756598, "alphas16": 4.556829448393538, "alphas17": 1.3104227837863558, "alphas18": 18.548644009357663, "alphas19": 16.09655137218335, "alphas2": 0.9608456607613935, "alphas20": 10.280393109920652, "alphas21": 8.71913524053653, "alphas22": 7.04051107557766, "alphas23": 16.719185627298238, "alphas24": 4.675318988910848, "alphas25": 12.4752812176843, "alphas26": 17.36416945196679, "alphas27": 18.85406880596983, "alphas28": 7.592741386222695, "alphas29": 19.658994360525565, "alphas3": 12.269589657735718, "alphas30": 6.9283335652316875, "alphas31": 18.739827881818645, "alphas32": 5.396785659693735, "alphas33": 7.113488919193591, "alphas34": 0.6997992543517673, "alphas35": 17.18665598548045, "alphas36": 14.372486204263144, "alphas4": 9.596155962022264, "alphas5": 14.79083314098215, "alphas6": 8.446855524320895, "alphas7": 9.739717824820877, "alphas8": 6.447780076676583, "alphas9": 7.811059819605188}, "datetime": {"datetime": "2018-12-12 21:38:38", "elapsed": 28.513282, "delta": 9.478627}}
{"target": 0.07082641491874521, "params": {"alphas0": 19.250955956069344, "alphas1": 4.384646950722719, "alphas10": 3.742339366872822, "alphas11": 8.857878538567967, "alphas12": 3.1638350500371404, "alphas13": 7.8682738416417175, "alphas14": 19.578230184178945, "alphas15": 15.190433457400259, "alphas16": 16.935202247808878, "alphas17": 19.1473729472029, "alphas18": 15.457288017819623, "alphas19": 1.463256354961584, "alphas2": 4.659424474831417, "alphas20": 19.531923647465593, "alphas21": 6.821833414910234, "alphas22": 16.126485634651523, "alphas23": 8.23787357437341, "alphas24": 15.428000866113438, "alphas25": 0.9620719178153125, "alphas26": 2.6907282172318303, "alphas27": 11.27082172897307, "alphas28": 8.024814094449766, "alphas29": 18.93611792819847, "alphas3": 14.557865363785968, "alphas30": 4.135206328918073, "alphas31": 16.05386412680464, "alphas32": 13.768136607503694, "alphas33": 0.611816354963064, "alphas34": 4.109019643006883, "alphas35": 19.38214413403228, "alphas36": 1.5805691534681743, "alphas4": 11.748985240187167, "alphas5": 17.513021374471908, "alphas6": 17.830709742120078, "alphas7": 17.433375402908457, "alphas8": 6.386198460706501, "alphas9": 11.48074313410591}, "datetime": {"datetime": "2018-12-12 21:38:48", "elapsed": 37.996127, "delta": 9.482845}}
{"target": 0.07079698990614768, "params": {"alphas0": 3.704397734928291, "alphas1": 17.566002976218066, "alphas10": 3.267865621512489, "alphas11": 11.855870913839048, "alphas12": 18.656111524465423, "alphas13": 19.959856008323754, "alphas14": 11.451467522875605, "alphas15": 13.457436202299963, "alphas16": 12.918882226362097, "alphas17": 13.531506944843079, "alphas18": 14.114269434867134, "alphas19": 9.192398929453374, "alphas2": 7.406555012915201, "alphas20": 2.1769645967877316, "alphas21": 0.00756611263794893, "alphas22": 9.515856378531492, "alphas23": 17.373225830896157, "alphas24": 8.662817711228222, "alphas25": 6.898752184207786, "alphas26": 4.991325919913976, "alphas27": 9.152508081124225, "alphas28": 12.977753558279543, "alphas29": 9.397304073618342, "alphas3": 3.1125311451308746, "alphas30": 4.968445322071955, "alphas31": 18.59528336656417, "alphas32": 14.88993256500593, "alphas33": 11.449077458825254, "alphas34": 16.381412295851668, "alphas35": 8.796175241540396, "alphas36": 18.42365435286745, "alphas4": 5.662426726621264, "alphas5": 15.252612463158371, "alphas6": 18.874147230738384, "alphas7": 5.361914676050037, "alphas8": 13.303250042162677, "alphas9": 12.247096557777324}, "datetime": {"datetime": "2018-12-12 21:38:57", "elapsed": 47.499148, "delta": 9.503021}}
{"target": 0.0705644043839758, "params": {"alphas0": 2.5730961899084326, "alphas1": 4.241236722544088, "alphas10": 6.293860180934699, "alphas11": 5.608756904322676, "alphas12": 6.4771700310954365, "alphas13": 13.269438526475843, "alphas14": 5.314804971783742, "alphas15": 10.009056923238626, "alphas16": 15.396909846682563, "alphas17": 10.162384965107751, "alphas18": 14.764957411167469, "alphas19": 0.3312141637163668, "alphas2": 4.234287081903865, "alphas20": 7.921731634175475, "alphas21": 7.634561408052464, "alphas22": 18.109582037453727, "alphas23": 16.648525433074372, "alphas24": 14.488031252665973, "alphas25": 12.627084259767184, "alphas26": 13.120015315819096, "alphas27": 6.625708560989654, "alphas28": 4.890606409889293, "alphas29": 8.514092672119272, "alphas3": 3.075126295789792, "alphas30": 5.287797041544371, "alphas31": 8.956180638676223, "alphas32": 18.866014684326014, "alphas33": 0.30017283357372193, "alphas34": 0.21165605399306342, "alphas35": 2.556745299939316, "alphas36": 10.551607101361846, "alphas4": 15.66797142541359, "alphas5": 13.216591459158153, "alphas6": 3.330527977278259, "alphas7": 12.929117162033368, "alphas8": 0.5489461560163056, "alphas9": 9.783572740888358}, "datetime": {"datetime": "2018-12-12 21:39:07", "elapsed": 56.976059, "delta": 9.476911}}
{"target": 0.0710913920697907, "params": {"alphas0": 18.075238999412885, "alphas1": 3.693106624471605, "alphas10": 16.947254339773743, "alphas11": 2.705658246063274, "alphas12": 18.843699385361962, "alphas13": 8.744838851610401, "alphas14": 1.3757874664010838, "alphas15": 14.717494393223987, "alphas16": 8.977070900447933, "alphas17": 8.277012904158319, "alphas18": 9.082382645528552, "alphas19": 19.709973002752946, "alphas2": 11.159055549635097, "alphas20": 1.8091688079919943, "alphas21": 13.117366317052001, "alphas22": 3.1809142018160985, "alphas23": 12.77313450887698, "alphas24": 4.933722081234144, "alphas25": 14.91410191284409, "alphas26": 0.8919836426415295, "alphas27": 2.729044159895082, "alphas28": 6.520514399082331, "alphas29": 3.970864797580338, "alphas3": 9.207581880131393, "alphas30": 8.525469344814194, "alphas31": 6.444137774937689, "alphas32": 8.397407632703679, "alphas33": 15.386142640431604, "alphas34": 2.027456662832523, "alphas35": 12.655239016853983, "alphas36": 4.007321591758794, "alphas4": 12.690056124303908, "alphas5": 3.876796760692438, "alphas6": 16.326924862136476, "alphas7": 0.8788692585566271, "alphas8": 13.292295744779574, "alphas9": 4.077464227902235}, "datetime": {"datetime": "2018-12-12 21:39:16", "elapsed": 66.45384, "delta": 9.477781}}
{"target": 0.070390457089317, "params": {"alphas0": 0.8226201478810102, "alphas1": 3.837181652513586, "alphas10": 6.4194883447569095, "alphas11": 9.841100175456061, "alphas12": 7.36979813719203, "alphas13": 6.4016952152306565, "alphas14": 11.946277655220268, "alphas15": 11.878608775636865, "alphas16": 11.406843992535784, "alphas17": 7.340638811020918, "alphas18": 1.7377444994905167, "alphas19": 2.506308655171141, "alphas2": 1.7647182806726103, "alphas20": 7.926349757600375, "alphas21": 13.577868043259258, "alphas22": 12.832228811308937, "alphas23": 2.744772255858694, "alphas24": 19.914202053240977, "alphas25": 16.727004482788907, "alphas26": 6.50757464514963, "alphas27": 16.695392788411805, "alphas28": 15.089641421875097, "alphas29": 12.306352041386825, "alphas3": 10.20022930140269, "alphas30": 2.341660887906951, "alphas31": 3.1179632857650685, "alphas32": 9.555166239503555, "alphas33": 14.38298400932891, "alphas34": 18.842182461461594, "alphas35": 6.227354434127541, "alphas36": 5.529115550536345, "alphas4": 17.61529020312928, "alphas5": 2.1440373060708784, "alphas6": 15.247800255395806, "alphas7": 10.266022647669068, "alphas8": 6.5020858326271025, "alphas9": 5.406197912743298}, "datetime": {"datetime": "2018-12-12 21:39:26", "elapsed": 75.936182, "delta": 9.482342}}
{"target": 0.07045346971844293, "params": {"alphas0": 0.3033592419718367, "alphas1": 15.358391230528587, "alphas10": 10.355827300437724, "alphas11": 5.672176749640143, "alphas12": 2.6671718734269234, "alphas13": 6.139056779152165, "alphas14": 6.737470272652679, "alphas15": 9.079282525557723, "alphas16": 10.881963118868823, "alphas17": 0.08017230218436033, "alphas18": 13.427968059433361, "alphas19": 19.178332267916474, "alphas2": 8.067970260858164, "alphas20": 13.442440207603369, "alphas21": 7.508813893899, "alphas22": 7.991277148276234, "alphas23": 14.435244810577268, "alphas24": 13.755751292033068, "alphas25": 3.543731651579869, "alphas26": 0.6953620189386811, "alphas27": 18.92613685747106, "alphas28": 6.286558800780213, "alphas29": 5.713382878824214, "alphas3": 8.247642755821879, "alphas30": 1.1212055972308743, "alphas31": 9.1835965749516, "alphas32": 9.820816183947148, "alphas33": 2.9771514339985417, "alphas34": 0.8005675277372526, "alphas35": 11.077749819939234, "alphas36": 10.948990500842665, "alphas4": 9.788498842683923, "alphas5": 5.913381060830039, "alphas6": 13.194365603720339, "alphas7": 14.08006755742159, "alphas8": 17.55245819268709, "alphas9": 17.50658621658792}, "datetime": {"datetime": "2018-12-12 21:39:35", "elapsed": 85.429407, "delta": 9.493225}}
{"target": 0.07123659441924897, "params": {"alphas0": 19.540539262650384, "alphas1": 11.946996329721367, "alphas10": 18.496691832143593, "alphas11": 17.379471654530256, "alphas12": 2.542489520667015, "alphas13": 3.1728180085732505, "alphas14": 9.989979411833998, "alphas15": 8.11364605465224, "alphas16": 19.692657337058005, "alphas17": 2.3986651688592775, "alphas18": 0.5263267967701513, "alphas19": 17.86039546207013, "alphas2": 15.508408695335278, "alphas20": 1.0178525122138438, "alphas21": 12.5879607814477, "alphas22": 5.9128152212417495, "alphas23": 0.8111832001008401, "alphas24": 19.37971017513732, "alphas25": 12.086309970786582, "alphas26": 17.599659717020415, "alphas27": 3.8243992256025505, "alphas28": 10.755674939547147, "alphas29": 15.498565666452436, "alphas3": 2.515536323246381, "alphas30": 19.116371265234264, "alphas31": 2.926007771182726, "alphas32": 4.975970444533444, "alphas33": 15.622383009680568, "alphas34": 15.737028140191656, "alphas35": 4.867542113253638, "alphas36": 2.5015379303254104, "alphas4": 17.858620098579856, "alphas5": 19.004082979643865, "alphas6": 3.4232141911661618, "alphas7": 0.7104717795842386, "alphas8": 5.8467664619613675, "alphas9": 19.55649879935199}, "datetime": {"datetime": "2018-12-12 21:40:48", "elapsed": 158.198444, "delta": 72.769037}}
{"target": 0.07054130492567386, "params": {"alphas0": 17.52052676431328, "alphas1": 19.17197943955392, "alphas10": 14.69218841946125, "alphas11": 16.2598464194321, "alphas12": 0.6037545839851033, "alphas13": 17.037312564516764, "alphas14": 6.679784654098942, "alphas15": 6.958053934882955, "alphas16": 0.8391903130989142, "alphas17": 11.259985056853438, "alphas18": 2.234056075627935, "alphas19": 8.171631367632825, "alphas2": 19.58986412039754, "alphas20": 5.230944339226086, "alphas21": 18.982669540097984, "alphas22": 16.677322912029666, "alphas23": 19.893504932406735, "alphas24": 18.49803833014718, "alphas25": 5.785521221546213, "alphas26": 1.0282242507787864, "alphas27": 0.6114852496305567, "alphas28": 19.100515882353644, "alphas29": 18.982391859947192, "alphas3": 4.314560100232272, "alphas30": 17.891890005529522, "alphas31": 18.501790657485717, "alphas32": 7.480161628848602, "alphas33": 7.543597043495687, "alphas34": 15.801138644779872, "alphas35": 19.355418266104746, "alphas36": 17.10906337607493, "alphas4": 1.5492389187208055, "alphas5": 1.8342032359378635, "alphas6": 18.625963671566936, "alphas7": 17.10582199890597, "alphas8": 1.4804048831755878, "alphas9": 0.5571342963538095}, "datetime": {"datetime": "2018-12-12 21:41:55", "elapsed": 225.367489, "delta": 67.169045}}
{"target": 0.0715307590073065, "params": {"alphas0": 19.84578173411962, "alphas1": 17.182608676180696, "alphas10": 3.7907774907334835, "alphas11": 4.275500747609941, "alphas12": 8.671023737078023, "alphas13": 13.209596148101424, "alphas14": 19.91317704859456, "alphas15": 5.053702061358498, "alphas16": 17.401309944268895, "alphas17": 17.25923004384667, "alphas18": 3.22415665237481, "alphas19": 5.005642795591516, "alphas2": 5.739431877594852, "alphas20": 15.63078698253586, "alphas21": 12.49244426687478, "alphas22": 4.991929541294658, "alphas23": 2.087070290262163, "alphas24": 10.356628497869567, "alphas25": 17.353068973925776, "alphas26": 8.60015167430136, "alphas27": 1.778176983109161, "alphas28": 15.838535998454953, "alphas29": 0.5838325135400346, "alphas3": 18.091253132814515, "alphas30": 16.552679797205336, "alphas31": 3.3047881154008407, "alphas32": 0.3760093390556385, "alphas33": 19.91177500966699, "alphas34": 0.9560440055081099, "alphas35": 4.169502277358088, "alphas36": 16.762846829312515, "alphas4": 0.29200755908028286, "alphas5": 9.544628762479878, "alphas6": 0.5206907420436635, "alphas7": 19.92768910233685, "alphas8": 0.4831298615763724, "alphas9": 15.244022590773461}, "datetime": {"datetime": "2018-12-12 21:43:08", "elapsed": 298.056235, "delta": 72.688746}}
{"target": 0.07071872094671185, "params": {"alphas0": 15.421757488880843, "alphas1": 6.740715415204141, "alphas10": 7.386440053788403, "alphas11": 0.7849275750754225, "alphas12": 17.97292073296781, "alphas13": 3.985364790266812, "alphas14": 1.7815284137645016, "alphas15": 17.78178592014743, "alphas16": 13.897377353196687, "alphas17": 12.563422199461083, "alphas18": 5.011023274681071, "alphas19": 0.7689560003956797, "alphas2": 3.60554286286086, "alphas20": 17.618231131322947, "alphas21": 2.709865984351838, "alphas22": 0.26167989745292886, "alphas23": 9.988542627428906, "alphas24": 8.584880337928949, "alphas25": 10.41766608689667, "alphas26": 5.6174994785285755, "alphas27": 0.318895946457427, "alphas28": 1.586196704400169, "alphas29": 2.6212671845825164, "alphas3": 1.6569003209576438, "alphas30": 19.898512012483575, "alphas31": 2.3828341010547627, "alphas32": 16.90846033803794, "alphas33": 0.7588462124864148, "alphas34": 18.74680243412054, "alphas35": 0.1687528528982063, "alphas36": 5.887513315368926, "alphas4": 0.1307449292621432, "alphas5": 1.469328247977848, "alphas6": 3.964619694340359, "alphas7": 0.5576177729249143, "alphas8": 16.69199427343449, "alphas9": 2.605526979082249}, "datetime": {"datetime": "2018-12-12 21:44:14", "elapsed": 364.656722, "delta": 66.600487}}
{"target": 0.07005295452254968, "params": {"alphas0": 2.543718543357636, "alphas1": 5.365395292696062, "alphas10": 19.137178528301956, "alphas11": 17.951988120204955, "alphas12": 15.337235538621536, "alphas13": 19.02074326328671, "alphas14": 15.656868561735864, "alphas15": 3.3016692286207316, "alphas16": 2.6246689662326017, "alphas17": 10.257338431821406, "alphas18": 0.3323183226984705, "alphas19": 18.74446352522735, "alphas2": 19.109894709031384, "alphas20": 10.809614642074843, "alphas21": 3.2072699359705115, "alphas22": 1.78318065021289, "alphas23": 1.361599999413401, "alphas24": 2.302705375236387, "alphas25": 19.49464717426032, "alphas26": 19.341098448257394, "alphas27": 6.869593186396383, "alphas28": 18.633611476663038, "alphas29": 19.761890810678537, "alphas3": 1.862284074181526, "alphas30": 19.477282236178596, "alphas31": 16.108033124340203, "alphas32": 17.20579794689313, "alphas33": 0.6360168307219505, "alphas34": 13.19188067499697, "alphas35": 8.111172861323752, "alphas36": 3.597634545832682, "alphas4": 2.357085514411106, "alphas5": 0.30347770345065195, "alphas6": 2.755928040880633, "alphas7": 9.874856191136171, "alphas8": 16.89644732449519, "alphas9": 19.66462731008773}, "datetime": {"datetime": "2018-12-12 21:45:21", "elapsed": 431.162093, "delta": 66.505371}}
{"target": 0.0716469432319222, "params": {"alphas0": 19.652455495646027, "alphas1": 18.21924322629836, "alphas10": 1.8990986078496874, "alphas11": 7.855090523245545, "alphas12": 4.220873630908802, "alphas13": 0.5820730649549066, "alphas14": 14.719786757668514, "alphas15": 18.62191292817662, "alphas16": 19.666936757919665, "alphas17": 1.6537426790748166, "alphas18": 0.7163151693773395, "alphas19": 0.931016079480611, "alphas2": 15.726588494409864, "alphas20": 17.978373827470847, "alphas21": 14.305257974840037, "alphas22": 15.170688766383451, "alphas23": 2.767723545982268, "alphas24": 6.775932676152367, "alphas25": 16.514437706164113, "alphas26": 19.95247967033945, "alphas27": 6.895149954099791, "alphas28": 4.802377814686601, "alphas29": 0.1601272236809037, "alphas3": 5.773105195853558, "alphas30": 15.361754925607327, "alphas31": 1.2103091189633775, "alphas32": 13.664658865453049, "alphas33": 19.53999991589241, "alphas34": 14.58373224013399, "alphas35": 0.9427238047078834, "alphas36": 19.807541902056037, "alphas4": 13.564266268375064, "alphas5": 11.645260199734832, "alphas6": 8.34308356871487, "alphas7": 17.187999852321173, "alphas8": 17.17859993995273, "alphas9": 1.639948693972455}, "datetime": {"datetime": "2018-12-12 21:46:36", "elapsed": 506.177044, "delta": 75.014951}}
{"target": 0.0713155162351977, "params": {"alphas0": 5.584519872614275, "alphas1": 5.491919709712818, "alphas10": 17.771745880742692, "alphas11": 5.474051935545992, "alphas12": 19.182757101970672, "alphas13": 3.4098264714355864, "alphas14": 17.417130241107394, "alphas15": 1.4201040492273465, "alphas16": 19.362755761595743, "alphas17": 19.532103536119834, "alphas18": 12.491526237322786, "alphas19": 2.1629104314677883, "alphas2": 17.418583143479427, "alphas20": 17.560198314023488, "alphas21": 18.799869734335385, "alphas22": 13.831648381167236, "alphas23": 3.291105346091725, "alphas24": 9.765681922258045, "alphas25": 2.003516216609429, "alphas26": 0.31171165217857455, "alphas27": 0.3587143097093537, "alphas28": 9.843082071033963, "alphas29": 0.2985026065136176, "alphas3": 19.542218442877967, "alphas30": 15.925691192734796, "alphas31": 5.245876319329341, "alphas32": 1.7865836093800147, "alphas33": 18.74216976271555, "alphas34": 16.60473342866936, "alphas35": 4.278279967664773, "alphas36": 0.6579667030239134, "alphas4": 14.15882764108477, "alphas5": 15.8631900062169, "alphas6": 9.174529644373887, "alphas7": 19.78444730093663, "alphas8": 15.216934890635585, "alphas9": 16.600554073504263}, "datetime": {"datetime": "2018-12-12 21:47:44", "elapsed": 574.292652, "delta": 68.115608}}
