{"target": 0.07125205216994197, "params": {"alphas0": 13.384623679646047, "alphas1": 16.10017547510718, "alphas10": 15.754020039914858, "alphas11": 14.361581184441901, "alphas12": 19.069333717329574, "alphas13": 1.24635942309411, "alphas14": 19.996788827005233, "alphas15": 19.530906886067527, "alphas16": 19.548264604683304, "alphas17": 19.14663832711296, "alphas18": 9.468259220494808, "alphas19": 1.1970088511898092, "alphas2": 16.82460564425535, "alphas20": 9.710426037810985, "alphas21": 5.297864523067657, "alphas22": 18.521366539567445, "alphas23": 6.447796020625576, "alphas24": 1.4483993858259336, "alphas25": 19.830957907325196, "alphas26": 8.19119124585237, "alphas27": 14.242860779333995, "alphas28": 2.36150709030003, "alphas29": 15.41599874858898, "alphas3": 1.751056770320154, "alphas30": 16.766482025861052, "alphas31": 2.309811754161746, "alphas32": 0.14187638560345217, "alphas33": 18.009333895384575, "alphas34": 3.9550086243470184, "alphas35": 17.881768241801016, "alphas36": 0.027705711374097497, "alphas4": 0.14301352437665837, "alphas5": 13.382381585808954, "alphas6": 1.3648505566228764, "alphas7": 4.571099907912974, "alphas8": 15.50697313398187, "alphas9": 18.536829526905095}, "datetime": {"datetime": "2018-12-12 22:27:45", "elapsed": 2975.017343, "delta": 77.221247}}
{"target": 0.0717529755291006, "params": {"alphas0": 18.823987984314574, "alphas1": 19.123155447414234, "alphas10": 15.234223199932567, "alphas11": 18.193922873293236, "alphas12": 13.037956153181863, "alphas13": 7.263889151789272, "alphas14": 16.627156876587044, "alphas15": 10.741803072069446, "alphas16": 17.85694731169182, "alphas17": 9.936685499133763, "alphas18": 18.38067386844161, "alphas19": 3.8899406889691823, "alphas2": 15.839299721072964, "alphas20": 18.37413336587867, "alphas21": 18.55903906123371, "alphas22": 17.095340284454355, "alphas23": 1.0686199154429898, "alphas24": 15.743882112847507, "alphas25": 12.736470449822816, "alphas26": 0.8818223556365878, "alphas27": 6.736984205825458, "alphas28": 18.7619907722899, "alphas29": 0.1337575581721695, "alphas3": 7.010108993408255, "alphas30": 19.099389459566744, "alphas31": 1.5777745725270065, "alphas32": 15.4959082127215, "alphas33": 2.243734615693991, "alphas34": 19.934952943700345, "alphas35": 18.894291795574663, "alphas36": 11.838178392036927, "alphas4": 0.30368540010659917, "alphas5": 6.293997687204904, "alphas6": 19.334595815270433, "alphas7": 19.33012448635534, "alphas8": 1.0808451198209568, "alphas9": 13.548848370237943}, "datetime": {"datetime": "2018-12-12 22:29:00", "elapsed": 3050.001331, "delta": 74.983988}}
{"target": 0.0713953764644746, "params": {"alphas0": 17.334295261046154, "alphas1": 10.233073426618143, "alphas10": 18.22682534727449, "alphas11": 5.6122853323583355, "alphas12": 3.210249349623431, "alphas13": 1.1314416959892726, "alphas14": 16.024656754586438, "alphas15": 0.27636634269613713, "alphas16": 8.118542239663881, "alphas17": 0.06583060384619532, "alphas18": 9.163560607787847, "alphas19": 0.30797004528522853, "alphas2": 10.04884708828613, "alphas20": 8.221535622831851, "alphas21": 8.382263335851437, "alphas22": 17.367855930538, "alphas23": 0.9407299715385564, "alphas24": 5.839680527621862, "alphas25": 9.437250801978575, "alphas26": 10.850233065763714, "alphas27": 2.746086733642412, "alphas28": 1.2730991481186904, "alphas29": 18.539053802224977, "alphas3": 19.82360737113503, "alphas30": 17.136801609640674, "alphas31": 1.8939365687535248, "alphas32": 0.6639610053880851, "alphas33": 18.56456984082803, "alphas34": 2.022335063474403, "alphas35": 19.726335066226287, "alphas36": 18.019456725196118, "alphas4": 13.57838544863178, "alphas5": 10.130554290981337, "alphas6": 16.329775011781567, "alphas7": 18.158907490911098, "alphas8": 17.66186034631626, "alphas9": 13.348533552502373}, "datetime": {"datetime": "2018-12-12 22:30:18", "elapsed": 3128.109528, "delta": 78.108197}}
{"target": 0.07126182558578986, "params": {"alphas0": 13.369932629516086, "alphas1": 18.470856437296412, "alphas10": 0.3826685082671122, "alphas11": 3.8869861058668365, "alphas12": 5.414117667868856, "alphas13": 1.3811580930481515, "alphas14": 11.217044246127891, "alphas15": 1.456955997042244, "alphas16": 18.349064005058825, "alphas17": 18.742741959552383, "alphas18": 19.398760230736187, "alphas19": 7.413795868130217, "alphas2": 9.436684192360454, "alphas20": 15.37494566043737, "alphas21": 19.649841371014748, "alphas22": 10.149040997135293, "alphas23": 0.003311347156826905, "alphas24": 4.651754145089053, "alphas25": 5.706769007824411, "alphas26": 4.9847562323057515, "alphas27": 17.045323517276543, "alphas28": 19.34495005844536, "alphas29": 13.16136084373991, "alphas3": 2.247916892601083, "alphas30": 0.6242161424224579, "alphas31": 5.39196026120317, "alphas32": 14.340507975886549, "alphas33": 19.78985368340205, "alphas34": 15.26160646835364, "alphas35": 6.8288851325486615, "alphas36": 1.0105145116761238, "alphas4": 19.8164363902592, "alphas5": 5.770578541632709, "alphas6": 0.7209438238419819, "alphas7": 16.213166996099538, "alphas8": 19.433239768358796, "alphas9": 4.947094686905422}, "datetime": {"datetime": "2018-12-12 22:31:33", "elapsed": 3203.20027, "delta": 75.090742}}
{"target": 0.07185033426240868, "params": {"alphas0": 16.11316836407348, "alphas1": 17.191816517018527, "alphas10": 15.918968382724126, "alphas11": 1.8642883263104482, "alphas12": 10.322601760290455, "alphas13": 6.380918989508395, "alphas14": 15.263718773907385, "alphas15": 10.745504521936125, "alphas16": 0.7307912057929911, "alphas17": 16.119480031995344, "alphas18": 13.185893786263446, "alphas19": 3.963210548353282, "alphas2": 19.1079096242473, "alphas20": 9.549681858535795, "alphas21": 19.636283415057168, "alphas22": 3.526239498806405, "alphas23": 18.313539221880507, "alphas24": 0.06748717186789488, "alphas25": 16.639472914886163, "alphas26": 0.30136349293264697, "alphas27": 0.26678892234010654, "alphas28": 11.047536444059759, "alphas29": 17.546081587725283, "alphas3": 19.101803033497053, "alphas30": 0.6169095243255307, "alphas31": 8.38308410749045, "alphas32": 18.24894428790335, "alphas33": 3.277029589443623, "alphas34": 1.3951808036605695, "alphas35": 15.421969080285887, "alphas36": 19.171097566304567, "alphas4": 13.276360520007932, "alphas5": 17.504412978656134, "alphas6": 3.3855325825203497, "alphas7": 6.431682351442998, "alphas8": 19.250500612218893, "alphas9": 12.47267765529979}, "datetime": {"datetime": "2018-12-12 22:32:45", "elapsed": 3275.816208, "delta": 72.615938}}
{"target": 0.07225466564310899, "params": {"alphas0": 19.312302041499102, "alphas1": 10.658191663055785, "alphas10": 1.5574058745864305, "alphas11": 17.678532133701626, "alphas12": 11.578888451325254, "alphas13": 0.28302663992866517, "alphas14": 18.500637457416655, "alphas15": 3.6785949136210627, "alphas16": 8.61395638319651, "alphas17": 7.358852837969572, "alphas18": 13.70853852487623, "alphas19": 3.3095023732100293, "alphas2": 16.58446067427239, "alphas20": 14.538674280825656, "alphas21": 17.79401176627122, "alphas22": 0.8721903668330322, "alphas23": 1.045892546395668, "alphas24": 17.252246082995462, "alphas25": 7.202167701868458, "alphas26": 1.8848693339125044, "alphas27": 1.305642199591559, "alphas28": 18.10756418626267, "alphas29": 4.27710323155206, "alphas3": 19.41442500353261, "alphas30": 0.04127982916680262, "alphas31": 2.3722888132595887, "alphas32": 10.54253448956555, "alphas33": 16.605862968129493, "alphas34": 19.857408008174595, "alphas35": 6.1272566527649825, "alphas36": 7.519868786740805, "alphas4": 19.247532409765363, "alphas5": 19.87301920167663, "alphas6": 11.58500905449539, "alphas7": 19.86342920157626, "alphas8": 19.854026804979622, "alphas9": 13.688034921931532}, "datetime": {"datetime": "2018-12-12 22:34:09", "elapsed": 3359.087569, "delta": 83.271361}}
{"target": 0.0713363348922902, "params": {"alphas0": 16.72884689779377, "alphas1": 16.532708905568793, "alphas10": 0.6229583661969507, "alphas11": 8.945772928297655, "alphas12": 0.3878466132780778, "alphas13": 10.251727199161365, "alphas14": 0.09722809326120352, "alphas15": 0.6184930230516872, "alphas16": 17.465467779321774, "alphas17": 6.019015295182831, "alphas18": 10.167319652604675, "alphas19": 0.2638621954366549, "alphas2": 14.615711261467473, "alphas20": 17.708311058124696, "alphas21": 1.4100129527157357, "alphas22": 5.011971649386218, "alphas23": 4.898036573729822, "alphas24": 1.8095942459052972, "alphas25": 14.233556309942095, "alphas26": 1.700164839904017, "alphas27": 8.729043606965362, "alphas28": 19.666518851491094, "alphas29": 0.27662484888567596, "alphas3": 19.417863456438372, "alphas30": 19.59348817163404, "alphas31": 1.9747539618402166, "alphas32": 11.246586146795927, "alphas33": 11.066100468346304, "alphas34": 0.43914922392657374, "alphas35": 2.7341911259189366, "alphas36": 13.282030756220253, "alphas4": 18.013957176523846, "alphas5": 15.386706818448644, "alphas6": 4.4504229705665965, "alphas7": 10.770283861110858, "alphas8": 19.48037373761389, "alphas9": 19.34448714049877}, "datetime": {"datetime": "2018-12-12 22:35:23", "elapsed": 3433.594956, "delta": 74.507387}}
{"target": 0.0707846136778784, "params": {"alphas0": 2.8789871231845665, "alphas1": 19.886603107892235, "alphas10": 18.815914444664603, "alphas11": 16.392060698807175, "alphas12": 14.981247521309625, "alphas13": 18.362266585548234, "alphas14": 19.08619849082659, "alphas15": 0.1228539613022317, "alphas16": 0.4099618222072743, "alphas17": 19.294399935155525, "alphas18": 11.972256998802305, "alphas19": 0.539248797783638, "alphas2": 1.8308033050830619, "alphas20": 19.18662027156372, "alphas21": 15.265889213526272, "alphas22": 0.7433312679489212, "alphas23": 2.794623564235321, "alphas24": 0.15500216718213888, "alphas25": 0.4213072845560739, "alphas26": 4.788590034671262, "alphas27": 3.0327353349745656, "alphas28": 14.61586493813379, "alphas29": 14.47976946565162, "alphas3": 17.10897158385926, "alphas30": 5.6932217928841204, "alphas31": 15.196046624222966, "alphas32": 0.652995877162359, "alphas33": 17.745594562997006, "alphas34": 4.388816969929161, "alphas35": 5.211335876475154, "alphas36": 12.94222524511426, "alphas4": 13.284168608212427, "alphas5": 18.505156969937953, "alphas6": 14.228995634431914, "alphas7": 0.9571258959923612, "alphas8": 18.282507077859172, "alphas9": 0.7794083757711578}, "datetime": {"datetime": "2018-12-12 22:36:40", "elapsed": 3510.328038, "delta": 76.733082}}
{"target": 0.07176544526329053, "params": {"alphas0": 17.68415860975171, "alphas1": 9.427819974428864, "alphas10": 12.563756597408105, "alphas11": 16.502123246040938, "alphas12": 1.8359357822065814, "alphas13": 0.4997054173209703, "alphas14": 6.583399980302351, "alphas15": 1.8568151620458662, "alphas16": 18.286004801535785, "alphas17": 10.99764805234853, "alphas18": 19.524100052490446, "alphas19": 2.431987244828182, "alphas2": 19.531673483365726, "alphas20": 16.998137419705298, "alphas21": 19.413939756002296, "alphas22": 7.033176708327973, "alphas23": 9.220515445282267, "alphas24": 14.711663478051094, "alphas25": 4.454496863210997, "alphas26": 1.1182340363212084, "alphas27": 18.505467854583724, "alphas28": 5.142568976688269, "alphas29": 16.097373346270032, "alphas3": 11.512545612141782, "alphas30": 8.529544991260693, "alphas31": 2.3419335353184345, "alphas32": 18.961980668422505, "alphas33": 3.6963747547641823, "alphas34": 19.439861264138138, "alphas35": 10.731316772752253, "alphas36": 6.921984557191352, "alphas4": 0.11218725556007447, "alphas5": 19.719968757607496, "alphas6": 17.47809012645603, "alphas7": 11.973891103208214, "alphas8": 2.561975360285096, "alphas9": 19.773735455742887}, "datetime": {"datetime": "2018-12-12 22:37:55", "elapsed": 3585.368698, "delta": 75.04066}}
{"target": 0.07206084366339115, "params": {"alphas0": 19.907723346495498, "alphas1": 17.30369531567685, "alphas10": 7.64773653261188, "alphas11": 11.440601878772355, "alphas12": 5.902486339316915, "alphas13": 0.08394751428402847, "alphas14": 19.095128431953587, "alphas15": 0.0821277171203505, "alphas16": 11.040710714708107, "alphas17": 18.15167811604215, "alphas18": 7.515766001482382, "alphas19": 8.802982700463327, "alphas2": 19.532844302727984, "alphas20": 10.964539099873685, "alphas21": 19.502832512985876, "alphas22": 0.7828399907766248, "alphas23": 6.248297529690776, "alphas24": 18.77669975087279, "alphas25": 19.688508101826606, "alphas26": 8.664522942893498, "alphas27": 12.868009634009923, "alphas28": 14.875298517142312, "alphas29": 2.4248688661307027, "alphas3": 5.939716488318078, "alphas30": 4.9667136797517415, "alphas31": 3.3797188402778056, "alphas32": 6.626472942124169, "alphas33": 8.955444161074178, "alphas34": 16.37718250360265, "alphas35": 19.665658110926994, "alphas36": 17.60297785089634, "alphas4": 19.65955316574742, "alphas5": 1.701866939189054, "alphas6": 1.1514348588024426, "alphas7": 18.21633397484267, "alphas8": 16.810718612192627, "alphas9": 5.7193302773967964}, "datetime": {"datetime": "2018-12-12 22:39:09", "elapsed": 3659.755277, "delta": 74.386579}}
{"target": 0.07166837918871255, "params": {"alphas0": 19.74086378670499, "alphas1": 13.086236688556658, "alphas10": 19.554615792841986, "alphas11": 18.18468353169265, "alphas12": 0.044874310580085286, "alphas13": 1.2739605174436774, "alphas14": 5.689875420306492, "alphas15": 5.652700287113985, "alphas16": 2.521571698062688, "alphas17": 4.179868237608724, "alphas18": 15.917977107212826, "alphas19": 2.403966023486468, "alphas2": 2.3410975537054646, "alphas20": 0.6908032693582, "alphas21": 6.401079972510175, "alphas22": 15.313205286095762, "alphas23": 3.6799868072764297, "alphas24": 9.89410461697583, "alphas25": 2.3629752412901106, "alphas26": 1.247059709816165, "alphas27": 7.681825477653379, "alphas28": 19.884057035470338, "alphas29": 14.93890085183616, "alphas3": 13.443787664501398, "alphas30": 2.9610207041862324, "alphas31": 2.0544198909473277, "alphas32": 0.08408514616024654, "alphas33": 10.06704581642887, "alphas34": 3.0102556188576135, "alphas35": 18.766378616958853, "alphas36": 2.8099790432221594, "alphas4": 1.9190935194977254, "alphas5": 0.2030005588513717, "alphas6": 3.349193123119296, "alphas7": 18.682254002646623, "alphas8": 13.552559457418425, "alphas9": 19.009141479317513}, "datetime": {"datetime": "2018-12-12 22:40:25", "elapsed": 3735.736946, "delta": 75.981669}}
{"target": 0.07185661548878802, "params": {"alphas0": 19.801547856693468, "alphas1": 16.614523566929513, "alphas10": 18.15261083537066, "alphas11": 9.406932736039037, "alphas12": 16.675519512058134, "alphas13": 7.120519803469627, "alphas14": 13.70165965263797, "alphas15": 0.25264969182261066, "alphas16": 10.036505374398727, "alphas17": 19.22262880320847, "alphas18": 0.09590881683816388, "alphas19": 14.950185465006706, "alphas2": 17.28907133129449, "alphas20": 11.874627483091233, "alphas21": 2.5226379988485914, "alphas22": 6.1147731430697805, "alphas23": 0.10193574891123047, "alphas24": 18.301834586002744, "alphas25": 11.932850050444308, "alphas26": 13.41577938333165, "alphas27": 13.118404087453946, "alphas28": 13.172105642817671, "alphas29": 0.5793500371178073, "alphas3": 19.214137090188785, "alphas30": 14.042685581957628, "alphas31": 2.2214590449873683, "alphas32": 19.016580264722116, "alphas33": 4.461926528742415, "alphas34": 1.5362538297766748, "alphas35": 18.521195772313778, "alphas36": 17.743408666892687, "alphas4": 1.7916006109151095, "alphas5": 19.524339823779854, "alphas6": 5.762103134350715, "alphas7": 15.725374029917633, "alphas8": 18.88575381865991, "alphas9": 1.9253635811356018}, "datetime": {"datetime": "2018-12-12 22:41:40", "elapsed": 3809.957724, "delta": 74.220778}}
{"target": 0.07135625823570167, "params": {"alphas0": 7.161054375188978, "alphas1": 19.837081314302736, "alphas10": 13.715633673917548, "alphas11": 18.32105546597664, "alphas12": 1.5005599094933753, "alphas13": 0.6641407711216818, "alphas14": 15.47330609747629, "alphas15": 17.907682912214344, "alphas16": 1.5573801497368422, "alphas17": 18.619728435850085, "alphas18": 2.784610211448433, "alphas19": 0.40174788024142316, "alphas2": 17.244454228642137, "alphas20": 1.4919800478707779, "alphas21": 17.077089871043547, "alphas22": 0.41681589814502873, "alphas23": 9.037305019932232, "alphas24": 14.622959485474942, "alphas25": 14.378011820809363, "alphas26": 2.8872789059022996, "alphas27": 12.285038157523333, "alphas28": 17.815147817547693, "alphas29": 10.530053350959154, "alphas3": 17.043119254235467, "alphas30": 11.369094260531615, "alphas31": 4.983380423905039, "alphas32": 18.585326403453756, "alphas33": 5.448051340092848, "alphas34": 7.139586604688981, "alphas35": 18.26066401508244, "alphas36": 17.228728455658995, "alphas4": 16.017947024107613, "alphas5": 19.075460304378232, "alphas6": 10.828095713876975, "alphas7": 16.47706139952502, "alphas8": 6.683493803714839, "alphas9": 18.648609075503643}, "datetime": {"datetime": "2018-12-12 22:42:52", "elapsed": 3882.71924, "delta": 72.761516}}
{"target": 0.0720292748330814, "params": {"alphas0": 18.666312851103513, "alphas1": 4.487214171993912, "alphas10": 19.12755791872879, "alphas11": 6.9210687803764355, "alphas12": 5.516889649416794, "alphas13": 1.4008791424578049, "alphas14": 16.178937614316723, "alphas15": 0.7250114994898338, "alphas16": 15.402824911563206, "alphas17": 18.692740189321448, "alphas18": 2.001038920499112, "alphas19": 9.549870743579314, "alphas2": 17.772485428552294, "alphas20": 16.227024302041496, "alphas21": 19.316210228161314, "alphas22": 2.31905830674763, "alphas23": 14.276675378883867, "alphas24": 17.133117335314104, "alphas25": 19.898718828219415, "alphas26": 2.6921364986599094, "alphas27": 0.3406200240196089, "alphas28": 17.28151733520091, "alphas29": 0.4366272511614855, "alphas3": 14.48282865986066, "alphas30": 0.9130577247424321, "alphas31": 3.9403196049379186, "alphas32": 7.718288565076077, "alphas33": 4.076467807409161, "alphas34": 2.379771342352708, "alphas35": 0.4032992990978279, "alphas36": 4.208681566669141, "alphas4": 10.346482830504993, "alphas5": 12.756694036648595, "alphas6": 16.979406300775384, "alphas7": 16.92775128393834, "alphas8": 15.469080523817267, "alphas9": 15.808102267495492}, "datetime": {"datetime": "2018-12-12 22:44:08", "elapsed": 3958.03198, "delta": 75.31274}}
{"target": 0.07159410970962451, "params": {"alphas0": 19.173248240386606, "alphas1": 5.889542438276775, "alphas10": 1.1284584319532454, "alphas11": 19.410691218340553, "alphas12": 16.29353166809395, "alphas13": 4.2808115187037, "alphas14": 9.897393519108551, "alphas15": 4.108022693539892, "alphas16": 1.8124795181932818, "alphas17": 19.21116782669604, "alphas18": 16.637341977934984, "alphas19": 1.4269777653399007, "alphas2": 14.507007097390828, "alphas20": 11.604550485912245, "alphas21": 11.25019584890325, "alphas22": 2.2539447299729254, "alphas23": 12.580509398449971, "alphas24": 3.948404782042194, "alphas25": 18.731827088693883, "alphas26": 1.205823694123087, "alphas27": 4.877135998339021, "alphas28": 6.438893773221577, "alphas29": 1.1502860892815225, "alphas3": 8.384263906877948, "alphas30": 1.1584482152511444, "alphas31": 1.2922633056953026, "alphas32": 2.7783572588498973, "alphas33": 17.183344922277914, "alphas34": 16.122973130524873, "alphas35": 19.432048249295992, "alphas36": 18.108942302605115, "alphas4": 19.354328892836666, "alphas5": 8.101365077278004, "alphas6": 17.144401147539924, "alphas7": 14.539252958797997, "alphas8": 19.354078754756383, "alphas9": 0.04417747488075774}, "datetime": {"datetime": "2018-12-12 22:45:26", "elapsed": 4036.487766, "delta": 78.455786}}
{"target": 0.07206411578798191, "params": {"alphas0": 17.502032607269815, "alphas1": 0.714514904947563, "alphas10": 8.485585743812319, "alphas11": 3.3504687124816135, "alphas12": 10.825116855210927, "alphas13": 2.997830700790216, "alphas14": 6.976578800374186, "alphas15": 6.370551828062194, "alphas16": 1.2991113248027686, "alphas17": 17.50407526627781, "alphas18": 1.604108864941416, "alphas19": 4.344295250028165, "alphas2": 19.8803160704133, "alphas20": 5.688730640095647, "alphas21": 18.329607644144904, "alphas22": 15.640972126462033, "alphas23": 1.778963350821614, "alphas24": 13.409309413977123, "alphas25": 14.358862785075456, "alphas26": 3.231189978869229, "alphas27": 12.63652649976301, "alphas28": 18.705139620196906, "alphas29": 2.716965198620549, "alphas3": 13.983766457342535, "alphas30": 0.21249785989521097, "alphas31": 0.48328389666522753, "alphas32": 19.324083920934193, "alphas33": 4.650166886063165, "alphas34": 17.953421255677526, "alphas35": 12.86846758137865, "alphas36": 18.114076232952954, "alphas4": 7.46798566282219, "alphas5": 1.433060437901852, "alphas6": 0.12843541984217888, "alphas7": 14.662755213194965, "alphas8": 18.759688965499162, "alphas9": 18.30275425078206}, "datetime": {"datetime": "2018-12-12 22:46:44", "elapsed": 4114.142581, "delta": 77.654815}}
