{"target": 0.039026733213655726, "params": {"alpha": 1.8284064278478096, "normalize_similarity": 0.48918872339941943, "topK": 9.064588082261334}, "datetime": {"datetime": "2018-12-10 18:16:56", "elapsed": 0.0, "delta": 0.0}}
{"target": 0.01909873963844797, "params": {"alpha": 1.3178755852806032, "normalize_similarity": 0.577547683452785, "topK": 1.8161013364386789}, "datetime": {"datetime": "2018-12-10 18:17:09", "elapsed": 12.997572, "delta": 12.997572}}
{"target": 0.04446396189216415, "params": {"alpha": 0.90095107128937, "normalize_similarity": 0.21643145342197811, "topK": 5.418627270806809}, "datetime": {"datetime": "2018-12-10 18:17:23", "elapsed": 27.290166, "delta": 14.292594}}
{"target": 0.04064503643864942, "params": {"alpha": 1.3281356762273597, "normalize_similarity": 0.20960576686982113, "topK": 3.0859221798188314}, "datetime": {"datetime": "2018-12-10 18:17:35", "elapsed": 39.256888, "delta": 11.966722}}
{"target": 0.03753479273746528, "params": {"alpha": 1.0213726166664907, "normalize_similarity": 0.8393153939430432, "topK": 3.5651661495681775}, "datetime": {"datetime": "2018-12-10 18:17:48", "elapsed": 51.684111, "delta": 12.427223}}
{"target": 0.024025137408667147, "params": {"alpha": 2.0, "normalize_similarity": 1.0, "topK": 5.551309632946113}, "datetime": {"datetime": "2018-12-10 18:18:06", "elapsed": 69.841411, "delta": 18.1573}}
{"target": 0.04398962780297292, "params": {"alpha": 0.0, "normalize_similarity": 1.0, "topK": 12.0}, "datetime": {"datetime": "2018-12-10 18:18:24", "elapsed": 87.597721, "delta": 17.75631}}
{"target": 0.03802228073822118, "params": {"alpha": 2.0, "normalize_similarity": 0.0, "topK": 12.0}, "datetime": {"datetime": "2018-12-10 18:18:44", "elapsed": 107.848949, "delta": 20.251228}}
{"target": 0.04368870716805233, "params": {"alpha": 0.0, "normalize_similarity": 0.0, "topK": 2.5907548526733253}, "datetime": {"datetime": "2018-12-10 18:19:00", "elapsed": 123.739424, "delta": 15.890475}}
{"target": 0.04264903587175604, "params": {"alpha": 0.0, "normalize_similarity": 3.4087371552073074e-12, "topK": 10.266662821705438}, "datetime": {"datetime": "2018-12-10 18:19:18", "elapsed": 142.224714, "delta": 18.48529}}
{"target": 0.04396861731544457, "params": {"alpha": 3.92622559185005e-09, "normalize_similarity": 1.0, "topK": 8.67814526057932}, "datetime": {"datetime": "2018-12-10 18:19:36", "elapsed": 160.457784, "delta": 18.23307}}
{"target": 0.044145199326026625, "params": {"alpha": 0.0, "normalize_similarity": 0.0, "topK": 4.52712499888781}, "datetime": {"datetime": "2018-12-10 18:19:56", "elapsed": 179.974315, "delta": 19.516531}}
{"target": 0.04555188466868223, "params": {"alpha": 0.8837006112208734, "normalize_similarity": 0.9992688017676601, "topK": 10.916262598330356}, "datetime": {"datetime": "2018-12-10 18:20:21", "elapsed": 204.607642, "delta": 24.633327}}
{"target": 0.043736031934996054, "params": {"alpha": 0.6842891257010746, "normalize_similarity": 0.0018654129348434356, "topK": 8.394829522347294}, "datetime": {"datetime": "2018-12-10 18:20:44", "elapsed": 227.759769, "delta": 23.152127}}
{"target": 0.04560429569790867, "params": {"alpha": 0.6467261820011769, "normalize_similarity": 0.0031896013761189, "topK": 3.821904926851686}, "datetime": {"datetime": "2018-12-10 18:21:08", "elapsed": 251.919157, "delta": 24.159388}}
{"target": 0.044789169784580446, "params": {"alpha": 0.028161314361292655, "normalize_similarity": 0.9865313410049313, "topK": 10.480266049326367}, "datetime": {"datetime": "2018-12-10 18:21:30", "elapsed": 273.878517, "delta": 21.95936}}
{"target": 0.04357140958049871, "params": {"alpha": 0.6045878126041404, "normalize_similarity": 0.015061908100558297, "topK": 11.996446663612002}, "datetime": {"datetime": "2018-12-10 18:21:52", "elapsed": 295.672983, "delta": 21.794466}}
{"target": 0.04289356377551012, "params": {"alpha": 1.0957274297636992, "normalize_similarity": 0.0057218318048077865, "topK": 10.378303132526595}, "datetime": {"datetime": "2018-12-10 18:22:13", "elapsed": 317.396858, "delta": 21.723875}}
{"target": 0.04405422650541681, "params": {"alpha": 0.9690975057185067, "normalize_similarity": 0.9650803648430775, "topK": 11.996259579634971}, "datetime": {"datetime": "2018-12-10 18:22:35", "elapsed": 339.264003, "delta": 21.867145}}
{"target": 0.045832277462836815, "params": {"alpha": 0.5922814048537091, "normalize_similarity": 0.01004742169568662, "topK": 3.7573387295170613}, "datetime": {"datetime": "2018-12-10 18:22:58", "elapsed": 361.621377, "delta": 22.357374}}
{"target": 0.04801891238347185, "params": {"alpha": 0.609276251869217, "normalize_similarity": 0.970079725692722, "topK": 9.658868760724024}, "datetime": {"datetime": "2018-12-10 18:23:21", "elapsed": 385.114506, "delta": 23.493129}}
{"target": 0.04746745905769705, "params": {"alpha": 0.6957751134304253, "normalize_similarity": 0.9914742604716159, "topK": 9.622777748463998}, "datetime": {"datetime": "2018-12-10 18:23:45", "elapsed": 409.583049, "delta": 24.468543}}
{"target": 0.04828216115520277, "params": {"alpha": 0.5817661162054801, "normalize_similarity": 0.6899423295853179, "topK": 9.649527798362382}, "datetime": {"datetime": "2018-12-10 18:24:10", "elapsed": 433.660954, "delta": 24.077905}}
{"target": 0.048130808736457496, "params": {"alpha": 0.585634548797171, "normalize_similarity": 0.6534645252275854, "topK": 9.529027046890523}, "datetime": {"datetime": "2018-12-10 18:24:32", "elapsed": 455.949633, "delta": 22.288679}}
{"target": 0.04828945612874775, "params": {"alpha": 0.5821680517298471, "normalize_similarity": 0.6587635506531665, "topK": 9.640493642001836}, "datetime": {"datetime": "2018-12-10 18:24:54", "elapsed": 478.528977, "delta": 22.579344}}
{"target": 0.047988101158982055, "params": {"alpha": 0.598182265498538, "normalize_similarity": 0.671663863499227, "topK": 9.5642110547364}, "datetime": {"datetime": "2018-12-10 18:25:17", "elapsed": 501.212253, "delta": 22.683276}}
{"target": 0.048037804579239035, "params": {"alpha": 0.603954624966599, "normalize_similarity": 0.6902890395259934, "topK": 9.675158651875273}, "datetime": {"datetime": "2018-12-10 18:25:41", "elapsed": 525.500492, "delta": 24.288239}}
{"target": 0.04790076325900718, "params": {"alpha": 0.6469854402767592, "normalize_similarity": 0.9964563652205944, "topK": 9.509990663422224}, "datetime": {"datetime": "2018-12-10 18:26:04", "elapsed": 547.895157, "delta": 22.394665}}
{"target": 0.047988904446963916, "params": {"alpha": 0.6030124726390926, "normalize_similarity": 0.6662624700964825, "topK": 9.657447418344882}, "datetime": {"datetime": "2018-12-10 18:26:26", "elapsed": 570.433027, "delta": 22.53787}}
{"target": 0.0480340508944318, "params": {"alpha": 0.5958359773919866, "normalize_similarity": 0.7039561268833381, "topK": 9.58609335621069}, "datetime": {"datetime": "2018-12-10 18:26:53", "elapsed": 596.597907, "delta": 26.16488}}
{"target": 0.0478194969450742, "params": {"alpha": 0.6540475257315481, "normalize_similarity": 0.9985761274277161, "topK": 9.651481093257349}, "datetime": {"datetime": "2018-12-10 18:27:18", "elapsed": 621.748826, "delta": 25.150919}}
{"target": 0.04828043688586542, "params": {"alpha": 0.5777692589063526, "normalize_similarity": 0.6757328024621653, "topK": 9.52774248613096}, "datetime": {"datetime": "2018-12-10 18:27:40", "elapsed": 644.119172, "delta": 22.370346}}
{"target": 0.04828923507180644, "params": {"alpha": 0.5790830422180264, "normalize_similarity": 0.6885959831852387, "topK": 9.718114293299555}, "datetime": {"datetime": "2018-12-10 18:28:02", "elapsed": 666.390538, "delta": 22.271366}}
{"target": 0.04796119501133776, "params": {"alpha": 0.6300473527333965, "normalize_similarity": 0.7078304171671856, "topK": 9.339708947533262}, "datetime": {"datetime": "2018-12-10 18:28:25", "elapsed": 688.710308, "delta": 22.31977}}
{"target": 0.04821510408793142, "params": {"alpha": 0.569545460225839, "normalize_similarity": 0.7470865769462831, "topK": 9.91507039389506}, "datetime": {"datetime": "2018-12-10 18:28:48", "elapsed": 711.739237, "delta": 23.028929}}
