{"target": 0.08849524544539882, "params": {"alphas0": 1.3079143952594596, "alphas1": 40.39636960976458, "alphas10": 1.6238049979249802, "alphas11": 43.921046367746975, "alphas12": 22.62556014202534, "alphas13": 39.54053877682565, "alphas2": 37.55709507655941, "alphas3": 2.4744596906105425, "alphas4": 24.923732140730195, "alphas5": 2.4143650645671584, "alphas6": 39.78063613603864, "alphas7": 26.94172505423572, "alphas8": 5.040508297280065, "alphas9": 44.47132294377102}, "datetime": {"datetime": "2018-12-18 18:13:41", "elapsed": 5789.469537, "delta": 183.136195}}
{"target": 0.08849624447060143, "params": {"alphas0": 1.0097465736813165, "alphas1": 44.915038427674446, "alphas10": 5.203019114896124, "alphas11": 43.75433547850566, "alphas12": 4.71115840158034, "alphas13": 44.20651879969777, "alphas2": 24.99668650720735, "alphas3": 5.558223271741331, "alphas4": 3.1208325382084388, "alphas5": 27.967784967976115, "alphas6": 24.22306317463466, "alphas7": 29.882066335947993, "alphas8": 4.2125265276014945, "alphas9": 37.68965865924199}, "datetime": {"datetime": "2018-12-18 18:16:25", "elapsed": 5954.115736, "delta": 164.646199}}
{"target": 0.0881378587067374, "params": {"alphas0": 1.907526349470237, "alphas1": 37.4904127961779, "alphas10": 0.2012065639728744, "alphas11": 43.457997482122366, "alphas12": 21.04086003511728, "alphas13": 42.78700783805687, "alphas2": 16.57904371338082, "alphas3": 35.64886721067881, "alphas4": 38.526161091062576, "alphas5": 31.332907902374316, "alphas6": 28.650923282789513, "alphas7": 4.858962147044208, "alphas8": 4.632396358485867, "alphas9": 37.96997532459252}, "datetime": {"datetime": "2018-12-18 18:19:26", "elapsed": 6134.647183, "delta": 180.531447}}
{"target": 0.08834733981089932, "params": {"alphas0": 1.1501204950312878, "alphas1": 42.057186147318966, "alphas10": 0.5829267526799481, "alphas11": 37.1824304400135, "alphas12": 15.785160825123537, "alphas13": 42.31690561403035, "alphas2": 30.720815729105563, "alphas3": 33.347165587252114, "alphas4": 30.598540513195932, "alphas5": 5.411447219805435, "alphas6": 26.891858117553795, "alphas7": 41.98026412569486, "alphas8": 3.118654992629677, "alphas9": 43.58190589322595}, "datetime": {"datetime": "2018-12-18 18:22:18", "elapsed": 6306.794163, "delta": 172.14698}}
{"target": 0.08721258677335063, "params": {"alphas0": 6.316185132670544, "alphas1": 43.58548400610995, "alphas10": 11.966715692051407, "alphas11": 34.59309031599688, "alphas12": 43.284811525402844, "alphas13": 42.86538749495675, "alphas2": 9.278849811584523, "alphas3": 5.38207089719095, "alphas4": 40.9189680168343, "alphas5": 0.8341216027380371, "alphas6": 44.65900726911852, "alphas7": 2.8453959878111794, "alphas8": 0.9020649344197701, "alphas9": 42.53348429300121}, "datetime": {"datetime": "2018-12-18 18:25:13", "elapsed": 6481.548231, "delta": 174.754068}}
{"target": 0.0880012493708571, "params": {"alphas0": 2.9266978122010565, "alphas1": 39.28415082573833, "alphas10": 1.3903227195478833, "alphas11": 39.1015846156694, "alphas12": 37.30393401409861, "alphas13": 37.091932646900396, "alphas2": 8.616324590794568, "alphas3": 44.98846061750205, "alphas4": 9.723823384678631, "alphas5": 9.664317729163626, "alphas6": 44.92400868398913, "alphas7": 40.992992789375315, "alphas8": 0.23959182132963996, "alphas9": 39.62271603370444}, "datetime": {"datetime": "2018-12-18 18:27:53", "elapsed": 6641.480364, "delta": 159.932133}}
{"target": 0.08844489523068946, "params": {"alphas0": 0.6231700361480264, "alphas1": 43.59655278960748, "alphas10": 1.8427243240073998, "alphas11": 44.875602825935964, "alphas12": 4.888213351247207, "alphas13": 41.743509307744375, "alphas2": 16.213807338795785, "alphas3": 19.858775411831086, "alphas4": 13.353591586100041, "alphas5": 38.530448668598765, "alphas6": 16.6273958211192, "alphas7": 0.5406976388608059, "alphas8": 8.189539857094184, "alphas9": 38.15930706736396}, "datetime": {"datetime": "2018-12-18 18:30:59", "elapsed": 6827.671805, "delta": 186.191441}}
{"target": 0.08805670081040583, "params": {"alphas0": 0.12608864369379136, "alphas1": 44.36392100678668, "alphas10": 9.409465277860889, "alphas11": 1.8054883703024927, "alphas12": 19.022802126642997, "alphas13": 43.88813682283979, "alphas2": 35.727088138282866, "alphas3": 8.676020467314887, "alphas4": 43.13193940365031, "alphas5": 13.36082825846302, "alphas6": 9.508988771440542, "alphas7": 8.273325136812675, "alphas8": 2.6474909444124233, "alphas9": 41.86760297597531}, "datetime": {"datetime": "2018-12-18 18:33:57", "elapsed": 7005.799633, "delta": 178.127828}}
{"target": 0.0884202761768173, "params": {"alphas0": 0.13866211617677593, "alphas1": 39.56064732692589, "alphas10": 2.9201012070762595, "alphas11": 41.63907104475241, "alphas12": 17.403749032308934, "alphas13": 41.38813041880545, "alphas2": 44.05722220380894, "alphas3": 36.91103218548877, "alphas4": 23.274299165614632, "alphas5": 28.906117578694662, "alphas6": 24.37571202759894, "alphas7": 15.735035288406948, "alphas8": 6.535741869286468, "alphas9": 42.50905261266276}, "datetime": {"datetime": "2018-12-18 18:36:20", "elapsed": 7149.166665, "delta": 143.367032}}
{"target": 0.08795983121061642, "params": {"alphas0": 0.7160072385255184, "alphas1": 39.65371374904434, "alphas10": 6.534230967380531, "alphas11": 43.61828698998021, "alphas12": 34.0743615799146, "alphas13": 35.98487211005865, "alphas2": 0.06146750100758602, "alphas3": 3.6966627335423423, "alphas4": 37.54907905197595, "alphas5": 40.36640796249116, "alphas6": 11.429365922340176, "alphas7": 32.60066746387675, "alphas8": 3.3232447704697696, "alphas9": 41.45047304666892}, "datetime": {"datetime": "2018-12-18 18:38:09", "elapsed": 7258.255694, "delta": 109.089029}}
{"target": 0.08817864492516313, "params": {"alphas0": 0.18340964327907272, "alphas1": 33.73189266066451, "alphas10": 1.4696564014067954, "alphas11": 40.46826023408441, "alphas12": 9.102764065485253, "alphas13": 44.26552310699256, "alphas2": 10.958954490310475, "alphas3": 17.94778957757756, "alphas4": 21.213019970154033, "alphas5": 9.393427597028959, "alphas6": 25.45954165887951, "alphas7": 33.13278734596806, "alphas8": 5.7516616066649195, "alphas9": 44.432967107766494}, "datetime": {"datetime": "2018-12-18 18:40:11", "elapsed": 7379.786616, "delta": 121.530922}}
{"target": 0.08842263881648266, "params": {"alphas0": 0.5426412641769729, "alphas1": 35.352006209195565, "alphas10": 1.203430376659208, "alphas11": 38.10199528196879, "alphas12": 11.697421800741301, "alphas13": 44.58308506886157, "alphas2": 1.8361486173306296, "alphas3": 23.73980332422422, "alphas4": 0.9310250738864662, "alphas5": 32.966757461335064, "alphas6": 37.36776544354301, "alphas7": 10.468075256287355, "alphas8": 3.9476864670311276, "alphas9": 37.174656841310096}, "datetime": {"datetime": "2018-12-18 18:42:09", "elapsed": 7497.333906, "delta": 117.54729}}
{"target": 0.08805995371063545, "params": {"alphas0": 0.3579175175232535, "alphas1": 41.419518854497085, "alphas10": 9.73978525780919, "alphas11": 44.00398805700406, "alphas12": 33.67997051739874, "alphas13": 43.55120216059292, "alphas2": 25.2315743642532, "alphas3": 40.23726149853441, "alphas4": 28.46275353844671, "alphas5": 38.72116959992197, "alphas6": 5.90243746070097, "alphas7": 6.360475646621938, "alphas8": 1.9210241130775196, "alphas9": 41.721797857844805}, "datetime": {"datetime": "2018-12-18 18:44:10", "elapsed": 7618.383687, "delta": 121.049781}}
{"target": 0.0881206084626391, "params": {"alphas0": 6.860557144098144, "alphas1": 44.53620371457817, "alphas10": 4.00994625038734, "alphas11": 23.943679266770697, "alphas12": 38.71148955694371, "alphas13": 44.21884085515589, "alphas2": 38.64064453103231, "alphas3": 5.24373521568888, "alphas4": 41.53325169439543, "alphas5": 26.320317410433, "alphas6": 4.760114284500757, "alphas7": 0.8856846200435187, "alphas8": 1.5259296176233583, "alphas9": 44.069358062709576}, "datetime": {"datetime": "2018-12-18 18:46:08", "elapsed": 7737.058411, "delta": 118.674724}}
{"target": 0.088346521115302, "params": {"alphas0": 1.5301981216067069, "alphas1": 44.87477036676231, "alphas10": 2.001330087365725, "alphas11": 18.784051925106546, "alphas12": 4.689610873856697, "alphas13": 43.38789551717413, "alphas2": 17.140827319723286, "alphas3": 7.33821999699815, "alphas4": 26.822734775649778, "alphas5": 35.32134547787217, "alphas6": 43.282637322454896, "alphas7": 44.15175148199755, "alphas8": 4.582547044072063, "alphas9": 37.95075033408504}, "datetime": {"datetime": "2018-12-18 18:48:12", "elapsed": 7860.587295, "delta": 123.528884}}
{"target": 0.08818085692753583, "params": {"alphas0": 0.844287038332811, "alphas1": 44.96466566786411, "alphas10": 4.657340886910113, "alphas11": 40.3312207725564, "alphas12": 2.726108111977723, "alphas13": 44.074601580663774, "alphas2": 19.346385222990143, "alphas3": 35.15976510322699, "alphas4": 8.065487619273153, "alphas5": 43.64951890133935, "alphas6": 32.75591311289057, "alphas7": 15.00959291482675, "alphas8": 1.6917016894185766, "alphas9": 23.524720238753666}, "datetime": {"datetime": "2018-12-18 18:50:13", "elapsed": 7981.713505, "delta": 121.12621}}
{"target": 0.08838374937869857, "params": {"alphas0": 6.355073574789777, "alphas1": 41.918718926562846, "alphas10": 1.7107631806885322, "alphas11": 12.390891788816846, "alphas12": 38.75383859162588, "alphas13": 43.9372494794398, "alphas2": 5.153213249594003, "alphas3": 3.0508583346868132, "alphas4": 28.82119387285836, "alphas5": 43.1835428194165, "alphas6": 9.085700602669673, "alphas7": 2.54843283994084, "alphas8": 5.793550358054037, "alphas9": 42.47828102905281}, "datetime": {"datetime": "2018-12-18 18:52:09", "elapsed": 8098.047943, "delta": 116.334438}}
{"target": 0.08815829365426645, "params": {"alphas0": 1.1446192507193431, "alphas1": 42.812338814733174, "alphas10": 6.131374290206476, "alphas11": 35.35595808842187, "alphas12": 6.765521975409105, "alphas13": 42.2245712848691, "alphas2": 3.750287588600975, "alphas3": 13.228634212535887, "alphas4": 33.07778486373354, "alphas5": 17.98617120127702, "alphas6": 39.98355618488164, "alphas7": 12.417684683761964, "alphas8": 3.445064113336582, "alphas9": 44.264602967069315}, "datetime": {"datetime": "2018-12-18 18:54:11", "elapsed": 8219.743732, "delta": 121.695789}}
{"target": 0.08822900862814828, "params": {"alphas0": 2.2885568028598753, "alphas1": 41.98423609569714, "alphas10": 2.8344073194749897, "alphas11": 44.19912122476992, "alphas12": 43.280138907582256, "alphas13": 28.864448900931983, "alphas2": 35.568786737154504, "alphas3": 8.887733421971458, "alphas4": 3.598451559114441, "alphas5": 34.510257781563816, "alphas6": 40.78984874794962, "alphas7": 5.6843528473992855, "alphas8": 3.362643246383186, "alphas9": 44.58927322951053}, "datetime": {"datetime": "2018-12-18 18:56:19", "elapsed": 8348.093729, "delta": 128.349997}}
{"target": 0.08776777460871865, "params": {"alphas0": 1.608151820790857, "alphas1": 35.16113763485804, "alphas10": 0.4928219848461446, "alphas11": 3.1309864975237014, "alphas12": 40.89079515011827, "alphas13": 40.46547987421282, "alphas2": 3.6672594676059633, "alphas3": 40.52846503007423, "alphas4": 5.921058091161017, "alphas5": 28.035323838810793, "alphas6": 44.02793299897707, "alphas7": 35.80493422645192, "alphas8": 1.7230904098175444, "alphas9": 42.529617850991265}, "datetime": {"datetime": "2018-12-18 18:58:22", "elapsed": 8470.754226, "delta": 122.660497}}
{"target": 0.08828917086921692, "params": {"alphas0": 0.23723328052107417, "alphas1": 44.578636153943144, "alphas10": 8.46719112459179, "alphas11": 18.502752299367422, "alphas12": 40.8309382290689, "alphas13": 41.24870330615132, "alphas2": 33.972878268503386, "alphas3": 14.908988559805064, "alphas4": 4.839754000113162, "alphas5": 19.00512943194015, "alphas6": 36.158812336151904, "alphas7": 6.41779961264437, "alphas8": 3.821496672994784, "alphas9": 42.38929278893862}, "datetime": {"datetime": "2018-12-18 19:00:21", "elapsed": 8589.638058, "delta": 118.883832}}
{"target": 0.08677866973772315, "params": {"alphas0": 0.5451017238261058, "alphas1": 44.49832621422752, "alphas10": 3.6692050627609376, "alphas11": 39.26690091476909, "alphas12": 20.95457052455189, "alphas13": 44.5113243335661, "alphas2": 12.184297320270323, "alphas3": 9.314162410243421, "alphas4": 38.29750568782942, "alphas5": 38.58708242373515, "alphas6": 12.951499614169709, "alphas7": 40.2912615133461, "alphas8": 18.543026459060574, "alphas9": 44.95111658802484}, "datetime": {"datetime": "2018-12-18 19:02:24", "elapsed": 8712.797935, "delta": 123.159877}}
{"target": 0.08780964693460601, "params": {"alphas0": 5.057985857614749, "alphas1": 44.031192827795834, "alphas10": 0.9517234513261458, "alphas11": 38.114248494446215, "alphas12": 37.362105954771664, "alphas13": 26.97351583252381, "alphas2": 14.461001004767851, "alphas3": 20.803323620457945, "alphas4": 36.12937539946813, "alphas5": 41.46474238987195, "alphas6": 39.399241899630056, "alphas7": 18.829777618155426, "alphas8": 4.846620146793899, "alphas9": 44.97489094817813}, "datetime": {"datetime": "2018-12-18 19:04:28", "elapsed": 8836.722669, "delta": 123.924734}}
{"target": 0.08794679907293192, "params": {"alphas0": 0.034534564926482214, "alphas1": 44.620391485448046, "alphas10": 3.9538349114492193, "alphas11": 42.43313314486518, "alphas12": 5.367324418618098, "alphas13": 39.67176623165166, "alphas2": 16.489611494771708, "alphas3": 25.82056458777961, "alphas4": 41.62154758455874, "alphas5": 37.89665555930777, "alphas6": 16.49928856539796, "alphas7": 15.477934495278973, "alphas8": 0.5644565428725445, "alphas9": 32.74001256506589}, "datetime": {"datetime": "2018-12-18 19:06:34", "elapsed": 8962.565356, "delta": 125.842687}}
{"target": 0.08797862090685447, "params": {"alphas0": 6.4330344024389, "alphas1": 37.99319540420625, "alphas10": 0.31917592761350866, "alphas11": 10.75122186466357, "alphas12": 43.02773813856495, "alphas13": 42.29105949163758, "alphas2": 2.9337734045980843, "alphas3": 10.988794507780563, "alphas4": 29.261878854340267, "alphas5": 29.808505107782075, "alphas6": 40.93206876478898, "alphas7": 9.852821252363608, "alphas8": 3.9838458418786575, "alphas9": 43.81412529078013}, "datetime": {"datetime": "2018-12-18 19:08:40", "elapsed": 9089.306719, "delta": 126.741363}}
{"target": 0.08825136984572968, "params": {"alphas0": 2.954142908947868, "alphas1": 41.42171106303926, "alphas10": 3.689643149592145, "alphas11": 21.100634929139332, "alphas12": 1.2395335062512753, "alphas13": 43.570109392375606, "alphas2": 6.72554073767299, "alphas3": 0.6028654523625121, "alphas4": 39.57860921232413, "alphas5": 36.599402317733606, "alphas6": 41.137653478291995, "alphas7": 20.88203161655152, "alphas8": 4.520962614381006, "alphas9": 40.68848906878848}, "datetime": {"datetime": "2018-12-18 19:10:40", "elapsed": 9208.435666, "delta": 119.128947}}
{"target": 0.08857608726781141, "params": {"alphas0": 1.535896264548472, "alphas1": 40.54110098964676, "alphas10": 6.137631776454478, "alphas11": 33.98711715894811, "alphas12": 0.6252970860995488, "alphas13": 44.789589652622006, "alphas2": 25.042123456599686, "alphas3": 24.85985543247727, "alphas4": 30.37973725206327, "alphas5": 35.973365269391216, "alphas6": 37.42352124391166, "alphas7": 1.3559631044762894, "alphas8": 4.291421515963357, "alphas9": 35.07699233330153}, "datetime": {"datetime": "2018-12-18 19:12:44", "elapsed": 9332.930948, "delta": 124.495282}}
{"target": 0.08805381120086515, "params": {"alphas0": 2.0827514955575133, "alphas1": 43.97943532186276, "alphas10": 1.9640031785164669, "alphas11": 40.03839531301748, "alphas12": 9.00129814217264, "alphas13": 44.00434714289987, "alphas2": 1.431718541526736, "alphas3": 18.05770885024229, "alphas4": 30.060549997937574, "alphas5": 28.296542618331884, "alphas6": 44.863227150945384, "alphas7": 4.1495310838777275, "alphas8": 1.8701781732524574, "alphas9": 20.577508249865595}, "datetime": {"datetime": "2018-12-18 19:14:43", "elapsed": 9451.71608, "delta": 118.785132}}
{"target": 0.08836495272449597, "params": {"alphas0": 3.0656173484655986, "alphas1": 40.98185900236478, "alphas10": 1.6445105261126085, "alphas11": 42.61815502593807, "alphas12": 1.980060282645617, "alphas13": 43.92927292481482, "alphas2": 5.148192013745281, "alphas3": 31.073601575748704, "alphas4": 37.32531229043605, "alphas5": 1.8574829933333736, "alphas6": 44.37282624713091, "alphas7": 2.337259976764768, "alphas8": 7.29653380377211, "alphas9": 26.12346983038302}, "datetime": {"datetime": "2018-12-18 19:16:41", "elapsed": 9569.721848, "delta": 118.005768}}
{"target": 0.08771248466326088, "params": {"alphas0": 0.420478144182706, "alphas1": 36.61446558057375, "alphas10": 8.858592955262752, "alphas11": 34.08832007406044, "alphas12": 2.783981791580536, "alphas13": 34.09579999989433, "alphas2": 41.49630313490892, "alphas3": 15.45868616242851, "alphas4": 19.461138757920175, "alphas5": 38.15509400724431, "alphas6": 43.05664815582158, "alphas7": 26.591606834858766, "alphas8": 0.7042089498008025, "alphas9": 44.54863440321321}, "datetime": {"datetime": "2018-12-18 19:18:51", "elapsed": 9699.427571, "delta": 129.705723}}
{"target": 0.08825833481258184, "params": {"alphas0": 2.546149542256995, "alphas1": 44.70384724235434, "alphas10": 3.3195918038646695, "alphas11": 1.5128347329192442, "alphas12": 18.463401936652, "alphas13": 39.57860934008231, "alphas2": 23.689939457307734, "alphas3": 0.061824316355159614, "alphas4": 2.1482213645031663, "alphas5": 43.85354157599208, "alphas6": 44.88539613877817, "alphas7": 16.49037355239156, "alphas8": 3.3238420508617, "alphas9": 31.67021673483987}, "datetime": {"datetime": "2018-12-18 19:20:47", "elapsed": 9815.923128, "delta": 116.495557}}
{"target": 0.08654918334116234, "params": {"alphas0": 5.214806987763284, "alphas1": 44.222113372671515, "alphas10": 0.012730695061780595, "alphas11": 40.32689668379018, "alphas12": 30.666218610453516, "alphas13": 41.80544853732939, "alphas2": 6.193226834132821, "alphas3": 40.886106057830375, "alphas4": 38.78437531596605, "alphas5": 37.37979648946257, "alphas6": 42.64563871442674, "alphas7": 24.668505505699855, "alphas8": 17.400214180075082, "alphas9": 43.38914819365932}, "datetime": {"datetime": "2018-12-18 19:22:56", "elapsed": 9944.441734, "delta": 128.518606}}
{"target": 0.08821190205713454, "params": {"alphas0": 1.4297191413511379, "alphas1": 37.86877614425805, "alphas10": 0.5704449188803901, "alphas11": 42.58546083208417, "alphas12": 26.766344873211512, "alphas13": 38.165669791458996, "alphas2": 37.78115358795087, "alphas3": 40.141392474147835, "alphas4": 33.45926774781096, "alphas5": 7.497011799583289, "alphas6": 39.79792141387708, "alphas7": 1.3915245749310086, "alphas8": 6.599175000217098, "alphas9": 44.334677215514866}, "datetime": {"datetime": "2018-12-18 19:24:51", "elapsed": 10060.139556, "delta": 115.697822}}
{"target": 0.08804759588998946, "params": {"alphas0": 0.06101464431120862, "alphas1": 37.315060103983996, "alphas10": 6.144093416997455, "alphas11": 7.644855858799893, "alphas12": 19.00495910226983, "alphas13": 44.1377051880362, "alphas2": 6.3518554958767695, "alphas3": 7.430601371659784, "alphas4": 22.469267986216114, "alphas5": 43.04842273442058, "alphas6": 44.048518271363875, "alphas7": 23.263967720779004, "alphas8": 3.00487691218074, "alphas9": 44.30856184221454}, "datetime": {"datetime": "2018-12-18 19:26:52", "elapsed": 10180.977507, "delta": 120.837951}}
{"target": 0.0876667143473035, "params": {"alphas0": 1.9463182068199125, "alphas1": 38.91161282103423, "alphas10": 6.737494370584855, "alphas11": 26.92713255913129, "alphas12": 27.380273272897536, "alphas13": 39.81188506755658, "alphas2": 1.14813640037713, "alphas3": 0.6653901906434107, "alphas4": 9.487471766303173, "alphas5": 23.715368931535764, "alphas6": 33.0270512113232, "alphas7": 8.667719105955502, "alphas8": 0.6059712469789991, "alphas9": 38.79448208298236}, "datetime": {"datetime": "2018-12-18 19:28:52", "elapsed": 10300.91114, "delta": 119.933633}}
{"target": 0.08821656544834702, "params": {"alphas0": 1.0942417929035368, "alphas1": 42.033095612824766, "alphas10": 5.642755907087226, "alphas11": 30.544536210244157, "alphas12": 6.10340618193632, "alphas13": 43.58745900847393, "alphas2": 44.97440644833965, "alphas3": 28.78734720616621, "alphas4": 38.40088672935523, "alphas5": 35.36429559899508, "alphas6": 14.876764802640901, "alphas7": 5.511562978939759, "alphas8": 10.268621431898715, "alphas9": 43.2800165987227}, "datetime": {"datetime": "2018-12-18 19:30:56", "elapsed": 10424.57798, "delta": 123.66684}}
{"target": 0.0884284813315084, "params": {"alphas0": 1.6645202309463414, "alphas1": 44.65538570008648, "alphas10": 0.98849504538847, "alphas11": 33.146202492888186, "alphas12": 25.933221215702993, "alphas13": 42.46436207532126, "alphas2": 38.59904168337657, "alphas3": 28.380194481822638, "alphas4": 18.21006506783621, "alphas5": 42.020987000402265, "alphas6": 23.07982983797066, "alphas7": 28.377619270587076, "alphas8": 1.861630257958794, "alphas9": 33.12401714447076}, "datetime": {"datetime": "2018-12-18 19:33:06", "elapsed": 10555.022929, "delta": 130.444949}}
{"target": 0.08837580038575614, "params": {"alphas0": 7.422082277953577, "alphas1": 44.87130055302324, "alphas10": 6.066739296725834, "alphas11": 44.64128310052851, "alphas12": 8.34775288143837, "alphas13": 38.62587922581742, "alphas2": 34.9721651674461, "alphas3": 11.415600491144971, "alphas4": 37.575889365668885, "alphas5": 27.77354620736969, "alphas6": 43.61985029342083, "alphas7": 17.461570110399695, "alphas8": 4.604123463966147, "alphas9": 44.0317157539266}, "datetime": {"datetime": "2018-12-18 19:35:05", "elapsed": 10673.376195, "delta": 118.353266}}
