{"target": 0.08812225856171897, "params": {"alphas0": 1.7016228595697385, "alphas1": 39.48354716948604, "alphas10": 2.497748992363957, "alphas11": 40.570122971733724, "alphas12": 1.9840366182558404, "alphas13": 39.3207798241688, "alphas2": 15.582446169975817, "alphas3": 43.526689579980015, "alphas4": 38.17844723335418, "alphas5": 27.88221001811469, "alphas6": 38.64292654154914, "alphas7": 9.34040126224893, "alphas8": 0.8349657318550979, "alphas9": 29.649161511186716}, "datetime": {"datetime": "2018-12-18 16:54:38", "elapsed": 1046.972644, "delta": 37.153849}}
{"target": 0.08817489188801911, "params": {"alphas0": 3.161016091882816, "alphas1": 39.51657278656148, "alphas10": 5.585057509572517, "alphas11": 44.043691157390754, "alphas12": 18.886932483748094, "alphas13": 41.451090157441854, "alphas2": 15.388292750303155, "alphas3": 3.179172552234484, "alphas4": 13.231623851789966, "alphas5": 30.107887163228728, "alphas6": 33.99799714229707, "alphas7": 6.588427137214053, "alphas8": 1.6322753510482872, "alphas9": 42.712992797678}, "datetime": {"datetime": "2018-12-18 16:55:15", "elapsed": 1083.85479, "delta": 36.882146}}
{"target": 0.08800065084850239, "params": {"alphas0": 5.07692349369567, "alphas1": 35.25488188962919, "alphas10": 0.6022405895564592, "alphas11": 16.503329629969787, "alphas12": 14.033207609017184, "alphas13": 43.63803628473238, "alphas2": 20.40659291161757, "alphas3": 10.97100158648391, "alphas4": 12.8281424238231, "alphas5": 5.554691186580644, "alphas6": 41.63500661592817, "alphas7": 8.93159825446312, "alphas8": 0.33539850771263036, "alphas9": 44.00965422536659}, "datetime": {"datetime": "2018-12-18 16:55:56", "elapsed": 1124.918099, "delta": 41.063309}}
{"target": 0.08832262530585619, "params": {"alphas0": 0.3772492707003877, "alphas1": 36.98482868755104, "alphas10": 4.478665307325001, "alphas11": 41.47803310173559, "alphas12": 42.14726941734511, "alphas13": 40.56672351406318, "alphas2": 0.886909695317209, "alphas3": 2.932874093560116, "alphas4": 11.381585423710257, "alphas5": 36.0786701064061, "alphas6": 43.850130591378544, "alphas7": 10.875849538463198, "alphas8": 3.3447227239316057, "alphas9": 35.59753696052839}, "datetime": {"datetime": "2018-12-18 16:56:32", "elapsed": 1161.042497, "delta": 36.124398}}
{"target": 0.0854170335003328, "params": {"alphas0": 0.2999099508113462, "alphas1": 1.0573537787188902, "alphas10": 14.36769813980245, "alphas11": 39.90618518312623, "alphas12": 0.7960022711121972, "alphas13": 40.99621181990185, "alphas2": 21.82973806800091, "alphas3": 0.8109737611174506, "alphas4": 11.44497007573751, "alphas5": 34.0283395443122, "alphas6": 41.933256114831686, "alphas7": 7.966850846627242, "alphas8": 8.323275322829275, "alphas9": 40.44978383490662}, "datetime": {"datetime": "2018-12-18 16:57:08", "elapsed": 1196.898779, "delta": 35.856282}}
{"target": 0.08830340505547829, "params": {"alphas0": 10.288904810115614, "alphas1": 44.59782759902247, "alphas10": 4.4933586888907575, "alphas11": 27.428704742435425, "alphas12": 6.153841782297399, "alphas13": 43.910138836219126, "alphas2": 3.4706063832852054, "alphas3": 6.752104227065922, "alphas4": 6.329918362079568, "alphas5": 37.40828054952553, "alphas6": 44.647991765288616, "alphas7": 34.34828200952086, "alphas8": 5.67192639053479, "alphas9": 29.13605661902542}, "datetime": {"datetime": "2018-12-18 16:57:45", "elapsed": 1233.349036, "delta": 36.450257}}
{"target": 0.08709116120336834, "params": {"alphas0": 7.427778857217375, "alphas1": 24.549982684010395, "alphas10": 0.31669602047218914, "alphas11": 2.1287898402043175, "alphas12": 6.168059790598132, "alphas13": 40.72940492833918, "alphas2": 15.120399747884093, "alphas3": 44.450101376989856, "alphas4": 44.994192772070484, "alphas5": 43.5915442756769, "alphas6": 44.53484412584696, "alphas7": 41.16891460364193, "alphas8": 0.3515312148858857, "alphas9": 43.95955651619198}, "datetime": {"datetime": "2018-12-18 16:58:21", "elapsed": 1269.685867, "delta": 36.336831}}
{"target": 0.0869597052630193, "params": {"alphas0": 16.948587435725383, "alphas1": 43.15582951283121, "alphas10": 6.416772287973488, "alphas11": 42.70071982770636, "alphas12": 8.632292212182302, "alphas13": 44.670598975339786, "alphas2": 11.081726795666633, "alphas3": 15.131231023198607, "alphas4": 9.855540250763644, "alphas5": 8.838580958426787, "alphas6": 37.18256592743401, "alphas7": 15.962696105476725, "alphas8": 1.1898901061193268, "alphas9": 44.46944882758559}, "datetime": {"datetime": "2018-12-18 16:58:57", "elapsed": 1306.242055, "delta": 36.556188}}
{"target": 0.08811900154726841, "params": {"alphas0": 0.47895462582600246, "alphas1": 42.12643505249177, "alphas10": 3.3136678149489867, "alphas11": 29.04271008865939, "alphas12": 6.673581679811798, "alphas13": 34.14522761540564, "alphas2": 2.9965553063222083, "alphas3": 42.9999399983274, "alphas4": 2.5509756794884257, "alphas5": 41.609185849118745, "alphas6": 39.45132635505186, "alphas7": 19.140868414197588, "alphas8": 2.468481207926852, "alphas9": 34.33351204889026}, "datetime": {"datetime": "2018-12-18 16:59:33", "elapsed": 1342.108784, "delta": 35.866729}}
{"target": 0.08806137870440317, "params": {"alphas0": 2.464186486657062, "alphas1": 38.799598404629066, "alphas10": 1.0596012939073933, "alphas11": 43.651156071572714, "alphas12": 39.701051683563556, "alphas13": 41.311135215209596, "alphas2": 3.4178740619186665, "alphas3": 1.3180067416139185, "alphas4": 28.839674023190383, "alphas5": 27.188879630286166, "alphas6": 44.72146589087331, "alphas7": 14.360276713578976, "alphas8": 0.4870951552326963, "alphas9": 33.117141043705686}, "datetime": {"datetime": "2018-12-18 17:00:10", "elapsed": 1378.755344, "delta": 36.64656}}
{"target": 0.08758909261124406, "params": {"alphas0": 1.075054423675994, "alphas1": 36.96853429703669, "alphas10": 0.5210347301440565, "alphas11": 41.248898535466424, "alphas12": 33.98837380079213, "alphas13": 39.3742045694868, "alphas2": 12.727705014783616, "alphas3": 37.74800370683491, "alphas4": 42.16533061844896, "alphas5": 44.501018095725314, "alphas6": 31.914852451014774, "alphas7": 40.356713362493736, "alphas8": 0.2038681240762713, "alphas9": 37.5876548121136}, "datetime": {"datetime": "2018-12-18 17:00:45", "elapsed": 1414.124333, "delta": 35.368989}}
{"target": 0.08742271943835446, "params": {"alphas0": 6.942826364550188, "alphas1": 43.38668707634155, "alphas10": 5.7164621357538765, "alphas11": 44.26820563503706, "alphas12": 2.78684764780248, "alphas13": 20.576409246811213, "alphas2": 30.87062621901039, "alphas3": 16.42009922578908, "alphas4": 44.10462110941089, "alphas5": 43.14751592202901, "alphas6": 42.548376000728354, "alphas7": 23.732561356936927, "alphas8": 1.1866933043409433, "alphas9": 44.51530503505025}, "datetime": {"datetime": "2018-12-18 17:01:22", "elapsed": 1450.429863, "delta": 36.30553}}
{"target": 0.08810386429891112, "params": {"alphas0": 5.879727856540874, "alphas1": 44.72401780587122, "alphas10": 1.275520166462078, "alphas11": 44.02860580259533, "alphas12": 5.167318597493099, "alphas13": 44.37878575946996, "alphas2": 11.14143853161037, "alphas3": 19.259479920533796, "alphas4": 15.131896882961115, "alphas5": 36.92967210014926, "alphas6": 29.571713961213657, "alphas7": 19.47047147226037, "alphas8": 10.373821460649213, "alphas9": 44.37612954751095}, "datetime": {"datetime": "2018-12-18 17:01:58", "elapsed": 1487.081524, "delta": 36.651661}}
{"target": 0.08760737731653605, "params": {"alphas0": 2.026121849686899, "alphas1": 42.2304052129782, "alphas10": 3.962416757937182, "alphas11": 5.528602228823848, "alphas12": 41.82236753351257, "alphas13": 35.61584761037673, "alphas2": 1.1238751943355663, "alphas3": 3.1391874628568535, "alphas4": 33.52880770481689, "alphas5": 14.013525957487623, "alphas6": 44.106217872917554, "alphas7": 24.546576050012185, "alphas8": 0.2540712708883014, "alphas9": 43.86837956852824}, "datetime": {"datetime": "2018-12-18 17:02:35", "elapsed": 1523.616355, "delta": 36.534831}}
{"target": 0.08752321828968358, "params": {"alphas0": 4.633788370733346, "alphas1": 44.330874220835405, "alphas10": 7.623014232435595, "alphas11": 44.10932063576546, "alphas12": 1.1640928132136064, "alphas13": 34.99682213661001, "alphas2": 1.1820275583988327, "alphas3": 4.896885776137124, "alphas4": 15.389175379042571, "alphas5": 28.680163445334077, "alphas6": 15.290671808375112, "alphas7": 43.34753147232647, "alphas8": 1.680352817789244, "alphas9": 43.58299658083141}, "datetime": {"datetime": "2018-12-18 17:03:12", "elapsed": 1560.487287, "delta": 36.870932}}
{"target": 0.08833875751826234, "params": {"alphas0": 4.7927363281989575, "alphas1": 44.27116303090927, "alphas10": 1.2227264306175012, "alphas11": 34.42046517704908, "alphas12": 8.636390479498262, "alphas13": 41.609688521420445, "alphas2": 21.129191823351583, "alphas3": 38.885702579525216, "alphas4": 39.46525251134344, "alphas5": 23.190415168382927, "alphas6": 43.1633817304445, "alphas7": 11.50369774452183, "alphas8": 3.9479035392182027, "alphas9": 39.5709666905612}, "datetime": {"datetime": "2018-12-18 17:03:50", "elapsed": 1598.339972, "delta": 37.852685}}
{"target": 0.08704950136543382, "params": {"alphas0": 1.6542713820497617, "alphas1": 40.819658104638116, "alphas10": 0.2518928398550596, "alphas11": 19.909901335734865, "alphas12": 1.3969343064011686, "alphas13": 13.37665289473357, "alphas2": 0.029091492974911426, "alphas3": 28.174825462113738, "alphas4": 41.276677623261406, "alphas5": 23.406046604564853, "alphas6": 41.77963678088275, "alphas7": 17.7486714839736, "alphas8": 1.8622946681834318, "alphas9": 42.376361088544066}, "datetime": {"datetime": "2018-12-18 17:04:25", "elapsed": 1633.65257, "delta": 35.312598}}
{"target": 0.08818523783909685, "params": {"alphas0": 8.05457518550748, "alphas1": 42.29985678039568, "alphas10": 3.077387740010783, "alphas11": 37.66507146034512, "alphas12": 19.616929734641335, "alphas13": 43.74180843543213, "alphas2": 1.7027507100795691, "alphas3": 33.086911726744844, "alphas4": 32.59873345820795, "alphas5": 5.53070393068428, "alphas6": 43.204713530745956, "alphas7": 29.86078278921085, "alphas8": 8.176191395643455, "alphas9": 39.421928437031305}, "datetime": {"datetime": "2018-12-18 17:05:02", "elapsed": 1670.822573, "delta": 37.170003}}
{"target": 0.08777402897659718, "params": {"alphas0": 1.1146056377037765, "alphas1": 43.024335926822495, "alphas10": 2.858214542739837, "alphas11": 19.45661819664572, "alphas12": 0.635636703408235, "alphas13": 33.567953208575844, "alphas2": 8.66967630948098, "alphas3": 38.902459780692226, "alphas4": 2.31205244786455, "alphas5": 21.917676095445437, "alphas6": 36.4100625398051, "alphas7": 33.79486379019361, "alphas8": 0.8580269133830426, "alphas9": 44.83374398420311}, "datetime": {"datetime": "2018-12-18 17:05:40", "elapsed": 1708.697222, "delta": 37.874649}}
{"target": 0.08771576919429422, "params": {"alphas0": 9.360637598867271, "alphas1": 43.334643709337655, "alphas10": 0.1756042696204535, "alphas11": 40.656242163629905, "alphas12": 31.018325860766073, "alphas13": 44.126328732048144, "alphas2": 5.533190187960732, "alphas3": 7.043840526337738, "alphas4": 2.591252892544583, "alphas5": 34.88221957442632, "alphas6": 25.34836588407461, "alphas7": 17.319970935409987, "alphas8": 0.9474636206140186, "alphas9": 41.42398290210233}, "datetime": {"datetime": "2018-12-18 17:06:17", "elapsed": 1745.858898, "delta": 37.161676}}
{"target": 0.08834282121965589, "params": {"alphas0": 0.540672093476488, "alphas1": 37.74018032921892, "alphas10": 2.8649045128022603, "alphas11": 44.00833645304885, "alphas12": 42.99579152890654, "alphas13": 44.99181961302464, "alphas2": 41.678063451576556, "alphas3": 42.674627379410204, "alphas4": 25.634320652028507, "alphas5": 36.541837583717275, "alphas6": 31.101286109034724, "alphas7": 11.293381794242318, "alphas8": 1.4916067816366418, "alphas9": 36.096674727982546}, "datetime": {"datetime": "2018-12-18 17:06:55", "elapsed": 1784.275079, "delta": 38.416181}}
{"target": 0.08655777360002886, "params": {"alphas0": 0.4155630977148772, "alphas1": 43.91708710432029, "alphas10": 0.6237538701355666, "alphas11": 41.67458745562426, "alphas12": 14.311164405497495, "alphas13": 4.32596242471995, "alphas2": 0.2643882552113319, "alphas3": 44.34800799086907, "alphas4": 8.941238976832114, "alphas5": 42.89262089621955, "alphas6": 42.35288419177389, "alphas7": 20.545179043349965, "alphas8": 11.863101395905487, "alphas9": 37.214637920420984}, "datetime": {"datetime": "2018-12-18 17:07:32", "elapsed": 1820.600069, "delta": 36.32499}}
{"target": 0.08729433692081613, "params": {"alphas0": 3.0642075718735935, "alphas1": 43.641437392256826, "alphas10": 3.746101875012516, "alphas11": 40.5478294269035, "alphas12": 9.372410934147752, "alphas13": 43.12054225530345, "alphas2": 1.424084218126619, "alphas3": 14.397371415394618, "alphas4": 39.75484232183591, "alphas5": 40.70635004978442, "alphas6": 36.28126274217983, "alphas7": 9.926366684519358, "alphas8": 14.859886282573079, "alphas9": 40.87566171752655}, "datetime": {"datetime": "2018-12-18 17:08:09", "elapsed": 1858.170127, "delta": 37.570058}}
{"target": 0.08823696832493176, "params": {"alphas0": 4.740556475400437, "alphas1": 44.678718366815886, "alphas10": 7.731609587076045, "alphas11": 42.88017084788087, "alphas12": 27.54457840502111, "alphas13": 38.18593323920651, "alphas2": 44.206371902558104, "alphas3": 0.029646294010254315, "alphas4": 44.8968348624531, "alphas5": 7.412287191679579, "alphas6": 21.323540161913336, "alphas7": 42.96514781210927, "alphas8": 4.0846153529928175, "alphas9": 44.61828742092571}, "datetime": {"datetime": "2018-12-18 17:08:47", "elapsed": 1896.067943, "delta": 37.897816}}
{"target": 0.08838506693761249, "params": {"alphas0": 7.144604428332858, "alphas1": 33.37861341058551, "alphas10": 1.632272881612971, "alphas11": 37.17431907611473, "alphas12": 6.651246775526685, "alphas13": 42.708152924829584, "alphas2": 38.859479755145315, "alphas3": 33.6989652282263, "alphas4": 1.5106153595845384, "alphas5": 4.37171190272952, "alphas6": 42.5342888841361, "alphas7": 32.230191130190846, "alphas8": 0.8431464202615474, "alphas9": 41.54617017170491}, "datetime": {"datetime": "2018-12-18 17:09:24", "elapsed": 1932.415788, "delta": 36.347845}}
{"target": 0.0878192610507142, "params": {"alphas0": 12.04526890732518, "alphas1": 43.16212371321483, "alphas10": 2.0861551411424095, "alphas11": 28.678710213716087, "alphas12": 36.174272383983336, "alphas13": 44.29158256672124, "alphas2": 18.93908190444526, "alphas3": 3.1504200950760284, "alphas4": 44.20930784016203, "alphas5": 3.136412137714897, "alphas6": 44.94524576979572, "alphas7": 34.17945511032733, "alphas8": 3.297228839585353, "alphas9": 13.96958102818231}, "datetime": {"datetime": "2018-12-18 17:10:01", "elapsed": 1969.520945, "delta": 37.105157}}
{"target": 0.08874623009080666, "params": {"alphas0": 5.964179064190837, "alphas1": 44.04463612640131, "alphas10": 0.5373118727794873, "alphas11": 43.043370895448156, "alphas12": 24.722033454508587, "alphas13": 44.02464526183752, "alphas2": 40.045024020474614, "alphas3": 23.0217089709972, "alphas4": 10.066494677452418, "alphas5": 42.32064891402329, "alphas6": 34.59917700757366, "alphas7": 18.36450117314934, "alphas8": 3.606166132533118, "alphas9": 34.047260184956635}, "datetime": {"datetime": "2018-12-18 17:10:52", "elapsed": 2020.744145, "delta": 51.2232}}
{"target": 0.08760676808097484, "params": {"alphas0": 2.739242304604029, "alphas1": 44.62079333351813, "alphas10": 1.8071901013245943, "alphas11": 39.80089929654578, "alphas12": 42.239640500140744, "alphas13": 41.7697885181102, "alphas2": 20.827210784125022, "alphas3": 33.22002915452119, "alphas4": 43.13536190197812, "alphas5": 14.22453843063643, "alphas6": 44.1954915168328, "alphas7": 6.75940215054437, "alphas8": 12.148237664345482, "alphas9": 6.252618708277157}, "datetime": {"datetime": "2018-12-18 17:11:29", "elapsed": 2057.464053, "delta": 36.719908}}
{"target": 0.08817214778704226, "params": {"alphas0": 3.576448414829474, "alphas1": 44.17548113112756, "alphas10": 6.693863693472753, "alphas11": 42.0232570697937, "alphas12": 9.029230748328922, "alphas13": 42.757703237747805, "alphas2": 32.54034464669466, "alphas3": 7.969344956353685, "alphas4": 44.57231333118519, "alphas5": 42.03671058526294, "alphas6": 36.10729146560377, "alphas7": 36.81066770573905, "alphas8": 5.1194492666081235, "alphas9": 39.65853684549312}, "datetime": {"datetime": "2018-12-18 17:12:05", "elapsed": 2094.199139, "delta": 36.735086}}
{"target": 0.08753406465549515, "params": {"alphas0": 10.756716950704217, "alphas1": 44.18261422030297, "alphas10": 0.08762128330164543, "alphas11": 36.51765230589381, "alphas12": 22.744672908553362, "alphas13": 38.14879324625295, "alphas2": 37.17706430916053, "alphas3": 38.18300019230979, "alphas4": 5.604431283256515, "alphas5": 0.1111020741522134, "alphas6": 39.66698483479654, "alphas7": 43.162694137804024, "alphas8": 0.46351224568034866, "alphas9": 42.25060595878168}, "datetime": {"datetime": "2018-12-18 17:12:43", "elapsed": 2132.197284, "delta": 37.998145}}
{"target": 0.08850436945105458, "params": {"alphas0": 7.298498251386908, "alphas1": 38.80255827041133, "alphas10": 8.453336316878339, "alphas11": 39.500174205137995, "alphas12": 31.761439359513265, "alphas13": 44.72847543623834, "alphas2": 39.132644379253826, "alphas3": 0.4911044023781619, "alphas4": 0.5853276476867225, "alphas5": 40.909276034377775, "alphas6": 44.23425658273535, "alphas7": 3.531999688203279, "alphas8": 5.948878263273071, "alphas9": 42.28347572736816}, "datetime": {"datetime": "2018-12-18 17:13:21", "elapsed": 2169.459893, "delta": 37.262609}}
{"target": 0.0857167049759952, "params": {"alphas0": 22.42566667150748, "alphas1": 44.83465263844839, "alphas10": 0.43309510583357247, "alphas11": 39.136456000227284, "alphas12": 21.02084972360313, "alphas13": 44.73259278307835, "alphas2": 38.24716331461486, "alphas3": 6.13740966548744, "alphas4": 1.6137089534409288, "alphas5": 42.77841905051393, "alphas6": 25.19984788771968, "alphas7": 39.96421461541821, "alphas8": 1.5317086612553554, "alphas9": 10.642425065736697}, "datetime": {"datetime": "2018-12-18 17:13:58", "elapsed": 2207.133106, "delta": 37.673213}}
{"target": 0.0887758885875333, "params": {"alphas0": 0.03526655722721539, "alphas1": 43.03390997216851, "alphas10": 1.2462233451919102, "alphas11": 41.48964745623822, "alphas12": 27.267584423491407, "alphas13": 44.65150557664921, "alphas2": 36.03802297835226, "alphas3": 29.08494626179908, "alphas4": 15.163652513805463, "alphas5": 1.8404095783686496, "alphas6": 40.49963329752107, "alphas7": 29.483539601384507, "alphas8": 7.328873556619816, "alphas9": 27.433484001807734}, "datetime": {"datetime": "2018-12-18 17:14:48", "elapsed": 2256.865547, "delta": 49.732441}}
{"target": 0.08770835345181248, "params": {"alphas0": 1.4441371905526807, "alphas1": 31.071899319273776, "alphas10": 6.375392194078226, "alphas11": 32.03702456700677, "alphas12": 36.74421232339845, "alphas13": 37.693812981482374, "alphas2": 19.722280972064425, "alphas3": 14.951912241309458, "alphas4": 41.215391171985246, "alphas5": 38.877139869465125, "alphas6": 40.11831672314744, "alphas7": 0.8532323164931155, "alphas8": 0.15752238716715772, "alphas9": 43.2836501038315}, "datetime": {"datetime": "2018-12-18 17:15:27", "elapsed": 2296.117455, "delta": 39.251908}}
{"target": 0.08711142066595855, "params": {"alphas0": 8.538626805408846, "alphas1": 42.51079236698825, "alphas10": 1.0238246987392512, "alphas11": 37.39357013411535, "alphas12": 5.6653942476468515, "alphas13": 31.468530527067657, "alphas2": 17.946776563045685, "alphas3": 12.434130947144237, "alphas4": 44.370701343535075, "alphas5": 3.319430570523446, "alphas6": 42.307510117479524, "alphas7": 18.91105109739555, "alphas8": 0.28979885885800916, "alphas9": 32.850903275710685}, "datetime": {"datetime": "2018-12-18 17:16:05", "elapsed": 2334.215266, "delta": 38.097811}}
{"target": 0.08744158245075462, "params": {"alphas0": 0.29949527732354375, "alphas1": 28.221771492180846, "alphas10": 4.902638905748896, "alphas11": 35.942688620301546, "alphas12": 43.78829382372444, "alphas13": 40.72333144272091, "alphas2": 39.53763138550128, "alphas3": 10.239113627656721, "alphas4": 39.32784196221899, "alphas5": 0.48041564837406125, "alphas6": 39.720794787072684, "alphas7": 3.1187359044015595, "alphas8": 12.262130064233913, "alphas9": 44.97674425594714}, "datetime": {"datetime": "2018-12-18 17:16:44", "elapsed": 2372.724902, "delta": 38.509636}}
{"target": 0.08812606714084381, "params": {"alphas0": 0.5488086501890632, "alphas1": 44.10361938001564, "alphas10": 1.8293998571798835, "alphas11": 16.352549589701084, "alphas12": 16.14672845014079, "alphas13": 39.536106085034135, "alphas2": 24.474632563345, "alphas3": 41.45920357225247, "alphas4": 9.730936331748289, "alphas5": 40.954362862616016, "alphas6": 31.48619102975899, "alphas7": 4.456321357627264, "alphas8": 1.394237269220041, "alphas9": 41.181560330608015}, "datetime": {"datetime": "2018-12-18 17:17:22", "elapsed": 2411.064838, "delta": 38.339936}}
{"target": 0.0886570518925346, "params": {"alphas0": 7.321608545411757, "alphas1": 42.27745873941064, "alphas10": 0.6506250416447285, "alphas11": 44.128949689942054, "alphas12": 13.877699941794589, "alphas13": 44.40612857185095, "alphas2": 41.56907753233621, "alphas3": 21.676608197160565, "alphas4": 32.48319217358802, "alphas5": 37.98231509072325, "alphas6": 34.8547490873699, "alphas7": 20.525873927074677, "alphas8": 4.048890505586671, "alphas9": 34.62953160973489}, "datetime": {"datetime": "2018-12-18 17:18:00", "elapsed": 2448.417215, "delta": 37.352377}}
