{"target": 0.08758749062170115, "params": {"alphas0": 0.09229352728477636, "alphas1": 23.183520642074495, "alphas10": 0.9681183418080547, "alphas11": 32.34087044945603, "alphas12": 26.83333718058795, "alphas13": 41.06766063718807, "alphas2": 31.049190734818147, "alphas3": 0.0963317477625153, "alphas4": 3.2824420199890443, "alphas5": 38.84866678212281, "alphas6": 35.10849973578757, "alphas7": 38.041434410273524, "alphas8": 4.637765984920544, "alphas9": 43.51849178698595}, "datetime": {"datetime": "2018-12-18 19:37:08", "elapsed": 10796.831173, "delta": 123.454978}}
{"target": 0.0883662870430846, "params": {"alphas0": 0.1332433513921294, "alphas1": 39.67369064159913, "alphas10": 3.453838789611872, "alphas11": 26.429503008561802, "alphas12": 7.334048050070278, "alphas13": 40.55435488189344, "alphas2": 19.944715455701044, "alphas3": 21.55482251370261, "alphas4": 13.359447294477144, "alphas5": 12.288557001177058, "alphas6": 43.112078086725234, "alphas7": 14.396428758798926, "alphas8": 1.589789095565508, "alphas9": 43.424183979938014}, "datetime": {"datetime": "2018-12-18 19:39:07", "elapsed": 10915.416199, "delta": 118.585026}}
{"target": 0.08812375219554706, "params": {"alphas0": 3.940401630045039, "alphas1": 44.48587520303705, "alphas10": 8.955881545388054, "alphas11": 42.59082938922904, "alphas12": 16.967009235832478, "alphas13": 43.89402311275012, "alphas2": 11.337402543062854, "alphas3": 17.705969933129936, "alphas4": 37.25056355245997, "alphas5": 44.234496527392366, "alphas6": 43.088347204361334, "alphas7": 4.072673577379645, "alphas8": 3.684788555861922, "alphas9": 37.725082340566225}, "datetime": {"datetime": "2018-12-18 19:41:09", "elapsed": 11038.316911, "delta": 122.900712}}
{"target": 0.08870886218114246, "params": {"alphas0": 6.590962376566455, "alphas1": 40.98861827250269, "alphas10": 0.6429980224966847, "alphas11": 39.60073199506707, "alphas12": 2.1247796959318843, "alphas13": 43.54338183784041, "alphas2": 39.58298145047925, "alphas3": 4.23185689881517, "alphas4": 0.11504317297273581, "alphas5": 35.89181935056789, "alphas6": 42.121818991467194, "alphas7": 11.805075475495558, "alphas8": 4.873596299141743, "alphas9": 42.699142862198}, "datetime": {"datetime": "2018-12-18 19:43:16", "elapsed": 11164.667489, "delta": 126.350578}}
{"target": 0.08763038421393257, "params": {"alphas0": 1.3037906319475496, "alphas1": 43.90616324507825, "alphas10": 8.441499970294577, "alphas11": 2.1541720980698225, "alphas12": 3.1731325301948523, "alphas13": 33.224169557913214, "alphas2": 22.44299112487539, "alphas3": 3.7410155049077853, "alphas4": 39.83732954303588, "alphas5": 22.620895836449034, "alphas6": 36.19070249726439, "alphas7": 2.4744344134333813, "alphas8": 1.8564539506537558, "alphas9": 43.585396564848935}, "datetime": {"datetime": "2018-12-18 19:45:18", "elapsed": 11287.04209, "delta": 122.374601}}
{"target": 0.08860540211784729, "params": {"alphas0": 4.3752609120617905, "alphas1": 44.008174287281236, "alphas10": 1.8526359369349943, "alphas11": 37.87454177398515, "alphas12": 16.34582076953366, "alphas13": 42.906985200686776, "alphas2": 40.30021592384105, "alphas3": 25.699980425472187, "alphas4": 11.133138365060447, "alphas5": 34.970673435558965, "alphas6": 28.51745330218006, "alphas7": 10.81628966046849, "alphas8": 6.090228066205939, "alphas9": 40.16141597990948}, "datetime": {"datetime": "2018-12-18 19:47:24", "elapsed": 11412.722127, "delta": 125.680037}}
{"target": 0.0873075295942727, "params": {"alphas0": 2.923783479067423, "alphas1": 42.477802122476746, "alphas10": 4.904134529268718, "alphas11": 31.227842212614622, "alphas12": 4.800189638975919, "alphas13": 43.7457260251828, "alphas2": 6.5903835567748885, "alphas3": 11.10686016230423, "alphas4": 23.72548407344148, "alphas5": 34.42486938638418, "alphas6": 1.8323910736218023, "alphas7": 7.1618154509763245, "alphas8": 0.4821664550520921, "alphas9": 37.65322769859801}, "datetime": {"datetime": "2018-12-18 19:49:26", "elapsed": 11535.125046, "delta": 122.402919}}
{"target": 0.08847790989521047, "params": {"alphas0": 5.492989950919951, "alphas1": 44.84430365887928, "alphas10": 0.538832804396337, "alphas11": 27.400393621113434, "alphas12": 25.566174102527288, "alphas13": 36.84789749092985, "alphas2": 32.98420478168507, "alphas3": 27.763784455149086, "alphas4": 2.565771184760483, "alphas5": 33.3210709223714, "alphas6": 41.00093143401174, "alphas7": 19.135779892001725, "alphas8": 4.969998669998062, "alphas9": 38.13390379054609}, "datetime": {"datetime": "2018-12-18 19:51:31", "elapsed": 11660.244554, "delta": 125.119508}}
{"target": 0.08750081919505012, "params": {"alphas0": 1.3387503556965945, "alphas1": 43.86232922624037, "alphas10": 4.639310934102241, "alphas11": 8.00288609136203, "alphas12": 44.84664620407688, "alphas13": 44.4110113608814, "alphas2": 41.51939510871576, "alphas3": 23.97191789667263, "alphas4": 29.22479706168586, "alphas5": 29.009932059461818, "alphas6": 41.75716802941353, "alphas7": 3.760869614173388, "alphas8": 15.640365743540816, "alphas9": 43.42370766606625}, "datetime": {"datetime": "2018-12-18 19:53:40", "elapsed": 11788.449925, "delta": 128.205371}}
{"target": 0.088166564524114, "params": {"alphas0": 2.011613114903887, "alphas1": 43.98133475079065, "alphas10": 4.414269949134551, "alphas11": 41.52546493405955, "alphas12": 3.539135401233109, "alphas13": 35.858417306151786, "alphas2": 20.33443436461382, "alphas3": 0.6796921330054706, "alphas4": 17.251414561584994, "alphas5": 17.54672070078568, "alphas6": 39.061666902034744, "alphas7": 13.06436525476182, "alphas8": 2.7392705136711966, "alphas9": 35.77240333003772}, "datetime": {"datetime": "2018-12-18 19:55:38", "elapsed": 11907.025894, "delta": 118.575969}}
{"target": 0.08850051606812834, "params": {"alphas0": 1.5664774395661047, "alphas1": 33.927866463706394, "alphas10": 3.0284279950016573, "alphas11": 23.517508566716028, "alphas12": 42.07260538775026, "alphas13": 41.409168691927654, "alphas2": 40.129197259690685, "alphas3": 3.16209107404754, "alphas4": 18.764184338071054, "alphas5": 25.884984369372333, "alphas6": 36.946249129278776, "alphas7": 3.006327412615968, "alphas8": 5.615120265895617, "alphas9": 44.571557989080546}, "datetime": {"datetime": "2018-12-18 19:57:50", "elapsed": 12038.50822, "delta": 131.482326}}
{"target": 0.08766487149479471, "params": {"alphas0": 5.70284555805407, "alphas1": 38.746879549302406, "alphas10": 3.2276636101990697, "alphas11": 32.059753859221786, "alphas12": 10.884387301624352, "alphas13": 38.26441588786271, "alphas2": 40.91666909418632, "alphas3": 21.708730343751277, "alphas4": 9.99319227258683, "alphas5": 23.93537429954469, "alphas6": 0.5801244022802948, "alphas7": 2.222815408869404, "alphas8": 0.9008649840830707, "alphas9": 40.92807587066659}, "datetime": {"datetime": "2018-12-18 20:00:05", "elapsed": 12173.443418, "delta": 134.935198}}
{"target": 0.08803786504301223, "params": {"alphas0": 6.052884615437412, "alphas1": 40.849834176970845, "alphas10": 2.891797857581762, "alphas11": 44.684778421562854, "alphas12": 3.872416838141655, "alphas13": 43.16688509911402, "alphas2": 11.997835713503253, "alphas3": 4.0066213915633, "alphas4": 33.618133040376485, "alphas5": 11.921998716388893, "alphas6": 18.580290168109773, "alphas7": 7.956398525389352, "alphas8": 1.6344719868980684, "alphas9": 35.31013421861503}, "datetime": {"datetime": "2018-12-18 20:02:30", "elapsed": 12318.468679, "delta": 145.025261}}
{"target": 0.08861894451255628, "params": {"alphas0": 0.15373055089572096, "alphas1": 43.227969861344135, "alphas10": 0.8108049902588221, "alphas11": 39.20504767549196, "alphas12": 23.198537664853692, "alphas13": 42.64003418933308, "alphas2": 33.96186997206514, "alphas3": 32.15395646809295, "alphas4": 39.76039446767518, "alphas5": 8.111175080763127, "alphas6": 1.0729565281448894, "alphas7": 22.49436601398628, "alphas8": 4.171134472128889, "alphas9": 43.99000216593234}, "datetime": {"datetime": "2018-12-18 20:04:38", "elapsed": 12446.602772, "delta": 128.134093}}
{"target": 0.08663877435685063, "params": {"alphas0": 0.7973972157693721, "alphas1": 44.962696750779585, "alphas10": 7.028962467012442, "alphas11": 43.49174606296248, "alphas12": 40.654390560047666, "alphas13": 31.427446516830624, "alphas2": 5.176020857171971, "alphas3": 0.32463213160870197, "alphas4": 8.94140941421006, "alphas5": 0.914924821603566, "alphas6": 20.88606726694291, "alphas7": 1.1305192517775542, "alphas8": 1.9801450633796653, "alphas9": 38.28140151116991}, "datetime": {"datetime": "2018-12-18 20:06:52", "elapsed": 12580.748235, "delta": 134.145463}}
{"target": 0.08761374636441689, "params": {"alphas0": 0.3309619390757529, "alphas1": 43.13236656925424, "alphas10": 8.94587279033715, "alphas11": 29.194919116705062, "alphas12": 2.051060161990252, "alphas13": 39.55349442913803, "alphas2": 22.79622256775375, "alphas3": 41.07955569566654, "alphas4": 14.755199698962317, "alphas5": 10.460082346307534, "alphas6": 43.05745161207647, "alphas7": 37.461512203959906, "alphas8": 0.29147486526730104, "alphas9": 42.52361552644512}, "datetime": {"datetime": "2018-12-18 20:09:06", "elapsed": 12714.767515, "delta": 134.01928}}
{"target": 0.08809193158215607, "params": {"alphas0": 0.30057494972988263, "alphas1": 43.28607834309329, "alphas10": 3.282368299574901, "alphas11": 13.039726499245432, "alphas12": 5.684048555526761, "alphas13": 36.275658059510775, "alphas2": 37.07060595272598, "alphas3": 14.907021358580101, "alphas4": 10.72712139803602, "alphas5": 17.428484962858896, "alphas6": 24.01918716863237, "alphas7": 10.589896646783222, "alphas8": 1.6754749391572092, "alphas9": 44.23615978513007}, "datetime": {"datetime": "2018-12-18 20:11:14", "elapsed": 12843.111667, "delta": 128.344152}}
{"target": 0.08846994419878228, "params": {"alphas0": 0.20094060393723467, "alphas1": 42.385834236583996, "alphas10": 3.1926261916925167, "alphas11": 28.491784760355145, "alphas12": 9.757196422103299, "alphas13": 38.477189922561664, "alphas2": 44.1627400066822, "alphas3": 8.671309249359586, "alphas4": 1.1582163029916004, "alphas5": 42.151609637025025, "alphas6": 23.108986607424324, "alphas7": 42.54081770590905, "alphas8": 7.192756345000793, "alphas9": 33.984451989832245}, "datetime": {"datetime": "2018-12-18 20:13:34", "elapsed": 12982.614191, "delta": 139.502524}}
{"target": 0.08699623494858442, "params": {"alphas0": 2.493811507165586, "alphas1": 44.55373853110565, "alphas10": 1.3273802286050769, "alphas11": 2.053848484321014, "alphas12": 0.041766839723944016, "alphas13": 36.42576364485882, "alphas2": 37.98190794494389, "alphas3": 18.595531181432506, "alphas4": 4.1850651304963495, "alphas5": 33.0589600791958, "alphas6": 37.48610145973723, "alphas7": 20.413811323652602, "alphas8": 0.7013127682364961, "alphas9": 12.733802547996033}, "datetime": {"datetime": "2018-12-18 20:15:42", "elapsed": 13110.78302, "delta": 128.168829}}
{"target": 0.08809543632389084, "params": {"alphas0": 1.9398981007427722, "alphas1": 39.102664708095894, "alphas10": 0.17832627158790415, "alphas11": 12.269983105507213, "alphas12": 40.06476671149406, "alphas13": 39.22011607700612, "alphas2": 41.763691090223844, "alphas3": 14.910756120564862, "alphas4": 37.035981065991294, "alphas5": 39.121243915062465, "alphas6": 44.091520911472514, "alphas7": 15.266837129380121, "alphas8": 3.8243742822477618, "alphas9": 41.96273507974425}, "datetime": {"datetime": "2018-12-18 20:17:52", "elapsed": 13240.967157, "delta": 130.184137}}
{"target": 0.08786929419884743, "params": {"alphas0": 1.3580519339899872, "alphas1": 39.62932887937999, "alphas10": 0.5525648207690947, "alphas11": 23.579052085058375, "alphas12": 38.415641587550915, "alphas13": 39.229916255333954, "alphas2": 37.759967712309624, "alphas3": 23.347211362341913, "alphas4": 5.376909928030521, "alphas5": 0.4975206846000796, "alphas6": 38.25268281746806, "alphas7": 1.6199797944810586, "alphas8": 0.08199874352868564, "alphas9": 38.576632033513754}, "datetime": {"datetime": "2018-12-18 20:20:11", "elapsed": 13380.036285, "delta": 139.069128}}
{"target": 0.08845596935202127, "params": {"alphas0": 1.928065994809398, "alphas1": 44.65774002698011, "alphas10": 6.479768939068867, "alphas11": 36.12737882120684, "alphas12": 35.526141782187736, "alphas13": 42.8379638474551, "alphas2": 37.7844987243809, "alphas3": 2.9528697240275563, "alphas4": 38.30994017129283, "alphas5": 4.413155479452926, "alphas6": 37.3545297665311, "alphas7": 34.557901976612364, "alphas8": 2.746690718345259, "alphas9": 41.522051502166406}, "datetime": {"datetime": "2018-12-18 20:22:26", "elapsed": 13515.32343, "delta": 135.287145}}
{"target": 0.08679049323721251, "params": {"alphas0": 9.792766658422318, "alphas1": 44.7700010216476, "alphas10": 0.5720705142921406, "alphas11": 29.871666052161476, "alphas12": 1.8799161080700233, "alphas13": 44.92332485331563, "alphas2": 44.95056073701992, "alphas3": 18.82541814129432, "alphas4": 8.336949850093024, "alphas5": 7.991898743543035, "alphas6": 4.092050349779434, "alphas7": 3.473775054168775, "alphas8": 1.5552700846088081, "alphas9": 40.26721852477979}, "datetime": {"datetime": "2018-12-18 20:24:45", "elapsed": 13653.832843, "delta": 138.509413}}
{"target": 0.08756159693041449, "params": {"alphas0": 1.271623432966884, "alphas1": 43.76732315896043, "alphas10": 1.6557658214966238, "alphas11": 43.299336621573914, "alphas12": 7.201550615456707, "alphas13": 30.495500435171046, "alphas2": 10.521096733003137, "alphas3": 12.797299525515223, "alphas4": 3.9290833834955037, "alphas5": 22.009196126677725, "alphas6": 21.613523095166272, "alphas7": 1.247731966939221, "alphas8": 2.450516074684665, "alphas9": 36.711536969663776}, "datetime": {"datetime": "2018-12-18 20:27:03", "elapsed": 13791.621701, "delta": 137.788858}}
{"target": 0.08805223363443607, "params": {"alphas0": 1.9566701267643989, "alphas1": 44.467976820982564, "alphas10": 10.105572328116812, "alphas11": 40.960448618676686, "alphas12": 13.246457273494476, "alphas13": 44.67297637867636, "alphas2": 11.278773089112551, "alphas3": 1.1591396182335933, "alphas4": 20.854457381515875, "alphas5": 22.264551326747917, "alphas6": 27.85263723107211, "alphas7": 19.977515108006763, "alphas8": 4.368019291248622, "alphas9": 44.80745819067956}, "datetime": {"datetime": "2018-12-18 20:29:03", "elapsed": 13912.119793, "delta": 120.498092}}
{"target": 0.08811892199734304, "params": {"alphas0": 8.455096183592985, "alphas1": 42.47943367052477, "alphas10": 1.7459921550130975, "alphas11": 27.3272417533258, "alphas12": 30.300123981537403, "alphas13": 43.388446594010986, "alphas2": 43.43645918812087, "alphas3": 26.927246772727308, "alphas4": 42.870923409988265, "alphas5": 11.127667978259064, "alphas6": 25.10009541617417, "alphas7": 10.103303041180673, "alphas8": 0.6140815616306, "alphas9": 40.49945928764549}, "datetime": {"datetime": "2018-12-18 20:31:12", "elapsed": 14040.918077, "delta": 128.798284}}
{"target": 0.0882167255346127, "params": {"alphas0": 2.9462250375341177, "alphas1": 44.66364744619446, "alphas10": 2.819329997462768, "alphas11": 25.843516984817228, "alphas12": 38.50220548674965, "alphas13": 44.2942153926621, "alphas2": 7.925521406840898, "alphas3": 38.7537285307283, "alphas4": 6.713945351965212, "alphas5": 7.541171431181268, "alphas6": 10.614661970572447, "alphas7": 20.91035188060008, "alphas8": 2.07584463630711, "alphas9": 39.16113983657315}, "datetime": {"datetime": "2018-12-18 20:33:17", "elapsed": 14165.65207, "delta": 124.733993}}
{"target": 0.08825439670105545, "params": {"alphas0": 3.4932725842581567, "alphas1": 42.53797975554334, "alphas10": 2.483048140350246, "alphas11": 23.857605531311044, "alphas12": 13.895224582512508, "alphas13": 41.06308638164997, "alphas2": 18.175721504977112, "alphas3": 15.699216723572807, "alphas4": 0.07687139470038018, "alphas5": 28.67814322235355, "alphas6": 38.639167346460916, "alphas7": 34.01382022669458, "alphas8": 2.802675129997903, "alphas9": 44.17308643085325}, "datetime": {"datetime": "2018-12-18 20:35:24", "elapsed": 14292.585268, "delta": 126.933198}}
{"target": 0.08792003805520805, "params": {"alphas0": 0.7510096094018032, "alphas1": 39.7267227441243, "alphas10": 0.18728416332475184, "alphas11": 15.43990633259896, "alphas12": 31.856635699824608, "alphas13": 42.1958873186478, "alphas2": 42.311600176738615, "alphas3": 19.787284806958844, "alphas4": 29.801366774013424, "alphas5": 31.338495094871217, "alphas6": 31.783346527235718, "alphas7": 33.946520679695915, "alphas8": 7.889189989188465, "alphas9": 41.43484285532004}, "datetime": {"datetime": "2018-12-18 20:37:30", "elapsed": 14418.992239, "delta": 126.406971}}
{"target": 0.08825153484221514, "params": {"alphas0": 0.7756172900654196, "alphas1": 43.64582299682122, "alphas10": 0.3892885491862802, "alphas11": 2.16070323864956, "alphas12": 8.298325801688438, "alphas13": 42.71473946876394, "alphas2": 20.212297825546525, "alphas3": 37.21342925717293, "alphas4": 2.5523717434674857, "alphas5": 44.25610431054752, "alphas6": 37.4578150898062, "alphas7": 29.105088413193798, "alphas8": 2.623352775920643, "alphas9": 32.596411613108515}, "datetime": {"datetime": "2018-12-18 20:39:45", "elapsed": 14554.073839, "delta": 135.0816}}
{"target": 0.08773421751946181, "params": {"alphas0": 12.04446155174274, "alphas1": 42.026000471918415, "alphas10": 1.1998765474778277, "alphas11": 43.08196103010349, "alphas12": 32.204899185639896, "alphas13": 36.448988562690005, "alphas2": 39.600477320960636, "alphas3": 44.985951092267726, "alphas4": 4.000177692312804, "alphas5": 37.83998398885011, "alphas6": 44.742942910363205, "alphas7": 18.439457411709764, "alphas8": 0.12930212400632857, "alphas9": 43.47207474393566}, "datetime": {"datetime": "2018-12-18 20:41:57", "elapsed": 14686.020778, "delta": 131.946939}}
{"target": 0.08830668528811839, "params": {"alphas0": 2.0538172146231126, "alphas1": 40.737256530344546, "alphas10": 1.0713388415069147, "alphas11": 38.217888813827166, "alphas12": 22.059478173865546, "alphas13": 40.446521330432994, "alphas2": 2.578479838939345, "alphas3": 17.02855670329792, "alphas4": 40.10112208337604, "alphas5": 19.636311045763858, "alphas6": 6.2093145662833455, "alphas7": 0.8961976405376354, "alphas8": 5.121179955737247, "alphas9": 44.137860116078414}, "datetime": {"datetime": "2018-12-18 20:44:15", "elapsed": 14823.413154, "delta": 137.392376}}
{"target": 0.08774866488978486, "params": {"alphas0": 1.5673450117883276, "alphas1": 41.49626608078105, "alphas10": 10.443165697239943, "alphas11": 30.106128843562946, "alphas12": 34.09666349882849, "alphas13": 38.589552794336484, "alphas2": 38.374326669977194, "alphas3": 5.501434562459119, "alphas4": 44.97615615777677, "alphas5": 31.84231754363746, "alphas6": 9.821133991160867, "alphas7": 5.468519286708439, "alphas8": 0.9235604771720052, "alphas9": 42.26713302655532}, "datetime": {"datetime": "2018-12-18 20:46:19", "elapsed": 14947.560384, "delta": 124.14723}}
{"target": 0.08811550779968033, "params": {"alphas0": 1.070667008748859, "alphas1": 44.385725793958294, "alphas10": 6.903657920580865, "alphas11": 29.008489712542698, "alphas12": 44.30564644855575, "alphas13": 31.47919759535596, "alphas2": 30.515357523563658, "alphas3": 1.242025022401444, "alphas4": 24.345027322329237, "alphas5": 44.67345474450434, "alphas6": 41.04685088411999, "alphas7": 10.308256576197262, "alphas8": 3.6581351918767617, "alphas9": 37.68331229742279}, "datetime": {"datetime": "2018-12-18 20:48:29", "elapsed": 15078.104925, "delta": 130.544541}}
{"target": 0.08826278026559126, "params": {"alphas0": 3.2024969328131174, "alphas1": 36.461493394013104, "alphas10": 0.2081371388137787, "alphas11": 29.757531442733182, "alphas12": 3.7937816743519646, "alphas13": 44.50544655206461, "alphas2": 38.4454241284074, "alphas3": 17.76541702953241, "alphas4": 31.714374210672304, "alphas5": 37.613641991784206, "alphas6": 21.49779227265556, "alphas7": 36.52721812825143, "alphas8": 1.5379986363429516, "alphas9": 34.85112083223288}, "datetime": {"datetime": "2018-12-18 20:50:39", "elapsed": 15208.247816, "delta": 130.142891}}
