{"target": 0.08653730341004733, "params": {"alphas0": 20.577407314814018, "alphas1": 13.302456219535614, "alphas10": 34.4616726468559, "alphas11": 44.87440734991269, "alphas12": 39.912414729615, "alphas13": 38.49012083829018, "alphas2": 34.7308372476138, "alphas3": 43.65345648078192, "alphas4": 16.345187375557995, "alphas5": 38.50341752593574, "alphas6": 7.742579821527546, "alphas7": 0.06240804622664409, "alphas8": 9.541989220586979, "alphas9": 41.38819458702393}, "datetime": {"datetime": "2018-12-18 16:37:11", "elapsed": 0.0, "delta": 0.0}}
{"target": 0.0837658700104343, "params": {"alphas0": 24.229378909246805, "alphas1": 3.225386433544678, "alphas10": 14.767321729599805, "alphas11": 19.707080328072575, "alphas12": 41.989365104609526, "alphas13": 36.979741585638216, "alphas2": 24.158018759968385, "alphas3": 1.3562229113832776, "alphas4": 22.50183628059947, "alphas5": 39.412910753208685, "alphas6": 4.97213755896772, "alphas7": 26.544042749000365, "alphas8": 34.988768780280026, "alphas9": 19.25170913634893}, "datetime": {"datetime": "2018-12-18 16:37:25", "elapsed": 14.086453, "delta": 14.086453}}
{"target": 0.08616496767516289, "params": {"alphas0": 30.99284420497355, "alphas1": 4.329452659030617, "alphas10": 16.36582526536566, "alphas11": 38.62337676275896, "alphas12": 34.68747425078678, "alphas13": 21.04602028774722, "alphas2": 11.800504974861177, "alphas3": 14.876410782871242, "alphas4": 28.60216656969632, "alphas5": 37.15816191614513, "alphas6": 29.24598661773115, "alphas7": 13.152016704952551, "alphas8": 16.769128821609034, "alphas9": 10.413599895348113}, "datetime": {"datetime": "2018-12-18 16:37:39", "elapsed": 27.699066, "delta": 13.612613}}
{"target": 0.08647202299092704, "params": {"alphas0": 39.19023562952186, "alphas1": 24.050121270442226, "alphas10": 19.00114738622642, "alphas11": 15.633727480013096, "alphas12": 40.08344862111426, "alphas13": 29.009313184541625, "alphas2": 14.043530652013374, "alphas3": 13.068599655112585, "alphas4": 21.703045843741734, "alphas5": 23.13560904258886, "alphas6": 16.64913410388383, "alphas7": 41.756215532316084, "alphas8": 4.412699590273669, "alphas9": 42.38745994591347}, "datetime": {"datetime": "2018-12-18 16:37:52", "elapsed": 41.252852, "delta": 13.553786}}
{"target": 0.08452855791520023, "params": {"alphas0": 14.152849226987323, "alphas1": 19.551588733246554, "alphas10": 3.761761762099443, "alphas11": 31.712624553177008, "alphas12": 34.76303396086439, "alphas13": 5.044577959975464, "alphas2": 13.759506231174804, "alphas3": 36.45060475665183, "alphas4": 36.46787397702363, "alphas5": 42.32220107393173, "alphas6": 17.973897630208878, "alphas7": 0.9964655883453327, "alphas8": 24.439047693531936, "alphas9": 33.513067711581435}, "datetime": {"datetime": "2018-12-18 16:38:06", "elapsed": 54.565092, "delta": 13.31224}}
{"target": 0.08661198803573325, "params": {"alphas0": 13.383908305194607, "alphas1": 15.479860149478231, "alphas10": 26.242725819929145, "alphas11": 8.764283765319648, "alphas12": 42.936669809960314, "alphas13": 31.128975229837323, "alphas2": 32.53134125912548, "alphas3": 1.851376176137246, "alphas4": 40.54437265085412, "alphas5": 32.22364756472533, "alphas6": 2.0915149445483467, "alphas7": 39.251718288610356, "alphas8": 6.935129391776917, "alphas9": 26.00023717074675}, "datetime": {"datetime": "2018-12-18 16:38:34", "elapsed": 82.664836, "delta": 28.099744}}
{"target": 0.08654727436457234, "params": {"alphas0": 31.965757016011278, "alphas1": 16.62996947177213, "alphas10": 14.585816104852862, "alphas11": 13.051078443209146, "alphas12": 31.047817512997007, "alphas13": 14.930073330919614, "alphas2": 0.3923923526454931, "alphas3": 20.010450219302268, "alphas4": 13.731235731031637, "alphas5": 35.518130648366764, "alphas6": 11.132742363789957, "alphas7": 38.91293382898895, "alphas8": 3.743739858923647, "alphas9": 33.4545769653053}, "datetime": {"datetime": "2018-12-18 16:38:48", "elapsed": 96.958046, "delta": 14.29321}}
{"target": 0.08765666917760498, "params": {"alphas0": 7.049248929057458, "alphas1": 36.38192056226324, "alphas10": 11.787243690986445, "alphas11": 17.74781658676914, "alphas12": 29.945649002577703, "alphas13": 30.76442993323965, "alphas2": 20.993794199454825, "alphas3": 24.514860499436992, "alphas4": 13.154648262263589, "alphas5": 38.84387597847035, "alphas6": 0.8600116050142631, "alphas7": 4.058593273801422, "alphas8": 8.049247758343395, "alphas9": 12.504467169304034}, "datetime": {"datetime": "2018-12-18 16:39:17", "elapsed": 125.464139, "delta": 28.506093}}
{"target": 0.08594477365515373, "params": {"alphas0": 35.99486783532953, "alphas1": 41.787970794506165, "alphas10": 17.660572307009065, "alphas11": 33.11794040798028, "alphas12": 35.997944197997725, "alphas13": 26.54406883231157, "alphas2": 38.22347679583211, "alphas3": 26.81689251298946, "alphas4": 2.341176308651467, "alphas5": 44.782740784457715, "alphas6": 14.21040577979101, "alphas7": 8.519254446423115, "alphas8": 39.32706431133737, "alphas9": 41.73080717515365}, "datetime": {"datetime": "2018-12-18 16:39:30", "elapsed": 138.635124, "delta": 13.170985}}
{"target": 0.0851276313850644, "params": {"alphas0": 39.750522442630434, "alphas1": 23.534134318506485, "alphas10": 4.188203114161968, "alphas11": 41.775738972557214, "alphas12": 26.140370584455383, "alphas13": 17.091862985094068, "alphas2": 23.930939779591274, "alphas3": 20.445974468666964, "alphas4": 1.5822578963616736, "alphas5": 22.427177890887812, "alphas6": 2.9579929826118034, "alphas7": 15.056964619246529, "alphas8": 3.830988435598152, "alphas9": 24.708780813412037}, "datetime": {"datetime": "2018-12-18 16:39:43", "elapsed": 152.047525, "delta": 13.412401}}
{"target": 0.08640127944225282, "params": {"alphas0": 8.465930295687789, "alphas1": 17.99991134816908, "alphas10": 1.6264422199273727, "alphas11": 9.469544594010335, "alphas12": 18.358327416739755, "alphas13": 28.17904237002014, "alphas2": 10.798827549337403, "alphas3": 23.844808398067464, "alphas4": 30.932283183007108, "alphas5": 9.739216084318521, "alphas6": 7.604653386840832, "alphas7": 15.73219677155437, "alphas8": 11.991181305337108, "alphas9": 10.43706725874284}, "datetime": {"datetime": "2018-12-18 16:39:57", "elapsed": 165.877884, "delta": 13.830359}}
{"target": 0.0853245054835258, "params": {"alphas0": 11.083927056038606, "alphas1": 27.808072640054352, "alphas10": 41.10812735475962, "alphas11": 21.227913595004885, "alphas12": 38.51271660966686, "alphas13": 32.63256679981026, "alphas2": 13.847325153162682, "alphas3": 32.86842924109478, "alphas4": 11.984233993169267, "alphas5": 7.819516378458682, "alphas6": 18.07599813408766, "alphas7": 35.36744019643439, "alphas8": 31.544576154415992, "alphas9": 27.091724016511474}, "datetime": {"datetime": "2018-12-18 16:40:11", "elapsed": 179.827999, "delta": 13.950115}}
{"target": 0.0851845610972275, "params": {"alphas0": 24.234063297640716, "alphas1": 29.817947943419878, "alphas10": 44.52952219309885, "alphas11": 33.51720118568856, "alphas12": 5.5858569399099, "alphas13": 8.102054707336261, "alphas2": 8.555514490139103, "alphas3": 17.19504689222014, "alphas4": 3.5262499782978596, "alphas5": 41.297956847547454, "alphas6": 38.52182770342495, "alphas7": 11.045530394649221, "alphas8": 38.293323605949254, "alphas9": 43.58039584246201}, "datetime": {"datetime": "2018-12-18 16:40:25", "elapsed": 193.677529, "delta": 13.84953}}
{"target": 0.08433548831285863, "params": {"alphas0": 5.000837262142824, "alphas1": 7.065157063748064, "alphas10": 39.84625596230485, "alphas11": 43.86861386806686, "alphas12": 32.94695514732779, "alphas13": 27.90927815993361, "alphas2": 8.615800077553503, "alphas3": 24.541091379386476, "alphas4": 13.26760395229446, "alphas5": 1.7837095137471097, "alphas6": 37.788351653834695, "alphas7": 39.74493949526508, "alphas8": 26.977252110204546, "alphas9": 16.15542929817153}, "datetime": {"datetime": "2018-12-18 16:40:39", "elapsed": 207.393914, "delta": 13.716385}}
{"target": 0.08234356323529396, "params": {"alphas0": 5.52659918000855, "alphas1": 12.21672815558476, "alphas10": 14.802567317464264, "alphas11": 37.111453876327786, "alphas12": 19.254687278344402, "alphas13": 29.246895865831483, "alphas2": 39.693470964499866, "alphas3": 12.881909965602782, "alphas4": 23.893734674139218, "alphas5": 41.92142811038662, "alphas6": 24.791246413266943, "alphas7": 23.445340356780104, "alphas8": 44.450644705125725, "alphas9": 16.385039504318925}, "datetime": {"datetime": "2018-12-18 16:40:52", "elapsed": 221.022908, "delta": 13.628994}}
{"target": 0.08499081957208487, "params": {"alphas0": 26.735257663398034, "alphas1": 1.7133174754704088, "alphas10": 9.99585852957205, "alphas11": 0.05014238331685461, "alphas12": 16.309874191001825, "alphas13": 33.620478911567126, "alphas2": 32.2949722127682, "alphas3": 26.65384810646422, "alphas4": 42.038208210291124, "alphas5": 22.36904048905685, "alphas6": 28.335227150729587, "alphas7": 24.147127910887004, "alphas8": 25.81557738710381, "alphas9": 39.62200011347786}, "datetime": {"datetime": "2018-12-18 16:41:06", "elapsed": 234.789376, "delta": 13.766468}}
{"target": 0.08700175449727897, "params": {"alphas0": 37.40996489568707, "alphas1": 21.288689572614658, "alphas10": 14.90647018959253, "alphas11": 9.662170302964059, "alphas12": 9.105549623588313, "alphas13": 7.509738127866406, "alphas2": 29.452360609576395, "alphas3": 16.954430903760656, "alphas4": 30.1654961444682, "alphas5": 39.8263340687624, "alphas6": 43.69690436237126, "alphas7": 18.590651654149827, "alphas8": 12.401403189708681, "alphas9": 26.830041852252553}, "datetime": {"datetime": "2018-12-18 16:41:19", "elapsed": 247.964193, "delta": 13.174817}}
{"target": 0.08456001297789031, "params": {"alphas0": 33.06429938464595, "alphas1": 15.88333205619055, "alphas10": 31.43046162288222, "alphas11": 28.781023784669546, "alphas12": 36.87298915661717, "alphas13": 11.222702998230496, "alphas2": 3.731630183856805, "alphas3": 16.011484365594022, "alphas4": 3.526324559599379, "alphas5": 13.873434386450942, "alphas6": 20.242843499734157, "alphas7": 8.275947260819683, "alphas8": 38.86062250556431, "alphas9": 24.334816208215205}, "datetime": {"datetime": "2018-12-18 16:41:33", "elapsed": 261.580095, "delta": 13.615902}}
{"target": 0.08595683740890393, "params": {"alphas0": 27.575186481128828, "alphas1": 40.62483963953928, "alphas10": 34.01941354943783, "alphas11": 21.356952194406563, "alphas12": 10.601482308149762, "alphas13": 1.621138725996833, "alphas2": 11.231654737486997, "alphas3": 43.84080995942557, "alphas4": 29.476963528514087, "alphas5": 39.91851274287783, "alphas6": 23.249306599829197, "alphas7": 33.51959988429621, "alphas8": 14.089951557826728, "alphas9": 16.599176048405358}, "datetime": {"datetime": "2018-12-18 16:41:46", "elapsed": 275.164913, "delta": 13.584818}}
{"target": 0.08590024410140362, "params": {"alphas0": 16.80244837045751, "alphas1": 42.696071091904976, "alphas10": 7.228165622161446, "alphas11": 20.250769506242722, "alphas12": 1.8657587280558157, "alphas13": 12.214759238678868, "alphas2": 6.549144452113679, "alphas3": 24.49599000639856, "alphas4": 7.0232124276761505, "alphas5": 25.27555505763777, "alphas6": 2.74642036245969, "alphas7": 18.82013618842543, "alphas8": 5.320501408188514, "alphas9": 27.592996160083736}, "datetime": {"datetime": "2018-12-18 16:42:00", "elapsed": 289.079679, "delta": 13.914766}}
{"target": 0.08231418583536682, "params": {"alphas0": 35.163415261671915, "alphas1": 36.11355357697569, "alphas10": 34.67883506874616, "alphas11": 2.0213060623669312, "alphas12": 22.048117088063915, "alphas13": 42.37351258662415, "alphas2": 6.352233577335235, "alphas3": 43.95355721878577, "alphas4": 12.930918916205947, "alphas5": 34.759748748307565, "alphas6": 8.790167600977643, "alphas7": 2.651999222083801, "alphas8": 1.3016515169229264, "alphas9": 7.060268503139156}, "datetime": {"datetime": "2018-12-18 16:42:36", "elapsed": 325.066693, "delta": 35.987014}}
{"target": 0.08255335412654562, "params": {"alphas0": 35.78386230622513, "alphas1": 36.591960471002395, "alphas10": 32.34059245738966, "alphas11": 0.6148427440039123, "alphas12": 42.769566462407845, "alphas13": 1.9801423884564224, "alphas2": 34.96099771345125, "alphas3": 11.985085640911102, "alphas4": 24.013068970554233, "alphas5": 0.79953021238581, "alphas6": 10.531670168198001, "alphas7": 41.12221130392507, "alphas8": 0.13626597055607093, "alphas9": 41.618694648973644}, "datetime": {"datetime": "2018-12-18 16:43:13", "elapsed": 362.076845, "delta": 37.010152}}
{"target": 0.08787883390000209, "params": {"alphas0": 7.76894093128847, "alphas1": 39.570668220773065, "alphas10": 1.9594403602808141, "alphas11": 25.592869144296433, "alphas12": 8.12838977015751, "alphas13": 44.42082280173978, "alphas2": 11.800260154665805, "alphas3": 14.152292350918545, "alphas4": 18.55895312591229, "alphas5": 35.90561511263646, "alphas6": 37.99313101458809, "alphas7": 43.70810583725536, "alphas8": 0.2326838184495711, "alphas9": 44.70971097775066}, "datetime": {"datetime": "2018-12-18 16:44:03", "elapsed": 411.766901, "delta": 49.690056}}
{"target": 0.08830201343434735, "params": {"alphas0": 10.693927026826106, "alphas1": 24.883357619490816, "alphas10": 2.6383376332782813, "alphas11": 40.73306891018741, "alphas12": 2.9686144223775406, "alphas13": 44.59923075558693, "alphas2": 1.511095356551182, "alphas3": 9.872907157664237, "alphas4": 26.592056424646355, "alphas5": 43.824089770378166, "alphas6": 15.218649254930654, "alphas7": 12.777462940960298, "alphas8": 3.9387487964396826, "alphas9": 40.985829995407464}, "datetime": {"datetime": "2018-12-18 16:44:54", "elapsed": 462.993702, "delta": 51.226801}}
{"target": 0.0881224491331743, "params": {"alphas0": 22.356009980737632, "alphas1": 44.305743015678594, "alphas10": 3.992348131243096, "alphas11": 32.802216307130514, "alphas12": 0.2840974552191916, "alphas13": 42.01622863979989, "alphas2": 6.678907938005928, "alphas3": 18.437664204394032, "alphas4": 44.59379980093815, "alphas5": 37.474530895945286, "alphas6": 34.56207554173153, "alphas7": 36.77620913670792, "alphas8": 6.621294072520195, "alphas9": 43.9688923418042}, "datetime": {"datetime": "2018-12-18 16:45:33", "elapsed": 501.8039, "delta": 38.810198}}
{"target": 0.08691555988634014, "params": {"alphas0": 36.06671437111164, "alphas1": 38.75072905690856, "alphas10": 8.813438499573165, "alphas11": 42.47194824070182, "alphas12": 10.401522238463418, "alphas13": 43.10379681624282, "alphas2": 8.204622164895373, "alphas3": 8.351921111383325, "alphas4": 42.827788501162956, "alphas5": 41.27668783154882, "alphas6": 44.27195845156931, "alphas7": 40.42825596981864, "alphas8": 2.243668495670775, "alphas9": 37.79361345534625}, "datetime": {"datetime": "2018-12-18 16:46:13", "elapsed": 541.578637, "delta": 39.774737}}
{"target": 0.0880199494438827, "params": {"alphas0": 1.3062662323162755, "alphas1": 39.90027898941927, "alphas10": 0.7290975355606977, "alphas11": 43.350135815002254, "alphas12": 25.60395004914746, "alphas13": 42.61768400266085, "alphas2": 16.778103802459476, "alphas3": 10.382712613103655, "alphas4": 35.50996192071832, "alphas5": 39.95863074703827, "alphas6": 44.094423011925514, "alphas7": 22.486875020525364, "alphas8": 7.589907425239886, "alphas9": 33.87820813191846}, "datetime": {"datetime": "2018-12-18 16:46:50", "elapsed": 579.216092, "delta": 37.637455}}
{"target": 0.08786404894818647, "params": {"alphas0": 12.253480734520418, "alphas1": 41.173087372324126, "alphas10": 8.497028277858565, "alphas11": 44.844388140942456, "alphas12": 2.7691314474103814, "alphas13": 38.95715719508763, "alphas2": 1.3442508149961392, "alphas3": 0.619234280041655, "alphas4": 37.512243817870974, "alphas5": 15.717478837728926, "alphas6": 25.040484367328663, "alphas7": 2.025077376369933, "alphas8": 4.524552589710576, "alphas9": 40.70906996971742}, "datetime": {"datetime": "2018-12-18 16:47:28", "elapsed": 616.956001, "delta": 37.739909}}
{"target": 0.08851366415941381, "params": {"alphas0": 4.166901153648796, "alphas1": 31.66726721484683, "alphas10": 1.032669833814856, "alphas11": 40.68970965533367, "alphas12": 7.37491403739995, "alphas13": 40.12201067061279, "alphas2": 5.442800950868629, "alphas3": 3.5322856893247194, "alphas4": 11.26275179368391, "alphas5": 34.36573352046317, "alphas6": 44.76719189947, "alphas7": 3.9582054479291147, "alphas8": 5.931031556859452, "alphas9": 21.761480803514658}, "datetime": {"datetime": "2018-12-18 16:48:21", "elapsed": 670.022229, "delta": 53.066228}}
{"target": 0.08625047529551357, "params": {"alphas0": 18.324571497987225, "alphas1": 44.31082135086423, "alphas10": 3.766479451276337, "alphas11": 36.52006615023681, "alphas12": 19.708232581246556, "alphas13": 39.376318225684926, "alphas2": 1.3585953583149013, "alphas3": 0.820906560431745, "alphas4": 21.84682285650399, "alphas5": 33.74120299203244, "alphas6": 34.91742568222208, "alphas7": 6.956961261217481, "alphas8": 0.679860739919661, "alphas9": 35.05196439271795}, "datetime": {"datetime": "2018-12-18 16:49:00", "elapsed": 708.520702, "delta": 38.498473}}
{"target": 0.08783804136977401, "params": {"alphas0": 3.4631988016081654, "alphas1": 43.9124129157929, "alphas10": 13.970316808341124, "alphas11": 42.59219392265517, "alphas12": 11.26570096188329, "alphas13": 42.19581038584294, "alphas2": 18.343144488482384, "alphas3": 33.678412679220024, "alphas4": 1.334006520172898, "alphas5": 39.9267393511483, "alphas6": 43.54461009101368, "alphas7": 29.82363203923772, "alphas8": 5.52807918770761, "alphas9": 43.3852335861775}, "datetime": {"datetime": "2018-12-18 16:49:38", "elapsed": 746.695919, "delta": 38.175217}}
{"target": 0.08837513070111709, "params": {"alphas0": 7.237868955900329, "alphas1": 41.008702014794885, "alphas10": 1.6987905079359185, "alphas11": 42.47617513178545, "alphas12": 13.297576220090065, "alphas13": 37.580966812448914, "alphas2": 1.660624215478685, "alphas3": 0.05159509144696928, "alphas4": 22.41065431920859, "alphas5": 31.382549969492565, "alphas6": 29.783395834307484, "alphas7": 0.029539010199454152, "alphas8": 5.7131551267797684, "alphas9": 40.29986473630182}, "datetime": {"datetime": "2018-12-18 16:50:15", "elapsed": 783.781317, "delta": 37.085398}}
{"target": 0.0866812748100018, "params": {"alphas0": 2.6132432417819187, "alphas1": 13.870602881638995, "alphas10": 7.495119242372162, "alphas11": 42.95648906993134, "alphas12": 8.496336617624898, "alphas13": 35.521802533935215, "alphas2": 1.4443070549643322, "alphas3": 11.719592248931777, "alphas4": 24.43855168655925, "alphas5": 41.80221252644824, "alphas6": 21.72736707305263, "alphas7": 43.595596799287414, "alphas8": 4.93297427557257, "alphas9": 41.731167338945056}, "datetime": {"datetime": "2018-12-18 16:50:53", "elapsed": 822.286994, "delta": 38.505677}}
{"target": 0.08845906783162312, "params": {"alphas0": 1.2934428333658694, "alphas1": 44.67661173773589, "alphas10": 0.5646287227498054, "alphas11": 35.567926129338865, "alphas12": 8.109184641883195, "alphas13": 43.54037810668194, "alphas2": 13.67004105525302, "alphas3": 7.369671293999672, "alphas4": 8.94311397571606, "alphas5": 29.693166820835287, "alphas6": 42.93100166255664, "alphas7": 37.53655521402525, "alphas8": 4.818773819972163, "alphas9": 41.68505594074157}, "datetime": {"datetime": "2018-12-18 16:51:31", "elapsed": 859.56538, "delta": 37.278386}}
{"target": 0.08774212440875452, "params": {"alphas0": 0.8993834258286815, "alphas1": 44.86544434503903, "alphas10": 5.376483670250148, "alphas11": 40.17642574062354, "alphas12": 22.186808157103325, "alphas13": 29.55638008289756, "alphas2": 9.961535830695118, "alphas3": 24.668912975805405, "alphas4": 10.962060003521373, "alphas5": 39.301801813889526, "alphas6": 42.5515474825824, "alphas7": 12.366117391445032, "alphas8": 0.5524709133613698, "alphas9": 36.71194565502372}, "datetime": {"datetime": "2018-12-18 16:52:08", "elapsed": 897.324392, "delta": 37.759012}}
{"target": 0.08648604695236904, "params": {"alphas0": 6.3114264278734495, "alphas1": 26.918098399240023, "alphas10": 2.8834908555517917, "alphas11": 42.25684079006249, "alphas12": 30.39441025367222, "alphas13": 1.2835829234514358, "alphas2": 2.314752808167145, "alphas3": 15.355302898437627, "alphas4": 44.466577569167654, "alphas5": 44.88831715277319, "alphas6": 42.828691595033675, "alphas7": 38.613319492244614, "alphas8": 2.074728867709101, "alphas9": 43.10025278963785}, "datetime": {"datetime": "2018-12-18 16:52:45", "elapsed": 933.941838, "delta": 36.617446}}
{"target": 0.08751421068401094, "params": {"alphas0": 0.6827517551011808, "alphas1": 35.93875196369464, "alphas10": 4.054457552912843, "alphas11": 38.521340802653576, "alphas12": 0.7975951894978428, "alphas13": 42.29527829575389, "alphas2": 10.207295268488815, "alphas3": 2.1752146383811386, "alphas4": 0.005558089229047991, "alphas5": 40.64343657812794, "alphas6": 5.513006826397747, "alphas7": 24.488161307503205, "alphas8": 12.683099227825377, "alphas9": 42.43356653696653}, "datetime": {"datetime": "2018-12-18 16:53:23", "elapsed": 972.147869, "delta": 38.206031}}
{"target": 0.08797566621895704, "params": {"alphas0": 0.6843090902823584, "alphas1": 40.389233048970645, "alphas10": 2.3701359200067835, "alphas11": 35.77700530995802, "alphas12": 23.584405890099998, "alphas13": 44.215919613066845, "alphas2": 7.692455814213971, "alphas3": 0.5599367817853684, "alphas4": 1.7595298611676697, "alphas5": 42.02212138713504, "alphas6": 40.816197279959674, "alphas7": 37.848208877398626, "alphas8": 0.021877645670311252, "alphas9": 22.997288331669505}, "datetime": {"datetime": "2018-12-18 16:54:01", "elapsed": 1009.818795, "delta": 37.670926}}
