{"target": 0.08675862880331164, "params": {"alphas0": 1.6037881292238032, "alphas1": 44.7564288837702, "alphas10": 4.564184267118398, "alphas11": 43.162344744902974, "alphas12": 36.62509215328591, "alphas13": 44.266905821839025, "alphas2": 38.26703593199468, "alphas3": 10.241162379958624, "alphas4": 13.320964320685981, "alphas5": 31.96736554835227, "alphas6": 43.507049543803824, "alphas7": 7.117906717407089, "alphas8": 23.21235666986327, "alphas9": 41.59720075248515}, "datetime": {"datetime": "2018-12-18 17:18:37", "elapsed": 2485.763638, "delta": 37.346423}}
{"target": 0.08848496893350218, "params": {"alphas0": 5.26883831865293, "alphas1": 44.41978867865597, "alphas10": 0.5261613883123778, "alphas11": 37.19991894570923, "alphas12": 14.490339076475026, "alphas13": 40.79656117742052, "alphas2": 34.52219320512364, "alphas3": 25.248718746499293, "alphas4": 12.168574578662648, "alphas5": 41.87892150722828, "alphas6": 42.13173181248575, "alphas7": 3.996298491788411, "alphas8": 7.336520682739337, "alphas9": 41.57552037035141}, "datetime": {"datetime": "2018-12-18 17:19:13", "elapsed": 2522.26828, "delta": 36.504642}}
{"target": 0.08761589591366803, "params": {"alphas0": 3.1598018160074015, "alphas1": 20.83960580167768, "alphas10": 2.7353311087868355, "alphas11": 44.40213003366562, "alphas12": 43.14206006363216, "alphas13": 35.12669823197866, "alphas2": 1.3910436865189624, "alphas3": 0.9501993433625355, "alphas4": 42.31028828044121, "alphas5": 41.35708509915912, "alphas6": 43.029462922591755, "alphas7": 2.878015358165034, "alphas8": 1.101472085800495, "alphas9": 42.25805493735903}, "datetime": {"datetime": "2018-12-18 17:19:52", "elapsed": 2560.628089, "delta": 38.359809}}
{"target": 0.0878987459887553, "params": {"alphas0": 7.221455523445433, "alphas1": 42.856037450155625, "alphas10": 3.638882727737523, "alphas11": 34.5172834093413, "alphas12": 13.036036975327136, "alphas13": 41.472075906742106, "alphas2": 41.219503923444755, "alphas3": 15.143939052864383, "alphas4": 26.25767872284467, "alphas5": 4.513271688680358, "alphas6": 44.697118982509245, "alphas7": 2.3619211403205047, "alphas8": 1.4374421556155625, "alphas9": 42.472714339269075}, "datetime": {"datetime": "2018-12-18 17:20:31", "elapsed": 2599.707702, "delta": 39.079613}}
{"target": 0.08815161233453153, "params": {"alphas0": 1.4028379383040457, "alphas1": 40.644006091110406, "alphas10": 0.13136117630505262, "alphas11": 19.923103710001257, "alphas12": 32.21404824643074, "alphas13": 41.97509537363487, "alphas2": 42.81093563793241, "alphas3": 19.31220404480865, "alphas4": 27.620948726313028, "alphas5": 24.89786581614531, "alphas6": 37.32078951442799, "alphas7": 39.63786266486552, "alphas8": 1.6049327431154765, "alphas9": 39.61287003339848}, "datetime": {"datetime": "2018-12-18 17:21:10", "elapsed": 2639.252701, "delta": 39.544999}}
{"target": 0.08809481675283323, "params": {"alphas0": 3.255680446909624, "alphas1": 34.07209236289482, "alphas10": 1.0737290220928286, "alphas11": 36.10662653873273, "alphas12": 21.04368991835001, "alphas13": 30.238057152844252, "alphas2": 23.918852067102495, "alphas3": 42.17998405324425, "alphas4": 4.857303147128239, "alphas5": 12.766270161722067, "alphas6": 42.93127172509701, "alphas7": 0.6565593409849702, "alphas8": 1.4768851210465639, "alphas9": 43.09688151105135}, "datetime": {"datetime": "2018-12-18 17:21:50", "elapsed": 2678.860172, "delta": 39.607471}}
{"target": 0.08716237666377943, "params": {"alphas0": 1.0185846414962096, "alphas1": 44.9366162069652, "alphas10": 13.747226040996937, "alphas11": 43.574076789409965, "alphas12": 1.0747443043754594, "alphas13": 33.425931319496165, "alphas2": 44.06305720986278, "alphas3": 1.5938534210812383, "alphas4": 42.753817010824584, "alphas5": 20.277430296221503, "alphas6": 31.189421596744815, "alphas7": 10.94195989231731, "alphas8": 1.544937694605416, "alphas9": 27.597695649212113}, "datetime": {"datetime": "2018-12-18 17:22:29", "elapsed": 2717.505861, "delta": 38.645689}}
{"target": 0.08849826341051101, "params": {"alphas0": 5.643477028691676, "alphas1": 34.221057721311354, "alphas10": 2.3501748278586074, "alphas11": 43.360475958052405, "alphas12": 8.922370662483164, "alphas13": 41.889646590709944, "alphas2": 34.073769908287154, "alphas3": 2.017931473097134, "alphas4": 16.044354398805307, "alphas5": 6.081228141393361, "alphas6": 28.17019956181387, "alphas7": 28.766451918582383, "alphas8": 1.5296785935123518, "alphas9": 44.30680256566474}, "datetime": {"datetime": "2018-12-18 17:23:07", "elapsed": 2755.611128, "delta": 38.105267}}
{"target": 0.0874237376081061, "params": {"alphas0": 0.2640978790714088, "alphas1": 27.177513170298024, "alphas10": 1.8445229471779112, "alphas11": 40.57808724140292, "alphas12": 24.724597562669807, "alphas13": 26.877014307628233, "alphas2": 38.71526656597033, "alphas3": 40.616682063822296, "alphas4": 30.206602549571, "alphas5": 44.71442685432679, "alphas6": 42.59110150574162, "alphas7": 8.624671858450936, "alphas8": 0.14757591364749523, "alphas9": 42.957736847272365}, "datetime": {"datetime": "2018-12-18 17:23:46", "elapsed": 2795.016664, "delta": 39.405536}}
{"target": 0.08765447575789939, "params": {"alphas0": 3.6911123241758705, "alphas1": 44.08046387384102, "alphas10": 3.656457906710195, "alphas11": 32.19735132546985, "alphas12": 4.31620405063673, "alphas13": 43.810170168603115, "alphas2": 34.388683370329524, "alphas3": 7.387011337395505, "alphas4": 38.86242225361164, "alphas5": 0.4872418082126112, "alphas6": 40.04448273885942, "alphas7": 37.32084277764267, "alphas8": 15.829360713505462, "alphas9": 43.92054638078903}, "datetime": {"datetime": "2018-12-18 17:24:26", "elapsed": 2834.424972, "delta": 39.408308}}
{"target": 0.0882188039527944, "params": {"alphas0": 2.2521702812926363, "alphas1": 35.88880736461638, "alphas10": 1.774296080601942, "alphas11": 2.2522634662476886, "alphas12": 18.385615418966772, "alphas13": 41.83841276357187, "alphas2": 40.74503105651438, "alphas3": 2.03584065551141, "alphas4": 3.2224303562354777, "alphas5": 36.39270463747286, "alphas6": 41.68424701178855, "alphas7": 26.92082386775788, "alphas8": 7.7299702578940135, "alphas9": 44.63621641841057}, "datetime": {"datetime": "2018-12-18 17:25:07", "elapsed": 2875.533006, "delta": 41.108034}}
{"target": 0.08839458216258672, "params": {"alphas0": 2.2090479210118916, "alphas1": 44.84511164299998, "alphas10": 4.617830079008261, "alphas11": 38.45147192248697, "alphas12": 33.39391344446736, "alphas13": 40.087022202481485, "alphas2": 11.651894534218483, "alphas3": 4.693311897253839, "alphas4": 17.537515744630035, "alphas5": 1.4687361129244803, "alphas6": 17.171743342211137, "alphas7": 2.3980798572108415, "alphas8": 6.0410047601726236, "alphas9": 41.743040333956344}, "datetime": {"datetime": "2018-12-18 17:25:45", "elapsed": 2913.847971, "delta": 38.314965}}
{"target": 0.08795164558754885, "params": {"alphas0": 0.6780768614230165, "alphas1": 44.3068968972131, "alphas10": 10.457465836990442, "alphas11": 43.7424242153783, "alphas12": 2.8417768370737, "alphas13": 40.79939341882279, "alphas2": 16.107913503735304, "alphas3": 5.536059007846365, "alphas4": 31.836145637914093, "alphas5": 44.4639002839477, "alphas6": 41.638134306453594, "alphas7": 13.25925508503164, "alphas8": 2.6649853954582268, "alphas9": 28.10790869823078}, "datetime": {"datetime": "2018-12-18 17:26:25", "elapsed": 2953.35588, "delta": 39.507909}}
{"target": 0.08797095284526803, "params": {"alphas0": 1.1585830059942586, "alphas1": 43.922936868411504, "alphas10": 2.631453869077911, "alphas11": 40.7578967802469, "alphas12": 42.91006604705146, "alphas13": 21.79174918520796, "alphas2": 23.221907194097795, "alphas3": 44.105715331298796, "alphas4": 20.158785609769254, "alphas5": 12.49182452930914, "alphas6": 37.15444611486123, "alphas7": 17.746729768104412, "alphas8": 3.6441999894857187, "alphas9": 43.9768032765264}, "datetime": {"datetime": "2018-12-18 17:27:04", "elapsed": 2992.632931, "delta": 39.277051}}
{"target": 0.08810823027691185, "params": {"alphas0": 9.50879712006837, "alphas1": 44.60858782040125, "alphas10": 0.09496800208735834, "alphas11": 43.59112948441741, "alphas12": 10.245954016343696, "alphas13": 40.0808346770817, "alphas2": 9.03136454940567, "alphas3": 44.70415549156008, "alphas4": 42.99618652199792, "alphas5": 32.11518420579818, "alphas6": 38.492348269409845, "alphas7": 1.880563237773667, "alphas8": 4.527691293334277, "alphas9": 40.05225878685094}, "datetime": {"datetime": "2018-12-18 17:27:43", "elapsed": 3031.549126, "delta": 38.916195}}
{"target": 0.08538881399134339, "params": {"alphas0": 34.21226136745463, "alphas1": 41.28119212266123, "alphas10": 0.8489881223241236, "alphas11": 27.609498160473283, "alphas12": 0.6709417674033846, "alphas13": 42.81613202844605, "alphas2": 38.45941391686415, "alphas3": 41.923467852292795, "alphas4": 9.285458815734817, "alphas5": 8.609175746338817, "alphas6": 43.17147399232185, "alphas7": 4.001521010557834, "alphas8": 1.2513915828013316, "alphas9": 40.98638102372807}, "datetime": {"datetime": "2018-12-18 17:28:23", "elapsed": 3071.659932, "delta": 40.110806}}
{"target": 0.08819845615932004, "params": {"alphas0": 3.290135275991839, "alphas1": 32.68881406222965, "alphas10": 2.126696127449998, "alphas11": 34.634521463768614, "alphas12": 12.827238815745797, "alphas13": 44.62757290418011, "alphas2": 41.73533130432846, "alphas3": 0.9456965707933568, "alphas4": 5.965356125969658, "alphas5": 33.597999145088124, "alphas6": 43.31912254149001, "alphas7": 35.98586342823977, "alphas8": 0.47794892962784774, "alphas9": 42.33598549613366}, "datetime": {"datetime": "2018-12-18 17:29:02", "elapsed": 3111.015699, "delta": 39.355767}}
{"target": 0.08820139871682157, "params": {"alphas0": 8.872773270036761, "alphas1": 44.26220723627939, "alphas10": 0.24054024855898248, "alphas11": 44.83315996520747, "alphas12": 42.63261268338675, "alphas13": 42.7931383859705, "alphas2": 8.305264398523777, "alphas3": 31.33782084421232, "alphas4": 5.346341527013561, "alphas5": 22.586018429063703, "alphas6": 41.28044598647148, "alphas7": 36.07605632183716, "alphas8": 3.9281846248354233, "alphas9": 21.192994589903975}, "datetime": {"datetime": "2018-12-18 17:29:40", "elapsed": 3149.109033, "delta": 38.093334}}
{"target": 0.0882883790783759, "params": {"alphas0": 0.46837671367754075, "alphas1": 38.79257352596194, "alphas10": 0.060916188281684436, "alphas11": 43.817819171654214, "alphas12": 19.969390219240275, "alphas13": 40.51197989547104, "alphas2": 29.543013658990436, "alphas3": 12.344228135170187, "alphas4": 19.806557461408715, "alphas5": 3.4970432358431838, "alphas6": 42.22671905168176, "alphas7": 41.886529693474074, "alphas8": 5.282293353075502, "alphas9": 43.27775290908142}, "datetime": {"datetime": "2018-12-18 17:30:20", "elapsed": 3189.133259, "delta": 40.024226}}
{"target": 0.08748966408475094, "params": {"alphas0": 0.857633959646068, "alphas1": 29.787505632092454, "alphas10": 10.063801100702252, "alphas11": 44.065594810064674, "alphas12": 6.324910499797535, "alphas13": 36.58143926850168, "alphas2": 2.206849706439698, "alphas3": 5.055666663490844, "alphas4": 30.214672701478147, "alphas5": 30.481002165124263, "alphas6": 39.43269085513583, "alphas7": 2.7697466106541158, "alphas8": 1.398368228620746, "alphas9": 44.992808029089446}, "datetime": {"datetime": "2018-12-18 17:31:00", "elapsed": 3229.005306, "delta": 39.872047}}
{"target": 0.0873407389725642, "params": {"alphas0": 0.7767519142137402, "alphas1": 44.91018749273815, "alphas10": 14.452297600831177, "alphas11": 41.91376152569157, "alphas12": 42.892984841317286, "alphas13": 44.48757802343625, "alphas2": 13.236587636327169, "alphas3": 27.755911411310212, "alphas4": 4.430992941907876, "alphas5": 14.058895054617707, "alphas6": 37.97380641250366, "alphas7": 33.158007635412794, "alphas8": 0.8208583931890956, "alphas9": 42.527609923992046}, "datetime": {"datetime": "2018-12-18 17:32:59", "elapsed": 3347.767226, "delta": 118.76192}}
{"target": 0.08858196556532034, "params": {"alphas0": 5.52664628784707, "alphas1": 42.22437427274266, "alphas10": 0.7546985880680918, "alphas11": 6.920131278381746, "alphas12": 8.120491161283564, "alphas13": 43.047714591906484, "alphas2": 44.35099055921278, "alphas3": 4.195302093334043, "alphas4": 9.1595028383975, "alphas5": 13.840392023118833, "alphas6": 43.03230676297205, "alphas7": 0.1682215540234938, "alphas8": 5.0345998691157305, "alphas9": 42.83069827267042}, "datetime": {"datetime": "2018-12-18 17:34:48", "elapsed": 3457.303567, "delta": 109.536341}}
{"target": 0.087871264723306, "params": {"alphas0": 2.3926281334311867, "alphas1": 40.13884561251206, "alphas10": 0.4581423291004283, "alphas11": 42.54184231580182, "alphas12": 23.445438171258484, "alphas13": 42.00941014704475, "alphas2": 16.027163637778873, "alphas3": 32.79464804702124, "alphas4": 43.04512045754505, "alphas5": 10.478714919489656, "alphas6": 40.37303050360556, "alphas7": 42.39028902744002, "alphas8": 4.430469168636476, "alphas9": 44.088499682836456}, "datetime": {"datetime": "2018-12-18 17:36:53", "elapsed": 3582.033743, "delta": 124.730176}}
{"target": 0.08808862924260288, "params": {"alphas0": 4.132219506680843, "alphas1": 39.467983986281496, "alphas10": 0.14774142623260766, "alphas11": 40.33722794777627, "alphas12": 31.11322001243133, "alphas13": 33.038762109164125, "alphas2": 40.4047677433384, "alphas3": 5.689782832850668, "alphas4": 44.8876900096127, "alphas5": 3.171308244977513, "alphas6": 43.981133173593264, "alphas7": 43.64959461953401, "alphas8": 1.9321148095654717, "alphas9": 40.77343289136104}, "datetime": {"datetime": "2018-12-18 17:38:47", "elapsed": 3696.239995, "delta": 114.206252}}
{"target": 0.08770071711467721, "params": {"alphas0": 0.28368291086816044, "alphas1": 24.7282934766302, "alphas10": 3.7802553805713837, "alphas11": 25.113819059547648, "alphas12": 42.36333839523176, "alphas13": 43.81026642357073, "alphas2": 20.129940544837936, "alphas3": 7.923806179813093, "alphas4": 39.17770993924149, "alphas5": 17.900187669650304, "alphas6": 42.94258223379339, "alphas7": 33.16464386708084, "alphas8": 0.46555027852656417, "alphas9": 43.61294927784123}, "datetime": {"datetime": "2018-12-18 17:40:57", "elapsed": 3825.694272, "delta": 129.454277}}
{"target": 0.08834063369970588, "params": {"alphas0": 3.728199476542157, "alphas1": 39.331072021879166, "alphas10": 7.43859451668946, "alphas11": 43.10351720928159, "alphas12": 26.26778828472904, "alphas13": 43.88106913349262, "alphas2": 6.291830029156413, "alphas3": 33.559816695830136, "alphas4": 1.704863129043435, "alphas5": 12.123404989091531, "alphas6": 43.926212461179965, "alphas7": 19.622362247245835, "alphas8": 3.6172884495082487, "alphas9": 39.14750029829583}, "datetime": {"datetime": "2018-12-18 17:43:09", "elapsed": 3957.982784, "delta": 132.288512}}
{"target": 0.08689265521702798, "params": {"alphas0": 0.968867372617242, "alphas1": 40.71813429873667, "alphas10": 19.45743911273084, "alphas11": 42.819670448628294, "alphas12": 44.66060168349628, "alphas13": 43.802257328021355, "alphas2": 31.52369216834976, "alphas3": 0.2706405656964711, "alphas4": 31.172135425620574, "alphas5": 23.032584194791045, "alphas6": 35.66320240063913, "alphas7": 17.407178260919547, "alphas8": 1.1622312265755301, "alphas9": 37.27652245632966}, "datetime": {"datetime": "2018-12-18 17:45:25", "elapsed": 4093.588075, "delta": 135.605291}}
{"target": 0.08840367188098852, "params": {"alphas0": 2.241102787677862, "alphas1": 43.61088359740604, "alphas10": 3.248852084162923, "alphas11": 19.188502205456857, "alphas12": 35.56328284782548, "alphas13": 39.65742638234346, "alphas2": 34.740678720654486, "alphas3": 0.8381047496485944, "alphas4": 44.690292885295534, "alphas5": 31.51087423151108, "alphas6": 35.686605215308866, "alphas7": 0.49613531787930376, "alphas8": 8.34758625129562, "alphas9": 34.64131779272393}, "datetime": {"datetime": "2018-12-18 17:47:38", "elapsed": 4227.079195, "delta": 133.49112}}
{"target": 0.08837652545941986, "params": {"alphas0": 1.1012246667552583, "alphas1": 42.841600627008184, "alphas10": 1.3962695151165172, "alphas11": 38.19747619234103, "alphas12": 43.162215939965556, "alphas13": 43.70678746151707, "alphas2": 12.758264323552423, "alphas3": 33.35801479956646, "alphas4": 26.626523375974735, "alphas5": 13.92091461590269, "alphas6": 8.414074683434801, "alphas7": 11.152366304815057, "alphas8": 2.58110539833067, "alphas9": 43.222767569130745}, "datetime": {"datetime": "2018-12-18 17:50:01", "elapsed": 4370.271036, "delta": 143.191841}}
{"target": 0.08826297607503045, "params": {"alphas0": 0.4413971287406737, "alphas1": 43.29937715183044, "alphas10": 1.175377073711514, "alphas11": 43.667859566542816, "alphas12": 15.180790130898691, "alphas13": 43.454233561859105, "alphas2": 9.551430787460639, "alphas3": 15.031871458761344, "alphas4": 1.2110966906444958, "alphas5": 32.12547271835817, "alphas6": 28.460418156297653, "alphas7": 19.6631836357186, "alphas8": 1.2631819139362954, "alphas9": 32.64438100812256}, "datetime": {"datetime": "2018-12-18 17:52:16", "elapsed": 4505.243288, "delta": 134.972252}}
{"target": 0.08838152633535548, "params": {"alphas0": 0.3527045333408002, "alphas1": 43.47264203827887, "alphas10": 1.363890089929508, "alphas11": 3.3335866555169478, "alphas12": 15.93884477374908, "alphas13": 43.459663602689666, "alphas2": 8.82563606963957, "alphas3": 21.19011157001119, "alphas4": 13.642121712097788, "alphas5": 3.1445217398502616, "alphas6": 2.756400316775143, "alphas7": 10.573532262007175, "alphas8": 4.6188297811484755, "alphas9": 43.851299505684274}, "datetime": {"datetime": "2018-12-18 17:54:28", "elapsed": 4636.603359, "delta": 131.360071}}
{"target": 0.08857642523013377, "params": {"alphas0": 0.8508415807705549, "alphas1": 42.62265333483171, "alphas10": 3.2154732436240674, "alphas11": 41.47240407172826, "alphas12": 23.479141793288544, "alphas13": 39.054618505255775, "alphas2": 39.410741320112514, "alphas3": 5.542075978800027, "alphas4": 42.61571196675948, "alphas5": 3.7295519736954748, "alphas6": 38.371371190114445, "alphas7": 12.5135039259487, "alphas8": 5.448964525028945, "alphas9": 44.98136354587373}, "datetime": {"datetime": "2018-12-18 17:56:48", "elapsed": 4776.725848, "delta": 140.122489}}
{"target": 0.08823214995745306, "params": {"alphas0": 1.2807776474374717, "alphas1": 37.56445808038724, "alphas10": 2.3417018084494283, "alphas11": 41.621686694227535, "alphas12": 19.843695086959755, "alphas13": 40.81878949102488, "alphas2": 42.346359479816286, "alphas3": 4.056045071291432, "alphas4": 40.90821430401741, "alphas5": 43.12465822543192, "alphas6": 38.69663043537946, "alphas7": 36.14246250518573, "alphas8": 4.341607340864762, "alphas9": 38.770058396550176}, "datetime": {"datetime": "2018-12-18 17:58:59", "elapsed": 4907.690402, "delta": 130.964554}}
{"target": 0.08807059683768617, "params": {"alphas0": 2.967781138392767, "alphas1": 43.95532532513566, "alphas10": 6.350850990788135, "alphas11": 9.193197696214892, "alphas12": 32.317473143281504, "alphas13": 42.39836488088915, "alphas2": 21.197268348290734, "alphas3": 7.680742812431673, "alphas4": 21.535325005320388, "alphas5": 18.219882698509032, "alphas6": 42.741293624608204, "alphas7": 21.086130312614834, "alphas8": 2.310594193247955, "alphas9": 44.70087755890728}, "datetime": {"datetime": "2018-12-18 18:01:20", "elapsed": 5048.83094, "delta": 141.140538}}
{"target": 0.08764192714728888, "params": {"alphas0": 0.11777010036273128, "alphas1": 36.602688055261325, "alphas10": 0.7639348759104181, "alphas11": 29.211369872414032, "alphas12": 3.642467641376976, "alphas13": 43.84417291104168, "alphas2": 39.41660522809416, "alphas3": 4.050503206042943, "alphas4": 16.72049720147596, "alphas5": 32.839446018369664, "alphas6": 38.3521801222697, "alphas7": 42.918589814801926, "alphas8": 11.259840235402205, "alphas9": 42.827161558507605}, "datetime": {"datetime": "2018-12-18 18:03:42", "elapsed": 5190.670251, "delta": 141.839311}}
{"target": 0.0877747539784644, "params": {"alphas0": 0.20172335670048613, "alphas1": 40.34899856322117, "alphas10": 16.05115146408633, "alphas11": 44.22203691531151, "alphas12": 37.66786191540227, "alphas13": 42.34241137867127, "alphas2": 37.82657682838759, "alphas3": 39.50862913420661, "alphas4": 5.85078560279199, "alphas5": 41.28662087765145, "alphas6": 44.94959046932465, "alphas7": 36.851353431614854, "alphas8": 4.645992608350968, "alphas9": 44.94725295033452}, "datetime": {"datetime": "2018-12-18 18:06:02", "elapsed": 5330.834925, "delta": 140.164674}}
{"target": 0.08750844560873479, "params": {"alphas0": 2.887576785578912, "alphas1": 44.53027618970944, "alphas10": 3.2602533692876796, "alphas11": 43.967646585194146, "alphas12": 1.2704307218919497, "alphas13": 39.78930927596765, "alphas2": 7.767153837253045, "alphas3": 37.64712471041986, "alphas4": 1.493684751583304, "alphas5": 1.2427461467179994, "alphas6": 41.72809010968576, "alphas7": 29.268774791629617, "alphas8": 0.5804385861041023, "alphas9": 22.32947946645342}, "datetime": {"datetime": "2018-12-18 18:08:16", "elapsed": 5464.807166, "delta": 133.972241}}
{"target": 0.08774120418430224, "params": {"alphas0": 0.06284497864457061, "alphas1": 27.39400112188528, "alphas10": 0.8489401777769312, "alphas11": 36.073831142664545, "alphas12": 29.747203753431098, "alphas13": 44.057739401769915, "alphas2": 5.502253942026231, "alphas3": 39.41812194669974, "alphas4": 39.54044242783498, "alphas5": 31.770930944747107, "alphas6": 44.944567536865506, "alphas7": 4.200344001263377, "alphas8": 0.58402146157639, "alphas9": 39.33940300857065}, "datetime": {"datetime": "2018-12-18 18:10:38", "elapsed": 5606.333342, "delta": 141.526176}}
