{"target": 0.035571112811791344, "params": {"lambda_i": 2.295382261589269, "lambda_j": 2.225365716474564, "learning_rate": 0.006346710536451194, "sgd_mode": 2.6032121432500688}, "datetime": {"datetime": "2018-12-12 01:17:00", "elapsed": 0.0, "delta": 0.0}}
{"target": 0.042420040627361946, "params": {"lambda_i": 0.620099536657531, "lambda_j": 3.7664654897465244, "learning_rate": 0.49041805064640176, "sgd_mode": 0.2553486432975828}, "datetime": {"datetime": "2018-12-12 01:33:08", "elapsed": 968.042406, "delta": 968.042406}}
{"target": 0.04575641203703683, "params": {"lambda_i": 3.065008367214752, "lambda_j": 1.6827760349224588, "learning_rate": 1.7445494648645843, "sgd_mode": 1.7280874772878276}, "datetime": {"datetime": "2018-12-12 01:50:20", "elapsed": 1999.800308, "delta": 1031.757902}}
{"target": 0.04761717535903237, "params": {"lambda_i": 0.0004398254674224944, "lambda_j": 0.002750224234887355, "learning_rate": 1.9995943433990444, "sgd_mode": 0.0541693534538239}, "datetime": {"datetime": "2018-12-12 02:06:17", "elapsed": 2956.34104, "delta": 956.540732}}
{"target": 0.047543404383975675, "params": {"lambda_i": 3.9447400643965165, "lambda_j": 0.012873928679154378, "learning_rate": 1.6181502461789685, "sgd_mode": 0.00026716056301423485}, "datetime": {"datetime": "2018-12-12 02:23:50", "elapsed": 4009.847254, "delta": 1053.506214}}
{"target": 0.04769469485386731, "params": {"lambda_i": 3.684888390768783, "lambda_j": 3.808578485576906, "learning_rate": 1.9553509433801346, "sgd_mode": 0.002271026838047807}, "datetime": {"datetime": "2018-12-12 02:38:02", "elapsed": 4861.474487, "delta": 851.627233}}
{"target": 0.04724400286596108, "params": {"lambda_i": 3.994725887205891, "lambda_j": 0.2549645523950912, "learning_rate": 1.952964933017547, "sgd_mode": 0.070912834582459}, "datetime": {"datetime": "2018-12-12 03:02:34", "elapsed": 6333.624972, "delta": 1472.150485}}
{"target": 0.04725849861426044, "params": {"lambda_i": 0.09795593596808416, "lambda_j": 3.7779477363779894, "learning_rate": 1.9514777068341354, "sgd_mode": 0.015429297408739662}, "datetime": {"datetime": "2018-12-12 03:20:11", "elapsed": 7390.757995, "delta": 1057.133023}}
{"target": 0.04761820849080363, "params": {"lambda_i": 3.807565594816186, "lambda_j": 3.7970838952430506, "learning_rate": 1.9954030938039324, "sgd_mode": 0.09363047438047678}, "datetime": {"datetime": "2018-12-12 03:35:54", "elapsed": 8333.91711, "delta": 943.159115}}
{"target": 0.04721468909045077, "params": {"lambda_i": 3.9494365223186634, "lambda_j": 0.41922483845619185, "learning_rate": 1.9967042084445414, "sgd_mode": 0.05308782845921489}, "datetime": {"datetime": "2018-12-12 03:57:15", "elapsed": 9614.276237, "delta": 1280.359127}}
