{"target": 0.06927262449609461, "params": {"alphas0": 25.457443369938144, "alphas1": 16.416884099639002, "alphas10": 18.030410562207116, "alphas11": 15.581285189597207, "alphas12": 26.634829279587255, "alphas13": 26.05184354700633, "alphas2": 15.866485948133315, "alphas3": 22.21047144106681, "alphas4": 27.145223162820894, "alphas5": 4.264740601735535, "alphas6": 25.248292380727868, "alphas7": 12.244007442370414, "alphas8": 10.749466205620571, "alphas9": 9.982286400734152}, "datetime": {"datetime": "2018-12-15 19:23:53", "elapsed": 0.0, "delta": 0.0}}
{"target": 0.06939922729276887, "params": {"alphas0": 27.386269271267, "alphas1": 0.9725878942835109, "alphas10": 12.36147001460983, "alphas11": 22.801652250819096, "alphas12": 10.148818961152005, "alphas13": 5.91859288700682, "alphas2": 21.173563790683712, "alphas3": 12.868462831186934, "alphas4": 26.190923966003385, "alphas5": 29.848545549607746, "alphas6": 22.099143378247135, "alphas7": 16.70194898721466, "alphas8": 9.593838344461997, "alphas9": 10.940314364808462}, "datetime": {"datetime": "2018-12-15 19:24:02", "elapsed": 9.239335, "delta": 9.239335}}
{"target": 0.06813513923532358, "params": {"alphas0": 19.08493696471213, "alphas1": 1.0753713253003427, "alphas10": 28.809175749648432, "alphas11": 9.413951360327976, "alphas12": 10.855689599345475, "alphas13": 18.755852579426985, "alphas2": 12.249478367906557, "alphas3": 25.92292295953602, "alphas4": 17.71481743318516, "alphas5": 5.147984216599689, "alphas6": 8.670667143626547, "alphas7": 18.77087042102818, "alphas8": 14.529927805301346, "alphas9": 19.419559053360494}, "datetime": {"datetime": "2018-12-15 19:24:05", "elapsed": 12.524397, "delta": 3.285062}}
{"target": 0.06743951965230517, "params": {"alphas0": 2.9688772243133155, "alphas1": 9.5045434548716, "alphas10": 17.582226113941967, "alphas11": 16.80842704736596, "alphas12": 14.46761955004421, "alphas13": 8.563079753035401, "alphas2": 8.651608241649706, "alphas3": 28.52388166314282, "alphas4": 28.126184550673067, "alphas5": 13.423203530646568, "alphas6": 13.60873534219852, "alphas7": 23.647788998370693, "alphas8": 1.7149802443276396, "alphas9": 14.309327157003324}, "datetime": {"datetime": "2018-12-15 19:24:09", "elapsed": 15.853831, "delta": 3.329434}}
{"target": 0.06686970408163267, "params": {"alphas0": 18.514440953772283, "alphas1": 0.07137212161390516, "alphas10": 10.447965067002407, "alphas11": 3.580672629083926, "alphas12": 6.627516469786487, "alphas13": 3.647109760977705, "alphas2": 0.27621644493443176, "alphas3": 24.888148715975625, "alphas4": 2.343754386588739, "alphas5": 23.56755107513076, "alphas6": 29.201487052408403, "alphas7": 11.921115135240258, "alphas8": 27.109530786449074, "alphas9": 17.164078764458893}, "datetime": {"datetime": "2018-12-15 19:24:12", "elapsed": 19.366542, "delta": 3.512711}}
{"target": 0.06774861501637679, "params": {"alphas0": 6.80144834194476, "alphas1": 16.187418822006883, "alphas10": 27.617452629977368, "alphas11": 23.916333591823317, "alphas12": 2.115060502326319, "alphas13": 16.36958030199135, "alphas2": 9.910787668837862, "alphas3": 21.4596829709965, "alphas4": 26.411649629891627, "alphas5": 23.165285178877674, "alphas6": 0.8015609417455716, "alphas7": 27.339055171767885, "alphas8": 2.9853161746508583, "alphas9": 21.259983859393678}, "datetime": {"datetime": "2018-12-15 19:24:16", "elapsed": 23.014331, "delta": 3.647789}}
{"target": 0.06810636558327013, "params": {"alphas0": 3.052433589391458, "alphas1": 25.56434419990535, "alphas10": 21.045034163146745, "alphas11": 29.95163871589051, "alphas12": 28.543068720288886, "alphas13": 14.006179575342518, "alphas2": 11.52321207315394, "alphas3": 3.370177002792855, "alphas4": 8.809342858051458, "alphas5": 4.236128185608354, "alphas6": 14.009158754210064, "alphas7": 23.01648188605538, "alphas8": 5.077588942165953, "alphas9": 22.15481260729591}, "datetime": {"datetime": "2018-12-15 19:24:19", "elapsed": 26.278466, "delta": 3.264135}}
{"target": 0.06777857152305342, "params": {"alphas0": 23.297624894798208, "alphas1": 11.828605383245296, "alphas10": 27.08033487560317, "alphas11": 15.247048347813246, "alphas12": 7.877488357158954, "alphas13": 4.649517264737634, "alphas2": 15.818029979153037, "alphas3": 9.740254593108878, "alphas4": 2.757544022827746, "alphas5": 13.829777292464339, "alphas6": 7.980026810930686, "alphas7": 27.83869728107612, "alphas8": 11.39640939516377, "alphas9": 2.1565583838072513}, "datetime": {"datetime": "2018-12-15 19:24:22", "elapsed": 29.651606, "delta": 3.37314}}
{"target": 0.06851690397455258, "params": {"alphas0": 22.930126065287844, "alphas1": 24.009820668851372, "alphas10": 28.81520039282887, "alphas11": 13.04425956288291, "alphas12": 13.402298571789006, "alphas13": 27.077200711103536, "alphas2": 27.107081952630352, "alphas3": 22.13349567442927, "alphas4": 9.738600797370074, "alphas5": 21.875638178886025, "alphas6": 2.892039947692412, "alphas7": 28.7463915672231, "alphas8": 19.112213234077004, "alphas9": 5.66899641538151}, "datetime": {"datetime": "2018-12-15 19:24:26", "elapsed": 33.459713, "delta": 3.808107}}
{"target": 0.06606421863189721, "params": {"alphas0": 4.688033222478891, "alphas1": 2.085593466230838, "alphas10": 8.485299045608594, "alphas11": 1.817234230065693, "alphas12": 11.508335985684429, "alphas13": 3.563459107581499, "alphas2": 19.61789002849122, "alphas3": 27.11611008805152, "alphas4": 25.77236683761487, "alphas5": 2.1552859297866, "alphas6": 26.387221805270155, "alphas7": 1.7222237362963866, "alphas8": 29.70740765311289, "alphas9": 27.094105846186533}, "datetime": {"datetime": "2018-12-15 19:24:30", "elapsed": 36.823271, "delta": 3.363558}}
{"target": 0.06997401158982093, "params": {"alphas0": 28.001513750984262, "alphas1": 27.440078088551985, "alphas10": 2.483058219121317, "alphas11": 3.496130883951185, "alphas12": 28.64317979114486, "alphas13": 27.715869449856168, "alphas2": 29.932201837663168, "alphas3": 0.9756303096294128, "alphas4": 21.536586171338573, "alphas5": 18.227472128073725, "alphas6": 22.319886615934127, "alphas7": 27.764379639087238, "alphas8": 7.105768768747112, "alphas9": 0.8430840433282638}, "datetime": {"datetime": "2018-12-15 19:25:01", "elapsed": 68.744891, "delta": 31.92162}}
{"target": 0.06841690684051388, "params": {"alphas0": 26.342743066509428, "alphas1": 25.51756597802227, "alphas10": 1.46439204882856, "alphas11": 28.748589323282232, "alphas12": 28.134899142926496, "alphas13": 20.978262818199525, "alphas2": 29.840248707929042, "alphas3": 25.809072333186627, "alphas4": 22.362481519440898, "alphas5": 23.69406754154308, "alphas6": 0.6441289942084671, "alphas7": 6.273471603714236, "alphas8": 0.6610736577709764, "alphas9": 5.502441364752629}, "datetime": {"datetime": "2018-12-15 19:25:26", "elapsed": 93.776829, "delta": 25.031938}}
{"target": 0.06738710799319717, "params": {"alphas0": 29.983268669307666, "alphas1": 1.373455239195126, "alphas10": 29.60432223670891, "alphas11": 23.31893920610392, "alphas12": 28.74844245671334, "alphas13": 27.03908808409972, "alphas2": 6.507166429969572, "alphas3": 0.2499398970668354, "alphas4": 27.98228576518213, "alphas5": 8.427427517253284, "alphas6": 28.58014551877977, "alphas7": 19.688593663648962, "alphas8": 5.028991827324796, "alphas9": 0.3804388321338126}, "datetime": {"datetime": "2018-12-15 19:25:53", "elapsed": 119.934761, "delta": 26.157932}}
{"target": 0.06818505262660608, "params": {"alphas0": 28.20142289893355, "alphas1": 29.042034977582894, "alphas10": 13.660316224683763, "alphas11": 7.883013998140164, "alphas12": 23.972284952793178, "alphas13": 28.5253237206889, "alphas2": 28.518367989821716, "alphas3": 3.02788186075468, "alphas4": 18.491696763209887, "alphas5": 28.22407527627414, "alphas6": 2.9177880621066232, "alphas7": 1.7651913337814173, "alphas8": 28.2836270111208, "alphas9": 29.1931566467079}, "datetime": {"datetime": "2018-12-15 19:26:20", "elapsed": 147.012373, "delta": 27.077612}}
{"target": 0.06816582999496082, "params": {"alphas0": 29.840600023163802, "alphas1": 27.685590321921904, "alphas10": 9.224442422695024, "alphas11": 1.6884453683474088, "alphas12": 26.695173310524, "alphas13": 22.847894279075355, "alphas2": 25.508381903834128, "alphas3": 0.09350358024281524, "alphas4": 29.39085960241059, "alphas5": 0.2704487394330357, "alphas6": 21.84655946497611, "alphas7": 27.787654579351887, "alphas8": 3.0004509865260633, "alphas9": 0.9512733925418837}, "datetime": {"datetime": "2018-12-15 19:26:47", "elapsed": 173.971444, "delta": 26.959071}}
{"target": 0.06981591619425538, "params": {"alphas0": 11.881751528957485, "alphas1": 29.233968632343863, "alphas10": 1.2502246666926253, "alphas11": 27.30031838662167, "alphas12": 8.469636889125432, "alphas13": 26.884198338665126, "alphas2": 29.998991403027613, "alphas3": 0.19916112729308266, "alphas4": 1.6766290050216437, "alphas5": 29.54748029591992, "alphas6": 10.872895833922454, "alphas7": 1.636903701042055, "alphas8": 6.764928540134663, "alphas9": 23.285876796672866}, "datetime": {"datetime": "2018-12-15 19:27:13", "elapsed": 200.523263, "delta": 26.551819}}
{"target": 0.06435691899722834, "params": {"alphas0": 29.568658307493223, "alphas1": 29.975834350897202, "alphas10": 0.1748487543935151, "alphas11": 27.642228560816772, "alphas12": 0.7857818406447026, "alphas13": 27.383467345165514, "alphas2": 29.57688351419617, "alphas3": 2.1646434726294284, "alphas4": 12.843246821058207, "alphas5": 22.212075614101515, "alphas6": 14.29396995228246, "alphas7": 11.67703410236223, "alphas8": 0.062334420447547334, "alphas9": 2.170301361075845}, "datetime": {"datetime": "2018-12-15 19:27:39", "elapsed": 226.53585, "delta": 26.012587}}
{"target": 0.06577151618795654, "params": {"alphas0": 0.3988634994612805, "alphas1": 4.040940083348195, "alphas10": 26.070561121346756, "alphas11": 3.814907082311969, "alphas12": 29.936288825263873, "alphas13": 8.524317480509666, "alphas2": 28.885526360292243, "alphas3": 0.6989327024470793, "alphas4": 2.8297886920216797, "alphas5": 29.974578050578895, "alphas6": 17.46559355601431, "alphas7": 0.2243982711522563, "alphas8": 28.32858236901132, "alphas9": 7.494933222097933}, "datetime": {"datetime": "2018-12-15 19:28:06", "elapsed": 252.934459, "delta": 26.398609}}
{"target": 0.07038281075207842, "params": {"alphas0": 25.70960552415591, "alphas1": 7.652913020228191, "alphas10": 6.25252960060667, "alphas11": 2.3847584665294863, "alphas12": 29.358702770657445, "alphas13": 29.84307625492696, "alphas2": 23.784165398153227, "alphas3": 29.15788780906737, "alphas4": 15.920969647888544, "alphas5": 25.88597733971259, "alphas6": 0.4971599420927353, "alphas7": 26.905472267253902, "alphas8": 0.7637919318887454, "alphas9": 26.74340965102319}, "datetime": {"datetime": "2018-12-15 19:28:38", "elapsed": 285.097455, "delta": 32.162996}}
{"target": 0.06901014767573686, "params": {"alphas0": 25.48892245946699, "alphas1": 29.99007378205473, "alphas10": 21.936543670982353, "alphas11": 18.243636849618873, "alphas12": 24.94194591810612, "alphas13": 22.729476041710832, "alphas2": 22.09489818947229, "alphas3": 28.807326381914226, "alphas4": 20.7628693542756, "alphas5": 23.627003387789344, "alphas6": 29.47712079019263, "alphas7": 29.69739900438185, "alphas8": 2.844973779367108, "alphas9": 29.63332131826886}, "datetime": {"datetime": "2018-12-15 19:29:04", "elapsed": 311.661397, "delta": 26.563942}}
{"target": 0.068714368701184, "params": {"alphas0": 20.80020473254628, "alphas1": 29.830088147520893, "alphas10": 2.0905127938773935, "alphas11": 1.2367153794429309, "alphas12": 23.64124578248071, "alphas13": 28.45412652289936, "alphas2": 1.6630697075361534, "alphas3": 15.092326123208142, "alphas4": 23.51294793745228, "alphas5": 28.789254150998158, "alphas6": 0.6339341824999767, "alphas7": 28.511175755086914, "alphas8": 25.47494075510169, "alphas9": 22.184033038819475}, "datetime": {"datetime": "2018-12-15 19:29:32", "elapsed": 338.899505, "delta": 27.238108}}
{"target": 0.07079055067397322, "params": {"alphas0": 28.834032363277608, "alphas1": 8.585752005237076, "alphas10": 3.2744756322520665, "alphas11": 29.749547347116177, "alphas12": 23.84949056054257, "alphas13": 29.15018716645324, "alphas2": 26.851710903772176, "alphas3": 23.545828945017707, "alphas4": 29.099005497029356, "alphas5": 2.27760520707624, "alphas6": 26.277284586227523, "alphas7": 29.665249475778083, "alphas8": 0.6684482915351098, "alphas9": 28.875079223427196}, "datetime": {"datetime": "2018-12-15 19:30:05", "elapsed": 372.251589, "delta": 33.352084}}
{"target": 0.07107257133408908, "params": {"alphas0": 20.07849132694408, "alphas1": 8.818869475977248, "alphas10": 1.0831842754092724, "alphas11": 8.708827418040647, "alphas12": 29.353453175916776, "alphas13": 28.279119796940435, "alphas2": 25.30017999220034, "alphas3": 27.314264457947488, "alphas4": 5.749114602820856, "alphas5": 23.484143975198446, "alphas6": 24.921886237139837, "alphas7": 26.345994934459586, "alphas8": 0.979592081647459, "alphas9": 24.15154390213944}, "datetime": {"datetime": "2018-12-15 19:30:36", "elapsed": 403.80996, "delta": 31.558371}}
{"target": 0.07032599023683526, "params": {"alphas0": 29.28828093247228, "alphas1": 2.8397272547277366, "alphas10": 4.972951673703551, "alphas11": 26.7040695506609, "alphas12": 29.369680790669136, "alphas13": 28.803047064095896, "alphas2": 0.26664425382055934, "alphas3": 14.571706194612652, "alphas4": 3.8081902185111396, "alphas5": 26.13083204275374, "alphas6": 25.20601898169536, "alphas7": 28.295450963278387, "alphas8": 1.5917130114202072, "alphas9": 23.341999972922242}, "datetime": {"datetime": "2018-12-15 19:31:04", "elapsed": 431.296592, "delta": 27.486632}}
{"target": 0.0710954001637691, "params": {"alphas0": 13.473493010263638, "alphas1": 1.643049076163552, "alphas10": 0.3864438861574815, "alphas11": 29.149479511391785, "alphas12": 29.389602808379333, "alphas13": 15.588980056775391, "alphas2": 27.877804817508544, "alphas3": 11.800594562940233, "alphas4": 7.690299044103838, "alphas5": 21.57880343886704, "alphas6": 6.355241667152459, "alphas7": 28.458517085894208, "alphas8": 1.8988996295553917, "alphas9": 27.546161387705045}, "datetime": {"datetime": "2018-12-15 19:31:36", "elapsed": 462.855612, "delta": 31.55902}}
{"target": 0.06801351936885852, "params": {"alphas0": 28.338340130648707, "alphas1": 5.8122599264366634, "alphas10": 1.434742422772508, "alphas11": 29.09992043161711, "alphas12": 26.70844488515571, "alphas13": 27.55925627932168, "alphas2": 29.11238406662084, "alphas3": 14.410020117121586, "alphas4": 1.000780859141287, "alphas5": 22.893852647392208, "alphas6": 14.74820576278402, "alphas7": 25.91611922657187, "alphas8": 27.780919486615026, "alphas9": 28.362695628947225}, "datetime": {"datetime": "2018-12-15 19:32:02", "elapsed": 489.752839, "delta": 26.897227}}
{"target": 0.06915268282312914, "params": {"alphas0": 29.957207176139455, "alphas1": 9.02197414047146, "alphas10": 10.673190180121312, "alphas11": 14.345213962821623, "alphas12": 27.825285165662997, "alphas13": 2.9648104248388507, "alphas2": 26.3163704013408, "alphas3": 27.58837120385305, "alphas4": 4.587074024461665, "alphas5": 0.7474623017428417, "alphas6": 13.616236409955928, "alphas7": 29.99570469077606, "alphas8": 0.8622802737616642, "alphas9": 26.359700716294515}, "datetime": {"datetime": "2018-12-15 19:32:28", "elapsed": 515.431718, "delta": 25.678879}}
{"target": 0.07073190992693353, "params": {"alphas0": 0.4862722052061519, "alphas1": 12.302661692180486, "alphas10": 0.26317770102386007, "alphas11": 29.25714575344283, "alphas12": 24.527453863472815, "alphas13": 28.58488868120427, "alphas2": 27.8116430022435, "alphas3": 17.85915951936595, "alphas4": 6.74945103233804, "alphas5": 17.94755698644508, "alphas6": 28.82044814916321, "alphas7": 28.31880948940638, "alphas8": 2.6275406778336086, "alphas9": 28.342405599155125}, "datetime": {"datetime": "2018-12-15 19:32:55", "elapsed": 542.584653, "delta": 27.152935}}
{"target": 0.0711147720143611, "params": {"alphas0": 1.701775773024089, "alphas1": 20.840374196187476, "alphas10": 1.0988973589670625, "alphas11": 21.332336342727185, "alphas12": 28.55105569182652, "alphas13": 21.6980146299268, "alphas2": 26.768542916775274, "alphas3": 27.65541895293702, "alphas4": 2.137011522150618, "alphas5": 26.977709277552442, "alphas6": 27.955736443769183, "alphas7": 27.7678467641045, "alphas8": 4.583688469582253, "alphas9": 24.414008921152433}, "datetime": {"datetime": "2018-12-15 19:33:27", "elapsed": 574.089495, "delta": 31.504842}}
{"target": 0.0698787979969764, "params": {"alphas0": 3.3033859801011434, "alphas1": 12.884822928410022, "alphas10": 5.876384537102096, "alphas11": 3.8219722772565645, "alphas12": 24.086987762811006, "alphas13": 29.603026446524165, "alphas2": 26.09189608460351, "alphas3": 29.71066036724807, "alphas4": 10.757787086669248, "alphas5": 27.187585928821928, "alphas6": 15.616953881579683, "alphas7": 29.196172023251915, "alphas8": 0.8470967577794619, "alphas9": 29.190936882882895}, "datetime": {"datetime": "2018-12-15 19:33:53", "elapsed": 600.702056, "delta": 26.612561}}
{"target": 0.06995587846434874, "params": {"alphas0": 8.55485519411445, "alphas1": 1.1689823230955443, "alphas10": 0.1126860416442177, "alphas11": 1.4201850111735548, "alphas12": 25.9858992641181, "alphas13": 27.55823560810122, "alphas2": 26.151864737838803, "alphas3": 2.3455153994306457, "alphas4": 24.440747760435716, "alphas5": 26.548818667525477, "alphas6": 13.96488227195655, "alphas7": 26.966246576793726, "alphas8": 7.2852247343498036, "alphas9": 27.36530984617128}, "datetime": {"datetime": "2018-12-15 19:34:20", "elapsed": 627.020567, "delta": 26.318511}}
{"target": 0.06934263586545722, "params": {"alphas0": 13.22684324782198, "alphas1": 3.947746811805828, "alphas10": 6.357498958472209, "alphas11": 0.5335956677651976, "alphas12": 29.08685431596457, "alphas13": 22.392859967192784, "alphas2": 0.10859113425647271, "alphas3": 10.30028898150463, "alphas4": 8.303329280672084, "alphas5": 26.417291664804342, "alphas6": 25.16833413210836, "alphas7": 28.886929801924367, "alphas8": 0.5454079444222559, "alphas9": 27.507400498708517}, "datetime": {"datetime": "2018-12-15 19:34:46", "elapsed": 653.114235, "delta": 26.093668}}
{"target": 0.06830159454522527, "params": {"alphas0": 8.777794725892704, "alphas1": 8.712491591223072, "alphas10": 22.59725651209086, "alphas11": 28.751336552840286, "alphas12": 23.452481284964545, "alphas13": 29.938815701410515, "alphas2": 20.256374641312565, "alphas3": 28.853124706921626, "alphas4": 5.245231427774243, "alphas5": 25.9738028083057, "alphas6": 1.8381380749771425, "alphas7": 29.899816550589485, "alphas8": 3.5538967270110247, "alphas9": 29.748247811344527}, "datetime": {"datetime": "2018-12-15 19:35:12", "elapsed": 679.597211, "delta": 26.482976}}
{"target": 0.07035028795036512, "params": {"alphas0": 27.186075865708002, "alphas1": 12.14103403816247, "alphas10": 1.4414727334275612, "alphas11": 22.391118226307988, "alphas12": 25.503539614977964, "alphas13": 27.87273248632871, "alphas2": 14.70166285444359, "alphas3": 26.71052788566518, "alphas4": 5.166977543061498, "alphas5": 15.84510050264843, "alphas6": 27.965016660416964, "alphas7": 29.3250497913152, "alphas8": 0.10394877351917797, "alphas9": 29.009411215165166}, "datetime": {"datetime": "2018-12-15 19:35:38", "elapsed": 705.502015, "delta": 25.904804}}
{"target": 0.07061016644620798, "params": {"alphas0": 18.420691745448256, "alphas1": 23.40604476863496, "alphas10": 1.5033520785479437, "alphas11": 14.044538082881811, "alphas12": 29.577460781826787, "alphas13": 5.933192567598646, "alphas2": 23.97822044538954, "alphas3": 27.218957169449546, "alphas4": 26.937132503136066, "alphas5": 28.623066637602598, "alphas6": 29.18481616418979, "alphas7": 22.417651102940752, "alphas8": 2.4867263392087247, "alphas9": 24.582187809504326}, "datetime": {"datetime": "2018-12-15 19:36:04", "elapsed": 731.453081, "delta": 25.951066}}
{"target": 0.06992389619551523, "params": {"alphas0": 28.21017864093269, "alphas1": 10.707220330296474, "alphas10": 0.3917911089538295, "alphas11": 26.171229977240483, "alphas12": 29.241346247531432, "alphas13": 2.9015704164771328, "alphas2": 27.57309792996764, "alphas3": 25.486744972432415, "alphas4": 13.877465492909785, "alphas5": 27.687982347677146, "alphas6": 29.488391355724087, "alphas7": 29.36979437625213, "alphas8": 15.082979375905825, "alphas9": 28.761043250930747}, "datetime": {"datetime": "2018-12-15 19:36:29", "elapsed": 756.645317, "delta": 25.192236}}
{"target": 0.07039558730158704, "params": {"alphas0": 2.1548711858540557, "alphas1": 22.401655633247238, "alphas10": 6.364495146747828, "alphas11": 28.25857516151185, "alphas12": 28.93196431445028, "alphas13": 25.57554124430512, "alphas2": 22.63829815193785, "alphas3": 28.238970730364098, "alphas4": 12.588423845029666, "alphas5": 28.19073945069183, "alphas6": 29.774672553837462, "alphas7": 28.940805972893987, "alphas8": 2.132513583072458, "alphas9": 21.273685527093622}, "datetime": {"datetime": "2018-12-15 19:36:55", "elapsed": 782.786176, "delta": 26.140859}}
{"target": 0.07055693036659089, "params": {"alphas0": 4.521638867051996, "alphas1": 26.78027748733603, "alphas10": 3.017685336157685, "alphas11": 18.450345009667465, "alphas12": 27.77174788568983, "alphas13": 25.04483722955371, "alphas2": 5.546529082005196, "alphas3": 29.44441989340731, "alphas4": 16.337194787584636, "alphas5": 28.52707161801393, "alphas6": 11.570436624029094, "alphas7": 27.79454061542692, "alphas8": 0.7078342901796031, "alphas9": 25.47556923339843}, "datetime": {"datetime": "2018-12-15 19:37:23", "elapsed": 810.650695, "delta": 27.864519}}
