{"target": 0.07056700422020647, "params": {"alphas0": 14.22394294783156, "alphas1": 2.2169390305053827, "alphas10": 4.0843643735462525, "alphas11": 14.727787043643389, "alphas12": 26.46087409865946, "alphas13": 27.16719532287682, "alphas2": 28.70985358483586, "alphas3": 16.535627423192132, "alphas4": 23.404131162956023, "alphas5": 28.638528495145824, "alphas6": 26.818389617086492, "alphas7": 26.243908192176313, "alphas8": 1.1027365152401414, "alphas9": 28.553587214167276}, "datetime": {"datetime": "2018-12-15 19:37:51", "elapsed": 838.119843, "delta": 27.469148}}
{"target": 0.06821671179768189, "params": {"alphas0": 9.864959687036412, "alphas1": 26.560706488921205, "alphas10": 28.493416202840493, "alphas11": 4.398812446315082, "alphas12": 23.764075333271272, "alphas13": 27.47795277145298, "alphas2": 28.217851664580106, "alphas3": 29.760931586327445, "alphas4": 3.615011895512753, "alphas5": 28.706975760950797, "alphas6": 28.97731768535793, "alphas7": 27.497064686752957, "alphas8": 2.8756186498326555, "alphas9": 24.497125549436404}, "datetime": {"datetime": "2018-12-15 19:38:18", "elapsed": 865.012342, "delta": 26.892499}}
{"target": 0.07023451927437628, "params": {"alphas0": 3.3469438050219367, "alphas1": 23.757146945988726, "alphas10": 3.919720679243124, "alphas11": 5.014726863938613, "alphas12": 28.284709797815964, "alphas13": 29.67413256986947, "alphas2": 3.335335368800499, "alphas3": 29.489983542848556, "alphas4": 6.467692236607853, "alphas5": 2.033986422015989, "alphas6": 8.74818803725612, "alphas7": 29.266512174519914, "alphas8": 0.9011555586402031, "alphas9": 29.365483025482504}, "datetime": {"datetime": "2018-12-15 19:38:46", "elapsed": 892.934291, "delta": 27.921949}}
{"target": 0.07001450485008805, "params": {"alphas0": 6.878219591366339, "alphas1": 2.483360664819646, "alphas10": 0.17717517657880322, "alphas11": 21.018326702589203, "alphas12": 29.080337624795977, "alphas13": 25.16025857640932, "alphas2": 7.760195161569533, "alphas3": 22.34217483949206, "alphas4": 27.27774154856008, "alphas5": 19.15938413764218, "alphas6": 1.6459827324426712, "alphas7": 29.907939209765974, "alphas8": 0.101622502162243, "alphas9": 29.939009711970304}, "datetime": {"datetime": "2018-12-15 19:39:13", "elapsed": 920.424979, "delta": 27.490688}}
{"target": 0.06918297804862673, "params": {"alphas0": 7.303583865926342, "alphas1": 4.409957309054366, "alphas10": 9.084494096087033, "alphas11": 29.137616885949992, "alphas12": 27.12527388306483, "alphas13": 29.81111562352151, "alphas2": 22.4980239783405, "alphas3": 26.83766399638139, "alphas4": 26.903971423218113, "alphas5": 3.0336675567550064, "alphas6": 26.86806987303326, "alphas7": 28.94455221561413, "alphas8": 1.2395666613300693, "alphas9": 28.868676884594045}, "datetime": {"datetime": "2018-12-15 19:39:39", "elapsed": 946.182148, "delta": 25.757169}}
{"target": 0.07056306276769951, "params": {"alphas0": 28.479506719429676, "alphas1": 11.320809699544075, "alphas10": 1.3500054226065616, "alphas11": 3.9315014781770676, "alphas12": 29.219080772615005, "alphas13": 29.92180188901618, "alphas2": 0.6869637514100813, "alphas3": 9.211499075830265, "alphas4": 0.29191667816544586, "alphas5": 26.19597474378068, "alphas6": 16.90468491025134, "alphas7": 24.47174259819863, "alphas8": 2.322872377056494, "alphas9": 29.96390451778164}, "datetime": {"datetime": "2018-12-15 19:40:06", "elapsed": 973.791689, "delta": 27.609541}}
{"target": 0.07087122499370099, "params": {"alphas0": 13.785377340840437, "alphas1": 2.7147713297625686, "alphas10": 2.598558494848955, "alphas11": 4.161692391608552, "alphas12": 29.81323528084632, "alphas13": 26.41538695066941, "alphas2": 29.138617322991635, "alphas3": 20.99400881871044, "alphas4": 28.404566755106387, "alphas5": 28.953436307460425, "alphas6": 2.4591748127750748, "alphas7": 27.82047138778958, "alphas8": 0.5088118256058372, "alphas9": 21.005744268041656}, "datetime": {"datetime": "2018-12-15 19:40:34", "elapsed": 1001.109854, "delta": 27.318165}}
{"target": 0.06816937525195256, "params": {"alphas0": 1.0889146673809058, "alphas1": 18.80631602685753, "alphas10": 0.28719651671953894, "alphas11": 29.48264215606675, "alphas12": 29.505107762293648, "alphas13": 27.29015809170629, "alphas2": 10.478407690508448, "alphas3": 29.58660441882843, "alphas4": 25.15078590531102, "alphas5": 27.82915410369527, "alphas6": 16.159549878902187, "alphas7": 29.632750674699853, "alphas8": 21.364736294843578, "alphas9": 28.959746792465705}, "datetime": {"datetime": "2018-12-15 19:41:01", "elapsed": 1028.382485, "delta": 27.272631}}
{"target": 0.07037030561854353, "params": {"alphas0": 15.240331206357581, "alphas1": 14.132153878917158, "alphas10": 1.601014367227831, "alphas11": 4.626996282327683, "alphas12": 28.915578248006078, "alphas13": 3.5573342229800664, "alphas2": 5.474086638979757, "alphas3": 29.662128069295225, "alphas4": 6.847789045493995, "alphas5": 26.088542393935388, "alphas6": 4.73953870196053, "alphas7": 28.071941352426826, "alphas8": 0.9501017404144618, "alphas9": 22.900235161220042}, "datetime": {"datetime": "2018-12-15 19:41:28", "elapsed": 1055.665502, "delta": 27.283017}}
{"target": 0.07093306396447464, "params": {"alphas0": 22.47606041352318, "alphas1": 11.212307980499212, "alphas10": 0.11310804337541724, "alphas11": 1.4726351357743483, "alphas12": 25.91075245046677, "alphas13": 3.2472599915253806, "alphas2": 27.89813039111445, "alphas3": 25.65861520733129, "alphas4": 9.26589178605239, "alphas5": 20.963857154071214, "alphas6": 19.12522390422533, "alphas7": 29.753740665258412, "alphas8": 3.519724973355637, "alphas9": 25.44815357293997}, "datetime": {"datetime": "2018-12-15 19:41:56", "elapsed": 1082.859339, "delta": 27.193837}}
{"target": 0.07095707756991684, "params": {"alphas0": 18.468267595840533, "alphas1": 0.40032540075946366, "alphas10": 0.40604939779343097, "alphas11": 0.9352424762508182, "alphas12": 29.24715439619142, "alphas13": 23.186760909368772, "alphas2": 28.617250505720584, "alphas3": 27.453594754263108, "alphas4": 1.6719617886185734, "alphas5": 6.8386624270039995, "alphas6": 28.156617373980644, "alphas7": 26.097693449959447, "alphas8": 3.6509385617329437, "alphas9": 27.178544624680615}, "datetime": {"datetime": "2018-12-15 19:42:23", "elapsed": 1110.613598, "delta": 27.754259}}
{"target": 0.07080957240488771, "params": {"alphas0": 25.266605757451288, "alphas1": 0.478896111359014, "alphas10": 3.8130464947494804, "alphas11": 9.254881393709507, "alphas12": 27.521382097935703, "alphas13": 23.579690119522283, "alphas2": 28.181410290938327, "alphas3": 28.973659253814198, "alphas4": 23.23202836986943, "alphas5": 21.843655096502413, "alphas6": 27.985752835007254, "alphas7": 29.11893367435997, "alphas8": 2.943564515854015, "alphas9": 28.559651224567652}, "datetime": {"datetime": "2018-12-15 19:42:51", "elapsed": 1138.472011, "delta": 27.858413}}
{"target": 0.06962992850844026, "params": {"alphas0": 22.50387921808598, "alphas1": 16.009231171776655, "alphas10": 3.035485684328397, "alphas11": 0.5261988240280735, "alphas12": 26.50128283086806, "alphas13": 0.1294411522385719, "alphas2": 26.88021268083392, "alphas3": 29.595133720096, "alphas4": 5.244532765741515, "alphas5": 7.787482656244849, "alphas6": 13.258710045866662, "alphas7": 29.268058105690084, "alphas8": 0.5776148913647217, "alphas9": 21.219958233759574}, "datetime": {"datetime": "2018-12-15 19:43:19", "elapsed": 1165.932369, "delta": 27.460358}}
{"target": 0.06993498044217676, "params": {"alphas0": 26.14290066313128, "alphas1": 12.742468974671047, "alphas10": 0.7383568558081188, "alphas11": 7.525089980771018, "alphas12": 28.399001927473588, "alphas13": 5.467814207390047, "alphas2": 15.772857602894707, "alphas3": 10.262895992972112, "alphas4": 4.9265173653612155, "alphas5": 29.3832839768502, "alphas6": 1.075594329906907, "alphas7": 28.14652835561475, "alphas8": 0.6829687783130056, "alphas9": 29.9547883892208}, "datetime": {"datetime": "2018-12-15 19:43:47", "elapsed": 1194.169044, "delta": 28.236675}}
{"target": 0.07087877891156445, "params": {"alphas0": 29.404775807856204, "alphas1": 0.5816072705669284, "alphas10": 0.6387961973019918, "alphas11": 0.2704901537617954, "alphas12": 29.74553023875201, "alphas13": 9.337230392921288, "alphas2": 2.5704177200613074, "alphas3": 28.57147958612156, "alphas4": 25.279863513179393, "alphas5": 20.72976506734694, "alphas6": 17.559723266083104, "alphas7": 27.13357072934248, "alphas8": 3.261872892508192, "alphas9": 16.897746582950656}, "datetime": {"datetime": "2018-12-15 19:44:15", "elapsed": 1222.110868, "delta": 27.941824}}
{"target": 0.07093388495212892, "params": {"alphas0": 29.000145586477636, "alphas1": 7.81927865120265, "alphas10": 2.2305684466477738, "alphas11": 0.3614171430166324, "alphas12": 29.687375941598788, "alphas13": 25.079525481482502, "alphas2": 1.273681984747711, "alphas3": 27.781032684496303, "alphas4": 20.286295514152652, "alphas5": 29.304570704739398, "alphas6": 26.577444052371806, "alphas7": 24.04186386023044, "alphas8": 2.748719712948755, "alphas9": 29.531541963339414}, "datetime": {"datetime": "2018-12-15 19:44:43", "elapsed": 1249.894426, "delta": 27.783558}}
{"target": 0.07015222795414447, "params": {"alphas0": 28.835813163303754, "alphas1": 28.99660348996427, "alphas10": 2.7945627917302374, "alphas11": 0.5941103597521613, "alphas12": 29.556886508439497, "alphas13": 27.808876106838696, "alphas2": 5.9072382042682525, "alphas3": 27.092655317967598, "alphas4": 23.030650327197744, "alphas5": 27.229074846804128, "alphas6": 29.670424640504116, "alphas7": 19.57784788588887, "alphas8": 1.5632050844829237, "alphas9": 28.141427692816084}, "datetime": {"datetime": "2018-12-15 19:45:11", "elapsed": 1278.354858, "delta": 28.460432}}
{"target": 0.0712801365268328, "params": {"alphas0": 7.998725735700241, "alphas1": 15.73399978255159, "alphas10": 0.8515205994545016, "alphas11": 2.625831360659908, "alphas12": 28.440823993985163, "alphas13": 26.769900235567164, "alphas2": 27.38283242912795, "alphas3": 25.9099733936451, "alphas4": 28.724607747078206, "alphas5": 29.352858251656627, "alphas6": 18.912305019962716, "alphas7": 21.577187390136135, "alphas8": 3.363820160635409, "alphas9": 29.723531352891218}, "datetime": {"datetime": "2018-12-15 19:45:45", "elapsed": 1312.59931, "delta": 34.244452}}
{"target": 0.07027317476064494, "params": {"alphas0": 28.831485616772735, "alphas1": 0.40383949908713856, "alphas10": 7.415490093119976, "alphas11": 3.650847099500869, "alphas12": 28.35688703755964, "alphas13": 20.902362737445046, "alphas2": 29.975500221397738, "alphas3": 29.58106736601901, "alphas4": 24.515441485751985, "alphas5": 29.001563836029458, "alphas6": 15.493439253225947, "alphas7": 25.07341924380605, "alphas8": 3.2427225809372207, "alphas9": 26.770335100555272}, "datetime": {"datetime": "2018-12-15 19:46:13", "elapsed": 1340.230726, "delta": 27.631416}}
{"target": 0.06943289440035266, "params": {"alphas0": 5.0601616782439685, "alphas1": 0.1894754491274775, "alphas10": 0.5696301060491116, "alphas11": 2.079649517113534, "alphas12": 29.581735822747433, "alphas13": 18.88330549292822, "alphas2": 29.472388671593272, "alphas3": 26.70838379864685, "alphas4": 15.68131798832644, "alphas5": 10.766211467472885, "alphas6": 26.80598475150228, "alphas7": 27.688204200836715, "alphas8": 5.99191091430285, "alphas9": 28.255215681558006}, "datetime": {"datetime": "2018-12-15 19:46:42", "elapsed": 1368.995586, "delta": 28.76486}}
{"target": 0.07028134388384959, "params": {"alphas0": 28.90926226821188, "alphas1": 9.198885326467646, "alphas10": 3.2748462549051105, "alphas11": 9.28702750267127, "alphas12": 27.638773183955788, "alphas13": 29.133392096101772, "alphas2": 3.330324074468617, "alphas3": 19.648134568825345, "alphas4": 13.493937679649006, "alphas5": 28.881233616466005, "alphas6": 19.600209283661574, "alphas7": 29.04464325220209, "alphas8": 0.2579821334711352, "alphas9": 27.266740652758426}, "datetime": {"datetime": "2018-12-15 19:47:11", "elapsed": 1398.651522, "delta": 29.655936}}
{"target": 0.07073116899722834, "params": {"alphas0": 16.723061997882514, "alphas1": 2.5945782039444945, "alphas10": 1.2808414859923023, "alphas11": 1.9445271585384971, "alphas12": 29.256916512398664, "alphas13": 24.638237959726407, "alphas2": 23.82473836833021, "alphas3": 0.35900581400245324, "alphas4": 29.49266327495596, "alphas5": 26.691116711013876, "alphas6": 25.45357366057723, "alphas7": 24.63461556718389, "alphas8": 3.9817070602984983, "alphas9": 29.89981597615627}, "datetime": {"datetime": "2018-12-15 19:47:39", "elapsed": 1425.915839, "delta": 27.264317}}
{"target": 0.07084948242630376, "params": {"alphas0": 23.393889452527187, "alphas1": 2.685923144915594, "alphas10": 1.780292558771609, "alphas11": 2.347566413645711, "alphas12": 20.088505311231952, "alphas13": 0.304634997734341, "alphas2": 23.832064782726118, "alphas3": 26.275489068468907, "alphas4": 16.64910054143629, "alphas5": 26.759219187692686, "alphas6": 0.08407701628317832, "alphas7": 28.178328132720505, "alphas8": 2.4715022651698426, "alphas9": 28.73131242082064}, "datetime": {"datetime": "2018-12-15 19:48:05", "elapsed": 1452.18969, "delta": 26.273851}}
{"target": 0.07110076521164001, "params": {"alphas0": 14.6552539325576, "alphas1": 17.60294053497128, "alphas10": 0.9865125279456521, "alphas11": 1.507128641095583, "alphas12": 22.648132685906315, "alphas13": 29.443829773578504, "alphas2": 29.803371012435402, "alphas3": 6.359195532312674, "alphas4": 23.786140243831337, "alphas5": 29.98138010504751, "alphas6": 2.7337666465870223, "alphas7": 29.346831828144797, "alphas8": 2.8566278290280476, "alphas9": 27.63126077885393}, "datetime": {"datetime": "2018-12-15 19:48:32", "elapsed": 1479.610895, "delta": 27.421205}}
{"target": 0.06926069208238846, "params": {"alphas0": 0.615042758482317, "alphas1": 1.5102225234571343, "alphas10": 1.558545583062706, "alphas11": 19.88157642240138, "alphas12": 26.675886196365656, "alphas13": 28.53885912342344, "alphas2": 27.047760761472734, "alphas3": 22.318116810021802, "alphas4": 28.94709172411151, "alphas5": 22.36508346459589, "alphas6": 28.53640723918151, "alphas7": 29.77803436804059, "alphas8": 2.085061771100618, "alphas9": 28.81072738689434}, "datetime": {"datetime": "2018-12-15 19:49:00", "elapsed": 1507.28456, "delta": 27.673665}}
{"target": 0.06940497899344915, "params": {"alphas0": 15.349499755833683, "alphas1": 0.6364394804850371, "alphas10": 5.087558162303566, "alphas11": 5.740124018901746, "alphas12": 26.381545787324153, "alphas13": 1.2969320208205515, "alphas2": 0.14866066662861166, "alphas3": 0.04862887696104101, "alphas4": 2.1833559877431763, "alphas5": 28.2818848950805, "alphas6": 4.610976821434335, "alphas7": 29.649915669772692, "alphas8": 2.8332743744497746, "alphas9": 26.21143110694911}, "datetime": {"datetime": "2018-12-15 19:49:27", "elapsed": 1534.546389, "delta": 27.261829}}
{"target": 0.07081789600655074, "params": {"alphas0": 28.71871906443453, "alphas1": 6.293595436148331, "alphas10": 2.352416005750515, "alphas11": 11.815062340391144, "alphas12": 29.717682172559076, "alphas13": 1.1618582616289719, "alphas2": 26.18868274760104, "alphas3": 24.995106471452004, "alphas4": 24.329923282944492, "alphas5": 27.340199643236932, "alphas6": 3.1433549304752972, "alphas7": 29.168465563297865, "alphas8": 4.124249606698189, "alphas9": 29.122738909129186}, "datetime": {"datetime": "2018-12-15 19:49:55", "elapsed": 1562.485795, "delta": 27.939406}}
{"target": 0.07066310802469135, "params": {"alphas0": 22.471854840430023, "alphas1": 29.743049237310263, "alphas10": 0.015164586846037054, "alphas11": 6.804492610491362, "alphas12": 27.94708269238379, "alphas13": 19.0812845301807, "alphas2": 23.17428062161893, "alphas3": 25.761151676222273, "alphas4": 21.276975145681483, "alphas5": 9.83721697406022, "alphas6": 20.741207163816565, "alphas7": 28.934777875144615, "alphas8": 1.957079872001024, "alphas9": 28.798910417928795}, "datetime": {"datetime": "2018-12-15 19:50:24", "elapsed": 1591.795463, "delta": 29.309668}}
{"target": 0.0695670298878809, "params": {"alphas0": 29.160922137228965, "alphas1": 14.989607041609588, "alphas10": 4.66166461151281, "alphas11": 0.19676808097398135, "alphas12": 28.11710474224303, "alphas13": 5.361793395404191, "alphas2": 16.592293488302126, "alphas3": 18.584443263866678, "alphas4": 15.435311793613106, "alphas5": 28.632323002834827, "alphas6": 25.353519137069195, "alphas7": 26.381864048878246, "alphas8": 0.9751357188067089, "alphas9": 26.027638640104218}, "datetime": {"datetime": "2018-12-15 19:50:52", "elapsed": 1619.690958, "delta": 27.895495}}
{"target": 0.06873486844923142, "params": {"alphas0": 28.130878259541163, "alphas1": 24.953824578168977, "alphas10": 3.2049185856713116, "alphas11": 0.4087189200477881, "alphas12": 26.355593896192637, "alphas13": 9.349839025923627, "alphas2": 29.68885367951075, "alphas3": 3.4107091811877757, "alphas4": 7.763046292197417, "alphas5": 29.22229184695481, "alphas6": 4.4091775908759185, "alphas7": 27.533685161013217, "alphas8": 0.848483186184803, "alphas9": 29.358091557309944}, "datetime": {"datetime": "2018-12-15 19:51:21", "elapsed": 1648.211936, "delta": 28.520978}}
{"target": 0.0711178408289241, "params": {"alphas0": 27.423900220913644, "alphas1": 0.09352780502259073, "alphas10": 0.3914276271084738, "alphas11": 16.100233675444922, "alphas12": 27.466338928581628, "alphas13": 27.43546158517745, "alphas2": 11.218744336950715, "alphas3": 23.91038082776898, "alphas4": 25.064691444283884, "alphas5": 29.889908359402916, "alphas6": 2.4047304232160824, "alphas7": 1.4295839457372572, "alphas8": 1.6443153738310623, "alphas9": 29.268639296888367}, "datetime": {"datetime": "2018-12-15 19:51:49", "elapsed": 1676.236163, "delta": 28.024227}}
{"target": 0.07113041773746527, "params": {"alphas0": 28.318388965437197, "alphas1": 4.457658137201445, "alphas10": 3.3342572324144615, "alphas11": 26.56205626539996, "alphas12": 28.617656245948133, "alphas13": 29.901398717547732, "alphas2": 29.159303958668854, "alphas3": 9.480837247860487, "alphas4": 26.362202117592215, "alphas5": 26.591555709441877, "alphas6": 3.2080373260282746, "alphas7": 22.489023902982378, "alphas8": 2.374337674775976, "alphas9": 29.5783112960999}, "datetime": {"datetime": "2018-12-15 19:52:19", "elapsed": 1705.855384, "delta": 29.619221}}
{"target": 0.07082535115898199, "params": {"alphas0": 28.816001875157546, "alphas1": 16.288859761912164, "alphas10": 0.053067834836891814, "alphas11": 7.508706470086237, "alphas12": 19.58820296742886, "alphas13": 29.42864995766966, "alphas2": 6.004472929613362, "alphas3": 25.928010047931124, "alphas4": 27.411218379603376, "alphas5": 28.827759557950028, "alphas6": 26.932656839991026, "alphas7": 29.675776464289726, "alphas8": 0.38443393141492477, "alphas9": 29.91539854671532}, "datetime": {"datetime": "2018-12-15 19:52:48", "elapsed": 1734.86828, "delta": 29.012896}}
{"target": 0.07070453303728878, "params": {"alphas0": 23.14324653469212, "alphas1": 0.6165458599264684, "alphas10": 2.5205994040483715, "alphas11": 12.190000430032477, "alphas12": 26.128759354669878, "alphas13": 24.475911712195252, "alphas2": 26.404627156791452, "alphas3": 21.31750186693403, "alphas4": 29.102488316966223, "alphas5": 25.4037943125868, "alphas6": 19.188296240565517, "alphas7": 28.755596750418604, "alphas8": 1.0671710349588714, "alphas9": 24.78225267355825}, "datetime": {"datetime": "2018-12-15 19:53:15", "elapsed": 1762.677946, "delta": 27.809666}}
{"target": 0.07049040948601647, "params": {"alphas0": 28.82912110102085, "alphas1": 18.166616031202512, "alphas10": 0.374318937970346, "alphas11": 3.997324113587392, "alphas12": 29.360628670691213, "alphas13": 26.815128148781586, "alphas2": 13.388703059370126, "alphas3": 4.470669788279124, "alphas4": 24.043030643172557, "alphas5": 25.908856263170968, "alphas6": 27.214690006991237, "alphas7": 29.42050926937181, "alphas8": 0.6208450446003233, "alphas9": 29.77607514342472}, "datetime": {"datetime": "2018-12-15 19:53:44", "elapsed": 1791.569904, "delta": 28.891958}}
{"target": 0.07060348144998736, "params": {"alphas0": 27.401821131418316, "alphas1": 25.083708363906208, "alphas10": 0.7267835959624169, "alphas11": 8.965553798819242, "alphas12": 29.741027166542466, "alphas13": 23.29866160308245, "alphas2": 24.23872945234312, "alphas3": 27.661620683029298, "alphas4": 22.65337485022222, "alphas5": 25.311127774025852, "alphas6": 2.9229273585621462, "alphas7": 17.728146189918608, "alphas8": 2.82298199322619, "alphas9": 29.221083259462187}, "datetime": {"datetime": "2018-12-15 19:54:14", "elapsed": 1821.616875, "delta": 30.046971}}
{"target": 0.06995626042454, "params": {"alphas0": 18.850568451064056, "alphas1": 3.414657723902539, "alphas10": 4.865860836298817, "alphas11": 1.043241408585397, "alphas12": 29.35869034734987, "alphas13": 9.521018863393047, "alphas2": 8.111742371944374, "alphas3": 29.579343863926784, "alphas4": 29.000854937527432, "alphas5": 21.82560534671448, "alphas6": 29.23598823591401, "alphas7": 28.514303976746895, "alphas8": 2.780580472923039, "alphas9": 27.087526506131088}, "datetime": {"datetime": "2018-12-15 19:54:43", "elapsed": 1849.845897, "delta": 28.229022}}
{"target": 0.07090024244142083, "params": {"alphas0": 23.356161014105567, "alphas1": 4.729582100244075, "alphas10": 2.1872989632391135, "alphas11": 3.1488890018537385, "alphas12": 28.540453214287894, "alphas13": 12.75504107812788, "alphas2": 27.754755239390946, "alphas3": 22.1953607687992, "alphas4": 12.290847337315528, "alphas5": 29.08441384031252, "alphas6": 16.571531511711136, "alphas7": 28.783922857200604, "alphas8": 1.4291916541540362, "alphas9": 27.088215457405383}, "datetime": {"datetime": "2018-12-15 19:55:09", "elapsed": 1876.556748, "delta": 26.710851}}
