{"target": 0.07119711114260507, "params": {"alphas0": 19.70407624808801, "alphas1": 1.4394691312547714, "alphas10": 0.19315398129902017, "alphas11": 23.181769307146993, "alphas12": 29.01404022795072, "alphas13": 28.57695486455451, "alphas2": 19.242295370215732, "alphas3": 18.98461086414088, "alphas4": 12.309056979152675, "alphas5": 21.12163665701757, "alphas6": 3.163685551500489, "alphas7": 24.89281485046133, "alphas8": 1.2468187976470868, "alphas9": 29.002606842703777}, "datetime": {"datetime": "2018-12-15 19:55:39", "elapsed": 1905.932055, "delta": 29.375307}}
{"target": 0.07005018153187186, "params": {"alphas0": 28.41534340053586, "alphas1": 7.234573600035502, "alphas10": 1.6568506726304744, "alphas11": 26.856432181324834, "alphas12": 28.485459920305328, "alphas13": 28.94104453379935, "alphas2": 24.60257827387857, "alphas3": 5.148443243734069, "alphas4": 28.75136670404307, "alphas5": 15.566019840401315, "alphas6": 2.491076892051961, "alphas7": 6.192813177947089, "alphas8": 0.12279900137326716, "alphas9": 29.92864573984127}, "datetime": {"datetime": "2018-12-15 19:56:08", "elapsed": 1934.866173, "delta": 28.934118}}
{"target": 0.07099847373393794, "params": {"alphas0": 28.562172050486, "alphas1": 10.685271372548405, "alphas10": 2.2702748285388297, "alphas11": 4.614685849323502, "alphas12": 22.62656631255101, "alphas13": 25.1202143393105, "alphas2": 24.35851608780681, "alphas3": 28.74807744050723, "alphas4": 24.46312459137878, "alphas5": 22.94730541036693, "alphas6": 1.3725190041886948, "alphas7": 28.73728203589343, "alphas8": 3.767752368009978, "alphas9": 28.245840578951753}, "datetime": {"datetime": "2018-12-15 19:56:36", "elapsed": 1963.770859, "delta": 28.904686}}
{"target": 0.0709946021352985, "params": {"alphas0": 29.571104606909916, "alphas1": 6.796229139375772, "alphas10": 1.2792577472862399, "alphas11": 8.543299865040083, "alphas12": 29.020178686843792, "alphas13": 25.6867994394729, "alphas2": 26.689751892185207, "alphas3": 17.929045162500632, "alphas4": 1.1828495192359267, "alphas5": 27.711111563261497, "alphas6": 18.07041437400226, "alphas7": 21.615247654805405, "alphas8": 5.758601253241903, "alphas9": 28.88052594654076}, "datetime": {"datetime": "2018-12-15 19:57:04", "elapsed": 1991.64204, "delta": 27.871181}}
{"target": 0.07058164625850338, "params": {"alphas0": 19.589214965898517, "alphas1": 2.021569546219031, "alphas10": 0.7950086335031281, "alphas11": 4.689394968233662, "alphas12": 20.886698925664515, "alphas13": 23.890653706478616, "alphas2": 1.005116536955215, "alphas3": 29.530383205623142, "alphas4": 2.793120833477436, "alphas5": 20.224703625482853, "alphas6": 1.743099107528292, "alphas7": 6.156443921412384, "alphas8": 0.07258655375483869, "alphas9": 28.472847709844693}, "datetime": {"datetime": "2018-12-15 19:57:33", "elapsed": 2020.064018, "delta": 28.421978}}
{"target": 0.06985947534013587, "params": {"alphas0": 26.7842828564519, "alphas1": 1.0404710343768353, "alphas10": 9.6035635135709, "alphas11": 3.8213874323760297, "alphas12": 21.72749851767087, "alphas13": 24.28353802010548, "alphas2": 27.053870226998402, "alphas3": 27.978745271989418, "alphas4": 21.086675545347767, "alphas5": 6.508078706519887, "alphas6": 2.6110130588872273, "alphas7": 26.616646031619357, "alphas8": 0.48546222484295076, "alphas9": 29.05664795989592}, "datetime": {"datetime": "2018-12-15 19:58:01", "elapsed": 2048.437363, "delta": 28.373345}}
{"target": 0.07125350031494071, "params": {"alphas0": 22.313025144555173, "alphas1": 3.4902298286720326, "alphas10": 0.23574544017420207, "alphas11": 2.5915179452813586, "alphas12": 26.546158648947564, "alphas13": 27.764071306972415, "alphas2": 28.2861166063005, "alphas3": 23.656737690372527, "alphas4": 15.886137708338527, "alphas5": 28.13687366987862, "alphas6": 20.474109711551534, "alphas7": 19.490245989292074, "alphas8": 1.998917485354913, "alphas9": 7.1936794021224815}, "datetime": {"datetime": "2018-12-15 19:58:30", "elapsed": 2077.35718, "delta": 28.919817}}
{"target": 0.06982516370622303, "params": {"alphas0": 4.069529520517632, "alphas1": 0.6663797090769941, "alphas10": 0.4307877474396016, "alphas11": 2.368895944570096, "alphas12": 29.327756542980367, "alphas13": 29.703511851016017, "alphas2": 18.1722173487438, "alphas3": 28.69177029439555, "alphas4": 14.010590377772642, "alphas5": 24.550006134855142, "alphas6": 9.015421461763848, "alphas7": 17.093859000169005, "alphas8": 1.3899664393291145, "alphas9": 6.7211088550672855}, "datetime": {"datetime": "2018-12-15 19:58:59", "elapsed": 2106.460018, "delta": 29.102838}}
{"target": 0.07084422691484005, "params": {"alphas0": 28.090519807272862, "alphas1": 4.260585082872844, "alphas10": 0.4430720844914571, "alphas11": 4.979371611605212, "alphas12": 24.290086245396353, "alphas13": 26.03945492050792, "alphas2": 16.40905388614237, "alphas3": 28.20645922763221, "alphas4": 22.76917584132685, "alphas5": 26.822412908698787, "alphas6": 2.311998813682478, "alphas7": 29.183537459688317, "alphas8": 10.134346471545577, "alphas9": 25.716479683424776}, "datetime": {"datetime": "2018-12-15 19:59:29", "elapsed": 2136.426842, "delta": 29.966824}}
{"target": 0.07045539351851852, "params": {"alphas0": 28.49856795814369, "alphas1": 3.0400490560880202, "alphas10": 1.7349489759634162, "alphas11": 0.4337711050919346, "alphas12": 28.48206323278983, "alphas13": 13.048087506575557, "alphas2": 12.883310009347106, "alphas3": 29.957149496026027, "alphas4": 0.2060668005000288, "alphas5": 10.68165578224496, "alphas6": 7.277514330260299, "alphas7": 26.711726340176103, "alphas8": 0.9100707063342073, "alphas9": 18.220636514045978}, "datetime": {"datetime": "2018-12-15 19:59:59", "elapsed": 2166.000476, "delta": 29.573634}}
{"target": 0.07047844507432591, "params": {"alphas0": 28.650472410371215, "alphas1": 10.315986697291486, "alphas10": 4.058026543060523, "alphas11": 2.249363047392637, "alphas12": 25.882572474334744, "alphas13": 16.071931334255396, "alphas2": 24.60238382058496, "alphas3": 29.268332579296867, "alphas4": 7.058211135709388, "alphas5": 29.91882228203375, "alphas6": 5.384193248798111, "alphas7": 25.728826269260924, "alphas8": 1.8449857862951036, "alphas9": 24.363458213198804}, "datetime": {"datetime": "2018-12-15 20:00:27", "elapsed": 2194.568936, "delta": 28.56846}}
{"target": 0.0711583326404635, "params": {"alphas0": 27.451830531761782, "alphas1": 1.4022922723761233, "alphas10": 0.48364379973865, "alphas11": 8.58180424043451, "alphas12": 25.911810965469037, "alphas13": 28.136408490734073, "alphas2": 9.45909628596016, "alphas3": 23.3713772690768, "alphas4": 13.295665946245206, "alphas5": 24.60003106148516, "alphas6": 10.287716339868936, "alphas7": 14.847002297649711, "alphas8": 1.4838697035217696, "alphas9": 29.17118952241501}, "datetime": {"datetime": "2018-12-15 20:00:56", "elapsed": 2223.117009, "delta": 28.548073}}
{"target": 0.071042484914336, "params": {"alphas0": 21.307492618773484, "alphas1": 5.52728673993604, "alphas10": 0.12002018899655131, "alphas11": 4.2145032952418084, "alphas12": 29.553985920045804, "alphas13": 15.780402033437579, "alphas2": 12.724399264441782, "alphas3": 25.541621413622632, "alphas4": 1.8968733019854411, "alphas5": 24.93806015641506, "alphas6": 11.392466124142281, "alphas7": 3.93944268242448, "alphas8": 0.6875560682539772, "alphas9": 29.431942937622733}, "datetime": {"datetime": "2018-12-15 20:01:25", "elapsed": 2252.374202, "delta": 29.257193}}
{"target": 0.07070430325648763, "params": {"alphas0": 28.535538598203157, "alphas1": 7.064946932170061, "alphas10": 0.7213594501577592, "alphas11": 1.3063869781685256, "alphas12": 28.190629296353226, "alphas13": 14.61150462989104, "alphas2": 6.522730044797486, "alphas3": 25.71808758150295, "alphas4": 0.2969067943666026, "alphas5": 25.896256371939227, "alphas6": 2.9111452075964896, "alphas7": 23.41153451497191, "alphas8": 1.152291444932001, "alphas9": 23.785999684084075}, "datetime": {"datetime": "2018-12-15 20:01:54", "elapsed": 2281.05987, "delta": 28.685668}}
{"target": 0.07105548885109592, "params": {"alphas0": 20.855641516271493, "alphas1": 2.804124629244795, "alphas10": 0.461669881248864, "alphas11": 24.03289867587067, "alphas12": 27.05177788055592, "alphas13": 29.95615882037115, "alphas2": 8.191262655022594, "alphas3": 25.150908987895466, "alphas4": 10.10892956435856, "alphas5": 28.8651232744465, "alphas6": 1.417440276537122, "alphas7": 8.101328286738473, "alphas8": 1.024961680547689, "alphas9": 25.781221991045832}, "datetime": {"datetime": "2018-12-15 20:02:23", "elapsed": 2310.544318, "delta": 29.484448}}
{"target": 0.07103774436255972, "params": {"alphas0": 22.57616018190711, "alphas1": 0.6276212921278057, "alphas10": 0.5304514382088199, "alphas11": 0.9897246174591035, "alphas12": 27.589128334841668, "alphas13": 26.793945140407615, "alphas2": 13.303702948697548, "alphas3": 20.16743917969514, "alphas4": 26.702509713595973, "alphas5": 25.634417140720675, "alphas6": 11.844603343968345, "alphas7": 22.06570280924857, "alphas8": 1.5345834839833972, "alphas9": 24.66928155353547}, "datetime": {"datetime": "2018-12-15 20:02:53", "elapsed": 2340.348281, "delta": 29.803963}}
{"target": 0.07104249760644998, "params": {"alphas0": 28.737079441640812, "alphas1": 5.885812625117522, "alphas10": 0.44855219352898934, "alphas11": 12.794474012152852, "alphas12": 29.40902648268597, "alphas13": 25.08096698622104, "alphas2": 25.57543644307749, "alphas3": 26.791605382548678, "alphas4": 3.737239026214516, "alphas5": 5.997805678834734, "alphas6": 27.873401094603125, "alphas7": 17.32367313454382, "alphas8": 0.7213632614855126, "alphas9": 24.749549903076876}, "datetime": {"datetime": "2018-12-15 20:03:23", "elapsed": 2370.587924, "delta": 30.239643}}
{"target": 0.07092885881204332, "params": {"alphas0": 29.34666483870512, "alphas1": 5.148563510078985, "alphas10": 1.0914567528602803, "alphas11": 12.35752593854, "alphas12": 28.690106267973437, "alphas13": 29.01759385549844, "alphas2": 19.10148086857271, "alphas3": 26.82839105799011, "alphas4": 3.199213779596999, "alphas5": 29.10203211067909, "alphas6": 24.733019614920455, "alphas7": 9.69960342297761, "alphas8": 2.0786940915641114, "alphas9": 25.100358831197855}, "datetime": {"datetime": "2018-12-15 20:03:53", "elapsed": 2399.981105, "delta": 29.393181}}
{"target": 0.06884526193625574, "params": {"alphas0": 25.115992107046765, "alphas1": 12.01147076691954, "alphas10": 3.6915199301188184, "alphas11": 1.2266704104776072, "alphas12": 24.672225212016002, "alphas13": 28.200890736406723, "alphas2": 24.012407058177452, "alphas3": 27.28240365859381, "alphas4": 6.838250061185761, "alphas5": 14.690371053389384, "alphas6": 2.312536346434011, "alphas7": 2.530069738003803, "alphas8": 0.04349133601248445, "alphas9": 24.826254140510027}, "datetime": {"datetime": "2018-12-15 20:04:23", "elapsed": 2430.731552, "delta": 30.750447}}
{"target": 0.07048059989921876, "params": {"alphas0": 29.644893038757807, "alphas1": 3.579781542271868, "alphas10": 0.4613394772154811, "alphas11": 7.487429424318056, "alphas12": 29.81763849992774, "alphas13": 5.303951452095019, "alphas2": 6.962251551006667, "alphas3": 28.60045575731542, "alphas4": 19.888700722762493, "alphas5": 26.49060440190191, "alphas6": 21.165722767597536, "alphas7": 23.90664898241284, "alphas8": 0.07825691839877025, "alphas9": 16.821871772603465}, "datetime": {"datetime": "2018-12-15 20:04:53", "elapsed": 2460.201391, "delta": 29.469839}}
{"target": 0.07116975094482239, "params": {"alphas0": 28.794716398215503, "alphas1": 2.1510660699917974, "alphas10": 0.33780979434970937, "alphas11": 26.65937151752391, "alphas12": 27.64749943042638, "alphas13": 29.76735167806654, "alphas2": 5.037810529331187, "alphas3": 26.737924261681968, "alphas4": 22.195578705328735, "alphas5": 20.69481482530883, "alphas6": 12.266709547614166, "alphas7": 24.62061057913146, "alphas8": 4.333500323549593, "alphas9": 25.08669208114452}, "datetime": {"datetime": "2018-12-15 20:05:41", "elapsed": 2508.4692, "delta": 48.267809}}
{"target": 0.07102645782942787, "params": {"alphas0": 25.763765785796604, "alphas1": 4.280050231355849, "alphas10": 3.236515645530351, "alphas11": 11.697690414550557, "alphas12": 26.243249269064066, "alphas13": 29.876667938201113, "alphas2": 29.573209697541877, "alphas3": 28.989676487711282, "alphas4": 17.10906901699966, "alphas5": 19.282037239337203, "alphas6": 6.025554059987596, "alphas7": 27.561312974445368, "alphas8": 2.4987551589142756, "alphas9": 3.6138547025282106}, "datetime": {"datetime": "2018-12-15 20:06:29", "elapsed": 2556.607457, "delta": 48.138257}}
{"target": 0.07062765495086913, "params": {"alphas0": 22.42236660751372, "alphas1": 0.6884743932270121, "alphas10": 5.740366882066727, "alphas11": 11.533743194176996, "alphas12": 21.461861470316187, "alphas13": 28.576437089335467, "alphas2": 28.611451616095422, "alphas3": 28.353009582930387, "alphas4": 6.28241877740653, "alphas5": 29.349083202970156, "alphas6": 16.54467230394187, "alphas7": 29.414194065475037, "alphas8": 4.237886888775123, "alphas9": 29.048466075643372}, "datetime": {"datetime": "2018-12-15 20:07:16", "elapsed": 2603.239843, "delta": 46.632386}}
{"target": 0.0690946402431342, "params": {"alphas0": 29.662405802590868, "alphas1": 2.351266768475957, "alphas10": 17.73868690714067, "alphas11": 26.636016415758323, "alphas12": 28.344725483709556, "alphas13": 29.176663154216637, "alphas2": 27.84997693522735, "alphas3": 29.96629391238731, "alphas4": 23.896711445229432, "alphas5": 21.435095883230005, "alphas6": 6.489677357451943, "alphas7": 28.39567494891621, "alphas8": 0.8509989665098294, "alphas9": 24.484566928026197}, "datetime": {"datetime": "2018-12-15 20:08:02", "elapsed": 2649.079623, "delta": 45.83978}}
{"target": 0.07102094655454777, "params": {"alphas0": 26.626391327870532, "alphas1": 5.133904558994305, "alphas10": 0.4940101743319658, "alphas11": 9.229505974181432, "alphas12": 27.88199673606336, "alphas13": 15.368102251367668, "alphas2": 19.90568690192855, "alphas3": 27.91677043460767, "alphas4": 24.11972233055539, "alphas5": 16.683996418248206, "alphas6": 0.5601539062737204, "alphas7": 24.030242897264436, "alphas8": 0.8453704943734808, "alphas9": 27.397465104731065}, "datetime": {"datetime": "2018-12-15 20:08:49", "elapsed": 2696.146606, "delta": 47.066983}}
{"target": 0.07140882980599639, "params": {"alphas0": 24.206581627301023, "alphas1": 1.8140115756519004, "alphas10": 0.27458212276067484, "alphas11": 17.23510414413962, "alphas12": 27.18818877293126, "alphas13": 29.40903278263212, "alphas2": 25.367365987829935, "alphas3": 27.745769845607544, "alphas4": 14.487478005949763, "alphas5": 27.498805010477867, "alphas6": 24.507165157692416, "alphas7": 0.44202118042149796, "alphas8": 4.387024079480669, "alphas9": 24.791635914088456}, "datetime": {"datetime": "2018-12-15 20:09:40", "elapsed": 2746.891794, "delta": 50.745188}}
{"target": 0.07072620987654316, "params": {"alphas0": 29.579247964217878, "alphas1": 15.981277651621763, "alphas10": 0.8884777714674075, "alphas11": 25.20149239633511, "alphas12": 29.890916505257454, "alphas13": 24.928468676009672, "alphas2": 12.835917800253506, "alphas3": 29.69292111136613, "alphas4": 14.293930589328491, "alphas5": 29.897143692218357, "alphas6": 16.668548039060582, "alphas7": 28.771164435668187, "alphas8": 7.165368416614952, "alphas9": 23.306993677908522}, "datetime": {"datetime": "2018-12-15 20:10:22", "elapsed": 2789.401716, "delta": 42.509922}}
{"target": 0.07096545515243131, "params": {"alphas0": 29.330519970571665, "alphas1": 2.428713849651399, "alphas10": 1.7878693593601602, "alphas11": 5.938046198916831, "alphas12": 29.651675967681268, "alphas13": 2.185348240474686, "alphas2": 28.18527878625165, "alphas3": 28.5909417818469, "alphas4": 19.990059428111696, "alphas5": 25.15254364742492, "alphas6": 26.395860216483232, "alphas7": 17.01659323735896, "alphas8": 2.464080327404703, "alphas9": 28.75285516148839}, "datetime": {"datetime": "2018-12-15 20:11:09", "elapsed": 2835.864173, "delta": 46.462457}}
{"target": 0.07079656528722589, "params": {"alphas0": 27.43473841746472, "alphas1": 3.8968382800187875, "alphas10": 1.6473809010721219, "alphas11": 29.9327600676287, "alphas12": 13.069118881943732, "alphas13": 27.369712311245355, "alphas2": 6.621315513213456, "alphas3": 28.714181750277515, "alphas4": 26.851081402579826, "alphas5": 29.29079066025956, "alphas6": 24.290523126864922, "alphas7": 27.823247390536025, "alphas8": 1.6634126435283703, "alphas9": 29.21834885386703}, "datetime": {"datetime": "2018-12-15 20:11:54", "elapsed": 2881.407479, "delta": 45.543306}}
{"target": 0.07091184618291745, "params": {"alphas0": 28.27089484064862, "alphas1": 0.07179513214810918, "alphas10": 3.908228449046013, "alphas11": 22.765766411097186, "alphas12": 29.00308197277456, "alphas13": 27.885507646666515, "alphas2": 13.153227129320907, "alphas3": 21.437694883859102, "alphas4": 13.302502981815032, "alphas5": 29.77051316210164, "alphas6": 26.396869965136215, "alphas7": 28.61552321459886, "alphas8": 1.871807451408749, "alphas9": 28.749700573686376}, "datetime": {"datetime": "2018-12-15 20:12:38", "elapsed": 2925.228039, "delta": 43.82056}}
{"target": 0.07047939380196513, "params": {"alphas0": 23.784143165338254, "alphas1": 1.428669940438514, "alphas10": 0.22065683199671504, "alphas11": 22.573029337938202, "alphas12": 29.363800955647918, "alphas13": 21.905669802117966, "alphas2": 2.809237956808288, "alphas3": 16.504572921563824, "alphas4": 29.15062737691109, "alphas5": 29.194576964498776, "alphas6": 7.228069886215891, "alphas7": 17.942508674984612, "alphas8": 0.41400573328850165, "alphas9": 28.178593210026744}, "datetime": {"datetime": "2018-12-15 20:13:23", "elapsed": 2970.724059, "delta": 45.49602}}
{"target": 0.07119400362181907, "params": {"alphas0": 27.993689374982534, "alphas1": 1.69633249258632, "alphas10": 0.820331043089847, "alphas11": 3.8809049598082557, "alphas12": 29.87510028872952, "alphas13": 28.15731480177713, "alphas2": 29.935665400825492, "alphas3": 12.496838817264743, "alphas4": 0.8016622973958343, "alphas5": 19.005359907383454, "alphas6": 25.24510864954173, "alphas7": 25.54411798468946, "alphas8": 5.754484963920351, "alphas9": 29.54293036812652}, "datetime": {"datetime": "2018-12-15 20:14:12", "elapsed": 3019.579836, "delta": 48.855777}}
{"target": 0.07083253895817582, "params": {"alphas0": 22.956665745156478, "alphas1": 0.1385053020890692, "alphas10": 1.8572526781953358, "alphas11": 16.722460472862988, "alphas12": 28.77688445594153, "alphas13": 23.189823017016547, "alphas2": 14.326881929123502, "alphas3": 29.880829411257853, "alphas4": 4.246421573974818, "alphas5": 24.746804044059463, "alphas6": 14.446119020612887, "alphas7": 27.204362757663077, "alphas8": 3.87978591867253, "alphas9": 29.804140712644635}, "datetime": {"datetime": "2018-12-15 20:14:59", "elapsed": 3066.426074, "delta": 46.846238}}
{"target": 0.07101959646636431, "params": {"alphas0": 28.86328983431997, "alphas1": 0.726604882011479, "alphas10": 2.927245085671438, "alphas11": 4.235201445878518, "alphas12": 15.221777077386857, "alphas13": 24.15663691118405, "alphas2": 27.92190376789073, "alphas3": 28.918344193601385, "alphas4": 0.7933098203880606, "alphas5": 24.889920955004083, "alphas6": 16.394630396115563, "alphas7": 20.377265695106097, "alphas8": 0.623513097531051, "alphas9": 26.424299220074445}, "datetime": {"datetime": "2018-12-15 20:15:46", "elapsed": 3113.114933, "delta": 46.688859}}
