{"target": 0.07195601858150644, "params": {"aa": 0.4942833064945843}, "datetime": {"datetime": "2018-12-12 21:28:45", "elapsed": 0.0, "delta": 0.0}}
{"target": 0.07195601858150644, "params": {"aa": 0.45178565809990456}, "datetime": {"datetime": "2018-12-12 21:28:48", "elapsed": 3.134563, "delta": 3.134563}}
{"target": 0.07195601858150644, "params": {"aa": 0.3144306173743099}, "datetime": {"datetime": "2018-12-12 21:28:51", "elapsed": 6.34367, "delta": 3.209107}}
{"target": 0.07195601858150644, "params": {"aa": 0.20404989189043599}, "datetime": {"datetime": "2018-12-12 21:28:54", "elapsed": 9.456358, "delta": 3.112688}}
{"target": 0.07195601858150644, "params": {"aa": 0.2044997817954456}, "datetime": {"datetime": "2018-12-12 21:28:57", "elapsed": 12.579483, "delta": 3.123125}}
{"target": 0.07195601858150644, "params": {"aa": 0.6289879896247985}, "datetime": {"datetime": "2018-12-12 21:29:00", "elapsed": 15.70536, "delta": 3.125877}}
{"target": 0.07195601858150644, "params": {"aa": 0.21487753193540526}, "datetime": {"datetime": "2018-12-12 21:29:04", "elapsed": 18.85813, "delta": 3.15277}}
{"target": 0.07195601858150644, "params": {"aa": 0.5479864703830295}, "datetime": {"datetime": "2018-12-12 21:29:07", "elapsed": 22.297766, "delta": 3.439636}}
