{"target": 0.07077416167485498, "params": {"alphas0": 38.90400211800359, "alphas1": 37.49012023177449, "alphas2": 32.792795337488585, "alphas3": 2.2567356368628344, "alphas4": 5.314383942468357, "alphas5": 19.244434761025854, "alphas6": 0.31543406654700235, "alphas7": 39.445875553159595}, "datetime": {"datetime": "2018-12-12 00:17:25", "elapsed": 883.784999, "delta": 17.368495}}
{"target": 0.07171791803665878, "params": {"alphas0": 34.78589049309178, "alphas1": 39.79785328796204, "alphas2": 25.616808965695803, "alphas3": 39.96637863135011, "alphas4": 0.6564965518470833, "alphas5": 2.629668177478206, "alphas6": 0.650397511637073, "alphas7": 39.09742740862053}, "datetime": {"datetime": "2018-12-12 00:17:43", "elapsed": 901.992386, "delta": 18.207387}}
