{"target": 0.06781012755102041, "params": {"alphas0": 30.49465818513781, "alphas1": 25.86647736598357, "alphas2": 1.384398192776679, "alphas3": 27.411571408315353, "alphas4": 0.2357851511432374, "alphas5": 0.6537780568186635, "alphas6": 9.747735075392253, "alphas7": 1.6143276358076086}, "datetime": {"datetime": "2018-12-12 00:02:41", "elapsed": 0.0, "delta": 0.0}}
{"target": 0.06714927133723853, "params": {"alphas0": 3.864050477131471, "alphas1": 19.183152280284883, "alphas2": 9.530791717838056, "alphas3": 10.229879526067398, "alphas4": 19.858344767423244, "alphas5": 37.36160029340053, "alphas6": 38.514994465506604, "alphas7": 21.42743958015242}, "datetime": {"datetime": "2018-12-12 00:02:44", "elapsed": 2.763126, "delta": 2.763126}}
{"target": 0.07127346776581003, "params": {"alphas0": 32.06260318829252, "alphas1": 21.93917303538423, "alphas2": 10.898747812218694, "alphas3": 28.42509472388318, "alphas4": 35.42552017657406, "alphas5": 38.811164405098026, "alphas6": 10.25535294845637, "alphas7": 4.143654965077999}, "datetime": {"datetime": "2018-12-12 00:02:52", "elapsed": 10.757286, "delta": 7.99416}}
{"target": 0.06865405516187943, "params": {"alphas0": 6.785647248118281, "alphas1": 26.545057144197244, "alphas2": 25.076277848873374, "alphas3": 30.49781111209375, "alphas4": 23.45560755764224, "alphas5": 33.02653973817066, "alphas6": 37.40513348369115, "alphas7": 15.87674114054941}, "datetime": {"datetime": "2018-12-12 00:02:55", "elapsed": 13.443626, "delta": 2.68634}}
{"target": 0.06662786997669427, "params": {"alphas0": 4.831116854326538, "alphas1": 1.1798550045492684, "alphas2": 5.030039743808001, "alphas3": 15.859655602098446, "alphas4": 25.731443539583797, "alphas5": 32.70548231507288, "alphas6": 20.36764276278808, "alphas7": 23.33462434837136}, "datetime": {"datetime": "2018-12-12 00:02:57", "elapsed": 16.104004, "delta": 2.660378}}
{"target": 0.0695667799981102, "params": {"alphas0": 0.14258287665589897, "alphas1": 11.043437790334295, "alphas2": 12.288459650223075, "alphas3": 2.160707081898585, "alphas4": 35.63744326489443, "alphas5": 2.477902781010899, "alphas6": 7.531267964652946, "alphas7": 2.9174854369189784}, "datetime": {"datetime": "2018-12-12 00:03:00", "elapsed": 18.839505, "delta": 2.735501}}
{"target": 0.07028292546926167, "params": {"alphas0": 31.892908933366243, "alphas1": 32.765937818940415, "alphas2": 20.296904628371305, "alphas3": 3.032609366007799, "alphas4": 7.592854122588046, "alphas5": 37.70521881445069, "alphas6": 20.07351912381229, "alphas7": 35.51935859608548}, "datetime": {"datetime": "2018-12-12 00:03:03", "elapsed": 21.568957, "delta": 2.729452}}
{"target": 0.0689702111520533, "params": {"alphas0": 17.926815755307786, "alphas1": 22.139597026186575, "alphas2": 10.843522483111423, "alphas3": 22.76494450005041, "alphas4": 15.47250067256889, "alphas5": 22.0043690235488, "alphas6": 31.84776992809808, "alphas7": 6.286266263564091}, "datetime": {"datetime": "2018-12-12 00:03:06", "elapsed": 24.980507, "delta": 3.41155}}
{"target": 0.06845132616843012, "params": {"alphas0": 32.499874731841935, "alphas1": 0.2248151692397915, "alphas2": 11.031736277625033, "alphas3": 15.55229213404683, "alphas4": 17.368801408931635, "alphas5": 32.506152403901076, "alphas6": 30.06047872260593, "alphas7": 16.834706889660907}, "datetime": {"datetime": "2018-12-12 00:03:09", "elapsed": 27.938013, "delta": 2.957506}}
{"target": 0.06770409657659356, "params": {"alphas0": 8.737351601208495, "alphas1": 11.594965989266575, "alphas2": 23.56736583404295, "alphas3": 26.20424926262269, "alphas4": 33.29619066128347, "alphas5": 18.918642477495894, "alphas6": 34.71743264361386, "alphas7": 19.13305495060182}, "datetime": {"datetime": "2018-12-12 00:03:12", "elapsed": 30.878303, "delta": 2.94029}}
{"target": 0.06855972510393037, "params": {"alphas0": 32.63012677360464, "alphas1": 37.45693819961869, "alphas2": 39.736109188609426, "alphas3": 3.6061076353013988, "alphas4": 35.20159600428108, "alphas5": 39.47513371972065, "alphas6": 8.557365330117062, "alphas7": 0.12507108030991532}, "datetime": {"datetime": "2018-12-12 00:03:28", "elapsed": 47.242551, "delta": 16.364248}}
{"target": 0.0703462064121943, "params": {"alphas0": 34.10627221115432, "alphas1": 36.187294628352106, "alphas2": 38.106987097812215, "alphas3": 38.96157917424844, "alphas4": 39.82184893682021, "alphas5": 2.9391470070488523, "alphas6": 1.5513545507085746, "alphas7": 16.237125507355255}, "datetime": {"datetime": "2018-12-12 00:03:44", "elapsed": 63.301023, "delta": 16.058472}}
{"target": 0.07193655920886857, "params": {"alphas0": 38.79626659678596, "alphas1": 35.39039004649772, "alphas2": 39.592197773326305, "alphas3": 34.92349436361631, "alphas4": 19.56676378240466, "alphas5": 4.280515650250618, "alphas6": 1.4794740282365515, "alphas7": 38.70864635937217}, "datetime": {"datetime": "2018-12-12 00:04:07", "elapsed": 85.625332, "delta": 22.324309}}
{"target": 0.0711939352954142, "params": {"alphas0": 37.062264428474144, "alphas1": 34.07833647086727, "alphas2": 3.0697841930677994, "alphas3": 38.617708510842135, "alphas4": 36.81058086353104, "alphas5": 5.322862095458016, "alphas6": 0.6912785897827245, "alphas7": 36.40889670364378}, "datetime": {"datetime": "2018-12-12 00:04:23", "elapsed": 101.822216, "delta": 16.196884}}
{"target": 0.07088576385739472, "params": {"alphas0": 38.67597544116434, "alphas1": 35.37738755958844, "alphas2": 38.94356585339368, "alphas3": 9.459690020744045, "alphas4": 28.777179349097345, "alphas5": 4.585963277880727, "alphas6": 0.35074713468889573, "alphas7": 36.950137677444225}, "datetime": {"datetime": "2018-12-12 00:04:39", "elapsed": 118.240045, "delta": 16.417829}}
{"target": 0.07075792535903232, "params": {"alphas0": 39.37622434062757, "alphas1": 39.60164976100665, "alphas2": 1.6777954174240906, "alphas3": 6.77902311413475, "alphas4": 35.56543042394691, "alphas5": 23.149509969777537, "alphas6": 2.009742096373466, "alphas7": 39.50676245668302}, "datetime": {"datetime": "2018-12-12 00:04:56", "elapsed": 134.881637, "delta": 16.641592}}
{"target": 0.07149522889896694, "params": {"alphas0": 37.421914826981904, "alphas1": 8.778776555430294, "alphas2": 35.396639464272994, "alphas3": 39.102734581790564, "alphas4": 36.093557089625776, "alphas5": 39.968760460125836, "alphas6": 2.934362929582086, "alphas7": 37.14760603543163}, "datetime": {"datetime": "2018-12-12 00:05:12", "elapsed": 150.974096, "delta": 16.092459}}
{"target": 0.07181533670319963, "params": {"alphas0": 39.06901290231747, "alphas1": 39.755857254483175, "alphas2": 34.06216312987744, "alphas3": 30.025975661914245, "alphas4": 0.5505195382746164, "alphas5": 26.09951567569084, "alphas6": 2.392788153955503, "alphas7": 39.85589406701212}, "datetime": {"datetime": "2018-12-12 00:05:29", "elapsed": 167.564594, "delta": 16.590498}}
{"target": 0.0712370386589819, "params": {"alphas0": 38.70378106143318, "alphas1": 5.2145929793345935, "alphas2": 38.190349598879, "alphas3": 36.40955968447119, "alphas4": 27.31244187949404, "alphas5": 2.3350561481308674, "alphas6": 5.202084906013238, "alphas7": 39.819664671553745}, "datetime": {"datetime": "2018-12-12 00:05:46", "elapsed": 184.76283, "delta": 17.198236}}
{"target": 0.07227342806752325, "params": {"alphas0": 37.78376658484644, "alphas1": 39.47254476395492, "alphas2": 38.54223765241218, "alphas3": 39.657896390431674, "alphas4": 23.737871066529387, "alphas5": 31.173052805549325, "alphas6": 3.4241889167689887, "alphas7": 39.127007700114866}, "datetime": {"datetime": "2018-12-12 00:06:08", "elapsed": 207.243966, "delta": 22.481136}}
{"target": 0.07192639033761636, "params": {"alphas0": 38.76426962720554, "alphas1": 12.333488084395366, "alphas2": 33.175639166534204, "alphas3": 35.168887293906145, "alphas4": 1.9688177526541173, "alphas5": 39.350781902500756, "alphas6": 1.4940647114750183, "alphas7": 37.17010330329029}, "datetime": {"datetime": "2018-12-12 00:06:24", "elapsed": 223.186605, "delta": 15.942639}}
{"target": 0.07157570346749803, "params": {"alphas0": 4.467275297196109, "alphas1": 39.45878065009019, "alphas2": 38.174971296365456, "alphas3": 38.12670963664048, "alphas4": 32.55256503802244, "alphas5": 34.87101450102283, "alphas6": 2.352803255571958, "alphas7": 33.965968757479665}, "datetime": {"datetime": "2018-12-12 00:06:40", "elapsed": 239.238025, "delta": 16.05142}}
{"target": 0.07179402995086914, "params": {"alphas0": 38.81914951317331, "alphas1": 39.82874040335374, "alphas2": 8.642885579710406, "alphas3": 39.34017224395775, "alphas4": 24.163904918795872, "alphas5": 39.13763227927043, "alphas6": 1.9427873227403003, "alphas7": 34.375527820451524}, "datetime": {"datetime": "2018-12-12 00:06:56", "elapsed": 255.163846, "delta": 15.925821}}
{"target": 0.07174290942302837, "params": {"alphas0": 37.42452102455679, "alphas1": 26.4265589674536, "alphas2": 33.310272461031914, "alphas3": 38.08781216326087, "alphas4": 35.74877586670555, "alphas5": 39.43882846141954, "alphas6": 1.95070142291907, "alphas7": 39.89508514119653}, "datetime": {"datetime": "2018-12-12 00:07:13", "elapsed": 271.843319, "delta": 16.679473}}
{"target": 0.07144503563555041, "params": {"alphas0": 0.14610187721328494, "alphas1": 26.494399047055136, "alphas2": 39.924966485130696, "alphas3": 39.59343750745521, "alphas4": 8.485551688196512, "alphas5": 3.074293043062619, "alphas6": 0.1667960599045415, "alphas7": 38.16254302137663}, "datetime": {"datetime": "2018-12-12 00:07:30", "elapsed": 288.548132, "delta": 16.704813}}
{"target": 0.07223560068657069, "params": {"alphas0": 19.647216176719745, "alphas1": 38.22881242083488, "alphas2": 37.97602222298566, "alphas3": 39.56463163491116, "alphas4": 0.9848150860290161, "alphas5": 25.88336419859599, "alphas6": 1.7923664481845902, "alphas7": 37.746576238756184}, "datetime": {"datetime": "2018-12-12 00:07:46", "elapsed": 304.630116, "delta": 16.081984}}
{"target": 0.07176763975497595, "params": {"alphas0": 34.39772660397027, "alphas1": 39.173678637739656, "alphas2": 12.935822440801768, "alphas3": 38.71379637896012, "alphas4": 39.53601876228709, "alphas5": 37.3376133418146, "alphas6": 0.62260228010663, "alphas7": 38.09809002287309}, "datetime": {"datetime": "2018-12-12 00:08:02", "elapsed": 320.508778, "delta": 15.878662}}
{"target": 0.0718038508755353, "params": {"alphas0": 38.6384665095038, "alphas1": 37.402469375714766, "alphas2": 35.91127762594351, "alphas3": 23.602784400012172, "alphas4": 5.148135409593282, "alphas5": 36.57441094387716, "alphas6": 0.5458214581558485, "alphas7": 37.430007789103186}, "datetime": {"datetime": "2018-12-12 00:08:18", "elapsed": 337.090145, "delta": 16.581367}}
{"target": 0.07188632645187702, "params": {"alphas0": 38.09643298832993, "alphas1": 34.79639650128909, "alphas2": 4.103488738712127, "alphas3": 38.17766679062445, "alphas4": 1.5255016680544875, "alphas5": 39.98616552052567, "alphas6": 0.8361913730586057, "alphas7": 39.43085134102675}, "datetime": {"datetime": "2018-12-12 00:08:35", "elapsed": 354.039679, "delta": 16.949534}}
{"target": 0.0716192477954142, "params": {"alphas0": 39.48110623988962, "alphas1": 3.802213796725793, "alphas2": 38.186924571357714, "alphas3": 36.24961650043529, "alphas4": 0.040662563872517765, "alphas5": 33.87174393252016, "alphas6": 1.4776627846630186, "alphas7": 38.92386681570103}, "datetime": {"datetime": "2018-12-12 00:08:53", "elapsed": 371.6641, "delta": 17.624421}}
{"target": 0.07232527511652821, "params": {"alphas0": 32.19434743634124, "alphas1": 34.563911323157306, "alphas2": 39.79670176843933, "alphas3": 36.78686055806071, "alphas4": 8.435648651242502, "alphas5": 38.91732089180882, "alphas6": 2.1401975051451494, "alphas7": 36.82841159051738}, "datetime": {"datetime": "2018-12-12 00:09:15", "elapsed": 393.809035, "delta": 22.144935}}
{"target": 0.07201941405265812, "params": {"alphas0": 39.504908267782106, "alphas1": 32.552044604453926, "alphas2": 35.82867251623064, "alphas3": 35.063071071858175, "alphas4": 0.8952243758580947, "alphas5": 39.8883431459987, "alphas6": 2.926830169522714, "alphas7": 39.88616810978053}, "datetime": {"datetime": "2018-12-12 00:09:32", "elapsed": 410.739757, "delta": 16.930722}}
{"target": 0.07238366819412947, "params": {"alphas0": 26.566251688696106, "alphas1": 39.33170371797949, "alphas2": 37.75837170002072, "alphas3": 39.845731167478036, "alphas4": 2.721872066155022, "alphas5": 18.756069935719964, "alphas6": 1.3492267973466676, "alphas7": 37.41423593604899}, "datetime": {"datetime": "2018-12-12 00:09:55", "elapsed": 433.598931, "delta": 22.859174}}
{"target": 0.0716344296894682, "params": {"alphas0": 39.91689446696994, "alphas1": 38.19051593644817, "alphas2": 33.23227079301813, "alphas3": 39.44906324628354, "alphas4": 1.5096949390771242, "alphas5": 3.7394649026446114, "alphas6": 1.902799473265424, "alphas7": 35.66445894019763}, "datetime": {"datetime": "2018-12-12 00:10:12", "elapsed": 450.522146, "delta": 16.923215}}
{"target": 0.07161105183925398, "params": {"alphas0": 1.0210589360501254, "alphas1": 38.50437111464384, "alphas2": 34.07500533283005, "alphas3": 39.03951683557944, "alphas4": 5.8176594167192786, "alphas5": 36.21986650260623, "alphas6": 2.36323890421819, "alphas7": 37.70248732437927}, "datetime": {"datetime": "2018-12-12 00:10:28", "elapsed": 466.361019, "delta": 15.838873}}
{"target": 0.0720040173532376, "params": {"alphas0": 35.96415909149449, "alphas1": 34.12545465118674, "alphas2": 34.432216543452235, "alphas3": 35.40856416639453, "alphas4": 35.52232285597421, "alphas5": 34.66297299961361, "alphas6": 1.4754477156650792, "alphas7": 39.10517630830177}, "datetime": {"datetime": "2018-12-12 00:10:44", "elapsed": 483.028975, "delta": 16.667956}}
{"target": 0.0713762432917608, "params": {"alphas0": 3.8087535464804922, "alphas1": 32.992691348979896, "alphas2": 39.364234763565776, "alphas3": 38.01962437658967, "alphas4": 9.97522079258605, "alphas5": 37.57034449688453, "alphas6": 2.853503715690935, "alphas7": 39.09859609568949}, "datetime": {"datetime": "2018-12-12 00:11:02", "elapsed": 500.625005, "delta": 17.59603}}
{"target": 0.07159434582073561, "params": {"alphas0": 15.281647904071583, "alphas1": 38.80418637037388, "alphas2": 39.897447474730875, "alphas3": 38.81549284280281, "alphas4": 38.547901540134774, "alphas5": 38.38862252101176, "alphas6": 3.616977020136254, "alphas7": 39.94354499373611}, "datetime": {"datetime": "2018-12-12 00:11:20", "elapsed": 518.794599, "delta": 18.169594}}
{"target": 0.07160596282123943, "params": {"alphas0": 39.40893140074842, "alphas1": 0.9456940755494969, "alphas2": 38.09158476985309, "alphas3": 39.39731588126822, "alphas4": 5.844644144517477, "alphas5": 33.030163243714085, "alphas6": 1.570802996429217, "alphas7": 36.63800214003862}, "datetime": {"datetime": "2018-12-12 00:11:37", "elapsed": 535.718945, "delta": 16.924346}}
{"target": 0.0705773529698915, "params": {"alphas0": 39.39254933554102, "alphas1": 33.23235737820631, "alphas2": 38.488675155842486, "alphas3": 39.77566207163242, "alphas4": 3.2305050377726374, "alphas5": 35.08449560126698, "alphas6": 1.9432152398229263, "alphas7": 14.22027716076216}, "datetime": {"datetime": "2018-12-12 00:11:54", "elapsed": 552.738658, "delta": 17.019713}}
{"target": 0.07205441391093446, "params": {"alphas0": 31.834157758429427, "alphas1": 39.567587309866084, "alphas2": 38.475846237435384, "alphas3": 35.3507004096797, "alphas4": 5.382845264656142, "alphas5": 3.572556034476202, "alphas6": 3.1096481275688115, "alphas7": 37.68144648164909}, "datetime": {"datetime": "2018-12-12 00:12:10", "elapsed": 569.276174, "delta": 16.537516}}
{"target": 0.07169266458805724, "params": {"alphas0": 38.56469999730106, "alphas1": 39.80912735701307, "alphas2": 32.71497538029375, "alphas3": 37.58008793708882, "alphas4": 13.059244790102484, "alphas5": 6.702095750041113, "alphas6": 0.44989211064498047, "alphas7": 38.04307505206425}, "datetime": {"datetime": "2018-12-12 00:12:28", "elapsed": 586.622335, "delta": 17.346161}}
{"target": 0.07177059744268062, "params": {"alphas0": 36.06111390704123, "alphas1": 39.26904544335213, "alphas2": 15.410797053406613, "alphas3": 37.83890528508222, "alphas4": 37.72584602865577, "alphas5": 35.890777142959706, "alphas6": 0.314338417079707, "alphas7": 38.94202940573235}, "datetime": {"datetime": "2018-12-12 00:12:45", "elapsed": 603.488342, "delta": 16.866007}}
{"target": 0.07128170804988651, "params": {"alphas0": 11.23761926978965, "alphas1": 35.9175737680977, "alphas2": 1.9322683326931145, "alphas3": 38.49802355341818, "alphas4": 6.544302012179872, "alphas5": 36.13491966262524, "alphas6": 0.0093821789122428, "alphas7": 38.17400473206901}, "datetime": {"datetime": "2018-12-12 00:13:02", "elapsed": 620.395284, "delta": 16.906942}}
{"target": 0.0718862527714788, "params": {"alphas0": 35.74866766216063, "alphas1": 38.159261579075604, "alphas2": 34.497793049350626, "alphas3": 38.68099879035207, "alphas4": 38.673507768507186, "alphas5": 34.841302358692595, "alphas6": 0.07120931337035508, "alphas7": 37.43543908417039}, "datetime": {"datetime": "2018-12-12 00:13:19", "elapsed": 638.154145, "delta": 17.758861}}
{"target": 0.0716863801650288, "params": {"alphas0": 39.93312702868573, "alphas1": 39.3224736191916, "alphas2": 37.93327639360336, "alphas3": 34.915725688706964, "alphas4": 1.354988145752185, "alphas5": 2.405478274060213, "alphas6": 4.116238297572297, "alphas7": 34.81602664679298}, "datetime": {"datetime": "2018-12-12 00:13:37", "elapsed": 655.752941, "delta": 17.598796}}
{"target": 0.07201716546989152, "params": {"alphas0": 31.322047861751876, "alphas1": 34.7612151640877, "alphas2": 39.36025665944227, "alphas3": 39.18443949809228, "alphas4": 39.49858361583709, "alphas5": 5.993588713033136, "alphas6": 4.522821940166, "alphas7": 39.74287221051063}, "datetime": {"datetime": "2018-12-12 00:13:55", "elapsed": 673.399468, "delta": 17.646527}}
{"target": 0.07147469825522787, "params": {"alphas0": 38.32491018641919, "alphas1": 4.52381043029682, "alphas2": 39.52615873015045, "alphas3": 38.78884493654289, "alphas4": 37.0847555245925, "alphas5": 0.26228386669440606, "alphas6": 1.195030448879164, "alphas7": 38.2315280530452}, "datetime": {"datetime": "2018-12-12 00:14:12", "elapsed": 691.008534, "delta": 17.609066}}
{"target": 0.07214497982804247, "params": {"alphas0": 32.80403182107764, "alphas1": 38.2402993558278, "alphas2": 39.72950293999263, "alphas3": 30.931679362690282, "alphas4": 2.7260240698169325, "alphas5": 37.03648534896752, "alphas6": 1.6336347067494295, "alphas7": 39.76194087423034}, "datetime": {"datetime": "2018-12-12 00:14:29", "elapsed": 708.321052, "delta": 17.312518}}
{"target": 0.07179954672146628, "params": {"alphas0": 39.64457644099337, "alphas1": 23.31448208281124, "alphas2": 39.69081150626884, "alphas3": 37.9270025476075, "alphas4": 37.16404738762328, "alphas5": 38.85740604957652, "alphas6": 1.6843158179073203, "alphas7": 37.88402718925002}, "datetime": {"datetime": "2018-12-12 00:14:47", "elapsed": 725.468326, "delta": 17.147274}}
{"target": 0.07222823056815297, "params": {"alphas0": 30.57043001034172, "alphas1": 38.991258200144124, "alphas2": 39.55630060521985, "alphas3": 39.984038333910725, "alphas4": 4.615164113893724, "alphas5": 39.08074542592515, "alphas6": 2.0856152076477397, "alphas7": 26.592535013931062}, "datetime": {"datetime": "2018-12-12 00:15:05", "elapsed": 743.552707, "delta": 18.084381}}
{"target": 0.07202039983308119, "params": {"alphas0": 37.775787599225346, "alphas1": 36.72075797820161, "alphas2": 37.65270396987315, "alphas3": 37.27243898659326, "alphas4": 3.4705430040666707, "alphas5": 39.19318593006806, "alphas6": 0.4028489289379733, "alphas7": 34.19009211616683}, "datetime": {"datetime": "2018-12-12 00:15:22", "elapsed": 760.852669, "delta": 17.299962}}
{"target": 0.07171215162824389, "params": {"alphas0": 38.466722996505055, "alphas1": 39.456168132108694, "alphas2": 39.775956376541664, "alphas3": 38.02540411029835, "alphas4": 35.97137389482312, "alphas5": 35.388535406727875, "alphas6": 8.780985828449683, "alphas7": 39.87096851800433}, "datetime": {"datetime": "2018-12-12 00:15:40", "elapsed": 778.891081, "delta": 18.038412}}
{"target": 0.07187328717876017, "params": {"alphas0": 0.3388718281345193, "alphas1": 37.12955638877897, "alphas2": 39.25277874564012, "alphas3": 37.854166424278816, "alphas4": 9.399976417966522, "alphas5": 9.128256345209396, "alphas6": 0.7434927793612012, "alphas7": 39.92040944273351}, "datetime": {"datetime": "2018-12-12 00:15:57", "elapsed": 795.755449, "delta": 16.864368}}
{"target": 0.07178048404824869, "params": {"alphas0": 24.803459294931336, "alphas1": 36.89659053108059, "alphas2": 36.22076958197316, "alphas3": 38.608156738649384, "alphas4": 32.219798494241054, "alphas5": 37.395051314635076, "alphas6": 0.7451596606700761, "alphas7": 39.78376990238236}, "datetime": {"datetime": "2018-12-12 00:16:14", "elapsed": 813.207285, "delta": 17.451836}}
{"target": 0.07211156453136798, "params": {"alphas0": 32.26777648709661, "alphas1": 33.489645596559654, "alphas2": 29.569588948772424, "alphas3": 39.085426518111746, "alphas4": 0.20052144371740077, "alphas5": 39.90025215596238, "alphas6": 1.5945299126404233, "alphas7": 38.334345276552014}, "datetime": {"datetime": "2018-12-12 00:16:33", "elapsed": 831.767258, "delta": 18.559973}}
{"target": 0.07202789287288977, "params": {"alphas0": 38.27936627541621, "alphas1": 36.10108613909881, "alphas2": 2.6755483542151426, "alphas3": 38.29758605891477, "alphas4": 15.304303579992578, "alphas5": 30.429433990040877, "alphas6": 0.88703008153598, "alphas7": 39.74475826785197}, "datetime": {"datetime": "2018-12-12 00:16:50", "elapsed": 848.590699, "delta": 16.823441}}
{"target": 0.07225823132401113, "params": {"alphas0": 33.90906025756827, "alphas1": 36.74927594684981, "alphas2": 36.38058794285049, "alphas3": 39.58243433779994, "alphas4": 16.39071327441069, "alphas5": 36.38251884799686, "alphas6": 0.9280618823856468, "alphas7": 39.432421019718504}, "datetime": {"datetime": "2018-12-12 00:17:08", "elapsed": 866.416504, "delta": 17.825805}}
