{"target": 0.060224757054673776, "params": {"lambda_i": 2.2805953066246807, "lambda_j": 1.7611408927426369, "learning_rate": 0.21064874913562204, "sgd_mode": 1.3573309813587902}, "datetime": {"datetime": "2018-12-12 16:04:38", "elapsed": 0.0, "delta": 0.0}}
{"target": 0.06512498264676246, "params": {"lambda_i": 1.9816669557502622, "lambda_j": 1.5471426991684374, "learning_rate": 0.027887459447145435, "sgd_mode": 0.4485939235889729}, "datetime": {"datetime": "2018-12-12 16:31:29", "elapsed": 1611.128206, "delta": 1611.128206}}
{"target": 0.0609494423815823, "params": {"lambda_i": 1.3037187529998744, "lambda_j": 1.3067718502897248, "learning_rate": 0.045381621002427486, "sgd_mode": 2.5605911909912082}, "datetime": {"datetime": "2018-12-12 16:37:04", "elapsed": 1946.336959, "delta": 335.208753}}
{"target": 0.06037661718946832, "params": {"lambda_i": 1.7249815110035076, "lambda_j": 0.10709236919649545, "learning_rate": 0.6397441202605259, "sgd_mode": 0.9730686464724345}, "datetime": {"datetime": "2018-12-12 16:42:42", "elapsed": 2284.467317, "delta": 338.130358}}
{"target": 0.05959718551587293, "params": {"lambda_i": 2.460997203590759, "lambda_j": 2.6897057868469387, "learning_rate": 2.798933111299985, "sgd_mode": 0.6210807055733522}, "datetime": {"datetime": "2018-12-12 16:53:51", "elapsed": 2953.720042, "delta": 669.252725}}
{"target": 0.059860938192869674, "params": {"lambda_i": 5.537011395337634e-08, "lambda_j": 2.9999997888337653, "learning_rate": 0.0, "sgd_mode": 0.0}, "datetime": {"datetime": "2018-12-12 16:59:41", "elapsed": 3303.606363, "delta": 349.886321}}
{"target": 0.06352084361614993, "params": {"lambda_i": 2.9685288592228165, "lambda_j": 0.12807216670237653, "learning_rate": 0.07794408473231706, "sgd_mode": 0.16300239124943317}, "datetime": {"datetime": "2018-12-12 17:18:00", "elapsed": 4402.46991, "delta": 1098.863547}}
{"target": 0.06460588362937757, "params": {"lambda_i": 2.8166195258833833, "lambda_j": 2.9178787520006306, "learning_rate": 0.037063224800898964, "sgd_mode": 0.026010843642904402}, "datetime": {"datetime": "2018-12-12 17:39:01", "elapsed": 5663.139542, "delta": 1260.669632}}
{"target": 0.06449319258629366, "params": {"lambda_i": 2.9705061988741766, "lambda_j": 2.7047981582014553, "learning_rate": 0.015904100488031703, "sgd_mode": 0.08116164532799863}, "datetime": {"datetime": "2018-12-12 18:03:37", "elapsed": 7139.730309, "delta": 1476.590767}}
{"target": 0.06165650710191468, "params": {"lambda_i": 2.982195588644549, "lambda_j": 2.828618311163542, "learning_rate": 0.02161968977358386, "sgd_mode": 2.8412314792308044}, "datetime": {"datetime": "2018-12-12 18:09:22", "elapsed": 7484.733972, "delta": 345.003663}}
