{"target": 0.06655936696781278, "params": {"normalize": 0.0, "shrink": 6.7499938247996, "similarity": 0.0, "topK": 7.208493051427553, "tversky_alpha": 0.37397563311550286, "tversky_beta": 1.606849759087955}, "datetime": {"datetime": "2018-12-21 02:51:18", "elapsed": 0.0, "delta": 0.0}}
{"target": 0.06352057345630095, "params": {"normalize": 0.0, "shrink": 5.454172636354791, "similarity": 0.0, "topK": 5.800909544647251, "tversky_alpha": 0.6908462498188646, "tversky_beta": 0.12940378677180187}, "datetime": {"datetime": "2018-12-21 02:52:08", "elapsed": 50.232216, "delta": 50.232216}}
{"target": 0.06672170860390089, "params": {"normalize": 0.0, "shrink": 3.526544645889478, "similarity": 0.0, "topK": 6.948475925785955, "tversky_alpha": 1.332659755356646, "tversky_beta": 1.1073957066895659}, "datetime": {"datetime": "2018-12-21 02:53:31", "elapsed": 133.037651, "delta": 82.805435}}
{"target": 0.06177418485936537, "params": {"normalize": 0.0, "shrink": 6.601720254391051, "similarity": 0.0, "topK": 2.3115254099651565, "tversky_alpha": 1.9344726174504252, "tversky_beta": 1.4129701072477197}, "datetime": {"datetime": "2018-12-21 02:54:27", "elapsed": 188.573831, "delta": 55.53618}}
{"target": 0.07155958498405546, "params": {"normalize": 0.0, "shrink": 0.7227146887296956, "similarity": 0.0, "topK": 3.6027747548459517, "tversky_alpha": 0.9462158648297967, "tversky_beta": 1.4550787769879943}, "datetime": {"datetime": "2018-12-21 02:55:40", "elapsed": 262.131813, "delta": 73.557982}}
{"target": 0.06836075778632801, "params": {"normalize": 0.0, "shrink": 0.25057591616143693, "similarity": 0.0, "topK": 11.527536877063302, "tversky_alpha": 0.09600744901975045, "tversky_beta": 1.9988012499182182}, "datetime": {"datetime": "2018-12-21 02:57:19", "elapsed": 361.364807, "delta": 99.232994}}
{"target": 0.0289220261059956, "params": {"normalize": 0.0, "shrink": 0.08072622128066809, "similarity": 0.0, "topK": 0.08475281404023516, "tversky_alpha": 0.10231622691181452, "tversky_beta": 1.7132015940240237}, "datetime": {"datetime": "2018-12-21 02:58:32", "elapsed": 434.289045, "delta": 72.924238}}
{"target": 0.06314181661521953, "params": {"normalize": 0.0, "shrink": 0.0, "similarity": 0.0, "topK": 7.368852234001025, "tversky_alpha": 2.0, "tversky_beta": 0.0}, "datetime": {"datetime": "2018-12-21 02:59:46", "elapsed": 508.271634, "delta": 73.982589}}
{"target": 0.07055461007453398, "params": {"normalize": 0.0, "shrink": 4.008978472715101e-09, "similarity": 0.0, "topK": 6.915466397058111, "tversky_alpha": 0.0, "tversky_beta": 2.0}, "datetime": {"datetime": "2018-12-21 03:00:46", "elapsed": 568.362668, "delta": 60.091034}}
{"target": 0.06226608284363169, "params": {"normalize": 0.0, "shrink": 7.0, "similarity": 0.0, "topK": 12.0, "tversky_alpha": 2.0, "tversky_beta": 2.0}, "datetime": {"datetime": "2018-12-21 03:02:00", "elapsed": 641.750779, "delta": 73.388111}}
{"target": 0.07243575187258812, "params": {"normalize": 0.0, "shrink": 0.040470312178053525, "similarity": 0.0, "topK": 5.107996579814049, "tversky_alpha": 1.9439221305770646, "tversky_beta": 1.9765865553003474}, "datetime": {"datetime": "2018-12-21 03:03:03", "elapsed": 704.587757, "delta": 62.836978}}
{"target": 0.059416955846443735, "params": {"normalize": 0.0, "shrink": 6.587166970517899, "similarity": 0.0, "topK": 11.787073453042925, "tversky_alpha": 0.014905578525250096, "tversky_beta": 0.07554725047168809}, "datetime": {"datetime": "2018-12-21 03:04:12", "elapsed": 774.460401, "delta": 69.872644}}
{"target": 0.06240348730730487, "params": {"normalize": 0.0, "shrink": 5.917099319941692, "similarity": 0.0, "topK": 11.692396124341416, "tversky_alpha": 0.0022654517016207354, "tversky_beta": 1.9978214435986705}, "datetime": {"datetime": "2018-12-21 03:05:25", "elapsed": 846.969845, "delta": 72.509444}}
{"target": 0.06951013055445301, "params": {"normalize": 0.0, "shrink": 4.42268299325648, "similarity": 0.0, "topK": 4.064444126307691, "tversky_alpha": 0.003890248089607695, "tversky_beta": 1.96054829335734}, "datetime": {"datetime": "2018-12-21 03:06:18", "elapsed": 899.58056, "delta": 52.610715}}
{"target": 0.05371729787890995, "params": {"normalize": 0.0, "shrink": 8.941349904367958e-09, "similarity": 0.0, "topK": 11.999999954454056, "tversky_alpha": 0.0, "tversky_beta": 6.363989354103888e-08}, "datetime": {"datetime": "2018-12-21 03:07:30", "elapsed": 972.285196, "delta": 72.704636}}
{"target": 0.06668494121127062, "params": {"normalize": 0.0, "shrink": 0.017898220888480663, "similarity": 0.0, "topK": 11.999999993649856, "tversky_alpha": 1.987362537509962, "tversky_beta": 1.9999999945746387}, "datetime": {"datetime": "2018-12-21 03:08:46", "elapsed": 1048.270896, "delta": 75.9857}}
{"target": 0.0700111211539319, "params": {"normalize": 0.0, "shrink": 2.6058627134739827, "similarity": 0.0, "topK": 3.908114454556411, "tversky_alpha": 1.9999999978615584, "tversky_beta": 1.9999999988408554}, "datetime": {"datetime": "2018-12-21 03:09:57", "elapsed": 1119.173833, "delta": 70.902937}}
{"target": 0.07076116717576827, "params": {"normalize": 0.0, "shrink": 1.551202013962745, "similarity": 0.0, "topK": 5.36371411301879, "tversky_alpha": 0.6345912673422116, "tversky_beta": 1.9833939840881936}, "datetime": {"datetime": "2018-12-21 03:11:12", "elapsed": 1193.830088, "delta": 74.656255}}
{"target": 0.06360606146698938, "params": {"normalize": 0.0, "shrink": 0.002988806674055655, "similarity": 0.0, "topK": 3.4594635774290894, "tversky_alpha": 1.9993518759504016, "tversky_beta": 0.014273732158937902}, "datetime": {"datetime": "2018-12-21 03:12:23", "elapsed": 1265.301663, "delta": 71.471575}}
{"target": 0.07076821477040753, "params": {"normalize": 0.0, "shrink": 0.06585091053417336, "similarity": 0.0, "topK": 6.821787412176468, "tversky_alpha": 1.628071935750553, "tversky_beta": 1.9969482147901503}, "datetime": {"datetime": "2018-12-21 03:13:48", "elapsed": 1349.582621, "delta": 84.280958}}
{"target": 0.06926244208663193, "params": {"normalize": 0.0, "shrink": 0.095456070207669, "similarity": 0.0, "topK": 4.887590676497886, "tversky_alpha": 0.17292058973633573, "tversky_beta": 1.9765666464092662}, "datetime": {"datetime": "2018-12-21 03:15:05", "elapsed": 1427.065711, "delta": 77.48309}}
{"target": 0.07196136340012567, "params": {"normalize": 0.0, "shrink": 0.6397135668624019, "similarity": 0.0, "topK": 4.813822135113442, "tversky_alpha": 1.9842984564633164, "tversky_beta": 1.9743789581792803}, "datetime": {"datetime": "2018-12-21 03:16:23", "elapsed": 1505.3042, "delta": 78.238489}}
{"target": 0.069623170752516, "params": {"normalize": 0.0, "shrink": 1.59320437187424, "similarity": 0.0, "topK": 4.697075705082746, "tversky_alpha": 1.061989333038314, "tversky_beta": 1.2669195670868338}, "datetime": {"datetime": "2018-12-21 03:17:35", "elapsed": 1576.550907, "delta": 71.246707}}
{"target": 0.07243575187258812, "params": {"normalize": 0.0, "shrink": 0.06436698320017831, "similarity": 0.0, "topK": 5.069139076005065, "tversky_alpha": 1.872581050675603, "tversky_beta": 1.9782739041631523}, "datetime": {"datetime": "2018-12-21 03:18:35", "elapsed": 1637.448254, "delta": 60.897347}}
{"target": 0.0691710477655229, "params": {"normalize": 0.0, "shrink": 6.975153709701635, "similarity": 0.0, "topK": 4.172695302968329, "tversky_alpha": 0.2465640904410662, "tversky_beta": 1.9593058352423425}, "datetime": {"datetime": "2018-12-21 03:19:33", "elapsed": 1694.580885, "delta": 57.132631}}
{"target": 0.07243575187258812, "params": {"normalize": 0.0, "shrink": 0.013497742691802372, "similarity": 0.0, "topK": 4.940482758863634, "tversky_alpha": 1.8377679214561338, "tversky_beta": 1.9790193641287044}, "datetime": {"datetime": "2018-12-21 03:20:32", "elapsed": 1754.460617, "delta": 59.879732}}
{"target": 0.07243575187258812, "params": {"normalize": 0.0, "shrink": 0.4522689924545269, "similarity": 0.0, "topK": 5.0542756545611365, "tversky_alpha": 1.9912061950956639, "tversky_beta": 1.9890315023079843}, "datetime": {"datetime": "2018-12-21 03:21:32", "elapsed": 1813.967171, "delta": 59.506554}}
{"target": 0.07243575187258812, "params": {"normalize": 0.0, "shrink": 0.0373384845249396, "similarity": 0.0, "topK": 4.7366834049316235, "tversky_alpha": 1.6214788320632885, "tversky_beta": 1.978038754220398}, "datetime": {"datetime": "2018-12-21 03:22:32", "elapsed": 1873.730393, "delta": 59.763222}}
{"target": 0.07264095754594352, "params": {"normalize": 0.0, "shrink": 0.0492465365006689, "similarity": 0.0, "topK": 5.470004851922285, "tversky_alpha": 1.281880988769179, "tversky_beta": 1.9332779946544756}, "datetime": {"datetime": "2018-12-21 03:23:43", "elapsed": 1944.481082, "delta": 70.750689}}
{"target": 0.07243575187258812, "params": {"normalize": 0.0, "shrink": 0.044665477346481075, "similarity": 0.0, "topK": 4.908854661161314, "tversky_alpha": 1.9895277568388108, "tversky_beta": 1.9404244679505678}, "datetime": {"datetime": "2018-12-21 03:24:43", "elapsed": 2005.019165, "delta": 60.538083}}
