{"target": 0.045751719482237295, "params": {"lambda_i": 1.389650205698674, "lambda_j": 1.147268594825797, "learning_rate": 1.4286116259001282, "sgd_mode": 0.8443834615052912}, "datetime": {"datetime": "2018-12-11 21:05:23", "elapsed": 0.0, "delta": 0.0}}
{"target": 0.0436128628432854, "params": {"lambda_i": 1.2263766642875964, "lambda_j": 0.48599886744667165, "learning_rate": 0.07544307965644625, "sgd_mode": 0.46724723338771024}, "datetime": {"datetime": "2018-12-11 21:17:54", "elapsed": 751.582691, "delta": 751.582691}}
{"target": 0.044343238189720205, "params": {"lambda_i": 2.384968847295497, "lambda_j": 1.0730836610365682, "learning_rate": 1.3149519912828471, "sgd_mode": 1.879406101277071}, "datetime": {"datetime": "2018-12-11 21:28:57", "elapsed": 1414.403587, "delta": 662.820896}}
{"target": 0.043699599017384586, "params": {"lambda_i": 0.022751007635178455, "lambda_j": 2.9370259272362316, "learning_rate": 1.9825004976107048, "sgd_mode": 2.8564922391501857}, "datetime": {"datetime": "2018-12-11 21:39:29", "elapsed": 2046.560241, "delta": 632.156654}}
{"target": 0.043761956664147096, "params": {"lambda_i": 2.9068978394546625, "lambda_j": 0.02338559864981804, "learning_rate": 0.1311314528125016, "sgd_mode": 0.18912176042937257}, "datetime": {"datetime": "2018-12-11 21:51:28", "elapsed": 2765.329113, "delta": 718.768872}}
{"target": 0.0347783719135802, "params": {"lambda_i": 2.9855526938899493, "lambda_j": 2.8893620777578715, "learning_rate": 0.11047437237603486, "sgd_mode": 2.9703426090080773}, "datetime": {"datetime": "2018-12-11 22:17:25", "elapsed": 4322.514475, "delta": 1557.185362}}
{"target": 0.04411430687830676, "params": {"lambda_i": 0.13739985190587756, "lambda_j": 0.06075007218838191, "learning_rate": 1.8650811405038965, "sgd_mode": 2.9800933987546636}, "datetime": {"datetime": "2018-12-11 22:29:04", "elapsed": 5021.577443, "delta": 699.062968}}
{"target": 0.047627497858402486, "params": {"lambda_i": 0.01816193959638923, "lambda_j": 0.9178908508549273, "learning_rate": 1.9618780801220324, "sgd_mode": 0.0005085493968760568}, "datetime": {"datetime": "2018-12-11 22:40:11", "elapsed": 5688.230498, "delta": 666.653055}}
{"target": 0.04775160717435111, "params": {"lambda_i": 0.009773028615586044, "lambda_j": 0.18998109190077206, "learning_rate": 1.9987137511322224, "sgd_mode": 0.05900269039677952}, "datetime": {"datetime": "2018-12-11 22:52:58", "elapsed": 6455.553181, "delta": 767.322683}}
{"target": 0.047509598828420124, "params": {"lambda_i": 2.9005095091137716, "lambda_j": 0.12024114165645472, "learning_rate": 1.9697222053462373, "sgd_mode": 0.08809946430369864}, "datetime": {"datetime": "2018-12-11 23:09:54", "elapsed": 7471.500501, "delta": 1015.94732}}
