{"target": 0.08168707113213056, "params": {"alphas0": 35.5491385423129, "alphas1": 36.86977614565285, "alphas10": 3.5692585790754006, "alphas11": 37.50460524559913, "alphas12": 6.043429509813691, "alphas13": 27.435190022940432, "alphas2": 38.78465094931737, "alphas3": 38.03917043955478, "alphas4": 7.871202045390793, "alphas5": 15.304939600948803, "alphas6": 0.520508486072293, "alphas7": 16.068662424114653, "alphas8": 17.823400363080495, "alphas9": 34.75761721622388}, "datetime": {"datetime": "2018-12-20 23:57:54", "elapsed": 0.0, "delta": 0.0}}
{"target": 0.08261202616126213, "params": {"alphas0": 14.648420835592656, "alphas1": 20.766475509938918, "alphas10": 29.2465673973074, "alphas11": 16.43130767191447, "alphas12": 3.2001355775877727, "alphas13": 10.374801883061773, "alphas2": 34.83311390085786, "alphas3": 22.9288712510065, "alphas4": 7.0168107751641395, "alphas5": 27.96431003830788, "alphas6": 18.89516229538618, "alphas7": 2.011505801215061, "alphas8": 15.825754143247753, "alphas9": 39.29918269168487}, "datetime": {"datetime": "2018-12-20 23:58:20", "elapsed": 25.618605, "delta": 25.618605}}
{"target": 0.0848298582445821, "params": {"alphas0": 9.890261829537291, "alphas1": 25.998242260738287, "alphas10": 30.0849431421636, "alphas11": 33.259866621904884, "alphas12": 0.6877784468811621, "alphas13": 16.53530881400181, "alphas2": 20.813491433318653, "alphas3": 1.5933039791626147, "alphas4": 17.935497381021015, "alphas5": 34.69107436701141, "alphas6": 17.781266454191417, "alphas7": 22.455848220010356, "alphas8": 3.381190211444043, "alphas9": 3.3915819392273416}, "datetime": {"datetime": "2018-12-20 23:58:46", "elapsed": 51.13926, "delta": 25.520655}}
{"target": 0.08566856238098376, "params": {"alphas0": 19.6515414187061, "alphas1": 15.78904166093194, "alphas10": 22.215326105668765, "alphas11": 7.023577403716841, "alphas12": 28.747293622138596, "alphas13": 18.355324056256915, "alphas2": 0.7909793632943707, "alphas3": 20.279289809375882, "alphas4": 23.85556412524659, "alphas5": 11.536608057571435, "alphas6": 25.790016174279845, "alphas7": 33.22505474278516, "alphas8": 2.5485945676805732, "alphas9": 39.51450506011977}, "datetime": {"datetime": "2018-12-20 23:59:11", "elapsed": 76.68011, "delta": 25.54085}}
{"target": 0.07636886987409948, "params": {"alphas0": 28.703391691099597, "alphas1": 9.261403546446644, "alphas10": 4.336372930598813, "alphas11": 23.034437328057756, "alphas12": 23.76693771756639, "alphas13": 15.318344632219452, "alphas2": 9.016357986223152, "alphas3": 29.039759404397557, "alphas4": 7.552719148002129, "alphas5": 10.301291619113716, "alphas6": 31.399169898285045, "alphas7": 10.62757092129174, "alphas8": 28.299127819369055, "alphas9": 23.36290773468796}, "datetime": {"datetime": "2018-12-20 23:59:23", "elapsed": 88.07848, "delta": 11.39837}}
{"target": 0.07695498166933218, "params": {"alphas0": 9.055975980555505, "alphas1": 2.6702913673877893, "alphas10": 12.78046942878753, "alphas11": 0.17706011161414903, "alphas12": 16.16835100829778, "alphas13": 28.73601887350846, "alphas2": 20.57379536545622, "alphas3": 27.980785130777484, "alphas4": 9.523492349810638, "alphas5": 39.03983277520683, "alphas6": 39.3269103198275, "alphas7": 15.109222026960975, "alphas8": 26.46860079477611, "alphas9": 28.67792917949755}, "datetime": {"datetime": "2018-12-20 23:59:34", "elapsed": 99.499765, "delta": 11.421285}}
{"target": 0.0826746180057784, "params": {"alphas0": 12.206927345006342, "alphas1": 32.01463536360096, "alphas10": 12.913723042422184, "alphas11": 22.14763724796544, "alphas12": 15.385532375914813, "alphas13": 28.801732661544648, "alphas2": 2.595219104740991, "alphas3": 22.70272051911368, "alphas4": 39.3904976394226, "alphas5": 23.65257517028331, "alphas6": 33.15487486585425, "alphas7": 24.980331516665217, "alphas8": 13.982862119171443, "alphas9": 38.53522542051271}, "datetime": {"datetime": "2018-12-20 23:59:45", "elapsed": 110.883441, "delta": 11.383676}}
{"target": 0.08147883345911235, "params": {"alphas0": 2.1956354775619635, "alphas1": 3.3460347216990405, "alphas10": 30.213146227402707, "alphas11": 38.18380048290112, "alphas12": 17.248096368851918, "alphas13": 6.504479266637495, "alphas2": 12.531013585761052, "alphas3": 22.679458883688103, "alphas4": 2.482216017569727, "alphas5": 27.588134482082562, "alphas6": 34.05987051599732, "alphas7": 18.432184238937467, "alphas8": 13.249588194796749, "alphas9": 36.92681444578863}, "datetime": {"datetime": "2018-12-20 23:59:57", "elapsed": 122.296476, "delta": 11.413035}}
{"target": 0.07678713194693129, "params": {"alphas0": 17.984424481331406, "alphas1": 32.8298718323669, "alphas10": 7.370524691365805, "alphas11": 18.99618061793541, "alphas12": 37.57339182756736, "alphas13": 30.168182971534904, "alphas2": 39.57888715590812, "alphas3": 31.261442743665416, "alphas4": 14.183028688820404, "alphas5": 18.469485756157134, "alphas6": 6.172025662469176, "alphas7": 36.13340517333282, "alphas8": 38.634818493544586, "alphas9": 27.353306486468277}, "datetime": {"datetime": "2018-12-21 00:00:08", "elapsed": 133.70058, "delta": 11.404104}}
{"target": 0.08019508424386115, "params": {"alphas0": 16.901566818626577, "alphas1": 10.562168285081794, "alphas10": 14.661745815356184, "alphas11": 35.57442094439698, "alphas12": 0.5585331424552731, "alphas13": 18.140284321206792, "alphas2": 38.8535723099041, "alphas3": 34.09952605882958, "alphas4": 10.059389657500159, "alphas5": 23.407748079564218, "alphas6": 8.739133841565781, "alphas7": 4.148701465769085, "alphas8": 18.89189893382799, "alphas9": 26.830934360795858}, "datetime": {"datetime": "2018-12-21 00:00:20", "elapsed": 145.13078, "delta": 11.4302}}
{"target": 0.08114886110952313, "params": {"alphas0": 0.8853482888212971, "alphas1": 36.930240302061506, "alphas10": 32.914339224887776, "alphas11": 4.834296465289838, "alphas12": 36.00933523800413, "alphas13": 16.963544358212303, "alphas2": 36.15630783755443, "alphas3": 20.753190042163624, "alphas4": 18.057068549347264, "alphas5": 13.430446791634969, "alphas6": 1.7790914077230013, "alphas7": 11.580782485630174, "alphas8": 24.085448820703242, "alphas9": 39.58159344157518}, "datetime": {"datetime": "2018-12-21 00:00:31", "elapsed": 156.525183, "delta": 11.394403}}
{"target": 0.08440762529629237, "params": {"alphas0": 7.276063890803446, "alphas1": 4.400629018570621, "alphas10": 25.696174677086546, "alphas11": 9.84827926157655, "alphas12": 16.484504728270217, "alphas13": 28.92587484601386, "alphas2": 7.635102346031668, "alphas3": 32.11934142862363, "alphas4": 3.3826534984144407, "alphas5": 2.3085701264367353, "alphas6": 13.809158973611805, "alphas7": 33.582847045321685, "alphas8": 1.9980712947499013, "alphas9": 18.806659973954908}, "datetime": {"datetime": "2018-12-21 00:00:42", "elapsed": 167.974873, "delta": 11.44969}}
{"target": 0.08095429853824594, "params": {"alphas0": 10.612988758311914, "alphas1": 11.33382188146654, "alphas10": 26.628594652199094, "alphas11": 5.080350900552051, "alphas12": 2.522083022339894, "alphas13": 26.40338673523077, "alphas2": 39.044264503626565, "alphas3": 27.700616252711455, "alphas4": 30.36068782520516, "alphas5": 2.5255560781549535, "alphas6": 32.124287397722135, "alphas7": 16.873075099659083, "alphas8": 17.50450326859813, "alphas9": 0.5636246169096948}, "datetime": {"datetime": "2018-12-21 00:00:54", "elapsed": 179.40834, "delta": 11.433467}}
{"target": 0.07804054661282801, "params": {"alphas0": 10.13867226661886, "alphas1": 8.305734149335233, "alphas10": 12.78327279569664, "alphas11": 23.91333292171618, "alphas12": 25.07219012310098, "alphas13": 17.857467065551763, "alphas2": 19.757563724063594, "alphas3": 9.997452005015429, "alphas4": 36.70019110613479, "alphas5": 35.45372398606837, "alphas6": 12.550686467723317, "alphas7": 25.34791254355735, "alphas8": 23.250646222726303, "alphas9": 23.75378058263882}, "datetime": {"datetime": "2018-12-21 00:01:05", "elapsed": 190.802831, "delta": 11.394491}}
{"target": 0.0849397971317839, "params": {"alphas0": 22.022096078344973, "alphas1": 12.273557106542992, "alphas10": 37.803628287403875, "alphas11": 2.3572104421651607, "alphas12": 25.50469332450239, "alphas13": 31.278508837612684, "alphas2": 2.1704442099807686, "alphas3": 34.323779542476245, "alphas4": 35.98339447443622, "alphas5": 18.719342023483417, "alphas6": 36.991335397408406, "alphas7": 36.19949330926151, "alphas8": 2.7490751578326034, "alphas9": 26.1944504438912}, "datetime": {"datetime": "2018-12-21 00:01:17", "elapsed": 202.241082, "delta": 11.438251}}
{"target": 0.08417016048605334, "params": {"alphas0": 32.75951505768203, "alphas1": 39.746149959958956, "alphas10": 39.48144632095132, "alphas11": 0.5284996977487211, "alphas12": 7.742756002267934, "alphas13": 4.063080235079086, "alphas2": 4.7140901762681064, "alphas3": 37.39292079694144, "alphas4": 26.048414686607547, "alphas5": 1.2645907953765878, "alphas6": 9.33929279604364, "alphas7": 38.4723884226903, "alphas8": 2.5226458127037032, "alphas9": 32.99139687360555}, "datetime": {"datetime": "2018-12-21 00:01:51", "elapsed": 236.128187, "delta": 33.887105}}
{"target": 0.08385949635562463, "params": {"alphas0": 20.57228463275311, "alphas1": 5.074772839945054, "alphas10": 38.73251280079939, "alphas11": 37.66093603439329, "alphas12": 5.192358492564484, "alphas13": 32.00768354687982, "alphas2": 11.287563246588013, "alphas3": 6.101008213425527, "alphas4": 38.58753013039471, "alphas5": 0.8793133737954673, "alphas6": 3.3796825410424036, "alphas7": 36.461552886325855, "alphas8": 0.9480057635279904, "alphas9": 37.47929655157585}, "datetime": {"datetime": "2018-12-21 00:02:25", "elapsed": 270.434498, "delta": 34.306311}}
{"target": 0.08086158898066645, "params": {"alphas0": 18.375814125825816, "alphas1": 35.16450403107892, "alphas10": 39.984759071465504, "alphas11": 16.38912115575453, "alphas12": 35.884984786970215, "alphas13": 39.988391615129785, "alphas2": 26.903534573701947, "alphas3": 10.174872162583387, "alphas4": 2.767483468730698, "alphas5": 8.51607496329227, "alphas6": 0.8223211407773734, "alphas7": 1.899083682596796, "alphas8": 0.7776218406200375, "alphas9": 17.84078703957695}, "datetime": {"datetime": "2018-12-21 00:02:58", "elapsed": 303.725913, "delta": 33.291415}}
{"target": 0.08727935688688591, "params": {"alphas0": 1.7713984201139343, "alphas1": 25.14504088739828, "alphas10": 1.3972358648227434, "alphas11": 15.503588456883111, "alphas12": 2.1632504193023028, "alphas13": 38.451096611156366, "alphas2": 34.1341283784477, "alphas3": 10.903199678579337, "alphas4": 4.709451336817199, "alphas5": 3.8122539681101664, "alphas6": 30.761418262650192, "alphas7": 38.05422845273841, "alphas8": 1.0128734025280428, "alphas9": 38.35863592758909}, "datetime": {"datetime": "2018-12-21 00:03:45", "elapsed": 350.684466, "delta": 46.958553}}
{"target": 0.08501271086948757, "params": {"alphas0": 12.386253482996308, "alphas1": 17.671025181786334, "alphas10": 35.3149363403731, "alphas11": 28.635990741751804, "alphas12": 8.247091397406594, "alphas13": 3.1526090650703376, "alphas2": 37.14540930610244, "alphas3": 14.506308663789653, "alphas4": 37.716679980091044, "alphas5": 2.192893521483752, "alphas6": 37.66993369105855, "alphas7": 39.062665519496605, "alphas8": 2.5526198458300975, "alphas9": 38.5154363163143}, "datetime": {"datetime": "2018-12-21 00:04:18", "elapsed": 383.777971, "delta": 33.093505}}
{"target": 0.08597597799697962, "params": {"alphas0": 0.5219730872310491, "alphas1": 34.20262630731751, "alphas10": 10.928274655551423, "alphas11": 37.02336497755251, "alphas12": 17.856264988627476, "alphas13": 4.350739074875594, "alphas2": 20.185252810207608, "alphas3": 39.866504519385245, "alphas4": 13.092238461245213, "alphas5": 0.31875585478977175, "alphas6": 31.633805390545472, "alphas7": 39.8026679794377, "alphas8": 0.45579298828219983, "alphas9": 9.87202775222996}, "datetime": {"datetime": "2018-12-21 00:04:52", "elapsed": 417.252954, "delta": 33.474983}}
{"target": 0.0839748974046962, "params": {"alphas0": 3.303505833998064, "alphas1": 15.511424252521756, "alphas10": 30.952050093531177, "alphas11": 19.503944608738273, "alphas12": 0.6319293926283276, "alphas13": 33.92848141090604, "alphas2": 4.578386538604455, "alphas3": 38.66650394248597, "alphas4": 37.56580771876028, "alphas5": 0.2270436253263286, "alphas6": 6.2769376402053645, "alphas7": 39.46731660187256, "alphas8": 0.2608230269645162, "alphas9": 39.14890058753856}, "datetime": {"datetime": "2018-12-21 00:05:24", "elapsed": 449.944193, "delta": 32.691239}}
{"target": 0.08362520050677075, "params": {"alphas0": 6.5975748471417095, "alphas1": 36.58883725755625, "alphas10": 34.54004310233004, "alphas11": 6.65634449238945, "alphas12": 5.995682273401055, "alphas13": 2.867072719562822, "alphas2": 23.755165717070753, "alphas3": 9.037929128486354, "alphas4": 0.8871431971842236, "alphas5": 11.28326803926749, "alphas6": 27.700071219419208, "alphas7": 39.84046665024897, "alphas8": 0.7719357681476335, "alphas9": 29.045373979573576}, "datetime": {"datetime": "2018-12-21 00:05:58", "elapsed": 483.95856, "delta": 34.014367}}
{"target": 0.08691363398463223, "params": {"alphas0": 0.5220353014750723, "alphas1": 38.65320817309779, "alphas10": 0.28890667973227036, "alphas11": 21.697126957824434, "alphas12": 21.2468462304061, "alphas13": 4.298135291077205, "alphas2": 33.0013306927265, "alphas3": 38.18881494086047, "alphas4": 37.84371499715513, "alphas5": 1.0632444932176055, "alphas6": 20.368080658943967, "alphas7": 3.2526351693898015, "alphas8": 0.6902772287596726, "alphas9": 27.087058689105415}, "datetime": {"datetime": "2018-12-21 00:06:32", "elapsed": 517.851241, "delta": 33.892681}}
{"target": 0.08576113778312541, "params": {"alphas0": 5.152918237724955, "alphas1": 37.56479034922501, "alphas10": 28.1650841354938, "alphas11": 32.253040395133176, "alphas12": 14.7340298380356, "alphas13": 10.84303952479285, "alphas2": 29.287904904077273, "alphas3": 32.956169533778535, "alphas4": 39.81125397202601, "alphas5": 38.95303805048515, "alphas6": 38.27870960838193, "alphas7": 33.67669101187279, "alphas8": 1.5437243882934215, "alphas9": 37.83285167232854}, "datetime": {"datetime": "2018-12-21 00:07:07", "elapsed": 552.497424, "delta": 34.646183}}
{"target": 0.08690956117451701, "params": {"alphas0": 9.098969893870859, "alphas1": 37.930087533921615, "alphas10": 1.1603296412599429, "alphas11": 9.535213152613814, "alphas12": 8.544445721275622, "alphas13": 8.664797814123482, "alphas2": 38.191740258348474, "alphas3": 18.41989501291117, "alphas4": 34.766382426787445, "alphas5": 38.4640683436422, "alphas6": 26.755653772060523, "alphas7": 28.76120793936007, "alphas8": 0.8792666659128878, "alphas9": 36.23077188008095}, "datetime": {"datetime": "2018-12-21 00:07:42", "elapsed": 587.337726, "delta": 34.840302}}
{"target": 0.08705615942015603, "params": {"alphas0": 2.114418808002796, "alphas1": 35.205659106613254, "alphas10": 5.242215984140484, "alphas11": 21.414296617396424, "alphas12": 3.1614178079378297, "alphas13": 36.284067852798636, "alphas2": 1.6907034950177113, "alphas3": 39.66509532225092, "alphas4": 39.995522298566094, "alphas5": 0.04849972041373718, "alphas6": 30.84247943898305, "alphas7": 0.4933550972259626, "alphas8": 1.5557005412256641, "alphas9": 23.303079090330346}, "datetime": {"datetime": "2018-12-21 00:08:16", "elapsed": 621.973634, "delta": 34.635908}}
{"target": 0.08674457176578207, "params": {"alphas0": 3.5799993870954694, "alphas1": 30.968038235804872, "alphas10": 0.6492952967262378, "alphas11": 37.46742187649422, "alphas12": 4.834585926403316, "alphas13": 11.962421719706793, "alphas2": 3.765078279956877, "alphas3": 23.006114384999155, "alphas4": 39.196384037514434, "alphas5": 7.415002401775048, "alphas6": 36.487037858572116, "alphas7": 24.30008753044532, "alphas8": 1.1465715904277562, "alphas9": 32.294090166949424}, "datetime": {"datetime": "2018-12-21 00:08:50", "elapsed": 655.711058, "delta": 33.737424}}
{"target": 0.08674217526339462, "params": {"alphas0": 1.468283335966385, "alphas1": 39.13212052574137, "alphas10": 0.1135137510078188, "alphas11": 32.585149861175, "alphas12": 32.31557206882692, "alphas13": 37.82084166999615, "alphas2": 30.478343209427305, "alphas3": 37.19346013057416, "alphas4": 39.97113416701652, "alphas5": 14.604766037849126, "alphas6": 39.07033813444971, "alphas7": 32.04522701068526, "alphas8": 2.0706347280513793, "alphas9": 32.10722103449264}, "datetime": {"datetime": "2018-12-21 00:09:25", "elapsed": 690.497911, "delta": 34.786853}}
{"target": 0.08668695976410669, "params": {"alphas0": 5.716030561538434, "alphas1": 37.9053656839269, "alphas10": 6.211849895630368, "alphas11": 12.302784856222186, "alphas12": 5.587075704056135, "alphas13": 21.87303870665704, "alphas2": 35.48272982853592, "alphas3": 0.6915286891155592, "alphas4": 38.43165449790188, "alphas5": 25.893520235819523, "alphas6": 28.212506322229018, "alphas7": 22.606818040970783, "alphas8": 0.3626801288326309, "alphas9": 35.27996847740615}, "datetime": {"datetime": "2018-12-21 00:09:59", "elapsed": 724.959351, "delta": 34.46144}}
{"target": 0.0870499208380245, "params": {"alphas0": 3.73179881616553, "alphas1": 28.350568830377142, "alphas10": 2.512273990972469, "alphas11": 7.44359567300259, "alphas12": 7.120121073718155, "alphas13": 0.6899022207958572, "alphas2": 27.177007725670226, "alphas3": 29.200325277426764, "alphas4": 38.98508084013843, "alphas5": 1.9898511097071658, "alphas6": 38.985224862494036, "alphas7": 2.7360075739229295, "alphas8": 0.8952834068468452, "alphas9": 33.025533456879174}, "datetime": {"datetime": "2018-12-21 00:10:33", "elapsed": 758.998253, "delta": 34.038902}}
{"target": 0.08548994339851318, "params": {"alphas0": 18.01807556821329, "alphas1": 35.42023549320028, "alphas10": 5.982184928049472, "alphas11": 32.00769896953214, "alphas12": 6.90798231242133, "alphas13": 19.038161184695337, "alphas2": 38.63971149591836, "alphas3": 36.448876081333, "alphas4": 13.577537833276025, "alphas5": 5.56937027634095, "alphas6": 37.69461375966379, "alphas7": 0.685598226499553, "alphas8": 0.07451059766091728, "alphas9": 39.486382193482854}, "datetime": {"datetime": "2018-12-21 00:11:08", "elapsed": 793.326013, "delta": 34.32776}}
{"target": 0.08580645951791296, "params": {"alphas0": 0.3406410997227649, "alphas1": 34.48864002515825, "alphas10": 1.9850320724967618, "alphas11": 2.885296501528374, "alphas12": 6.67702531421194, "alphas13": 9.680214330356765, "alphas2": 37.44747440496278, "alphas3": 37.75821959242892, "alphas4": 29.34943913244649, "alphas5": 7.074214755288826, "alphas6": 36.04331846067953, "alphas7": 38.80167190626496, "alphas8": 4.144156958981133, "alphas9": 29.123513850071458}, "datetime": {"datetime": "2018-12-21 00:11:43", "elapsed": 828.917255, "delta": 35.591242}}
{"target": 0.08619521379686425, "params": {"alphas0": 10.324614276034918, "alphas1": 38.79302730352578, "alphas10": 2.289491176625984, "alphas11": 3.5363687546038003, "alphas12": 3.540356084337324, "alphas13": 32.16037845133741, "alphas2": 3.6369237472771987, "alphas3": 4.83173965564625, "alphas4": 32.101871910503405, "alphas5": 1.9200049374571249, "alphas6": 26.780227105887654, "alphas7": 6.009373643163509, "alphas8": 1.2984076251786858, "alphas9": 36.26178972058449}, "datetime": {"datetime": "2018-12-21 00:12:19", "elapsed": 864.327364, "delta": 35.410109}}
{"target": 0.08578052226832746, "params": {"alphas0": 12.271157566547108, "alphas1": 39.242390637346766, "alphas10": 3.913938263805501, "alphas11": 31.343347442382232, "alphas12": 2.607441880508614, "alphas13": 0.3076235014864448, "alphas2": 10.215545330248839, "alphas3": 7.9217897083491895, "alphas4": 6.312666082667611, "alphas5": 11.665923522696007, "alphas6": 22.027162770368463, "alphas7": 39.5244188552858, "alphas8": 0.5827888624774813, "alphas9": 39.93355681329018}, "datetime": {"datetime": "2018-12-21 00:12:54", "elapsed": 899.500369, "delta": 35.173005}}
{"target": 0.08678925608353265, "params": {"alphas0": 2.5040070005733206, "alphas1": 38.41112226488544, "alphas10": 7.140011135125031, "alphas11": 1.4721081313144646, "alphas12": 19.367361775797903, "alphas13": 24.42307599097542, "alphas2": 37.10376462435742, "alphas3": 35.83074963984474, "alphas4": 38.711603759834745, "alphas5": 3.7966301523575385, "alphas6": 23.598285814030366, "alphas7": 39.87435995337314, "alphas8": 0.1908389695156565, "alphas9": 39.61547826826098}, "datetime": {"datetime": "2018-12-21 00:13:29", "elapsed": 934.361932, "delta": 34.861563}}
{"target": 0.0869235948533861, "params": {"alphas0": 0.37325602075306996, "alphas1": 39.924508004890214, "alphas10": 0.9446091907346288, "alphas11": 5.632797607161897, "alphas12": 1.9875795692584175, "alphas13": 28.538198502542592, "alphas2": 17.53879129241453, "alphas3": 32.548567690929296, "alphas4": 39.17665572713886, "alphas5": 23.695544036533562, "alphas6": 35.59785227461366, "alphas7": 5.970095056685354, "alphas8": 0.5532676570940831, "alphas9": 37.21051582053112}, "datetime": {"datetime": "2018-12-21 00:14:04", "elapsed": 969.888816, "delta": 35.526884}}
{"target": 0.08600354506484642, "params": {"alphas0": 0.39879919547294307, "alphas1": 38.8636494160101, "alphas10": 13.408942871890668, "alphas11": 22.740533625457378, "alphas12": 7.426066984911932, "alphas13": 24.700446316902887, "alphas2": 20.178705030405858, "alphas3": 37.796254917600855, "alphas4": 35.15341059651053, "alphas5": 0.747556481511169, "alphas6": 30.99604951304184, "alphas7": 14.657656717490962, "alphas8": 0.31998996898988885, "alphas9": 39.695414927343045}, "datetime": {"datetime": "2018-12-21 00:14:39", "elapsed": 1004.206727, "delta": 34.317911}}
