{"target": 0.08644415910294558, "params": {"alphas0": 6.3431092521057675, "alphas1": 39.098880186812075, "alphas10": 9.12661635860674, "alphas11": 0.7514253770167878, "alphas12": 3.958666725667319, "alphas13": 30.314389120131757, "alphas2": 27.694205530484904, "alphas3": 38.906919021846434, "alphas4": 29.798733765442655, "alphas5": 22.503042855552838, "alphas6": 29.64708721349355, "alphas7": 24.628230363994085, "alphas8": 0.28418274625037654, "alphas9": 35.04188815002198}, "datetime": {"datetime": "2018-12-21 00:38:15", "elapsed": 2420.743595, "delta": 37.616076}}
{"target": 0.08683051066135518, "params": {"alphas0": 2.127189825813134, "alphas1": 39.419838245538685, "alphas10": 5.724159907170527, "alphas11": 21.755191049744806, "alphas12": 1.4084985862449262, "alphas13": 28.234834367583744, "alphas2": 5.289099125626966, "alphas3": 20.531145429998418, "alphas4": 35.31607483223565, "alphas5": 26.07728566113005, "alphas6": 26.560215211362397, "alphas7": 14.101576410727276, "alphas8": 0.6421925537577255, "alphas9": 34.09837136450672}, "datetime": {"datetime": "2018-12-21 00:38:52", "elapsed": 2457.384021, "delta": 36.640426}}
{"target": 0.08664865155209274, "params": {"alphas0": 1.1980057653441767, "alphas1": 39.837981910788905, "alphas10": 7.619536297529446, "alphas11": 33.81518916912269, "alphas12": 33.240646591463936, "alphas13": 23.096617272047407, "alphas2": 0.1955553503570906, "alphas3": 38.974426579588695, "alphas4": 34.71573430786609, "alphas5": 5.002954109893603, "alphas6": 24.793303099302918, "alphas7": 18.589184733040646, "alphas8": 0.684983846470808, "alphas9": 32.89925315773498}, "datetime": {"datetime": "2018-12-21 00:39:28", "elapsed": 2493.786248, "delta": 36.402227}}
{"target": 0.08615840926387108, "params": {"alphas0": 3.7868939124532686, "alphas1": 39.25107510540848, "alphas10": 12.623937846488023, "alphas11": 23.810266652983728, "alphas12": 35.05219662265955, "alphas13": 35.740463297666395, "alphas2": 11.321014093151796, "alphas3": 29.621955145919898, "alphas4": 33.02690896329639, "alphas5": 3.5102880753279253, "alphas6": 37.57840939700069, "alphas7": 35.053747060234805, "alphas8": 0.26480857945319514, "alphas9": 35.9351269625958}, "datetime": {"datetime": "2018-12-21 00:40:05", "elapsed": 2530.889535, "delta": 37.103287}}
{"target": 0.08610261403404032, "params": {"alphas0": 3.768679845548837, "alphas1": 35.49313883161818, "alphas10": 8.651376811560203, "alphas11": 7.798025525494019, "alphas12": 3.9306467119439636, "alphas13": 2.37350288451311, "alphas2": 4.165741100386198, "alphas3": 33.575485441916136, "alphas4": 7.33004964253452, "alphas5": 8.259062882039068, "alphas6": 29.94499422940249, "alphas7": 37.692350553598914, "alphas8": 0.5526196898779734, "alphas9": 31.69949389939621}, "datetime": {"datetime": "2018-12-21 00:40:42", "elapsed": 2567.949098, "delta": 37.059563}}
{"target": 0.08684163715315905, "params": {"alphas0": 0.856718803200569, "alphas1": 39.136169975884755, "alphas10": 4.794145741905185, "alphas11": 31.99578413724147, "alphas12": 19.241117445000206, "alphas13": 16.422459080987824, "alphas2": 7.092587381949578, "alphas3": 39.13134934732741, "alphas4": 36.164867594175185, "alphas5": 17.650549314909128, "alphas6": 19.130819739419678, "alphas7": 18.522044637981434, "alphas8": 0.44125971450419854, "alphas9": 36.73034632493939}, "datetime": {"datetime": "2018-12-21 00:41:17", "elapsed": 2602.857919, "delta": 34.908821}}
{"target": 0.0870159569122664, "params": {"alphas0": 1.1932312182879778, "alphas1": 38.57059624342214, "alphas10": 3.941185375880032, "alphas11": 32.094528416805694, "alphas12": 10.017312633778399, "alphas13": 29.233974669356222, "alphas2": 33.50489785605355, "alphas3": 5.76926918637009, "alphas4": 35.941612790764054, "alphas5": 17.154763996238632, "alphas6": 19.658060090494693, "alphas7": 37.83283884462235, "alphas8": 0.31370926502821916, "alphas9": 30.07635595309603}, "datetime": {"datetime": "2018-12-21 00:41:57", "elapsed": 2642.2594, "delta": 39.401481}}
{"target": 0.0856329660741402, "params": {"alphas0": 13.21680104518347, "alphas1": 38.417236671351446, "alphas10": 3.771021610353298, "alphas11": 15.655705700301311, "alphas12": 0.9569253401964417, "alphas13": 36.99360563312577, "alphas2": 39.58419204269136, "alphas3": 33.95513220299833, "alphas4": 32.63805775443822, "alphas5": 19.876182459153036, "alphas6": 2.458415201058921, "alphas7": 1.9645281150644012, "alphas8": 0.09457923685027403, "alphas9": 39.05857253132266}, "datetime": {"datetime": "2018-12-21 00:42:35", "elapsed": 2680.39877, "delta": 38.13937}}
{"target": 0.08686229729964906, "params": {"alphas0": 0.15834822031952633, "alphas1": 38.08098582767736, "alphas10": 6.731304877020978, "alphas11": 0.0475453526358427, "alphas12": 25.251590980148954, "alphas13": 37.782930235710005, "alphas2": 35.08188298781861, "alphas3": 38.61154080972967, "alphas4": 38.0027473828286, "alphas5": 31.662541796190684, "alphas6": 25.895309506722732, "alphas7": 3.4106503541453925, "alphas8": 0.12646128498560394, "alphas9": 35.128444750742915}, "datetime": {"datetime": "2018-12-21 00:43:13", "elapsed": 2718.060886, "delta": 37.662116}}
{"target": 0.08669177621494537, "params": {"alphas0": 2.127461098789607, "alphas1": 39.82179009850637, "alphas10": 0.11122196884376212, "alphas11": 11.244082495262507, "alphas12": 12.463718787460301, "alphas13": 0.329198130823376, "alphas2": 23.435848283280308, "alphas3": 3.4864592414210627, "alphas4": 39.708223644512174, "alphas5": 35.82007530243126, "alphas6": 27.992802400737435, "alphas7": 36.3493878330124, "alphas8": 0.9179477521481383, "alphas9": 25.97283046180342}, "datetime": {"datetime": "2018-12-21 00:43:50", "elapsed": 2755.695808, "delta": 37.634922}}
{"target": 0.08659096713014264, "params": {"alphas0": 2.3341405117143488, "alphas1": 36.62537543158308, "alphas10": 1.0212259942180513, "alphas11": 9.307821212045742, "alphas12": 15.581310402156792, "alphas13": 12.286744700214708, "alphas2": 14.338628750452918, "alphas3": 23.73722060712472, "alphas4": 38.428850785473585, "alphas5": 4.545952469957406, "alphas6": 6.793233026422327, "alphas7": 39.68434722401003, "alphas8": 0.21301633928060948, "alphas9": 33.082600355390696}, "datetime": {"datetime": "2018-12-21 00:44:27", "elapsed": 2792.588793, "delta": 36.892985}}
{"target": 0.08610151456940807, "params": {"alphas0": 1.3665738106779823, "alphas1": 39.30682841615051, "alphas10": 2.6202494208867577, "alphas11": 7.216989827050262, "alphas12": 18.989865301131413, "alphas13": 25.58937628627222, "alphas2": 30.538069401307993, "alphas3": 4.402598879619131, "alphas4": 29.915206523501073, "alphas5": 4.84022094765713, "alphas6": 4.776419881309235, "alphas7": 9.18226200315229, "alphas8": 0.4223366130683859, "alphas9": 37.084482997153756}, "datetime": {"datetime": "2018-12-21 00:45:05", "elapsed": 2830.993357, "delta": 38.404564}}
{"target": 0.08631142455455268, "params": {"alphas0": 3.53160554225441, "alphas1": 36.37422627692945, "alphas10": 4.929654906935115, "alphas11": 13.945822134676291, "alphas12": 2.7728714533449406, "alphas13": 1.3745415264973104, "alphas2": 16.026753922822046, "alphas3": 35.80558482259426, "alphas4": 12.71726153012895, "alphas5": 10.719010140309964, "alphas6": 16.015530111393666, "alphas7": 37.50772164011467, "alphas8": 0.057660413234330576, "alphas9": 35.48817952259293}, "datetime": {"datetime": "2018-12-21 00:45:43", "elapsed": 2868.674799, "delta": 37.681442}}
{"target": 0.08664934587211195, "params": {"alphas0": 0.6660683251948551, "alphas1": 38.853564997543025, "alphas10": 1.9214437783495564, "alphas11": 16.388518426008908, "alphas12": 5.069674683303096, "alphas13": 26.624318641337688, "alphas2": 7.560005577540996, "alphas3": 11.915675042725923, "alphas4": 19.12733571508621, "alphas5": 23.80698434954155, "alphas6": 14.530697335009343, "alphas7": 38.42410023092071, "alphas8": 0.15325197126905277, "alphas9": 38.95377639814616}, "datetime": {"datetime": "2018-12-21 00:46:19", "elapsed": 2904.498085, "delta": 35.823286}}
{"target": 0.08684937187573524, "params": {"alphas0": 2.375377807331205, "alphas1": 36.83641732008434, "alphas10": 3.2849221875601353, "alphas11": 24.15611617238924, "alphas12": 15.873440216012934, "alphas13": 25.99929647371603, "alphas2": 29.120880873323657, "alphas3": 34.7490761669843, "alphas4": 36.999718207571874, "alphas5": 37.492717515573794, "alphas6": 4.883003209196506, "alphas7": 35.30095096439058, "alphas8": 0.1789428243977964, "alphas9": 35.685101877504636}, "datetime": {"datetime": "2018-12-21 00:46:57", "elapsed": 2942.900405, "delta": 38.40232}}
{"target": 0.08662058752194186, "params": {"alphas0": 3.6659204845458504, "alphas1": 38.2729553484496, "alphas10": 1.3504883201990614, "alphas11": 16.89720363070306, "alphas12": 10.267008111992917, "alphas13": 37.092287224123865, "alphas2": 0.6344410917612242, "alphas3": 6.787097216263125, "alphas4": 30.44386139140629, "alphas5": 37.200417258597845, "alphas6": 23.98863062036808, "alphas7": 35.98722434824013, "alphas8": 0.16885755031370575, "alphas9": 34.46286254165378}, "datetime": {"datetime": "2018-12-21 00:47:35", "elapsed": 2980.90044, "delta": 38.000035}}
{"target": 0.08526240066847876, "params": {"alphas0": 3.5263497169953917, "alphas1": 39.66693232679687, "alphas10": 17.372207851018267, "alphas11": 6.944716255211314, "alphas12": 5.648622291998757, "alphas13": 38.24740845110529, "alphas2": 8.635029692397689, "alphas3": 9.636409769593053, "alphas4": 35.47886568059881, "alphas5": 1.9751046228396474, "alphas6": 4.774219506229946, "alphas7": 31.434249143371538, "alphas8": 0.5808889064984335, "alphas9": 38.65109631737634}, "datetime": {"datetime": "2018-12-21 00:48:14", "elapsed": 3019.617173, "delta": 38.716733}}
{"target": 0.08670095925873327, "params": {"alphas0": 3.5795994181099333, "alphas1": 23.987759477595784, "alphas10": 0.9453641059063234, "alphas11": 26.245480160921325, "alphas12": 0.7323547411291731, "alphas13": 32.866114120720894, "alphas2": 32.33169120352221, "alphas3": 34.31235875966152, "alphas4": 13.191386293247342, "alphas5": 23.488132889167474, "alphas6": 29.68502532405218, "alphas7": 39.052735762481866, "alphas8": 0.3817317288601174, "alphas9": 38.04194960413263}, "datetime": {"datetime": "2018-12-21 00:48:52", "elapsed": 3057.442716, "delta": 37.825543}}
{"target": 0.0869183937572418, "params": {"alphas0": 2.934972575229633, "alphas1": 39.37829280879113, "alphas10": 1.2362609765404908, "alphas11": 32.60551726900048, "alphas12": 30.9053752969362, "alphas13": 6.452367256798133, "alphas2": 14.80228063531355, "alphas3": 15.823497919872587, "alphas4": 24.295045910523857, "alphas5": 21.537477813139443, "alphas6": 24.125521531175863, "alphas7": 33.0017779615985, "alphas8": 1.0025057090836809, "alphas9": 38.84698555008595}, "datetime": {"datetime": "2018-12-21 00:49:29", "elapsed": 3094.572629, "delta": 37.129913}}
{"target": 0.08554761337698902, "params": {"alphas0": 0.3488572761937814, "alphas1": 38.69459710266253, "alphas10": 0.9032139913739368, "alphas11": 21.99209615161498, "alphas12": 8.01279174086118, "alphas13": 4.770618672838656, "alphas2": 9.860468587418506, "alphas3": 5.92208649139673, "alphas4": 2.2644722413222684, "alphas5": 2.562351543133281, "alphas6": 27.41297516938078, "alphas7": 22.26091383514519, "alphas8": 0.17597085318707073, "alphas9": 37.14692890433732}, "datetime": {"datetime": "2018-12-21 00:50:06", "elapsed": 3131.781341, "delta": 37.208712}}
{"target": 0.08695010842164391, "params": {"alphas0": 5.685484806283725, "alphas1": 39.46258333422531, "alphas10": 3.810854268851176, "alphas11": 10.329711698995517, "alphas12": 1.0788776268482536, "alphas13": 0.7023244514073035, "alphas2": 33.67562051323051, "alphas3": 33.9947126737192, "alphas4": 39.62232835369048, "alphas5": 37.12469036555556, "alphas6": 15.497284934802625, "alphas7": 25.116668541600458, "alphas8": 1.1285346826197307, "alphas9": 24.279401100945094}, "datetime": {"datetime": "2018-12-21 00:51:13", "elapsed": 3198.290627, "delta": 66.509286}}
{"target": 0.08630824129640616, "params": {"alphas0": 11.678869173860349, "alphas1": 32.54835852393241, "alphas10": 1.9982580039519693, "alphas11": 21.834351144193846, "alphas12": 1.5888004362451502, "alphas13": 3.0104963481943026, "alphas2": 0.2726187378030964, "alphas3": 35.60464723555609, "alphas4": 33.41798801281278, "alphas5": 37.57693108224392, "alphas6": 37.0834402095104, "alphas7": 7.153020384051674, "alphas8": 0.12818705400759356, "alphas9": 38.32068782115545}, "datetime": {"datetime": "2018-12-21 00:52:26", "elapsed": 3271.712448, "delta": 73.421821}}
{"target": 0.0847119815177834, "params": {"alphas0": 1.3695857493196728, "alphas1": 39.00526905082993, "alphas10": 32.67310683927997, "alphas11": 23.11471499604593, "alphas12": 21.95671948953397, "alphas13": 5.946719606206319, "alphas2": 19.413706188482948, "alphas3": 38.79312444061213, "alphas4": 34.33701102482952, "alphas5": 36.23294210380215, "alphas6": 15.28536577157185, "alphas7": 38.08909413509948, "alphas8": 0.5054871897964386, "alphas9": 38.6658510350462}, "datetime": {"datetime": "2018-12-21 00:53:42", "elapsed": 3347.192921, "delta": 75.480473}}
{"target": 0.0858077146018534, "params": {"alphas0": 4.050607672060367, "alphas1": 39.14330762585375, "alphas10": 13.49023578735141, "alphas11": 0.3349314632746925, "alphas12": 9.47260292007158, "alphas13": 15.15001905490232, "alphas2": 36.153690255080015, "alphas3": 13.559807418036227, "alphas4": 34.66851274482961, "alphas5": 17.61170393176256, "alphas6": 32.609239198134325, "alphas7": 28.68240445573694, "alphas8": 0.03693574876434624, "alphas9": 39.84086470067094}, "datetime": {"datetime": "2018-12-21 00:54:52", "elapsed": 3417.856011, "delta": 70.66309}}
{"target": 0.0865549959110282, "params": {"alphas0": 0.3386528539127731, "alphas1": 36.12227392755237, "alphas10": 5.545175997962675, "alphas11": 32.29239680309091, "alphas12": 8.261163485548174, "alphas13": 4.383830581993107, "alphas2": 21.615286635886932, "alphas3": 37.07390762572834, "alphas4": 36.11750344088825, "alphas5": 34.55776814988993, "alphas6": 38.99191258280942, "alphas7": 39.58858224652732, "alphas8": 0.28690124644641823, "alphas9": 29.147637785465843}, "datetime": {"datetime": "2018-12-21 00:56:01", "elapsed": 3486.964408, "delta": 69.108397}}
{"target": 0.08690114842336251, "params": {"alphas0": 0.0922560822067453, "alphas1": 35.4467743222335, "alphas10": 0.9601811415914518, "alphas11": 5.738320975325655, "alphas12": 2.455988001190428, "alphas13": 37.3465541039116, "alphas2": 39.535896115603514, "alphas3": 32.30635482964905, "alphas4": 38.6114784660992, "alphas5": 33.90718018155357, "alphas6": 32.372592215857594, "alphas7": 38.869612709326944, "alphas8": 0.26636375407854906, "alphas9": 29.70129179430284}, "datetime": {"datetime": "2018-12-21 00:57:14", "elapsed": 3559.54775, "delta": 72.583342}}
{"target": 0.0866827360295142, "params": {"alphas0": 1.3217377212304005, "alphas1": 36.4770615403065, "alphas10": 5.610516520003297, "alphas11": 25.003779222124088, "alphas12": 2.8124849697840126, "alphas13": 1.7847906161342575, "alphas2": 27.802055065333334, "alphas3": 39.61283065257744, "alphas4": 4.898261354294706, "alphas5": 19.131464114363123, "alphas6": 31.532659480983618, "alphas7": 3.565255987275018, "alphas8": 0.3753876164367531, "alphas9": 39.388876379868485}, "datetime": {"datetime": "2018-12-21 00:58:28", "elapsed": 3633.766252, "delta": 74.218502}}
{"target": 0.08696309158511882, "params": {"alphas0": 0.7949521522218017, "alphas1": 36.49624082530587, "alphas10": 1.9648483427129149, "alphas11": 33.3487122852005, "alphas12": 1.164399904403357, "alphas13": 28.847923844148724, "alphas2": 22.699527965613612, "alphas3": 1.8169134608778448, "alphas4": 38.09905177225229, "alphas5": 16.674116329616414, "alphas6": 36.87989990901374, "alphas7": 37.14279424483836, "alphas8": 0.5034975455952484, "alphas9": 29.450032543935357}, "datetime": {"datetime": "2018-12-21 00:59:45", "elapsed": 3710.279971, "delta": 76.513719}}
{"target": 0.0852774900039563, "params": {"alphas0": 0.07806649839971147, "alphas1": 36.88146048383414, "alphas10": 19.529249023990303, "alphas11": 0.14470207686768877, "alphas12": 2.6374317542263537, "alphas13": 2.088767025335043, "alphas2": 25.16491714472467, "alphas3": 21.93864809155187, "alphas4": 33.15246986997546, "alphas5": 10.016504365186583, "alphas6": 39.022429720808546, "alphas7": 28.51380947517416, "alphas8": 0.23547108270317807, "alphas9": 33.46686070890983}, "datetime": {"datetime": "2018-12-21 01:00:59", "elapsed": 3784.060901, "delta": 73.78093}}
{"target": 0.08692751633946427, "params": {"alphas0": 4.341163101434167, "alphas1": 30.49071089791598, "alphas10": 5.389545177330586, "alphas11": 37.310079123577836, "alphas12": 3.1133717165455765, "alphas13": 29.126377384785815, "alphas2": 34.12236975242503, "alphas3": 36.03094001444257, "alphas4": 37.625042250661586, "alphas5": 3.6371528743920045, "alphas6": 6.011876587912419, "alphas7": 39.21122920661966, "alphas8": 0.1258295656169306, "alphas9": 30.15844268326047}, "datetime": {"datetime": "2018-12-21 01:02:11", "elapsed": 3856.827447, "delta": 72.766546}}
{"target": 0.08650074397598134, "params": {"alphas0": 6.654726568392149, "alphas1": 37.810360455922044, "alphas10": 5.464557764273255, "alphas11": 38.51030982992108, "alphas12": 0.19963542860625516, "alphas13": 15.747889003616372, "alphas2": 14.699339438788353, "alphas3": 0.9753309116814846, "alphas4": 36.47444165755439, "alphas5": 39.44575093199833, "alphas6": 31.978697066613393, "alphas7": 26.909416498744754, "alphas8": 0.07627609371874122, "alphas9": 34.80396612150022}, "datetime": {"datetime": "2018-12-21 01:03:30", "elapsed": 3935.504442, "delta": 78.676995}}
{"target": 0.08659247343439767, "params": {"alphas0": 3.4098624998281712, "alphas1": 33.178642447927935, "alphas10": 10.332759443391835, "alphas11": 24.175818843361434, "alphas12": 3.010535145734994, "alphas13": 6.09529027946099, "alphas2": 38.994055548334934, "alphas3": 38.58060657665505, "alphas4": 39.7463464320102, "alphas5": 19.40752516954692, "alphas6": 35.98702822438345, "alphas7": 18.77073770390406, "alphas8": 0.3098979250823719, "alphas9": 36.25583825921438}, "datetime": {"datetime": "2018-12-21 01:04:51", "elapsed": 4016.71568, "delta": 81.211238}}
{"target": 0.0871518314289618, "params": {"alphas0": 0.31343578173138376, "alphas1": 36.91589374319647, "alphas10": 0.44786900653593253, "alphas11": 7.991599863935219, "alphas12": 15.480451901719348, "alphas13": 34.95646960516891, "alphas2": 35.78145722298137, "alphas3": 34.949495174093485, "alphas4": 38.61412376373263, "alphas5": 35.08970759267957, "alphas6": 21.66314614301693, "alphas7": 1.8235875621059394, "alphas8": 0.5279913107747181, "alphas9": 32.57944314325047}, "datetime": {"datetime": "2018-12-21 01:06:13", "elapsed": 4098.735213, "delta": 82.019533}}
{"target": 0.08647417844617546, "params": {"alphas0": 1.7952815722576032, "alphas1": 28.40873917271786, "alphas10": 0.09560775614859462, "alphas11": 37.54098478469716, "alphas12": 27.108297300878203, "alphas13": 38.14123927523985, "alphas2": 6.153078779753107, "alphas3": 31.323682020803606, "alphas4": 32.326672191327084, "alphas5": 26.235440429405323, "alphas6": 14.244005093123938, "alphas7": 38.734899843859274, "alphas8": 0.9151408082993351, "alphas9": 38.29902890605201}, "datetime": {"datetime": "2018-12-21 01:07:23", "elapsed": 4168.371856, "delta": 69.636643}}
{"target": 0.08694144651977175, "params": {"alphas0": 1.9608473126131098, "alphas1": 31.11820196270186, "alphas10": 2.5232473714515047, "alphas11": 3.5075601650292754, "alphas12": 3.89049904802357, "alphas13": 38.878184700027546, "alphas2": 2.998186661881461, "alphas3": 21.190370929484864, "alphas4": 38.98637310681876, "alphas5": 9.599751042921447, "alphas6": 30.477075410546007, "alphas7": 24.411562194137183, "alphas8": 0.6770758291066015, "alphas9": 39.11200787342986}, "datetime": {"datetime": "2018-12-21 01:08:40", "elapsed": 4245.543258, "delta": 77.171402}}
{"target": 0.0859951705840611, "params": {"alphas0": 8.343141972196687, "alphas1": 38.82044233391926, "alphas10": 1.0798697274721247, "alphas11": 0.6306905135028584, "alphas12": 14.432182594009614, "alphas13": 0.8063377258221571, "alphas2": 2.368777489956506, "alphas3": 22.981796813631505, "alphas4": 39.81650811893077, "alphas5": 25.480155224185985, "alphas6": 21.49041730899743, "alphas7": 35.05668621255749, "alphas8": 0.20344818326806013, "alphas9": 30.067263564534397}, "datetime": {"datetime": "2018-12-21 01:09:52", "elapsed": 4317.177844, "delta": 71.634586}}
{"target": 0.08609317139790537, "params": {"alphas0": 5.8794071037532, "alphas1": 39.635821595214296, "alphas10": 8.70428379311145, "alphas11": 29.089610385021388, "alphas12": 3.6183285766664897, "alphas13": 33.49654797399945, "alphas2": 23.52794387991565, "alphas3": 39.360812413510246, "alphas4": 34.201778755933354, "alphas5": 29.518591043970375, "alphas6": 0.4071830904700846, "alphas7": 38.28800900405086, "alphas8": 0.06381683670389382, "alphas9": 24.26638516774389}, "datetime": {"datetime": "2018-12-21 01:11:15", "elapsed": 4400.122777, "delta": 82.944933}}
{"target": 0.08689729508725946, "params": {"alphas0": 3.723916086386163, "alphas1": 39.130725307096256, "alphas10": 4.452410812910421, "alphas11": 1.9855185898002459, "alphas12": 1.5409327490266023, "alphas13": 30.77432525398999, "alphas2": 29.869678252560053, "alphas3": 36.04273565124673, "alphas4": 29.130036482531708, "alphas5": 39.474320546662646, "alphas6": 23.910074732491143, "alphas7": 37.074976244594346, "alphas8": 0.47065633632695114, "alphas9": 35.17048626725845}, "datetime": {"datetime": "2018-12-21 01:12:36", "elapsed": 4481.419004, "delta": 81.296227}}
