{"target": 0.087113510209393, "params": {"alphas0": 5.127120225610402, "alphas1": 39.303602528717256, "alphas10": 2.985248284439286, "alphas11": 6.320398619291261, "alphas12": 14.7722768645336, "alphas13": 33.78220842698815, "alphas2": 36.0605330996838, "alphas3": 35.3286774141598, "alphas4": 31.324610679330362, "alphas5": 33.919961775269805, "alphas6": 34.98972447669376, "alphas7": 29.05416983386274, "alphas8": 0.700455695842348, "alphas9": 38.077701836692654}, "datetime": {"datetime": "2018-12-21 01:13:48", "elapsed": 4553.951585, "delta": 72.532581}}
{"target": 0.08673058679579099, "params": {"alphas0": 1.2917778735359864, "alphas1": 26.562876496702458, "alphas10": 3.5466348105610512, "alphas11": 35.56930856340824, "alphas12": 5.0194591260928645, "alphas13": 0.65939676540963, "alphas2": 4.820638531228472, "alphas3": 39.419046607984, "alphas4": 31.125245630135204, "alphas5": 6.9055654038021475, "alphas6": 10.124045287294079, "alphas7": 27.566993295217767, "alphas8": 0.5012847628233441, "alphas9": 37.69258851620719}, "datetime": {"datetime": "2018-12-21 01:14:57", "elapsed": 4622.522631, "delta": 68.571046}}
{"target": 0.08716023232753983, "params": {"alphas0": 1.6142749331037454, "alphas1": 36.20976214384282, "alphas10": 1.4987771759465085, "alphas11": 37.881650875758325, "alphas12": 22.61379216294405, "alphas13": 29.914933573007975, "alphas2": 21.919922204810867, "alphas3": 26.920085215469832, "alphas4": 29.01894033068654, "alphas5": 5.189308316442145, "alphas6": 17.182507590110294, "alphas7": 11.183532477322519, "alphas8": 0.563676643979405, "alphas9": 38.11517713007026}, "datetime": {"datetime": "2018-12-21 01:15:59", "elapsed": 4685.033738, "delta": 62.511107}}
{"target": 0.08691977736219729, "params": {"alphas0": 1.2566506409234224, "alphas1": 38.398738262301954, "alphas10": 0.10917090247008154, "alphas11": 21.26745522218796, "alphas12": 26.290224613700936, "alphas13": 21.824787680567898, "alphas2": 23.42268018443376, "alphas3": 35.92480179886075, "alphas4": 33.139905266323986, "alphas5": 39.78996308407829, "alphas6": 22.21293332931149, "alphas7": 20.052586023689027, "alphas8": 0.5497595881573369, "alphas9": 32.52565633863866}, "datetime": {"datetime": "2018-12-21 01:17:04", "elapsed": 4750.00393, "delta": 64.970192}}
{"target": 0.08650030339537858, "params": {"alphas0": 6.255865473746356, "alphas1": 39.357949684635614, "alphas10": 0.6262021408076546, "alphas11": 11.61176864854287, "alphas12": 8.723933460198463, "alphas13": 37.56973101365671, "alphas2": 37.62710535158609, "alphas3": 8.929586556969134, "alphas4": 28.075785534725412, "alphas5": 14.410212356923866, "alphas6": 36.677183011702226, "alphas7": 10.24766316866529, "alphas8": 0.11198739003139391, "alphas9": 37.604168907902476}, "datetime": {"datetime": "2018-12-21 01:18:09", "elapsed": 4814.990525, "delta": 64.986595}}
{"target": 0.08683664697794355, "params": {"alphas0": 2.9970172801731376, "alphas1": 38.278419912073396, "alphas10": 2.668162623215613, "alphas11": 32.06433403231934, "alphas12": 33.7317779979638, "alphas13": 9.543264534937439, "alphas2": 30.08935487922511, "alphas3": 15.069477631007366, "alphas4": 37.86938739478697, "alphas5": 29.941780677522306, "alphas6": 26.924619996341477, "alphas7": 34.39712770639278, "alphas8": 0.1801166360792994, "alphas9": 39.73451464421977}, "datetime": {"datetime": "2018-12-21 01:19:28", "elapsed": 4893.764454, "delta": 78.773929}}
{"target": 0.08648710394188518, "params": {"alphas0": 1.1726706849086543, "alphas1": 36.736241062878136, "alphas10": 2.1833039211686778, "alphas11": 35.561036100523545, "alphas12": 0.7891745572734399, "alphas13": 13.951579553730774, "alphas2": 8.589277145802345, "alphas3": 29.045747685788562, "alphas4": 23.441888228961506, "alphas5": 36.296540494534554, "alphas6": 32.35516503511094, "alphas7": 23.96020672939454, "alphas8": 2.299213872852297, "alphas9": 39.309643636717745}, "datetime": {"datetime": "2018-12-21 01:20:49", "elapsed": 4974.294691, "delta": 80.530237}}
{"target": 0.08689172217855747, "params": {"alphas0": 0.7131777579268839, "alphas1": 33.26688072224228, "alphas10": 4.435272259505294, "alphas11": 39.52964060278403, "alphas12": 39.01494522251539, "alphas13": 34.69177769654333, "alphas2": 13.954441175839998, "alphas3": 23.335367212848514, "alphas4": 33.295023039693305, "alphas5": 10.672323043303166, "alphas6": 15.211539518177112, "alphas7": 33.44052781465477, "alphas8": 0.00039558963809138703, "alphas9": 38.65328584266814}, "datetime": {"datetime": "2018-12-21 01:22:04", "elapsed": 5049.436118, "delta": 75.141427}}
{"target": 0.0870516471532009, "params": {"alphas0": 1.6608902993070984, "alphas1": 38.255821512487096, "alphas10": 2.3273313318170707, "alphas11": 37.53807489228265, "alphas12": 1.4473896940175424, "alphas13": 20.62402769711744, "alphas2": 17.043491210688863, "alphas3": 31.44270463089315, "alphas4": 6.854016546414412, "alphas5": 15.266134014324045, "alphas6": 28.84611686008737, "alphas7": 13.056997396237616, "alphas8": 1.1176429067077098, "alphas9": 36.295152767073176}, "datetime": {"datetime": "2018-12-21 01:23:21", "elapsed": 5126.159698, "delta": 76.72358}}
{"target": 0.08538115745769184, "params": {"alphas0": 0.9309261899400401, "alphas1": 39.6770581507732, "alphas10": 0.7255010474034496, "alphas11": 22.085215732383084, "alphas12": 8.31258570382957, "alphas13": 35.2534974517176, "alphas2": 1.573932362180357, "alphas3": 5.4118502732423, "alphas4": 37.05804562638895, "alphas5": 39.286807511354795, "alphas6": 37.73756575416335, "alphas7": 39.63020114624173, "alphas8": 4.455287534535355, "alphas9": 38.08005490644126}, "datetime": {"datetime": "2018-12-21 01:24:38", "elapsed": 5203.232111, "delta": 77.072413}}
{"target": 0.08677956529870196, "params": {"alphas0": 4.9836278992843885, "alphas1": 38.095214808539176, "alphas10": 3.5793693683144, "alphas11": 1.3503742025681031, "alphas12": 5.895254505705503, "alphas13": 7.82371520643089, "alphas2": 22.13958897378603, "alphas3": 33.26705839689009, "alphas4": 37.186225346245024, "alphas5": 32.339510577461404, "alphas6": 37.61037691527693, "alphas7": 10.85454103933689, "alphas8": 0.6941355062839483, "alphas9": 39.550615834947344}, "datetime": {"datetime": "2018-12-21 01:25:46", "elapsed": 5271.42708, "delta": 68.194969}}
{"target": 0.08729125923394906, "params": {"alphas0": 1.469656521330056, "alphas1": 39.632836324927574, "alphas10": 6.177138447555328, "alphas11": 30.287009067343217, "alphas12": 21.75905906192229, "alphas13": 16.379310679205407, "alphas2": 37.67715199778562, "alphas3": 39.185735591591964, "alphas4": 23.187781110617173, "alphas5": 6.5574878917760415, "alphas6": 22.419993525750648, "alphas7": 19.46367259096015, "alphas8": 1.349869189174111, "alphas9": 39.99531910369939}, "datetime": {"datetime": "2018-12-21 01:27:05", "elapsed": 5350.468494, "delta": 79.041414}}
{"target": 0.08703856614119436, "params": {"alphas0": 0.9008266541816434, "alphas1": 35.03581370182073, "alphas10": 2.877296820410953, "alphas11": 31.372503988052895, "alphas12": 36.351408997582, "alphas13": 34.95584961480765, "alphas2": 21.588036591046716, "alphas3": 27.59691540590047, "alphas4": 36.651759129423795, "alphas5": 33.15714074167246, "alphas6": 32.376399604149064, "alphas7": 16.248833995204194, "alphas8": 0.19732128587626185, "alphas9": 38.085084321923894}, "datetime": {"datetime": "2018-12-21 01:28:24", "elapsed": 5429.351486, "delta": 78.882992}}
{"target": 0.08645707244016462, "params": {"alphas0": 0.5413578801817298, "alphas1": 36.21201213841309, "alphas10": 0.12360098142967235, "alphas11": 19.93502212838567, "alphas12": 5.24995529988745, "alphas13": 13.410138908686026, "alphas2": 1.6245039616181378, "alphas3": 36.90340414329119, "alphas4": 19.23832823705343, "alphas5": 32.44740814804656, "alphas6": 28.21269180082946, "alphas7": 3.769880471332203, "alphas8": 0.18650892232285, "alphas9": 36.55939324245701}, "datetime": {"datetime": "2018-12-21 01:29:45", "elapsed": 5510.153051, "delta": 80.801565}}
{"target": 0.08547324735368779, "params": {"alphas0": 0.810603330409938, "alphas1": 38.485824977148255, "alphas10": 22.071772419758005, "alphas11": 38.95906284218799, "alphas12": 4.025997833723158, "alphas13": 38.58977829588341, "alphas2": 17.935709814137724, "alphas3": 35.08337034750327, "alphas4": 39.91801169129313, "alphas5": 33.523335308143345, "alphas6": 18.005304990554663, "alphas7": 23.51710222209615, "alphas8": 0.15533568456334912, "alphas9": 37.55255393361003}, "datetime": {"datetime": "2018-12-21 01:31:08", "elapsed": 5593.877814, "delta": 83.724763}}
{"target": 0.0855847095451802, "params": {"alphas0": 0.5007378045166089, "alphas1": 37.04811070781987, "alphas10": 0.08862080028627872, "alphas11": 23.754299467623305, "alphas12": 2.352470584117925, "alphas13": 11.854815011622408, "alphas2": 15.190706673536475, "alphas3": 28.622001948827375, "alphas4": 36.06141939526327, "alphas5": 7.909190918930062, "alphas6": 36.44333320548727, "alphas7": 6.243519901711281, "alphas8": 0.022730044722849563, "alphas9": 14.362757070737388}, "datetime": {"datetime": "2018-12-21 01:32:40", "elapsed": 5685.546048, "delta": 91.668234}}
