{"target": 0.08616995324919356, "params": {"alphas0": 4.763504264826133, "alphas1": 38.831776023535774, "alphas10": 3.6330847916368425, "alphas11": 3.292571359041503, "alphas12": 1.0080316699175862, "alphas13": 25.769723491857278, "alphas2": 33.24798263419992, "alphas3": 10.012140624105687, "alphas4": 34.84554808802217, "alphas5": 33.96478192824864, "alphas6": 39.263972170330455, "alphas7": 37.36183979619295, "alphas8": 0.3913664215576107, "alphas9": 8.079080262298604}, "datetime": {"datetime": "2018-12-21 00:15:13", "elapsed": 1038.175379, "delta": 33.968652}}
{"target": 0.08593366902678093, "params": {"alphas0": 18.308634086128347, "alphas1": 38.185799505116755, "alphas10": 4.450868540900155, "alphas11": 14.468609512272383, "alphas12": 1.764806992212482, "alphas13": 2.04337890966646, "alphas2": 0.08288978334244579, "alphas3": 39.23373541847298, "alphas4": 39.45318650656676, "alphas5": 34.56069393071, "alphas6": 35.22463492474544, "alphas7": 21.710368109188547, "alphas8": 0.9100875831001032, "alphas9": 19.4621981289148}, "datetime": {"datetime": "2018-12-21 00:15:47", "elapsed": 1072.430259, "delta": 34.25488}}
{"target": 0.08657647493104478, "params": {"alphas0": 3.785103868417381, "alphas1": 32.44355556045327, "alphas10": 0.6465378312453041, "alphas11": 21.05878513350502, "alphas12": 4.231402054704128, "alphas13": 1.8285650710484358, "alphas2": 23.03445635329681, "alphas3": 34.24752987826647, "alphas4": 39.144096178339986, "alphas5": 39.54417300575719, "alphas6": 12.122930316418659, "alphas7": 37.73461602676194, "alphas8": 1.4679472325512721, "alphas9": 35.714513789126755}, "datetime": {"datetime": "2018-12-21 00:16:22", "elapsed": 1107.894622, "delta": 35.464363}}
{"target": 0.08647127649709471, "params": {"alphas0": 4.547185633834765, "alphas1": 39.0231398801755, "alphas10": 3.821923521207493, "alphas11": 33.86235570631598, "alphas12": 14.827828214371168, "alphas13": 5.605442893758554, "alphas2": 33.40139876078369, "alphas3": 1.4236344914731092, "alphas4": 33.5873987262812, "alphas5": 5.3072674332986125, "alphas6": 20.61868572431127, "alphas7": 30.364573587650796, "alphas8": 0.1567505649204337, "alphas9": 39.704463229253065}, "datetime": {"datetime": "2018-12-21 00:16:58", "elapsed": 1143.227892, "delta": 35.33327}}
{"target": 0.08734155827998827, "params": {"alphas0": 1.2922261406723923, "alphas1": 36.90221760764448, "alphas10": 5.0370724757480145, "alphas11": 29.165931920722716, "alphas12": 7.373538932423682, "alphas13": 36.89293217931461, "alphas2": 37.22897680444281, "alphas3": 1.9337793695887484, "alphas4": 39.00363209026549, "alphas5": 10.162645312916796, "alphas6": 32.229179240741374, "alphas7": 37.99086586811495, "alphas8": 1.5974747701973824, "alphas9": 37.47172592733706}, "datetime": {"datetime": "2018-12-21 00:17:47", "elapsed": 1192.916237, "delta": 49.688345}}
{"target": 0.08559384251284494, "params": {"alphas0": 0.9362967981765635, "alphas1": 20.657265362022624, "alphas10": 12.11432461401313, "alphas11": 39.264544071908155, "alphas12": 3.571766658752109, "alphas13": 13.395930794586848, "alphas2": 7.750314252103867, "alphas3": 2.872539415301487, "alphas4": 35.58167051930949, "alphas5": 13.112960723689051, "alphas6": 39.899784023671586, "alphas7": 39.16108771987848, "alphas8": 0.0334606222524414, "alphas9": 38.33791362237268}, "datetime": {"datetime": "2018-12-21 00:18:21", "elapsed": 1226.812904, "delta": 33.896667}}
{"target": 0.08374605808016873, "params": {"alphas0": 6.46425875408867, "alphas1": 36.937901688364235, "alphas10": 3.326690900207141, "alphas11": 20.088456934697625, "alphas12": 3.5248452164327126, "alphas13": 6.445182395027129, "alphas2": 23.871503927348133, "alphas3": 24.6439773708521, "alphas4": 36.84899352092018, "alphas5": 0.5677503270021678, "alphas6": 4.237553337848006, "alphas7": 33.16198978344814, "alphas8": 0.3852740031878632, "alphas9": 1.9566197801195306}, "datetime": {"datetime": "2018-12-21 00:18:56", "elapsed": 1261.555541, "delta": 34.742637}}
{"target": 0.08584430725247731, "params": {"alphas0": 0.666870236182957, "alphas1": 36.698772173776256, "alphas10": 20.121386882477278, "alphas11": 26.099726965195153, "alphas12": 8.94140890033106, "alphas13": 33.52825735158243, "alphas2": 0.1768444978140904, "alphas3": 33.27226726112994, "alphas4": 36.309048671620786, "alphas5": 6.140110389211388, "alphas6": 39.4805138219979, "alphas7": 31.43772388597818, "alphas8": 1.0460730431620169, "alphas9": 39.72723167818717}, "datetime": {"datetime": "2018-12-21 00:19:31", "elapsed": 1296.557521, "delta": 35.00198}}
{"target": 0.08609926723405707, "params": {"alphas0": 37.92463792466119, "alphas1": 38.933084644550334, "alphas10": 5.806383903200936, "alphas11": 3.149921011577348, "alphas12": 5.1630989884103595, "alphas13": 17.574441695329934, "alphas2": 31.345964396154443, "alphas3": 1.9113872494159256, "alphas4": 39.37880913322844, "alphas5": 20.08276759709197, "alphas6": 34.3843721387534, "alphas7": 39.80152603252194, "alphas8": 2.1583338307124222, "alphas9": 36.533416325741285}, "datetime": {"datetime": "2018-12-21 00:20:07", "elapsed": 1332.240426, "delta": 35.682905}}
{"target": 0.08603659352029301, "params": {"alphas0": 2.383935806123123, "alphas1": 34.432759242611326, "alphas10": 18.80481807423902, "alphas11": 11.537279355878027, "alphas12": 3.7194164822478415, "alphas13": 34.9033607867992, "alphas2": 31.150804696469674, "alphas3": 11.676518925590162, "alphas4": 35.50739405361299, "alphas5": 37.87046943471597, "alphas6": 39.82566082512165, "alphas7": 28.269194642211424, "alphas8": 0.63724753964709, "alphas9": 35.489656875015235}, "datetime": {"datetime": "2018-12-21 00:20:42", "elapsed": 1367.151506, "delta": 34.91108}}
{"target": 0.08364569296910848, "params": {"alphas0": 23.91168533085174, "alphas1": 38.792405370743, "alphas10": 3.2570708483364985, "alphas11": 22.7562782452953, "alphas12": 2.955041824073499, "alphas13": 38.13875204304631, "alphas2": 36.966561009313736, "alphas3": 37.79227653036817, "alphas4": 37.11787395017114, "alphas5": 18.23089084840479, "alphas6": 38.505784670224685, "alphas7": 30.507920758255203, "alphas8": 0.07988152682838479, "alphas9": 4.178030232407766}, "datetime": {"datetime": "2018-12-21 00:21:18", "elapsed": 1403.344668, "delta": 36.193162}}
{"target": 0.08581267478196478, "params": {"alphas0": 0.5326940522648327, "alphas1": 17.87617961577544, "alphas10": 1.9835549667801322, "alphas11": 7.217498594990155, "alphas12": 9.579472327760188, "alphas13": 1.105957168948959, "alphas2": 25.994177555760615, "alphas3": 6.589423079378571, "alphas4": 39.028957769819755, "alphas5": 7.162173268772123, "alphas6": 7.693452227033131, "alphas7": 25.5393031581615, "alphas8": 1.658266609404322, "alphas9": 39.888617932548215}, "datetime": {"datetime": "2018-12-21 00:21:52", "elapsed": 1437.810103, "delta": 34.465435}}
{"target": 0.08674358418423106, "params": {"alphas0": 12.164763819984664, "alphas1": 32.95990989132966, "alphas10": 5.76519524557086, "alphas11": 5.83892427868701, "alphas12": 0.6822603642925573, "alphas13": 29.474100262783427, "alphas2": 39.46623002230751, "alphas3": 37.08718671382552, "alphas4": 5.129726283692628, "alphas5": 0.4741706488880837, "alphas6": 36.172079027858004, "alphas7": 37.28233201079891, "alphas8": 0.21608855236941782, "alphas9": 39.72094867670281}, "datetime": {"datetime": "2018-12-21 00:22:28", "elapsed": 1473.601866, "delta": 35.791763}}
{"target": 0.08698335522748282, "params": {"alphas0": 4.164010526562434, "alphas1": 36.24771524471834, "alphas10": 2.926358675518239, "alphas11": 0.06898345805667283, "alphas12": 25.404363349019313, "alphas13": 3.681774610794717, "alphas2": 39.48785487800766, "alphas3": 36.15913382134006, "alphas4": 39.76283496098683, "alphas5": 9.850707466236269, "alphas6": 38.17685985153397, "alphas7": 21.060551164450345, "alphas8": 0.6478352357747497, "alphas9": 34.97441431040137}, "datetime": {"datetime": "2018-12-21 00:23:04", "elapsed": 1509.108354, "delta": 35.506488}}
{"target": 0.08637919496064585, "params": {"alphas0": 1.4202593682952713, "alphas1": 37.198798355489345, "alphas10": 13.398793922634212, "alphas11": 3.0432080447465326, "alphas12": 5.305109750927004, "alphas13": 0.7775093705346414, "alphas2": 33.23782084124377, "alphas3": 4.000666083454809, "alphas4": 31.602441203296184, "alphas5": 4.506712805752384, "alphas6": 20.0472831531469, "alphas7": 38.38700311553285, "alphas8": 1.591886438874961, "alphas9": 36.32062559534042}, "datetime": {"datetime": "2018-12-21 00:23:40", "elapsed": 1545.694499, "delta": 36.586145}}
{"target": 0.0859402112246712, "params": {"alphas0": 0.41566897209166065, "alphas1": 28.268785117355474, "alphas10": 0.8094016810561833, "alphas11": 5.00672191043074, "alphas12": 0.016266203561956516, "alphas13": 9.181869053742817, "alphas2": 5.129545319391333, "alphas3": 23.138035428740977, "alphas4": 27.75318589442383, "alphas5": 1.7056734082480762, "alphas6": 29.392061733873696, "alphas7": 35.96218134913733, "alphas8": 1.9780306053757446, "alphas9": 39.259254593821666}, "datetime": {"datetime": "2018-12-21 00:24:15", "elapsed": 1580.70551, "delta": 35.011011}}
{"target": 0.08634424138374017, "params": {"alphas0": 0.2805931834465136, "alphas1": 36.868059866906805, "alphas10": 0.8949078422732715, "alphas11": 1.8307732103834562, "alphas12": 30.949544260564835, "alphas13": 5.477550364851718, "alphas2": 21.003629095922733, "alphas3": 7.662154209257741, "alphas4": 26.98228153987042, "alphas5": 1.8450037429358712, "alphas6": 34.792850940383396, "alphas7": 25.046032932968988, "alphas8": 0.0003220816085924838, "alphas9": 37.81654614895772}, "datetime": {"datetime": "2018-12-21 00:24:52", "elapsed": 1617.45956, "delta": 36.75405}}
{"target": 0.08690089768064735, "params": {"alphas0": 6.570039988198251, "alphas1": 37.356026741529945, "alphas10": 0.11337660444212805, "alphas11": 11.103315248937617, "alphas12": 10.977675557779847, "alphas13": 23.24220529022112, "alphas2": 39.08304087298151, "alphas3": 39.67042684880742, "alphas4": 30.28959899614129, "alphas5": 17.204652318030462, "alphas6": 29.047501690842168, "alphas7": 29.57623688900742, "alphas8": 0.677608825052527, "alphas9": 35.92976056403809}, "datetime": {"datetime": "2018-12-21 00:25:27", "elapsed": 1652.826234, "delta": 35.366674}}
{"target": 0.08365448482791513, "params": {"alphas0": 10.522840036308697, "alphas1": 29.866894170937975, "alphas10": 37.22624801349427, "alphas11": 4.983150931527902, "alphas12": 5.2623955983902615, "alphas13": 24.51159352366463, "alphas2": 39.52026429761946, "alphas3": 6.406467338459518, "alphas4": 33.79692600805829, "alphas5": 7.896866774438842, "alphas6": 39.97609499207393, "alphas7": 2.632541731486202, "alphas8": 0.35810099409733454, "alphas9": 39.25094368910951}, "datetime": {"datetime": "2018-12-21 00:26:02", "elapsed": 1687.660923, "delta": 34.834689}}
{"target": 0.08623641185253587, "params": {"alphas0": 1.096414342122154, "alphas1": 32.42157168747559, "alphas10": 14.277193746027322, "alphas11": 21.596037758278662, "alphas12": 32.519375770858026, "alphas13": 25.56597164434088, "alphas2": 39.9553374274008, "alphas3": 36.90145740976433, "alphas4": 27.615964912951966, "alphas5": 31.75461147625025, "alphas6": 39.1295888644229, "alphas7": 2.7822541447679017, "alphas8": 0.167261562846992, "alphas9": 39.348298704727846}, "datetime": {"datetime": "2018-12-21 00:26:38", "elapsed": 1723.886884, "delta": 36.225961}}
{"target": 0.0868053422684841, "params": {"alphas0": 1.4530715861834187, "alphas1": 31.835209650710368, "alphas10": 2.1621727566606896, "alphas11": 21.76494536673804, "alphas12": 34.21000077636419, "alphas13": 17.05604472166567, "alphas2": 12.983171738704717, "alphas3": 37.85722547143786, "alphas4": 39.69224483634346, "alphas5": 28.462428536578468, "alphas6": 37.13152028712048, "alphas7": 8.74607441108791, "alphas8": 0.3138551723559102, "alphas9": 38.30945383929355}, "datetime": {"datetime": "2018-12-21 00:27:14", "elapsed": 1759.164344, "delta": 35.27746}}
{"target": 0.08653158842025774, "params": {"alphas0": 14.454525690511733, "alphas1": 36.59908846880762, "alphas10": 7.078296342680224, "alphas11": 36.62200335280679, "alphas12": 0.9163590977376668, "alphas13": 13.379275112065073, "alphas2": 31.350443623943974, "alphas3": 39.95838541742267, "alphas4": 33.21659095439979, "alphas5": 27.467611866717327, "alphas6": 19.01021025899636, "alphas7": 39.981198564580296, "alphas8": 0.1870274907799674, "alphas9": 36.73819590055574}, "datetime": {"datetime": "2018-12-21 00:27:50", "elapsed": 1795.375189, "delta": 36.210845}}
{"target": 0.08605131918425205, "params": {"alphas0": 2.800759049650119, "alphas1": 38.160423877402394, "alphas10": 14.176503058316197, "alphas11": 5.506073512449587, "alphas12": 6.621587905818096, "alphas13": 12.613780568291602, "alphas2": 39.181198898196364, "alphas3": 39.425994398167305, "alphas4": 30.87723907779288, "alphas5": 37.782383536849025, "alphas6": 32.68052639236626, "alphas7": 35.202834934444155, "alphas8": 0.20886877507267254, "alphas9": 28.179555920114424}, "datetime": {"datetime": "2018-12-21 00:28:26", "elapsed": 1831.745899, "delta": 36.37071}}
{"target": 0.08641222507378502, "params": {"alphas0": 3.6950858449906487, "alphas1": 33.288834330589594, "alphas10": 1.3886780016167544, "alphas11": 3.3745710678359764, "alphas12": 8.885304552206094, "alphas13": 4.545646899969151, "alphas2": 5.5475766140740435, "alphas3": 39.97868692455309, "alphas4": 24.765442655348508, "alphas5": 25.85109317723043, "alphas6": 35.35204368564565, "alphas7": 15.011754357951869, "alphas8": 1.801690091653949, "alphas9": 39.12366951350921}, "datetime": {"datetime": "2018-12-21 00:29:02", "elapsed": 1867.204391, "delta": 35.458492}}
{"target": 0.0867313389989634, "params": {"alphas0": 1.3772597882098614, "alphas1": 31.584420128451335, "alphas10": 3.280083879156175, "alphas11": 38.38774136926991, "alphas12": 1.3092615126320606, "alphas13": 8.185313570614262, "alphas2": 8.575661131242768, "alphas3": 35.25481720285693, "alphas4": 34.759422291454214, "alphas5": 8.819241152913255, "alphas6": 18.29540000910245, "alphas7": 25.20212715945938, "alphas8": 0.3479905444144471, "alphas9": 39.75471110342393}, "datetime": {"datetime": "2018-12-21 00:29:37", "elapsed": 1903.039759, "delta": 35.835368}}
{"target": 0.0871324802165063, "params": {"alphas0": 0.08396457047446848, "alphas1": 33.45949769450237, "alphas10": 2.873725811589418, "alphas11": 4.553175558612397, "alphas12": 24.574608833440546, "alphas13": 19.705581107167397, "alphas2": 34.6157937040075, "alphas3": 38.05004244882903, "alphas4": 22.812551110730443, "alphas5": 18.413834901024202, "alphas6": 7.316617211215339, "alphas7": 35.39015768494895, "alphas8": 0.3512166451475096, "alphas9": 39.81997717530397}, "datetime": {"datetime": "2018-12-21 00:30:14", "elapsed": 1939.095029, "delta": 36.05527}}
{"target": 0.08675470602178406, "params": {"alphas0": 1.7081712236885416, "alphas1": 36.14211298596845, "alphas10": 9.722442372530281, "alphas11": 35.48653789896326, "alphas12": 1.7609845451778128, "alphas13": 37.62321448822151, "alphas2": 7.127318495238946, "alphas3": 33.91140910624681, "alphas4": 24.027990308444046, "alphas5": 34.83251268280484, "alphas6": 39.37164972850917, "alphas7": 13.479604764697374, "alphas8": 0.5376416509107829, "alphas9": 36.75002513952562}, "datetime": {"datetime": "2018-12-21 00:30:50", "elapsed": 1976.009361, "delta": 36.914332}}
{"target": 0.08512627453815141, "params": {"alphas0": 28.074113395696546, "alphas1": 36.85826675316346, "alphas10": 3.3061267841181285, "alphas11": 1.5096767191554816, "alphas12": 0.8654633187323979, "alphas13": 10.368462890378813, "alphas2": 31.725080751439585, "alphas3": 35.51214394021332, "alphas4": 37.7592993043528, "alphas5": 23.230298597369906, "alphas6": 6.908915018511874, "alphas7": 29.503945545138002, "alphas8": 0.2797568541567985, "alphas9": 38.4217507387877}, "datetime": {"datetime": "2018-12-21 00:31:27", "elapsed": 2012.108848, "delta": 36.099487}}
{"target": 0.0868891756912837, "params": {"alphas0": 1.8148166308153169, "alphas1": 34.42750223485732, "alphas10": 5.171787172704172, "alphas11": 1.9188570355442192, "alphas12": 37.42641983466164, "alphas13": 33.26705158963883, "alphas2": 29.01448899314541, "alphas3": 38.82273161847346, "alphas4": 34.689818854367736, "alphas5": 30.391760009533733, "alphas6": 32.87737731434396, "alphas7": 36.17984213570678, "alphas8": 0.3489001401111169, "alphas9": 39.97348611082867}, "datetime": {"datetime": "2018-12-21 00:32:03", "elapsed": 2049.041767, "delta": 36.932919}}
{"target": 0.08676541590034965, "params": {"alphas0": 4.924517666851234, "alphas1": 25.723863766256336, "alphas10": 7.118214852173397, "alphas11": 1.4589391791374506, "alphas12": 0.2600362645998766, "alphas13": 37.94586284905563, "alphas2": 19.233906200452285, "alphas3": 39.12750449484467, "alphas4": 14.284149518009635, "alphas5": 38.423820972068526, "alphas6": 2.777745834466927, "alphas7": 39.32322711389696, "alphas8": 0.11768663754590403, "alphas9": 39.28668071479841}, "datetime": {"datetime": "2018-12-21 00:32:40", "elapsed": 2085.623884, "delta": 36.582117}}
{"target": 0.08682302070057878, "params": {"alphas0": 1.4685827329003232, "alphas1": 39.252340416059376, "alphas10": 2.6588893952881554, "alphas11": 1.6902044622454593, "alphas12": 3.5292964198272214, "alphas13": 17.565710375114275, "alphas2": 33.83973163888504, "alphas3": 23.23442813791472, "alphas4": 18.458213352053363, "alphas5": 28.200587202112686, "alphas6": 12.330572790770574, "alphas7": 38.354389680017114, "alphas8": 0.4190469269122232, "alphas9": 32.266638259880075}, "datetime": {"datetime": "2018-12-21 00:33:17", "elapsed": 2122.588533, "delta": 36.964649}}
{"target": 0.0868095670987449, "params": {"alphas0": 4.598398543380413, "alphas1": 37.23011308584365, "alphas10": 3.904434002316526, "alphas11": 33.83428898170608, "alphas12": 12.884911917528981, "alphas13": 32.94837070688787, "alphas2": 15.566380633531258, "alphas3": 30.35291153047943, "alphas4": 38.78299414734403, "alphas5": 22.369531689148335, "alphas6": 37.9437748966855, "alphas7": 32.65635450037975, "alphas8": 0.3868232409940253, "alphas9": 34.60980525515097}, "datetime": {"datetime": "2018-12-21 00:33:54", "elapsed": 2159.084469, "delta": 36.495936}}
{"target": 0.08668817048438576, "params": {"alphas0": 0.19305964178801815, "alphas1": 34.39717460554447, "alphas10": 8.633736864962298, "alphas11": 1.41705623351565, "alphas12": 13.664999627398329, "alphas13": 34.98323366314713, "alphas2": 2.6187324599161688, "alphas3": 35.99332175562887, "alphas4": 24.18632056785729, "alphas5": 35.979032772516526, "alphas6": 31.771374078282104, "alphas7": 4.758118526967352, "alphas8": 0.5131714779228336, "alphas9": 37.716253210144004}, "datetime": {"datetime": "2018-12-21 00:34:31", "elapsed": 2196.13292, "delta": 37.048451}}
{"target": 0.08652115956669497, "params": {"alphas0": 3.8526204246651297, "alphas1": 39.2275480860127, "alphas10": 5.568355878685285, "alphas11": 2.9925026298625257, "alphas12": 28.98580064214797, "alphas13": 5.869374700400503, "alphas2": 1.6468838419373943, "alphas3": 5.893187475807831, "alphas4": 34.25423989585481, "alphas5": 39.00444657566163, "alphas6": 23.736124114846323, "alphas7": 39.88976403046318, "alphas8": 0.6261506277903228, "alphas9": 23.443540351182808}, "datetime": {"datetime": "2018-12-21 00:35:09", "elapsed": 2234.059586, "delta": 37.926666}}
{"target": 0.08557528583508456, "params": {"alphas0": 2.8370227978292206, "alphas1": 39.8370400186039, "alphas10": 9.975347915413417, "alphas11": 0.07947899945285997, "alphas12": 4.709092576877842, "alphas13": 8.207354185315513, "alphas2": 3.390233473106954, "alphas3": 23.293320609905066, "alphas4": 27.124481889719064, "alphas5": 39.4858536112504, "alphas6": 8.209545233929493, "alphas7": 8.722739345695775, "alphas8": 0.28219084390061155, "alphas9": 37.55297792149821}, "datetime": {"datetime": "2018-12-21 00:35:46", "elapsed": 2271.306468, "delta": 37.246882}}
{"target": 0.08707449663951178, "params": {"alphas0": 0.5038434762550548, "alphas1": 33.798836460352234, "alphas10": 1.6692160821764723, "alphas11": 39.248946182303285, "alphas12": 8.01600908260108, "alphas13": 21.004857466471307, "alphas2": 27.388852727548233, "alphas3": 26.788695514314238, "alphas4": 9.603157209919914, "alphas5": 28.93543400542171, "alphas6": 35.34327851066023, "alphas7": 33.99219747437304, "alphas8": 0.3126090813779747, "alphas9": 36.61497113089138}, "datetime": {"datetime": "2018-12-21 00:36:22", "elapsed": 2307.812863, "delta": 36.506395}}
{"target": 0.08348148454748318, "params": {"alphas0": 1.7316612618162752, "alphas1": 8.129132082708441, "alphas10": 0.06106177757388753, "alphas11": 27.375884199303204, "alphas12": 38.757042059605276, "alphas13": 16.278645318223667, "alphas2": 37.62531241952834, "alphas3": 33.081256005043656, "alphas4": 36.76582273368033, "alphas5": 28.630002526860046, "alphas6": 38.81813107023748, "alphas7": 38.34451043831049, "alphas8": 1.3597523621548202, "alphas9": 38.08082355362033}, "datetime": {"datetime": "2018-12-21 00:36:59", "elapsed": 2344.887561, "delta": 37.074698}}
{"target": 0.08673534123364834, "params": {"alphas0": 3.808028788262927, "alphas1": 39.10500819163651, "alphas10": 3.1726150901837435, "alphas11": 10.224364091931673, "alphas12": 26.04795985379841, "alphas13": 0.4472694289900492, "alphas2": 15.942495780219783, "alphas3": 33.710258273297185, "alphas4": 21.91416504784526, "alphas5": 5.113278011249038, "alphas6": 24.745696048283868, "alphas7": 17.2469615772195, "alphas8": 0.7821314537061053, "alphas9": 39.48477807993902}, "datetime": {"datetime": "2018-12-21 00:37:38", "elapsed": 2383.127519, "delta": 38.239958}}
